@@@ A - classifier: SVC(class_weight='balanced', kernel='linear', probability=True)
@@@ B - threshold stop at: 1
@@@ C - Repeat number: 1
@@@ D - common_header:  {'F126', 'F3-Class', 'category', 'F22', 'F3-value', 'F3-NA', 'F3-String', 'F72', 'F115', 'F101', 'F3-int', 'F116', 'F117', 'F65', 'F3-operator.val()', 'F120', 'F15-private', 'F105', 'F15-public', 'F77', 'F25', 'F110', 'F123', 'F3-Object', 'F41', 'F3-MappedClass', 'F68', 'F104', 'F71-us@thomas-daily.de', 'F15-NA', 'F3-List'}
    F72  F25  F65  F68  ...  F77 F41 F126 F71-us@thomas-daily.de
1  2252  918  120  166  ...  470   9    1                      1
2  2252  918  120  166  ...  277   9    1                      1
3  2252  918  120  166  ...  417   9    1                      1

[3 rows x 30 columns]
;.;
        F72       F25  F65  ...       F41      F126  F71-us@thomas-daily.de
0  0.979123  0.926856  1.0  ...  0.026393  0.005076                     1.0
1  0.979123  0.926856  1.0  ...  0.026393  0.005076                     1.0
2  0.979123  0.926856  1.0  ...  0.026393  0.005076                     1.0

[3 rows x 30 columns]
training_x: (212, 30)
training_y: 212
testset_x: (35, 30)
testset_y: 35
              precision    recall  f1-score   support

           0       0.00      0.00      0.00         0
           1       1.00      0.80      0.89        35

    accuracy                           0.80        35
   macro avg       0.50      0.40      0.44        35
weighted avg       1.00      0.80      0.89        35

accuracy: 0.8
0.8888888888888888
@@@ tn: 0, fp: 0, fn: 7, tp: 28
@@@ LIME - Creating explainer
@@@ LIME - Random Sampling of Instances
iter: 0, sample_no: 0, actual label: 1, predicted: 1
iter: 1, sample_no: 1, actual label: 1, predicted: 1
iter: 2, sample_no: 32, actual label: 1, predicted: 1
iter: 3, sample_no: 22, actual label: 1, predicted: 0
iter: 4, sample_no: 14, actual label: 1, predicted: 1
iter: 5, sample_no: 33, actual label: 1, predicted: 1
iter: 6, sample_no: 17, actual label: 1, predicted: 1
iter: 7, sample_no: 26, actual label: 1, predicted: 1
iter: 8, sample_no: 25, actual label: 1, predicted: 1
iter: 9, sample_no: 34, actual label: 1, predicted: 1
iter: 10, sample_no: 20, actual label: 1, predicted: 1
iter: 11, sample_no: 4, actual label: 1, predicted: 1
iter: 12, sample_no: 13, actual label: 1, predicted: 0
iter: 13, sample_no: 13, actual label: 1, predicted: 0
iter: 14, sample_no: 34, actual label: 1, predicted: 1
iter: 15, sample_no: 7, actual label: 1, predicted: 1
iter: 16, sample_no: 22, actual label: 1, predicted: 0
iter: 17, sample_no: 12, actual label: 1, predicted: 1
iter: 18, sample_no: 23, actual label: 1, predicted: 0
iter: 19, sample_no: 29, actual label: 1, predicted: 1
iter: 20, sample_no: 29, actual label: 1, predicted: 1
iter: 21, sample_no: 15, actual label: 1, predicted: 1
iter: 22, sample_no: 22, actual label: 1, predicted: 0
iter: 23, sample_no: 14, actual label: 1, predicted: 1
iter: 24, sample_no: 16, actual label: 1, predicted: 1
number of samples: 35
AUC nan
pos_get 35
total recall stop_at 1
@@@ C - Repeat number: 2
@@@ D - common_header:  {'F126', 'F3-Class', 'category', 'F22', 'F3-value', 'F3-NA', 'F3-String', 'F72', 'F115', 'F101', 'F3-int', 'F116', 'F117', 'F65', 'F3-operator.val()', 'F120', 'F15-private', 'F105', 'F15-public', 'F77', 'F25', 'F110', 'F123', 'F3-Object', 'F41', 'F3-MappedClass', 'F68', 'F104', 'F71-us@thomas-daily.de', 'F15-NA', 'F3-List'}
    F72  F25  F65  F68  ...  F77 F41 F126 F71-us@thomas-daily.de
1  2252  918  120  166  ...  470   9    1                      1
2  2252  918  120  166  ...  277   9    1                      1
3  2252  918  120  166  ...  417   9    1                      1

[3 rows x 30 columns]
;.;
        F72       F25  F65  ...       F41      F126  F71-us@thomas-daily.de
0  0.979123  0.926856  1.0  ...  0.026393  0.005076                     1.0
1  0.979123  0.926856  1.0  ...  0.026393  0.005076                     1.0
2  0.979123  0.926856  1.0  ...  0.026393  0.005076                     1.0

[3 rows x 30 columns]
training_x: (212, 30)
training_y: 212
testset_x: (35, 30)
testset_y: 35
              precision    recall  f1-score   support

           0       0.00      0.00      0.00         0
           1       1.00      0.80      0.89        35

    accuracy                           0.80        35
   macro avg       0.50      0.40      0.44        35
weighted avg       1.00      0.80      0.89        35

accuracy: 0.8
0.8888888888888888
@@@ tn: 0, fp: 0, fn: 7, tp: 28
@@@ LIME - Creating explainer
@@@ LIME - Random Sampling of Instances
iter: 0, sample_no: 3, actual label: 1, predicted: 0
iter: 1, sample_no: 3, actual label: 1, predicted: 0
iter: 2, sample_no: 20, actual label: 1, predicted: 1
iter: 3, sample_no: 8, actual label: 1, predicted: 1
iter: 4, sample_no: 13, actual label: 1, predicted: 0
iter: 5, sample_no: 12, actual label: 1, predicted: 1
iter: 6, sample_no: 32, actual label: 1, predicted: 1
iter: 7, sample_no: 10, actual label: 1, predicted: 1
iter: 8, sample_no: 12, actual label: 1, predicted: 1
iter: 9, sample_no: 3, actual label: 1, predicted: 0
iter: 10, sample_no: 4, actual label: 1, predicted: 1
iter: 11, sample_no: 33, actual label: 1, predicted: 1
iter: 12, sample_no: 33, actual label: 1, predicted: 1
iter: 13, sample_no: 7, actual label: 1, predicted: 1
iter: 14, sample_no: 22, actual label: 1, predicted: 0
iter: 15, sample_no: 34, actual label: 1, predicted: 1
iter: 16, sample_no: 21, actual label: 1, predicted: 1
iter: 17, sample_no: 24, actual label: 1, predicted: 0
iter: 18, sample_no: 22, actual label: 1, predicted: 0
iter: 19, sample_no: 16, actual label: 1, predicted: 1
iter: 20, sample_no: 17, actual label: 1, predicted: 1
iter: 21, sample_no: 7, actual label: 1, predicted: 1
iter: 22, sample_no: 12, actual label: 1, predicted: 1
iter: 23, sample_no: 2, actual label: 1, predicted: 0
iter: 24, sample_no: 6, actual label: 1, predicted: 1
number of samples: 35
AUC nan
pos_get 35
total recall stop_at 1
@@@ C - Repeat number: 3
@@@ D - common_header:  {'F126', 'F3-Class', 'category', 'F22', 'F3-value', 'F3-NA', 'F3-String', 'F72', 'F115', 'F101', 'F3-int', 'F116', 'F117', 'F65', 'F3-operator.val()', 'F120', 'F15-private', 'F105', 'F15-public', 'F77', 'F25', 'F110', 'F123', 'F3-Object', 'F41', 'F3-MappedClass', 'F68', 'F104', 'F71-us@thomas-daily.de', 'F15-NA', 'F3-List'}
    F72  F25  F65  F68  ...  F77 F41 F126 F71-us@thomas-daily.de
1  2252  918  120  166  ...  470   9    1                      1
2  2252  918  120  166  ...  277   9    1                      1
3  2252  918  120  166  ...  417   9    1                      1

[3 rows x 30 columns]
;.;
        F72       F25  F65  ...       F41      F126  F71-us@thomas-daily.de
0  0.979123  0.926856  1.0  ...  0.026393  0.005076                     1.0
1  0.979123  0.926856  1.0  ...  0.026393  0.005076                     1.0
2  0.979123  0.926856  1.0  ...  0.026393  0.005076                     1.0

[3 rows x 30 columns]
training_x: (212, 30)
training_y: 212
testset_x: (35, 30)
testset_y: 35
              precision    recall  f1-score   support

           0       0.00      0.00      0.00         0
           1       1.00      0.80      0.89        35

    accuracy                           0.80        35
   macro avg       0.50      0.40      0.44        35
weighted avg       1.00      0.80      0.89        35

accuracy: 0.8
0.8888888888888888
@@@ tn: 0, fp: 0, fn: 7, tp: 28
@@@ LIME - Creating explainer
@@@ LIME - Random Sampling of Instances
iter: 0, sample_no: 30, actual label: 1, predicted: 1
iter: 1, sample_no: 24, actual label: 1, predicted: 0
iter: 2, sample_no: 20, actual label: 1, predicted: 1
iter: 3, sample_no: 10, actual label: 1, predicted: 1
iter: 4, sample_no: 3, actual label: 1, predicted: 0
iter: 5, sample_no: 25, actual label: 1, predicted: 1
iter: 6, sample_no: 14, actual label: 1, predicted: 1
iter: 7, sample_no: 34, actual label: 1, predicted: 1
iter: 8, sample_no: 23, actual label: 1, predicted: 0
iter: 9, sample_no: 22, actual label: 1, predicted: 0
iter: 10, sample_no: 10, actual label: 1, predicted: 1
iter: 11, sample_no: 18, actual label: 1, predicted: 1
iter: 12, sample_no: 34, actual label: 1, predicted: 1
iter: 13, sample_no: 12, actual label: 1, predicted: 1
iter: 14, sample_no: 11, actual label: 1, predicted: 1
iter: 15, sample_no: 4, actual label: 1, predicted: 1
iter: 16, sample_no: 32, actual label: 1, predicted: 1
iter: 17, sample_no: 4, actual label: 1, predicted: 1
iter: 18, sample_no: 27, actual label: 1, predicted: 1
iter: 19, sample_no: 27, actual label: 1, predicted: 1
iter: 20, sample_no: 19, actual label: 1, predicted: 1
iter: 21, sample_no: 22, actual label: 1, predicted: 0
iter: 22, sample_no: 31, actual label: 1, predicted: 1
iter: 23, sample_no: 30, actual label: 1, predicted: 1
iter: 24, sample_no: 16, actual label: 1, predicted: 1
number of samples: 35
AUC nan
pos_get 35
total recall stop_at 1
@@@ C - Repeat number: 4
@@@ D - common_header:  {'F126', 'F3-Class', 'category', 'F22', 'F3-value', 'F3-NA', 'F3-String', 'F72', 'F115', 'F101', 'F3-int', 'F116', 'F117', 'F65', 'F3-operator.val()', 'F120', 'F15-private', 'F105', 'F15-public', 'F77', 'F25', 'F110', 'F123', 'F3-Object', 'F41', 'F3-MappedClass', 'F68', 'F104', 'F71-us@thomas-daily.de', 'F15-NA', 'F3-List'}
    F72  F25  F65  F68  ...  F77 F41 F126 F71-us@thomas-daily.de
1  2252  918  120  166  ...  470   9    1                      1
2  2252  918  120  166  ...  277   9    1                      1
3  2252  918  120  166  ...  417   9    1                      1

[3 rows x 30 columns]
;.;
        F72       F25  F65  ...       F41      F126  F71-us@thomas-daily.de
0  0.979123  0.926856  1.0  ...  0.026393  0.005076                     1.0
1  0.979123  0.926856  1.0  ...  0.026393  0.005076                     1.0
2  0.979123  0.926856  1.0  ...  0.026393  0.005076                     1.0

[3 rows x 30 columns]
training_x: (212, 30)
training_y: 212
testset_x: (35, 30)
testset_y: 35
              precision    recall  f1-score   support

           0       0.00      0.00      0.00         0
           1       1.00      0.80      0.89        35

    accuracy                           0.80        35
   macro avg       0.50      0.40      0.44        35
weighted avg       1.00      0.80      0.89        35

accuracy: 0.8
0.8888888888888888
@@@ tn: 0, fp: 0, fn: 7, tp: 28
@@@ LIME - Creating explainer
@@@ LIME - Random Sampling of Instances
iter: 0, sample_no: 5, actual label: 1, predicted: 1
iter: 1, sample_no: 2, actual label: 1, predicted: 0
iter: 2, sample_no: 30, actual label: 1, predicted: 1
iter: 3, sample_no: 4, actual label: 1, predicted: 1
iter: 4, sample_no: 2, actual label: 1, predicted: 0
iter: 5, sample_no: 20, actual label: 1, predicted: 1
iter: 6, sample_no: 23, actual label: 1, predicted: 0
iter: 7, sample_no: 3, actual label: 1, predicted: 0
iter: 8, sample_no: 18, actual label: 1, predicted: 1
iter: 9, sample_no: 9, actual label: 1, predicted: 0
iter: 10, sample_no: 32, actual label: 1, predicted: 1
iter: 11, sample_no: 17, actual label: 1, predicted: 1
iter: 12, sample_no: 0, actual label: 1, predicted: 1
iter: 13, sample_no: 32, actual label: 1, predicted: 1
iter: 14, sample_no: 19, actual label: 1, predicted: 1
iter: 15, sample_no: 5, actual label: 1, predicted: 1
iter: 16, sample_no: 16, actual label: 1, predicted: 1
iter: 17, sample_no: 5, actual label: 1, predicted: 1
iter: 18, sample_no: 28, actual label: 1, predicted: 1
iter: 19, sample_no: 25, actual label: 1, predicted: 1
iter: 20, sample_no: 32, actual label: 1, predicted: 1
iter: 21, sample_no: 30, actual label: 1, predicted: 1
iter: 22, sample_no: 8, actual label: 1, predicted: 1
iter: 23, sample_no: 23, actual label: 1, predicted: 0
iter: 24, sample_no: 18, actual label: 1, predicted: 1
number of samples: 35
AUC nan
pos_get 35
total recall stop_at 1
@@@ C - Repeat number: 5
@@@ D - common_header:  {'F126', 'F3-Class', 'category', 'F22', 'F3-value', 'F3-NA', 'F3-String', 'F72', 'F115', 'F101', 'F3-int', 'F116', 'F117', 'F65', 'F3-operator.val()', 'F120', 'F15-private', 'F105', 'F15-public', 'F77', 'F25', 'F110', 'F123', 'F3-Object', 'F41', 'F3-MappedClass', 'F68', 'F104', 'F71-us@thomas-daily.de', 'F15-NA', 'F3-List'}
    F72  F25  F65  F68  ...  F77 F41 F126 F71-us@thomas-daily.de
1  2252  918  120  166  ...  470   9    1                      1
2  2252  918  120  166  ...  277   9    1                      1
3  2252  918  120  166  ...  417   9    1                      1

[3 rows x 30 columns]
;.;
        F72       F25  F65  ...       F41      F126  F71-us@thomas-daily.de
0  0.979123  0.926856  1.0  ...  0.026393  0.005076                     1.0
1  0.979123  0.926856  1.0  ...  0.026393  0.005076                     1.0
2  0.979123  0.926856  1.0  ...  0.026393  0.005076                     1.0

[3 rows x 30 columns]
training_x: (212, 30)
training_y: 212
testset_x: (35, 30)
testset_y: 35
              precision    recall  f1-score   support

           0       0.00      0.00      0.00         0
           1       1.00      0.80      0.89        35

    accuracy                           0.80        35
   macro avg       0.50      0.40      0.44        35
weighted avg       1.00      0.80      0.89        35

accuracy: 0.8
0.8888888888888888
@@@ tn: 0, fp: 0, fn: 7, tp: 28
@@@ LIME - Creating explainer
@@@ LIME - Random Sampling of Instances
iter: 0, sample_no: 6, actual label: 1, predicted: 1
iter: 1, sample_no: 14, actual label: 1, predicted: 1
iter: 2, sample_no: 21, actual label: 1, predicted: 1
iter: 3, sample_no: 18, actual label: 1, predicted: 1
iter: 4, sample_no: 24, actual label: 1, predicted: 0
iter: 5, sample_no: 9, actual label: 1, predicted: 0
iter: 6, sample_no: 22, actual label: 1, predicted: 0
iter: 7, sample_no: 20, actual label: 1, predicted: 1
iter: 8, sample_no: 17, actual label: 1, predicted: 1
iter: 9, sample_no: 31, actual label: 1, predicted: 1
iter: 10, sample_no: 23, actual label: 1, predicted: 0
iter: 11, sample_no: 26, actual label: 1, predicted: 1
iter: 12, sample_no: 16, actual label: 1, predicted: 1
iter: 13, sample_no: 17, actual label: 1, predicted: 1
iter: 14, sample_no: 34, actual label: 1, predicted: 1
iter: 15, sample_no: 29, actual label: 1, predicted: 1
iter: 16, sample_no: 6, actual label: 1, predicted: 1
iter: 17, sample_no: 28, actual label: 1, predicted: 1
iter: 18, sample_no: 15, actual label: 1, predicted: 1
iter: 19, sample_no: 11, actual label: 1, predicted: 1
iter: 20, sample_no: 1, actual label: 1, predicted: 1
iter: 21, sample_no: 11, actual label: 1, predicted: 1
iter: 22, sample_no: 33, actual label: 1, predicted: 1
iter: 23, sample_no: 25, actual label: 1, predicted: 1
iter: 24, sample_no: 29, actual label: 1, predicted: 1
number of samples: 35
AUC nan
pos_get 35
total recall stop_at 1
@@@ C - Repeat number: 6
@@@ D - common_header:  {'F126', 'F3-Class', 'category', 'F22', 'F3-value', 'F3-NA', 'F3-String', 'F72', 'F115', 'F101', 'F3-int', 'F116', 'F117', 'F65', 'F3-operator.val()', 'F120', 'F15-private', 'F105', 'F15-public', 'F77', 'F25', 'F110', 'F123', 'F3-Object', 'F41', 'F3-MappedClass', 'F68', 'F104', 'F71-us@thomas-daily.de', 'F15-NA', 'F3-List'}
    F72  F25  F65  F68  ...  F77 F41 F126 F71-us@thomas-daily.de
1  2252  918  120  166  ...  470   9    1                      1
2  2252  918  120  166  ...  277   9    1                      1
3  2252  918  120  166  ...  417   9    1                      1

[3 rows x 30 columns]
;.;
        F72       F25  F65  ...       F41      F126  F71-us@thomas-daily.de
0  0.979123  0.926856  1.0  ...  0.026393  0.005076                     1.0
1  0.979123  0.926856  1.0  ...  0.026393  0.005076                     1.0
2  0.979123  0.926856  1.0  ...  0.026393  0.005076                     1.0

[3 rows x 30 columns]
training_x: (212, 30)
training_y: 212
testset_x: (35, 30)
testset_y: 35
              precision    recall  f1-score   support

           0       0.00      0.00      0.00         0
           1       1.00      0.80      0.89        35

    accuracy                           0.80        35
   macro avg       0.50      0.40      0.44        35
weighted avg       1.00      0.80      0.89        35

accuracy: 0.8
0.8888888888888888
@@@ tn: 0, fp: 0, fn: 7, tp: 28
@@@ LIME - Creating explainer
@@@ LIME - Random Sampling of Instances
iter: 0, sample_no: 17, actual label: 1, predicted: 1
iter: 1, sample_no: 13, actual label: 1, predicted: 0
iter: 2, sample_no: 29, actual label: 1, predicted: 1
iter: 3, sample_no: 30, actual label: 1, predicted: 1
iter: 4, sample_no: 23, actual label: 1, predicted: 0
iter: 5, sample_no: 32, actual label: 1, predicted: 1
iter: 6, sample_no: 27, actual label: 1, predicted: 1
iter: 7, sample_no: 31, actual label: 1, predicted: 1
iter: 8, sample_no: 0, actual label: 1, predicted: 1
iter: 9, sample_no: 6, actual label: 1, predicted: 1
iter: 10, sample_no: 4, actual label: 1, predicted: 1
iter: 11, sample_no: 10, actual label: 1, predicted: 1
iter: 12, sample_no: 14, actual label: 1, predicted: 1
iter: 13, sample_no: 13, actual label: 1, predicted: 0
iter: 14, sample_no: 22, actual label: 1, predicted: 0
iter: 15, sample_no: 18, actual label: 1, predicted: 1
iter: 16, sample_no: 14, actual label: 1, predicted: 1
iter: 17, sample_no: 25, actual label: 1, predicted: 1
iter: 18, sample_no: 24, actual label: 1, predicted: 0
iter: 19, sample_no: 26, actual label: 1, predicted: 1
iter: 20, sample_no: 29, actual label: 1, predicted: 1
iter: 21, sample_no: 23, actual label: 1, predicted: 0
iter: 22, sample_no: 22, actual label: 1, predicted: 0
iter: 23, sample_no: 22, actual label: 1, predicted: 0
iter: 24, sample_no: 30, actual label: 1, predicted: 1
number of samples: 35
AUC nan
pos_get 35
total recall stop_at 1
@@@ C - Repeat number: 7
@@@ D - common_header:  {'F126', 'F3-Class', 'category', 'F22', 'F3-value', 'F3-NA', 'F3-String', 'F72', 'F115', 'F101', 'F3-int', 'F116', 'F117', 'F65', 'F3-operator.val()', 'F120', 'F15-private', 'F105', 'F15-public', 'F77', 'F25', 'F110', 'F123', 'F3-Object', 'F41', 'F3-MappedClass', 'F68', 'F104', 'F71-us@thomas-daily.de', 'F15-NA', 'F3-List'}
    F72  F25  F65  F68  ...  F77 F41 F126 F71-us@thomas-daily.de
1  2252  918  120  166  ...  470   9    1                      1
2  2252  918  120  166  ...  277   9    1                      1
3  2252  918  120  166  ...  417   9    1                      1

[3 rows x 30 columns]
;.;
        F72       F25  F65  ...       F41      F126  F71-us@thomas-daily.de
0  0.979123  0.926856  1.0  ...  0.026393  0.005076                     1.0
1  0.979123  0.926856  1.0  ...  0.026393  0.005076                     1.0
2  0.979123  0.926856  1.0  ...  0.026393  0.005076                     1.0

[3 rows x 30 columns]
training_x: (212, 30)
training_y: 212
testset_x: (35, 30)
testset_y: 35
              precision    recall  f1-score   support

           0       0.00      0.00      0.00         0
           1       1.00      0.80      0.89        35

    accuracy                           0.80        35
   macro avg       0.50      0.40      0.44        35
weighted avg       1.00      0.80      0.89        35

accuracy: 0.8
0.8888888888888888
@@@ tn: 0, fp: 0, fn: 7, tp: 28
@@@ LIME - Creating explainer
@@@ LIME - Random Sampling of Instances
iter: 0, sample_no: 12, actual label: 1, predicted: 1
iter: 1, sample_no: 12, actual label: 1, predicted: 1
iter: 2, sample_no: 17, actual label: 1, predicted: 1
iter: 3, sample_no: 22, actual label: 1, predicted: 0
iter: 4, sample_no: 14, actual label: 1, predicted: 1
iter: 5, sample_no: 11, actual label: 1, predicted: 1
iter: 6, sample_no: 4, actual label: 1, predicted: 1
iter: 7, sample_no: 3, actual label: 1, predicted: 0
iter: 8, sample_no: 32, actual label: 1, predicted: 1
iter: 9, sample_no: 32, actual label: 1, predicted: 1
iter: 10, sample_no: 11, actual label: 1, predicted: 1
iter: 11, sample_no: 25, actual label: 1, predicted: 1
iter: 12, sample_no: 14, actual label: 1, predicted: 1
iter: 13, sample_no: 19, actual label: 1, predicted: 1
iter: 14, sample_no: 3, actual label: 1, predicted: 0
iter: 15, sample_no: 17, actual label: 1, predicted: 1
iter: 16, sample_no: 8, actual label: 1, predicted: 1
iter: 17, sample_no: 32, actual label: 1, predicted: 1
iter: 18, sample_no: 15, actual label: 1, predicted: 1
iter: 19, sample_no: 5, actual label: 1, predicted: 1
iter: 20, sample_no: 30, actual label: 1, predicted: 1
iter: 21, sample_no: 16, actual label: 1, predicted: 1
iter: 22, sample_no: 25, actual label: 1, predicted: 1
iter: 23, sample_no: 0, actual label: 1, predicted: 1
iter: 24, sample_no: 17, actual label: 1, predicted: 1
number of samples: 35
AUC nan
pos_get 35
total recall stop_at 1
@@@ C - Repeat number: 8
@@@ D - common_header:  {'F126', 'F3-Class', 'category', 'F22', 'F3-value', 'F3-NA', 'F3-String', 'F72', 'F115', 'F101', 'F3-int', 'F116', 'F117', 'F65', 'F3-operator.val()', 'F120', 'F15-private', 'F105', 'F15-public', 'F77', 'F25', 'F110', 'F123', 'F3-Object', 'F41', 'F3-MappedClass', 'F68', 'F104', 'F71-us@thomas-daily.de', 'F15-NA', 'F3-List'}
    F72  F25  F65  F68  ...  F77 F41 F126 F71-us@thomas-daily.de
1  2252  918  120  166  ...  470   9    1                      1
2  2252  918  120  166  ...  277   9    1                      1
3  2252  918  120  166  ...  417   9    1                      1

[3 rows x 30 columns]
;.;
        F72       F25  F65  ...       F41      F126  F71-us@thomas-daily.de
0  0.979123  0.926856  1.0  ...  0.026393  0.005076                     1.0
1  0.979123  0.926856  1.0  ...  0.026393  0.005076                     1.0
2  0.979123  0.926856  1.0  ...  0.026393  0.005076                     1.0

[3 rows x 30 columns]
training_x: (212, 30)
training_y: 212
testset_x: (35, 30)
testset_y: 35
              precision    recall  f1-score   support

           0       0.00      0.00      0.00         0
           1       1.00      0.80      0.89        35

    accuracy                           0.80        35
   macro avg       0.50      0.40      0.44        35
weighted avg       1.00      0.80      0.89        35

accuracy: 0.8
0.8888888888888888
@@@ tn: 0, fp: 0, fn: 7, tp: 28
@@@ LIME - Creating explainer
@@@ LIME - Random Sampling of Instances
iter: 0, sample_no: 32, actual label: 1, predicted: 1
iter: 1, sample_no: 0, actual label: 1, predicted: 1
iter: 2, sample_no: 5, actual label: 1, predicted: 1
iter: 3, sample_no: 0, actual label: 1, predicted: 1
iter: 4, sample_no: 25, actual label: 1, predicted: 1
iter: 5, sample_no: 14, actual label: 1, predicted: 1
iter: 6, sample_no: 10, actual label: 1, predicted: 1
iter: 7, sample_no: 9, actual label: 1, predicted: 0
iter: 8, sample_no: 26, actual label: 1, predicted: 1
iter: 9, sample_no: 19, actual label: 1, predicted: 1
iter: 10, sample_no: 14, actual label: 1, predicted: 1
iter: 11, sample_no: 17, actual label: 1, predicted: 1
iter: 12, sample_no: 16, actual label: 1, predicted: 1
iter: 13, sample_no: 25, actual label: 1, predicted: 1
iter: 14, sample_no: 33, actual label: 1, predicted: 1
iter: 15, sample_no: 0, actual label: 1, predicted: 1
iter: 16, sample_no: 26, actual label: 1, predicted: 1
iter: 17, sample_no: 16, actual label: 1, predicted: 1
iter: 18, sample_no: 30, actual label: 1, predicted: 1
iter: 19, sample_no: 1, actual label: 1, predicted: 1
iter: 20, sample_no: 32, actual label: 1, predicted: 1
iter: 21, sample_no: 9, actual label: 1, predicted: 0
iter: 22, sample_no: 12, actual label: 1, predicted: 1
iter: 23, sample_no: 22, actual label: 1, predicted: 0
iter: 24, sample_no: 25, actual label: 1, predicted: 1
number of samples: 35
AUC nan
pos_get 35
total recall stop_at 1
@@@ C - Repeat number: 9
@@@ D - common_header:  {'F126', 'F3-Class', 'category', 'F22', 'F3-value', 'F3-NA', 'F3-String', 'F72', 'F115', 'F101', 'F3-int', 'F116', 'F117', 'F65', 'F3-operator.val()', 'F120', 'F15-private', 'F105', 'F15-public', 'F77', 'F25', 'F110', 'F123', 'F3-Object', 'F41', 'F3-MappedClass', 'F68', 'F104', 'F71-us@thomas-daily.de', 'F15-NA', 'F3-List'}
    F72  F25  F65  F68  ...  F77 F41 F126 F71-us@thomas-daily.de
1  2252  918  120  166  ...  470   9    1                      1
2  2252  918  120  166  ...  277   9    1                      1
3  2252  918  120  166  ...  417   9    1                      1

[3 rows x 30 columns]
;.;
        F72       F25  F65  ...       F41      F126  F71-us@thomas-daily.de
0  0.979123  0.926856  1.0  ...  0.026393  0.005076                     1.0
1  0.979123  0.926856  1.0  ...  0.026393  0.005076                     1.0
2  0.979123  0.926856  1.0  ...  0.026393  0.005076                     1.0

[3 rows x 30 columns]
training_x: (212, 30)
training_y: 212
testset_x: (35, 30)
testset_y: 35
              precision    recall  f1-score   support

           0       0.00      0.00      0.00         0
           1       1.00      0.80      0.89        35

    accuracy                           0.80        35
   macro avg       0.50      0.40      0.44        35
weighted avg       1.00      0.80      0.89        35

accuracy: 0.8
0.8888888888888888
@@@ tn: 0, fp: 0, fn: 7, tp: 28
@@@ LIME - Creating explainer
@@@ LIME - Random Sampling of Instances
iter: 0, sample_no: 32, actual label: 1, predicted: 1
iter: 1, sample_no: 12, actual label: 1, predicted: 1
iter: 2, sample_no: 10, actual label: 1, predicted: 1
iter: 3, sample_no: 15, actual label: 1, predicted: 1
iter: 4, sample_no: 33, actual label: 1, predicted: 1
iter: 5, sample_no: 14, actual label: 1, predicted: 1
iter: 6, sample_no: 15, actual label: 1, predicted: 1
iter: 7, sample_no: 16, actual label: 1, predicted: 1
iter: 8, sample_no: 28, actual label: 1, predicted: 1
iter: 9, sample_no: 3, actual label: 1, predicted: 0
iter: 10, sample_no: 32, actual label: 1, predicted: 1
iter: 11, sample_no: 11, actual label: 1, predicted: 1
iter: 12, sample_no: 10, actual label: 1, predicted: 1
iter: 13, sample_no: 0, actual label: 1, predicted: 1
iter: 14, sample_no: 30, actual label: 1, predicted: 1
iter: 15, sample_no: 33, actual label: 1, predicted: 1
iter: 16, sample_no: 21, actual label: 1, predicted: 1
iter: 17, sample_no: 10, actual label: 1, predicted: 1
iter: 18, sample_no: 29, actual label: 1, predicted: 1
iter: 19, sample_no: 29, actual label: 1, predicted: 1
iter: 20, sample_no: 20, actual label: 1, predicted: 1
iter: 21, sample_no: 32, actual label: 1, predicted: 1
iter: 22, sample_no: 15, actual label: 1, predicted: 1
iter: 23, sample_no: 4, actual label: 1, predicted: 1
iter: 24, sample_no: 21, actual label: 1, predicted: 1
number of samples: 35
AUC nan
pos_get 35
total recall stop_at 1
@@@ C - Repeat number: 10
@@@ D - common_header:  {'F126', 'F3-Class', 'category', 'F22', 'F3-value', 'F3-NA', 'F3-String', 'F72', 'F115', 'F101', 'F3-int', 'F116', 'F117', 'F65', 'F3-operator.val()', 'F120', 'F15-private', 'F105', 'F15-public', 'F77', 'F25', 'F110', 'F123', 'F3-Object', 'F41', 'F3-MappedClass', 'F68', 'F104', 'F71-us@thomas-daily.de', 'F15-NA', 'F3-List'}
    F72  F25  F65  F68  ...  F77 F41 F126 F71-us@thomas-daily.de
1  2252  918  120  166  ...  470   9    1                      1
2  2252  918  120  166  ...  277   9    1                      1
3  2252  918  120  166  ...  417   9    1                      1

[3 rows x 30 columns]
;.;
        F72       F25  F65  ...       F41      F126  F71-us@thomas-daily.de
0  0.979123  0.926856  1.0  ...  0.026393  0.005076                     1.0
1  0.979123  0.926856  1.0  ...  0.026393  0.005076                     1.0
2  0.979123  0.926856  1.0  ...  0.026393  0.005076                     1.0

[3 rows x 30 columns]
training_x: (212, 30)
training_y: 212
testset_x: (35, 30)
testset_y: 35
              precision    recall  f1-score   support

           0       0.00      0.00      0.00         0
           1       1.00      0.80      0.89        35

    accuracy                           0.80        35
   macro avg       0.50      0.40      0.44        35
weighted avg       1.00      0.80      0.89        35

accuracy: 0.8
0.8888888888888888
@@@ tn: 0, fp: 0, fn: 7, tp: 28
@@@ LIME - Creating explainer
@@@ LIME - Random Sampling of Instances
iter: 0, sample_no: 28, actual label: 1, predicted: 1
iter: 1, sample_no: 31, actual label: 1, predicted: 1
iter: 2, sample_no: 32, actual label: 1, predicted: 1
iter: 3, sample_no: 32, actual label: 1, predicted: 1
iter: 4, sample_no: 19, actual label: 1, predicted: 1
iter: 5, sample_no: 14, actual label: 1, predicted: 1
iter: 6, sample_no: 20, actual label: 1, predicted: 1
iter: 7, sample_no: 32, actual label: 1, predicted: 1
iter: 8, sample_no: 9, actual label: 1, predicted: 0
iter: 9, sample_no: 33, actual label: 1, predicted: 1
iter: 10, sample_no: 28, actual label: 1, predicted: 1
iter: 11, sample_no: 6, actual label: 1, predicted: 1
iter: 12, sample_no: 23, actual label: 1, predicted: 0
iter: 13, sample_no: 27, actual label: 1, predicted: 1
iter: 14, sample_no: 17, actual label: 1, predicted: 1
iter: 15, sample_no: 25, actual label: 1, predicted: 1
iter: 16, sample_no: 34, actual label: 1, predicted: 1
iter: 17, sample_no: 24, actual label: 1, predicted: 0
iter: 18, sample_no: 14, actual label: 1, predicted: 1
iter: 19, sample_no: 27, actual label: 1, predicted: 1
iter: 20, sample_no: 9, actual label: 1, predicted: 0
iter: 21, sample_no: 23, actual label: 1, predicted: 0
iter: 22, sample_no: 3, actual label: 1, predicted: 0
iter: 23, sample_no: 16, actual label: 1, predicted: 1
iter: 24, sample_no: 29, actual label: 1, predicted: 1
number of samples: 35
AUC nan
pos_get 35
total recall stop_at 1
----------threshold stop at----------: 1
AUC [nan, nan, nan, nan, nan, nan, nan, nan, nan, nan]
AUC_median nan
AUC_iqr nan
cost [1, 1, 1, 1, 1, 1, 1, 1, 1, 1]
COST_med 1.0
COST_iqr 0.0
f1_pos_list [np.float64(0.8888888888888888), np.float64(0.8888888888888888), np.float64(0.8888888888888888), np.float64(0.8888888888888888), np.float64(0.8888888888888888), np.float64(0.8888888888888888), np.float64(0.8888888888888888), np.float64(0.8888888888888888), np.float64(0.8888888888888888), np.float64(0.8888888888888888)]
f1_pos_med 0.8888888888888888
total_tn 0
total_fp 0
total_fn 70
total_tp 280
p= 1.0
r= 0.8
f= 0.888888888888889
