@@@ A - classifier: SVC(class_weight='balanced', kernel='linear', probability=True)
@@@ B - threshold stop at: 1
@@@ C - Repeat number: 1
@@@ D - common_header:  {'F71-brandonwilliams@apache.org', 'F71-johan@apache.org', 'F101', 'F65', 'F3-ByteBuffer', 'F3-char', 'F71-xedin@apache.org', 'F3-input', 'F3-NA', 'F3-Thread', 'F22', 'F15-public', 'F71-aleksey@apache.org', 'F126', 'F3-boolean', 'F3-String', 'F105', 'F71-jakers@gmail.com', 'F115', 'F71-dbrosius@mebigfatguy.com', 'F71-marcuse@apache.org', 'F71-tyler@datastax.com', 'F71-yukim@apache.org', 'F3-int', 'F3-PrintStream', 'F3-DecoratedKey', 'category', 'F3-SSTableReader', 'F15-protected', 'F71-jbellis@apache.org', 'F3-String[]', 'F3-ListenableFutureTask', 'F71-slebresne@apache.org', 'F71-dbrosius@apache.org', 'F3-long', 'F116', 'F77', 'F3-BitSet', 'F25', 'F68', 'F15-private', 'F117', 'F71-benedict@apache.org', 'F71-vijay2win@gmail.com', 'F120', 'F71-gdusbabek@apache.org', 'F3-Class', 'F15-NA', 'F3-InetAddress', 'F71-jmckenzie@apache.org', 'F3-byte[]', 'F71-eevans@apache.org', 'F123', 'F41', 'F3-EncryptionOptions', 'F71-jake@apache.org', 'F104', 'F71-sylvain@datastax.com', 'F72', 'F110', 'F3-arg0.name().toByteBuffer()'}
     F72   F25  ... F71-tyler@datastax.com F71-slebresne@apache.org
1  10814  1620  ...                      1                        0
2  10814  1620  ...                      1                        0
3  10896  1629  ...                      0                        0

[3 rows x 60 columns]
;.;
        F72       F25  ...  F71-tyler@datastax.com  F71-slebresne@apache.org
0  0.743258  0.700389  ...                     1.0                       0.0
1  0.743258  0.700389  ...                     1.0                       0.0
2  0.750369  0.704280  ...                     0.0                       0.0

[3 rows x 60 columns]
training_x: (2584, 60)
training_y: 2584
testset_x: (2601, 60)
testset_y: 2601
              precision    recall  f1-score   support

           0       0.98      0.99      0.99      2245
           1       0.94      0.90      0.92       356

    accuracy                           0.98      2601
   macro avg       0.96      0.95      0.96      2601
weighted avg       0.98      0.98      0.98      2601

accuracy: 0.9796232218377547
0.9239598278335724
@@@ tn: 2226, fp: 19, fn: 34, tp: 322
@@@ LIME - Creating explainer
@@@ LIME - Random Sampling of Instances
iter: 0, sample_no: 2303, actual label: 1, predicted: 1
iter: 1, sample_no: 1300, actual label: 0, predicted: 0
iter: 2, sample_no: 1360, actual label: 0, predicted: 0
iter: 3, sample_no: 1280, actual label: 0, predicted: 0
iter: 4, sample_no: 1983, actual label: 0, predicted: 0
iter: 5, sample_no: 751, actual label: 0, predicted: 0
iter: 6, sample_no: 993, actual label: 0, predicted: 0
iter: 7, sample_no: 1985, actual label: 0, predicted: 0
iter: 8, sample_no: 288, actual label: 0, predicted: 0
iter: 9, sample_no: 384, actual label: 0, predicted: 0
iter: 10, sample_no: 2041, actual label: 0, predicted: 0
iter: 11, sample_no: 154, actual label: 0, predicted: 0
iter: 12, sample_no: 2108, actual label: 0, predicted: 0
iter: 13, sample_no: 362, actual label: 0, predicted: 0
iter: 14, sample_no: 2236, actual label: 0, predicted: 0
iter: 15, sample_no: 920, actual label: 0, predicted: 0
iter: 16, sample_no: 1709, actual label: 0, predicted: 0
iter: 17, sample_no: 1116, actual label: 0, predicted: 0
iter: 18, sample_no: 1494, actual label: 0, predicted: 0
iter: 19, sample_no: 308, actual label: 0, predicted: 0
iter: 20, sample_no: 1635, actual label: 0, predicted: 1
iter: 21, sample_no: 1006, actual label: 1, predicted: 1
iter: 22, sample_no: 2253, actual label: 1, predicted: 1
iter: 23, sample_no: 198, actual label: 0, predicted: 0
iter: 24, sample_no: 369, actual label: 0, predicted: 0
number of samples: 2601
AUC 0.9957452265959311
pos_get 356
total recall stop_at 1.0
@@@ C - Repeat number: 2
@@@ D - common_header:  {'F71-brandonwilliams@apache.org', 'F71-johan@apache.org', 'F101', 'F65', 'F3-ByteBuffer', 'F3-char', 'F71-xedin@apache.org', 'F3-input', 'F3-NA', 'F3-Thread', 'F22', 'F15-public', 'F71-aleksey@apache.org', 'F126', 'F3-boolean', 'F3-String', 'F105', 'F71-jakers@gmail.com', 'F115', 'F71-dbrosius@mebigfatguy.com', 'F71-marcuse@apache.org', 'F71-tyler@datastax.com', 'F71-yukim@apache.org', 'F3-int', 'F3-PrintStream', 'F3-DecoratedKey', 'category', 'F3-SSTableReader', 'F15-protected', 'F71-jbellis@apache.org', 'F3-String[]', 'F3-ListenableFutureTask', 'F71-slebresne@apache.org', 'F71-dbrosius@apache.org', 'F3-long', 'F116', 'F77', 'F3-BitSet', 'F25', 'F68', 'F15-private', 'F117', 'F71-benedict@apache.org', 'F71-vijay2win@gmail.com', 'F120', 'F71-gdusbabek@apache.org', 'F3-Class', 'F15-NA', 'F3-InetAddress', 'F71-jmckenzie@apache.org', 'F3-byte[]', 'F71-eevans@apache.org', 'F123', 'F41', 'F3-EncryptionOptions', 'F71-jake@apache.org', 'F104', 'F71-sylvain@datastax.com', 'F72', 'F110', 'F3-arg0.name().toByteBuffer()'}
     F72   F25  ... F71-tyler@datastax.com F71-slebresne@apache.org
1  10814  1620  ...                      1                        0
2  10814  1620  ...                      1                        0
3  10896  1629  ...                      0                        0

[3 rows x 60 columns]
;.;
        F72       F25  ...  F71-tyler@datastax.com  F71-slebresne@apache.org
0  0.743258  0.700389  ...                     1.0                       0.0
1  0.743258  0.700389  ...                     1.0                       0.0
2  0.750369  0.704280  ...                     0.0                       0.0

[3 rows x 60 columns]
training_x: (2584, 60)
training_y: 2584
testset_x: (2601, 60)
testset_y: 2601
              precision    recall  f1-score   support

           0       0.98      0.99      0.99      2245
           1       0.94      0.90      0.92       356

    accuracy                           0.98      2601
   macro avg       0.96      0.95      0.96      2601
weighted avg       0.98      0.98      0.98      2601

accuracy: 0.9796232218377547
0.9239598278335724
@@@ tn: 2226, fp: 19, fn: 34, tp: 322
@@@ LIME - Creating explainer
@@@ LIME - Random Sampling of Instances
iter: 0, sample_no: 1197, actual label: 0, predicted: 0
iter: 1, sample_no: 911, actual label: 1, predicted: 1
iter: 2, sample_no: 2019, actual label: 0, predicted: 0
iter: 3, sample_no: 504, actual label: 0, predicted: 0
iter: 4, sample_no: 394, actual label: 0, predicted: 0
iter: 5, sample_no: 305, actual label: 1, predicted: 1
iter: 6, sample_no: 1183, actual label: 0, predicted: 0
iter: 7, sample_no: 2348, actual label: 1, predicted: 1
iter: 8, sample_no: 1947, actual label: 0, predicted: 0
iter: 9, sample_no: 2139, actual label: 0, predicted: 0
iter: 10, sample_no: 1125, actual label: 0, predicted: 0
iter: 11, sample_no: 15, actual label: 0, predicted: 0
iter: 12, sample_no: 2575, actual label: 0, predicted: 0
iter: 13, sample_no: 14, actual label: 0, predicted: 0
iter: 14, sample_no: 2542, actual label: 0, predicted: 0
iter: 15, sample_no: 1149, actual label: 0, predicted: 0
iter: 16, sample_no: 2392, actual label: 0, predicted: 0
iter: 17, sample_no: 603, actual label: 0, predicted: 0
iter: 18, sample_no: 2324, actual label: 0, predicted: 0
iter: 19, sample_no: 1252, actual label: 0, predicted: 0
iter: 20, sample_no: 1408, actual label: 0, predicted: 0
iter: 21, sample_no: 1039, actual label: 0, predicted: 0
iter: 22, sample_no: 164, actual label: 0, predicted: 0
iter: 23, sample_no: 1182, actual label: 0, predicted: 0
iter: 24, sample_no: 1134, actual label: 1, predicted: 1
number of samples: 2601
AUC 0.9957446009859613
pos_get 356
total recall stop_at 1.0
@@@ C - Repeat number: 3
@@@ D - common_header:  {'F71-brandonwilliams@apache.org', 'F71-johan@apache.org', 'F101', 'F65', 'F3-ByteBuffer', 'F3-char', 'F71-xedin@apache.org', 'F3-input', 'F3-NA', 'F3-Thread', 'F22', 'F15-public', 'F71-aleksey@apache.org', 'F126', 'F3-boolean', 'F3-String', 'F105', 'F71-jakers@gmail.com', 'F115', 'F71-dbrosius@mebigfatguy.com', 'F71-marcuse@apache.org', 'F71-tyler@datastax.com', 'F71-yukim@apache.org', 'F3-int', 'F3-PrintStream', 'F3-DecoratedKey', 'category', 'F3-SSTableReader', 'F15-protected', 'F71-jbellis@apache.org', 'F3-String[]', 'F3-ListenableFutureTask', 'F71-slebresne@apache.org', 'F71-dbrosius@apache.org', 'F3-long', 'F116', 'F77', 'F3-BitSet', 'F25', 'F68', 'F15-private', 'F117', 'F71-benedict@apache.org', 'F71-vijay2win@gmail.com', 'F120', 'F71-gdusbabek@apache.org', 'F3-Class', 'F15-NA', 'F3-InetAddress', 'F71-jmckenzie@apache.org', 'F3-byte[]', 'F71-eevans@apache.org', 'F123', 'F41', 'F3-EncryptionOptions', 'F71-jake@apache.org', 'F104', 'F71-sylvain@datastax.com', 'F72', 'F110', 'F3-arg0.name().toByteBuffer()'}
     F72   F25  ... F71-tyler@datastax.com F71-slebresne@apache.org
1  10814  1620  ...                      1                        0
2  10814  1620  ...                      1                        0
3  10896  1629  ...                      0                        0

[3 rows x 60 columns]
;.;
        F72       F25  ...  F71-tyler@datastax.com  F71-slebresne@apache.org
0  0.743258  0.700389  ...                     1.0                       0.0
1  0.743258  0.700389  ...                     1.0                       0.0
2  0.750369  0.704280  ...                     0.0                       0.0

[3 rows x 60 columns]
training_x: (2584, 60)
training_y: 2584
testset_x: (2601, 60)
testset_y: 2601
              precision    recall  f1-score   support

           0       0.98      0.99      0.99      2245
           1       0.94      0.90      0.92       356

    accuracy                           0.98      2601
   macro avg       0.96      0.95      0.96      2601
weighted avg       0.98      0.98      0.98      2601

accuracy: 0.9796232218377547
0.9239598278335724
@@@ tn: 2226, fp: 19, fn: 34, tp: 322
@@@ LIME - Creating explainer
@@@ LIME - Random Sampling of Instances
iter: 0, sample_no: 2462, actual label: 1, predicted: 1
iter: 1, sample_no: 1022, actual label: 0, predicted: 0
iter: 2, sample_no: 1516, actual label: 1, predicted: 0
iter: 3, sample_no: 2116, actual label: 0, predicted: 0
iter: 4, sample_no: 2053, actual label: 0, predicted: 0
iter: 5, sample_no: 962, actual label: 0, predicted: 0
iter: 6, sample_no: 2496, actual label: 0, predicted: 0
iter: 7, sample_no: 1107, actual label: 0, predicted: 0
iter: 8, sample_no: 1539, actual label: 1, predicted: 1
iter: 9, sample_no: 219, actual label: 0, predicted: 0
iter: 10, sample_no: 224, actual label: 0, predicted: 0
iter: 11, sample_no: 191, actual label: 0, predicted: 0
iter: 12, sample_no: 1667, actual label: 0, predicted: 0
iter: 13, sample_no: 1655, actual label: 0, predicted: 0
iter: 14, sample_no: 2409, actual label: 0, predicted: 0
iter: 15, sample_no: 317, actual label: 0, predicted: 0
iter: 16, sample_no: 1629, actual label: 0, predicted: 0
iter: 17, sample_no: 1022, actual label: 0, predicted: 0
iter: 18, sample_no: 1022, actual label: 0, predicted: 0
iter: 19, sample_no: 1798, actual label: 0, predicted: 0
iter: 20, sample_no: 2470, actual label: 0, predicted: 0
iter: 21, sample_no: 421, actual label: 0, predicted: 0
iter: 22, sample_no: 1530, actual label: 0, predicted: 0
iter: 23, sample_no: 127, actual label: 0, predicted: 0
iter: 24, sample_no: 1297, actual label: 0, predicted: 0
number of samples: 2601
AUC 0.9957446009859614
pos_get 356
total recall stop_at 1.0
@@@ C - Repeat number: 4
@@@ D - common_header:  {'F71-brandonwilliams@apache.org', 'F71-johan@apache.org', 'F101', 'F65', 'F3-ByteBuffer', 'F3-char', 'F71-xedin@apache.org', 'F3-input', 'F3-NA', 'F3-Thread', 'F22', 'F15-public', 'F71-aleksey@apache.org', 'F126', 'F3-boolean', 'F3-String', 'F105', 'F71-jakers@gmail.com', 'F115', 'F71-dbrosius@mebigfatguy.com', 'F71-marcuse@apache.org', 'F71-tyler@datastax.com', 'F71-yukim@apache.org', 'F3-int', 'F3-PrintStream', 'F3-DecoratedKey', 'category', 'F3-SSTableReader', 'F15-protected', 'F71-jbellis@apache.org', 'F3-String[]', 'F3-ListenableFutureTask', 'F71-slebresne@apache.org', 'F71-dbrosius@apache.org', 'F3-long', 'F116', 'F77', 'F3-BitSet', 'F25', 'F68', 'F15-private', 'F117', 'F71-benedict@apache.org', 'F71-vijay2win@gmail.com', 'F120', 'F71-gdusbabek@apache.org', 'F3-Class', 'F15-NA', 'F3-InetAddress', 'F71-jmckenzie@apache.org', 'F3-byte[]', 'F71-eevans@apache.org', 'F123', 'F41', 'F3-EncryptionOptions', 'F71-jake@apache.org', 'F104', 'F71-sylvain@datastax.com', 'F72', 'F110', 'F3-arg0.name().toByteBuffer()'}
     F72   F25  ... F71-tyler@datastax.com F71-slebresne@apache.org
1  10814  1620  ...                      1                        0
2  10814  1620  ...                      1                        0
3  10896  1629  ...                      0                        0

[3 rows x 60 columns]
;.;
        F72       F25  ...  F71-tyler@datastax.com  F71-slebresne@apache.org
0  0.743258  0.700389  ...                     1.0                       0.0
1  0.743258  0.700389  ...                     1.0                       0.0
2  0.750369  0.704280  ...                     0.0                       0.0

[3 rows x 60 columns]
training_x: (2584, 60)
training_y: 2584
testset_x: (2601, 60)
testset_y: 2601
              precision    recall  f1-score   support

           0       0.98      0.99      0.99      2245
           1       0.94      0.90      0.92       356

    accuracy                           0.98      2601
   macro avg       0.96      0.95      0.96      2601
weighted avg       0.98      0.98      0.98      2601

accuracy: 0.9796232218377547
0.9239598278335724
@@@ tn: 2226, fp: 19, fn: 34, tp: 322
@@@ LIME - Creating explainer
@@@ LIME - Random Sampling of Instances
iter: 0, sample_no: 1576, actual label: 0, predicted: 0
iter: 1, sample_no: 2348, actual label: 1, predicted: 1
iter: 2, sample_no: 1887, actual label: 1, predicted: 1
iter: 3, sample_no: 2401, actual label: 0, predicted: 0
iter: 4, sample_no: 2189, actual label: 0, predicted: 0
iter: 5, sample_no: 1430, actual label: 0, predicted: 0
iter: 6, sample_no: 1796, actual label: 0, predicted: 0
iter: 7, sample_no: 1455, actual label: 1, predicted: 1
iter: 8, sample_no: 1498, actual label: 0, predicted: 0
iter: 9, sample_no: 728, actual label: 0, predicted: 0
iter: 10, sample_no: 1358, actual label: 0, predicted: 0
iter: 11, sample_no: 2327, actual label: 0, predicted: 0
iter: 12, sample_no: 2437, actual label: 0, predicted: 0
iter: 13, sample_no: 2017, actual label: 0, predicted: 0
iter: 14, sample_no: 1774, actual label: 0, predicted: 0
iter: 15, sample_no: 36, actual label: 0, predicted: 0
iter: 16, sample_no: 138, actual label: 0, predicted: 0
iter: 17, sample_no: 1771, actual label: 0, predicted: 0
iter: 18, sample_no: 2367, actual label: 1, predicted: 1
iter: 19, sample_no: 1705, actual label: 0, predicted: 0
iter: 20, sample_no: 1816, actual label: 0, predicted: 0
iter: 21, sample_no: 1820, actual label: 0, predicted: 0
iter: 22, sample_no: 1495, actual label: 0, predicted: 0
iter: 23, sample_no: 2001, actual label: 0, predicted: 0
iter: 24, sample_no: 1585, actual label: 0, predicted: 0
number of samples: 2601
AUC 0.9957446009859613
pos_get 356
total recall stop_at 1.0
@@@ C - Repeat number: 5
@@@ D - common_header:  {'F71-brandonwilliams@apache.org', 'F71-johan@apache.org', 'F101', 'F65', 'F3-ByteBuffer', 'F3-char', 'F71-xedin@apache.org', 'F3-input', 'F3-NA', 'F3-Thread', 'F22', 'F15-public', 'F71-aleksey@apache.org', 'F126', 'F3-boolean', 'F3-String', 'F105', 'F71-jakers@gmail.com', 'F115', 'F71-dbrosius@mebigfatguy.com', 'F71-marcuse@apache.org', 'F71-tyler@datastax.com', 'F71-yukim@apache.org', 'F3-int', 'F3-PrintStream', 'F3-DecoratedKey', 'category', 'F3-SSTableReader', 'F15-protected', 'F71-jbellis@apache.org', 'F3-String[]', 'F3-ListenableFutureTask', 'F71-slebresne@apache.org', 'F71-dbrosius@apache.org', 'F3-long', 'F116', 'F77', 'F3-BitSet', 'F25', 'F68', 'F15-private', 'F117', 'F71-benedict@apache.org', 'F71-vijay2win@gmail.com', 'F120', 'F71-gdusbabek@apache.org', 'F3-Class', 'F15-NA', 'F3-InetAddress', 'F71-jmckenzie@apache.org', 'F3-byte[]', 'F71-eevans@apache.org', 'F123', 'F41', 'F3-EncryptionOptions', 'F71-jake@apache.org', 'F104', 'F71-sylvain@datastax.com', 'F72', 'F110', 'F3-arg0.name().toByteBuffer()'}
     F72   F25  ... F71-tyler@datastax.com F71-slebresne@apache.org
1  10814  1620  ...                      1                        0
2  10814  1620  ...                      1                        0
3  10896  1629  ...                      0                        0

[3 rows x 60 columns]
;.;
        F72       F25  ...  F71-tyler@datastax.com  F71-slebresne@apache.org
0  0.743258  0.700389  ...                     1.0                       0.0
1  0.743258  0.700389  ...                     1.0                       0.0
2  0.750369  0.704280  ...                     0.0                       0.0

[3 rows x 60 columns]
training_x: (2584, 60)
training_y: 2584
testset_x: (2601, 60)
testset_y: 2601
              precision    recall  f1-score   support

           0       0.98      0.99      0.99      2245
           1       0.94      0.90      0.92       356

    accuracy                           0.98      2601
   macro avg       0.96      0.95      0.96      2601
weighted avg       0.98      0.98      0.98      2601

accuracy: 0.9796232218377547
0.9239598278335724
@@@ tn: 2226, fp: 19, fn: 34, tp: 322
@@@ LIME - Creating explainer
@@@ LIME - Random Sampling of Instances
iter: 0, sample_no: 1926, actual label: 0, predicted: 0
iter: 1, sample_no: 2053, actual label: 0, predicted: 0
iter: 2, sample_no: 451, actual label: 0, predicted: 0
iter: 3, sample_no: 2251, actual label: 1, predicted: 0
iter: 4, sample_no: 2035, actual label: 0, predicted: 0
iter: 5, sample_no: 782, actual label: 0, predicted: 0
iter: 6, sample_no: 1802, actual label: 0, predicted: 0
iter: 7, sample_no: 1624, actual label: 1, predicted: 1
iter: 8, sample_no: 213, actual label: 1, predicted: 1
iter: 9, sample_no: 1011, actual label: 0, predicted: 0
iter: 10, sample_no: 1169, actual label: 0, predicted: 0
iter: 11, sample_no: 1951, actual label: 0, predicted: 0
iter: 12, sample_no: 436, actual label: 0, predicted: 0
iter: 13, sample_no: 201, actual label: 1, predicted: 0
iter: 14, sample_no: 1187, actual label: 0, predicted: 0
iter: 15, sample_no: 1569, actual label: 0, predicted: 0
iter: 16, sample_no: 2234, actual label: 0, predicted: 0
iter: 17, sample_no: 703, actual label: 0, predicted: 0
iter: 18, sample_no: 444, actual label: 0, predicted: 0
iter: 19, sample_no: 2370, actual label: 1, predicted: 1
iter: 20, sample_no: 32, actual label: 0, predicted: 0
iter: 21, sample_no: 1205, actual label: 0, predicted: 0
iter: 22, sample_no: 1268, actual label: 0, predicted: 0
iter: 23, sample_no: 2188, actual label: 0, predicted: 0
iter: 24, sample_no: 74, actual label: 0, predicted: 0
number of samples: 2601
AUC 0.9957446009859613
pos_get 356
total recall stop_at 1.0
@@@ C - Repeat number: 6
@@@ D - common_header:  {'F71-brandonwilliams@apache.org', 'F71-johan@apache.org', 'F101', 'F65', 'F3-ByteBuffer', 'F3-char', 'F71-xedin@apache.org', 'F3-input', 'F3-NA', 'F3-Thread', 'F22', 'F15-public', 'F71-aleksey@apache.org', 'F126', 'F3-boolean', 'F3-String', 'F105', 'F71-jakers@gmail.com', 'F115', 'F71-dbrosius@mebigfatguy.com', 'F71-marcuse@apache.org', 'F71-tyler@datastax.com', 'F71-yukim@apache.org', 'F3-int', 'F3-PrintStream', 'F3-DecoratedKey', 'category', 'F3-SSTableReader', 'F15-protected', 'F71-jbellis@apache.org', 'F3-String[]', 'F3-ListenableFutureTask', 'F71-slebresne@apache.org', 'F71-dbrosius@apache.org', 'F3-long', 'F116', 'F77', 'F3-BitSet', 'F25', 'F68', 'F15-private', 'F117', 'F71-benedict@apache.org', 'F71-vijay2win@gmail.com', 'F120', 'F71-gdusbabek@apache.org', 'F3-Class', 'F15-NA', 'F3-InetAddress', 'F71-jmckenzie@apache.org', 'F3-byte[]', 'F71-eevans@apache.org', 'F123', 'F41', 'F3-EncryptionOptions', 'F71-jake@apache.org', 'F104', 'F71-sylvain@datastax.com', 'F72', 'F110', 'F3-arg0.name().toByteBuffer()'}
     F72   F25  ... F71-tyler@datastax.com F71-slebresne@apache.org
1  10814  1620  ...                      1                        0
2  10814  1620  ...                      1                        0
3  10896  1629  ...                      0                        0

[3 rows x 60 columns]
;.;
        F72       F25  ...  F71-tyler@datastax.com  F71-slebresne@apache.org
0  0.743258  0.700389  ...                     1.0                       0.0
1  0.743258  0.700389  ...                     1.0                       0.0
2  0.750369  0.704280  ...                     0.0                       0.0

[3 rows x 60 columns]
training_x: (2584, 60)
training_y: 2584
testset_x: (2601, 60)
testset_y: 2601
              precision    recall  f1-score   support

           0       0.98      0.99      0.99      2245
           1       0.94      0.90      0.92       356

    accuracy                           0.98      2601
   macro avg       0.96      0.95      0.96      2601
weighted avg       0.98      0.98      0.98      2601

accuracy: 0.9796232218377547
0.9239598278335724
@@@ tn: 2226, fp: 19, fn: 34, tp: 322
@@@ LIME - Creating explainer
@@@ LIME - Random Sampling of Instances
iter: 0, sample_no: 1361, actual label: 0, predicted: 0
iter: 1, sample_no: 1180, actual label: 0, predicted: 0
iter: 2, sample_no: 842, actual label: 0, predicted: 0
iter: 3, sample_no: 1206, actual label: 0, predicted: 0
iter: 4, sample_no: 581, actual label: 0, predicted: 0
iter: 5, sample_no: 1744, actual label: 0, predicted: 0
iter: 6, sample_no: 593, actual label: 0, predicted: 0
iter: 7, sample_no: 1751, actual label: 0, predicted: 0
iter: 8, sample_no: 475, actual label: 0, predicted: 0
iter: 9, sample_no: 740, actual label: 1, predicted: 1
iter: 10, sample_no: 339, actual label: 0, predicted: 0
iter: 11, sample_no: 2179, actual label: 0, predicted: 0
iter: 12, sample_no: 1552, actual label: 0, predicted: 0
iter: 13, sample_no: 1550, actual label: 0, predicted: 0
iter: 14, sample_no: 716, actual label: 0, predicted: 0
iter: 15, sample_no: 2383, actual label: 1, predicted: 1
iter: 16, sample_no: 1547, actual label: 0, predicted: 0
iter: 17, sample_no: 99, actual label: 0, predicted: 0
iter: 18, sample_no: 2108, actual label: 0, predicted: 0
iter: 19, sample_no: 417, actual label: 0, predicted: 0
iter: 20, sample_no: 887, actual label: 1, predicted: 1
iter: 21, sample_no: 1394, actual label: 1, predicted: 0
iter: 22, sample_no: 1105, actual label: 0, predicted: 0
iter: 23, sample_no: 68, actual label: 0, predicted: 0
iter: 24, sample_no: 1632, actual label: 1, predicted: 1
number of samples: 2601
AUC 0.9957446009859614
pos_get 356
total recall stop_at 1.0
@@@ C - Repeat number: 7
@@@ D - common_header:  {'F71-brandonwilliams@apache.org', 'F71-johan@apache.org', 'F101', 'F65', 'F3-ByteBuffer', 'F3-char', 'F71-xedin@apache.org', 'F3-input', 'F3-NA', 'F3-Thread', 'F22', 'F15-public', 'F71-aleksey@apache.org', 'F126', 'F3-boolean', 'F3-String', 'F105', 'F71-jakers@gmail.com', 'F115', 'F71-dbrosius@mebigfatguy.com', 'F71-marcuse@apache.org', 'F71-tyler@datastax.com', 'F71-yukim@apache.org', 'F3-int', 'F3-PrintStream', 'F3-DecoratedKey', 'category', 'F3-SSTableReader', 'F15-protected', 'F71-jbellis@apache.org', 'F3-String[]', 'F3-ListenableFutureTask', 'F71-slebresne@apache.org', 'F71-dbrosius@apache.org', 'F3-long', 'F116', 'F77', 'F3-BitSet', 'F25', 'F68', 'F15-private', 'F117', 'F71-benedict@apache.org', 'F71-vijay2win@gmail.com', 'F120', 'F71-gdusbabek@apache.org', 'F3-Class', 'F15-NA', 'F3-InetAddress', 'F71-jmckenzie@apache.org', 'F3-byte[]', 'F71-eevans@apache.org', 'F123', 'F41', 'F3-EncryptionOptions', 'F71-jake@apache.org', 'F104', 'F71-sylvain@datastax.com', 'F72', 'F110', 'F3-arg0.name().toByteBuffer()'}
     F72   F25  ... F71-tyler@datastax.com F71-slebresne@apache.org
1  10814  1620  ...                      1                        0
2  10814  1620  ...                      1                        0
3  10896  1629  ...                      0                        0

[3 rows x 60 columns]
;.;
        F72       F25  ...  F71-tyler@datastax.com  F71-slebresne@apache.org
0  0.743258  0.700389  ...                     1.0                       0.0
1  0.743258  0.700389  ...                     1.0                       0.0
2  0.750369  0.704280  ...                     0.0                       0.0

[3 rows x 60 columns]
training_x: (2584, 60)
training_y: 2584
testset_x: (2601, 60)
testset_y: 2601
              precision    recall  f1-score   support

           0       0.98      0.99      0.99      2245
           1       0.94      0.90      0.92       356

    accuracy                           0.98      2601
   macro avg       0.96      0.95      0.96      2601
weighted avg       0.98      0.98      0.98      2601

accuracy: 0.9796232218377547
0.9239598278335724
@@@ tn: 2226, fp: 19, fn: 34, tp: 322
@@@ LIME - Creating explainer
@@@ LIME - Random Sampling of Instances
iter: 0, sample_no: 1709, actual label: 0, predicted: 0
iter: 1, sample_no: 974, actual label: 0, predicted: 0
iter: 2, sample_no: 1090, actual label: 1, predicted: 1
iter: 3, sample_no: 1511, actual label: 1, predicted: 0
iter: 4, sample_no: 597, actual label: 0, predicted: 0
iter: 5, sample_no: 2464, actual label: 1, predicted: 1
iter: 6, sample_no: 844, actual label: 0, predicted: 0
iter: 7, sample_no: 2328, actual label: 0, predicted: 0
iter: 8, sample_no: 1683, actual label: 0, predicted: 0
iter: 9, sample_no: 53, actual label: 0, predicted: 0
iter: 10, sample_no: 674, actual label: 0, predicted: 0
iter: 11, sample_no: 1409, actual label: 0, predicted: 0
iter: 12, sample_no: 1646, actual label: 0, predicted: 0
iter: 13, sample_no: 242, actual label: 0, predicted: 0
iter: 14, sample_no: 112, actual label: 0, predicted: 0
iter: 15, sample_no: 2101, actual label: 0, predicted: 0
iter: 16, sample_no: 2139, actual label: 0, predicted: 0
iter: 17, sample_no: 2497, actual label: 0, predicted: 0
iter: 18, sample_no: 2340, actual label: 1, predicted: 1
iter: 19, sample_no: 1320, actual label: 0, predicted: 0
iter: 20, sample_no: 1426, actual label: 1, predicted: 1
iter: 21, sample_no: 1357, actual label: 0, predicted: 0
iter: 22, sample_no: 1, actual label: 0, predicted: 0
iter: 23, sample_no: 1013, actual label: 0, predicted: 0
iter: 24, sample_no: 2180, actual label: 0, predicted: 0
number of samples: 2601
AUC 0.9957546107454769
pos_get 356
total recall stop_at 1.0
@@@ C - Repeat number: 8
@@@ D - common_header:  {'F71-brandonwilliams@apache.org', 'F71-johan@apache.org', 'F101', 'F65', 'F3-ByteBuffer', 'F3-char', 'F71-xedin@apache.org', 'F3-input', 'F3-NA', 'F3-Thread', 'F22', 'F15-public', 'F71-aleksey@apache.org', 'F126', 'F3-boolean', 'F3-String', 'F105', 'F71-jakers@gmail.com', 'F115', 'F71-dbrosius@mebigfatguy.com', 'F71-marcuse@apache.org', 'F71-tyler@datastax.com', 'F71-yukim@apache.org', 'F3-int', 'F3-PrintStream', 'F3-DecoratedKey', 'category', 'F3-SSTableReader', 'F15-protected', 'F71-jbellis@apache.org', 'F3-String[]', 'F3-ListenableFutureTask', 'F71-slebresne@apache.org', 'F71-dbrosius@apache.org', 'F3-long', 'F116', 'F77', 'F3-BitSet', 'F25', 'F68', 'F15-private', 'F117', 'F71-benedict@apache.org', 'F71-vijay2win@gmail.com', 'F120', 'F71-gdusbabek@apache.org', 'F3-Class', 'F15-NA', 'F3-InetAddress', 'F71-jmckenzie@apache.org', 'F3-byte[]', 'F71-eevans@apache.org', 'F123', 'F41', 'F3-EncryptionOptions', 'F71-jake@apache.org', 'F104', 'F71-sylvain@datastax.com', 'F72', 'F110', 'F3-arg0.name().toByteBuffer()'}
     F72   F25  ... F71-tyler@datastax.com F71-slebresne@apache.org
1  10814  1620  ...                      1                        0
2  10814  1620  ...                      1                        0
3  10896  1629  ...                      0                        0

[3 rows x 60 columns]
;.;
        F72       F25  ...  F71-tyler@datastax.com  F71-slebresne@apache.org
0  0.743258  0.700389  ...                     1.0                       0.0
1  0.743258  0.700389  ...                     1.0                       0.0
2  0.750369  0.704280  ...                     0.0                       0.0

[3 rows x 60 columns]
training_x: (2584, 60)
training_y: 2584
testset_x: (2601, 60)
testset_y: 2601
              precision    recall  f1-score   support

           0       0.98      0.99      0.99      2245
           1       0.94      0.90      0.92       356

    accuracy                           0.98      2601
   macro avg       0.96      0.95      0.96      2601
weighted avg       0.98      0.98      0.98      2601

accuracy: 0.9796232218377547
0.9239598278335724
@@@ tn: 2226, fp: 19, fn: 34, tp: 322
@@@ LIME - Creating explainer
@@@ LIME - Random Sampling of Instances
iter: 0, sample_no: 1504, actual label: 1, predicted: 1
iter: 1, sample_no: 944, actual label: 0, predicted: 0
iter: 2, sample_no: 916, actual label: 0, predicted: 0
iter: 3, sample_no: 1936, actual label: 0, predicted: 0
iter: 4, sample_no: 1801, actual label: 0, predicted: 0
iter: 5, sample_no: 1720, actual label: 0, predicted: 0
iter: 6, sample_no: 2514, actual label: 0, predicted: 0
iter: 7, sample_no: 1744, actual label: 0, predicted: 0
iter: 8, sample_no: 55, actual label: 0, predicted: 0
iter: 9, sample_no: 831, actual label: 0, predicted: 0
iter: 10, sample_no: 1760, actual label: 0, predicted: 0
iter: 11, sample_no: 1564, actual label: 0, predicted: 0
iter: 12, sample_no: 461, actual label: 0, predicted: 0
iter: 13, sample_no: 746, actual label: 0, predicted: 0
iter: 14, sample_no: 1758, actual label: 0, predicted: 0
iter: 15, sample_no: 2476, actual label: 1, predicted: 0
iter: 16, sample_no: 438, actual label: 0, predicted: 0
iter: 17, sample_no: 2534, actual label: 0, predicted: 0
iter: 18, sample_no: 1680, actual label: 0, predicted: 0
iter: 19, sample_no: 806, actual label: 0, predicted: 0
iter: 20, sample_no: 1050, actual label: 0, predicted: 0
iter: 21, sample_no: 2362, actual label: 1, predicted: 1
iter: 22, sample_no: 1118, actual label: 0, predicted: 0
iter: 23, sample_no: 925, actual label: 0, predicted: 0
iter: 24, sample_no: 314, actual label: 0, predicted: 0
number of samples: 2601
AUC 0.9957446009859613
pos_get 356
total recall stop_at 1.0
@@@ C - Repeat number: 9
@@@ D - common_header:  {'F71-brandonwilliams@apache.org', 'F71-johan@apache.org', 'F101', 'F65', 'F3-ByteBuffer', 'F3-char', 'F71-xedin@apache.org', 'F3-input', 'F3-NA', 'F3-Thread', 'F22', 'F15-public', 'F71-aleksey@apache.org', 'F126', 'F3-boolean', 'F3-String', 'F105', 'F71-jakers@gmail.com', 'F115', 'F71-dbrosius@mebigfatguy.com', 'F71-marcuse@apache.org', 'F71-tyler@datastax.com', 'F71-yukim@apache.org', 'F3-int', 'F3-PrintStream', 'F3-DecoratedKey', 'category', 'F3-SSTableReader', 'F15-protected', 'F71-jbellis@apache.org', 'F3-String[]', 'F3-ListenableFutureTask', 'F71-slebresne@apache.org', 'F71-dbrosius@apache.org', 'F3-long', 'F116', 'F77', 'F3-BitSet', 'F25', 'F68', 'F15-private', 'F117', 'F71-benedict@apache.org', 'F71-vijay2win@gmail.com', 'F120', 'F71-gdusbabek@apache.org', 'F3-Class', 'F15-NA', 'F3-InetAddress', 'F71-jmckenzie@apache.org', 'F3-byte[]', 'F71-eevans@apache.org', 'F123', 'F41', 'F3-EncryptionOptions', 'F71-jake@apache.org', 'F104', 'F71-sylvain@datastax.com', 'F72', 'F110', 'F3-arg0.name().toByteBuffer()'}
     F72   F25  ... F71-tyler@datastax.com F71-slebresne@apache.org
1  10814  1620  ...                      1                        0
2  10814  1620  ...                      1                        0
3  10896  1629  ...                      0                        0

[3 rows x 60 columns]
;.;
        F72       F25  ...  F71-tyler@datastax.com  F71-slebresne@apache.org
0  0.743258  0.700389  ...                     1.0                       0.0
1  0.743258  0.700389  ...                     1.0                       0.0
2  0.750369  0.704280  ...                     0.0                       0.0

[3 rows x 60 columns]
training_x: (2584, 60)
training_y: 2584
testset_x: (2601, 60)
testset_y: 2601
              precision    recall  f1-score   support

           0       0.98      0.99      0.99      2245
           1       0.94      0.90      0.92       356

    accuracy                           0.98      2601
   macro avg       0.96      0.95      0.96      2601
weighted avg       0.98      0.98      0.98      2601

accuracy: 0.9796232218377547
0.9239598278335724
@@@ tn: 2226, fp: 19, fn: 34, tp: 322
@@@ LIME - Creating explainer
@@@ LIME - Random Sampling of Instances
iter: 0, sample_no: 2105, actual label: 0, predicted: 0
iter: 1, sample_no: 1775, actual label: 0, predicted: 0
iter: 2, sample_no: 206, actual label: 0, predicted: 0
iter: 3, sample_no: 2283, actual label: 1, predicted: 1
iter: 4, sample_no: 2276, actual label: 1, predicted: 1
iter: 5, sample_no: 1503, actual label: 1, predicted: 1
iter: 6, sample_no: 1072, actual label: 0, predicted: 0
iter: 7, sample_no: 1535, actual label: 1, predicted: 1
iter: 8, sample_no: 555, actual label: 0, predicted: 0
iter: 9, sample_no: 1367, actual label: 0, predicted: 0
iter: 10, sample_no: 755, actual label: 0, predicted: 0
iter: 11, sample_no: 1142, actual label: 0, predicted: 0
iter: 12, sample_no: 174, actual label: 0, predicted: 0
iter: 13, sample_no: 2110, actual label: 0, predicted: 0
iter: 14, sample_no: 1293, actual label: 0, predicted: 0
iter: 15, sample_no: 1548, actual label: 0, predicted: 0
iter: 16, sample_no: 1448, actual label: 0, predicted: 0
iter: 17, sample_no: 2195, actual label: 0, predicted: 0
iter: 18, sample_no: 2303, actual label: 1, predicted: 1
iter: 19, sample_no: 1036, actual label: 0, predicted: 0
iter: 20, sample_no: 2593, actual label: 0, predicted: 0
iter: 21, sample_no: 500, actual label: 0, predicted: 0
iter: 22, sample_no: 2035, actual label: 0, predicted: 0
iter: 23, sample_no: 2013, actual label: 0, predicted: 0
iter: 24, sample_no: 648, actual label: 0, predicted: 0
number of samples: 2601
AUC 0.9957452265959311
pos_get 356
total recall stop_at 1.0
@@@ C - Repeat number: 10
@@@ D - common_header:  {'F71-brandonwilliams@apache.org', 'F71-johan@apache.org', 'F101', 'F65', 'F3-ByteBuffer', 'F3-char', 'F71-xedin@apache.org', 'F3-input', 'F3-NA', 'F3-Thread', 'F22', 'F15-public', 'F71-aleksey@apache.org', 'F126', 'F3-boolean', 'F3-String', 'F105', 'F71-jakers@gmail.com', 'F115', 'F71-dbrosius@mebigfatguy.com', 'F71-marcuse@apache.org', 'F71-tyler@datastax.com', 'F71-yukim@apache.org', 'F3-int', 'F3-PrintStream', 'F3-DecoratedKey', 'category', 'F3-SSTableReader', 'F15-protected', 'F71-jbellis@apache.org', 'F3-String[]', 'F3-ListenableFutureTask', 'F71-slebresne@apache.org', 'F71-dbrosius@apache.org', 'F3-long', 'F116', 'F77', 'F3-BitSet', 'F25', 'F68', 'F15-private', 'F117', 'F71-benedict@apache.org', 'F71-vijay2win@gmail.com', 'F120', 'F71-gdusbabek@apache.org', 'F3-Class', 'F15-NA', 'F3-InetAddress', 'F71-jmckenzie@apache.org', 'F3-byte[]', 'F71-eevans@apache.org', 'F123', 'F41', 'F3-EncryptionOptions', 'F71-jake@apache.org', 'F104', 'F71-sylvain@datastax.com', 'F72', 'F110', 'F3-arg0.name().toByteBuffer()'}
     F72   F25  ... F71-tyler@datastax.com F71-slebresne@apache.org
1  10814  1620  ...                      1                        0
2  10814  1620  ...                      1                        0
3  10896  1629  ...                      0                        0

[3 rows x 60 columns]
;.;
        F72       F25  ...  F71-tyler@datastax.com  F71-slebresne@apache.org
0  0.743258  0.700389  ...                     1.0                       0.0
1  0.743258  0.700389  ...                     1.0                       0.0
2  0.750369  0.704280  ...                     0.0                       0.0

[3 rows x 60 columns]
training_x: (2584, 60)
training_y: 2584
testset_x: (2601, 60)
testset_y: 2601
              precision    recall  f1-score   support

           0       0.98      0.99      0.99      2245
           1       0.94      0.90      0.92       356

    accuracy                           0.98      2601
   macro avg       0.96      0.95      0.96      2601
weighted avg       0.98      0.98      0.98      2601

accuracy: 0.9796232218377547
0.9239598278335724
@@@ tn: 2226, fp: 19, fn: 34, tp: 322
@@@ LIME - Creating explainer
@@@ LIME - Random Sampling of Instances
iter: 0, sample_no: 1692, actual label: 0, predicted: 0
iter: 1, sample_no: 1528, actual label: 0, predicted: 0
iter: 2, sample_no: 668, actual label: 0, predicted: 0
iter: 3, sample_no: 72, actual label: 0, predicted: 0
iter: 4, sample_no: 2360, actual label: 1, predicted: 1
iter: 5, sample_no: 72, actual label: 0, predicted: 0
iter: 6, sample_no: 334, actual label: 0, predicted: 0
iter: 7, sample_no: 1006, actual label: 1, predicted: 1
iter: 8, sample_no: 1550, actual label: 0, predicted: 0
iter: 9, sample_no: 1671, actual label: 0, predicted: 0
iter: 10, sample_no: 1119, actual label: 0, predicted: 0
iter: 11, sample_no: 914, actual label: 1, predicted: 0
iter: 12, sample_no: 1616, actual label: 1, predicted: 1
iter: 13, sample_no: 566, actual label: 0, predicted: 0
iter: 14, sample_no: 1535, actual label: 1, predicted: 1
iter: 15, sample_no: 1693, actual label: 0, predicted: 0
iter: 16, sample_no: 1193, actual label: 0, predicted: 0
iter: 17, sample_no: 2031, actual label: 0, predicted: 0
iter: 18, sample_no: 1072, actual label: 0, predicted: 0
iter: 19, sample_no: 1197, actual label: 0, predicted: 0
iter: 20, sample_no: 1459, actual label: 0, predicted: 0
iter: 21, sample_no: 1924, actual label: 0, predicted: 0
iter: 22, sample_no: 238, actual label: 0, predicted: 0
iter: 23, sample_no: 613, actual label: 0, predicted: 0
iter: 24, sample_no: 997, actual label: 0, predicted: 0
number of samples: 2601
AUC 0.9957446009859613
pos_get 356
total recall stop_at 1.0
----------threshold stop at----------: 1
AUC [0.9957452265959311, 0.9957446009859613, 0.9957446009859614, 0.9957446009859613, 0.9957446009859613, 0.9957446009859614, 0.9957546107454769, 0.9957446009859613, 0.9957452265959311, 0.9957446009859613]
AUC_median 0.9957446009859614
AUC_iqr 4.6920747742706936e-07
cost [0.4002306805074971, 0.4002306805074971, 0.4002306805074971, 0.4002306805074971, 0.4002306805074971, 0.4002306805074971, 0.4002306805074971, 0.4002306805074971, 0.4002306805074971, 0.4002306805074971]
COST_med 0.4002306805074971
COST_iqr 0.0
f1_pos_list [np.float64(0.9239598278335724), np.float64(0.9239598278335724), np.float64(0.9239598278335724), np.float64(0.9239598278335724), np.float64(0.9239598278335724), np.float64(0.9239598278335724), np.float64(0.9239598278335724), np.float64(0.9239598278335724), np.float64(0.9239598278335724), np.float64(0.9239598278335724)]
f1_pos_med 0.9239598278335724
total_tn 22260
total_fp 190
total_fn 340
total_tp 3220
p= 0.9442815249266863
r= 0.9044943820224719
f= 0.9239598278335724
