@@@ A - classifier: SVC(class_weight='balanced', kernel='linear', probability=True)
@@@ B - threshold stop at: 1
@@@ C - Repeat number: 1
@@@ D - common_header:  {'F71-rhillegas@apache.org', 'F3-PrintWriter', 'F116', 'F115', 'F3-QualifiedIdentifier', 'F120', 'F77', 'F3-String', 'F101', 'F41', 'F71-mikem@apache.org', 'F71-kristwaa@apache.org', 'F3-boolean', 'F15-public', 'F71-bandaram@apache.org', 'F71-bakksjo@apache.org', 'F3-InputStream', 'F65', 'F25', 'F71-dag@apache.org', 'category', 'F71-kmarsden@apache.org', 'F71-myrnavl@apache.org', 'F3-TransactionController', 'F71-coar@apache.org', 'F3-SQLException', 'F68', 'F117', 'F123', 'F71-davidvc@apache.org', 'F126', 'F71-mamta@apache.org', 'F71-bernt@apache.org', 'F71-fuzzylogic@apache.org', 'F3-long', 'F3-int[]', 'F3-byte[]', 'F3-Connection', 'F71-oysteing@apache.org', 'F104', 'F71-suresht@apache.org', 'F71-djd@apache.org', 'F15-protected', 'F110', 'F3-null', 'F3-NA', 'F3-ResultSet', 'F3-int', 'F71-bpendleton@apache.org', 'F71-kahatlen@apache.org', 'F15-private', 'F3-ExecRow', 'F72', 'F15-NA', 'F105', 'F22'}
    F72   F25  ... F71-bpendleton@apache.org F71-coar@apache.org
1  3644  1649  ...                         0                   0
2  3644  1649  ...                         0                   0
3  3644  1649  ...                         0                   0

[3 rows x 55 columns]
;.;
        F72       F25  ...  F71-bpendleton@apache.org  F71-coar@apache.org
0  0.355718  0.538185  ...                        0.0                  0.0
1  0.355718  0.538185  ...                        0.0                  0.0
2  0.355718  0.538185  ...                        0.0                  0.0

[3 rows x 55 columns]
training_x: (2662, 55)
training_y: 2662
testset_x: (489, 55)
testset_y: 489
              precision    recall  f1-score   support

           0       0.85      0.49      0.62       442
           1       0.04      0.19      0.06        47

    accuracy                           0.46       489
   macro avg       0.44      0.34      0.34       489
weighted avg       0.77      0.46      0.57       489

accuracy: 0.45807770961145194
0.0636042402826855
@@@ tn: 215, fp: 227, fn: 38, tp: 9
@@@ LIME - Creating explainer
@@@ LIME - Random Sampling of Instances
iter: 0, sample_no: 320, actual label: 0, predicted: 0
iter: 1, sample_no: 464, actual label: 1, predicted: 0
iter: 2, sample_no: 451, actual label: 1, predicted: 0
iter: 3, sample_no: 135, actual label: 0, predicted: 1
iter: 4, sample_no: 255, actual label: 0, predicted: 1
iter: 5, sample_no: 239, actual label: 0, predicted: 1
iter: 6, sample_no: 308, actual label: 0, predicted: 1
iter: 7, sample_no: 132, actual label: 0, predicted: 1
iter: 8, sample_no: 349, actual label: 0, predicted: 0
iter: 9, sample_no: 357, actual label: 0, predicted: 1
iter: 10, sample_no: 380, actual label: 0, predicted: 0
iter: 11, sample_no: 195, actual label: 0, predicted: 0
iter: 12, sample_no: 151, actual label: 0, predicted: 0
iter: 13, sample_no: 381, actual label: 0, predicted: 0
iter: 14, sample_no: 419, actual label: 0, predicted: 0
iter: 15, sample_no: 324, actual label: 0, predicted: 1
iter: 16, sample_no: 469, actual label: 0, predicted: 0
iter: 17, sample_no: 138, actual label: 0, predicted: 1
iter: 18, sample_no: 261, actual label: 0, predicted: 1
iter: 19, sample_no: 115, actual label: 0, predicted: 0
iter: 20, sample_no: 155, actual label: 0, predicted: 0
iter: 21, sample_no: 59, actual label: 0, predicted: 0
iter: 22, sample_no: 189, actual label: 0, predicted: 1
iter: 23, sample_no: 164, actual label: 0, predicted: 1
iter: 24, sample_no: 465, actual label: 1, predicted: 0
number of samples: 489
AUC 0.33144796380090497
pos_get 47
total recall stop_at 1.0
@@@ C - Repeat number: 2
@@@ D - common_header:  {'F71-rhillegas@apache.org', 'F3-PrintWriter', 'F116', 'F115', 'F3-QualifiedIdentifier', 'F120', 'F77', 'F3-String', 'F101', 'F41', 'F71-mikem@apache.org', 'F71-kristwaa@apache.org', 'F3-boolean', 'F15-public', 'F71-bandaram@apache.org', 'F71-bakksjo@apache.org', 'F3-InputStream', 'F65', 'F25', 'F71-dag@apache.org', 'category', 'F71-kmarsden@apache.org', 'F71-myrnavl@apache.org', 'F3-TransactionController', 'F71-coar@apache.org', 'F3-SQLException', 'F68', 'F117', 'F123', 'F71-davidvc@apache.org', 'F126', 'F71-mamta@apache.org', 'F71-bernt@apache.org', 'F71-fuzzylogic@apache.org', 'F3-long', 'F3-int[]', 'F3-byte[]', 'F3-Connection', 'F71-oysteing@apache.org', 'F104', 'F71-suresht@apache.org', 'F71-djd@apache.org', 'F15-protected', 'F110', 'F3-null', 'F3-NA', 'F3-ResultSet', 'F3-int', 'F71-bpendleton@apache.org', 'F71-kahatlen@apache.org', 'F15-private', 'F3-ExecRow', 'F72', 'F15-NA', 'F105', 'F22'}
    F72   F25  ... F71-bpendleton@apache.org F71-coar@apache.org
1  3644  1649  ...                         0                   0
2  3644  1649  ...                         0                   0
3  3644  1649  ...                         0                   0

[3 rows x 55 columns]
;.;
        F72       F25  ...  F71-bpendleton@apache.org  F71-coar@apache.org
0  0.355718  0.538185  ...                        0.0                  0.0
1  0.355718  0.538185  ...                        0.0                  0.0
2  0.355718  0.538185  ...                        0.0                  0.0

[3 rows x 55 columns]
training_x: (2662, 55)
training_y: 2662
testset_x: (489, 55)
testset_y: 489
              precision    recall  f1-score   support

           0       0.85      0.49      0.62       442
           1       0.04      0.19      0.06        47

    accuracy                           0.46       489
   macro avg       0.44      0.34      0.34       489
weighted avg       0.77      0.46      0.57       489

accuracy: 0.45807770961145194
0.0636042402826855
@@@ tn: 215, fp: 227, fn: 38, tp: 9
@@@ LIME - Creating explainer
@@@ LIME - Random Sampling of Instances
iter: 0, sample_no: 419, actual label: 0, predicted: 0
iter: 1, sample_no: 326, actual label: 0, predicted: 1
iter: 2, sample_no: 336, actual label: 0, predicted: 0
iter: 3, sample_no: 68, actual label: 0, predicted: 1
iter: 4, sample_no: 85, actual label: 0, predicted: 0
iter: 5, sample_no: 46, actual label: 0, predicted: 0
iter: 6, sample_no: 404, actual label: 0, predicted: 0
iter: 7, sample_no: 126, actual label: 0, predicted: 1
iter: 8, sample_no: 330, actual label: 0, predicted: 1
iter: 9, sample_no: 419, actual label: 0, predicted: 0
iter: 10, sample_no: 475, actual label: 0, predicted: 1
iter: 11, sample_no: 247, actual label: 0, predicted: 1
iter: 12, sample_no: 426, actual label: 0, predicted: 0
iter: 13, sample_no: 370, actual label: 0, predicted: 0
iter: 14, sample_no: 250, actual label: 0, predicted: 1
iter: 15, sample_no: 255, actual label: 0, predicted: 1
iter: 16, sample_no: 233, actual label: 0, predicted: 1
iter: 17, sample_no: 453, actual label: 1, predicted: 0
iter: 18, sample_no: 145, actual label: 0, predicted: 1
iter: 19, sample_no: 234, actual label: 0, predicted: 1
iter: 20, sample_no: 135, actual label: 0, predicted: 1
iter: 21, sample_no: 96, actual label: 0, predicted: 0
iter: 22, sample_no: 304, actual label: 0, predicted: 1
iter: 23, sample_no: 357, actual label: 0, predicted: 1
iter: 24, sample_no: 409, actual label: 0, predicted: 0
number of samples: 489
AUC 0.3313276210647926
pos_get 47
total recall stop_at 1.0
@@@ C - Repeat number: 3
@@@ D - common_header:  {'F71-rhillegas@apache.org', 'F3-PrintWriter', 'F116', 'F115', 'F3-QualifiedIdentifier', 'F120', 'F77', 'F3-String', 'F101', 'F41', 'F71-mikem@apache.org', 'F71-kristwaa@apache.org', 'F3-boolean', 'F15-public', 'F71-bandaram@apache.org', 'F71-bakksjo@apache.org', 'F3-InputStream', 'F65', 'F25', 'F71-dag@apache.org', 'category', 'F71-kmarsden@apache.org', 'F71-myrnavl@apache.org', 'F3-TransactionController', 'F71-coar@apache.org', 'F3-SQLException', 'F68', 'F117', 'F123', 'F71-davidvc@apache.org', 'F126', 'F71-mamta@apache.org', 'F71-bernt@apache.org', 'F71-fuzzylogic@apache.org', 'F3-long', 'F3-int[]', 'F3-byte[]', 'F3-Connection', 'F71-oysteing@apache.org', 'F104', 'F71-suresht@apache.org', 'F71-djd@apache.org', 'F15-protected', 'F110', 'F3-null', 'F3-NA', 'F3-ResultSet', 'F3-int', 'F71-bpendleton@apache.org', 'F71-kahatlen@apache.org', 'F15-private', 'F3-ExecRow', 'F72', 'F15-NA', 'F105', 'F22'}
    F72   F25  ... F71-bpendleton@apache.org F71-coar@apache.org
1  3644  1649  ...                         0                   0
2  3644  1649  ...                         0                   0
3  3644  1649  ...                         0                   0

[3 rows x 55 columns]
;.;
        F72       F25  ...  F71-bpendleton@apache.org  F71-coar@apache.org
0  0.355718  0.538185  ...                        0.0                  0.0
1  0.355718  0.538185  ...                        0.0                  0.0
2  0.355718  0.538185  ...                        0.0                  0.0

[3 rows x 55 columns]
training_x: (2662, 55)
training_y: 2662
testset_x: (489, 55)
testset_y: 489
              precision    recall  f1-score   support

           0       0.85      0.49      0.62       442
           1       0.04      0.19      0.06        47

    accuracy                           0.46       489
   macro avg       0.44      0.34      0.34       489
weighted avg       0.77      0.46      0.57       489

accuracy: 0.45807770961145194
0.0636042402826855
@@@ tn: 215, fp: 227, fn: 38, tp: 9
@@@ LIME - Creating explainer
@@@ LIME - Random Sampling of Instances
iter: 0, sample_no: 414, actual label: 0, predicted: 1
iter: 1, sample_no: 191, actual label: 0, predicted: 0
iter: 2, sample_no: 277, actual label: 0, predicted: 1
iter: 3, sample_no: 436, actual label: 1, predicted: 0
iter: 4, sample_no: 240, actual label: 0, predicted: 1
iter: 5, sample_no: 160, actual label: 0, predicted: 1
iter: 6, sample_no: 477, actual label: 0, predicted: 0
iter: 7, sample_no: 35, actual label: 0, predicted: 0
iter: 8, sample_no: 231, actual label: 0, predicted: 1
iter: 9, sample_no: 146, actual label: 0, predicted: 0
iter: 10, sample_no: 293, actual label: 0, predicted: 1
iter: 11, sample_no: 364, actual label: 0, predicted: 1
iter: 12, sample_no: 17, actual label: 0, predicted: 1
iter: 13, sample_no: 288, actual label: 0, predicted: 1
iter: 14, sample_no: 342, actual label: 0, predicted: 0
iter: 15, sample_no: 324, actual label: 0, predicted: 1
iter: 16, sample_no: 99, actual label: 0, predicted: 0
iter: 17, sample_no: 76, actual label: 0, predicted: 0
iter: 18, sample_no: 145, actual label: 0, predicted: 1
iter: 19, sample_no: 143, actual label: 0, predicted: 1
iter: 20, sample_no: 435, actual label: 1, predicted: 0
iter: 21, sample_no: 5, actual label: 0, predicted: 1
iter: 22, sample_no: 87, actual label: 0, predicted: 0
iter: 23, sample_no: 263, actual label: 0, predicted: 1
iter: 24, sample_no: 202, actual label: 0, predicted: 0
number of samples: 489
AUC 0.3313276210647926
pos_get 47
total recall stop_at 1.0
@@@ C - Repeat number: 4
@@@ D - common_header:  {'F71-rhillegas@apache.org', 'F3-PrintWriter', 'F116', 'F115', 'F3-QualifiedIdentifier', 'F120', 'F77', 'F3-String', 'F101', 'F41', 'F71-mikem@apache.org', 'F71-kristwaa@apache.org', 'F3-boolean', 'F15-public', 'F71-bandaram@apache.org', 'F71-bakksjo@apache.org', 'F3-InputStream', 'F65', 'F25', 'F71-dag@apache.org', 'category', 'F71-kmarsden@apache.org', 'F71-myrnavl@apache.org', 'F3-TransactionController', 'F71-coar@apache.org', 'F3-SQLException', 'F68', 'F117', 'F123', 'F71-davidvc@apache.org', 'F126', 'F71-mamta@apache.org', 'F71-bernt@apache.org', 'F71-fuzzylogic@apache.org', 'F3-long', 'F3-int[]', 'F3-byte[]', 'F3-Connection', 'F71-oysteing@apache.org', 'F104', 'F71-suresht@apache.org', 'F71-djd@apache.org', 'F15-protected', 'F110', 'F3-null', 'F3-NA', 'F3-ResultSet', 'F3-int', 'F71-bpendleton@apache.org', 'F71-kahatlen@apache.org', 'F15-private', 'F3-ExecRow', 'F72', 'F15-NA', 'F105', 'F22'}
    F72   F25  ... F71-bpendleton@apache.org F71-coar@apache.org
1  3644  1649  ...                         0                   0
2  3644  1649  ...                         0                   0
3  3644  1649  ...                         0                   0

[3 rows x 55 columns]
;.;
        F72       F25  ...  F71-bpendleton@apache.org  F71-coar@apache.org
0  0.355718  0.538185  ...                        0.0                  0.0
1  0.355718  0.538185  ...                        0.0                  0.0
2  0.355718  0.538185  ...                        0.0                  0.0

[3 rows x 55 columns]
training_x: (2662, 55)
training_y: 2662
testset_x: (489, 55)
testset_y: 489
              precision    recall  f1-score   support

           0       0.85      0.49      0.62       442
           1       0.04      0.19      0.06        47

    accuracy                           0.46       489
   macro avg       0.44      0.34      0.34       489
weighted avg       0.77      0.46      0.57       489

accuracy: 0.45807770961145194
0.0636042402826855
@@@ tn: 215, fp: 227, fn: 38, tp: 9
@@@ LIME - Creating explainer
@@@ LIME - Random Sampling of Instances
iter: 0, sample_no: 325, actual label: 0, predicted: 1
iter: 1, sample_no: 440, actual label: 1, predicted: 0
iter: 2, sample_no: 277, actual label: 0, predicted: 1
iter: 3, sample_no: 343, actual label: 0, predicted: 0
iter: 4, sample_no: 357, actual label: 0, predicted: 1
iter: 5, sample_no: 330, actual label: 0, predicted: 1
iter: 6, sample_no: 416, actual label: 0, predicted: 1
iter: 7, sample_no: 430, actual label: 0, predicted: 0
iter: 8, sample_no: 401, actual label: 0, predicted: 0
iter: 9, sample_no: 166, actual label: 0, predicted: 1
iter: 10, sample_no: 273, actual label: 0, predicted: 1
iter: 11, sample_no: 421, actual label: 0, predicted: 0
iter: 12, sample_no: 212, actual label: 0, predicted: 1
iter: 13, sample_no: 356, actual label: 0, predicted: 0
iter: 14, sample_no: 476, actual label: 0, predicted: 1
iter: 15, sample_no: 183, actual label: 0, predicted: 0
iter: 16, sample_no: 235, actual label: 0, predicted: 1
iter: 17, sample_no: 479, actual label: 0, predicted: 1
iter: 18, sample_no: 209, actual label: 0, predicted: 0
iter: 19, sample_no: 324, actual label: 0, predicted: 1
iter: 20, sample_no: 115, actual label: 0, predicted: 0
iter: 21, sample_no: 264, actual label: 0, predicted: 1
iter: 22, sample_no: 288, actual label: 0, predicted: 1
iter: 23, sample_no: 103, actual label: 0, predicted: 0
iter: 24, sample_no: 441, actual label: 1, predicted: 0
number of samples: 489
AUC 0.33144796380090497
pos_get 47
total recall stop_at 1.0
@@@ C - Repeat number: 5
@@@ D - common_header:  {'F71-rhillegas@apache.org', 'F3-PrintWriter', 'F116', 'F115', 'F3-QualifiedIdentifier', 'F120', 'F77', 'F3-String', 'F101', 'F41', 'F71-mikem@apache.org', 'F71-kristwaa@apache.org', 'F3-boolean', 'F15-public', 'F71-bandaram@apache.org', 'F71-bakksjo@apache.org', 'F3-InputStream', 'F65', 'F25', 'F71-dag@apache.org', 'category', 'F71-kmarsden@apache.org', 'F71-myrnavl@apache.org', 'F3-TransactionController', 'F71-coar@apache.org', 'F3-SQLException', 'F68', 'F117', 'F123', 'F71-davidvc@apache.org', 'F126', 'F71-mamta@apache.org', 'F71-bernt@apache.org', 'F71-fuzzylogic@apache.org', 'F3-long', 'F3-int[]', 'F3-byte[]', 'F3-Connection', 'F71-oysteing@apache.org', 'F104', 'F71-suresht@apache.org', 'F71-djd@apache.org', 'F15-protected', 'F110', 'F3-null', 'F3-NA', 'F3-ResultSet', 'F3-int', 'F71-bpendleton@apache.org', 'F71-kahatlen@apache.org', 'F15-private', 'F3-ExecRow', 'F72', 'F15-NA', 'F105', 'F22'}
    F72   F25  ... F71-bpendleton@apache.org F71-coar@apache.org
1  3644  1649  ...                         0                   0
2  3644  1649  ...                         0                   0
3  3644  1649  ...                         0                   0

[3 rows x 55 columns]
;.;
        F72       F25  ...  F71-bpendleton@apache.org  F71-coar@apache.org
0  0.355718  0.538185  ...                        0.0                  0.0
1  0.355718  0.538185  ...                        0.0                  0.0
2  0.355718  0.538185  ...                        0.0                  0.0

[3 rows x 55 columns]
training_x: (2662, 55)
training_y: 2662
testset_x: (489, 55)
testset_y: 489
              precision    recall  f1-score   support

           0       0.85      0.49      0.62       442
           1       0.04      0.19      0.06        47

    accuracy                           0.46       489
   macro avg       0.44      0.34      0.34       489
weighted avg       0.77      0.46      0.57       489

accuracy: 0.45807770961145194
0.0636042402826855
@@@ tn: 215, fp: 227, fn: 38, tp: 9
@@@ LIME - Creating explainer
@@@ LIME - Random Sampling of Instances
iter: 0, sample_no: 390, actual label: 0, predicted: 1
iter: 1, sample_no: 173, actual label: 0, predicted: 1
iter: 2, sample_no: 361, actual label: 0, predicted: 0
iter: 3, sample_no: 142, actual label: 0, predicted: 1
iter: 4, sample_no: 150, actual label: 0, predicted: 0
iter: 5, sample_no: 207, actual label: 0, predicted: 0
iter: 6, sample_no: 300, actual label: 0, predicted: 1
iter: 7, sample_no: 226, actual label: 0, predicted: 1
iter: 8, sample_no: 98, actual label: 0, predicted: 0
iter: 9, sample_no: 14, actual label: 0, predicted: 0
iter: 10, sample_no: 361, actual label: 0, predicted: 0
iter: 11, sample_no: 170, actual label: 0, predicted: 1
iter: 12, sample_no: 200, actual label: 0, predicted: 1
iter: 13, sample_no: 422, actual label: 0, predicted: 0
iter: 14, sample_no: 20, actual label: 0, predicted: 0
iter: 15, sample_no: 90, actual label: 0, predicted: 1
iter: 16, sample_no: 180, actual label: 0, predicted: 1
iter: 17, sample_no: 155, actual label: 0, predicted: 0
iter: 18, sample_no: 363, actual label: 0, predicted: 1
iter: 19, sample_no: 463, actual label: 1, predicted: 0
iter: 20, sample_no: 90, actual label: 0, predicted: 1
iter: 21, sample_no: 105, actual label: 0, predicted: 0
iter: 22, sample_no: 264, actual label: 0, predicted: 1
iter: 23, sample_no: 36, actual label: 0, predicted: 0
iter: 24, sample_no: 220, actual label: 0, predicted: 1
number of samples: 489
AUC 0.3313757581592375
pos_get 47
total recall stop_at 1.0
@@@ C - Repeat number: 6
@@@ D - common_header:  {'F71-rhillegas@apache.org', 'F3-PrintWriter', 'F116', 'F115', 'F3-QualifiedIdentifier', 'F120', 'F77', 'F3-String', 'F101', 'F41', 'F71-mikem@apache.org', 'F71-kristwaa@apache.org', 'F3-boolean', 'F15-public', 'F71-bandaram@apache.org', 'F71-bakksjo@apache.org', 'F3-InputStream', 'F65', 'F25', 'F71-dag@apache.org', 'category', 'F71-kmarsden@apache.org', 'F71-myrnavl@apache.org', 'F3-TransactionController', 'F71-coar@apache.org', 'F3-SQLException', 'F68', 'F117', 'F123', 'F71-davidvc@apache.org', 'F126', 'F71-mamta@apache.org', 'F71-bernt@apache.org', 'F71-fuzzylogic@apache.org', 'F3-long', 'F3-int[]', 'F3-byte[]', 'F3-Connection', 'F71-oysteing@apache.org', 'F104', 'F71-suresht@apache.org', 'F71-djd@apache.org', 'F15-protected', 'F110', 'F3-null', 'F3-NA', 'F3-ResultSet', 'F3-int', 'F71-bpendleton@apache.org', 'F71-kahatlen@apache.org', 'F15-private', 'F3-ExecRow', 'F72', 'F15-NA', 'F105', 'F22'}
    F72   F25  ... F71-bpendleton@apache.org F71-coar@apache.org
1  3644  1649  ...                         0                   0
2  3644  1649  ...                         0                   0
3  3644  1649  ...                         0                   0

[3 rows x 55 columns]
;.;
        F72       F25  ...  F71-bpendleton@apache.org  F71-coar@apache.org
0  0.355718  0.538185  ...                        0.0                  0.0
1  0.355718  0.538185  ...                        0.0                  0.0
2  0.355718  0.538185  ...                        0.0                  0.0

[3 rows x 55 columns]
training_x: (2662, 55)
training_y: 2662
testset_x: (489, 55)
testset_y: 489
              precision    recall  f1-score   support

           0       0.85      0.49      0.62       442
           1       0.04      0.19      0.06        47

    accuracy                           0.46       489
   macro avg       0.44      0.34      0.34       489
weighted avg       0.77      0.46      0.57       489

accuracy: 0.45807770961145194
0.0636042402826855
@@@ tn: 215, fp: 227, fn: 38, tp: 9
@@@ LIME - Creating explainer
@@@ LIME - Random Sampling of Instances
iter: 0, sample_no: 51, actual label: 0, predicted: 0
iter: 1, sample_no: 79, actual label: 0, predicted: 0
iter: 2, sample_no: 20, actual label: 0, predicted: 0
iter: 3, sample_no: 405, actual label: 0, predicted: 0
iter: 4, sample_no: 394, actual label: 0, predicted: 1
iter: 5, sample_no: 454, actual label: 1, predicted: 0
iter: 6, sample_no: 263, actual label: 0, predicted: 1
iter: 7, sample_no: 302, actual label: 0, predicted: 0
iter: 8, sample_no: 211, actual label: 0, predicted: 0
iter: 9, sample_no: 399, actual label: 0, predicted: 1
iter: 10, sample_no: 291, actual label: 0, predicted: 1
iter: 11, sample_no: 169, actual label: 0, predicted: 1
iter: 12, sample_no: 126, actual label: 0, predicted: 1
iter: 13, sample_no: 460, actual label: 1, predicted: 0
iter: 14, sample_no: 358, actual label: 0, predicted: 0
iter: 15, sample_no: 299, actual label: 0, predicted: 1
iter: 16, sample_no: 295, actual label: 0, predicted: 1
iter: 17, sample_no: 324, actual label: 0, predicted: 1
iter: 18, sample_no: 102, actual label: 0, predicted: 0
iter: 19, sample_no: 280, actual label: 0, predicted: 0
iter: 20, sample_no: 201, actual label: 0, predicted: 0
iter: 21, sample_no: 382, actual label: 0, predicted: 1
iter: 22, sample_no: 81, actual label: 0, predicted: 0
iter: 23, sample_no: 27, actual label: 0, predicted: 0
iter: 24, sample_no: 240, actual label: 0, predicted: 1
number of samples: 489
AUC 0.33144796380090497
pos_get 47
total recall stop_at 1.0
@@@ C - Repeat number: 7
@@@ D - common_header:  {'F71-rhillegas@apache.org', 'F3-PrintWriter', 'F116', 'F115', 'F3-QualifiedIdentifier', 'F120', 'F77', 'F3-String', 'F101', 'F41', 'F71-mikem@apache.org', 'F71-kristwaa@apache.org', 'F3-boolean', 'F15-public', 'F71-bandaram@apache.org', 'F71-bakksjo@apache.org', 'F3-InputStream', 'F65', 'F25', 'F71-dag@apache.org', 'category', 'F71-kmarsden@apache.org', 'F71-myrnavl@apache.org', 'F3-TransactionController', 'F71-coar@apache.org', 'F3-SQLException', 'F68', 'F117', 'F123', 'F71-davidvc@apache.org', 'F126', 'F71-mamta@apache.org', 'F71-bernt@apache.org', 'F71-fuzzylogic@apache.org', 'F3-long', 'F3-int[]', 'F3-byte[]', 'F3-Connection', 'F71-oysteing@apache.org', 'F104', 'F71-suresht@apache.org', 'F71-djd@apache.org', 'F15-protected', 'F110', 'F3-null', 'F3-NA', 'F3-ResultSet', 'F3-int', 'F71-bpendleton@apache.org', 'F71-kahatlen@apache.org', 'F15-private', 'F3-ExecRow', 'F72', 'F15-NA', 'F105', 'F22'}
    F72   F25  ... F71-bpendleton@apache.org F71-coar@apache.org
1  3644  1649  ...                         0                   0
2  3644  1649  ...                         0                   0
3  3644  1649  ...                         0                   0

[3 rows x 55 columns]
;.;
        F72       F25  ...  F71-bpendleton@apache.org  F71-coar@apache.org
0  0.355718  0.538185  ...                        0.0                  0.0
1  0.355718  0.538185  ...                        0.0                  0.0
2  0.355718  0.538185  ...                        0.0                  0.0

[3 rows x 55 columns]
training_x: (2662, 55)
training_y: 2662
testset_x: (489, 55)
testset_y: 489
              precision    recall  f1-score   support

           0       0.85      0.49      0.62       442
           1       0.04      0.19      0.06        47

    accuracy                           0.46       489
   macro avg       0.44      0.34      0.34       489
weighted avg       0.77      0.46      0.57       489

accuracy: 0.45807770961145194
0.0636042402826855
@@@ tn: 215, fp: 227, fn: 38, tp: 9
@@@ LIME - Creating explainer
@@@ LIME - Random Sampling of Instances
iter: 0, sample_no: 173, actual label: 0, predicted: 1
iter: 1, sample_no: 58, actual label: 0, predicted: 0
iter: 2, sample_no: 271, actual label: 0, predicted: 1
iter: 3, sample_no: 327, actual label: 0, predicted: 0
iter: 4, sample_no: 302, actual label: 0, predicted: 0
iter: 5, sample_no: 124, actual label: 0, predicted: 0
iter: 6, sample_no: 179, actual label: 0, predicted: 1
iter: 7, sample_no: 37, actual label: 0, predicted: 0
iter: 8, sample_no: 293, actual label: 0, predicted: 1
iter: 9, sample_no: 209, actual label: 0, predicted: 0
iter: 10, sample_no: 44, actual label: 0, predicted: 0
iter: 11, sample_no: 65, actual label: 1, predicted: 1
iter: 12, sample_no: 447, actual label: 1, predicted: 0
iter: 13, sample_no: 136, actual label: 0, predicted: 1
iter: 14, sample_no: 73, actual label: 0, predicted: 1
iter: 15, sample_no: 75, actual label: 0, predicted: 0
iter: 16, sample_no: 404, actual label: 0, predicted: 0
iter: 17, sample_no: 57, actual label: 0, predicted: 0
iter: 18, sample_no: 173, actual label: 0, predicted: 1
iter: 19, sample_no: 121, actual label: 0, predicted: 0
iter: 20, sample_no: 97, actual label: 0, predicted: 0
iter: 21, sample_no: 464, actual label: 1, predicted: 0
iter: 22, sample_no: 23, actual label: 0, predicted: 0
iter: 23, sample_no: 309, actual label: 0, predicted: 0
iter: 24, sample_no: 191, actual label: 0, predicted: 0
number of samples: 489
AUC 0.3313276210647926
pos_get 47
total recall stop_at 1.0
@@@ C - Repeat number: 8
@@@ D - common_header:  {'F71-rhillegas@apache.org', 'F3-PrintWriter', 'F116', 'F115', 'F3-QualifiedIdentifier', 'F120', 'F77', 'F3-String', 'F101', 'F41', 'F71-mikem@apache.org', 'F71-kristwaa@apache.org', 'F3-boolean', 'F15-public', 'F71-bandaram@apache.org', 'F71-bakksjo@apache.org', 'F3-InputStream', 'F65', 'F25', 'F71-dag@apache.org', 'category', 'F71-kmarsden@apache.org', 'F71-myrnavl@apache.org', 'F3-TransactionController', 'F71-coar@apache.org', 'F3-SQLException', 'F68', 'F117', 'F123', 'F71-davidvc@apache.org', 'F126', 'F71-mamta@apache.org', 'F71-bernt@apache.org', 'F71-fuzzylogic@apache.org', 'F3-long', 'F3-int[]', 'F3-byte[]', 'F3-Connection', 'F71-oysteing@apache.org', 'F104', 'F71-suresht@apache.org', 'F71-djd@apache.org', 'F15-protected', 'F110', 'F3-null', 'F3-NA', 'F3-ResultSet', 'F3-int', 'F71-bpendleton@apache.org', 'F71-kahatlen@apache.org', 'F15-private', 'F3-ExecRow', 'F72', 'F15-NA', 'F105', 'F22'}
    F72   F25  ... F71-bpendleton@apache.org F71-coar@apache.org
1  3644  1649  ...                         0                   0
2  3644  1649  ...                         0                   0
3  3644  1649  ...                         0                   0

[3 rows x 55 columns]
;.;
        F72       F25  ...  F71-bpendleton@apache.org  F71-coar@apache.org
0  0.355718  0.538185  ...                        0.0                  0.0
1  0.355718  0.538185  ...                        0.0                  0.0
2  0.355718  0.538185  ...                        0.0                  0.0

[3 rows x 55 columns]
training_x: (2662, 55)
training_y: 2662
testset_x: (489, 55)
testset_y: 489
              precision    recall  f1-score   support

           0       0.85      0.49      0.62       442
           1       0.04      0.19      0.06        47

    accuracy                           0.46       489
   macro avg       0.44      0.34      0.34       489
weighted avg       0.77      0.46      0.57       489

accuracy: 0.45807770961145194
0.0636042402826855
@@@ tn: 215, fp: 227, fn: 38, tp: 9
@@@ LIME - Creating explainer
@@@ LIME - Random Sampling of Instances
iter: 0, sample_no: 480, actual label: 0, predicted: 1
iter: 1, sample_no: 343, actual label: 0, predicted: 0
iter: 2, sample_no: 161, actual label: 0, predicted: 1
iter: 3, sample_no: 298, actual label: 1, predicted: 1
iter: 4, sample_no: 203, actual label: 0, predicted: 0
iter: 5, sample_no: 61, actual label: 0, predicted: 0
iter: 6, sample_no: 5, actual label: 0, predicted: 1
iter: 7, sample_no: 212, actual label: 0, predicted: 1
iter: 8, sample_no: 327, actual label: 0, predicted: 0
iter: 9, sample_no: 393, actual label: 0, predicted: 0
iter: 10, sample_no: 174, actual label: 0, predicted: 1
iter: 11, sample_no: 31, actual label: 0, predicted: 0
iter: 12, sample_no: 124, actual label: 0, predicted: 0
iter: 13, sample_no: 466, actual label: 0, predicted: 0
iter: 14, sample_no: 105, actual label: 0, predicted: 0
iter: 15, sample_no: 384, actual label: 0, predicted: 0
iter: 16, sample_no: 185, actual label: 0, predicted: 0
iter: 17, sample_no: 452, actual label: 1, predicted: 0
iter: 18, sample_no: 216, actual label: 0, predicted: 1
iter: 19, sample_no: 99, actual label: 0, predicted: 0
iter: 20, sample_no: 42, actual label: 0, predicted: 0
iter: 21, sample_no: 334, actual label: 0, predicted: 1
iter: 22, sample_no: 453, actual label: 1, predicted: 0
iter: 23, sample_no: 198, actual label: 0, predicted: 1
iter: 24, sample_no: 372, actual label: 0, predicted: 0
number of samples: 489
AUC 0.33144796380090497
pos_get 47
total recall stop_at 1.0
@@@ C - Repeat number: 9
@@@ D - common_header:  {'F71-rhillegas@apache.org', 'F3-PrintWriter', 'F116', 'F115', 'F3-QualifiedIdentifier', 'F120', 'F77', 'F3-String', 'F101', 'F41', 'F71-mikem@apache.org', 'F71-kristwaa@apache.org', 'F3-boolean', 'F15-public', 'F71-bandaram@apache.org', 'F71-bakksjo@apache.org', 'F3-InputStream', 'F65', 'F25', 'F71-dag@apache.org', 'category', 'F71-kmarsden@apache.org', 'F71-myrnavl@apache.org', 'F3-TransactionController', 'F71-coar@apache.org', 'F3-SQLException', 'F68', 'F117', 'F123', 'F71-davidvc@apache.org', 'F126', 'F71-mamta@apache.org', 'F71-bernt@apache.org', 'F71-fuzzylogic@apache.org', 'F3-long', 'F3-int[]', 'F3-byte[]', 'F3-Connection', 'F71-oysteing@apache.org', 'F104', 'F71-suresht@apache.org', 'F71-djd@apache.org', 'F15-protected', 'F110', 'F3-null', 'F3-NA', 'F3-ResultSet', 'F3-int', 'F71-bpendleton@apache.org', 'F71-kahatlen@apache.org', 'F15-private', 'F3-ExecRow', 'F72', 'F15-NA', 'F105', 'F22'}
    F72   F25  ... F71-bpendleton@apache.org F71-coar@apache.org
1  3644  1649  ...                         0                   0
2  3644  1649  ...                         0                   0
3  3644  1649  ...                         0                   0

[3 rows x 55 columns]
;.;
        F72       F25  ...  F71-bpendleton@apache.org  F71-coar@apache.org
0  0.355718  0.538185  ...                        0.0                  0.0
1  0.355718  0.538185  ...                        0.0                  0.0
2  0.355718  0.538185  ...                        0.0                  0.0

[3 rows x 55 columns]
training_x: (2662, 55)
training_y: 2662
testset_x: (489, 55)
testset_y: 489
              precision    recall  f1-score   support

           0       0.85      0.49      0.62       442
           1       0.04      0.19      0.06        47

    accuracy                           0.46       489
   macro avg       0.44      0.34      0.34       489
weighted avg       0.77      0.46      0.57       489

accuracy: 0.45807770961145194
0.0636042402826855
@@@ tn: 215, fp: 227, fn: 38, tp: 9
@@@ LIME - Creating explainer
@@@ LIME - Random Sampling of Instances
iter: 0, sample_no: 57, actual label: 0, predicted: 0
iter: 1, sample_no: 426, actual label: 0, predicted: 0
iter: 2, sample_no: 223, actual label: 0, predicted: 1
iter: 3, sample_no: 178, actual label: 0, predicted: 1
iter: 4, sample_no: 276, actual label: 0, predicted: 0
iter: 5, sample_no: 432, actual label: 0, predicted: 1
iter: 6, sample_no: 350, actual label: 0, predicted: 0
iter: 7, sample_no: 92, actual label: 0, predicted: 1
iter: 8, sample_no: 461, actual label: 1, predicted: 0
iter: 9, sample_no: 472, actual label: 1, predicted: 0
iter: 10, sample_no: 193, actual label: 0, predicted: 0
iter: 11, sample_no: 20, actual label: 0, predicted: 0
iter: 12, sample_no: 138, actual label: 0, predicted: 1
iter: 13, sample_no: 44, actual label: 0, predicted: 0
iter: 14, sample_no: 240, actual label: 0, predicted: 1
iter: 15, sample_no: 354, actual label: 0, predicted: 0
iter: 16, sample_no: 15, actual label: 0, predicted: 0
iter: 17, sample_no: 184, actual label: 0, predicted: 1
iter: 18, sample_no: 269, actual label: 0, predicted: 1
iter: 19, sample_no: 280, actual label: 0, predicted: 0
iter: 20, sample_no: 262, actual label: 0, predicted: 1
iter: 21, sample_no: 93, actual label: 0, predicted: 0
iter: 22, sample_no: 445, actual label: 1, predicted: 0
iter: 23, sample_no: 65, actual label: 1, predicted: 1
iter: 24, sample_no: 313, actual label: 0, predicted: 1
number of samples: 489
AUC 0.33144796380090497
pos_get 47
total recall stop_at 1.0
@@@ C - Repeat number: 10
@@@ D - common_header:  {'F71-rhillegas@apache.org', 'F3-PrintWriter', 'F116', 'F115', 'F3-QualifiedIdentifier', 'F120', 'F77', 'F3-String', 'F101', 'F41', 'F71-mikem@apache.org', 'F71-kristwaa@apache.org', 'F3-boolean', 'F15-public', 'F71-bandaram@apache.org', 'F71-bakksjo@apache.org', 'F3-InputStream', 'F65', 'F25', 'F71-dag@apache.org', 'category', 'F71-kmarsden@apache.org', 'F71-myrnavl@apache.org', 'F3-TransactionController', 'F71-coar@apache.org', 'F3-SQLException', 'F68', 'F117', 'F123', 'F71-davidvc@apache.org', 'F126', 'F71-mamta@apache.org', 'F71-bernt@apache.org', 'F71-fuzzylogic@apache.org', 'F3-long', 'F3-int[]', 'F3-byte[]', 'F3-Connection', 'F71-oysteing@apache.org', 'F104', 'F71-suresht@apache.org', 'F71-djd@apache.org', 'F15-protected', 'F110', 'F3-null', 'F3-NA', 'F3-ResultSet', 'F3-int', 'F71-bpendleton@apache.org', 'F71-kahatlen@apache.org', 'F15-private', 'F3-ExecRow', 'F72', 'F15-NA', 'F105', 'F22'}
    F72   F25  ... F71-bpendleton@apache.org F71-coar@apache.org
1  3644  1649  ...                         0                   0
2  3644  1649  ...                         0                   0
3  3644  1649  ...                         0                   0

[3 rows x 55 columns]
;.;
        F72       F25  ...  F71-bpendleton@apache.org  F71-coar@apache.org
0  0.355718  0.538185  ...                        0.0                  0.0
1  0.355718  0.538185  ...                        0.0                  0.0
2  0.355718  0.538185  ...                        0.0                  0.0

[3 rows x 55 columns]
training_x: (2662, 55)
training_y: 2662
testset_x: (489, 55)
testset_y: 489
              precision    recall  f1-score   support

           0       0.85      0.49      0.62       442
           1       0.04      0.19      0.06        47

    accuracy                           0.46       489
   macro avg       0.44      0.34      0.34       489
weighted avg       0.77      0.46      0.57       489

accuracy: 0.45807770961145194
0.0636042402826855
@@@ tn: 215, fp: 227, fn: 38, tp: 9
@@@ LIME - Creating explainer
@@@ LIME - Random Sampling of Instances
iter: 0, sample_no: 156, actual label: 0, predicted: 0
iter: 1, sample_no: 253, actual label: 0, predicted: 1
iter: 2, sample_no: 142, actual label: 0, predicted: 1
iter: 3, sample_no: 288, actual label: 0, predicted: 1
iter: 4, sample_no: 302, actual label: 0, predicted: 0
iter: 5, sample_no: 34, actual label: 0, predicted: 0
iter: 6, sample_no: 97, actual label: 0, predicted: 0
iter: 7, sample_no: 46, actual label: 0, predicted: 0
iter: 8, sample_no: 25, actual label: 0, predicted: 0
iter: 9, sample_no: 190, actual label: 0, predicted: 0
iter: 10, sample_no: 450, actual label: 1, predicted: 0
iter: 11, sample_no: 316, actual label: 0, predicted: 1
iter: 12, sample_no: 344, actual label: 0, predicted: 0
iter: 13, sample_no: 218, actual label: 0, predicted: 1
iter: 14, sample_no: 216, actual label: 0, predicted: 1
iter: 15, sample_no: 342, actual label: 0, predicted: 0
iter: 16, sample_no: 456, actual label: 1, predicted: 0
iter: 17, sample_no: 281, actual label: 0, predicted: 1
iter: 18, sample_no: 29, actual label: 0, predicted: 0
iter: 19, sample_no: 471, actual label: 0, predicted: 1
iter: 20, sample_no: 442, actual label: 1, predicted: 0
iter: 21, sample_no: 258, actual label: 0, predicted: 1
iter: 22, sample_no: 58, actual label: 0, predicted: 0
iter: 23, sample_no: 95, actual label: 0, predicted: 0
iter: 24, sample_no: 64, actual label: 0, predicted: 1
number of samples: 489
AUC 0.3313757581592375
pos_get 47
total recall stop_at 1.0
----------threshold stop at----------: 1
AUC [0.33144796380090497, 0.3313276210647926, 0.3313276210647926, 0.33144796380090497, 0.3313757581592375, 0.33144796380090497, 0.3313276210647926, 0.33144796380090497, 0.33144796380090497, 0.3313757581592375]
AUC_median 0.33141186098007125
AUC_iqr 0.0001083084625011499
cost [0.9631901840490797, 0.9631901840490797, 0.9631901840490797, 0.9631901840490797, 0.9631901840490797, 0.9631901840490797, 0.9631901840490797, 0.9631901840490797, 0.9631901840490797, 0.9631901840490797]
COST_med 0.9631901840490797
COST_iqr 0.0
f1_pos_list [np.float64(0.0636042402826855), np.float64(0.0636042402826855), np.float64(0.0636042402826855), np.float64(0.0636042402826855), np.float64(0.0636042402826855), np.float64(0.0636042402826855), np.float64(0.0636042402826855), np.float64(0.0636042402826855), np.float64(0.0636042402826855), np.float64(0.0636042402826855)]
f1_pos_med 0.0636042402826855
total_tn 2150
total_fp 2270
total_fn 380
total_tp 90
p= 0.038135593220338986
r= 0.19148936170212766
f= 0.06360424028268552
