@@@ A - classifier: SVC(class_weight='balanced', kernel='linear', probability=True)
@@@ B - threshold stop at: 1
@@@ C - Repeat number: 1
will not use leaked features
@@@ D - common_header:  {'F3-StringProperty', 'F3-NA', 'F71-mstover1@apache.org', 'F3-GenericController', 'F71-fschumacher@unknown', 'F71-milamber@apache.org', 'F71-pmouawad@unknown', 'F25', 'F15-private', 'F71-rjung@apache.org', 'F15-NA', 'F3-byte[]', 'F3-boolean', 'F104', 'F3-JMeterTreeNode', 'F72', 'F101', 'F3-Object', 'F3-String[]', 'F71-jeremy_a@apache.org', 'F3-HttpRequestBase', 'F71-oros@apache.org', 'F22', 'F3-long', 'F65', 'F3-MenuIcon', 'F3-int', 'F3-Arguments', 'F41', 'F3-InterleaveControl.IGNORE_SUB_CONTROLLERS', 'F105', 'F15-public', 'F71-dev-null@apache.org', 'F71-mblankestijn@apache.org', 'F71-jsalvata@apache.org', 'category', 'F71-sebb@apache.org', 'F68', 'F123', 'F126', 'F71-seade@apache.org', 'F71-dims@apache.org', 'F71-alf@apache.org', 'F3-HashTree', 'F71-woolfel@apache.org', 'F3-TestElementProperty', 'F71-fschumacher@apache.org', 'F71-thads@apache.org', 'F77', 'F3-String', 'F15-protected', 'F71-undera@apache.org', 'F3-CollectionProperty', 'F71-pmouawad@apache.org'}
     F72   F25  ... F71-undera@apache.org F71-pmouawad@unknown
1  11856  3757  ...                     0                    0
2  11856  3757  ...                     0                    0
3  11856  3757  ...                     0                    0

[3 rows x 53 columns]
;.;
        F72       F25  ...  F71-undera@apache.org  F71-pmouawad@unknown
0  0.825454  0.798343  ...                    0.0                   0.0
1  0.825454  0.798343  ...                    0.0                   0.0
2  0.825454  0.798343  ...                    0.0                   0.0

[3 rows x 53 columns]
training_x: (604, 53)
training_y: 604
testset_x: (613, 53)
testset_y: 613
              precision    recall  f1-score   support

           0       0.87      0.78      0.82       468
           1       0.46      0.61      0.53       145

    accuracy                           0.74       613
   macro avg       0.67      0.70      0.67       613
weighted avg       0.77      0.74      0.75       613

accuracy: 0.7406199021207178
0.5281899109792285
@@@ tn: 365, fp: 103, fn: 56, tp: 89
@@@ LIME - Creating explainer
@@@ LIME - Random Sampling of Instances
iter: 0, sample_no: 320, actual label: 1, predicted: 1
iter: 1, sample_no: 403, actual label: 0, predicted: 1
iter: 2, sample_no: 229, actual label: 0, predicted: 1
iter: 3, sample_no: 295, actual label: 0, predicted: 0
iter: 4, sample_no: 207, actual label: 0, predicted: 0
iter: 5, sample_no: 542, actual label: 0, predicted: 0
iter: 6, sample_no: 608, actual label: 0, predicted: 0
iter: 7, sample_no: 559, actual label: 1, predicted: 1
iter: 8, sample_no: 448, actual label: 0, predicted: 0
iter: 9, sample_no: 347, actual label: 1, predicted: 1
iter: 10, sample_no: 206, actual label: 0, predicted: 0
iter: 11, sample_no: 304, actual label: 1, predicted: 1
iter: 12, sample_no: 83, actual label: 0, predicted: 0
iter: 13, sample_no: 341, actual label: 1, predicted: 1
iter: 14, sample_no: 474, actual label: 0, predicted: 1
iter: 15, sample_no: 138, actual label: 0, predicted: 0
iter: 16, sample_no: 214, actual label: 1, predicted: 0
iter: 17, sample_no: 527, actual label: 0, predicted: 0
iter: 18, sample_no: 565, actual label: 1, predicted: 0
iter: 19, sample_no: 298, actual label: 0, predicted: 1
iter: 20, sample_no: 170, actual label: 0, predicted: 0
iter: 21, sample_no: 171, actual label: 0, predicted: 0
iter: 22, sample_no: 583, actual label: 0, predicted: 0
iter: 23, sample_no: 200, actual label: 0, predicted: 1
iter: 24, sample_no: 435, actual label: 0, predicted: 0
number of samples: 613
AUC 0.7551503094606542
pos_get 145
total recall stop_at 1.0
@@@ C - Repeat number: 2
will not use leaked features
@@@ D - common_header:  {'F3-StringProperty', 'F3-NA', 'F71-mstover1@apache.org', 'F3-GenericController', 'F71-fschumacher@unknown', 'F71-milamber@apache.org', 'F71-pmouawad@unknown', 'F25', 'F15-private', 'F71-rjung@apache.org', 'F15-NA', 'F3-byte[]', 'F3-boolean', 'F104', 'F3-JMeterTreeNode', 'F72', 'F101', 'F3-Object', 'F3-String[]', 'F71-jeremy_a@apache.org', 'F3-HttpRequestBase', 'F71-oros@apache.org', 'F22', 'F3-long', 'F65', 'F3-MenuIcon', 'F3-int', 'F3-Arguments', 'F41', 'F3-InterleaveControl.IGNORE_SUB_CONTROLLERS', 'F105', 'F15-public', 'F71-dev-null@apache.org', 'F71-mblankestijn@apache.org', 'F71-jsalvata@apache.org', 'category', 'F71-sebb@apache.org', 'F68', 'F123', 'F126', 'F71-seade@apache.org', 'F71-dims@apache.org', 'F71-alf@apache.org', 'F3-HashTree', 'F71-woolfel@apache.org', 'F3-TestElementProperty', 'F71-fschumacher@apache.org', 'F71-thads@apache.org', 'F77', 'F3-String', 'F15-protected', 'F71-undera@apache.org', 'F3-CollectionProperty', 'F71-pmouawad@apache.org'}
     F72   F25  ... F71-undera@apache.org F71-pmouawad@unknown
1  11856  3757  ...                     0                    0
2  11856  3757  ...                     0                    0
3  11856  3757  ...                     0                    0

[3 rows x 53 columns]
;.;
        F72       F25  ...  F71-undera@apache.org  F71-pmouawad@unknown
0  0.825454  0.798343  ...                    0.0                   0.0
1  0.825454  0.798343  ...                    0.0                   0.0
2  0.825454  0.798343  ...                    0.0                   0.0

[3 rows x 53 columns]
training_x: (604, 53)
training_y: 604
testset_x: (613, 53)
testset_y: 613
              precision    recall  f1-score   support

           0       0.87      0.78      0.82       468
           1       0.46      0.61      0.53       145

    accuracy                           0.74       613
   macro avg       0.67      0.70      0.67       613
weighted avg       0.77      0.74      0.75       613

accuracy: 0.7406199021207178
0.5281899109792285
@@@ tn: 365, fp: 103, fn: 56, tp: 89
@@@ LIME - Creating explainer
@@@ LIME - Random Sampling of Instances
iter: 0, sample_no: 419, actual label: 0, predicted: 1
iter: 1, sample_no: 128, actual label: 1, predicted: 1
iter: 2, sample_no: 573, actual label: 0, predicted: 0
iter: 3, sample_no: 278, actual label: 0, predicted: 1
iter: 4, sample_no: 529, actual label: 0, predicted: 1
iter: 5, sample_no: 409, actual label: 0, predicted: 0
iter: 6, sample_no: 403, actual label: 0, predicted: 1
iter: 7, sample_no: 78, actual label: 0, predicted: 0
iter: 8, sample_no: 485, actual label: 0, predicted: 0
iter: 9, sample_no: 445, actual label: 0, predicted: 1
iter: 10, sample_no: 585, actual label: 1, predicted: 0
iter: 11, sample_no: 414, actual label: 0, predicted: 0
iter: 12, sample_no: 514, actual label: 1, predicted: 1
iter: 13, sample_no: 512, actual label: 1, predicted: 1
iter: 14, sample_no: 204, actual label: 1, predicted: 1
iter: 15, sample_no: 211, actual label: 0, predicted: 0
iter: 16, sample_no: 33, actual label: 0, predicted: 0
iter: 17, sample_no: 304, actual label: 1, predicted: 1
iter: 18, sample_no: 493, actual label: 0, predicted: 0
iter: 19, sample_no: 386, actual label: 0, predicted: 0
iter: 20, sample_no: 75, actual label: 0, predicted: 0
iter: 21, sample_no: 198, actual label: 0, predicted: 0
iter: 22, sample_no: 414, actual label: 0, predicted: 0
iter: 23, sample_no: 475, actual label: 1, predicted: 1
iter: 24, sample_no: 194, actual label: 0, predicted: 0
number of samples: 613
AUC 0.7551355732390215
pos_get 145
total recall stop_at 1.0
@@@ C - Repeat number: 3
will not use leaked features
@@@ D - common_header:  {'F3-StringProperty', 'F3-NA', 'F71-mstover1@apache.org', 'F3-GenericController', 'F71-fschumacher@unknown', 'F71-milamber@apache.org', 'F71-pmouawad@unknown', 'F25', 'F15-private', 'F71-rjung@apache.org', 'F15-NA', 'F3-byte[]', 'F3-boolean', 'F104', 'F3-JMeterTreeNode', 'F72', 'F101', 'F3-Object', 'F3-String[]', 'F71-jeremy_a@apache.org', 'F3-HttpRequestBase', 'F71-oros@apache.org', 'F22', 'F3-long', 'F65', 'F3-MenuIcon', 'F3-int', 'F3-Arguments', 'F41', 'F3-InterleaveControl.IGNORE_SUB_CONTROLLERS', 'F105', 'F15-public', 'F71-dev-null@apache.org', 'F71-mblankestijn@apache.org', 'F71-jsalvata@apache.org', 'category', 'F71-sebb@apache.org', 'F68', 'F123', 'F126', 'F71-seade@apache.org', 'F71-dims@apache.org', 'F71-alf@apache.org', 'F3-HashTree', 'F71-woolfel@apache.org', 'F3-TestElementProperty', 'F71-fschumacher@apache.org', 'F71-thads@apache.org', 'F77', 'F3-String', 'F15-protected', 'F71-undera@apache.org', 'F3-CollectionProperty', 'F71-pmouawad@apache.org'}
     F72   F25  ... F71-undera@apache.org F71-pmouawad@unknown
1  11856  3757  ...                     0                    0
2  11856  3757  ...                     0                    0
3  11856  3757  ...                     0                    0

[3 rows x 53 columns]
;.;
        F72       F25  ...  F71-undera@apache.org  F71-pmouawad@unknown
0  0.825454  0.798343  ...                    0.0                   0.0
1  0.825454  0.798343  ...                    0.0                   0.0
2  0.825454  0.798343  ...                    0.0                   0.0

[3 rows x 53 columns]
training_x: (604, 53)
training_y: 604
testset_x: (613, 53)
testset_y: 613
              precision    recall  f1-score   support

           0       0.87      0.78      0.82       468
           1       0.46      0.61      0.53       145

    accuracy                           0.74       613
   macro avg       0.67      0.70      0.67       613
weighted avg       0.77      0.74      0.75       613

accuracy: 0.7406199021207178
0.5281899109792285
@@@ tn: 365, fp: 103, fn: 56, tp: 89
@@@ LIME - Creating explainer
@@@ LIME - Random Sampling of Instances
iter: 0, sample_no: 414, actual label: 0, predicted: 0
iter: 1, sample_no: 12, actual label: 0, predicted: 0
iter: 2, sample_no: 459, actual label: 0, predicted: 0
iter: 3, sample_no: 93, actual label: 0, predicted: 0
iter: 4, sample_no: 8, actual label: 1, predicted: 0
iter: 5, sample_no: 305, actual label: 0, predicted: 0
iter: 6, sample_no: 586, actual label: 1, predicted: 0
iter: 7, sample_no: 235, actual label: 0, predicted: 0
iter: 8, sample_no: 592, actual label: 1, predicted: 0
iter: 9, sample_no: 121, actual label: 0, predicted: 0
iter: 10, sample_no: 21, actual label: 0, predicted: 0
iter: 11, sample_no: 233, actual label: 0, predicted: 1
iter: 12, sample_no: 329, actual label: 1, predicted: 1
iter: 13, sample_no: 52, actual label: 0, predicted: 0
iter: 14, sample_no: 43, actual label: 0, predicted: 0
iter: 15, sample_no: 146, actual label: 0, predicted: 0
iter: 16, sample_no: 90, actual label: 0, predicted: 0
iter: 17, sample_no: 65, actual label: 1, predicted: 0
iter: 18, sample_no: 157, actual label: 1, predicted: 1
iter: 19, sample_no: 1, actual label: 1, predicted: 1
iter: 20, sample_no: 288, actual label: 0, predicted: 1
iter: 21, sample_no: 43, actual label: 0, predicted: 0
iter: 22, sample_no: 248, actual label: 1, predicted: 1
iter: 23, sample_no: 570, actual label: 0, predicted: 0
iter: 24, sample_no: 603, actual label: 0, predicted: 1
number of samples: 613
AUC 0.7551282051282051
pos_get 145
total recall stop_at 1.0
@@@ C - Repeat number: 4
will not use leaked features
@@@ D - common_header:  {'F3-StringProperty', 'F3-NA', 'F71-mstover1@apache.org', 'F3-GenericController', 'F71-fschumacher@unknown', 'F71-milamber@apache.org', 'F71-pmouawad@unknown', 'F25', 'F15-private', 'F71-rjung@apache.org', 'F15-NA', 'F3-byte[]', 'F3-boolean', 'F104', 'F3-JMeterTreeNode', 'F72', 'F101', 'F3-Object', 'F3-String[]', 'F71-jeremy_a@apache.org', 'F3-HttpRequestBase', 'F71-oros@apache.org', 'F22', 'F3-long', 'F65', 'F3-MenuIcon', 'F3-int', 'F3-Arguments', 'F41', 'F3-InterleaveControl.IGNORE_SUB_CONTROLLERS', 'F105', 'F15-public', 'F71-dev-null@apache.org', 'F71-mblankestijn@apache.org', 'F71-jsalvata@apache.org', 'category', 'F71-sebb@apache.org', 'F68', 'F123', 'F126', 'F71-seade@apache.org', 'F71-dims@apache.org', 'F71-alf@apache.org', 'F3-HashTree', 'F71-woolfel@apache.org', 'F3-TestElementProperty', 'F71-fschumacher@apache.org', 'F71-thads@apache.org', 'F77', 'F3-String', 'F15-protected', 'F71-undera@apache.org', 'F3-CollectionProperty', 'F71-pmouawad@apache.org'}
     F72   F25  ... F71-undera@apache.org F71-pmouawad@unknown
1  11856  3757  ...                     0                    0
2  11856  3757  ...                     0                    0
3  11856  3757  ...                     0                    0

[3 rows x 53 columns]
;.;
        F72       F25  ...  F71-undera@apache.org  F71-pmouawad@unknown
0  0.825454  0.798343  ...                    0.0                   0.0
1  0.825454  0.798343  ...                    0.0                   0.0
2  0.825454  0.798343  ...                    0.0                   0.0

[3 rows x 53 columns]
training_x: (604, 53)
training_y: 604
testset_x: (613, 53)
testset_y: 613
              precision    recall  f1-score   support

           0       0.87      0.78      0.82       468
           1       0.46      0.61      0.53       145

    accuracy                           0.74       613
   macro avg       0.67      0.70      0.67       613
weighted avg       0.77      0.74      0.75       613

accuracy: 0.7406199021207178
0.5281899109792285
@@@ tn: 365, fp: 103, fn: 56, tp: 89
@@@ LIME - Creating explainer
@@@ LIME - Random Sampling of Instances
iter: 0, sample_no: 552, actual label: 1, predicted: 1
iter: 1, sample_no: 248, actual label: 1, predicted: 1
iter: 2, sample_no: 241, actual label: 0, predicted: 1
iter: 3, sample_no: 462, actual label: 0, predicted: 0
iter: 4, sample_no: 498, actual label: 0, predicted: 1
iter: 5, sample_no: 271, actual label: 1, predicted: 1
iter: 6, sample_no: 221, actual label: 1, predicted: 0
iter: 7, sample_no: 360, actual label: 0, predicted: 0
iter: 8, sample_no: 361, actual label: 0, predicted: 0
iter: 9, sample_no: 174, actual label: 0, predicted: 1
iter: 10, sample_no: 406, actual label: 0, predicted: 0
iter: 11, sample_no: 403, actual label: 0, predicted: 1
iter: 12, sample_no: 515, actual label: 1, predicted: 1
iter: 13, sample_no: 599, actual label: 0, predicted: 1
iter: 14, sample_no: 541, actual label: 0, predicted: 0
iter: 15, sample_no: 279, actual label: 0, predicted: 0
iter: 16, sample_no: 127, actual label: 0, predicted: 0
iter: 17, sample_no: 534, actual label: 0, predicted: 0
iter: 18, sample_no: 92, actual label: 1, predicted: 1
iter: 19, sample_no: 545, actual label: 0, predicted: 0
iter: 20, sample_no: 419, actual label: 0, predicted: 1
iter: 21, sample_no: 96, actual label: 0, predicted: 0
iter: 22, sample_no: 110, actual label: 1, predicted: 1
iter: 23, sample_no: 32, actual label: 0, predicted: 0
iter: 24, sample_no: 275, actual label: 1, predicted: 1
number of samples: 613
AUC 0.7551061007957559
pos_get 145
total recall stop_at 1.0
@@@ C - Repeat number: 5
will not use leaked features
@@@ D - common_header:  {'F3-StringProperty', 'F3-NA', 'F71-mstover1@apache.org', 'F3-GenericController', 'F71-fschumacher@unknown', 'F71-milamber@apache.org', 'F71-pmouawad@unknown', 'F25', 'F15-private', 'F71-rjung@apache.org', 'F15-NA', 'F3-byte[]', 'F3-boolean', 'F104', 'F3-JMeterTreeNode', 'F72', 'F101', 'F3-Object', 'F3-String[]', 'F71-jeremy_a@apache.org', 'F3-HttpRequestBase', 'F71-oros@apache.org', 'F22', 'F3-long', 'F65', 'F3-MenuIcon', 'F3-int', 'F3-Arguments', 'F41', 'F3-InterleaveControl.IGNORE_SUB_CONTROLLERS', 'F105', 'F15-public', 'F71-dev-null@apache.org', 'F71-mblankestijn@apache.org', 'F71-jsalvata@apache.org', 'category', 'F71-sebb@apache.org', 'F68', 'F123', 'F126', 'F71-seade@apache.org', 'F71-dims@apache.org', 'F71-alf@apache.org', 'F3-HashTree', 'F71-woolfel@apache.org', 'F3-TestElementProperty', 'F71-fschumacher@apache.org', 'F71-thads@apache.org', 'F77', 'F3-String', 'F15-protected', 'F71-undera@apache.org', 'F3-CollectionProperty', 'F71-pmouawad@apache.org'}
     F72   F25  ... F71-undera@apache.org F71-pmouawad@unknown
1  11856  3757  ...                     0                    0
2  11856  3757  ...                     0                    0
3  11856  3757  ...                     0                    0

[3 rows x 53 columns]
;.;
        F72       F25  ...  F71-undera@apache.org  F71-pmouawad@unknown
0  0.825454  0.798343  ...                    0.0                   0.0
1  0.825454  0.798343  ...                    0.0                   0.0
2  0.825454  0.798343  ...                    0.0                   0.0

[3 rows x 53 columns]
training_x: (604, 53)
training_y: 604
testset_x: (613, 53)
testset_y: 613
              precision    recall  f1-score   support

           0       0.87      0.78      0.82       468
           1       0.46      0.61      0.53       145

    accuracy                           0.74       613
   macro avg       0.67      0.70      0.67       613
weighted avg       0.77      0.74      0.75       613

accuracy: 0.7406199021207178
0.5281899109792285
@@@ tn: 365, fp: 103, fn: 56, tp: 89
@@@ LIME - Creating explainer
@@@ LIME - Random Sampling of Instances
iter: 0, sample_no: 327, actual label: 0, predicted: 0
iter: 1, sample_no: 118, actual label: 0, predicted: 0
iter: 2, sample_no: 465, actual label: 0, predicted: 1
iter: 3, sample_no: 419, actual label: 0, predicted: 1
iter: 4, sample_no: 114, actual label: 0, predicted: 0
iter: 5, sample_no: 419, actual label: 0, predicted: 1
iter: 6, sample_no: 538, actual label: 1, predicted: 0
iter: 7, sample_no: 486, actual label: 0, predicted: 0
iter: 8, sample_no: 592, actual label: 1, predicted: 0
iter: 9, sample_no: 172, actual label: 0, predicted: 0
iter: 10, sample_no: 486, actual label: 0, predicted: 0
iter: 11, sample_no: 326, actual label: 0, predicted: 0
iter: 12, sample_no: 366, actual label: 0, predicted: 0
iter: 13, sample_no: 6, actual label: 0, predicted: 0
iter: 14, sample_no: 390, actual label: 0, predicted: 0
iter: 15, sample_no: 17, actual label: 1, predicted: 0
iter: 16, sample_no: 170, actual label: 0, predicted: 0
iter: 17, sample_no: 67, actual label: 0, predicted: 0
iter: 18, sample_no: 146, actual label: 0, predicted: 0
iter: 19, sample_no: 337, actual label: 0, predicted: 0
iter: 20, sample_no: 458, actual label: 0, predicted: 0
iter: 21, sample_no: 34, actual label: 0, predicted: 0
iter: 22, sample_no: 576, actual label: 0, predicted: 0
iter: 23, sample_no: 534, actual label: 0, predicted: 0
iter: 24, sample_no: 427, actual label: 0, predicted: 0
number of samples: 613
AUC 0.7551208370173886
pos_get 145
total recall stop_at 1.0
@@@ C - Repeat number: 6
will not use leaked features
@@@ D - common_header:  {'F3-StringProperty', 'F3-NA', 'F71-mstover1@apache.org', 'F3-GenericController', 'F71-fschumacher@unknown', 'F71-milamber@apache.org', 'F71-pmouawad@unknown', 'F25', 'F15-private', 'F71-rjung@apache.org', 'F15-NA', 'F3-byte[]', 'F3-boolean', 'F104', 'F3-JMeterTreeNode', 'F72', 'F101', 'F3-Object', 'F3-String[]', 'F71-jeremy_a@apache.org', 'F3-HttpRequestBase', 'F71-oros@apache.org', 'F22', 'F3-long', 'F65', 'F3-MenuIcon', 'F3-int', 'F3-Arguments', 'F41', 'F3-InterleaveControl.IGNORE_SUB_CONTROLLERS', 'F105', 'F15-public', 'F71-dev-null@apache.org', 'F71-mblankestijn@apache.org', 'F71-jsalvata@apache.org', 'category', 'F71-sebb@apache.org', 'F68', 'F123', 'F126', 'F71-seade@apache.org', 'F71-dims@apache.org', 'F71-alf@apache.org', 'F3-HashTree', 'F71-woolfel@apache.org', 'F3-TestElementProperty', 'F71-fschumacher@apache.org', 'F71-thads@apache.org', 'F77', 'F3-String', 'F15-protected', 'F71-undera@apache.org', 'F3-CollectionProperty', 'F71-pmouawad@apache.org'}
     F72   F25  ... F71-undera@apache.org F71-pmouawad@unknown
1  11856  3757  ...                     0                    0
2  11856  3757  ...                     0                    0
3  11856  3757  ...                     0                    0

[3 rows x 53 columns]
;.;
        F72       F25  ...  F71-undera@apache.org  F71-pmouawad@unknown
0  0.825454  0.798343  ...                    0.0                   0.0
1  0.825454  0.798343  ...                    0.0                   0.0
2  0.825454  0.798343  ...                    0.0                   0.0

[3 rows x 53 columns]
training_x: (604, 53)
training_y: 604
testset_x: (613, 53)
testset_y: 613
              precision    recall  f1-score   support

           0       0.87      0.78      0.82       468
           1       0.46      0.61      0.53       145

    accuracy                           0.74       613
   macro avg       0.67      0.70      0.67       613
weighted avg       0.77      0.74      0.75       613

accuracy: 0.7406199021207178
0.5281899109792285
@@@ tn: 365, fp: 103, fn: 56, tp: 89
@@@ LIME - Creating explainer
@@@ LIME - Random Sampling of Instances
iter: 0, sample_no: 563, actual label: 0, predicted: 1
iter: 1, sample_no: 440, actual label: 0, predicted: 0
iter: 2, sample_no: 172, actual label: 0, predicted: 0
iter: 3, sample_no: 110, actual label: 1, predicted: 1
iter: 4, sample_no: 5, actual label: 0, predicted: 1
iter: 5, sample_no: 510, actual label: 1, predicted: 1
iter: 6, sample_no: 387, actual label: 0, predicted: 0
iter: 7, sample_no: 163, actual label: 0, predicted: 0
iter: 8, sample_no: 502, actual label: 0, predicted: 1
iter: 9, sample_no: 521, actual label: 0, predicted: 0
iter: 10, sample_no: 569, actual label: 0, predicted: 0
iter: 11, sample_no: 35, actual label: 0, predicted: 0
iter: 12, sample_no: 538, actual label: 1, predicted: 0
iter: 13, sample_no: 595, actual label: 1, predicted: 0
iter: 14, sample_no: 203, actual label: 0, predicted: 0
iter: 15, sample_no: 437, actual label: 0, predicted: 0
iter: 16, sample_no: 170, actual label: 0, predicted: 0
iter: 17, sample_no: 392, actual label: 0, predicted: 0
iter: 18, sample_no: 354, actual label: 0, predicted: 0
iter: 19, sample_no: 577, actual label: 1, predicted: 0
iter: 20, sample_no: 113, actual label: 0, predicted: 0
iter: 21, sample_no: 500, actual label: 0, predicted: 1
iter: 22, sample_no: 114, actual label: 0, predicted: 0
iter: 23, sample_no: 303, actual label: 0, predicted: 0
iter: 24, sample_no: 491, actual label: 0, predicted: 1
number of samples: 613
AUC 0.7551724137931034
pos_get 145
total recall stop_at 1.0
@@@ C - Repeat number: 7
will not use leaked features
@@@ D - common_header:  {'F3-StringProperty', 'F3-NA', 'F71-mstover1@apache.org', 'F3-GenericController', 'F71-fschumacher@unknown', 'F71-milamber@apache.org', 'F71-pmouawad@unknown', 'F25', 'F15-private', 'F71-rjung@apache.org', 'F15-NA', 'F3-byte[]', 'F3-boolean', 'F104', 'F3-JMeterTreeNode', 'F72', 'F101', 'F3-Object', 'F3-String[]', 'F71-jeremy_a@apache.org', 'F3-HttpRequestBase', 'F71-oros@apache.org', 'F22', 'F3-long', 'F65', 'F3-MenuIcon', 'F3-int', 'F3-Arguments', 'F41', 'F3-InterleaveControl.IGNORE_SUB_CONTROLLERS', 'F105', 'F15-public', 'F71-dev-null@apache.org', 'F71-mblankestijn@apache.org', 'F71-jsalvata@apache.org', 'category', 'F71-sebb@apache.org', 'F68', 'F123', 'F126', 'F71-seade@apache.org', 'F71-dims@apache.org', 'F71-alf@apache.org', 'F3-HashTree', 'F71-woolfel@apache.org', 'F3-TestElementProperty', 'F71-fschumacher@apache.org', 'F71-thads@apache.org', 'F77', 'F3-String', 'F15-protected', 'F71-undera@apache.org', 'F3-CollectionProperty', 'F71-pmouawad@apache.org'}
     F72   F25  ... F71-undera@apache.org F71-pmouawad@unknown
1  11856  3757  ...                     0                    0
2  11856  3757  ...                     0                    0
3  11856  3757  ...                     0                    0

[3 rows x 53 columns]
;.;
        F72       F25  ...  F71-undera@apache.org  F71-pmouawad@unknown
0  0.825454  0.798343  ...                    0.0                   0.0
1  0.825454  0.798343  ...                    0.0                   0.0
2  0.825454  0.798343  ...                    0.0                   0.0

[3 rows x 53 columns]
training_x: (604, 53)
training_y: 604
testset_x: (613, 53)
testset_y: 613
              precision    recall  f1-score   support

           0       0.87      0.78      0.82       468
           1       0.46      0.61      0.53       145

    accuracy                           0.74       613
   macro avg       0.67      0.70      0.67       613
weighted avg       0.77      0.74      0.75       613

accuracy: 0.7406199021207178
0.5281899109792285
@@@ tn: 365, fp: 103, fn: 56, tp: 89
@@@ LIME - Creating explainer
@@@ LIME - Random Sampling of Instances
iter: 0, sample_no: 424, actual label: 1, predicted: 0
iter: 1, sample_no: 144, actual label: 0, predicted: 0
iter: 2, sample_no: 301, actual label: 0, predicted: 0
iter: 3, sample_no: 31, actual label: 0, predicted: 0
iter: 4, sample_no: 152, actual label: 0, predicted: 0
iter: 5, sample_no: 274, actual label: 1, predicted: 1
iter: 6, sample_no: 525, actual label: 0, predicted: 0
iter: 7, sample_no: 261, actual label: 0, predicted: 0
iter: 8, sample_no: 247, actual label: 1, predicted: 1
iter: 9, sample_no: 169, actual label: 0, predicted: 1
iter: 10, sample_no: 210, actual label: 0, predicted: 0
iter: 11, sample_no: 256, actual label: 1, predicted: 0
iter: 12, sample_no: 26, actual label: 0, predicted: 1
iter: 13, sample_no: 136, actual label: 0, predicted: 0
iter: 14, sample_no: 147, actual label: 0, predicted: 0
iter: 15, sample_no: 313, actual label: 0, predicted: 1
iter: 16, sample_no: 470, actual label: 0, predicted: 0
iter: 17, sample_no: 91, actual label: 0, predicted: 0
iter: 18, sample_no: 284, actual label: 1, predicted: 0
iter: 19, sample_no: 144, actual label: 0, predicted: 0
iter: 20, sample_no: 186, actual label: 1, predicted: 0
iter: 21, sample_no: 473, actual label: 0, predicted: 0
iter: 22, sample_no: 591, actual label: 0, predicted: 0
iter: 23, sample_no: 274, actual label: 1, predicted: 1
iter: 24, sample_no: 364, actual label: 0, predicted: 0
number of samples: 613
AUC 0.7551503094606542
pos_get 145
total recall stop_at 1.0
@@@ C - Repeat number: 8
will not use leaked features
@@@ D - common_header:  {'F3-StringProperty', 'F3-NA', 'F71-mstover1@apache.org', 'F3-GenericController', 'F71-fschumacher@unknown', 'F71-milamber@apache.org', 'F71-pmouawad@unknown', 'F25', 'F15-private', 'F71-rjung@apache.org', 'F15-NA', 'F3-byte[]', 'F3-boolean', 'F104', 'F3-JMeterTreeNode', 'F72', 'F101', 'F3-Object', 'F3-String[]', 'F71-jeremy_a@apache.org', 'F3-HttpRequestBase', 'F71-oros@apache.org', 'F22', 'F3-long', 'F65', 'F3-MenuIcon', 'F3-int', 'F3-Arguments', 'F41', 'F3-InterleaveControl.IGNORE_SUB_CONTROLLERS', 'F105', 'F15-public', 'F71-dev-null@apache.org', 'F71-mblankestijn@apache.org', 'F71-jsalvata@apache.org', 'category', 'F71-sebb@apache.org', 'F68', 'F123', 'F126', 'F71-seade@apache.org', 'F71-dims@apache.org', 'F71-alf@apache.org', 'F3-HashTree', 'F71-woolfel@apache.org', 'F3-TestElementProperty', 'F71-fschumacher@apache.org', 'F71-thads@apache.org', 'F77', 'F3-String', 'F15-protected', 'F71-undera@apache.org', 'F3-CollectionProperty', 'F71-pmouawad@apache.org'}
     F72   F25  ... F71-undera@apache.org F71-pmouawad@unknown
1  11856  3757  ...                     0                    0
2  11856  3757  ...                     0                    0
3  11856  3757  ...                     0                    0

[3 rows x 53 columns]
;.;
        F72       F25  ...  F71-undera@apache.org  F71-pmouawad@unknown
0  0.825454  0.798343  ...                    0.0                   0.0
1  0.825454  0.798343  ...                    0.0                   0.0
2  0.825454  0.798343  ...                    0.0                   0.0

[3 rows x 53 columns]
training_x: (604, 53)
training_y: 604
testset_x: (613, 53)
testset_y: 613
              precision    recall  f1-score   support

           0       0.87      0.78      0.82       468
           1       0.46      0.61      0.53       145

    accuracy                           0.74       613
   macro avg       0.67      0.70      0.67       613
weighted avg       0.77      0.74      0.75       613

accuracy: 0.7406199021207178
0.5281899109792285
@@@ tn: 365, fp: 103, fn: 56, tp: 89
@@@ LIME - Creating explainer
@@@ LIME - Random Sampling of Instances
iter: 0, sample_no: 480, actual label: 0, predicted: 1
iter: 1, sample_no: 331, actual label: 1, predicted: 1
iter: 2, sample_no: 589, actual label: 0, predicted: 0
iter: 3, sample_no: 30, actual label: 0, predicted: 0
iter: 4, sample_no: 315, actual label: 0, predicted: 1
iter: 5, sample_no: 44, actual label: 0, predicted: 1
iter: 6, sample_no: 141, actual label: 0, predicted: 0
iter: 7, sample_no: 505, actual label: 0, predicted: 0
iter: 8, sample_no: 16, actual label: 1, predicted: 1
iter: 9, sample_no: 16, actual label: 1, predicted: 1
iter: 10, sample_no: 585, actual label: 1, predicted: 0
iter: 11, sample_no: 308, actual label: 0, predicted: 0
iter: 12, sample_no: 523, actual label: 0, predicted: 0
iter: 13, sample_no: 510, actual label: 1, predicted: 1
iter: 14, sample_no: 96, actual label: 0, predicted: 0
iter: 15, sample_no: 115, actual label: 0, predicted: 0
iter: 16, sample_no: 497, actual label: 0, predicted: 0
iter: 17, sample_no: 313, actual label: 0, predicted: 1
iter: 18, sample_no: 30, actual label: 0, predicted: 0
iter: 19, sample_no: 248, actual label: 1, predicted: 1
iter: 20, sample_no: 456, actual label: 0, predicted: 0
iter: 21, sample_no: 568, actual label: 0, predicted: 0
iter: 22, sample_no: 132, actual label: 0, predicted: 0
iter: 23, sample_no: 577, actual label: 1, predicted: 0
iter: 24, sample_no: 143, actual label: 0, predicted: 1
number of samples: 613
AUC 0.7550839964633067
pos_get 145
total recall stop_at 1.0
@@@ C - Repeat number: 9
will not use leaked features
@@@ D - common_header:  {'F3-StringProperty', 'F3-NA', 'F71-mstover1@apache.org', 'F3-GenericController', 'F71-fschumacher@unknown', 'F71-milamber@apache.org', 'F71-pmouawad@unknown', 'F25', 'F15-private', 'F71-rjung@apache.org', 'F15-NA', 'F3-byte[]', 'F3-boolean', 'F104', 'F3-JMeterTreeNode', 'F72', 'F101', 'F3-Object', 'F3-String[]', 'F71-jeremy_a@apache.org', 'F3-HttpRequestBase', 'F71-oros@apache.org', 'F22', 'F3-long', 'F65', 'F3-MenuIcon', 'F3-int', 'F3-Arguments', 'F41', 'F3-InterleaveControl.IGNORE_SUB_CONTROLLERS', 'F105', 'F15-public', 'F71-dev-null@apache.org', 'F71-mblankestijn@apache.org', 'F71-jsalvata@apache.org', 'category', 'F71-sebb@apache.org', 'F68', 'F123', 'F126', 'F71-seade@apache.org', 'F71-dims@apache.org', 'F71-alf@apache.org', 'F3-HashTree', 'F71-woolfel@apache.org', 'F3-TestElementProperty', 'F71-fschumacher@apache.org', 'F71-thads@apache.org', 'F77', 'F3-String', 'F15-protected', 'F71-undera@apache.org', 'F3-CollectionProperty', 'F71-pmouawad@apache.org'}
     F72   F25  ... F71-undera@apache.org F71-pmouawad@unknown
1  11856  3757  ...                     0                    0
2  11856  3757  ...                     0                    0
3  11856  3757  ...                     0                    0

[3 rows x 53 columns]
;.;
        F72       F25  ...  F71-undera@apache.org  F71-pmouawad@unknown
0  0.825454  0.798343  ...                    0.0                   0.0
1  0.825454  0.798343  ...                    0.0                   0.0
2  0.825454  0.798343  ...                    0.0                   0.0

[3 rows x 53 columns]
training_x: (604, 53)
training_y: 604
testset_x: (613, 53)
testset_y: 613
              precision    recall  f1-score   support

           0       0.87      0.78      0.82       468
           1       0.46      0.61      0.53       145

    accuracy                           0.74       613
   macro avg       0.67      0.70      0.67       613
weighted avg       0.77      0.74      0.75       613

accuracy: 0.7406199021207178
0.5281899109792285
@@@ tn: 365, fp: 103, fn: 56, tp: 89
@@@ LIME - Creating explainer
@@@ LIME - Random Sampling of Instances
iter: 0, sample_no: 57, actual label: 0, predicted: 0
iter: 1, sample_no: 595, actual label: 1, predicted: 0
iter: 2, sample_no: 586, actual label: 1, predicted: 0
iter: 3, sample_no: 372, actual label: 0, predicted: 0
iter: 4, sample_no: 320, actual label: 1, predicted: 1
iter: 5, sample_no: 397, actual label: 0, predicted: 0
iter: 6, sample_no: 428, actual label: 0, predicted: 0
iter: 7, sample_no: 257, actual label: 1, predicted: 0
iter: 8, sample_no: 389, actual label: 0, predicted: 0
iter: 9, sample_no: 14, actual label: 1, predicted: 1
iter: 10, sample_no: 26, actual label: 0, predicted: 1
iter: 11, sample_no: 152, actual label: 0, predicted: 0
iter: 12, sample_no: 151, actual label: 0, predicted: 0
iter: 13, sample_no: 340, actual label: 0, predicted: 0
iter: 14, sample_no: 339, actual label: 1, predicted: 0
iter: 15, sample_no: 18, actual label: 0, predicted: 0
iter: 16, sample_no: 165, actual label: 0, predicted: 0
iter: 17, sample_no: 34, actual label: 0, predicted: 0
iter: 18, sample_no: 241, actual label: 0, predicted: 1
iter: 19, sample_no: 27, actual label: 0, predicted: 0
iter: 20, sample_no: 287, actual label: 0, predicted: 1
iter: 21, sample_no: 183, actual label: 0, predicted: 0
iter: 22, sample_no: 572, actual label: 0, predicted: 0
iter: 23, sample_no: 58, actual label: 0, predicted: 0
iter: 24, sample_no: 217, actual label: 0, predicted: 0
number of samples: 613
AUC 0.755128205128205
pos_get 145
total recall stop_at 1.0
@@@ C - Repeat number: 10
will not use leaked features
@@@ D - common_header:  {'F3-StringProperty', 'F3-NA', 'F71-mstover1@apache.org', 'F3-GenericController', 'F71-fschumacher@unknown', 'F71-milamber@apache.org', 'F71-pmouawad@unknown', 'F25', 'F15-private', 'F71-rjung@apache.org', 'F15-NA', 'F3-byte[]', 'F3-boolean', 'F104', 'F3-JMeterTreeNode', 'F72', 'F101', 'F3-Object', 'F3-String[]', 'F71-jeremy_a@apache.org', 'F3-HttpRequestBase', 'F71-oros@apache.org', 'F22', 'F3-long', 'F65', 'F3-MenuIcon', 'F3-int', 'F3-Arguments', 'F41', 'F3-InterleaveControl.IGNORE_SUB_CONTROLLERS', 'F105', 'F15-public', 'F71-dev-null@apache.org', 'F71-mblankestijn@apache.org', 'F71-jsalvata@apache.org', 'category', 'F71-sebb@apache.org', 'F68', 'F123', 'F126', 'F71-seade@apache.org', 'F71-dims@apache.org', 'F71-alf@apache.org', 'F3-HashTree', 'F71-woolfel@apache.org', 'F3-TestElementProperty', 'F71-fschumacher@apache.org', 'F71-thads@apache.org', 'F77', 'F3-String', 'F15-protected', 'F71-undera@apache.org', 'F3-CollectionProperty', 'F71-pmouawad@apache.org'}
     F72   F25  ... F71-undera@apache.org F71-pmouawad@unknown
1  11856  3757  ...                     0                    0
2  11856  3757  ...                     0                    0
3  11856  3757  ...                     0                    0

[3 rows x 53 columns]
;.;
        F72       F25  ...  F71-undera@apache.org  F71-pmouawad@unknown
0  0.825454  0.798343  ...                    0.0                   0.0
1  0.825454  0.798343  ...                    0.0                   0.0
2  0.825454  0.798343  ...                    0.0                   0.0

[3 rows x 53 columns]
training_x: (604, 53)
training_y: 604
testset_x: (613, 53)
testset_y: 613
              precision    recall  f1-score   support

           0       0.87      0.78      0.82       468
           1       0.46      0.61      0.53       145

    accuracy                           0.74       613
   macro avg       0.67      0.70      0.67       613
weighted avg       0.77      0.74      0.75       613

accuracy: 0.7406199021207178
0.5281899109792285
@@@ tn: 365, fp: 103, fn: 56, tp: 89
@@@ LIME - Creating explainer
@@@ LIME - Random Sampling of Instances
iter: 0, sample_no: 525, actual label: 0, predicted: 0
iter: 1, sample_no: 107, actual label: 0, predicted: 0
iter: 2, sample_no: 55, actual label: 0, predicted: 0
iter: 3, sample_no: 186, actual label: 1, predicted: 0
iter: 4, sample_no: 60, actual label: 0, predicted: 0
iter: 5, sample_no: 516, actual label: 1, predicted: 0
iter: 6, sample_no: 165, actual label: 0, predicted: 0
iter: 7, sample_no: 468, actual label: 0, predicted: 1
iter: 8, sample_no: 251, actual label: 0, predicted: 0
iter: 9, sample_no: 198, actual label: 0, predicted: 0
iter: 10, sample_no: 32, actual label: 0, predicted: 0
iter: 11, sample_no: 224, actual label: 0, predicted: 0
iter: 12, sample_no: 600, actual label: 0, predicted: 0
iter: 13, sample_no: 271, actual label: 1, predicted: 1
iter: 14, sample_no: 584, actual label: 1, predicted: 1
iter: 15, sample_no: 564, actual label: 0, predicted: 0
iter: 16, sample_no: 319, actual label: 1, predicted: 1
iter: 17, sample_no: 577, actual label: 1, predicted: 0
iter: 18, sample_no: 28, actual label: 0, predicted: 0
iter: 19, sample_no: 261, actual label: 0, predicted: 0
iter: 20, sample_no: 600, actual label: 0, predicted: 0
iter: 21, sample_no: 422, actual label: 0, predicted: 0
iter: 22, sample_no: 496, actual label: 0, predicted: 1
iter: 23, sample_no: 293, actual label: 1, predicted: 1
iter: 24, sample_no: 225, actual label: 1, predicted: 0
number of samples: 613
AUC 0.7551355732390215
pos_get 145
total recall stop_at 1.0
----------threshold stop at----------: 1
AUC [0.7551503094606542, 0.7551355732390215, 0.7551282051282051, 0.7551061007957559, 0.7551208370173886, 0.7551724137931034, 0.7551503094606542, 0.7550839964633067, 0.755128205128205, 0.7551355732390215]
AUC_median 0.7551318891836133
AUC_iqr 2.39463601533485e-05
cost [0.9804241435562806, 0.9804241435562806, 0.9804241435562806, 0.9804241435562806, 0.9804241435562806, 0.9804241435562806, 0.9804241435562806, 0.9804241435562806, 0.9804241435562806, 0.9804241435562806]
COST_med 0.9804241435562806
COST_iqr 0.0
f1_pos_list [np.float64(0.5281899109792285), np.float64(0.5281899109792285), np.float64(0.5281899109792285), np.float64(0.5281899109792285), np.float64(0.5281899109792285), np.float64(0.5281899109792285), np.float64(0.5281899109792285), np.float64(0.5281899109792285), np.float64(0.5281899109792285), np.float64(0.5281899109792285)]
f1_pos_med 0.5281899109792285
total_tn 3650
total_fp 1030
total_fn 560
total_tp 890
p= 0.4635416666666667
r= 0.6137931034482759
f= 0.5281899109792286
