@@@ A - classifier: SVC(class_weight='balanced', kernel='linear', probability=True)
@@@ B - threshold stop at: 1
@@@ C - Repeat number: 1
@@@ D - common_header:  {'F71-kk@kohsuke.org', 'F120', 'F115', 'F3-InputStream', 'F22', 'F71-kutzi@gmx.de', 'F101', 'F117', 'F3-Integer', 'F3-int', 'F116', 'F3-NA', 'F126', 'F71-ogondza@redhat.com', 'F123', 'F71-nicolas.deloof@gmail.com', 'F71-o.v.nenashev@gmail.com', 'F71-stephen.alan.connolly@gmail.com', 'F3-Level', 'F71-dhoover@google.com', 'F15-public', 'F15-NA', 'F3-ANTLRHashString', 'F71-daniel-beck@github.com', 'F110', 'F3-Object[]', 'F77', 'F41', 'F104', 'F15-private', 'F71-nigel.magnay@gmail.com', 'F71-s.sogabe@gmail.com', 'F71-jglick@cloudbees.com', 'F3-File', 'F15-protected', 'F3-Class', 'F71-jglick@71c3de6d-444a-0410-be80-ed276b4c234a', 'F25', 'F3-long', 'F3-null', 'F72', 'F3-String', 'F105', 'F3-byte[]', 'F3-TaskListener', 'F71-mindless@71c3de6d-444a-0410-be80-ed276b4c234a', 'F71-kohsuke@71c3de6d-444a-0410-be80-ed276b4c234a', 'F65', 'category', 'F68'}
     F72   F25  ... F71-kk@kohsuke.org F71-nigel.magnay@gmail.com
1  25951  3191  ...                  1                          1
2  25951  3191  ...                  1                          1
3  25951  3191  ...                  1                          1

[3 rows x 49 columns]
;.;
   F72  F25  ...  F71-kk@kohsuke.org  F71-nigel.magnay@gmail.com
0  1.0  1.0  ...                 1.0                         1.0
1  1.0  1.0  ...                 1.0                         1.0
2  1.0  1.0  ...                 1.0                         1.0

[3 rows x 49 columns]
training_x: (822, 49)
training_y: 822
testset_x: (375, 49)
testset_y: 375
              precision    recall  f1-score   support

           0       0.69      0.12      0.20       234
           1       0.38      0.91      0.54       141

    accuracy                           0.42       375
   macro avg       0.54      0.52      0.37       375
weighted avg       0.58      0.42      0.33       375

accuracy: 0.416
0.5408805031446541
@@@ tn: 27, fp: 207, fn: 12, tp: 129
@@@ LIME - Creating explainer
@@@ LIME - Random Sampling of Instances
iter: 0, sample_no: 320, actual label: 0, predicted: 0
iter: 1, sample_no: 318, actual label: 0, predicted: 1
iter: 2, sample_no: 326, actual label: 0, predicted: 0
iter: 3, sample_no: 241, actual label: 0, predicted: 1
iter: 4, sample_no: 319, actual label: 0, predicted: 0
iter: 5, sample_no: 118, actual label: 0, predicted: 1
iter: 6, sample_no: 176, actual label: 0, predicted: 0
iter: 7, sample_no: 155, actual label: 0, predicted: 1
iter: 8, sample_no: 339, actual label: 1, predicted: 1
iter: 9, sample_no: 105, actual label: 1, predicted: 1
iter: 10, sample_no: 196, actual label: 0, predicted: 1
iter: 11, sample_no: 320, actual label: 0, predicted: 0
iter: 12, sample_no: 285, actual label: 0, predicted: 1
iter: 13, sample_no: 139, actual label: 0, predicted: 1
iter: 14, sample_no: 218, actual label: 0, predicted: 1
iter: 15, sample_no: 113, actual label: 1, predicted: 1
iter: 16, sample_no: 190, actual label: 0, predicted: 0
iter: 17, sample_no: 293, actual label: 1, predicted: 1
iter: 18, sample_no: 338, actual label: 1, predicted: 1
iter: 19, sample_no: 86, actual label: 0, predicted: 1
iter: 20, sample_no: 170, actual label: 0, predicted: 0
iter: 21, sample_no: 82, actual label: 0, predicted: 1
iter: 22, sample_no: 335, actual label: 1, predicted: 1
iter: 23, sample_no: 220, actual label: 0, predicted: 1
iter: 24, sample_no: 199, actual label: 0, predicted: 1
number of samples: 375
AUC 0.5650118203309693
pos_get 141
total recall stop_at 1
@@@ C - Repeat number: 2
@@@ D - common_header:  {'F71-kk@kohsuke.org', 'F120', 'F115', 'F3-InputStream', 'F22', 'F71-kutzi@gmx.de', 'F101', 'F117', 'F3-Integer', 'F3-int', 'F116', 'F3-NA', 'F126', 'F71-ogondza@redhat.com', 'F123', 'F71-nicolas.deloof@gmail.com', 'F71-o.v.nenashev@gmail.com', 'F71-stephen.alan.connolly@gmail.com', 'F3-Level', 'F71-dhoover@google.com', 'F15-public', 'F15-NA', 'F3-ANTLRHashString', 'F71-daniel-beck@github.com', 'F110', 'F3-Object[]', 'F77', 'F41', 'F104', 'F15-private', 'F71-nigel.magnay@gmail.com', 'F71-s.sogabe@gmail.com', 'F71-jglick@cloudbees.com', 'F3-File', 'F15-protected', 'F3-Class', 'F71-jglick@71c3de6d-444a-0410-be80-ed276b4c234a', 'F25', 'F3-long', 'F3-null', 'F72', 'F3-String', 'F105', 'F3-byte[]', 'F3-TaskListener', 'F71-mindless@71c3de6d-444a-0410-be80-ed276b4c234a', 'F71-kohsuke@71c3de6d-444a-0410-be80-ed276b4c234a', 'F65', 'category', 'F68'}
     F72   F25  ... F71-kk@kohsuke.org F71-nigel.magnay@gmail.com
1  25951  3191  ...                  1                          1
2  25951  3191  ...                  1                          1
3  25951  3191  ...                  1                          1

[3 rows x 49 columns]
;.;
   F72  F25  ...  F71-kk@kohsuke.org  F71-nigel.magnay@gmail.com
0  1.0  1.0  ...                 1.0                         1.0
1  1.0  1.0  ...                 1.0                         1.0
2  1.0  1.0  ...                 1.0                         1.0

[3 rows x 49 columns]
training_x: (822, 49)
training_y: 822
testset_x: (375, 49)
testset_y: 375
              precision    recall  f1-score   support

           0       0.69      0.12      0.20       234
           1       0.38      0.91      0.54       141

    accuracy                           0.42       375
   macro avg       0.54      0.52      0.37       375
weighted avg       0.58      0.42      0.33       375

accuracy: 0.416
0.5408805031446541
@@@ tn: 27, fp: 207, fn: 12, tp: 129
@@@ LIME - Creating explainer
@@@ LIME - Random Sampling of Instances
iter: 0, sample_no: 241, actual label: 0, predicted: 1
iter: 1, sample_no: 76, actual label: 0, predicted: 1
iter: 2, sample_no: 317, actual label: 0, predicted: 1
iter: 3, sample_no: 351, actual label: 1, predicted: 1
iter: 4, sample_no: 248, actual label: 1, predicted: 1
iter: 5, sample_no: 242, actual label: 0, predicted: 1
iter: 6, sample_no: 370, actual label: 1, predicted: 1
iter: 7, sample_no: 314, actual label: 0, predicted: 1
iter: 8, sample_no: 140, actual label: 0, predicted: 1
iter: 9, sample_no: 251, actual label: 0, predicted: 1
iter: 10, sample_no: 72, actual label: 0, predicted: 1
iter: 11, sample_no: 263, actual label: 0, predicted: 1
iter: 12, sample_no: 123, actual label: 0, predicted: 1
iter: 13, sample_no: 176, actual label: 0, predicted: 0
iter: 14, sample_no: 340, actual label: 0, predicted: 1
iter: 15, sample_no: 117, actual label: 1, predicted: 0
iter: 16, sample_no: 331, actual label: 0, predicted: 1
iter: 17, sample_no: 42, actual label: 0, predicted: 1
iter: 18, sample_no: 299, actual label: 1, predicted: 1
iter: 19, sample_no: 245, actual label: 0, predicted: 1
iter: 20, sample_no: 260, actual label: 1, predicted: 1
iter: 21, sample_no: 208, actual label: 0, predicted: 1
iter: 22, sample_no: 17, actual label: 1, predicted: 1
iter: 23, sample_no: 269, actual label: 0, predicted: 1
iter: 24, sample_no: 340, actual label: 0, predicted: 1
number of samples: 375
AUC 0.5651633630357035
pos_get 141
total recall stop_at 1
@@@ C - Repeat number: 3
@@@ D - common_header:  {'F71-kk@kohsuke.org', 'F120', 'F115', 'F3-InputStream', 'F22', 'F71-kutzi@gmx.de', 'F101', 'F117', 'F3-Integer', 'F3-int', 'F116', 'F3-NA', 'F126', 'F71-ogondza@redhat.com', 'F123', 'F71-nicolas.deloof@gmail.com', 'F71-o.v.nenashev@gmail.com', 'F71-stephen.alan.connolly@gmail.com', 'F3-Level', 'F71-dhoover@google.com', 'F15-public', 'F15-NA', 'F3-ANTLRHashString', 'F71-daniel-beck@github.com', 'F110', 'F3-Object[]', 'F77', 'F41', 'F104', 'F15-private', 'F71-nigel.magnay@gmail.com', 'F71-s.sogabe@gmail.com', 'F71-jglick@cloudbees.com', 'F3-File', 'F15-protected', 'F3-Class', 'F71-jglick@71c3de6d-444a-0410-be80-ed276b4c234a', 'F25', 'F3-long', 'F3-null', 'F72', 'F3-String', 'F105', 'F3-byte[]', 'F3-TaskListener', 'F71-mindless@71c3de6d-444a-0410-be80-ed276b4c234a', 'F71-kohsuke@71c3de6d-444a-0410-be80-ed276b4c234a', 'F65', 'category', 'F68'}
     F72   F25  ... F71-kk@kohsuke.org F71-nigel.magnay@gmail.com
1  25951  3191  ...                  1                          1
2  25951  3191  ...                  1                          1
3  25951  3191  ...                  1                          1

[3 rows x 49 columns]
;.;
   F72  F25  ...  F71-kk@kohsuke.org  F71-nigel.magnay@gmail.com
0  1.0  1.0  ...                 1.0                         1.0
1  1.0  1.0  ...                 1.0                         1.0
2  1.0  1.0  ...                 1.0                         1.0

[3 rows x 49 columns]
training_x: (822, 49)
training_y: 822
testset_x: (375, 49)
testset_y: 375
              precision    recall  f1-score   support

           0       0.69      0.12      0.20       234
           1       0.38      0.91      0.54       141

    accuracy                           0.42       375
   macro avg       0.54      0.52      0.37       375
weighted avg       0.58      0.42      0.33       375

accuracy: 0.416
0.5408805031446541
@@@ tn: 27, fp: 207, fn: 12, tp: 129
@@@ LIME - Creating explainer
@@@ LIME - Random Sampling of Instances
iter: 0, sample_no: 131, actual label: 1, predicted: 1
iter: 1, sample_no: 234, actual label: 0, predicted: 1
iter: 2, sample_no: 77, actual label: 0, predicted: 1
iter: 3, sample_no: 370, actual label: 1, predicted: 1
iter: 4, sample_no: 43, actual label: 0, predicted: 1
iter: 5, sample_no: 330, actual label: 1, predicted: 1
iter: 6, sample_no: 116, actual label: 1, predicted: 0
iter: 7, sample_no: 176, actual label: 0, predicted: 0
iter: 8, sample_no: 121, actual label: 0, predicted: 1
iter: 9, sample_no: 301, actual label: 1, predicted: 1
iter: 10, sample_no: 19, actual label: 0, predicted: 1
iter: 11, sample_no: 248, actual label: 1, predicted: 1
iter: 12, sample_no: 75, actual label: 0, predicted: 1
iter: 13, sample_no: 38, actual label: 1, predicted: 1
iter: 14, sample_no: 110, actual label: 0, predicted: 0
iter: 15, sample_no: 43, actual label: 0, predicted: 1
iter: 16, sample_no: 163, actual label: 0, predicted: 1
iter: 17, sample_no: 220, actual label: 0, predicted: 1
iter: 18, sample_no: 374, actual label: 1, predicted: 1
iter: 19, sample_no: 181, actual label: 0, predicted: 1
iter: 20, sample_no: 169, actual label: 0, predicted: 1
iter: 21, sample_no: 205, actual label: 0, predicted: 1
iter: 22, sample_no: 255, actual label: 1, predicted: 1
iter: 23, sample_no: 39, actual label: 1, predicted: 1
iter: 24, sample_no: 361, actual label: 1, predicted: 1
number of samples: 375
AUC 0.564860277626235
pos_get 141
total recall stop_at 1
@@@ C - Repeat number: 4
@@@ D - common_header:  {'F71-kk@kohsuke.org', 'F120', 'F115', 'F3-InputStream', 'F22', 'F71-kutzi@gmx.de', 'F101', 'F117', 'F3-Integer', 'F3-int', 'F116', 'F3-NA', 'F126', 'F71-ogondza@redhat.com', 'F123', 'F71-nicolas.deloof@gmail.com', 'F71-o.v.nenashev@gmail.com', 'F71-stephen.alan.connolly@gmail.com', 'F3-Level', 'F71-dhoover@google.com', 'F15-public', 'F15-NA', 'F3-ANTLRHashString', 'F71-daniel-beck@github.com', 'F110', 'F3-Object[]', 'F77', 'F41', 'F104', 'F15-private', 'F71-nigel.magnay@gmail.com', 'F71-s.sogabe@gmail.com', 'F71-jglick@cloudbees.com', 'F3-File', 'F15-protected', 'F3-Class', 'F71-jglick@71c3de6d-444a-0410-be80-ed276b4c234a', 'F25', 'F3-long', 'F3-null', 'F72', 'F3-String', 'F105', 'F3-byte[]', 'F3-TaskListener', 'F71-mindless@71c3de6d-444a-0410-be80-ed276b4c234a', 'F71-kohsuke@71c3de6d-444a-0410-be80-ed276b4c234a', 'F65', 'category', 'F68'}
     F72   F25  ... F71-kk@kohsuke.org F71-nigel.magnay@gmail.com
1  25951  3191  ...                  1                          1
2  25951  3191  ...                  1                          1
3  25951  3191  ...                  1                          1

[3 rows x 49 columns]
;.;
   F72  F25  ...  F71-kk@kohsuke.org  F71-nigel.magnay@gmail.com
0  1.0  1.0  ...                 1.0                         1.0
1  1.0  1.0  ...                 1.0                         1.0
2  1.0  1.0  ...                 1.0                         1.0

[3 rows x 49 columns]
training_x: (822, 49)
training_y: 822
testset_x: (375, 49)
testset_y: 375
              precision    recall  f1-score   support

           0       0.69      0.12      0.20       234
           1       0.38      0.91      0.54       141

    accuracy                           0.42       375
   macro avg       0.54      0.52      0.37       375
weighted avg       0.58      0.42      0.33       375

accuracy: 0.416
0.5408805031446541
@@@ tn: 27, fp: 207, fn: 12, tp: 129
@@@ LIME - Creating explainer
@@@ LIME - Random Sampling of Instances
iter: 0, sample_no: 325, actual label: 1, predicted: 1
iter: 1, sample_no: 94, actual label: 1, predicted: 1
iter: 2, sample_no: 97, actual label: 1, predicted: 1
iter: 3, sample_no: 51, actual label: 0, predicted: 1
iter: 4, sample_no: 335, actual label: 1, predicted: 1
iter: 5, sample_no: 344, actual label: 0, predicted: 1
iter: 6, sample_no: 71, actual label: 0, predicted: 1
iter: 7, sample_no: 286, actual label: 0, predicted: 1
iter: 8, sample_no: 89, actual label: 1, predicted: 1
iter: 9, sample_no: 247, actual label: 1, predicted: 1
iter: 10, sample_no: 188, actual label: 1, predicted: 1
iter: 11, sample_no: 19, actual label: 0, predicted: 1
iter: 12, sample_no: 7, actual label: 0, predicted: 1
iter: 13, sample_no: 374, actual label: 1, predicted: 1
iter: 14, sample_no: 315, actual label: 1, predicted: 1
iter: 15, sample_no: 360, actual label: 1, predicted: 1
iter: 16, sample_no: 341, actual label: 1, predicted: 1
iter: 17, sample_no: 139, actual label: 0, predicted: 1
iter: 18, sample_no: 293, actual label: 1, predicted: 1
iter: 19, sample_no: 82, actual label: 0, predicted: 1
iter: 20, sample_no: 142, actual label: 1, predicted: 1
iter: 21, sample_no: 367, actual label: 1, predicted: 1
iter: 22, sample_no: 232, actual label: 1, predicted: 1
iter: 23, sample_no: 182, actual label: 1, predicted: 1
iter: 24, sample_no: 366, actual label: 1, predicted: 0
number of samples: 375
AUC 0.5647390434624476
pos_get 141
total recall stop_at 1
@@@ C - Repeat number: 5
@@@ D - common_header:  {'F71-kk@kohsuke.org', 'F120', 'F115', 'F3-InputStream', 'F22', 'F71-kutzi@gmx.de', 'F101', 'F117', 'F3-Integer', 'F3-int', 'F116', 'F3-NA', 'F126', 'F71-ogondza@redhat.com', 'F123', 'F71-nicolas.deloof@gmail.com', 'F71-o.v.nenashev@gmail.com', 'F71-stephen.alan.connolly@gmail.com', 'F3-Level', 'F71-dhoover@google.com', 'F15-public', 'F15-NA', 'F3-ANTLRHashString', 'F71-daniel-beck@github.com', 'F110', 'F3-Object[]', 'F77', 'F41', 'F104', 'F15-private', 'F71-nigel.magnay@gmail.com', 'F71-s.sogabe@gmail.com', 'F71-jglick@cloudbees.com', 'F3-File', 'F15-protected', 'F3-Class', 'F71-jglick@71c3de6d-444a-0410-be80-ed276b4c234a', 'F25', 'F3-long', 'F3-null', 'F72', 'F3-String', 'F105', 'F3-byte[]', 'F3-TaskListener', 'F71-mindless@71c3de6d-444a-0410-be80-ed276b4c234a', 'F71-kohsuke@71c3de6d-444a-0410-be80-ed276b4c234a', 'F65', 'category', 'F68'}
     F72   F25  ... F71-kk@kohsuke.org F71-nigel.magnay@gmail.com
1  25951  3191  ...                  1                          1
2  25951  3191  ...                  1                          1
3  25951  3191  ...                  1                          1

[3 rows x 49 columns]
;.;
   F72  F25  ...  F71-kk@kohsuke.org  F71-nigel.magnay@gmail.com
0  1.0  1.0  ...                 1.0                         1.0
1  1.0  1.0  ...                 1.0                         1.0
2  1.0  1.0  ...                 1.0                         1.0

[3 rows x 49 columns]
training_x: (822, 49)
training_y: 822
testset_x: (375, 49)
testset_y: 375
              precision    recall  f1-score   support

           0       0.69      0.12      0.20       234
           1       0.38      0.91      0.54       141

    accuracy                           0.42       375
   macro avg       0.54      0.52      0.37       375
weighted avg       0.58      0.42      0.33       375

accuracy: 0.416
0.5408805031446541
@@@ tn: 27, fp: 207, fn: 12, tp: 129
@@@ LIME - Creating explainer
@@@ LIME - Random Sampling of Instances
iter: 0, sample_no: 327, actual label: 1, predicted: 1
iter: 1, sample_no: 362, actual label: 0, predicted: 1
iter: 2, sample_no: 341, actual label: 1, predicted: 1
iter: 3, sample_no: 99, actual label: 1, predicted: 1
iter: 4, sample_no: 149, actual label: 0, predicted: 1
iter: 5, sample_no: 172, actual label: 0, predicted: 1
iter: 6, sample_no: 127, actual label: 0, predicted: 1
iter: 7, sample_no: 296, actual label: 1, predicted: 1
iter: 8, sample_no: 107, actual label: 1, predicted: 1
iter: 9, sample_no: 37, actual label: 0, predicted: 1
iter: 10, sample_no: 317, actual label: 0, predicted: 1
iter: 11, sample_no: 118, actual label: 0, predicted: 1
iter: 12, sample_no: 137, actual label: 0, predicted: 1
iter: 13, sample_no: 87, actual label: 0, predicted: 1
iter: 14, sample_no: 295, actual label: 1, predicted: 1
iter: 15, sample_no: 57, actual label: 1, predicted: 1
iter: 16, sample_no: 145, actual label: 1, predicted: 1
iter: 17, sample_no: 113, actual label: 1, predicted: 1
iter: 18, sample_no: 226, actual label: 0, predicted: 1
iter: 19, sample_no: 4, actual label: 0, predicted: 1
iter: 20, sample_no: 244, actual label: 0, predicted: 1
iter: 21, sample_no: 120, actual label: 0, predicted: 1
iter: 22, sample_no: 0, actual label: 0, predicted: 1
iter: 23, sample_no: 318, actual label: 0, predicted: 1
iter: 24, sample_no: 256, actual label: 0, predicted: 1
number of samples: 375
AUC 0.5649512032490756
pos_get 141
total recall stop_at 1
@@@ C - Repeat number: 6
@@@ D - common_header:  {'F71-kk@kohsuke.org', 'F120', 'F115', 'F3-InputStream', 'F22', 'F71-kutzi@gmx.de', 'F101', 'F117', 'F3-Integer', 'F3-int', 'F116', 'F3-NA', 'F126', 'F71-ogondza@redhat.com', 'F123', 'F71-nicolas.deloof@gmail.com', 'F71-o.v.nenashev@gmail.com', 'F71-stephen.alan.connolly@gmail.com', 'F3-Level', 'F71-dhoover@google.com', 'F15-public', 'F15-NA', 'F3-ANTLRHashString', 'F71-daniel-beck@github.com', 'F110', 'F3-Object[]', 'F77', 'F41', 'F104', 'F15-private', 'F71-nigel.magnay@gmail.com', 'F71-s.sogabe@gmail.com', 'F71-jglick@cloudbees.com', 'F3-File', 'F15-protected', 'F3-Class', 'F71-jglick@71c3de6d-444a-0410-be80-ed276b4c234a', 'F25', 'F3-long', 'F3-null', 'F72', 'F3-String', 'F105', 'F3-byte[]', 'F3-TaskListener', 'F71-mindless@71c3de6d-444a-0410-be80-ed276b4c234a', 'F71-kohsuke@71c3de6d-444a-0410-be80-ed276b4c234a', 'F65', 'category', 'F68'}
     F72   F25  ... F71-kk@kohsuke.org F71-nigel.magnay@gmail.com
1  25951  3191  ...                  1                          1
2  25951  3191  ...                  1                          1
3  25951  3191  ...                  1                          1

[3 rows x 49 columns]
;.;
   F72  F25  ...  F71-kk@kohsuke.org  F71-nigel.magnay@gmail.com
0  1.0  1.0  ...                 1.0                         1.0
1  1.0  1.0  ...                 1.0                         1.0
2  1.0  1.0  ...                 1.0                         1.0

[3 rows x 49 columns]
training_x: (822, 49)
training_y: 822
testset_x: (375, 49)
testset_y: 375
              precision    recall  f1-score   support

           0       0.69      0.12      0.20       234
           1       0.38      0.91      0.54       141

    accuracy                           0.42       375
   macro avg       0.54      0.52      0.37       375
weighted avg       0.58      0.42      0.33       375

accuracy: 0.416
0.5408805031446541
@@@ tn: 27, fp: 207, fn: 12, tp: 129
@@@ LIME - Creating explainer
@@@ LIME - Random Sampling of Instances
iter: 0, sample_no: 51, actual label: 0, predicted: 1
iter: 1, sample_no: 275, actual label: 0, predicted: 1
iter: 2, sample_no: 304, actual label: 1, predicted: 1
iter: 3, sample_no: 48, actual label: 0, predicted: 1
iter: 4, sample_no: 71, actual label: 0, predicted: 1
iter: 5, sample_no: 223, actual label: 0, predicted: 0
iter: 6, sample_no: 333, actual label: 0, predicted: 1
iter: 7, sample_no: 40, actual label: 0, predicted: 1
iter: 8, sample_no: 373, actual label: 0, predicted: 1
iter: 9, sample_no: 58, actual label: 1, predicted: 1
iter: 10, sample_no: 181, actual label: 0, predicted: 1
iter: 11, sample_no: 186, actual label: 1, predicted: 1
iter: 12, sample_no: 185, actual label: 1, predicted: 1
iter: 13, sample_no: 30, actual label: 0, predicted: 1
iter: 14, sample_no: 142, actual label: 1, predicted: 1
iter: 15, sample_no: 224, actual label: 0, predicted: 1
iter: 16, sample_no: 123, actual label: 0, predicted: 1
iter: 17, sample_no: 100, actual label: 1, predicted: 1
iter: 18, sample_no: 262, actual label: 0, predicted: 1
iter: 19, sample_no: 113, actual label: 1, predicted: 1
iter: 20, sample_no: 120, actual label: 0, predicted: 1
iter: 21, sample_no: 194, actual label: 0, predicted: 0
iter: 22, sample_no: 310, actual label: 0, predicted: 1
iter: 23, sample_no: 42, actual label: 0, predicted: 1
iter: 24, sample_no: 124, actual label: 1, predicted: 1
number of samples: 375
AUC 0.5649966660604958
pos_get 141
total recall stop_at 1
@@@ C - Repeat number: 7
@@@ D - common_header:  {'F71-kk@kohsuke.org', 'F120', 'F115', 'F3-InputStream', 'F22', 'F71-kutzi@gmx.de', 'F101', 'F117', 'F3-Integer', 'F3-int', 'F116', 'F3-NA', 'F126', 'F71-ogondza@redhat.com', 'F123', 'F71-nicolas.deloof@gmail.com', 'F71-o.v.nenashev@gmail.com', 'F71-stephen.alan.connolly@gmail.com', 'F3-Level', 'F71-dhoover@google.com', 'F15-public', 'F15-NA', 'F3-ANTLRHashString', 'F71-daniel-beck@github.com', 'F110', 'F3-Object[]', 'F77', 'F41', 'F104', 'F15-private', 'F71-nigel.magnay@gmail.com', 'F71-s.sogabe@gmail.com', 'F71-jglick@cloudbees.com', 'F3-File', 'F15-protected', 'F3-Class', 'F71-jglick@71c3de6d-444a-0410-be80-ed276b4c234a', 'F25', 'F3-long', 'F3-null', 'F72', 'F3-String', 'F105', 'F3-byte[]', 'F3-TaskListener', 'F71-mindless@71c3de6d-444a-0410-be80-ed276b4c234a', 'F71-kohsuke@71c3de6d-444a-0410-be80-ed276b4c234a', 'F65', 'category', 'F68'}
     F72   F25  ... F71-kk@kohsuke.org F71-nigel.magnay@gmail.com
1  25951  3191  ...                  1                          1
2  25951  3191  ...                  1                          1
3  25951  3191  ...                  1                          1

[3 rows x 49 columns]
;.;
   F72  F25  ...  F71-kk@kohsuke.org  F71-nigel.magnay@gmail.com
0  1.0  1.0  ...                 1.0                         1.0
1  1.0  1.0  ...                 1.0                         1.0
2  1.0  1.0  ...                 1.0                         1.0

[3 rows x 49 columns]
training_x: (822, 49)
training_y: 822
testset_x: (375, 49)
testset_y: 375
              precision    recall  f1-score   support

           0       0.69      0.12      0.20       234
           1       0.38      0.91      0.54       141

    accuracy                           0.42       375
   macro avg       0.54      0.52      0.37       375
weighted avg       0.58      0.42      0.33       375

accuracy: 0.416
0.5408805031446541
@@@ tn: 27, fp: 207, fn: 12, tp: 129
@@@ LIME - Creating explainer
@@@ LIME - Random Sampling of Instances
iter: 0, sample_no: 173, actual label: 1, predicted: 1
iter: 1, sample_no: 0, actual label: 0, predicted: 1
iter: 2, sample_no: 29, actual label: 0, predicted: 1
iter: 3, sample_no: 113, actual label: 1, predicted: 1
iter: 4, sample_no: 181, actual label: 0, predicted: 1
iter: 5, sample_no: 65, actual label: 0, predicted: 1
iter: 6, sample_no: 227, actual label: 0, predicted: 1
iter: 7, sample_no: 230, actual label: 1, predicted: 1
iter: 8, sample_no: 233, actual label: 1, predicted: 1
iter: 9, sample_no: 346, actual label: 0, predicted: 1
iter: 10, sample_no: 148, actual label: 0, predicted: 1
iter: 11, sample_no: 21, actual label: 1, predicted: 1
iter: 12, sample_no: 302, actual label: 1, predicted: 1
iter: 13, sample_no: 7, actual label: 0, predicted: 1
iter: 14, sample_no: 111, actual label: 0, predicted: 1
iter: 15, sample_no: 156, actual label: 0, predicted: 1
iter: 16, sample_no: 324, actual label: 1, predicted: 0
iter: 17, sample_no: 22, actual label: 1, predicted: 1
iter: 18, sample_no: 151, actual label: 1, predicted: 1
iter: 19, sample_no: 215, actual label: 0, predicted: 1
iter: 20, sample_no: 100, actual label: 1, predicted: 1
iter: 21, sample_no: 338, actual label: 1, predicted: 1
iter: 22, sample_no: 125, actual label: 1, predicted: 1
iter: 23, sample_no: 105, actual label: 1, predicted: 1
iter: 24, sample_no: 13, actual label: 0, predicted: 1
number of samples: 375
AUC 0.5650421288719161
pos_get 141
total recall stop_at 1
@@@ C - Repeat number: 8
@@@ D - common_header:  {'F71-kk@kohsuke.org', 'F120', 'F115', 'F3-InputStream', 'F22', 'F71-kutzi@gmx.de', 'F101', 'F117', 'F3-Integer', 'F3-int', 'F116', 'F3-NA', 'F126', 'F71-ogondza@redhat.com', 'F123', 'F71-nicolas.deloof@gmail.com', 'F71-o.v.nenashev@gmail.com', 'F71-stephen.alan.connolly@gmail.com', 'F3-Level', 'F71-dhoover@google.com', 'F15-public', 'F15-NA', 'F3-ANTLRHashString', 'F71-daniel-beck@github.com', 'F110', 'F3-Object[]', 'F77', 'F41', 'F104', 'F15-private', 'F71-nigel.magnay@gmail.com', 'F71-s.sogabe@gmail.com', 'F71-jglick@cloudbees.com', 'F3-File', 'F15-protected', 'F3-Class', 'F71-jglick@71c3de6d-444a-0410-be80-ed276b4c234a', 'F25', 'F3-long', 'F3-null', 'F72', 'F3-String', 'F105', 'F3-byte[]', 'F3-TaskListener', 'F71-mindless@71c3de6d-444a-0410-be80-ed276b4c234a', 'F71-kohsuke@71c3de6d-444a-0410-be80-ed276b4c234a', 'F65', 'category', 'F68'}
     F72   F25  ... F71-kk@kohsuke.org F71-nigel.magnay@gmail.com
1  25951  3191  ...                  1                          1
2  25951  3191  ...                  1                          1
3  25951  3191  ...                  1                          1

[3 rows x 49 columns]
;.;
   F72  F25  ...  F71-kk@kohsuke.org  F71-nigel.magnay@gmail.com
0  1.0  1.0  ...                 1.0                         1.0
1  1.0  1.0  ...                 1.0                         1.0
2  1.0  1.0  ...                 1.0                         1.0

[3 rows x 49 columns]
training_x: (822, 49)
training_y: 822
testset_x: (375, 49)
testset_y: 375
              precision    recall  f1-score   support

           0       0.69      0.12      0.20       234
           1       0.38      0.91      0.54       141

    accuracy                           0.42       375
   macro avg       0.54      0.52      0.37       375
weighted avg       0.58      0.42      0.33       375

accuracy: 0.416
0.5408805031446541
@@@ tn: 27, fp: 207, fn: 12, tp: 129
@@@ LIME - Creating explainer
@@@ LIME - Random Sampling of Instances
iter: 0, sample_no: 109, actual label: 0, predicted: 1
iter: 1, sample_no: 241, actual label: 0, predicted: 1
iter: 2, sample_no: 371, actual label: 0, predicted: 1
iter: 3, sample_no: 357, actual label: 1, predicted: 1
iter: 4, sample_no: 290, actual label: 0, predicted: 1
iter: 5, sample_no: 229, actual label: 0, predicted: 1
iter: 6, sample_no: 239, actual label: 0, predicted: 1
iter: 7, sample_no: 289, actual label: 0, predicted: 1
iter: 8, sample_no: 320, actual label: 0, predicted: 0
iter: 9, sample_no: 123, actual label: 0, predicted: 1
iter: 10, sample_no: 103, actual label: 1, predicted: 1
iter: 11, sample_no: 247, actual label: 1, predicted: 1
iter: 12, sample_no: 364, actual label: 0, predicted: 1
iter: 13, sample_no: 343, actual label: 0, predicted: 1
iter: 14, sample_no: 48, actual label: 0, predicted: 1
iter: 15, sample_no: 301, actual label: 1, predicted: 1
iter: 16, sample_no: 106, actual label: 0, predicted: 1
iter: 17, sample_no: 151, actual label: 1, predicted: 1
iter: 18, sample_no: 60, actual label: 1, predicted: 1
iter: 19, sample_no: 81, actual label: 1, predicted: 1
iter: 20, sample_no: 325, actual label: 1, predicted: 1
iter: 21, sample_no: 97, actual label: 1, predicted: 1
iter: 22, sample_no: 51, actual label: 0, predicted: 1
iter: 23, sample_no: 239, actual label: 0, predicted: 1
iter: 24, sample_no: 226, actual label: 0, predicted: 1
number of samples: 375
AUC 0.5649057404376553
pos_get 141
total recall stop_at 1
@@@ C - Repeat number: 9
@@@ D - common_header:  {'F71-kk@kohsuke.org', 'F120', 'F115', 'F3-InputStream', 'F22', 'F71-kutzi@gmx.de', 'F101', 'F117', 'F3-Integer', 'F3-int', 'F116', 'F3-NA', 'F126', 'F71-ogondza@redhat.com', 'F123', 'F71-nicolas.deloof@gmail.com', 'F71-o.v.nenashev@gmail.com', 'F71-stephen.alan.connolly@gmail.com', 'F3-Level', 'F71-dhoover@google.com', 'F15-public', 'F15-NA', 'F3-ANTLRHashString', 'F71-daniel-beck@github.com', 'F110', 'F3-Object[]', 'F77', 'F41', 'F104', 'F15-private', 'F71-nigel.magnay@gmail.com', 'F71-s.sogabe@gmail.com', 'F71-jglick@cloudbees.com', 'F3-File', 'F15-protected', 'F3-Class', 'F71-jglick@71c3de6d-444a-0410-be80-ed276b4c234a', 'F25', 'F3-long', 'F3-null', 'F72', 'F3-String', 'F105', 'F3-byte[]', 'F3-TaskListener', 'F71-mindless@71c3de6d-444a-0410-be80-ed276b4c234a', 'F71-kohsuke@71c3de6d-444a-0410-be80-ed276b4c234a', 'F65', 'category', 'F68'}
     F72   F25  ... F71-kk@kohsuke.org F71-nigel.magnay@gmail.com
1  25951  3191  ...                  1                          1
2  25951  3191  ...                  1                          1
3  25951  3191  ...                  1                          1

[3 rows x 49 columns]
;.;
   F72  F25  ...  F71-kk@kohsuke.org  F71-nigel.magnay@gmail.com
0  1.0  1.0  ...                 1.0                         1.0
1  1.0  1.0  ...                 1.0                         1.0
2  1.0  1.0  ...                 1.0                         1.0

[3 rows x 49 columns]
training_x: (822, 49)
training_y: 822
testset_x: (375, 49)
testset_y: 375
              precision    recall  f1-score   support

           0       0.69      0.12      0.20       234
           1       0.38      0.91      0.54       141

    accuracy                           0.42       375
   macro avg       0.54      0.52      0.37       375
weighted avg       0.58      0.42      0.33       375

accuracy: 0.416
0.5408805031446541
@@@ tn: 27, fp: 207, fn: 12, tp: 129
@@@ LIME - Creating explainer
@@@ LIME - Random Sampling of Instances
iter: 0, sample_no: 57, actual label: 1, predicted: 1
iter: 1, sample_no: 329, actual label: 0, predicted: 1
iter: 2, sample_no: 334, actual label: 1, predicted: 1
iter: 3, sample_no: 230, actual label: 1, predicted: 1
iter: 4, sample_no: 140, actual label: 0, predicted: 1
iter: 5, sample_no: 36, actual label: 0, predicted: 1
iter: 6, sample_no: 288, actual label: 0, predicted: 1
iter: 7, sample_no: 121, actual label: 0, predicted: 1
iter: 8, sample_no: 146, actual label: 0, predicted: 0
iter: 9, sample_no: 64, actual label: 0, predicted: 1
iter: 10, sample_no: 308, actual label: 0, predicted: 1
iter: 11, sample_no: 33, actual label: 0, predicted: 1
iter: 12, sample_no: 110, actual label: 0, predicted: 0
iter: 13, sample_no: 270, actual label: 0, predicted: 1
iter: 14, sample_no: 154, actual label: 0, predicted: 1
iter: 15, sample_no: 17, actual label: 1, predicted: 1
iter: 16, sample_no: 15, actual label: 0, predicted: 1
iter: 17, sample_no: 216, actual label: 0, predicted: 0
iter: 18, sample_no: 154, actual label: 0, predicted: 1
iter: 19, sample_no: 216, actual label: 0, predicted: 0
iter: 20, sample_no: 155, actual label: 0, predicted: 1
iter: 21, sample_no: 242, actual label: 0, predicted: 1
iter: 22, sample_no: 367, actual label: 1, predicted: 1
iter: 23, sample_no: 274, actual label: 0, predicted: 1
iter: 24, sample_no: 93, actual label: 1, predicted: 1
number of samples: 375
AUC 0.5647390434624476
pos_get 141
total recall stop_at 1
@@@ C - Repeat number: 10
@@@ D - common_header:  {'F71-kk@kohsuke.org', 'F120', 'F115', 'F3-InputStream', 'F22', 'F71-kutzi@gmx.de', 'F101', 'F117', 'F3-Integer', 'F3-int', 'F116', 'F3-NA', 'F126', 'F71-ogondza@redhat.com', 'F123', 'F71-nicolas.deloof@gmail.com', 'F71-o.v.nenashev@gmail.com', 'F71-stephen.alan.connolly@gmail.com', 'F3-Level', 'F71-dhoover@google.com', 'F15-public', 'F15-NA', 'F3-ANTLRHashString', 'F71-daniel-beck@github.com', 'F110', 'F3-Object[]', 'F77', 'F41', 'F104', 'F15-private', 'F71-nigel.magnay@gmail.com', 'F71-s.sogabe@gmail.com', 'F71-jglick@cloudbees.com', 'F3-File', 'F15-protected', 'F3-Class', 'F71-jglick@71c3de6d-444a-0410-be80-ed276b4c234a', 'F25', 'F3-long', 'F3-null', 'F72', 'F3-String', 'F105', 'F3-byte[]', 'F3-TaskListener', 'F71-mindless@71c3de6d-444a-0410-be80-ed276b4c234a', 'F71-kohsuke@71c3de6d-444a-0410-be80-ed276b4c234a', 'F65', 'category', 'F68'}
     F72   F25  ... F71-kk@kohsuke.org F71-nigel.magnay@gmail.com
1  25951  3191  ...                  1                          1
2  25951  3191  ...                  1                          1
3  25951  3191  ...                  1                          1

[3 rows x 49 columns]
;.;
   F72  F25  ...  F71-kk@kohsuke.org  F71-nigel.magnay@gmail.com
0  1.0  1.0  ...                 1.0                         1.0
1  1.0  1.0  ...                 1.0                         1.0
2  1.0  1.0  ...                 1.0                         1.0

[3 rows x 49 columns]
training_x: (822, 49)
training_y: 822
testset_x: (375, 49)
testset_y: 375
              precision    recall  f1-score   support

           0       0.69      0.12      0.20       234
           1       0.38      0.91      0.54       141

    accuracy                           0.42       375
   macro avg       0.54      0.52      0.37       375
weighted avg       0.58      0.42      0.33       375

accuracy: 0.416
0.5408805031446541
@@@ tn: 27, fp: 207, fn: 12, tp: 129
@@@ LIME - Creating explainer
@@@ LIME - Random Sampling of Instances
iter: 0, sample_no: 156, actual label: 0, predicted: 1
iter: 1, sample_no: 101, actual label: 1, predicted: 1
iter: 2, sample_no: 262, actual label: 0, predicted: 1
iter: 3, sample_no: 91, actual label: 1, predicted: 1
iter: 4, sample_no: 6, actual label: 0, predicted: 1
iter: 5, sample_no: 44, actual label: 0, predicted: 1
iter: 6, sample_no: 295, actual label: 1, predicted: 1
iter: 7, sample_no: 39, actual label: 1, predicted: 1
iter: 8, sample_no: 66, actual label: 0, predicted: 1
iter: 9, sample_no: 69, actual label: 0, predicted: 1
iter: 10, sample_no: 316, actual label: 0, predicted: 1
iter: 11, sample_no: 42, actual label: 0, predicted: 1
iter: 12, sample_no: 49, actual label: 0, predicted: 1
iter: 13, sample_no: 167, actual label: 0, predicted: 1
iter: 14, sample_no: 174, actual label: 1, predicted: 1
iter: 15, sample_no: 249, actual label: 1, predicted: 1
iter: 16, sample_no: 75, actual label: 0, predicted: 1
iter: 17, sample_no: 348, actual label: 1, predicted: 1
iter: 18, sample_no: 270, actual label: 0, predicted: 1
iter: 19, sample_no: 73, actual label: 0, predicted: 1
iter: 20, sample_no: 185, actual label: 1, predicted: 1
iter: 21, sample_no: 150, actual label: 0, predicted: 1
iter: 22, sample_no: 307, actual label: 1, predicted: 1
iter: 23, sample_no: 77, actual label: 0, predicted: 1
iter: 24, sample_no: 205, actual label: 0, predicted: 1
number of samples: 375
AUC 0.5647693520033945
pos_get 141
total recall stop_at 1
----------threshold stop at----------: 1
AUC [0.5650118203309693, 0.5651633630357035, 0.564860277626235, 0.5647390434624476, 0.5649512032490756, 0.5649966660604958, 0.5650421288719161, 0.5649057404376553, 0.5647390434624476, 0.5647693520033945]
AUC_median 0.5649284718433654
AUC_iqr 0.00021594835424620928
cost [1, 1, 1, 1, 1, 1, 1, 1, 1, 1]
COST_med 1.0
COST_iqr 0.0
f1_pos_list [np.float64(0.5408805031446541), np.float64(0.5408805031446541), np.float64(0.5408805031446541), np.float64(0.5408805031446541), np.float64(0.5408805031446541), np.float64(0.5408805031446541), np.float64(0.5408805031446541), np.float64(0.5408805031446541), np.float64(0.5408805031446541), np.float64(0.5408805031446541)]
f1_pos_med 0.5408805031446541
total_tn 270
total_fp 2070
total_fn 120
total_tp 1290
p= 0.38392857142857145
r= 0.9148936170212766
f= 0.5408805031446541
