@@@ A - classifier: SVC(class_weight='balanced', kernel='linear', probability=True)
@@@ B - threshold stop at: 1
@@@ C - Repeat number: 1
will not use leaked features
@@@ D - common_header:  {'F71-carlos@apache.org', 'F15-private', 'F3-XmlPullParser', 'F3-DefaultBeanConfigurationRequest', 'F22', 'F71-sisbell@apache.org', 'F71-mkleint@apache.org', 'F3-Model', 'F15-protected', 'F68', 'F3-InputStream', 'F3-Artifact', 'F104', 'F41', 'F71-igor@ifedorenko.com', 'F71-jvanzyl@apache.org', 'F71-krosenvold@apache.org', 'F71-hboutemy@apache.org', 'F65', 'F71-ogusakov@apache.org', 'F3-File', 'F71-olamy@apache.org', 'category', 'F71-brianf@apache.org', 'F3-ModelBuildingRequest', 'F71-brett@apache.org', 'F3-localRepository()', 'F71-ifedorenko@apache.org', 'F105', 'F71-kenney@apache.org', 'F3-SimpleProblemCollector', 'F101', 'F71-bentmann@apache.org', 'F3-String', 'F3-ProjectSegment', 'F3-NA', 'F15-NA', 'F123', 'F71-stephen.alan.connolly@gmail.com', 'F15-public', 'F71-aheritier@apache.org', 'F25', 'F3-problems.getModel()', 'F3-int', 'F72', 'F3-null', 'F126', 'F71-jdcasey@apache.org', 'F77', 'F71-jason@tesla.io'}
    F72   F25  ... F71-jason@tesla.io F71-jdcasey@apache.org
1  2658  1706  ...                  1                      1
2  2658  1706  ...                  1                      0
3  2658  1706  ...                  1                      0

[3 rows x 49 columns]
;.;
       F72       F25  ...  F71-jason@tesla.io  F71-jdcasey@apache.org
0  0.23101  0.497231  ...                 1.0                     1.0
1  0.23101  0.497231  ...                 1.0                     0.0
2  0.23101  0.497231  ...                 1.0                     0.0

[3 rows x 49 columns]
training_x: (813, 49)
training_y: 813
testset_x: (82, 49)
testset_y: 82
              precision    recall  f1-score   support

           0       0.85      0.32      0.47        71
           1       0.13      0.64      0.21        11

    accuracy                           0.37        82
   macro avg       0.49      0.48      0.34        82
weighted avg       0.75      0.37      0.43        82

accuracy: 0.36585365853658536
0.21212121212121213
@@@ tn: 23, fp: 48, fn: 4, tp: 7
@@@ LIME - Creating explainer
@@@ LIME - Random Sampling of Instances
iter: 0, sample_no: 64, actual label: 0, predicted: 1
iter: 1, sample_no: 18, actual label: 0, predicted: 1
iter: 2, sample_no: 43, actual label: 1, predicted: 1
iter: 3, sample_no: 41, actual label: 0, predicted: 1
iter: 4, sample_no: 10, actual label: 0, predicted: 1
iter: 5, sample_no: 78, actual label: 0, predicted: 0
iter: 6, sample_no: 51, actual label: 0, predicted: 0
iter: 7, sample_no: 20, actual label: 0, predicted: 1
iter: 8, sample_no: 77, actual label: 0, predicted: 0
iter: 9, sample_no: 43, actual label: 1, predicted: 1
iter: 10, sample_no: 5, actual label: 0, predicted: 1
iter: 11, sample_no: 23, actual label: 1, predicted: 1
iter: 12, sample_no: 75, actual label: 1, predicted: 0
iter: 13, sample_no: 59, actual label: 0, predicted: 1
iter: 14, sample_no: 34, actual label: 0, predicted: 1
iter: 15, sample_no: 32, actual label: 0, predicted: 1
iter: 16, sample_no: 43, actual label: 1, predicted: 1
iter: 17, sample_no: 37, actual label: 1, predicted: 1
iter: 18, sample_no: 80, actual label: 0, predicted: 0
iter: 19, sample_no: 54, actual label: 0, predicted: 1
iter: 20, sample_no: 34, actual label: 0, predicted: 1
iter: 21, sample_no: 69, actual label: 0, predicted: 0
iter: 22, sample_no: 29, actual label: 0, predicted: 0
iter: 23, sample_no: 56, actual label: 0, predicted: 1
iter: 24, sample_no: 11, actual label: 0, predicted: 1
number of samples: 82
AUC 0.4737516005121639
pos_get 11
total recall stop_at 1.0
@@@ C - Repeat number: 2
will not use leaked features
@@@ D - common_header:  {'F71-carlos@apache.org', 'F15-private', 'F3-XmlPullParser', 'F3-DefaultBeanConfigurationRequest', 'F22', 'F71-sisbell@apache.org', 'F71-mkleint@apache.org', 'F3-Model', 'F15-protected', 'F68', 'F3-InputStream', 'F3-Artifact', 'F104', 'F41', 'F71-igor@ifedorenko.com', 'F71-jvanzyl@apache.org', 'F71-krosenvold@apache.org', 'F71-hboutemy@apache.org', 'F65', 'F71-ogusakov@apache.org', 'F3-File', 'F71-olamy@apache.org', 'category', 'F71-brianf@apache.org', 'F3-ModelBuildingRequest', 'F71-brett@apache.org', 'F3-localRepository()', 'F71-ifedorenko@apache.org', 'F105', 'F71-kenney@apache.org', 'F3-SimpleProblemCollector', 'F101', 'F71-bentmann@apache.org', 'F3-String', 'F3-ProjectSegment', 'F3-NA', 'F15-NA', 'F123', 'F71-stephen.alan.connolly@gmail.com', 'F15-public', 'F71-aheritier@apache.org', 'F25', 'F3-problems.getModel()', 'F3-int', 'F72', 'F3-null', 'F126', 'F71-jdcasey@apache.org', 'F77', 'F71-jason@tesla.io'}
    F72   F25  ... F71-jason@tesla.io F71-jdcasey@apache.org
1  2658  1706  ...                  1                      1
2  2658  1706  ...                  1                      0
3  2658  1706  ...                  1                      0

[3 rows x 49 columns]
;.;
       F72       F25  ...  F71-jason@tesla.io  F71-jdcasey@apache.org
0  0.23101  0.497231  ...                 1.0                     1.0
1  0.23101  0.497231  ...                 1.0                     0.0
2  0.23101  0.497231  ...                 1.0                     0.0

[3 rows x 49 columns]
training_x: (813, 49)
training_y: 813
testset_x: (82, 49)
testset_y: 82
              precision    recall  f1-score   support

           0       0.85      0.32      0.47        71
           1       0.13      0.64      0.21        11

    accuracy                           0.37        82
   macro avg       0.49      0.48      0.34        82
weighted avg       0.75      0.37      0.43        82

accuracy: 0.36585365853658536
0.21212121212121213
@@@ tn: 23, fp: 48, fn: 4, tp: 7
@@@ LIME - Creating explainer
@@@ LIME - Random Sampling of Instances
iter: 0, sample_no: 35, actual label: 0, predicted: 1
iter: 1, sample_no: 56, actual label: 0, predicted: 1
iter: 2, sample_no: 57, actual label: 0, predicted: 1
iter: 3, sample_no: 72, actual label: 0, predicted: 0
iter: 4, sample_no: 75, actual label: 1, predicted: 0
iter: 5, sample_no: 0, actual label: 0, predicted: 1
iter: 6, sample_no: 22, actual label: 1, predicted: 1
iter: 7, sample_no: 26, actual label: 0, predicted: 0
iter: 8, sample_no: 63, actual label: 0, predicted: 1
iter: 9, sample_no: 74, actual label: 1, predicted: 0
iter: 10, sample_no: 74, actual label: 1, predicted: 0
iter: 11, sample_no: 48, actual label: 0, predicted: 0
iter: 12, sample_no: 31, actual label: 0, predicted: 1
iter: 13, sample_no: 17, actual label: 0, predicted: 1
iter: 14, sample_no: 27, actual label: 0, predicted: 0
iter: 15, sample_no: 63, actual label: 0, predicted: 1
iter: 16, sample_no: 70, actual label: 1, predicted: 1
iter: 17, sample_no: 8, actual label: 0, predicted: 1
iter: 18, sample_no: 52, actual label: 0, predicted: 1
iter: 19, sample_no: 52, actual label: 0, predicted: 1
iter: 20, sample_no: 3, actual label: 0, predicted: 1
iter: 21, sample_no: 39, actual label: 0, predicted: 0
iter: 22, sample_no: 0, actual label: 0, predicted: 1
iter: 23, sample_no: 39, actual label: 0, predicted: 0
iter: 24, sample_no: 40, actual label: 0, predicted: 0
number of samples: 82
AUC 0.4737516005121639
pos_get 11
total recall stop_at 1.0
@@@ C - Repeat number: 3
will not use leaked features
@@@ D - common_header:  {'F71-carlos@apache.org', 'F15-private', 'F3-XmlPullParser', 'F3-DefaultBeanConfigurationRequest', 'F22', 'F71-sisbell@apache.org', 'F71-mkleint@apache.org', 'F3-Model', 'F15-protected', 'F68', 'F3-InputStream', 'F3-Artifact', 'F104', 'F41', 'F71-igor@ifedorenko.com', 'F71-jvanzyl@apache.org', 'F71-krosenvold@apache.org', 'F71-hboutemy@apache.org', 'F65', 'F71-ogusakov@apache.org', 'F3-File', 'F71-olamy@apache.org', 'category', 'F71-brianf@apache.org', 'F3-ModelBuildingRequest', 'F71-brett@apache.org', 'F3-localRepository()', 'F71-ifedorenko@apache.org', 'F105', 'F71-kenney@apache.org', 'F3-SimpleProblemCollector', 'F101', 'F71-bentmann@apache.org', 'F3-String', 'F3-ProjectSegment', 'F3-NA', 'F15-NA', 'F123', 'F71-stephen.alan.connolly@gmail.com', 'F15-public', 'F71-aheritier@apache.org', 'F25', 'F3-problems.getModel()', 'F3-int', 'F72', 'F3-null', 'F126', 'F71-jdcasey@apache.org', 'F77', 'F71-jason@tesla.io'}
    F72   F25  ... F71-jason@tesla.io F71-jdcasey@apache.org
1  2658  1706  ...                  1                      1
2  2658  1706  ...                  1                      0
3  2658  1706  ...                  1                      0

[3 rows x 49 columns]
;.;
       F72       F25  ...  F71-jason@tesla.io  F71-jdcasey@apache.org
0  0.23101  0.497231  ...                 1.0                     1.0
1  0.23101  0.497231  ...                 1.0                     0.0
2  0.23101  0.497231  ...                 1.0                     0.0

[3 rows x 49 columns]
training_x: (813, 49)
training_y: 813
testset_x: (82, 49)
testset_y: 82
              precision    recall  f1-score   support

           0       0.85      0.32      0.47        71
           1       0.13      0.64      0.21        11

    accuracy                           0.37        82
   macro avg       0.49      0.48      0.34        82
weighted avg       0.75      0.37      0.43        82

accuracy: 0.36585365853658536
0.21212121212121213
@@@ tn: 23, fp: 48, fn: 4, tp: 7
@@@ LIME - Creating explainer
@@@ LIME - Random Sampling of Instances
iter: 0, sample_no: 30, actual label: 0, predicted: 0
iter: 1, sample_no: 10, actual label: 0, predicted: 1
iter: 2, sample_no: 9, actual label: 0, predicted: 1
iter: 3, sample_no: 15, actual label: 0, predicted: 1
iter: 4, sample_no: 23, actual label: 1, predicted: 1
iter: 5, sample_no: 32, actual label: 0, predicted: 1
iter: 6, sample_no: 45, actual label: 0, predicted: 1
iter: 7, sample_no: 12, actual label: 0, predicted: 1
iter: 8, sample_no: 80, actual label: 0, predicted: 0
iter: 9, sample_no: 27, actual label: 0, predicted: 0
iter: 10, sample_no: 37, actual label: 1, predicted: 1
iter: 11, sample_no: 5, actual label: 0, predicted: 1
iter: 12, sample_no: 16, actual label: 0, predicted: 1
iter: 13, sample_no: 74, actual label: 1, predicted: 0
iter: 14, sample_no: 65, actual label: 0, predicted: 0
iter: 15, sample_no: 65, actual label: 0, predicted: 0
iter: 16, sample_no: 35, actual label: 0, predicted: 1
iter: 17, sample_no: 48, actual label: 0, predicted: 0
iter: 18, sample_no: 41, actual label: 0, predicted: 1
iter: 19, sample_no: 18, actual label: 0, predicted: 1
iter: 20, sample_no: 62, actual label: 0, predicted: 1
iter: 21, sample_no: 25, actual label: 0, predicted: 1
iter: 22, sample_no: 79, actual label: 0, predicted: 0
iter: 23, sample_no: 3, actual label: 0, predicted: 1
iter: 24, sample_no: 44, actual label: 0, predicted: 1
number of samples: 82
AUC 0.4737516005121639
pos_get 11
total recall stop_at 1.0
@@@ C - Repeat number: 4
will not use leaked features
@@@ D - common_header:  {'F71-carlos@apache.org', 'F15-private', 'F3-XmlPullParser', 'F3-DefaultBeanConfigurationRequest', 'F22', 'F71-sisbell@apache.org', 'F71-mkleint@apache.org', 'F3-Model', 'F15-protected', 'F68', 'F3-InputStream', 'F3-Artifact', 'F104', 'F41', 'F71-igor@ifedorenko.com', 'F71-jvanzyl@apache.org', 'F71-krosenvold@apache.org', 'F71-hboutemy@apache.org', 'F65', 'F71-ogusakov@apache.org', 'F3-File', 'F71-olamy@apache.org', 'category', 'F71-brianf@apache.org', 'F3-ModelBuildingRequest', 'F71-brett@apache.org', 'F3-localRepository()', 'F71-ifedorenko@apache.org', 'F105', 'F71-kenney@apache.org', 'F3-SimpleProblemCollector', 'F101', 'F71-bentmann@apache.org', 'F3-String', 'F3-ProjectSegment', 'F3-NA', 'F15-NA', 'F123', 'F71-stephen.alan.connolly@gmail.com', 'F15-public', 'F71-aheritier@apache.org', 'F25', 'F3-problems.getModel()', 'F3-int', 'F72', 'F3-null', 'F126', 'F71-jdcasey@apache.org', 'F77', 'F71-jason@tesla.io'}
    F72   F25  ... F71-jason@tesla.io F71-jdcasey@apache.org
1  2658  1706  ...                  1                      1
2  2658  1706  ...                  1                      0
3  2658  1706  ...                  1                      0

[3 rows x 49 columns]
;.;
       F72       F25  ...  F71-jason@tesla.io  F71-jdcasey@apache.org
0  0.23101  0.497231  ...                 1.0                     1.0
1  0.23101  0.497231  ...                 1.0                     0.0
2  0.23101  0.497231  ...                 1.0                     0.0

[3 rows x 49 columns]
training_x: (813, 49)
training_y: 813
testset_x: (82, 49)
testset_y: 82
              precision    recall  f1-score   support

           0       0.85      0.32      0.47        71
           1       0.13      0.64      0.21        11

    accuracy                           0.37        82
   macro avg       0.49      0.48      0.34        82
weighted avg       0.75      0.37      0.43        82

accuracy: 0.36585365853658536
0.21212121212121213
@@@ tn: 23, fp: 48, fn: 4, tp: 7
@@@ LIME - Creating explainer
@@@ LIME - Random Sampling of Instances
iter: 0, sample_no: 69, actual label: 0, predicted: 0
iter: 1, sample_no: 49, actual label: 0, predicted: 0
iter: 2, sample_no: 3, actual label: 0, predicted: 1
iter: 3, sample_no: 70, actual label: 1, predicted: 1
iter: 4, sample_no: 16, actual label: 0, predicted: 1
iter: 5, sample_no: 5, actual label: 0, predicted: 1
iter: 6, sample_no: 9, actual label: 0, predicted: 1
iter: 7, sample_no: 78, actual label: 0, predicted: 0
iter: 8, sample_no: 4, actual label: 0, predicted: 1
iter: 9, sample_no: 2, actual label: 0, predicted: 1
iter: 10, sample_no: 18, actual label: 0, predicted: 1
iter: 11, sample_no: 42, actual label: 0, predicted: 1
iter: 12, sample_no: 43, actual label: 1, predicted: 1
iter: 13, sample_no: 10, actual label: 0, predicted: 1
iter: 14, sample_no: 4, actual label: 0, predicted: 1
iter: 15, sample_no: 43, actual label: 1, predicted: 1
iter: 16, sample_no: 39, actual label: 0, predicted: 0
iter: 17, sample_no: 32, actual label: 0, predicted: 1
iter: 18, sample_no: 42, actual label: 0, predicted: 1
iter: 19, sample_no: 8, actual label: 0, predicted: 1
iter: 20, sample_no: 68, actual label: 0, predicted: 1
iter: 21, sample_no: 69, actual label: 0, predicted: 0
iter: 22, sample_no: 29, actual label: 0, predicted: 0
iter: 23, sample_no: 4, actual label: 0, predicted: 1
iter: 24, sample_no: 34, actual label: 0, predicted: 1
number of samples: 82
AUC 0.4737516005121639
pos_get 11
total recall stop_at 1.0
@@@ C - Repeat number: 5
will not use leaked features
@@@ D - common_header:  {'F71-carlos@apache.org', 'F15-private', 'F3-XmlPullParser', 'F3-DefaultBeanConfigurationRequest', 'F22', 'F71-sisbell@apache.org', 'F71-mkleint@apache.org', 'F3-Model', 'F15-protected', 'F68', 'F3-InputStream', 'F3-Artifact', 'F104', 'F41', 'F71-igor@ifedorenko.com', 'F71-jvanzyl@apache.org', 'F71-krosenvold@apache.org', 'F71-hboutemy@apache.org', 'F65', 'F71-ogusakov@apache.org', 'F3-File', 'F71-olamy@apache.org', 'category', 'F71-brianf@apache.org', 'F3-ModelBuildingRequest', 'F71-brett@apache.org', 'F3-localRepository()', 'F71-ifedorenko@apache.org', 'F105', 'F71-kenney@apache.org', 'F3-SimpleProblemCollector', 'F101', 'F71-bentmann@apache.org', 'F3-String', 'F3-ProjectSegment', 'F3-NA', 'F15-NA', 'F123', 'F71-stephen.alan.connolly@gmail.com', 'F15-public', 'F71-aheritier@apache.org', 'F25', 'F3-problems.getModel()', 'F3-int', 'F72', 'F3-null', 'F126', 'F71-jdcasey@apache.org', 'F77', 'F71-jason@tesla.io'}
    F72   F25  ... F71-jason@tesla.io F71-jdcasey@apache.org
1  2658  1706  ...                  1                      1
2  2658  1706  ...                  1                      0
3  2658  1706  ...                  1                      0

[3 rows x 49 columns]
;.;
       F72       F25  ...  F71-jason@tesla.io  F71-jdcasey@apache.org
0  0.23101  0.497231  ...                 1.0                     1.0
1  0.23101  0.497231  ...                 1.0                     0.0
2  0.23101  0.497231  ...                 1.0                     0.0

[3 rows x 49 columns]
training_x: (813, 49)
training_y: 813
testset_x: (82, 49)
testset_y: 82
              precision    recall  f1-score   support

           0       0.85      0.32      0.47        71
           1       0.13      0.64      0.21        11

    accuracy                           0.37        82
   macro avg       0.49      0.48      0.34        82
weighted avg       0.75      0.37      0.43        82

accuracy: 0.36585365853658536
0.21212121212121213
@@@ tn: 23, fp: 48, fn: 4, tp: 7
@@@ LIME - Creating explainer
@@@ LIME - Random Sampling of Instances
iter: 0, sample_no: 6, actual label: 0, predicted: 0
iter: 1, sample_no: 15, actual label: 0, predicted: 1
iter: 2, sample_no: 18, actual label: 0, predicted: 1
iter: 3, sample_no: 48, actual label: 0, predicted: 0
iter: 4, sample_no: 61, actual label: 0, predicted: 1
iter: 5, sample_no: 19, actual label: 0, predicted: 1
iter: 6, sample_no: 80, actual label: 0, predicted: 0
iter: 7, sample_no: 0, actual label: 0, predicted: 1
iter: 8, sample_no: 80, actual label: 0, predicted: 0
iter: 9, sample_no: 71, actual label: 0, predicted: 1
iter: 10, sample_no: 60, actual label: 0, predicted: 1
iter: 11, sample_no: 77, actual label: 0, predicted: 0
iter: 12, sample_no: 20, actual label: 0, predicted: 1
iter: 13, sample_no: 44, actual label: 0, predicted: 1
iter: 14, sample_no: 9, actual label: 0, predicted: 1
iter: 15, sample_no: 15, actual label: 0, predicted: 1
iter: 16, sample_no: 61, actual label: 0, predicted: 1
iter: 17, sample_no: 56, actual label: 0, predicted: 1
iter: 18, sample_no: 81, actual label: 0, predicted: 0
iter: 19, sample_no: 21, actual label: 0, predicted: 1
iter: 20, sample_no: 26, actual label: 0, predicted: 0
iter: 21, sample_no: 20, actual label: 0, predicted: 1
iter: 22, sample_no: 46, actual label: 0, predicted: 1
iter: 23, sample_no: 24, actual label: 1, predicted: 1
iter: 24, sample_no: 38, actual label: 0, predicted: 1
number of samples: 82
AUC 0.4737516005121639
pos_get 11
total recall stop_at 1.0
@@@ C - Repeat number: 6
will not use leaked features
@@@ D - common_header:  {'F71-carlos@apache.org', 'F15-private', 'F3-XmlPullParser', 'F3-DefaultBeanConfigurationRequest', 'F22', 'F71-sisbell@apache.org', 'F71-mkleint@apache.org', 'F3-Model', 'F15-protected', 'F68', 'F3-InputStream', 'F3-Artifact', 'F104', 'F41', 'F71-igor@ifedorenko.com', 'F71-jvanzyl@apache.org', 'F71-krosenvold@apache.org', 'F71-hboutemy@apache.org', 'F65', 'F71-ogusakov@apache.org', 'F3-File', 'F71-olamy@apache.org', 'category', 'F71-brianf@apache.org', 'F3-ModelBuildingRequest', 'F71-brett@apache.org', 'F3-localRepository()', 'F71-ifedorenko@apache.org', 'F105', 'F71-kenney@apache.org', 'F3-SimpleProblemCollector', 'F101', 'F71-bentmann@apache.org', 'F3-String', 'F3-ProjectSegment', 'F3-NA', 'F15-NA', 'F123', 'F71-stephen.alan.connolly@gmail.com', 'F15-public', 'F71-aheritier@apache.org', 'F25', 'F3-problems.getModel()', 'F3-int', 'F72', 'F3-null', 'F126', 'F71-jdcasey@apache.org', 'F77', 'F71-jason@tesla.io'}
    F72   F25  ... F71-jason@tesla.io F71-jdcasey@apache.org
1  2658  1706  ...                  1                      1
2  2658  1706  ...                  1                      0
3  2658  1706  ...                  1                      0

[3 rows x 49 columns]
;.;
       F72       F25  ...  F71-jason@tesla.io  F71-jdcasey@apache.org
0  0.23101  0.497231  ...                 1.0                     1.0
1  0.23101  0.497231  ...                 1.0                     0.0
2  0.23101  0.497231  ...                 1.0                     0.0

[3 rows x 49 columns]
training_x: (813, 49)
training_y: 813
testset_x: (82, 49)
testset_y: 82
              precision    recall  f1-score   support

           0       0.85      0.32      0.47        71
           1       0.13      0.64      0.21        11

    accuracy                           0.37        82
   macro avg       0.49      0.48      0.34        82
weighted avg       0.75      0.37      0.43        82

accuracy: 0.36585365853658536
0.21212121212121213
@@@ tn: 23, fp: 48, fn: 4, tp: 7
@@@ LIME - Creating explainer
@@@ LIME - Random Sampling of Instances
iter: 0, sample_no: 51, actual label: 0, predicted: 0
iter: 1, sample_no: 62, actual label: 0, predicted: 1
iter: 2, sample_no: 35, actual label: 0, predicted: 1
iter: 3, sample_no: 34, actual label: 0, predicted: 1
iter: 4, sample_no: 32, actual label: 0, predicted: 1
iter: 5, sample_no: 2, actual label: 0, predicted: 1
iter: 6, sample_no: 4, actual label: 0, predicted: 1
iter: 7, sample_no: 51, actual label: 0, predicted: 0
iter: 8, sample_no: 15, actual label: 0, predicted: 1
iter: 9, sample_no: 47, actual label: 0, predicted: 1
iter: 10, sample_no: 37, actual label: 1, predicted: 1
iter: 11, sample_no: 46, actual label: 0, predicted: 1
iter: 12, sample_no: 33, actual label: 0, predicted: 1
iter: 13, sample_no: 20, actual label: 0, predicted: 1
iter: 14, sample_no: 51, actual label: 0, predicted: 0
iter: 15, sample_no: 28, actual label: 0, predicted: 0
iter: 16, sample_no: 41, actual label: 0, predicted: 1
iter: 17, sample_no: 25, actual label: 0, predicted: 1
iter: 18, sample_no: 77, actual label: 0, predicted: 0
iter: 19, sample_no: 44, actual label: 0, predicted: 1
iter: 20, sample_no: 1, actual label: 0, predicted: 1
iter: 21, sample_no: 45, actual label: 0, predicted: 1
iter: 22, sample_no: 53, actual label: 0, predicted: 1
iter: 23, sample_no: 53, actual label: 0, predicted: 1
iter: 24, sample_no: 67, actual label: 0, predicted: 1
number of samples: 82
AUC 0.4737516005121639
pos_get 11
total recall stop_at 1.0
@@@ C - Repeat number: 7
will not use leaked features
@@@ D - common_header:  {'F71-carlos@apache.org', 'F15-private', 'F3-XmlPullParser', 'F3-DefaultBeanConfigurationRequest', 'F22', 'F71-sisbell@apache.org', 'F71-mkleint@apache.org', 'F3-Model', 'F15-protected', 'F68', 'F3-InputStream', 'F3-Artifact', 'F104', 'F41', 'F71-igor@ifedorenko.com', 'F71-jvanzyl@apache.org', 'F71-krosenvold@apache.org', 'F71-hboutemy@apache.org', 'F65', 'F71-ogusakov@apache.org', 'F3-File', 'F71-olamy@apache.org', 'category', 'F71-brianf@apache.org', 'F3-ModelBuildingRequest', 'F71-brett@apache.org', 'F3-localRepository()', 'F71-ifedorenko@apache.org', 'F105', 'F71-kenney@apache.org', 'F3-SimpleProblemCollector', 'F101', 'F71-bentmann@apache.org', 'F3-String', 'F3-ProjectSegment', 'F3-NA', 'F15-NA', 'F123', 'F71-stephen.alan.connolly@gmail.com', 'F15-public', 'F71-aheritier@apache.org', 'F25', 'F3-problems.getModel()', 'F3-int', 'F72', 'F3-null', 'F126', 'F71-jdcasey@apache.org', 'F77', 'F71-jason@tesla.io'}
    F72   F25  ... F71-jason@tesla.io F71-jdcasey@apache.org
1  2658  1706  ...                  1                      1
2  2658  1706  ...                  1                      0
3  2658  1706  ...                  1                      0

[3 rows x 49 columns]
;.;
       F72       F25  ...  F71-jason@tesla.io  F71-jdcasey@apache.org
0  0.23101  0.497231  ...                 1.0                     1.0
1  0.23101  0.497231  ...                 1.0                     0.0
2  0.23101  0.497231  ...                 1.0                     0.0

[3 rows x 49 columns]
training_x: (813, 49)
training_y: 813
testset_x: (82, 49)
testset_y: 82
              precision    recall  f1-score   support

           0       0.85      0.32      0.47        71
           1       0.13      0.64      0.21        11

    accuracy                           0.37        82
   macro avg       0.49      0.48      0.34        82
weighted avg       0.75      0.37      0.43        82

accuracy: 0.36585365853658536
0.21212121212121213
@@@ tn: 23, fp: 48, fn: 4, tp: 7
@@@ LIME - Creating explainer
@@@ LIME - Random Sampling of Instances
iter: 0, sample_no: 45, actual label: 0, predicted: 1
iter: 1, sample_no: 48, actual label: 0, predicted: 0
iter: 2, sample_no: 66, actual label: 0, predicted: 0
iter: 3, sample_no: 68, actual label: 0, predicted: 1
iter: 4, sample_no: 71, actual label: 0, predicted: 1
iter: 5, sample_no: 1, actual label: 0, predicted: 1
iter: 6, sample_no: 18, actual label: 0, predicted: 1
iter: 7, sample_no: 16, actual label: 0, predicted: 1
iter: 8, sample_no: 8, actual label: 0, predicted: 1
iter: 9, sample_no: 10, actual label: 0, predicted: 1
iter: 10, sample_no: 53, actual label: 0, predicted: 1
iter: 11, sample_no: 61, actual label: 0, predicted: 1
iter: 12, sample_no: 35, actual label: 0, predicted: 1
iter: 13, sample_no: 79, actual label: 0, predicted: 0
iter: 14, sample_no: 27, actual label: 0, predicted: 0
iter: 15, sample_no: 15, actual label: 0, predicted: 1
iter: 16, sample_no: 26, actual label: 0, predicted: 0
iter: 17, sample_no: 25, actual label: 0, predicted: 1
iter: 18, sample_no: 6, actual label: 0, predicted: 0
iter: 19, sample_no: 23, actual label: 1, predicted: 1
iter: 20, sample_no: 13, actual label: 0, predicted: 1
iter: 21, sample_no: 18, actual label: 0, predicted: 1
iter: 22, sample_no: 8, actual label: 0, predicted: 1
iter: 23, sample_no: 18, actual label: 0, predicted: 1
iter: 24, sample_no: 8, actual label: 0, predicted: 1
number of samples: 82
AUC 0.4737516005121639
pos_get 11
total recall stop_at 1.0
@@@ C - Repeat number: 8
will not use leaked features
@@@ D - common_header:  {'F71-carlos@apache.org', 'F15-private', 'F3-XmlPullParser', 'F3-DefaultBeanConfigurationRequest', 'F22', 'F71-sisbell@apache.org', 'F71-mkleint@apache.org', 'F3-Model', 'F15-protected', 'F68', 'F3-InputStream', 'F3-Artifact', 'F104', 'F41', 'F71-igor@ifedorenko.com', 'F71-jvanzyl@apache.org', 'F71-krosenvold@apache.org', 'F71-hboutemy@apache.org', 'F65', 'F71-ogusakov@apache.org', 'F3-File', 'F71-olamy@apache.org', 'category', 'F71-brianf@apache.org', 'F3-ModelBuildingRequest', 'F71-brett@apache.org', 'F3-localRepository()', 'F71-ifedorenko@apache.org', 'F105', 'F71-kenney@apache.org', 'F3-SimpleProblemCollector', 'F101', 'F71-bentmann@apache.org', 'F3-String', 'F3-ProjectSegment', 'F3-NA', 'F15-NA', 'F123', 'F71-stephen.alan.connolly@gmail.com', 'F15-public', 'F71-aheritier@apache.org', 'F25', 'F3-problems.getModel()', 'F3-int', 'F72', 'F3-null', 'F126', 'F71-jdcasey@apache.org', 'F77', 'F71-jason@tesla.io'}
    F72   F25  ... F71-jason@tesla.io F71-jdcasey@apache.org
1  2658  1706  ...                  1                      1
2  2658  1706  ...                  1                      0
3  2658  1706  ...                  1                      0

[3 rows x 49 columns]
;.;
       F72       F25  ...  F71-jason@tesla.io  F71-jdcasey@apache.org
0  0.23101  0.497231  ...                 1.0                     1.0
1  0.23101  0.497231  ...                 1.0                     0.0
2  0.23101  0.497231  ...                 1.0                     0.0

[3 rows x 49 columns]
training_x: (813, 49)
training_y: 813
testset_x: (82, 49)
testset_y: 82
              precision    recall  f1-score   support

           0       0.85      0.32      0.47        71
           1       0.13      0.64      0.21        11

    accuracy                           0.37        82
   macro avg       0.49      0.48      0.34        82
weighted avg       0.75      0.37      0.43        82

accuracy: 0.36585365853658536
0.21212121212121213
@@@ tn: 23, fp: 48, fn: 4, tp: 7
@@@ LIME - Creating explainer
@@@ LIME - Random Sampling of Instances
iter: 0, sample_no: 11, actual label: 0, predicted: 1
iter: 1, sample_no: 35, actual label: 0, predicted: 1
iter: 2, sample_no: 33, actual label: 0, predicted: 1
iter: 3, sample_no: 26, actual label: 0, predicted: 0
iter: 4, sample_no: 74, actual label: 1, predicted: 0
iter: 5, sample_no: 25, actual label: 0, predicted: 1
iter: 6, sample_no: 58, actual label: 0, predicted: 1
iter: 7, sample_no: 13, actual label: 0, predicted: 1
iter: 8, sample_no: 3, actual label: 0, predicted: 1
iter: 9, sample_no: 22, actual label: 1, predicted: 1
iter: 10, sample_no: 13, actual label: 0, predicted: 1
iter: 11, sample_no: 11, actual label: 0, predicted: 1
iter: 12, sample_no: 33, actual label: 0, predicted: 1
iter: 13, sample_no: 66, actual label: 0, predicted: 0
iter: 14, sample_no: 21, actual label: 0, predicted: 1
iter: 15, sample_no: 61, actual label: 0, predicted: 1
iter: 16, sample_no: 30, actual label: 0, predicted: 0
iter: 17, sample_no: 32, actual label: 0, predicted: 1
iter: 18, sample_no: 76, actual label: 1, predicted: 0
iter: 19, sample_no: 77, actual label: 0, predicted: 0
iter: 20, sample_no: 38, actual label: 0, predicted: 1
iter: 21, sample_no: 21, actual label: 0, predicted: 1
iter: 22, sample_no: 62, actual label: 0, predicted: 1
iter: 23, sample_no: 58, actual label: 0, predicted: 1
iter: 24, sample_no: 31, actual label: 0, predicted: 1
number of samples: 82
AUC 0.4737516005121639
pos_get 11
total recall stop_at 1.0
@@@ C - Repeat number: 9
will not use leaked features
@@@ D - common_header:  {'F71-carlos@apache.org', 'F15-private', 'F3-XmlPullParser', 'F3-DefaultBeanConfigurationRequest', 'F22', 'F71-sisbell@apache.org', 'F71-mkleint@apache.org', 'F3-Model', 'F15-protected', 'F68', 'F3-InputStream', 'F3-Artifact', 'F104', 'F41', 'F71-igor@ifedorenko.com', 'F71-jvanzyl@apache.org', 'F71-krosenvold@apache.org', 'F71-hboutemy@apache.org', 'F65', 'F71-ogusakov@apache.org', 'F3-File', 'F71-olamy@apache.org', 'category', 'F71-brianf@apache.org', 'F3-ModelBuildingRequest', 'F71-brett@apache.org', 'F3-localRepository()', 'F71-ifedorenko@apache.org', 'F105', 'F71-kenney@apache.org', 'F3-SimpleProblemCollector', 'F101', 'F71-bentmann@apache.org', 'F3-String', 'F3-ProjectSegment', 'F3-NA', 'F15-NA', 'F123', 'F71-stephen.alan.connolly@gmail.com', 'F15-public', 'F71-aheritier@apache.org', 'F25', 'F3-problems.getModel()', 'F3-int', 'F72', 'F3-null', 'F126', 'F71-jdcasey@apache.org', 'F77', 'F71-jason@tesla.io'}
    F72   F25  ... F71-jason@tesla.io F71-jdcasey@apache.org
1  2658  1706  ...                  1                      1
2  2658  1706  ...                  1                      0
3  2658  1706  ...                  1                      0

[3 rows x 49 columns]
;.;
       F72       F25  ...  F71-jason@tesla.io  F71-jdcasey@apache.org
0  0.23101  0.497231  ...                 1.0                     1.0
1  0.23101  0.497231  ...                 1.0                     0.0
2  0.23101  0.497231  ...                 1.0                     0.0

[3 rows x 49 columns]
training_x: (813, 49)
training_y: 813
testset_x: (82, 49)
testset_y: 82
              precision    recall  f1-score   support

           0       0.85      0.32      0.47        71
           1       0.13      0.64      0.21        11

    accuracy                           0.37        82
   macro avg       0.49      0.48      0.34        82
weighted avg       0.75      0.37      0.43        82

accuracy: 0.36585365853658536
0.21212121212121213
@@@ tn: 23, fp: 48, fn: 4, tp: 7
@@@ LIME - Creating explainer
@@@ LIME - Random Sampling of Instances
iter: 0, sample_no: 57, actual label: 0, predicted: 1
iter: 1, sample_no: 0, actual label: 0, predicted: 1
iter: 2, sample_no: 19, actual label: 0, predicted: 1
iter: 3, sample_no: 19, actual label: 0, predicted: 1
iter: 4, sample_no: 62, actual label: 0, predicted: 1
iter: 5, sample_no: 12, actual label: 0, predicted: 1
iter: 6, sample_no: 5, actual label: 0, predicted: 1
iter: 7, sample_no: 62, actual label: 0, predicted: 1
iter: 8, sample_no: 31, actual label: 0, predicted: 1
iter: 9, sample_no: 59, actual label: 0, predicted: 1
iter: 10, sample_no: 8, actual label: 0, predicted: 1
iter: 11, sample_no: 30, actual label: 0, predicted: 0
iter: 12, sample_no: 58, actual label: 0, predicted: 1
iter: 13, sample_no: 5, actual label: 0, predicted: 1
iter: 14, sample_no: 66, actual label: 0, predicted: 0
iter: 15, sample_no: 74, actual label: 1, predicted: 0
iter: 16, sample_no: 68, actual label: 0, predicted: 1
iter: 17, sample_no: 26, actual label: 0, predicted: 0
iter: 18, sample_no: 36, actual label: 1, predicted: 0
iter: 19, sample_no: 11, actual label: 0, predicted: 1
iter: 20, sample_no: 32, actual label: 0, predicted: 1
iter: 21, sample_no: 27, actual label: 0, predicted: 0
iter: 22, sample_no: 37, actual label: 1, predicted: 1
iter: 23, sample_no: 39, actual label: 0, predicted: 0
iter: 24, sample_no: 35, actual label: 0, predicted: 1
number of samples: 82
AUC 0.4737516005121639
pos_get 11
total recall stop_at 1.0
@@@ C - Repeat number: 10
will not use leaked features
@@@ D - common_header:  {'F71-carlos@apache.org', 'F15-private', 'F3-XmlPullParser', 'F3-DefaultBeanConfigurationRequest', 'F22', 'F71-sisbell@apache.org', 'F71-mkleint@apache.org', 'F3-Model', 'F15-protected', 'F68', 'F3-InputStream', 'F3-Artifact', 'F104', 'F41', 'F71-igor@ifedorenko.com', 'F71-jvanzyl@apache.org', 'F71-krosenvold@apache.org', 'F71-hboutemy@apache.org', 'F65', 'F71-ogusakov@apache.org', 'F3-File', 'F71-olamy@apache.org', 'category', 'F71-brianf@apache.org', 'F3-ModelBuildingRequest', 'F71-brett@apache.org', 'F3-localRepository()', 'F71-ifedorenko@apache.org', 'F105', 'F71-kenney@apache.org', 'F3-SimpleProblemCollector', 'F101', 'F71-bentmann@apache.org', 'F3-String', 'F3-ProjectSegment', 'F3-NA', 'F15-NA', 'F123', 'F71-stephen.alan.connolly@gmail.com', 'F15-public', 'F71-aheritier@apache.org', 'F25', 'F3-problems.getModel()', 'F3-int', 'F72', 'F3-null', 'F126', 'F71-jdcasey@apache.org', 'F77', 'F71-jason@tesla.io'}
    F72   F25  ... F71-jason@tesla.io F71-jdcasey@apache.org
1  2658  1706  ...                  1                      1
2  2658  1706  ...                  1                      0
3  2658  1706  ...                  1                      0

[3 rows x 49 columns]
;.;
       F72       F25  ...  F71-jason@tesla.io  F71-jdcasey@apache.org
0  0.23101  0.497231  ...                 1.0                     1.0
1  0.23101  0.497231  ...                 1.0                     0.0
2  0.23101  0.497231  ...                 1.0                     0.0

[3 rows x 49 columns]
training_x: (813, 49)
training_y: 813
testset_x: (82, 49)
testset_y: 82
              precision    recall  f1-score   support

           0       0.85      0.32      0.47        71
           1       0.13      0.64      0.21        11

    accuracy                           0.37        82
   macro avg       0.49      0.48      0.34        82
weighted avg       0.75      0.37      0.43        82

accuracy: 0.36585365853658536
0.21212121212121213
@@@ tn: 23, fp: 48, fn: 4, tp: 7
@@@ LIME - Creating explainer
@@@ LIME - Random Sampling of Instances
iter: 0, sample_no: 28, actual label: 0, predicted: 0
iter: 1, sample_no: 2, actual label: 0, predicted: 1
iter: 2, sample_no: 15, actual label: 0, predicted: 1
iter: 3, sample_no: 43, actual label: 1, predicted: 1
iter: 4, sample_no: 24, actual label: 1, predicted: 1
iter: 5, sample_no: 52, actual label: 0, predicted: 1
iter: 6, sample_no: 35, actual label: 0, predicted: 1
iter: 7, sample_no: 53, actual label: 0, predicted: 1
iter: 8, sample_no: 63, actual label: 0, predicted: 1
iter: 9, sample_no: 31, actual label: 0, predicted: 1
iter: 10, sample_no: 77, actual label: 0, predicted: 0
iter: 11, sample_no: 67, actual label: 0, predicted: 1
iter: 12, sample_no: 54, actual label: 0, predicted: 1
iter: 13, sample_no: 53, actual label: 0, predicted: 1
iter: 14, sample_no: 65, actual label: 0, predicted: 0
iter: 15, sample_no: 69, actual label: 0, predicted: 0
iter: 16, sample_no: 3, actual label: 0, predicted: 1
iter: 17, sample_no: 61, actual label: 0, predicted: 1
iter: 18, sample_no: 79, actual label: 0, predicted: 0
iter: 19, sample_no: 65, actual label: 0, predicted: 0
iter: 20, sample_no: 27, actual label: 0, predicted: 0
iter: 21, sample_no: 71, actual label: 0, predicted: 1
iter: 22, sample_no: 63, actual label: 0, predicted: 1
iter: 23, sample_no: 11, actual label: 0, predicted: 1
iter: 24, sample_no: 42, actual label: 0, predicted: 1
number of samples: 82
AUC 0.4737516005121639
pos_get 11
total recall stop_at 1.0
----------threshold stop at----------: 1
AUC [0.4737516005121639, 0.4737516005121639, 0.4737516005121639, 0.4737516005121639, 0.4737516005121639, 0.4737516005121639, 0.4737516005121639, 0.4737516005121639, 0.4737516005121639, 0.4737516005121639]
AUC_median 0.4737516005121639
AUC_iqr 0.0
cost [0.8658536585365854, 0.8658536585365854, 0.8658536585365854, 0.8658536585365854, 0.8658536585365854, 0.8658536585365854, 0.8658536585365854, 0.8658536585365854, 0.8658536585365854, 0.8658536585365854]
COST_med 0.8658536585365854
COST_iqr 0.0
f1_pos_list [np.float64(0.21212121212121213), np.float64(0.21212121212121213), np.float64(0.21212121212121213), np.float64(0.21212121212121213), np.float64(0.21212121212121213), np.float64(0.21212121212121213), np.float64(0.21212121212121213), np.float64(0.21212121212121213), np.float64(0.21212121212121213), np.float64(0.21212121212121213)]
f1_pos_med 0.21212121212121213
total_tn 230
total_fp 480
total_fn 40
total_tp 70
p= 0.12727272727272726
r= 0.6363636363636364
f= 0.2121212121212121
