@@@ A - classifier: SVC(class_weight='balanced', kernel='linear', probability=True)
@@@ B - threshold stop at: 1
@@@ C - Repeat number: 1
@@@ D - common_header:  {'F110', 'F71-becket.qin@gmail.com', 'F71-rajinisivaram@googlemail.com', 'F3-long', 'F71-neha.narkhede@gmail.com', 'F3-null', 'F71-jjkoshy@gmail.com', 'F68', 'F25', 'F3-NA', 'F104', 'F3-int', 'F3-TopicPartition', 'F71-ismael@juma.me.uk', 'F3-byte[]', 'F71-lindong28@gmail.com', 'F126', 'F15-public', 'F65', 'F71-granthenke@gmail.com', 'F15-protected', 'F3-boolean', 'F117', 'F105', 'F77', 'F71-nehanarkhede@apache.org', 'F101', 'F115', 'F71-junrao@gmail.com', 'F116', 'F22', 'F120', 'F123', 'F3-String', 'F15-NA', 'F71-wangguoz@gmail.com', 'F71-jason@confluent.io', 'F72', 'F41', 'F71-schintalapani@hortonworks.com', 'category', 'F71-cshapi@gmail.com'}
    F72   F25  ... F71-schintalapani@hortonworks.com F71-junrao@gmail.com
1  7951  1265  ...                                 0                    0
2  6802   189  ...                                 0                    1
3  6802   189  ...                                 0                    1

[3 rows x 41 columns]
;.;
        F72       F25  ...  F71-schintalapani@hortonworks.com  F71-junrao@gmail.com
0  0.842294  0.730791  ...                                0.0                   0.0
1  0.327509  0.109185  ...                                0.0                   1.0
2  0.327509  0.109185  ...                                0.0                   1.0

[3 rows x 41 columns]
training_x: (1813, 41)
training_y: 1813
testset_x: (1566, 41)
testset_y: 1566
              precision    recall  f1-score   support

           0       0.50      0.44      0.47       673
           1       0.61      0.68      0.64       893

    accuracy                           0.57      1566
   macro avg       0.56      0.56      0.56      1566
weighted avg       0.57      0.57      0.57      1566

accuracy: 0.5727969348659003
0.6435801811401172
@@@ tn: 293, fp: 380, fn: 289, tp: 604
@@@ LIME - Creating explainer
@@@ LIME - Random Sampling of Instances
iter: 0, sample_no: 1344, actual label: 0, predicted: 0
iter: 1, sample_no: 1360, actual label: 0, predicted: 1
iter: 2, sample_no: 340, actual label: 1, predicted: 1
iter: 3, sample_no: 1282, actual label: 1, predicted: 1
iter: 4, sample_no: 824, actual label: 1, predicted: 0
iter: 5, sample_no: 1480, actual label: 0, predicted: 1
iter: 6, sample_no: 706, actual label: 0, predicted: 1
iter: 7, sample_no: 1244, actual label: 1, predicted: 0
iter: 8, sample_no: 837, actual label: 1, predicted: 0
iter: 9, sample_no: 1149, actual label: 0, predicted: 1
iter: 10, sample_no: 1424, actual label: 0, predicted: 1
iter: 11, sample_no: 1014, actual label: 1, predicted: 0
iter: 12, sample_no: 347, actual label: 1, predicted: 1
iter: 13, sample_no: 813, actual label: 0, predicted: 1
iter: 14, sample_no: 1315, actual label: 1, predicted: 0
iter: 15, sample_no: 314, actual label: 1, predicted: 1
iter: 16, sample_no: 1048, actual label: 1, predicted: 0
iter: 17, sample_no: 1185, actual label: 1, predicted: 1
iter: 18, sample_no: 1294, actual label: 1, predicted: 0
iter: 19, sample_no: 512, actual label: 0, predicted: 1
iter: 20, sample_no: 1443, actual label: 0, predicted: 0
iter: 21, sample_no: 156, actual label: 1, predicted: 1
iter: 22, sample_no: 1388, actual label: 1, predicted: 1
iter: 23, sample_no: 605, actual label: 0, predicted: 1
iter: 24, sample_no: 303, actual label: 1, predicted: 0
number of samples: 1566
AUC 0.578148684917694
pos_get 893
total recall stop_at 1
@@@ C - Repeat number: 2
@@@ D - common_header:  {'F110', 'F71-becket.qin@gmail.com', 'F71-rajinisivaram@googlemail.com', 'F3-long', 'F71-neha.narkhede@gmail.com', 'F3-null', 'F71-jjkoshy@gmail.com', 'F68', 'F25', 'F3-NA', 'F104', 'F3-int', 'F3-TopicPartition', 'F71-ismael@juma.me.uk', 'F3-byte[]', 'F71-lindong28@gmail.com', 'F126', 'F15-public', 'F65', 'F71-granthenke@gmail.com', 'F15-protected', 'F3-boolean', 'F117', 'F105', 'F77', 'F71-nehanarkhede@apache.org', 'F101', 'F115', 'F71-junrao@gmail.com', 'F116', 'F22', 'F120', 'F123', 'F3-String', 'F15-NA', 'F71-wangguoz@gmail.com', 'F71-jason@confluent.io', 'F72', 'F41', 'F71-schintalapani@hortonworks.com', 'category', 'F71-cshapi@gmail.com'}
    F72   F25  ... F71-schintalapani@hortonworks.com F71-junrao@gmail.com
1  7951  1265  ...                                 0                    0
2  6802   189  ...                                 0                    1
3  6802   189  ...                                 0                    1

[3 rows x 41 columns]
;.;
        F72       F25  ...  F71-schintalapani@hortonworks.com  F71-junrao@gmail.com
0  0.842294  0.730791  ...                                0.0                   0.0
1  0.327509  0.109185  ...                                0.0                   1.0
2  0.327509  0.109185  ...                                0.0                   1.0

[3 rows x 41 columns]
training_x: (1813, 41)
training_y: 1813
testset_x: (1566, 41)
testset_y: 1566
              precision    recall  f1-score   support

           0       0.50      0.44      0.47       673
           1       0.61      0.68      0.64       893

    accuracy                           0.57      1566
   macro avg       0.56      0.56      0.56      1566
weighted avg       0.57      0.57      0.57      1566

accuracy: 0.5727969348659003
0.6435801811401172
@@@ tn: 293, fp: 380, fn: 289, tp: 604
@@@ LIME - Creating explainer
@@@ LIME - Random Sampling of Instances
iter: 0, sample_no: 1443, actual label: 0, predicted: 0
iter: 1, sample_no: 233, actual label: 0, predicted: 1
iter: 2, sample_no: 1418, actual label: 0, predicted: 1
iter: 3, sample_no: 659, actual label: 1, predicted: 1
iter: 4, sample_no: 689, actual label: 1, predicted: 1
iter: 5, sample_no: 63, actual label: 0, predicted: 1
iter: 6, sample_no: 148, actual label: 1, predicted: 1
iter: 7, sample_no: 1249, actual label: 0, predicted: 1
iter: 8, sample_no: 873, actual label: 0, predicted: 0
iter: 9, sample_no: 236, actual label: 0, predicted: 1
iter: 10, sample_no: 443, actual label: 0, predicted: 0
iter: 11, sample_no: 878, actual label: 0, predicted: 0
iter: 12, sample_no: 1001, actual label: 0, predicted: 0
iter: 13, sample_no: 1534, actual label: 0, predicted: 1
iter: 14, sample_no: 178, actual label: 1, predicted: 1
iter: 15, sample_no: 649, actual label: 1, predicted: 1
iter: 16, sample_no: 789, actual label: 1, predicted: 0
iter: 17, sample_no: 358, actual label: 1, predicted: 1
iter: 18, sample_no: 813, actual label: 0, predicted: 1
iter: 19, sample_no: 792, actual label: 1, predicted: 0
iter: 20, sample_no: 1455, actual label: 0, predicted: 1
iter: 21, sample_no: 412, actual label: 0, predicted: 0
iter: 22, sample_no: 1273, actual label: 1, predicted: 1
iter: 23, sample_no: 1334, actual label: 1, predicted: 1
iter: 24, sample_no: 697, actual label: 1, predicted: 1
number of samples: 1566
AUC 0.5781403652978673
pos_get 893
total recall stop_at 1
@@@ C - Repeat number: 3
@@@ D - common_header:  {'F110', 'F71-becket.qin@gmail.com', 'F71-rajinisivaram@googlemail.com', 'F3-long', 'F71-neha.narkhede@gmail.com', 'F3-null', 'F71-jjkoshy@gmail.com', 'F68', 'F25', 'F3-NA', 'F104', 'F3-int', 'F3-TopicPartition', 'F71-ismael@juma.me.uk', 'F3-byte[]', 'F71-lindong28@gmail.com', 'F126', 'F15-public', 'F65', 'F71-granthenke@gmail.com', 'F15-protected', 'F3-boolean', 'F117', 'F105', 'F77', 'F71-nehanarkhede@apache.org', 'F101', 'F115', 'F71-junrao@gmail.com', 'F116', 'F22', 'F120', 'F123', 'F3-String', 'F15-NA', 'F71-wangguoz@gmail.com', 'F71-jason@confluent.io', 'F72', 'F41', 'F71-schintalapani@hortonworks.com', 'category', 'F71-cshapi@gmail.com'}
    F72   F25  ... F71-schintalapani@hortonworks.com F71-junrao@gmail.com
1  7951  1265  ...                                 0                    0
2  6802   189  ...                                 0                    1
3  6802   189  ...                                 0                    1

[3 rows x 41 columns]
;.;
        F72       F25  ...  F71-schintalapani@hortonworks.com  F71-junrao@gmail.com
0  0.842294  0.730791  ...                                0.0                   0.0
1  0.327509  0.109185  ...                                0.0                   1.0
2  0.327509  0.109185  ...                                0.0                   1.0

[3 rows x 41 columns]
training_x: (1813, 41)
training_y: 1813
testset_x: (1566, 41)
testset_y: 1566
              precision    recall  f1-score   support

           0       0.50      0.44      0.47       673
           1       0.61      0.68      0.64       893

    accuracy                           0.57      1566
   macro avg       0.56      0.56      0.56      1566
weighted avg       0.57      0.57      0.57      1566

accuracy: 0.5727969348659003
0.6435801811401172
@@@ tn: 293, fp: 380, fn: 289, tp: 604
@@@ LIME - Creating explainer
@@@ LIME - Random Sampling of Instances
iter: 0, sample_no: 414, actual label: 1, predicted: 0
iter: 1, sample_no: 129, actual label: 1, predicted: 1
iter: 2, sample_no: 1497, actual label: 0, predicted: 0
iter: 3, sample_no: 1012, actual label: 1, predicted: 0
iter: 4, sample_no: 1342, actual label: 1, predicted: 0
iter: 5, sample_no: 942, actual label: 1, predicted: 1
iter: 6, sample_no: 908, actual label: 0, predicted: 0
iter: 7, sample_no: 1311, actual label: 1, predicted: 0
iter: 8, sample_no: 3, actual label: 1, predicted: 1
iter: 9, sample_no: 195, actual label: 1, predicted: 1
iter: 10, sample_no: 691, actual label: 1, predicted: 1
iter: 11, sample_no: 195, actual label: 1, predicted: 1
iter: 12, sample_no: 1444, actual label: 0, predicted: 0
iter: 13, sample_no: 561, actual label: 1, predicted: 1
iter: 14, sample_no: 494, actual label: 1, predicted: 0
iter: 15, sample_no: 510, actual label: 1, predicted: 1
iter: 16, sample_no: 1367, actual label: 1, predicted: 1
iter: 17, sample_no: 1384, actual label: 1, predicted: 1
iter: 18, sample_no: 920, actual label: 0, predicted: 0
iter: 19, sample_no: 260, actual label: 1, predicted: 1
iter: 20, sample_no: 295, actual label: 1, predicted: 0
iter: 21, sample_no: 1406, actual label: 0, predicted: 1
iter: 22, sample_no: 169, actual label: 1, predicted: 1
iter: 23, sample_no: 1465, actual label: 0, predicted: 0
iter: 24, sample_no: 99, actual label: 1, predicted: 1
number of samples: 1566
AUC 0.5781586684614859
pos_get 893
total recall stop_at 1
@@@ C - Repeat number: 4
@@@ D - common_header:  {'F110', 'F71-becket.qin@gmail.com', 'F71-rajinisivaram@googlemail.com', 'F3-long', 'F71-neha.narkhede@gmail.com', 'F3-null', 'F71-jjkoshy@gmail.com', 'F68', 'F25', 'F3-NA', 'F104', 'F3-int', 'F3-TopicPartition', 'F71-ismael@juma.me.uk', 'F3-byte[]', 'F71-lindong28@gmail.com', 'F126', 'F15-public', 'F65', 'F71-granthenke@gmail.com', 'F15-protected', 'F3-boolean', 'F117', 'F105', 'F77', 'F71-nehanarkhede@apache.org', 'F101', 'F115', 'F71-junrao@gmail.com', 'F116', 'F22', 'F120', 'F123', 'F3-String', 'F15-NA', 'F71-wangguoz@gmail.com', 'F71-jason@confluent.io', 'F72', 'F41', 'F71-schintalapani@hortonworks.com', 'category', 'F71-cshapi@gmail.com'}
    F72   F25  ... F71-schintalapani@hortonworks.com F71-junrao@gmail.com
1  7951  1265  ...                                 0                    0
2  6802   189  ...                                 0                    1
3  6802   189  ...                                 0                    1

[3 rows x 41 columns]
;.;
        F72       F25  ...  F71-schintalapani@hortonworks.com  F71-junrao@gmail.com
0  0.842294  0.730791  ...                                0.0                   0.0
1  0.327509  0.109185  ...                                0.0                   1.0
2  0.327509  0.109185  ...                                0.0                   1.0

[3 rows x 41 columns]
training_x: (1813, 41)
training_y: 1813
testset_x: (1566, 41)
testset_y: 1566
              precision    recall  f1-score   support

           0       0.50      0.44      0.47       673
           1       0.61      0.68      0.64       893

    accuracy                           0.57      1566
   macro avg       0.56      0.56      0.56      1566
weighted avg       0.57      0.57      0.57      1566

accuracy: 0.5727969348659003
0.6435801811401172
@@@ tn: 293, fp: 380, fn: 289, tp: 604
@@@ LIME - Creating explainer
@@@ LIME - Random Sampling of Instances
iter: 0, sample_no: 837, actual label: 1, predicted: 0
iter: 1, sample_no: 1062, actual label: 0, predicted: 0
iter: 2, sample_no: 1241, actual label: 1, predicted: 0
iter: 3, sample_no: 883, actual label: 1, predicted: 0
iter: 4, sample_no: 892, actual label: 0, predicted: 0
iter: 5, sample_no: 64, actual label: 1, predicted: 1
iter: 6, sample_no: 1543, actual label: 0, predicted: 0
iter: 7, sample_no: 1384, actual label: 1, predicted: 1
iter: 8, sample_no: 371, actual label: 1, predicted: 1
iter: 9, sample_no: 1014, actual label: 1, predicted: 0
iter: 10, sample_no: 848, actual label: 0, predicted: 0
iter: 11, sample_no: 897, actual label: 0, predicted: 0
iter: 12, sample_no: 867, actual label: 0, predicted: 0
iter: 13, sample_no: 474, actual label: 0, predicted: 0
iter: 14, sample_no: 1434, actual label: 0, predicted: 1
iter: 15, sample_no: 540, actual label: 1, predicted: 0
iter: 16, sample_no: 1006, actual label: 0, predicted: 0
iter: 17, sample_no: 649, actual label: 1, predicted: 1
iter: 18, sample_no: 598, actual label: 0, predicted: 1
iter: 19, sample_no: 1385, actual label: 1, predicted: 1
iter: 20, sample_no: 708, actual label: 0, predicted: 0
iter: 21, sample_no: 1302, actual label: 0, predicted: 1
iter: 22, sample_no: 764, actual label: 1, predicted: 1
iter: 23, sample_no: 152, actual label: 0, predicted: 1
iter: 24, sample_no: 1405, actual label: 0, predicted: 0
number of samples: 1566
AUC 0.5781070868185607
pos_get 893
total recall stop_at 1
@@@ C - Repeat number: 5
@@@ D - common_header:  {'F110', 'F71-becket.qin@gmail.com', 'F71-rajinisivaram@googlemail.com', 'F3-long', 'F71-neha.narkhede@gmail.com', 'F3-null', 'F71-jjkoshy@gmail.com', 'F68', 'F25', 'F3-NA', 'F104', 'F3-int', 'F3-TopicPartition', 'F71-ismael@juma.me.uk', 'F3-byte[]', 'F71-lindong28@gmail.com', 'F126', 'F15-public', 'F65', 'F71-granthenke@gmail.com', 'F15-protected', 'F3-boolean', 'F117', 'F105', 'F77', 'F71-nehanarkhede@apache.org', 'F101', 'F115', 'F71-junrao@gmail.com', 'F116', 'F22', 'F120', 'F123', 'F3-String', 'F15-NA', 'F71-wangguoz@gmail.com', 'F71-jason@confluent.io', 'F72', 'F41', 'F71-schintalapani@hortonworks.com', 'category', 'F71-cshapi@gmail.com'}
    F72   F25  ... F71-schintalapani@hortonworks.com F71-junrao@gmail.com
1  7951  1265  ...                                 0                    0
2  6802   189  ...                                 0                    1
3  6802   189  ...                                 0                    1

[3 rows x 41 columns]
;.;
        F72       F25  ...  F71-schintalapani@hortonworks.com  F71-junrao@gmail.com
0  0.842294  0.730791  ...                                0.0                   0.0
1  0.327509  0.109185  ...                                0.0                   1.0
2  0.327509  0.109185  ...                                0.0                   1.0

[3 rows x 41 columns]
training_x: (1813, 41)
training_y: 1813
testset_x: (1566, 41)
testset_y: 1566
              precision    recall  f1-score   support

           0       0.50      0.44      0.47       673
           1       0.61      0.68      0.64       893

    accuracy                           0.57      1566
   macro avg       0.56      0.56      0.56      1566
weighted avg       0.57      0.57      0.57      1566

accuracy: 0.5727969348659003
0.6435801811401172
@@@ tn: 293, fp: 380, fn: 289, tp: 604
@@@ LIME - Creating explainer
@@@ LIME - Random Sampling of Instances
iter: 0, sample_no: 327, actual label: 1, predicted: 1
iter: 1, sample_no: 417, actual label: 1, predicted: 0
iter: 2, sample_no: 690, actual label: 0, predicted: 1
iter: 3, sample_no: 1439, actual label: 0, predicted: 1
iter: 4, sample_no: 989, actual label: 0, predicted: 0
iter: 5, sample_no: 1194, actual label: 1, predicted: 1
iter: 6, sample_no: 523, actual label: 1, predicted: 1
iter: 7, sample_no: 1375, actual label: 1, predicted: 1
iter: 8, sample_no: 576, actual label: 1, predicted: 0
iter: 9, sample_no: 278, actual label: 1, predicted: 0
iter: 10, sample_no: 238, actual label: 1, predicted: 1
iter: 11, sample_no: 1076, actual label: 1, predicted: 0
iter: 12, sample_no: 1403, actual label: 0, predicted: 1
iter: 13, sample_no: 1431, actual label: 0, predicted: 0
iter: 14, sample_no: 739, actual label: 1, predicted: 1
iter: 15, sample_no: 56, actual label: 0, predicted: 1
iter: 16, sample_no: 127, actual label: 1, predicted: 1
iter: 17, sample_no: 201, actual label: 1, predicted: 1
iter: 18, sample_no: 919, actual label: 0, predicted: 0
iter: 19, sample_no: 599, actual label: 0, predicted: 1
iter: 20, sample_no: 1308, actual label: 1, predicted: 1
iter: 21, sample_no: 532, actual label: 0, predicted: 0
iter: 22, sample_no: 90, actual label: 1, predicted: 1
iter: 23, sample_no: 823, actual label: 1, predicted: 1
iter: 24, sample_no: 1428, actual label: 1, predicted: 0
number of samples: 1566
AUC 0.5781095827045087
pos_get 893
total recall stop_at 1
@@@ C - Repeat number: 6
@@@ D - common_header:  {'F110', 'F71-becket.qin@gmail.com', 'F71-rajinisivaram@googlemail.com', 'F3-long', 'F71-neha.narkhede@gmail.com', 'F3-null', 'F71-jjkoshy@gmail.com', 'F68', 'F25', 'F3-NA', 'F104', 'F3-int', 'F3-TopicPartition', 'F71-ismael@juma.me.uk', 'F3-byte[]', 'F71-lindong28@gmail.com', 'F126', 'F15-public', 'F65', 'F71-granthenke@gmail.com', 'F15-protected', 'F3-boolean', 'F117', 'F105', 'F77', 'F71-nehanarkhede@apache.org', 'F101', 'F115', 'F71-junrao@gmail.com', 'F116', 'F22', 'F120', 'F123', 'F3-String', 'F15-NA', 'F71-wangguoz@gmail.com', 'F71-jason@confluent.io', 'F72', 'F41', 'F71-schintalapani@hortonworks.com', 'category', 'F71-cshapi@gmail.com'}
    F72   F25  ... F71-schintalapani@hortonworks.com F71-junrao@gmail.com
1  7951  1265  ...                                 0                    0
2  6802   189  ...                                 0                    1
3  6802   189  ...                                 0                    1

[3 rows x 41 columns]
;.;
        F72       F25  ...  F71-schintalapani@hortonworks.com  F71-junrao@gmail.com
0  0.842294  0.730791  ...                                0.0                   0.0
1  0.327509  0.109185  ...                                0.0                   1.0
2  0.327509  0.109185  ...                                0.0                   1.0

[3 rows x 41 columns]
training_x: (1813, 41)
training_y: 1813
testset_x: (1566, 41)
testset_y: 1566
              precision    recall  f1-score   support

           0       0.50      0.44      0.47       673
           1       0.61      0.68      0.64       893

    accuracy                           0.57      1566
   macro avg       0.56      0.56      0.56      1566
weighted avg       0.57      0.57      0.57      1566

accuracy: 0.5727969348659003
0.6435801811401172
@@@ tn: 293, fp: 380, fn: 289, tp: 604
@@@ LIME - Creating explainer
@@@ LIME - Random Sampling of Instances
iter: 0, sample_no: 563, actual label: 0, predicted: 0
iter: 1, sample_no: 2, actual label: 0, predicted: 1
iter: 2, sample_no: 1513, actual label: 0, predicted: 0
iter: 3, sample_no: 1559, actual label: 1, predicted: 1
iter: 4, sample_no: 1343, actual label: 0, predicted: 0
iter: 5, sample_no: 862, actual label: 0, predicted: 0
iter: 6, sample_no: 1265, actual label: 1, predicted: 0
iter: 7, sample_no: 1416, actual label: 0, predicted: 0
iter: 8, sample_no: 1191, actual label: 1, predicted: 1
iter: 9, sample_no: 1324, actual label: 1, predicted: 0
iter: 10, sample_no: 720, actual label: 1, predicted: 0
iter: 11, sample_no: 142, actual label: 1, predicted: 1
iter: 12, sample_no: 305, actual label: 1, predicted: 1
iter: 13, sample_no: 513, actual label: 1, predicted: 1
iter: 14, sample_no: 535, actual label: 0, predicted: 0
iter: 15, sample_no: 1057, actual label: 1, predicted: 0
iter: 16, sample_no: 971, actual label: 0, predicted: 0
iter: 17, sample_no: 1355, actual label: 0, predicted: 0
iter: 18, sample_no: 1212, actual label: 1, predicted: 1
iter: 19, sample_no: 624, actual label: 1, predicted: 1
iter: 20, sample_no: 840, actual label: 0, predicted: 1
iter: 21, sample_no: 1298, actual label: 0, predicted: 1
iter: 22, sample_no: 1476, actual label: 1, predicted: 1
iter: 23, sample_no: 854, actual label: 1, predicted: 1
iter: 24, sample_no: 1215, actual label: 1, predicted: 1
number of samples: 1566
AUC 0.5781436931457979
pos_get 893
total recall stop_at 1
@@@ C - Repeat number: 7
@@@ D - common_header:  {'F110', 'F71-becket.qin@gmail.com', 'F71-rajinisivaram@googlemail.com', 'F3-long', 'F71-neha.narkhede@gmail.com', 'F3-null', 'F71-jjkoshy@gmail.com', 'F68', 'F25', 'F3-NA', 'F104', 'F3-int', 'F3-TopicPartition', 'F71-ismael@juma.me.uk', 'F3-byte[]', 'F71-lindong28@gmail.com', 'F126', 'F15-public', 'F65', 'F71-granthenke@gmail.com', 'F15-protected', 'F3-boolean', 'F117', 'F105', 'F77', 'F71-nehanarkhede@apache.org', 'F101', 'F115', 'F71-junrao@gmail.com', 'F116', 'F22', 'F120', 'F123', 'F3-String', 'F15-NA', 'F71-wangguoz@gmail.com', 'F71-jason@confluent.io', 'F72', 'F41', 'F71-schintalapani@hortonworks.com', 'category', 'F71-cshapi@gmail.com'}
    F72   F25  ... F71-schintalapani@hortonworks.com F71-junrao@gmail.com
1  7951  1265  ...                                 0                    0
2  6802   189  ...                                 0                    1
3  6802   189  ...                                 0                    1

[3 rows x 41 columns]
;.;
        F72       F25  ...  F71-schintalapani@hortonworks.com  F71-junrao@gmail.com
0  0.842294  0.730791  ...                                0.0                   0.0
1  0.327509  0.109185  ...                                0.0                   1.0
2  0.327509  0.109185  ...                                0.0                   1.0

[3 rows x 41 columns]
training_x: (1813, 41)
training_y: 1813
testset_x: (1566, 41)
testset_y: 1566
              precision    recall  f1-score   support

           0       0.50      0.44      0.47       673
           1       0.61      0.68      0.64       893

    accuracy                           0.57      1566
   macro avg       0.56      0.56      0.56      1566
weighted avg       0.57      0.57      0.57      1566

accuracy: 0.5727969348659003
0.6435801811401172
@@@ tn: 293, fp: 380, fn: 289, tp: 604
@@@ LIME - Creating explainer
@@@ LIME - Random Sampling of Instances
iter: 0, sample_no: 424, actual label: 0, predicted: 0
iter: 1, sample_no: 978, actual label: 0, predicted: 0
iter: 2, sample_no: 932, actual label: 1, predicted: 0
iter: 3, sample_no: 641, actual label: 0, predicted: 1
iter: 4, sample_no: 459, actual label: 1, predicted: 0
iter: 5, sample_no: 479, actual label: 0, predicted: 0
iter: 6, sample_no: 920, actual label: 0, predicted: 0
iter: 7, sample_no: 1140, actual label: 1, predicted: 1
iter: 8, sample_no: 1453, actual label: 0, predicted: 0
iter: 9, sample_no: 130, actual label: 1, predicted: 1
iter: 10, sample_no: 881, actual label: 0, predicted: 0
iter: 11, sample_no: 5, actual label: 0, predicted: 1
iter: 12, sample_no: 237, actual label: 1, predicted: 1
iter: 13, sample_no: 785, actual label: 1, predicted: 0
iter: 14, sample_no: 1173, actual label: 1, predicted: 1
iter: 15, sample_no: 974, actual label: 0, predicted: 0
iter: 16, sample_no: 350, actual label: 1, predicted: 1
iter: 17, sample_no: 92, actual label: 1, predicted: 1
iter: 18, sample_no: 512, actual label: 0, predicted: 1
iter: 19, sample_no: 1454, actual label: 0, predicted: 1
iter: 20, sample_no: 313, actual label: 1, predicted: 1
iter: 21, sample_no: 729, actual label: 1, predicted: 1
iter: 22, sample_no: 354, actual label: 1, predicted: 1
iter: 23, sample_no: 450, actual label: 0, predicted: 0
iter: 24, sample_no: 147, actual label: 1, predicted: 1
number of samples: 1566
AUC 0.5781020950466647
pos_get 893
total recall stop_at 1
@@@ C - Repeat number: 8
@@@ D - common_header:  {'F110', 'F71-becket.qin@gmail.com', 'F71-rajinisivaram@googlemail.com', 'F3-long', 'F71-neha.narkhede@gmail.com', 'F3-null', 'F71-jjkoshy@gmail.com', 'F68', 'F25', 'F3-NA', 'F104', 'F3-int', 'F3-TopicPartition', 'F71-ismael@juma.me.uk', 'F3-byte[]', 'F71-lindong28@gmail.com', 'F126', 'F15-public', 'F65', 'F71-granthenke@gmail.com', 'F15-protected', 'F3-boolean', 'F117', 'F105', 'F77', 'F71-nehanarkhede@apache.org', 'F101', 'F115', 'F71-junrao@gmail.com', 'F116', 'F22', 'F120', 'F123', 'F3-String', 'F15-NA', 'F71-wangguoz@gmail.com', 'F71-jason@confluent.io', 'F72', 'F41', 'F71-schintalapani@hortonworks.com', 'category', 'F71-cshapi@gmail.com'}
    F72   F25  ... F71-schintalapani@hortonworks.com F71-junrao@gmail.com
1  7951  1265  ...                                 0                    0
2  6802   189  ...                                 0                    1
3  6802   189  ...                                 0                    1

[3 rows x 41 columns]
;.;
        F72       F25  ...  F71-schintalapani@hortonworks.com  F71-junrao@gmail.com
0  0.842294  0.730791  ...                                0.0                   0.0
1  0.327509  0.109185  ...                                0.0                   1.0
2  0.327509  0.109185  ...                                0.0                   1.0

[3 rows x 41 columns]
training_x: (1813, 41)
training_y: 1813
testset_x: (1566, 41)
testset_y: 1566
              precision    recall  f1-score   support

           0       0.50      0.44      0.47       673
           1       0.61      0.68      0.64       893

    accuracy                           0.57      1566
   macro avg       0.56      0.56      0.56      1566
weighted avg       0.57      0.57      0.57      1566

accuracy: 0.5727969348659003
0.6435801811401172
@@@ tn: 293, fp: 380, fn: 289, tp: 604
@@@ LIME - Creating explainer
@@@ LIME - Random Sampling of Instances
iter: 0, sample_no: 1504, actual label: 1, predicted: 0
iter: 1, sample_no: 455, actual label: 1, predicted: 0
iter: 2, sample_no: 506, actual label: 1, predicted: 1
iter: 3, sample_no: 239, actual label: 1, predicted: 1
iter: 4, sample_no: 769, actual label: 1, predicted: 1
iter: 5, sample_no: 554, actual label: 0, predicted: 1
iter: 6, sample_no: 1151, actual label: 0, predicted: 1
iter: 7, sample_no: 699, actual label: 1, predicted: 1
iter: 8, sample_no: 725, actual label: 0, predicted: 1
iter: 9, sample_no: 213, actual label: 1, predicted: 1
iter: 10, sample_no: 1354, actual label: 1, predicted: 1
iter: 11, sample_no: 1429, actual label: 0, predicted: 1
iter: 12, sample_no: 1090, actual label: 0, predicted: 0
iter: 13, sample_no: 69, actual label: 1, predicted: 1
iter: 14, sample_no: 540, actual label: 1, predicted: 0
iter: 15, sample_no: 1156, actual label: 1, predicted: 1
iter: 16, sample_no: 548, actual label: 1, predicted: 0
iter: 17, sample_no: 1146, actual label: 0, predicted: 1
iter: 18, sample_no: 1346, actual label: 0, predicted: 0
iter: 19, sample_no: 1095, actual label: 0, predicted: 0
iter: 20, sample_no: 362, actual label: 1, predicted: 1
iter: 21, sample_no: 340, actual label: 1, predicted: 1
iter: 22, sample_no: 700, actual label: 1, predicted: 1
iter: 23, sample_no: 1046, actual label: 1, predicted: 1
iter: 24, sample_no: 643, actual label: 1, predicted: 1
number of samples: 1566
AUC 0.5781428611838153
pos_get 893
total recall stop_at 1
@@@ C - Repeat number: 9
@@@ D - common_header:  {'F110', 'F71-becket.qin@gmail.com', 'F71-rajinisivaram@googlemail.com', 'F3-long', 'F71-neha.narkhede@gmail.com', 'F3-null', 'F71-jjkoshy@gmail.com', 'F68', 'F25', 'F3-NA', 'F104', 'F3-int', 'F3-TopicPartition', 'F71-ismael@juma.me.uk', 'F3-byte[]', 'F71-lindong28@gmail.com', 'F126', 'F15-public', 'F65', 'F71-granthenke@gmail.com', 'F15-protected', 'F3-boolean', 'F117', 'F105', 'F77', 'F71-nehanarkhede@apache.org', 'F101', 'F115', 'F71-junrao@gmail.com', 'F116', 'F22', 'F120', 'F123', 'F3-String', 'F15-NA', 'F71-wangguoz@gmail.com', 'F71-jason@confluent.io', 'F72', 'F41', 'F71-schintalapani@hortonworks.com', 'category', 'F71-cshapi@gmail.com'}
    F72   F25  ... F71-schintalapani@hortonworks.com F71-junrao@gmail.com
1  7951  1265  ...                                 0                    0
2  6802   189  ...                                 0                    1
3  6802   189  ...                                 0                    1

[3 rows x 41 columns]
;.;
        F72       F25  ...  F71-schintalapani@hortonworks.com  F71-junrao@gmail.com
0  0.842294  0.730791  ...                                0.0                   0.0
1  0.327509  0.109185  ...                                0.0                   1.0
2  0.327509  0.109185  ...                                0.0                   1.0

[3 rows x 41 columns]
training_x: (1813, 41)
training_y: 1813
testset_x: (1566, 41)
testset_y: 1566
              precision    recall  f1-score   support

           0       0.50      0.44      0.47       673
           1       0.61      0.68      0.64       893

    accuracy                           0.57      1566
   macro avg       0.56      0.56      0.56      1566
weighted avg       0.57      0.57      0.57      1566

accuracy: 0.5727969348659003
0.6435801811401172
@@@ tn: 293, fp: 380, fn: 289, tp: 604
@@@ LIME - Creating explainer
@@@ LIME - Random Sampling of Instances
iter: 0, sample_no: 57, actual label: 0, predicted: 1
iter: 1, sample_no: 495, actual label: 1, predicted: 0
iter: 2, sample_no: 219, actual label: 1, predicted: 0
iter: 3, sample_no: 1399, actual label: 1, predicted: 1
iter: 4, sample_no: 206, actual label: 1, predicted: 1
iter: 5, sample_no: 73, actual label: 0, predicted: 0
iter: 6, sample_no: 940, actual label: 1, predicted: 1
iter: 7, sample_no: 1015, actual label: 0, predicted: 0
iter: 8, sample_no: 381, actual label: 0, predicted: 0
iter: 9, sample_no: 360, actual label: 1, predicted: 1
iter: 10, sample_no: 85, actual label: 1, predicted: 1
iter: 11, sample_no: 1098, actual label: 0, predicted: 1
iter: 12, sample_no: 1237, actual label: 0, predicted: 1
iter: 13, sample_no: 637, actual label: 1, predicted: 1
iter: 14, sample_no: 351, actual label: 1, predicted: 1
iter: 15, sample_no: 268, actual label: 1, predicted: 1
iter: 16, sample_no: 394, actual label: 1, predicted: 0
iter: 17, sample_no: 742, actual label: 1, predicted: 1
iter: 18, sample_no: 1280, actual label: 1, predicted: 1
iter: 19, sample_no: 616, actual label: 1, predicted: 1
iter: 20, sample_no: 519, actual label: 1, predicted: 1
iter: 21, sample_no: 645, actual label: 1, predicted: 1
iter: 22, sample_no: 308, actual label: 1, predicted: 0
iter: 23, sample_no: 839, actual label: 1, predicted: 0
iter: 24, sample_no: 1017, actual label: 0, predicted: 0
number of samples: 1566
AUC 0.5780663206814101
pos_get 893
total recall stop_at 1
@@@ C - Repeat number: 10
@@@ D - common_header:  {'F110', 'F71-becket.qin@gmail.com', 'F71-rajinisivaram@googlemail.com', 'F3-long', 'F71-neha.narkhede@gmail.com', 'F3-null', 'F71-jjkoshy@gmail.com', 'F68', 'F25', 'F3-NA', 'F104', 'F3-int', 'F3-TopicPartition', 'F71-ismael@juma.me.uk', 'F3-byte[]', 'F71-lindong28@gmail.com', 'F126', 'F15-public', 'F65', 'F71-granthenke@gmail.com', 'F15-protected', 'F3-boolean', 'F117', 'F105', 'F77', 'F71-nehanarkhede@apache.org', 'F101', 'F115', 'F71-junrao@gmail.com', 'F116', 'F22', 'F120', 'F123', 'F3-String', 'F15-NA', 'F71-wangguoz@gmail.com', 'F71-jason@confluent.io', 'F72', 'F41', 'F71-schintalapani@hortonworks.com', 'category', 'F71-cshapi@gmail.com'}
    F72   F25  ... F71-schintalapani@hortonworks.com F71-junrao@gmail.com
1  7951  1265  ...                                 0                    0
2  6802   189  ...                                 0                    1
3  6802   189  ...                                 0                    1

[3 rows x 41 columns]
;.;
        F72       F25  ...  F71-schintalapani@hortonworks.com  F71-junrao@gmail.com
0  0.842294  0.730791  ...                                0.0                   0.0
1  0.327509  0.109185  ...                                0.0                   1.0
2  0.327509  0.109185  ...                                0.0                   1.0

[3 rows x 41 columns]
training_x: (1813, 41)
training_y: 1813
testset_x: (1566, 41)
testset_y: 1566
              precision    recall  f1-score   support

           0       0.50      0.44      0.47       673
           1       0.61      0.68      0.64       893

    accuracy                           0.57      1566
   macro avg       0.56      0.56      0.56      1566
weighted avg       0.57      0.57      0.57      1566

accuracy: 0.5727969348659003
0.6435801811401172
@@@ tn: 293, fp: 380, fn: 289, tp: 604
@@@ LIME - Creating explainer
@@@ LIME - Random Sampling of Instances
iter: 0, sample_no: 779, actual label: 1, predicted: 0
iter: 1, sample_no: 125, actual label: 0, predicted: 1
iter: 2, sample_no: 122, actual label: 1, predicted: 1
iter: 3, sample_no: 457, actual label: 1, predicted: 0
iter: 4, sample_no: 1388, actual label: 1, predicted: 1
iter: 5, sample_no: 962, actual label: 1, predicted: 1
iter: 6, sample_no: 1207, actual label: 1, predicted: 1
iter: 7, sample_no: 553, actual label: 0, predicted: 0
iter: 8, sample_no: 520, actual label: 1, predicted: 1
iter: 9, sample_no: 188, actual label: 1, predicted: 1
iter: 10, sample_no: 426, actual label: 0, predicted: 0
iter: 11, sample_no: 489, actual label: 1, predicted: 0
iter: 12, sample_no: 910, actual label: 0, predicted: 0
iter: 13, sample_no: 891, actual label: 1, predicted: 0
iter: 14, sample_no: 1360, actual label: 0, predicted: 1
iter: 15, sample_no: 1249, actual label: 0, predicted: 1
iter: 16, sample_no: 134, actual label: 0, predicted: 1
iter: 17, sample_no: 73, actual label: 0, predicted: 0
iter: 18, sample_no: 124, actual label: 1, predicted: 1
iter: 19, sample_no: 1313, actual label: 1, predicted: 1
iter: 20, sample_no: 848, actual label: 0, predicted: 0
iter: 21, sample_no: 343, actual label: 1, predicted: 1
iter: 22, sample_no: 1248, actual label: 1, predicted: 0
iter: 23, sample_no: 878, actual label: 0, predicted: 0
iter: 24, sample_no: 142, actual label: 1, predicted: 1
number of samples: 1566
AUC 0.5781436931457979
pos_get 893
total recall stop_at 1
----------threshold stop at----------: 1
AUC [0.578148684917694, 0.5781403652978673, 0.5781586684614859, 0.5781070868185607, 0.5781095827045087, 0.5781436931457979, 0.5781020950466647, 0.5781428611838153, 0.5780663206814101, 0.5781436931457979]
AUC_median 0.5781416132408412
AUC_iqr 3.598235575019704e-05
cost [1, 1, 1, 1, 1, 1, 1, 1, 1, 1]
COST_med 1.0
COST_iqr 0.0
f1_pos_list [np.float64(0.6435801811401172), np.float64(0.6435801811401172), np.float64(0.6435801811401172), np.float64(0.6435801811401172), np.float64(0.6435801811401172), np.float64(0.6435801811401172), np.float64(0.6435801811401172), np.float64(0.6435801811401172), np.float64(0.6435801811401172), np.float64(0.6435801811401172)]
f1_pos_med 0.6435801811401172
total_tn 2930
total_fp 3800
total_fn 2890
total_tp 6040
p= 0.6138211382113821
r= 0.6763717805151176
f= 0.6435801811401172
