@@@ A - classifier: SVC(class_weight='balanced', kernel='linear', probability=True)
@@@ B - threshold stop at: 1
@@@ C - Repeat number: 1
@@@ D - common_header:  {'F3-int', 'F15-public', 'F77', 'F3-char[]', 'F120', 'F3-FileInputStream', 'F3-ValueSource', 'F71-ryan@apache.org', 'F71-shalin@apache.org', 'F71-sarowe@apache.org', 'F3-Class', 'F71-hossman@apache.org', 'F3-CharStream', 'F22', 'F117', 'F3-int[]', 'F71-rjernst@apache.org', 'F71-noble@apache.org', 'F3-CharSequence', 'F3-Among[]', 'F101', 'F123', 'F25', 'F3-boolean', 'F116', 'F3-String', 'F105', 'F71-markrmiller@apache.org', 'F3-Path', 'F15-private', 'F41', 'F71-chrism@apache.org', 'F104', 'F68', 'F71-yonik@apache.org', 'F71-anshum@apache.org', 'F71-shaie@apache.org', 'F71-erick@apache.org', 'F115', 'category', 'F3-NA', 'F15-protected', 'F15-NA', 'F71-romseygeek@apache.org', 'F72', 'F65', 'F3-char', 'F110', 'F3-long', 'F71-rmuir@apache.org', 'F71-jpountz@apache.org', 'F71-mikemccand@apache.org', 'F71-uschindler@apache.org', 'F71-simonw@apache.org', 'F3-long[]', 'F126'}
     F72   F25  ... F71-erick@apache.org F71-uschindler@apache.org
1   4679    97  ...                    0                         1
2   4679    97  ...                    0                         1
3  19865  2075  ...                    0                         1

[3 rows x 55 columns]
;.;
        F72       F25  ...  F71-erick@apache.org  F71-uschindler@apache.org
0  0.035424  0.023909  ...                   0.0                        1.0
1  0.035424  0.023909  ...                   0.0                        1.0
2  0.747947  0.511462  ...                   0.0                        1.0

[3 rows x 55 columns]
training_x: (3259, 55)
training_y: 3259
testset_x: (3425, 55)
testset_y: 3425
              precision    recall  f1-score   support

           0       0.93      0.93      0.93      2257
           1       0.86      0.87      0.87      1168

    accuracy                           0.91      3425
   macro avg       0.90      0.90      0.90      3425
weighted avg       0.91      0.91      0.91      3425

accuracy: 0.9071532846715329
0.865025466893039
@@@ tn: 2088, fp: 169, fn: 149, tp: 1019
@@@ LIME - Creating explainer
@@@ LIME - Random Sampling of Instances
iter: 0, sample_no: 3392, actual label: 1, predicted: 1
iter: 1, sample_no: 1447, actual label: 0, predicted: 0
iter: 2, sample_no: 641, actual label: 1, predicted: 0
iter: 3, sample_no: 2682, actual label: 1, predicted: 0
iter: 4, sample_no: 2013, actual label: 1, predicted: 1
iter: 5, sample_no: 2216, actual label: 0, predicted: 0
iter: 6, sample_no: 1233, actual label: 0, predicted: 0
iter: 7, sample_no: 1982, actual label: 0, predicted: 1
iter: 8, sample_no: 2755, actual label: 0, predicted: 1
iter: 9, sample_no: 3358, actual label: 1, predicted: 1
iter: 10, sample_no: 1502, actual label: 0, predicted: 0
iter: 11, sample_no: 1648, actual label: 0, predicted: 0
iter: 12, sample_no: 2688, actual label: 0, predicted: 0
iter: 13, sample_no: 969, actual label: 0, predicted: 0
iter: 14, sample_no: 860, actual label: 0, predicted: 0
iter: 15, sample_no: 2675, actual label: 1, predicted: 1
iter: 16, sample_no: 581, actual label: 1, predicted: 1
iter: 17, sample_no: 206, actual label: 0, predicted: 0
iter: 18, sample_no: 1750, actual label: 0, predicted: 0
iter: 19, sample_no: 1367, actual label: 1, predicted: 1
iter: 20, sample_no: 2484, actual label: 0, predicted: 0
iter: 21, sample_no: 1541, actual label: 0, predicted: 0
iter: 22, sample_no: 474, actual label: 0, predicted: 0
iter: 23, sample_no: 1140, actual label: 1, predicted: 1
iter: 24, sample_no: 2004, actual label: 1, predicted: 1
number of samples: 3425
AUC 0.9718440650396637
pos_get 1168
total recall stop_at 1.0
@@@ C - Repeat number: 2
@@@ D - common_header:  {'F3-int', 'F15-public', 'F77', 'F3-char[]', 'F120', 'F3-FileInputStream', 'F3-ValueSource', 'F71-ryan@apache.org', 'F71-shalin@apache.org', 'F71-sarowe@apache.org', 'F3-Class', 'F71-hossman@apache.org', 'F3-CharStream', 'F22', 'F117', 'F3-int[]', 'F71-rjernst@apache.org', 'F71-noble@apache.org', 'F3-CharSequence', 'F3-Among[]', 'F101', 'F123', 'F25', 'F3-boolean', 'F116', 'F3-String', 'F105', 'F71-markrmiller@apache.org', 'F3-Path', 'F15-private', 'F41', 'F71-chrism@apache.org', 'F104', 'F68', 'F71-yonik@apache.org', 'F71-anshum@apache.org', 'F71-shaie@apache.org', 'F71-erick@apache.org', 'F115', 'category', 'F3-NA', 'F15-protected', 'F15-NA', 'F71-romseygeek@apache.org', 'F72', 'F65', 'F3-char', 'F110', 'F3-long', 'F71-rmuir@apache.org', 'F71-jpountz@apache.org', 'F71-mikemccand@apache.org', 'F71-uschindler@apache.org', 'F71-simonw@apache.org', 'F3-long[]', 'F126'}
     F72   F25  ... F71-erick@apache.org F71-uschindler@apache.org
1   4679    97  ...                    0                         1
2   4679    97  ...                    0                         1
3  19865  2075  ...                    0                         1

[3 rows x 55 columns]
;.;
        F72       F25  ...  F71-erick@apache.org  F71-uschindler@apache.org
0  0.035424  0.023909  ...                   0.0                        1.0
1  0.035424  0.023909  ...                   0.0                        1.0
2  0.747947  0.511462  ...                   0.0                        1.0

[3 rows x 55 columns]
training_x: (3259, 55)
training_y: 3259
testset_x: (3425, 55)
testset_y: 3425
              precision    recall  f1-score   support

           0       0.93      0.93      0.93      2257
           1       0.86      0.87      0.87      1168

    accuracy                           0.91      3425
   macro avg       0.90      0.90      0.90      3425
weighted avg       0.91      0.91      0.91      3425

accuracy: 0.9071532846715329
0.865025466893039
@@@ tn: 2088, fp: 169, fn: 149, tp: 1019
@@@ LIME - Creating explainer
@@@ LIME - Random Sampling of Instances
iter: 0, sample_no: 2801, actual label: 1, predicted: 1
iter: 1, sample_no: 2274, actual label: 0, predicted: 0
iter: 2, sample_no: 2046, actual label: 0, predicted: 0
iter: 3, sample_no: 1177, actual label: 1, predicted: 1
iter: 4, sample_no: 3348, actual label: 1, predicted: 1
iter: 5, sample_no: 2277, actual label: 0, predicted: 0
iter: 6, sample_no: 3161, actual label: 0, predicted: 0
iter: 7, sample_no: 2640, actual label: 1, predicted: 1
iter: 8, sample_no: 190, actual label: 1, predicted: 1
iter: 9, sample_no: 3286, actual label: 1, predicted: 1
iter: 10, sample_no: 2401, actual label: 0, predicted: 0
iter: 11, sample_no: 616, actual label: 1, predicted: 1
iter: 12, sample_no: 1145, actual label: 0, predicted: 1
iter: 13, sample_no: 2178, actual label: 0, predicted: 0
iter: 14, sample_no: 396, actual label: 0, predicted: 0
iter: 15, sample_no: 2497, actual label: 0, predicted: 0
iter: 16, sample_no: 40, actual label: 1, predicted: 1
iter: 17, sample_no: 1837, actual label: 0, predicted: 0
iter: 18, sample_no: 915, actual label: 0, predicted: 0
iter: 19, sample_no: 2497, actual label: 0, predicted: 0
iter: 20, sample_no: 382, actual label: 1, predicted: 1
iter: 21, sample_no: 533, actual label: 0, predicted: 0
iter: 22, sample_no: 1285, actual label: 1, predicted: 1
iter: 23, sample_no: 2025, actual label: 0, predicted: 0
iter: 24, sample_no: 557, actual label: 0, predicted: 1
number of samples: 3425
AUC 0.9718425476902908
pos_get 1168
total recall stop_at 1.0
@@@ C - Repeat number: 3
@@@ D - common_header:  {'F3-int', 'F15-public', 'F77', 'F3-char[]', 'F120', 'F3-FileInputStream', 'F3-ValueSource', 'F71-ryan@apache.org', 'F71-shalin@apache.org', 'F71-sarowe@apache.org', 'F3-Class', 'F71-hossman@apache.org', 'F3-CharStream', 'F22', 'F117', 'F3-int[]', 'F71-rjernst@apache.org', 'F71-noble@apache.org', 'F3-CharSequence', 'F3-Among[]', 'F101', 'F123', 'F25', 'F3-boolean', 'F116', 'F3-String', 'F105', 'F71-markrmiller@apache.org', 'F3-Path', 'F15-private', 'F41', 'F71-chrism@apache.org', 'F104', 'F68', 'F71-yonik@apache.org', 'F71-anshum@apache.org', 'F71-shaie@apache.org', 'F71-erick@apache.org', 'F115', 'category', 'F3-NA', 'F15-protected', 'F15-NA', 'F71-romseygeek@apache.org', 'F72', 'F65', 'F3-char', 'F110', 'F3-long', 'F71-rmuir@apache.org', 'F71-jpountz@apache.org', 'F71-mikemccand@apache.org', 'F71-uschindler@apache.org', 'F71-simonw@apache.org', 'F3-long[]', 'F126'}
     F72   F25  ... F71-erick@apache.org F71-uschindler@apache.org
1   4679    97  ...                    0                         1
2   4679    97  ...                    0                         1
3  19865  2075  ...                    0                         1

[3 rows x 55 columns]
;.;
        F72       F25  ...  F71-erick@apache.org  F71-uschindler@apache.org
0  0.035424  0.023909  ...                   0.0                        1.0
1  0.035424  0.023909  ...                   0.0                        1.0
2  0.747947  0.511462  ...                   0.0                        1.0

[3 rows x 55 columns]
training_x: (3259, 55)
training_y: 3259
testset_x: (3425, 55)
testset_y: 3425
              precision    recall  f1-score   support

           0       0.93      0.93      0.93      2257
           1       0.86      0.87      0.87      1168

    accuracy                           0.91      3425
   macro avg       0.90      0.90      0.90      3425
weighted avg       0.91      0.91      0.91      3425

accuracy: 0.9071532846715329
0.865025466893039
@@@ tn: 2088, fp: 169, fn: 149, tp: 1019
@@@ LIME - Creating explainer
@@@ LIME - Random Sampling of Instances
iter: 0, sample_no: 2462, actual label: 0, predicted: 0
iter: 1, sample_no: 719, actual label: 0, predicted: 0
iter: 2, sample_no: 1176, actual label: 0, predicted: 0
iter: 3, sample_no: 768, actual label: 0, predicted: 0
iter: 4, sample_no: 1387, actual label: 0, predicted: 0
iter: 5, sample_no: 227, actual label: 1, predicted: 1
iter: 6, sample_no: 1745, actual label: 1, predicted: 1
iter: 7, sample_no: 674, actual label: 1, predicted: 1
iter: 8, sample_no: 198, actual label: 1, predicted: 1
iter: 9, sample_no: 1871, actual label: 0, predicted: 0
iter: 10, sample_no: 2940, actual label: 0, predicted: 1
iter: 11, sample_no: 3093, actual label: 0, predicted: 0
iter: 12, sample_no: 276, actual label: 1, predicted: 1
iter: 13, sample_no: 2843, actual label: 0, predicted: 0
iter: 14, sample_no: 918, actual label: 0, predicted: 0
iter: 15, sample_no: 1546, actual label: 0, predicted: 0
iter: 16, sample_no: 823, actual label: 1, predicted: 1
iter: 17, sample_no: 2680, actual label: 1, predicted: 1
iter: 18, sample_no: 317, actual label: 0, predicted: 0
iter: 19, sample_no: 18, actual label: 1, predicted: 1
iter: 20, sample_no: 2135, actual label: 0, predicted: 0
iter: 21, sample_no: 2238, actual label: 0, predicted: 0
iter: 22, sample_no: 2772, actual label: 1, predicted: 0
iter: 23, sample_no: 1090, actual label: 0, predicted: 0
iter: 24, sample_no: 2452, actual label: 1, predicted: 1
number of samples: 3425
AUC 0.9718414096782613
pos_get 1168
total recall stop_at 1.0
@@@ C - Repeat number: 4
@@@ D - common_header:  {'F3-int', 'F15-public', 'F77', 'F3-char[]', 'F120', 'F3-FileInputStream', 'F3-ValueSource', 'F71-ryan@apache.org', 'F71-shalin@apache.org', 'F71-sarowe@apache.org', 'F3-Class', 'F71-hossman@apache.org', 'F3-CharStream', 'F22', 'F117', 'F3-int[]', 'F71-rjernst@apache.org', 'F71-noble@apache.org', 'F3-CharSequence', 'F3-Among[]', 'F101', 'F123', 'F25', 'F3-boolean', 'F116', 'F3-String', 'F105', 'F71-markrmiller@apache.org', 'F3-Path', 'F15-private', 'F41', 'F71-chrism@apache.org', 'F104', 'F68', 'F71-yonik@apache.org', 'F71-anshum@apache.org', 'F71-shaie@apache.org', 'F71-erick@apache.org', 'F115', 'category', 'F3-NA', 'F15-protected', 'F15-NA', 'F71-romseygeek@apache.org', 'F72', 'F65', 'F3-char', 'F110', 'F3-long', 'F71-rmuir@apache.org', 'F71-jpountz@apache.org', 'F71-mikemccand@apache.org', 'F71-uschindler@apache.org', 'F71-simonw@apache.org', 'F3-long[]', 'F126'}
     F72   F25  ... F71-erick@apache.org F71-uschindler@apache.org
1   4679    97  ...                    0                         1
2   4679    97  ...                    0                         1
3  19865  2075  ...                    0                         1

[3 rows x 55 columns]
;.;
        F72       F25  ...  F71-erick@apache.org  F71-uschindler@apache.org
0  0.035424  0.023909  ...                   0.0                        1.0
1  0.035424  0.023909  ...                   0.0                        1.0
2  0.747947  0.511462  ...                   0.0                        1.0

[3 rows x 55 columns]
training_x: (3259, 55)
training_y: 3259
testset_x: (3425, 55)
testset_y: 3425
              precision    recall  f1-score   support

           0       0.93      0.93      0.93      2257
           1       0.86      0.87      0.87      1168

    accuracy                           0.91      3425
   macro avg       0.90      0.90      0.90      3425
weighted avg       0.91      0.91      0.91      3425

accuracy: 0.9071532846715329
0.865025466893039
@@@ tn: 2088, fp: 169, fn: 149, tp: 1019
@@@ LIME - Creating explainer
@@@ LIME - Random Sampling of Instances
iter: 0, sample_no: 2885, actual label: 0, predicted: 0
iter: 1, sample_no: 923, actual label: 0, predicted: 0
iter: 2, sample_no: 2546, actual label: 1, predicted: 1
iter: 3, sample_no: 960, actual label: 0, predicted: 0
iter: 4, sample_no: 1276, actual label: 1, predicted: 1
iter: 5, sample_no: 2632, actual label: 0, predicted: 1
iter: 6, sample_no: 2592, actual label: 1, predicted: 0
iter: 7, sample_no: 1039, actual label: 0, predicted: 0
iter: 8, sample_no: 2528, actual label: 0, predicted: 0
iter: 9, sample_no: 505, actual label: 1, predicted: 0
iter: 10, sample_no: 2711, actual label: 0, predicted: 0
iter: 11, sample_no: 2831, actual label: 0, predicted: 0
iter: 12, sample_no: 2715, actual label: 0, predicted: 1
iter: 13, sample_no: 2810, actual label: 0, predicted: 0
iter: 14, sample_no: 2394, actual label: 0, predicted: 0
iter: 15, sample_no: 1121, actual label: 1, predicted: 1
iter: 16, sample_no: 739, actual label: 0, predicted: 0
iter: 17, sample_no: 961, actual label: 0, predicted: 0
iter: 18, sample_no: 643, actual label: 0, predicted: 0
iter: 19, sample_no: 1621, actual label: 1, predicted: 1
iter: 20, sample_no: 566, actual label: 0, predicted: 0
iter: 21, sample_no: 391, actual label: 1, predicted: 1
iter: 22, sample_no: 2639, actual label: 1, predicted: 1
iter: 23, sample_no: 2207, actual label: 0, predicted: 0
iter: 24, sample_no: 3118, actual label: 1, predicted: 0
number of samples: 3425
AUC 0.9718433063649772
pos_get 1168
total recall stop_at 1.0
@@@ C - Repeat number: 5
@@@ D - common_header:  {'F3-int', 'F15-public', 'F77', 'F3-char[]', 'F120', 'F3-FileInputStream', 'F3-ValueSource', 'F71-ryan@apache.org', 'F71-shalin@apache.org', 'F71-sarowe@apache.org', 'F3-Class', 'F71-hossman@apache.org', 'F3-CharStream', 'F22', 'F117', 'F3-int[]', 'F71-rjernst@apache.org', 'F71-noble@apache.org', 'F3-CharSequence', 'F3-Among[]', 'F101', 'F123', 'F25', 'F3-boolean', 'F116', 'F3-String', 'F105', 'F71-markrmiller@apache.org', 'F3-Path', 'F15-private', 'F41', 'F71-chrism@apache.org', 'F104', 'F68', 'F71-yonik@apache.org', 'F71-anshum@apache.org', 'F71-shaie@apache.org', 'F71-erick@apache.org', 'F115', 'category', 'F3-NA', 'F15-protected', 'F15-NA', 'F71-romseygeek@apache.org', 'F72', 'F65', 'F3-char', 'F110', 'F3-long', 'F71-rmuir@apache.org', 'F71-jpountz@apache.org', 'F71-mikemccand@apache.org', 'F71-uschindler@apache.org', 'F71-simonw@apache.org', 'F3-long[]', 'F126'}
     F72   F25  ... F71-erick@apache.org F71-uschindler@apache.org
1   4679    97  ...                    0                         1
2   4679    97  ...                    0                         1
3  19865  2075  ...                    0                         1

[3 rows x 55 columns]
;.;
        F72       F25  ...  F71-erick@apache.org  F71-uschindler@apache.org
0  0.035424  0.023909  ...                   0.0                        1.0
1  0.035424  0.023909  ...                   0.0                        1.0
2  0.747947  0.511462  ...                   0.0                        1.0

[3 rows x 55 columns]
training_x: (3259, 55)
training_y: 3259
testset_x: (3425, 55)
testset_y: 3425
              precision    recall  f1-score   support

           0       0.93      0.93      0.93      2257
           1       0.86      0.87      0.87      1168

    accuracy                           0.91      3425
   macro avg       0.90      0.90      0.90      3425
weighted avg       0.91      0.91      0.91      3425

accuracy: 0.9071532846715329
0.865025466893039
@@@ tn: 2088, fp: 169, fn: 149, tp: 1019
@@@ LIME - Creating explainer
@@@ LIME - Random Sampling of Instances
iter: 0, sample_no: 1926, actual label: 0, predicted: 0
iter: 1, sample_no: 96, actual label: 1, predicted: 1
iter: 2, sample_no: 2934, actual label: 0, predicted: 0
iter: 3, sample_no: 1487, actual label: 1, predicted: 1
iter: 4, sample_no: 2344, actual label: 0, predicted: 0
iter: 5, sample_no: 2191, actual label: 0, predicted: 0
iter: 6, sample_no: 2340, actual label: 0, predicted: 0
iter: 7, sample_no: 1071, actual label: 0, predicted: 0
iter: 8, sample_no: 2000, actual label: 1, predicted: 1
iter: 9, sample_no: 2608, actual label: 1, predicted: 1
iter: 10, sample_no: 3397, actual label: 1, predicted: 1
iter: 11, sample_no: 1897, actual label: 0, predicted: 0
iter: 12, sample_no: 1663, actual label: 0, predicted: 0
iter: 13, sample_no: 3225, actual label: 0, predicted: 0
iter: 14, sample_no: 1657, actual label: 0, predicted: 0
iter: 15, sample_no: 1345, actual label: 0, predicted: 0
iter: 16, sample_no: 2404, actual label: 0, predicted: 0
iter: 17, sample_no: 821, actual label: 1, predicted: 1
iter: 18, sample_no: 2510, actual label: 0, predicted: 0
iter: 19, sample_no: 477, actual label: 0, predicted: 0
iter: 20, sample_no: 2021, actual label: 0, predicted: 0
iter: 21, sample_no: 1543, actual label: 0, predicted: 0
iter: 22, sample_no: 203, actual label: 1, predicted: 1
iter: 23, sample_no: 500, actual label: 0, predicted: 0
iter: 24, sample_no: 1811, actual label: 0, predicted: 0
number of samples: 3425
AUC 0.9718383749795158
pos_get 1168
total recall stop_at 1.0
@@@ C - Repeat number: 6
@@@ D - common_header:  {'F3-int', 'F15-public', 'F77', 'F3-char[]', 'F120', 'F3-FileInputStream', 'F3-ValueSource', 'F71-ryan@apache.org', 'F71-shalin@apache.org', 'F71-sarowe@apache.org', 'F3-Class', 'F71-hossman@apache.org', 'F3-CharStream', 'F22', 'F117', 'F3-int[]', 'F71-rjernst@apache.org', 'F71-noble@apache.org', 'F3-CharSequence', 'F3-Among[]', 'F101', 'F123', 'F25', 'F3-boolean', 'F116', 'F3-String', 'F105', 'F71-markrmiller@apache.org', 'F3-Path', 'F15-private', 'F41', 'F71-chrism@apache.org', 'F104', 'F68', 'F71-yonik@apache.org', 'F71-anshum@apache.org', 'F71-shaie@apache.org', 'F71-erick@apache.org', 'F115', 'category', 'F3-NA', 'F15-protected', 'F15-NA', 'F71-romseygeek@apache.org', 'F72', 'F65', 'F3-char', 'F110', 'F3-long', 'F71-rmuir@apache.org', 'F71-jpountz@apache.org', 'F71-mikemccand@apache.org', 'F71-uschindler@apache.org', 'F71-simonw@apache.org', 'F3-long[]', 'F126'}
     F72   F25  ... F71-erick@apache.org F71-uschindler@apache.org
1   4679    97  ...                    0                         1
2   4679    97  ...                    0                         1
3  19865  2075  ...                    0                         1

[3 rows x 55 columns]
;.;
        F72       F25  ...  F71-erick@apache.org  F71-uschindler@apache.org
0  0.035424  0.023909  ...                   0.0                        1.0
1  0.035424  0.023909  ...                   0.0                        1.0
2  0.747947  0.511462  ...                   0.0                        1.0

[3 rows x 55 columns]
training_x: (3259, 55)
training_y: 3259
testset_x: (3425, 55)
testset_y: 3425
              precision    recall  f1-score   support

           0       0.93      0.93      0.93      2257
           1       0.86      0.87      0.87      1168

    accuracy                           0.91      3425
   macro avg       0.90      0.90      0.90      3425
weighted avg       0.91      0.91      0.91      3425

accuracy: 0.9071532846715329
0.865025466893039
@@@ tn: 2088, fp: 169, fn: 149, tp: 1019
@@@ LIME - Creating explainer
@@@ LIME - Random Sampling of Instances
iter: 0, sample_no: 2611, actual label: 0, predicted: 0
iter: 1, sample_no: 392, actual label: 1, predicted: 1
iter: 2, sample_no: 1214, actual label: 0, predicted: 0
iter: 3, sample_no: 2836, actual label: 0, predicted: 0
iter: 4, sample_no: 789, actual label: 1, predicted: 1
iter: 5, sample_no: 1448, actual label: 0, predicted: 0
iter: 6, sample_no: 940, actual label: 0, predicted: 0
iter: 7, sample_no: 1971, actual label: 1, predicted: 1
iter: 8, sample_no: 1156, actual label: 0, predicted: 0
iter: 9, sample_no: 2579, actual label: 0, predicted: 0
iter: 10, sample_no: 875, actual label: 0, predicted: 0
iter: 11, sample_no: 2037, actual label: 0, predicted: 0
iter: 12, sample_no: 424, actual label: 1, predicted: 0
iter: 13, sample_no: 700, actual label: 1, predicted: 1
iter: 14, sample_no: 2507, actual label: 0, predicted: 1
iter: 15, sample_no: 1715, actual label: 0, predicted: 0
iter: 16, sample_no: 2083, actual label: 0, predicted: 0
iter: 17, sample_no: 1198, actual label: 0, predicted: 1
iter: 18, sample_no: 1023, actual label: 0, predicted: 0
iter: 19, sample_no: 2139, actual label: 0, predicted: 0
iter: 20, sample_no: 1254, actual label: 1, predicted: 1
iter: 21, sample_no: 573, actual label: 0, predicted: 0
iter: 22, sample_no: 455, actual label: 0, predicted: 0
iter: 23, sample_no: 638, actual label: 0, predicted: 0
iter: 24, sample_no: 1414, actual label: 1, predicted: 1
number of samples: 3425
AUC 0.971839702660217
pos_get 1168
total recall stop_at 1.0
@@@ C - Repeat number: 7
@@@ D - common_header:  {'F3-int', 'F15-public', 'F77', 'F3-char[]', 'F120', 'F3-FileInputStream', 'F3-ValueSource', 'F71-ryan@apache.org', 'F71-shalin@apache.org', 'F71-sarowe@apache.org', 'F3-Class', 'F71-hossman@apache.org', 'F3-CharStream', 'F22', 'F117', 'F3-int[]', 'F71-rjernst@apache.org', 'F71-noble@apache.org', 'F3-CharSequence', 'F3-Among[]', 'F101', 'F123', 'F25', 'F3-boolean', 'F116', 'F3-String', 'F105', 'F71-markrmiller@apache.org', 'F3-Path', 'F15-private', 'F41', 'F71-chrism@apache.org', 'F104', 'F68', 'F71-yonik@apache.org', 'F71-anshum@apache.org', 'F71-shaie@apache.org', 'F71-erick@apache.org', 'F115', 'category', 'F3-NA', 'F15-protected', 'F15-NA', 'F71-romseygeek@apache.org', 'F72', 'F65', 'F3-char', 'F110', 'F3-long', 'F71-rmuir@apache.org', 'F71-jpountz@apache.org', 'F71-mikemccand@apache.org', 'F71-uschindler@apache.org', 'F71-simonw@apache.org', 'F3-long[]', 'F126'}
     F72   F25  ... F71-erick@apache.org F71-uschindler@apache.org
1   4679    97  ...                    0                         1
2   4679    97  ...                    0                         1
3  19865  2075  ...                    0                         1

[3 rows x 55 columns]
;.;
        F72       F25  ...  F71-erick@apache.org  F71-uschindler@apache.org
0  0.035424  0.023909  ...                   0.0                        1.0
1  0.035424  0.023909  ...                   0.0                        1.0
2  0.747947  0.511462  ...                   0.0                        1.0

[3 rows x 55 columns]
training_x: (3259, 55)
training_y: 3259
testset_x: (3425, 55)
testset_y: 3425
              precision    recall  f1-score   support

           0       0.93      0.93      0.93      2257
           1       0.86      0.87      0.87      1168

    accuracy                           0.91      3425
   macro avg       0.90      0.90      0.90      3425
weighted avg       0.91      0.91      0.91      3425

accuracy: 0.9071532846715329
0.865025466893039
@@@ tn: 2088, fp: 169, fn: 149, tp: 1019
@@@ LIME - Creating explainer
@@@ LIME - Random Sampling of Instances
iter: 0, sample_no: 1709, actual label: 0, predicted: 0
iter: 1, sample_no: 362, actual label: 0, predicted: 0
iter: 2, sample_no: 748, actual label: 0, predicted: 0
iter: 3, sample_no: 2419, actual label: 0, predicted: 0
iter: 4, sample_no: 1714, actual label: 0, predicted: 0
iter: 5, sample_no: 2985, actual label: 1, predicted: 1
iter: 6, sample_no: 3154, actual label: 0, predicted: 1
iter: 7, sample_no: 1385, actual label: 0, predicted: 0
iter: 8, sample_no: 2536, actual label: 0, predicted: 0
iter: 9, sample_no: 2180, actual label: 1, predicted: 1
iter: 10, sample_no: 1896, actual label: 0, predicted: 0
iter: 11, sample_no: 3187, actual label: 0, predicted: 0
iter: 12, sample_no: 1858, actual label: 0, predicted: 0
iter: 13, sample_no: 2282, actual label: 0, predicted: 0
iter: 14, sample_no: 2786, actual label: 0, predicted: 0
iter: 15, sample_no: 363, actual label: 0, predicted: 0
iter: 16, sample_no: 24, actual label: 0, predicted: 0
iter: 17, sample_no: 271, actual label: 1, predicted: 1
iter: 18, sample_no: 2230, actual label: 0, predicted: 0
iter: 19, sample_no: 828, actual label: 0, predicted: 0
iter: 20, sample_no: 1137, actual label: 0, predicted: 0
iter: 21, sample_no: 370, actual label: 0, predicted: 0
iter: 22, sample_no: 1425, actual label: 1, predicted: 1
iter: 23, sample_no: 2726, actual label: 0, predicted: 0
iter: 24, sample_no: 433, actual label: 0, predicted: 0
number of samples: 3425
AUC 0.971842927027634
pos_get 1168
total recall stop_at 1.0
@@@ C - Repeat number: 8
@@@ D - common_header:  {'F3-int', 'F15-public', 'F77', 'F3-char[]', 'F120', 'F3-FileInputStream', 'F3-ValueSource', 'F71-ryan@apache.org', 'F71-shalin@apache.org', 'F71-sarowe@apache.org', 'F3-Class', 'F71-hossman@apache.org', 'F3-CharStream', 'F22', 'F117', 'F3-int[]', 'F71-rjernst@apache.org', 'F71-noble@apache.org', 'F3-CharSequence', 'F3-Among[]', 'F101', 'F123', 'F25', 'F3-boolean', 'F116', 'F3-String', 'F105', 'F71-markrmiller@apache.org', 'F3-Path', 'F15-private', 'F41', 'F71-chrism@apache.org', 'F104', 'F68', 'F71-yonik@apache.org', 'F71-anshum@apache.org', 'F71-shaie@apache.org', 'F71-erick@apache.org', 'F115', 'category', 'F3-NA', 'F15-protected', 'F15-NA', 'F71-romseygeek@apache.org', 'F72', 'F65', 'F3-char', 'F110', 'F3-long', 'F71-rmuir@apache.org', 'F71-jpountz@apache.org', 'F71-mikemccand@apache.org', 'F71-uschindler@apache.org', 'F71-simonw@apache.org', 'F3-long[]', 'F126'}
     F72   F25  ... F71-erick@apache.org F71-uschindler@apache.org
1   4679    97  ...                    0                         1
2   4679    97  ...                    0                         1
3  19865  2075  ...                    0                         1

[3 rows x 55 columns]
;.;
        F72       F25  ...  F71-erick@apache.org  F71-uschindler@apache.org
0  0.035424  0.023909  ...                   0.0                        1.0
1  0.035424  0.023909  ...                   0.0                        1.0
2  0.747947  0.511462  ...                   0.0                        1.0

[3 rows x 55 columns]
training_x: (3259, 55)
training_y: 3259
testset_x: (3425, 55)
testset_y: 3425
              precision    recall  f1-score   support

           0       0.93      0.93      0.93      2257
           1       0.86      0.87      0.87      1168

    accuracy                           0.91      3425
   macro avg       0.90      0.90      0.90      3425
weighted avg       0.91      0.91      0.91      3425

accuracy: 0.9071532846715329
0.865025466893039
@@@ tn: 2088, fp: 169, fn: 149, tp: 1019
@@@ LIME - Creating explainer
@@@ LIME - Random Sampling of Instances
iter: 0, sample_no: 1504, actual label: 0, predicted: 0
iter: 1, sample_no: 204, actual label: 1, predicted: 1
iter: 2, sample_no: 1406, actual label: 1, predicted: 1
iter: 3, sample_no: 457, actual label: 1, predicted: 0
iter: 4, sample_no: 2560, actual label: 0, predicted: 0
iter: 5, sample_no: 2330, actual label: 0, predicted: 1
iter: 6, sample_no: 2359, actual label: 0, predicted: 1
iter: 7, sample_no: 2165, actual label: 0, predicted: 0
iter: 8, sample_no: 3389, actual label: 1, predicted: 1
iter: 9, sample_no: 3199, actual label: 0, predicted: 0
iter: 10, sample_no: 1992, actual label: 1, predicted: 1
iter: 11, sample_no: 1217, actual label: 0, predicted: 0
iter: 12, sample_no: 1314, actual label: 0, predicted: 0
iter: 13, sample_no: 1899, actual label: 0, predicted: 0
iter: 14, sample_no: 2001, actual label: 1, predicted: 1
iter: 15, sample_no: 1679, actual label: 0, predicted: 0
iter: 16, sample_no: 648, actual label: 0, predicted: 0
iter: 17, sample_no: 3195, actual label: 1, predicted: 1
iter: 18, sample_no: 2833, actual label: 0, predicted: 0
iter: 19, sample_no: 3, actual label: 1, predicted: 1
iter: 20, sample_no: 1715, actual label: 0, predicted: 0
iter: 21, sample_no: 1738, actual label: 0, predicted: 0
iter: 22, sample_no: 220, actual label: 1, predicted: 1
iter: 23, sample_no: 1751, actual label: 0, predicted: 0
iter: 24, sample_no: 1326, actual label: 1, predicted: 1
number of samples: 3425
AUC 0.9718425476902908
pos_get 1168
total recall stop_at 1.0
@@@ C - Repeat number: 9
@@@ D - common_header:  {'F3-int', 'F15-public', 'F77', 'F3-char[]', 'F120', 'F3-FileInputStream', 'F3-ValueSource', 'F71-ryan@apache.org', 'F71-shalin@apache.org', 'F71-sarowe@apache.org', 'F3-Class', 'F71-hossman@apache.org', 'F3-CharStream', 'F22', 'F117', 'F3-int[]', 'F71-rjernst@apache.org', 'F71-noble@apache.org', 'F3-CharSequence', 'F3-Among[]', 'F101', 'F123', 'F25', 'F3-boolean', 'F116', 'F3-String', 'F105', 'F71-markrmiller@apache.org', 'F3-Path', 'F15-private', 'F41', 'F71-chrism@apache.org', 'F104', 'F68', 'F71-yonik@apache.org', 'F71-anshum@apache.org', 'F71-shaie@apache.org', 'F71-erick@apache.org', 'F115', 'category', 'F3-NA', 'F15-protected', 'F15-NA', 'F71-romseygeek@apache.org', 'F72', 'F65', 'F3-char', 'F110', 'F3-long', 'F71-rmuir@apache.org', 'F71-jpountz@apache.org', 'F71-mikemccand@apache.org', 'F71-uschindler@apache.org', 'F71-simonw@apache.org', 'F3-long[]', 'F126'}
     F72   F25  ... F71-erick@apache.org F71-uschindler@apache.org
1   4679    97  ...                    0                         1
2   4679    97  ...                    0                         1
3  19865  2075  ...                    0                         1

[3 rows x 55 columns]
;.;
        F72       F25  ...  F71-erick@apache.org  F71-uschindler@apache.org
0  0.035424  0.023909  ...                   0.0                        1.0
1  0.035424  0.023909  ...                   0.0                        1.0
2  0.747947  0.511462  ...                   0.0                        1.0

[3 rows x 55 columns]
training_x: (3259, 55)
training_y: 3259
testset_x: (3425, 55)
testset_y: 3425
              precision    recall  f1-score   support

           0       0.93      0.93      0.93      2257
           1       0.86      0.87      0.87      1168

    accuracy                           0.91      3425
   macro avg       0.90      0.90      0.90      3425
weighted avg       0.91      0.91      0.91      3425

accuracy: 0.9071532846715329
0.865025466893039
@@@ tn: 2088, fp: 169, fn: 149, tp: 1019
@@@ LIME - Creating explainer
@@@ LIME - Random Sampling of Instances
iter: 0, sample_no: 2105, actual label: 0, predicted: 0
iter: 1, sample_no: 3339, actual label: 1, predicted: 1
iter: 2, sample_no: 1199, actual label: 0, predicted: 0
iter: 3, sample_no: 3192, actual label: 0, predicted: 0
iter: 4, sample_no: 2281, actual label: 0, predicted: 0
iter: 5, sample_no: 2285, actual label: 1, predicted: 1
iter: 6, sample_no: 2918, actual label: 0, predicted: 0
iter: 7, sample_no: 2487, actual label: 0, predicted: 0
iter: 8, sample_no: 173, actual label: 0, predicted: 0
iter: 9, sample_no: 1845, actual label: 0, predicted: 0
iter: 10, sample_no: 2170, actual label: 1, predicted: 1
iter: 11, sample_no: 2220, actual label: 0, predicted: 0
iter: 12, sample_no: 2375, actual label: 1, predicted: 1
iter: 13, sample_no: 1873, actual label: 0, predicted: 0
iter: 14, sample_no: 191, actual label: 1, predicted: 1
iter: 15, sample_no: 2180, actual label: 1, predicted: 1
iter: 16, sample_no: 3008, actual label: 1, predicted: 1
iter: 17, sample_no: 1709, actual label: 0, predicted: 0
iter: 18, sample_no: 1441, actual label: 0, predicted: 0
iter: 19, sample_no: 1584, actual label: 0, predicted: 0
iter: 20, sample_no: 1513, actual label: 1, predicted: 1
iter: 21, sample_no: 505, actual label: 1, predicted: 0
iter: 22, sample_no: 2373, actual label: 0, predicted: 1
iter: 23, sample_no: 581, actual label: 1, predicted: 1
iter: 24, sample_no: 171, actual label: 0, predicted: 0
number of samples: 3425
AUC 0.9718425476902908
pos_get 1168
total recall stop_at 1.0
@@@ C - Repeat number: 10
@@@ D - common_header:  {'F3-int', 'F15-public', 'F77', 'F3-char[]', 'F120', 'F3-FileInputStream', 'F3-ValueSource', 'F71-ryan@apache.org', 'F71-shalin@apache.org', 'F71-sarowe@apache.org', 'F3-Class', 'F71-hossman@apache.org', 'F3-CharStream', 'F22', 'F117', 'F3-int[]', 'F71-rjernst@apache.org', 'F71-noble@apache.org', 'F3-CharSequence', 'F3-Among[]', 'F101', 'F123', 'F25', 'F3-boolean', 'F116', 'F3-String', 'F105', 'F71-markrmiller@apache.org', 'F3-Path', 'F15-private', 'F41', 'F71-chrism@apache.org', 'F104', 'F68', 'F71-yonik@apache.org', 'F71-anshum@apache.org', 'F71-shaie@apache.org', 'F71-erick@apache.org', 'F115', 'category', 'F3-NA', 'F15-protected', 'F15-NA', 'F71-romseygeek@apache.org', 'F72', 'F65', 'F3-char', 'F110', 'F3-long', 'F71-rmuir@apache.org', 'F71-jpountz@apache.org', 'F71-mikemccand@apache.org', 'F71-uschindler@apache.org', 'F71-simonw@apache.org', 'F3-long[]', 'F126'}
     F72   F25  ... F71-erick@apache.org F71-uschindler@apache.org
1   4679    97  ...                    0                         1
2   4679    97  ...                    0                         1
3  19865  2075  ...                    0                         1

[3 rows x 55 columns]
;.;
        F72       F25  ...  F71-erick@apache.org  F71-uschindler@apache.org
0  0.035424  0.023909  ...                   0.0                        1.0
1  0.035424  0.023909  ...                   0.0                        1.0
2  0.747947  0.511462  ...                   0.0                        1.0

[3 rows x 55 columns]
training_x: (3259, 55)
training_y: 3259
testset_x: (3425, 55)
testset_y: 3425
              precision    recall  f1-score   support

           0       0.93      0.93      0.93      2257
           1       0.86      0.87      0.87      1168

    accuracy                           0.91      3425
   macro avg       0.90      0.90      0.90      3425
weighted avg       0.91      0.91      0.91      3425

accuracy: 0.9071532846715329
0.865025466893039
@@@ tn: 2088, fp: 169, fn: 149, tp: 1019
@@@ LIME - Creating explainer
@@@ LIME - Random Sampling of Instances
iter: 0, sample_no: 1692, actual label: 0, predicted: 0
iter: 1, sample_no: 2269, actual label: 0, predicted: 0
iter: 2, sample_no: 2003, actual label: 1, predicted: 1
iter: 3, sample_no: 1255, actual label: 0, predicted: 0
iter: 4, sample_no: 928, actual label: 0, predicted: 0
iter: 5, sample_no: 37, actual label: 1, predicted: 0
iter: 6, sample_no: 949, actual label: 0, predicted: 0
iter: 7, sample_no: 2269, actual label: 0, predicted: 0
iter: 8, sample_no: 3250, actual label: 1, predicted: 1
iter: 9, sample_no: 2890, actual label: 0, predicted: 0
iter: 10, sample_no: 2163, actual label: 0, predicted: 0
iter: 11, sample_no: 446, actual label: 0, predicted: 0
iter: 12, sample_no: 2191, actual label: 0, predicted: 0
iter: 13, sample_no: 2628, actual label: 0, predicted: 0
iter: 14, sample_no: 3078, actual label: 0, predicted: 1
iter: 15, sample_no: 2679, actual label: 1, predicted: 1
iter: 16, sample_no: 1477, actual label: 1, predicted: 1
iter: 17, sample_no: 650, actual label: 0, predicted: 0
iter: 18, sample_no: 1171, actual label: 0, predicted: 0
iter: 19, sample_no: 429, actual label: 1, predicted: 0
iter: 20, sample_no: 1314, actual label: 0, predicted: 0
iter: 21, sample_no: 2262, actual label: 0, predicted: 0
iter: 22, sample_no: 1259, actual label: 0, predicted: 0
iter: 23, sample_no: 508, actual label: 1, predicted: 0
iter: 24, sample_no: 1993, actual label: 0, predicted: 0
number of samples: 3425
AUC 0.9718425476902908
pos_get 1168
total recall stop_at 1.0
----------threshold stop at----------: 1
AUC [0.9718440650396637, 0.9718425476902908, 0.9718414096782613, 0.9718433063649772, 0.9718383749795158, 0.971839702660217, 0.971842927027634, 0.9718425476902908, 0.9718425476902908, 0.9718425476902908]
AUC_median 0.9718425476902908
AUC_iqr 1.1380120295001461e-06
cost [0.5959124087591241, 0.5959124087591241, 0.5959124087591241, 0.5959124087591241, 0.5959124087591241, 0.5959124087591241, 0.5959124087591241, 0.5959124087591241, 0.5959124087591241, 0.5959124087591241]
COST_med 0.5959124087591241
COST_iqr 0.0
f1_pos_list [np.float64(0.865025466893039), np.float64(0.865025466893039), np.float64(0.865025466893039), np.float64(0.865025466893039), np.float64(0.865025466893039), np.float64(0.865025466893039), np.float64(0.865025466893039), np.float64(0.865025466893039), np.float64(0.865025466893039), np.float64(0.865025466893039)]
f1_pos_med 0.865025466893039
total_tn 20880
total_fp 1690
total_fn 1490
total_tp 10190
p= 0.8577441077441077
r= 0.872431506849315
f= 0.8650254668930389
