@@@ A - classifier: SVC(class_weight='balanced', kernel='linear', probability=True)
@@@ B - threshold stop at: 1
@@@ C - Repeat number: 1
@@@ D - common_header:  {'F71-djd@apache.org', 'F15-private', 'F3-Integer', 'F3-boolean', 'F120', 'F3-PrintStream', 'F71-mikem@apache.org', 'F71-bpendleton@apache.org', 'F71-bernt@apache.org', 'F101', 'F71-lilywei@apache.org', 'F3-InputStream', 'F41', 'F68', 'F71-oysteing@apache.org', 'F65', 'F126', 'F105', 'F71-dyre@apache.org', 'F3-String', 'F3-char', 'F3-NA', 'F3-ResultSet', 'category', 'F3-Long', 'F110', 'F3-PrintWriter', 'F71-myrnavl@apache.org', 'F15-protected', 'F71-bakksjo@apache.org', 'F71-dag@apache.org', 'F71-mamta@apache.org', 'F71-kahatlen@apache.org', 'F3-byte[]', 'F3-int[]', 'F15-NA', 'F3-SQLException', 'F71-davidvc@apache.org', 'F71-kristwaa@apache.org', 'F71-coar@apache.org', 'F25', 'F71-bandaram@apache.org', 'F3-TransactionController', 'F15-public', 'F71-kmarsden@apache.org', 'F104', 'F71-rhillegas@apache.org', 'F116', 'F72', 'F3-int', 'F115', 'F71-suresht@apache.org', 'F71-fuzzylogic@apache.org', 'F3-Connection', 'F123', 'F3-QualifiedIdentifier', 'F22', 'F117', 'F3-null', 'F77', 'F3-long'}
    F72   F25  ... F71-bpendleton@apache.org F71-coar@apache.org
1  3644  2104  ...                         0                   0
2  3346  1938  ...                         0                   0
3  3346  1938  ...                         0                   0

[3 rows x 60 columns]
;.;
        F72       F25  ...  F71-bpendleton@apache.org  F71-coar@apache.org
0  0.416807  0.597897  ...                        0.0                  0.0
1  0.378101  0.550725  ...                        0.0                  0.0
2  0.378101  0.550725  ...                        0.0                  0.0

[3 rows x 60 columns]
training_x: (2479, 60)
training_y: 2479
testset_x: (2507, 60)
testset_y: 2507
              precision    recall  f1-score   support

           0       1.00      1.00      1.00      2386
           1       0.92      0.98      0.95       121

    accuracy                           0.99      2507
   macro avg       0.96      0.99      0.97      2507
weighted avg       1.00      0.99      0.99      2507

accuracy: 0.9948145193458316
0.9482071713147411
@@@ tn: 2375, fp: 11, fn: 2, tp: 119
@@@ LIME - Creating explainer
@@@ LIME - Random Sampling of Instances
iter: 0, sample_no: 2303, actual label: 0, predicted: 0
iter: 1, sample_no: 1529, actual label: 0, predicted: 1
iter: 2, sample_no: 1356, actual label: 0, predicted: 0
iter: 3, sample_no: 1520, actual label: 0, predicted: 0
iter: 4, sample_no: 1023, actual label: 0, predicted: 0
iter: 5, sample_no: 1745, actual label: 0, predicted: 0
iter: 6, sample_no: 755, actual label: 0, predicted: 0
iter: 7, sample_no: 483, actual label: 0, predicted: 0
iter: 8, sample_no: 1976, actual label: 0, predicted: 0
iter: 9, sample_no: 1967, actual label: 0, predicted: 0
iter: 10, sample_no: 756, actual label: 1, predicted: 1
iter: 11, sample_no: 2192, actual label: 0, predicted: 0
iter: 12, sample_no: 214, actual label: 0, predicted: 0
iter: 13, sample_no: 1393, actual label: 0, predicted: 0
iter: 14, sample_no: 2361, actual label: 0, predicted: 0
iter: 15, sample_no: 919, actual label: 1, predicted: 1
iter: 16, sample_no: 147, actual label: 0, predicted: 0
iter: 17, sample_no: 1534, actual label: 0, predicted: 0
iter: 18, sample_no: 407, actual label: 0, predicted: 0
iter: 19, sample_no: 472, actual label: 0, predicted: 0
iter: 20, sample_no: 2296, actual label: 0, predicted: 0
iter: 21, sample_no: 2248, actual label: 0, predicted: 0
iter: 22, sample_no: 555, actual label: 0, predicted: 0
iter: 23, sample_no: 215, actual label: 0, predicted: 0
iter: 24, sample_no: 1502, actual label: 0, predicted: 0
number of samples: 2507
AUC 0.9976100254237875
pos_get 121
total recall stop_at 1.0
@@@ C - Repeat number: 2
@@@ D - common_header:  {'F71-djd@apache.org', 'F15-private', 'F3-Integer', 'F3-boolean', 'F120', 'F3-PrintStream', 'F71-mikem@apache.org', 'F71-bpendleton@apache.org', 'F71-bernt@apache.org', 'F101', 'F71-lilywei@apache.org', 'F3-InputStream', 'F41', 'F68', 'F71-oysteing@apache.org', 'F65', 'F126', 'F105', 'F71-dyre@apache.org', 'F3-String', 'F3-char', 'F3-NA', 'F3-ResultSet', 'category', 'F3-Long', 'F110', 'F3-PrintWriter', 'F71-myrnavl@apache.org', 'F15-protected', 'F71-bakksjo@apache.org', 'F71-dag@apache.org', 'F71-mamta@apache.org', 'F71-kahatlen@apache.org', 'F3-byte[]', 'F3-int[]', 'F15-NA', 'F3-SQLException', 'F71-davidvc@apache.org', 'F71-kristwaa@apache.org', 'F71-coar@apache.org', 'F25', 'F71-bandaram@apache.org', 'F3-TransactionController', 'F15-public', 'F71-kmarsden@apache.org', 'F104', 'F71-rhillegas@apache.org', 'F116', 'F72', 'F3-int', 'F115', 'F71-suresht@apache.org', 'F71-fuzzylogic@apache.org', 'F3-Connection', 'F123', 'F3-QualifiedIdentifier', 'F22', 'F117', 'F3-null', 'F77', 'F3-long'}
    F72   F25  ... F71-bpendleton@apache.org F71-coar@apache.org
1  3644  2104  ...                         0                   0
2  3346  1938  ...                         0                   0
3  3346  1938  ...                         0                   0

[3 rows x 60 columns]
;.;
        F72       F25  ...  F71-bpendleton@apache.org  F71-coar@apache.org
0  0.416807  0.597897  ...                        0.0                  0.0
1  0.378101  0.550725  ...                        0.0                  0.0
2  0.378101  0.550725  ...                        0.0                  0.0

[3 rows x 60 columns]
training_x: (2479, 60)
training_y: 2479
testset_x: (2507, 60)
testset_y: 2507
              precision    recall  f1-score   support

           0       1.00      1.00      1.00      2386
           1       0.92      0.98      0.95       121

    accuracy                           0.99      2507
   macro avg       0.96      0.99      0.97      2507
weighted avg       1.00      0.99      0.99      2507

accuracy: 0.9948145193458316
0.9482071713147411
@@@ tn: 2375, fp: 11, fn: 2, tp: 119
@@@ LIME - Creating explainer
@@@ LIME - Random Sampling of Instances
iter: 0, sample_no: 1197, actual label: 0, predicted: 0
iter: 1, sample_no: 502, actual label: 0, predicted: 0
iter: 2, sample_no: 168, actual label: 0, predicted: 0
iter: 3, sample_no: 1749, actual label: 0, predicted: 0
iter: 4, sample_no: 121, actual label: 0, predicted: 0
iter: 5, sample_no: 2150, actual label: 1, predicted: 1
iter: 6, sample_no: 93, actual label: 0, predicted: 0
iter: 7, sample_no: 667, actual label: 0, predicted: 0
iter: 8, sample_no: 107, actual label: 0, predicted: 0
iter: 9, sample_no: 482, actual label: 0, predicted: 0
iter: 10, sample_no: 1104, actual label: 0, predicted: 0
iter: 11, sample_no: 1322, actual label: 0, predicted: 0
iter: 12, sample_no: 48, actual label: 0, predicted: 0
iter: 13, sample_no: 2009, actual label: 0, predicted: 0
iter: 14, sample_no: 506, actual label: 0, predicted: 0
iter: 15, sample_no: 2003, actual label: 0, predicted: 0
iter: 16, sample_no: 1492, actual label: 0, predicted: 0
iter: 17, sample_no: 2129, actual label: 0, predicted: 0
iter: 18, sample_no: 2141, actual label: 0, predicted: 0
iter: 19, sample_no: 799, actual label: 0, predicted: 0
iter: 20, sample_no: 2122, actual label: 0, predicted: 0
iter: 21, sample_no: 604, actual label: 0, predicted: 0
iter: 22, sample_no: 2017, actual label: 0, predicted: 0
iter: 23, sample_no: 871, actual label: 0, predicted: 0
iter: 24, sample_no: 1324, actual label: 0, predicted: 0
number of samples: 2507
AUC 0.9976100254237875
pos_get 121
total recall stop_at 1.0
@@@ C - Repeat number: 3
@@@ D - common_header:  {'F71-djd@apache.org', 'F15-private', 'F3-Integer', 'F3-boolean', 'F120', 'F3-PrintStream', 'F71-mikem@apache.org', 'F71-bpendleton@apache.org', 'F71-bernt@apache.org', 'F101', 'F71-lilywei@apache.org', 'F3-InputStream', 'F41', 'F68', 'F71-oysteing@apache.org', 'F65', 'F126', 'F105', 'F71-dyre@apache.org', 'F3-String', 'F3-char', 'F3-NA', 'F3-ResultSet', 'category', 'F3-Long', 'F110', 'F3-PrintWriter', 'F71-myrnavl@apache.org', 'F15-protected', 'F71-bakksjo@apache.org', 'F71-dag@apache.org', 'F71-mamta@apache.org', 'F71-kahatlen@apache.org', 'F3-byte[]', 'F3-int[]', 'F15-NA', 'F3-SQLException', 'F71-davidvc@apache.org', 'F71-kristwaa@apache.org', 'F71-coar@apache.org', 'F25', 'F71-bandaram@apache.org', 'F3-TransactionController', 'F15-public', 'F71-kmarsden@apache.org', 'F104', 'F71-rhillegas@apache.org', 'F116', 'F72', 'F3-int', 'F115', 'F71-suresht@apache.org', 'F71-fuzzylogic@apache.org', 'F3-Connection', 'F123', 'F3-QualifiedIdentifier', 'F22', 'F117', 'F3-null', 'F77', 'F3-long'}
    F72   F25  ... F71-bpendleton@apache.org F71-coar@apache.org
1  3644  2104  ...                         0                   0
2  3346  1938  ...                         0                   0
3  3346  1938  ...                         0                   0

[3 rows x 60 columns]
;.;
        F72       F25  ...  F71-bpendleton@apache.org  F71-coar@apache.org
0  0.416807  0.597897  ...                        0.0                  0.0
1  0.378101  0.550725  ...                        0.0                  0.0
2  0.378101  0.550725  ...                        0.0                  0.0

[3 rows x 60 columns]
training_x: (2479, 60)
training_y: 2479
testset_x: (2507, 60)
testset_y: 2507
              precision    recall  f1-score   support

           0       1.00      1.00      1.00      2386
           1       0.92      0.98      0.95       121

    accuracy                           0.99      2507
   macro avg       0.96      0.99      0.97      2507
weighted avg       1.00      0.99      0.99      2507

accuracy: 0.9948145193458316
0.9482071713147411
@@@ tn: 2375, fp: 11, fn: 2, tp: 119
@@@ LIME - Creating explainer
@@@ LIME - Random Sampling of Instances
iter: 0, sample_no: 2462, actual label: 0, predicted: 0
iter: 1, sample_no: 1539, actual label: 0, predicted: 0
iter: 2, sample_no: 1952, actual label: 0, predicted: 0
iter: 3, sample_no: 1018, actual label: 0, predicted: 0
iter: 4, sample_no: 1048, actual label: 0, predicted: 0
iter: 5, sample_no: 592, actual label: 0, predicted: 0
iter: 6, sample_no: 1585, actual label: 0, predicted: 0
iter: 7, sample_no: 474, actual label: 0, predicted: 0
iter: 8, sample_no: 1639, actual label: 0, predicted: 0
iter: 9, sample_no: 901, actual label: 0, predicted: 0
iter: 10, sample_no: 1598, actual label: 1, predicted: 1
iter: 11, sample_no: 507, actual label: 0, predicted: 0
iter: 12, sample_no: 1813, actual label: 0, predicted: 0
iter: 13, sample_no: 1182, actual label: 0, predicted: 0
iter: 14, sample_no: 419, actual label: 0, predicted: 0
iter: 15, sample_no: 2499, actual label: 0, predicted: 0
iter: 16, sample_no: 1075, actual label: 0, predicted: 0
iter: 17, sample_no: 1898, actual label: 0, predicted: 0
iter: 18, sample_no: 210, actual label: 0, predicted: 0
iter: 19, sample_no: 1659, actual label: 0, predicted: 0
iter: 20, sample_no: 2405, actual label: 0, predicted: 0
iter: 21, sample_no: 69, actual label: 0, predicted: 0
iter: 22, sample_no: 414, actual label: 1, predicted: 1
iter: 23, sample_no: 172, actual label: 0, predicted: 0
iter: 24, sample_no: 1143, actual label: 0, predicted: 0
number of samples: 2507
AUC 0.9976100254237875
pos_get 121
total recall stop_at 1.0
@@@ C - Repeat number: 4
@@@ D - common_header:  {'F71-djd@apache.org', 'F15-private', 'F3-Integer', 'F3-boolean', 'F120', 'F3-PrintStream', 'F71-mikem@apache.org', 'F71-bpendleton@apache.org', 'F71-bernt@apache.org', 'F101', 'F71-lilywei@apache.org', 'F3-InputStream', 'F41', 'F68', 'F71-oysteing@apache.org', 'F65', 'F126', 'F105', 'F71-dyre@apache.org', 'F3-String', 'F3-char', 'F3-NA', 'F3-ResultSet', 'category', 'F3-Long', 'F110', 'F3-PrintWriter', 'F71-myrnavl@apache.org', 'F15-protected', 'F71-bakksjo@apache.org', 'F71-dag@apache.org', 'F71-mamta@apache.org', 'F71-kahatlen@apache.org', 'F3-byte[]', 'F3-int[]', 'F15-NA', 'F3-SQLException', 'F71-davidvc@apache.org', 'F71-kristwaa@apache.org', 'F71-coar@apache.org', 'F25', 'F71-bandaram@apache.org', 'F3-TransactionController', 'F15-public', 'F71-kmarsden@apache.org', 'F104', 'F71-rhillegas@apache.org', 'F116', 'F72', 'F3-int', 'F115', 'F71-suresht@apache.org', 'F71-fuzzylogic@apache.org', 'F3-Connection', 'F123', 'F3-QualifiedIdentifier', 'F22', 'F117', 'F3-null', 'F77', 'F3-long'}
    F72   F25  ... F71-bpendleton@apache.org F71-coar@apache.org
1  3644  2104  ...                         0                   0
2  3346  1938  ...                         0                   0
3  3346  1938  ...                         0                   0

[3 rows x 60 columns]
;.;
        F72       F25  ...  F71-bpendleton@apache.org  F71-coar@apache.org
0  0.416807  0.597897  ...                        0.0                  0.0
1  0.378101  0.550725  ...                        0.0                  0.0
2  0.378101  0.550725  ...                        0.0                  0.0

[3 rows x 60 columns]
training_x: (2479, 60)
training_y: 2479
testset_x: (2507, 60)
testset_y: 2507
              precision    recall  f1-score   support

           0       1.00      1.00      1.00      2386
           1       0.92      0.98      0.95       121

    accuracy                           0.99      2507
   macro avg       0.96      0.99      0.97      2507
weighted avg       1.00      0.99      0.99      2507

accuracy: 0.9948145193458316
0.9482071713147411
@@@ tn: 2375, fp: 11, fn: 2, tp: 119
@@@ LIME - Creating explainer
@@@ LIME - Random Sampling of Instances
iter: 0, sample_no: 1576, actual label: 0, predicted: 0
iter: 1, sample_no: 1108, actual label: 0, predicted: 0
iter: 2, sample_no: 1560, actual label: 0, predicted: 0
iter: 3, sample_no: 2476, actual label: 0, predicted: 0
iter: 4, sample_no: 1565, actual label: 0, predicted: 0
iter: 5, sample_no: 1697, actual label: 0, predicted: 0
iter: 6, sample_no: 875, actual label: 0, predicted: 0
iter: 7, sample_no: 551, actual label: 0, predicted: 0
iter: 8, sample_no: 815, actual label: 0, predicted: 0
iter: 9, sample_no: 2400, actual label: 0, predicted: 0
iter: 10, sample_no: 591, actual label: 0, predicted: 0
iter: 11, sample_no: 724, actual label: 0, predicted: 0
iter: 12, sample_no: 2293, actual label: 0, predicted: 0
iter: 13, sample_no: 2156, actual label: 0, predicted: 0
iter: 14, sample_no: 1894, actual label: 0, predicted: 0
iter: 15, sample_no: 1773, actual label: 0, predicted: 0
iter: 16, sample_no: 879, actual label: 0, predicted: 0
iter: 17, sample_no: 1382, actual label: 0, predicted: 0
iter: 18, sample_no: 1262, actual label: 0, predicted: 0
iter: 19, sample_no: 69, actual label: 0, predicted: 0
iter: 20, sample_no: 676, actual label: 0, predicted: 0
iter: 21, sample_no: 1971, actual label: 0, predicted: 0
iter: 22, sample_no: 204, actual label: 0, predicted: 0
iter: 23, sample_no: 263, actual label: 0, predicted: 0
iter: 24, sample_no: 1092, actual label: 0, predicted: 0
number of samples: 2507
AUC 0.9976100254237875
pos_get 121
total recall stop_at 1.0
@@@ C - Repeat number: 5
@@@ D - common_header:  {'F71-djd@apache.org', 'F15-private', 'F3-Integer', 'F3-boolean', 'F120', 'F3-PrintStream', 'F71-mikem@apache.org', 'F71-bpendleton@apache.org', 'F71-bernt@apache.org', 'F101', 'F71-lilywei@apache.org', 'F3-InputStream', 'F41', 'F68', 'F71-oysteing@apache.org', 'F65', 'F126', 'F105', 'F71-dyre@apache.org', 'F3-String', 'F3-char', 'F3-NA', 'F3-ResultSet', 'category', 'F3-Long', 'F110', 'F3-PrintWriter', 'F71-myrnavl@apache.org', 'F15-protected', 'F71-bakksjo@apache.org', 'F71-dag@apache.org', 'F71-mamta@apache.org', 'F71-kahatlen@apache.org', 'F3-byte[]', 'F3-int[]', 'F15-NA', 'F3-SQLException', 'F71-davidvc@apache.org', 'F71-kristwaa@apache.org', 'F71-coar@apache.org', 'F25', 'F71-bandaram@apache.org', 'F3-TransactionController', 'F15-public', 'F71-kmarsden@apache.org', 'F104', 'F71-rhillegas@apache.org', 'F116', 'F72', 'F3-int', 'F115', 'F71-suresht@apache.org', 'F71-fuzzylogic@apache.org', 'F3-Connection', 'F123', 'F3-QualifiedIdentifier', 'F22', 'F117', 'F3-null', 'F77', 'F3-long'}
    F72   F25  ... F71-bpendleton@apache.org F71-coar@apache.org
1  3644  2104  ...                         0                   0
2  3346  1938  ...                         0                   0
3  3346  1938  ...                         0                   0

[3 rows x 60 columns]
;.;
        F72       F25  ...  F71-bpendleton@apache.org  F71-coar@apache.org
0  0.416807  0.597897  ...                        0.0                  0.0
1  0.378101  0.550725  ...                        0.0                  0.0
2  0.378101  0.550725  ...                        0.0                  0.0

[3 rows x 60 columns]
training_x: (2479, 60)
training_y: 2479
testset_x: (2507, 60)
testset_y: 2507
              precision    recall  f1-score   support

           0       1.00      1.00      1.00      2386
           1       0.92      0.98      0.95       121

    accuracy                           0.99      2507
   macro avg       0.96      0.99      0.97      2507
weighted avg       1.00      0.99      0.99      2507

accuracy: 0.9948145193458316
0.9482071713147411
@@@ tn: 2375, fp: 11, fn: 2, tp: 119
@@@ LIME - Creating explainer
@@@ LIME - Random Sampling of Instances
iter: 0, sample_no: 1926, actual label: 0, predicted: 0
iter: 1, sample_no: 1708, actual label: 0, predicted: 0
iter: 2, sample_no: 937, actual label: 0, predicted: 0
iter: 3, sample_no: 849, actual label: 0, predicted: 0
iter: 4, sample_no: 1811, actual label: 0, predicted: 0
iter: 5, sample_no: 474, actual label: 0, predicted: 0
iter: 6, sample_no: 627, actual label: 0, predicted: 0
iter: 7, sample_no: 2234, actual label: 0, predicted: 0
iter: 8, sample_no: 2360, actual label: 0, predicted: 0
iter: 9, sample_no: 62, actual label: 1, predicted: 1
iter: 10, sample_no: 1010, actual label: 0, predicted: 0
iter: 11, sample_no: 493, actual label: 0, predicted: 0
iter: 12, sample_no: 2314, actual label: 0, predicted: 0
iter: 13, sample_no: 1247, actual label: 0, predicted: 0
iter: 14, sample_no: 1444, actual label: 0, predicted: 0
iter: 15, sample_no: 708, actual label: 0, predicted: 0
iter: 16, sample_no: 702, actual label: 0, predicted: 0
iter: 17, sample_no: 2004, actual label: 0, predicted: 0
iter: 18, sample_no: 595, actual label: 0, predicted: 0
iter: 19, sample_no: 1871, actual label: 0, predicted: 0
iter: 20, sample_no: 1211, actual label: 0, predicted: 0
iter: 21, sample_no: 67, actual label: 0, predicted: 0
iter: 22, sample_no: 303, actual label: 0, predicted: 0
iter: 23, sample_no: 555, actual label: 0, predicted: 0
iter: 24, sample_no: 990, actual label: 0, predicted: 0
number of samples: 2507
AUC 0.9976100254237875
pos_get 121
total recall stop_at 1.0
@@@ C - Repeat number: 6
@@@ D - common_header:  {'F71-djd@apache.org', 'F15-private', 'F3-Integer', 'F3-boolean', 'F120', 'F3-PrintStream', 'F71-mikem@apache.org', 'F71-bpendleton@apache.org', 'F71-bernt@apache.org', 'F101', 'F71-lilywei@apache.org', 'F3-InputStream', 'F41', 'F68', 'F71-oysteing@apache.org', 'F65', 'F126', 'F105', 'F71-dyre@apache.org', 'F3-String', 'F3-char', 'F3-NA', 'F3-ResultSet', 'category', 'F3-Long', 'F110', 'F3-PrintWriter', 'F71-myrnavl@apache.org', 'F15-protected', 'F71-bakksjo@apache.org', 'F71-dag@apache.org', 'F71-mamta@apache.org', 'F71-kahatlen@apache.org', 'F3-byte[]', 'F3-int[]', 'F15-NA', 'F3-SQLException', 'F71-davidvc@apache.org', 'F71-kristwaa@apache.org', 'F71-coar@apache.org', 'F25', 'F71-bandaram@apache.org', 'F3-TransactionController', 'F15-public', 'F71-kmarsden@apache.org', 'F104', 'F71-rhillegas@apache.org', 'F116', 'F72', 'F3-int', 'F115', 'F71-suresht@apache.org', 'F71-fuzzylogic@apache.org', 'F3-Connection', 'F123', 'F3-QualifiedIdentifier', 'F22', 'F117', 'F3-null', 'F77', 'F3-long'}
    F72   F25  ... F71-bpendleton@apache.org F71-coar@apache.org
1  3644  2104  ...                         0                   0
2  3346  1938  ...                         0                   0
3  3346  1938  ...                         0                   0

[3 rows x 60 columns]
;.;
        F72       F25  ...  F71-bpendleton@apache.org  F71-coar@apache.org
0  0.416807  0.597897  ...                        0.0                  0.0
1  0.378101  0.550725  ...                        0.0                  0.0
2  0.378101  0.550725  ...                        0.0                  0.0

[3 rows x 60 columns]
training_x: (2479, 60)
training_y: 2479
testset_x: (2507, 60)
testset_y: 2507
              precision    recall  f1-score   support

           0       1.00      1.00      1.00      2386
           1       0.92      0.98      0.95       121

    accuracy                           0.99      2507
   macro avg       0.96      0.99      0.97      2507
weighted avg       1.00      0.99      0.99      2507

accuracy: 0.9948145193458316
0.9482071713147411
@@@ tn: 2375, fp: 11, fn: 2, tp: 119
@@@ LIME - Creating explainer
@@@ LIME - Random Sampling of Instances
iter: 0, sample_no: 1361, actual label: 0, predicted: 0
iter: 1, sample_no: 847, actual label: 0, predicted: 0
iter: 2, sample_no: 679, actual label: 0, predicted: 0
iter: 3, sample_no: 2219, actual label: 0, predicted: 0
iter: 4, sample_no: 67, actual label: 0, predicted: 0
iter: 5, sample_no: 1600, actual label: 0, predicted: 0
iter: 6, sample_no: 1867, actual label: 0, predicted: 0
iter: 7, sample_no: 34, actual label: 0, predicted: 0
iter: 8, sample_no: 2437, actual label: 0, predicted: 0
iter: 9, sample_no: 1551, actual label: 0, predicted: 0
iter: 10, sample_no: 121, actual label: 0, predicted: 0
iter: 11, sample_no: 409, actual label: 0, predicted: 0
iter: 12, sample_no: 770, actual label: 1, predicted: 1
iter: 13, sample_no: 1440, actual label: 0, predicted: 0
iter: 14, sample_no: 766, actual label: 0, predicted: 0
iter: 15, sample_no: 900, actual label: 0, predicted: 0
iter: 16, sample_no: 784, actual label: 0, predicted: 0
iter: 17, sample_no: 996, actual label: 0, predicted: 0
iter: 18, sample_no: 730, actual label: 0, predicted: 0
iter: 19, sample_no: 2061, actual label: 0, predicted: 0
iter: 20, sample_no: 146, actual label: 0, predicted: 0
iter: 21, sample_no: 524, actual label: 0, predicted: 0
iter: 22, sample_no: 1063, actual label: 0, predicted: 0
iter: 23, sample_no: 1351, actual label: 0, predicted: 0
iter: 24, sample_no: 2011, actual label: 0, predicted: 0
number of samples: 2507
AUC 0.9976100254237875
pos_get 121
total recall stop_at 1.0
@@@ C - Repeat number: 7
@@@ D - common_header:  {'F71-djd@apache.org', 'F15-private', 'F3-Integer', 'F3-boolean', 'F120', 'F3-PrintStream', 'F71-mikem@apache.org', 'F71-bpendleton@apache.org', 'F71-bernt@apache.org', 'F101', 'F71-lilywei@apache.org', 'F3-InputStream', 'F41', 'F68', 'F71-oysteing@apache.org', 'F65', 'F126', 'F105', 'F71-dyre@apache.org', 'F3-String', 'F3-char', 'F3-NA', 'F3-ResultSet', 'category', 'F3-Long', 'F110', 'F3-PrintWriter', 'F71-myrnavl@apache.org', 'F15-protected', 'F71-bakksjo@apache.org', 'F71-dag@apache.org', 'F71-mamta@apache.org', 'F71-kahatlen@apache.org', 'F3-byte[]', 'F3-int[]', 'F15-NA', 'F3-SQLException', 'F71-davidvc@apache.org', 'F71-kristwaa@apache.org', 'F71-coar@apache.org', 'F25', 'F71-bandaram@apache.org', 'F3-TransactionController', 'F15-public', 'F71-kmarsden@apache.org', 'F104', 'F71-rhillegas@apache.org', 'F116', 'F72', 'F3-int', 'F115', 'F71-suresht@apache.org', 'F71-fuzzylogic@apache.org', 'F3-Connection', 'F123', 'F3-QualifiedIdentifier', 'F22', 'F117', 'F3-null', 'F77', 'F3-long'}
    F72   F25  ... F71-bpendleton@apache.org F71-coar@apache.org
1  3644  2104  ...                         0                   0
2  3346  1938  ...                         0                   0
3  3346  1938  ...                         0                   0

[3 rows x 60 columns]
;.;
        F72       F25  ...  F71-bpendleton@apache.org  F71-coar@apache.org
0  0.416807  0.597897  ...                        0.0                  0.0
1  0.378101  0.550725  ...                        0.0                  0.0
2  0.378101  0.550725  ...                        0.0                  0.0

[3 rows x 60 columns]
training_x: (2479, 60)
training_y: 2479
testset_x: (2507, 60)
testset_y: 2507
              precision    recall  f1-score   support

           0       1.00      1.00      1.00      2386
           1       0.92      0.98      0.95       121

    accuracy                           0.99      2507
   macro avg       0.96      0.99      0.97      2507
weighted avg       1.00      0.99      0.99      2507

accuracy: 0.9948145193458316
0.9482071713147411
@@@ tn: 2375, fp: 11, fn: 2, tp: 119
@@@ LIME - Creating explainer
@@@ LIME - Random Sampling of Instances
iter: 0, sample_no: 1709, actual label: 0, predicted: 0
iter: 1, sample_no: 1896, actual label: 0, predicted: 0
iter: 2, sample_no: 331, actual label: 0, predicted: 0
iter: 3, sample_no: 1085, actual label: 0, predicted: 0
iter: 4, sample_no: 1609, actual label: 0, predicted: 0
iter: 5, sample_no: 393, actual label: 0, predicted: 0
iter: 6, sample_no: 1138, actual label: 0, predicted: 0
iter: 7, sample_no: 1032, actual label: 0, predicted: 0
iter: 8, sample_no: 854, actual label: 0, predicted: 0
iter: 9, sample_no: 1715, actual label: 0, predicted: 0
iter: 10, sample_no: 2311, actual label: 0, predicted: 0
iter: 11, sample_no: 1553, actual label: 0, predicted: 0
iter: 12, sample_no: 1394, actual label: 0, predicted: 0
iter: 13, sample_no: 938, actual label: 0, predicted: 0
iter: 14, sample_no: 2013, actual label: 0, predicted: 0
iter: 15, sample_no: 1918, actual label: 0, predicted: 0
iter: 16, sample_no: 1863, actual label: 0, predicted: 0
iter: 17, sample_no: 1078, actual label: 0, predicted: 0
iter: 18, sample_no: 1890, actual label: 0, predicted: 0
iter: 19, sample_no: 679, actual label: 0, predicted: 0
iter: 20, sample_no: 1524, actual label: 0, predicted: 0
iter: 21, sample_no: 2460, actual label: 0, predicted: 0
iter: 22, sample_no: 2313, actual label: 0, predicted: 0
iter: 23, sample_no: 1527, actual label: 0, predicted: 0
iter: 24, sample_no: 2303, actual label: 0, predicted: 0
number of samples: 2507
AUC 0.9976100254237875
pos_get 121
total recall stop_at 1.0
@@@ C - Repeat number: 8
@@@ D - common_header:  {'F71-djd@apache.org', 'F15-private', 'F3-Integer', 'F3-boolean', 'F120', 'F3-PrintStream', 'F71-mikem@apache.org', 'F71-bpendleton@apache.org', 'F71-bernt@apache.org', 'F101', 'F71-lilywei@apache.org', 'F3-InputStream', 'F41', 'F68', 'F71-oysteing@apache.org', 'F65', 'F126', 'F105', 'F71-dyre@apache.org', 'F3-String', 'F3-char', 'F3-NA', 'F3-ResultSet', 'category', 'F3-Long', 'F110', 'F3-PrintWriter', 'F71-myrnavl@apache.org', 'F15-protected', 'F71-bakksjo@apache.org', 'F71-dag@apache.org', 'F71-mamta@apache.org', 'F71-kahatlen@apache.org', 'F3-byte[]', 'F3-int[]', 'F15-NA', 'F3-SQLException', 'F71-davidvc@apache.org', 'F71-kristwaa@apache.org', 'F71-coar@apache.org', 'F25', 'F71-bandaram@apache.org', 'F3-TransactionController', 'F15-public', 'F71-kmarsden@apache.org', 'F104', 'F71-rhillegas@apache.org', 'F116', 'F72', 'F3-int', 'F115', 'F71-suresht@apache.org', 'F71-fuzzylogic@apache.org', 'F3-Connection', 'F123', 'F3-QualifiedIdentifier', 'F22', 'F117', 'F3-null', 'F77', 'F3-long'}
    F72   F25  ... F71-bpendleton@apache.org F71-coar@apache.org
1  3644  2104  ...                         0                   0
2  3346  1938  ...                         0                   0
3  3346  1938  ...                         0                   0

[3 rows x 60 columns]
;.;
        F72       F25  ...  F71-bpendleton@apache.org  F71-coar@apache.org
0  0.416807  0.597897  ...                        0.0                  0.0
1  0.378101  0.550725  ...                        0.0                  0.0
2  0.378101  0.550725  ...                        0.0                  0.0

[3 rows x 60 columns]
training_x: (2479, 60)
training_y: 2479
testset_x: (2507, 60)
testset_y: 2507
              precision    recall  f1-score   support

           0       1.00      1.00      1.00      2386
           1       0.92      0.98      0.95       121

    accuracy                           0.99      2507
   macro avg       0.96      0.99      0.97      2507
weighted avg       1.00      0.99      0.99      2507

accuracy: 0.9948145193458316
0.9482071713147411
@@@ tn: 2375, fp: 11, fn: 2, tp: 119
@@@ LIME - Creating explainer
@@@ LIME - Random Sampling of Instances
iter: 0, sample_no: 1504, actual label: 0, predicted: 0
iter: 1, sample_no: 2464, actual label: 0, predicted: 0
iter: 2, sample_no: 1304, actual label: 0, predicted: 0
iter: 3, sample_no: 2473, actual label: 0, predicted: 0
iter: 4, sample_no: 184, actual label: 0, predicted: 0
iter: 5, sample_no: 1531, actual label: 0, predicted: 0
iter: 6, sample_no: 1874, actual label: 0, predicted: 0
iter: 7, sample_no: 1101, actual label: 0, predicted: 0
iter: 8, sample_no: 2072, actual label: 0, predicted: 0
iter: 9, sample_no: 211, actual label: 0, predicted: 0
iter: 10, sample_no: 1068, actual label: 0, predicted: 0
iter: 11, sample_no: 1561, actual label: 0, predicted: 0
iter: 12, sample_no: 794, actual label: 0, predicted: 0
iter: 13, sample_no: 1454, actual label: 0, predicted: 0
iter: 14, sample_no: 510, actual label: 0, predicted: 0
iter: 15, sample_no: 1125, actual label: 0, predicted: 0
iter: 16, sample_no: 2047, actual label: 0, predicted: 0
iter: 17, sample_no: 2085, actual label: 0, predicted: 0
iter: 18, sample_no: 2356, actual label: 0, predicted: 0
iter: 19, sample_no: 2212, actual label: 0, predicted: 0
iter: 20, sample_no: 49, actual label: 0, predicted: 0
iter: 21, sample_no: 230, actual label: 0, predicted: 0
iter: 22, sample_no: 2218, actual label: 0, predicted: 0
iter: 23, sample_no: 1461, actual label: 0, predicted: 0
iter: 24, sample_no: 389, actual label: 0, predicted: 0
number of samples: 2507
AUC 0.9976100254237875
pos_get 121
total recall stop_at 1.0
@@@ C - Repeat number: 9
@@@ D - common_header:  {'F71-djd@apache.org', 'F15-private', 'F3-Integer', 'F3-boolean', 'F120', 'F3-PrintStream', 'F71-mikem@apache.org', 'F71-bpendleton@apache.org', 'F71-bernt@apache.org', 'F101', 'F71-lilywei@apache.org', 'F3-InputStream', 'F41', 'F68', 'F71-oysteing@apache.org', 'F65', 'F126', 'F105', 'F71-dyre@apache.org', 'F3-String', 'F3-char', 'F3-NA', 'F3-ResultSet', 'category', 'F3-Long', 'F110', 'F3-PrintWriter', 'F71-myrnavl@apache.org', 'F15-protected', 'F71-bakksjo@apache.org', 'F71-dag@apache.org', 'F71-mamta@apache.org', 'F71-kahatlen@apache.org', 'F3-byte[]', 'F3-int[]', 'F15-NA', 'F3-SQLException', 'F71-davidvc@apache.org', 'F71-kristwaa@apache.org', 'F71-coar@apache.org', 'F25', 'F71-bandaram@apache.org', 'F3-TransactionController', 'F15-public', 'F71-kmarsden@apache.org', 'F104', 'F71-rhillegas@apache.org', 'F116', 'F72', 'F3-int', 'F115', 'F71-suresht@apache.org', 'F71-fuzzylogic@apache.org', 'F3-Connection', 'F123', 'F3-QualifiedIdentifier', 'F22', 'F117', 'F3-null', 'F77', 'F3-long'}
    F72   F25  ... F71-bpendleton@apache.org F71-coar@apache.org
1  3644  2104  ...                         0                   0
2  3346  1938  ...                         0                   0
3  3346  1938  ...                         0                   0

[3 rows x 60 columns]
;.;
        F72       F25  ...  F71-bpendleton@apache.org  F71-coar@apache.org
0  0.416807  0.597897  ...                        0.0                  0.0
1  0.378101  0.550725  ...                        0.0                  0.0
2  0.378101  0.550725  ...                        0.0                  0.0

[3 rows x 60 columns]
training_x: (2479, 60)
training_y: 2479
testset_x: (2507, 60)
testset_y: 2507
              precision    recall  f1-score   support

           0       1.00      1.00      1.00      2386
           1       0.92      0.98      0.95       121

    accuracy                           0.99      2507
   macro avg       0.96      0.99      0.97      2507
weighted avg       1.00      0.99      0.99      2507

accuracy: 0.9948145193458316
0.9482071713147411
@@@ tn: 2375, fp: 11, fn: 2, tp: 119
@@@ LIME - Creating explainer
@@@ LIME - Random Sampling of Instances
iter: 0, sample_no: 2105, actual label: 0, predicted: 0
iter: 1, sample_no: 1001, actual label: 0, predicted: 0
iter: 2, sample_no: 977, actual label: 0, predicted: 0
iter: 3, sample_no: 1761, actual label: 0, predicted: 0
iter: 4, sample_no: 2277, actual label: 0, predicted: 0
iter: 5, sample_no: 821, actual label: 0, predicted: 0
iter: 6, sample_no: 1626, actual label: 1, predicted: 1
iter: 7, sample_no: 973, actual label: 0, predicted: 0
iter: 8, sample_no: 552, actual label: 0, predicted: 0
iter: 9, sample_no: 1277, actual label: 0, predicted: 0
iter: 10, sample_no: 1098, actual label: 0, predicted: 0
iter: 11, sample_no: 2308, actual label: 0, predicted: 0
iter: 12, sample_no: 2267, actual label: 0, predicted: 0
iter: 13, sample_no: 305, actual label: 0, predicted: 0
iter: 14, sample_no: 2475, actual label: 0, predicted: 0
iter: 15, sample_no: 1883, actual label: 0, predicted: 0
iter: 16, sample_no: 977, actual label: 0, predicted: 0
iter: 17, sample_no: 677, actual label: 0, predicted: 0
iter: 18, sample_no: 2031, actual label: 0, predicted: 0
iter: 19, sample_no: 751, actual label: 0, predicted: 0
iter: 20, sample_no: 80, actual label: 0, predicted: 0
iter: 21, sample_no: 2338, actual label: 0, predicted: 0
iter: 22, sample_no: 818, actual label: 0, predicted: 0
iter: 23, sample_no: 1253, actual label: 0, predicted: 0
iter: 24, sample_no: 297, actual label: 0, predicted: 0
number of samples: 2507
AUC 0.9976100254237875
pos_get 121
total recall stop_at 1.0
@@@ C - Repeat number: 10
@@@ D - common_header:  {'F71-djd@apache.org', 'F15-private', 'F3-Integer', 'F3-boolean', 'F120', 'F3-PrintStream', 'F71-mikem@apache.org', 'F71-bpendleton@apache.org', 'F71-bernt@apache.org', 'F101', 'F71-lilywei@apache.org', 'F3-InputStream', 'F41', 'F68', 'F71-oysteing@apache.org', 'F65', 'F126', 'F105', 'F71-dyre@apache.org', 'F3-String', 'F3-char', 'F3-NA', 'F3-ResultSet', 'category', 'F3-Long', 'F110', 'F3-PrintWriter', 'F71-myrnavl@apache.org', 'F15-protected', 'F71-bakksjo@apache.org', 'F71-dag@apache.org', 'F71-mamta@apache.org', 'F71-kahatlen@apache.org', 'F3-byte[]', 'F3-int[]', 'F15-NA', 'F3-SQLException', 'F71-davidvc@apache.org', 'F71-kristwaa@apache.org', 'F71-coar@apache.org', 'F25', 'F71-bandaram@apache.org', 'F3-TransactionController', 'F15-public', 'F71-kmarsden@apache.org', 'F104', 'F71-rhillegas@apache.org', 'F116', 'F72', 'F3-int', 'F115', 'F71-suresht@apache.org', 'F71-fuzzylogic@apache.org', 'F3-Connection', 'F123', 'F3-QualifiedIdentifier', 'F22', 'F117', 'F3-null', 'F77', 'F3-long'}
    F72   F25  ... F71-bpendleton@apache.org F71-coar@apache.org
1  3644  2104  ...                         0                   0
2  3346  1938  ...                         0                   0
3  3346  1938  ...                         0                   0

[3 rows x 60 columns]
;.;
        F72       F25  ...  F71-bpendleton@apache.org  F71-coar@apache.org
0  0.416807  0.597897  ...                        0.0                  0.0
1  0.378101  0.550725  ...                        0.0                  0.0
2  0.378101  0.550725  ...                        0.0                  0.0

[3 rows x 60 columns]
training_x: (2479, 60)
training_y: 2479
testset_x: (2507, 60)
testset_y: 2507
              precision    recall  f1-score   support

           0       1.00      1.00      1.00      2386
           1       0.92      0.98      0.95       121

    accuracy                           0.99      2507
   macro avg       0.96      0.99      0.97      2507
weighted avg       1.00      0.99      0.99      2507

accuracy: 0.9948145193458316
0.9482071713147411
@@@ tn: 2375, fp: 11, fn: 2, tp: 119
@@@ LIME - Creating explainer
@@@ LIME - Random Sampling of Instances
iter: 0, sample_no: 1692, actual label: 0, predicted: 0
iter: 1, sample_no: 1237, actual label: 0, predicted: 0
iter: 2, sample_no: 452, actual label: 1, predicted: 1
iter: 3, sample_no: 1949, actual label: 0, predicted: 0
iter: 4, sample_no: 1607, actual label: 0, predicted: 0
iter: 5, sample_no: 96, actual label: 0, predicted: 0
iter: 6, sample_no: 158, actual label: 0, predicted: 0
iter: 7, sample_no: 2033, actual label: 0, predicted: 0
iter: 8, sample_no: 1956, actual label: 0, predicted: 0
iter: 9, sample_no: 75, actual label: 0, predicted: 0
iter: 10, sample_no: 756, actual label: 1, predicted: 1
iter: 11, sample_no: 2498, actual label: 0, predicted: 0
iter: 12, sample_no: 152, actual label: 0, predicted: 0
iter: 13, sample_no: 1985, actual label: 0, predicted: 0
iter: 14, sample_no: 1143, actual label: 0, predicted: 0
iter: 15, sample_no: 399, actual label: 0, predicted: 0
iter: 16, sample_no: 645, actual label: 0, predicted: 0
iter: 17, sample_no: 1486, actual label: 0, predicted: 0
iter: 18, sample_no: 1693, actual label: 0, predicted: 0
iter: 19, sample_no: 1678, actual label: 0, predicted: 0
iter: 20, sample_no: 211, actual label: 0, predicted: 0
iter: 21, sample_no: 594, actual label: 0, predicted: 0
iter: 22, sample_no: 2053, actual label: 0, predicted: 0
iter: 23, sample_no: 627, actual label: 0, predicted: 0
iter: 24, sample_no: 248, actual label: 0, predicted: 0
number of samples: 2507
AUC 0.9976100254237875
pos_get 121
total recall stop_at 1.0
----------threshold stop at----------: 1
AUC [0.9976100254237875, 0.9976100254237875, 0.9976100254237875, 0.9976100254237875, 0.9976100254237875, 0.9976100254237875, 0.9976100254237875, 0.9976100254237875, 0.9976100254237875, 0.9976100254237875]
AUC_median 0.9976100254237875
AUC_iqr 0.0
cost [0.2357399282010371, 0.2357399282010371, 0.2357399282010371, 0.2357399282010371, 0.2357399282010371, 0.2357399282010371, 0.2357399282010371, 0.2357399282010371, 0.2357399282010371, 0.2357399282010371]
COST_med 0.2357399282010371
COST_iqr 0.0
f1_pos_list [np.float64(0.9482071713147411), np.float64(0.9482071713147411), np.float64(0.9482071713147411), np.float64(0.9482071713147411), np.float64(0.9482071713147411), np.float64(0.9482071713147411), np.float64(0.9482071713147411), np.float64(0.9482071713147411), np.float64(0.9482071713147411), np.float64(0.9482071713147411)]
f1_pos_med 0.9482071713147411
total_tn 23750
total_fp 110
total_fn 20
total_tp 1190
p= 0.9153846153846154
r= 0.9834710743801653
f= 0.9482071713147411
