@@@ A - classifier: SVC(class_weight='balanced', kernel='linear', probability=True)
@@@ B - threshold stop at: 1
@@@ C - Repeat number: 1
will not use leaked features
@@@ D - common_header:  {'F68', 'F3-input', 'F3-String', 'F3-int', 'F71-yukim@apache.org', 'F71-dbrosius@mebigfatguy.com', 'F123', 'F71-vijay2win@gmail.com', 'F71-tyler@datastax.com', 'F71-jakers@gmail.com', 'F3-long', 'F71-dbrosius@apache.org', 'F105', 'F3-InetAddress', 'F104', 'F15-NA', 'F15-public', 'F3-EncryptionOptions', 'F71-johan@apache.org', 'F71-brandonwilliams@apache.org', 'F25', 'F3-ByteBuffer', 'F3-BitSet', 'F3-byte[]', 'F71-slebresne@apache.org', 'F72', 'F101', 'F15-protected', 'F71-sylvain@datastax.com', 'F71-marcuse@apache.org', 'F71-gdusbabek@apache.org', 'F3-String[]', 'F3-arg0.name().toByteBuffer()', 'F3-char', 'F3-ListenableFutureTask', 'category', 'F3-Thread', 'F3-SSTableReader', 'F71-xedin@apache.org', 'F3-boolean', 'F22', 'F71-aleksey@apache.org', 'F3-PrintStream', 'F71-jbellis@apache.org', 'F126', 'F65', 'F71-jmckenzie@apache.org', 'F3-DecoratedKey', 'F71-eevans@apache.org', 'F3-NA', 'F3-Class', 'F77', 'F71-jake@apache.org', 'F15-private', 'F71-benedict@apache.org', 'F41'}
     F72   F25  ... F71-tyler@datastax.com F71-slebresne@apache.org
1  10814  1620  ...                      1                        0
2  10814  1620  ...                      1                        0
3  10896  1629  ...                      0                        0

[3 rows x 55 columns]
;.;
        F72       F25  ...  F71-tyler@datastax.com  F71-slebresne@apache.org
0  0.743258  0.700389  ...                     1.0                       0.0
1  0.743258  0.700389  ...                     1.0                       0.0
2  0.750369  0.704280  ...                     0.0                       0.0

[3 rows x 55 columns]
training_x: (2584, 55)
training_y: 2584
testset_x: (34, 55)
testset_y: 34
              precision    recall  f1-score   support

           0       0.73      0.64      0.68        25
           1       0.25      0.33      0.29         9

    accuracy                           0.56        34
   macro avg       0.49      0.49      0.48        34
weighted avg       0.60      0.56      0.58        34

accuracy: 0.5588235294117647
0.2857142857142857
@@@ tn: 16, fp: 9, fn: 6, tp: 3
@@@ LIME - Creating explainer
@@@ LIME - Random Sampling of Instances
iter: 0, sample_no: 0, actual label: 0, predicted: 0
iter: 1, sample_no: 30, actual label: 0, predicted: 0
iter: 2, sample_no: 30, actual label: 0, predicted: 0
iter: 3, sample_no: 8, actual label: 0, predicted: 0
iter: 4, sample_no: 9, actual label: 0, predicted: 1
iter: 5, sample_no: 2, actual label: 1, predicted: 0
iter: 6, sample_no: 3, actual label: 1, predicted: 1
iter: 7, sample_no: 11, actual label: 1, predicted: 0
iter: 8, sample_no: 30, actual label: 0, predicted: 0
iter: 9, sample_no: 30, actual label: 0, predicted: 0
iter: 10, sample_no: 15, actual label: 0, predicted: 1
iter: 11, sample_no: 29, actual label: 0, predicted: 0
iter: 12, sample_no: 30, actual label: 0, predicted: 0
iter: 13, sample_no: 4, actual label: 1, predicted: 1
iter: 14, sample_no: 2, actual label: 1, predicted: 0
iter: 15, sample_no: 21, actual label: 0, predicted: 0
iter: 16, sample_no: 12, actual label: 0, predicted: 0
iter: 17, sample_no: 26, actual label: 0, predicted: 1
iter: 18, sample_no: 29, actual label: 0, predicted: 0
iter: 19, sample_no: 0, actual label: 0, predicted: 0
iter: 20, sample_no: 10, actual label: 1, predicted: 0
iter: 21, sample_no: 22, actual label: 0, predicted: 0
iter: 22, sample_no: 10, actual label: 1, predicted: 0
iter: 23, sample_no: 8, actual label: 0, predicted: 0
iter: 24, sample_no: 18, actual label: 1, predicted: 0
number of samples: 34
AUC 0.5377777777777777
pos_get 9
total recall stop_at 1
@@@ C - Repeat number: 2
will not use leaked features
@@@ D - common_header:  {'F68', 'F3-input', 'F3-String', 'F3-int', 'F71-yukim@apache.org', 'F71-dbrosius@mebigfatguy.com', 'F123', 'F71-vijay2win@gmail.com', 'F71-tyler@datastax.com', 'F71-jakers@gmail.com', 'F3-long', 'F71-dbrosius@apache.org', 'F105', 'F3-InetAddress', 'F104', 'F15-NA', 'F15-public', 'F3-EncryptionOptions', 'F71-johan@apache.org', 'F71-brandonwilliams@apache.org', 'F25', 'F3-ByteBuffer', 'F3-BitSet', 'F3-byte[]', 'F71-slebresne@apache.org', 'F72', 'F101', 'F15-protected', 'F71-sylvain@datastax.com', 'F71-marcuse@apache.org', 'F71-gdusbabek@apache.org', 'F3-String[]', 'F3-arg0.name().toByteBuffer()', 'F3-char', 'F3-ListenableFutureTask', 'category', 'F3-Thread', 'F3-SSTableReader', 'F71-xedin@apache.org', 'F3-boolean', 'F22', 'F71-aleksey@apache.org', 'F3-PrintStream', 'F71-jbellis@apache.org', 'F126', 'F65', 'F71-jmckenzie@apache.org', 'F3-DecoratedKey', 'F71-eevans@apache.org', 'F3-NA', 'F3-Class', 'F77', 'F71-jake@apache.org', 'F15-private', 'F71-benedict@apache.org', 'F41'}
     F72   F25  ... F71-tyler@datastax.com F71-slebresne@apache.org
1  10814  1620  ...                      1                        0
2  10814  1620  ...                      1                        0
3  10896  1629  ...                      0                        0

[3 rows x 55 columns]
;.;
        F72       F25  ...  F71-tyler@datastax.com  F71-slebresne@apache.org
0  0.743258  0.700389  ...                     1.0                       0.0
1  0.743258  0.700389  ...                     1.0                       0.0
2  0.750369  0.704280  ...                     0.0                       0.0

[3 rows x 55 columns]
training_x: (2584, 55)
training_y: 2584
testset_x: (34, 55)
testset_y: 34
              precision    recall  f1-score   support

           0       0.73      0.64      0.68        25
           1       0.25      0.33      0.29         9

    accuracy                           0.56        34
   macro avg       0.49      0.49      0.48        34
weighted avg       0.60      0.56      0.58        34

accuracy: 0.5588235294117647
0.2857142857142857
@@@ tn: 16, fp: 9, fn: 6, tp: 3
@@@ LIME - Creating explainer
@@@ LIME - Random Sampling of Instances
iter: 0, sample_no: 3, actual label: 1, predicted: 1
iter: 1, sample_no: 33, actual label: 0, predicted: 0
iter: 2, sample_no: 0, actual label: 0, predicted: 0
iter: 3, sample_no: 0, actual label: 0, predicted: 0
iter: 4, sample_no: 27, actual label: 0, predicted: 0
iter: 5, sample_no: 26, actual label: 0, predicted: 1
iter: 6, sample_no: 9, actual label: 0, predicted: 1
iter: 7, sample_no: 6, actual label: 1, predicted: 0
iter: 8, sample_no: 14, actual label: 0, predicted: 1
iter: 9, sample_no: 25, actual label: 0, predicted: 1
iter: 10, sample_no: 17, actual label: 0, predicted: 1
iter: 11, sample_no: 1, actual label: 0, predicted: 0
iter: 12, sample_no: 10, actual label: 1, predicted: 0
iter: 13, sample_no: 22, actual label: 0, predicted: 0
iter: 14, sample_no: 27, actual label: 0, predicted: 0
iter: 15, sample_no: 28, actual label: 0, predicted: 0
iter: 16, sample_no: 9, actual label: 0, predicted: 1
iter: 17, sample_no: 30, actual label: 0, predicted: 0
iter: 18, sample_no: 14, actual label: 0, predicted: 1
iter: 19, sample_no: 8, actual label: 0, predicted: 0
iter: 20, sample_no: 24, actual label: 0, predicted: 1
iter: 21, sample_no: 25, actual label: 0, predicted: 1
iter: 22, sample_no: 26, actual label: 0, predicted: 1
iter: 23, sample_no: 2, actual label: 1, predicted: 0
iter: 24, sample_no: 11, actual label: 1, predicted: 0
number of samples: 34
AUC 0.5377777777777777
pos_get 9
total recall stop_at 1
@@@ C - Repeat number: 3
will not use leaked features
@@@ D - common_header:  {'F68', 'F3-input', 'F3-String', 'F3-int', 'F71-yukim@apache.org', 'F71-dbrosius@mebigfatguy.com', 'F123', 'F71-vijay2win@gmail.com', 'F71-tyler@datastax.com', 'F71-jakers@gmail.com', 'F3-long', 'F71-dbrosius@apache.org', 'F105', 'F3-InetAddress', 'F104', 'F15-NA', 'F15-public', 'F3-EncryptionOptions', 'F71-johan@apache.org', 'F71-brandonwilliams@apache.org', 'F25', 'F3-ByteBuffer', 'F3-BitSet', 'F3-byte[]', 'F71-slebresne@apache.org', 'F72', 'F101', 'F15-protected', 'F71-sylvain@datastax.com', 'F71-marcuse@apache.org', 'F71-gdusbabek@apache.org', 'F3-String[]', 'F3-arg0.name().toByteBuffer()', 'F3-char', 'F3-ListenableFutureTask', 'category', 'F3-Thread', 'F3-SSTableReader', 'F71-xedin@apache.org', 'F3-boolean', 'F22', 'F71-aleksey@apache.org', 'F3-PrintStream', 'F71-jbellis@apache.org', 'F126', 'F65', 'F71-jmckenzie@apache.org', 'F3-DecoratedKey', 'F71-eevans@apache.org', 'F3-NA', 'F3-Class', 'F77', 'F71-jake@apache.org', 'F15-private', 'F71-benedict@apache.org', 'F41'}
     F72   F25  ... F71-tyler@datastax.com F71-slebresne@apache.org
1  10814  1620  ...                      1                        0
2  10814  1620  ...                      1                        0
3  10896  1629  ...                      0                        0

[3 rows x 55 columns]
;.;
        F72       F25  ...  F71-tyler@datastax.com  F71-slebresne@apache.org
0  0.743258  0.700389  ...                     1.0                       0.0
1  0.743258  0.700389  ...                     1.0                       0.0
2  0.750369  0.704280  ...                     0.0                       0.0

[3 rows x 55 columns]
training_x: (2584, 55)
training_y: 2584
testset_x: (34, 55)
testset_y: 34
              precision    recall  f1-score   support

           0       0.73      0.64      0.68        25
           1       0.25      0.33      0.29         9

    accuracy                           0.56        34
   macro avg       0.49      0.49      0.48        34
weighted avg       0.60      0.56      0.58        34

accuracy: 0.5588235294117647
0.2857142857142857
@@@ tn: 16, fp: 9, fn: 6, tp: 3
@@@ LIME - Creating explainer
@@@ LIME - Random Sampling of Instances
iter: 0, sample_no: 30, actual label: 0, predicted: 0
iter: 1, sample_no: 24, actual label: 0, predicted: 1
iter: 2, sample_no: 23, actual label: 0, predicted: 0
iter: 3, sample_no: 26, actual label: 0, predicted: 1
iter: 4, sample_no: 19, actual label: 0, predicted: 0
iter: 5, sample_no: 27, actual label: 0, predicted: 0
iter: 6, sample_no: 27, actual label: 0, predicted: 0
iter: 7, sample_no: 27, actual label: 0, predicted: 0
iter: 8, sample_no: 28, actual label: 0, predicted: 0
iter: 9, sample_no: 1, actual label: 0, predicted: 0
iter: 10, sample_no: 4, actual label: 1, predicted: 1
iter: 11, sample_no: 31, actual label: 0, predicted: 0
iter: 12, sample_no: 32, actual label: 1, predicted: 0
iter: 13, sample_no: 23, actual label: 0, predicted: 0
iter: 14, sample_no: 24, actual label: 0, predicted: 1
iter: 15, sample_no: 32, actual label: 1, predicted: 0
iter: 16, sample_no: 9, actual label: 0, predicted: 1
iter: 17, sample_no: 19, actual label: 0, predicted: 0
iter: 18, sample_no: 17, actual label: 0, predicted: 1
iter: 19, sample_no: 27, actual label: 0, predicted: 0
iter: 20, sample_no: 12, actual label: 0, predicted: 0
iter: 21, sample_no: 9, actual label: 0, predicted: 1
iter: 22, sample_no: 11, actual label: 1, predicted: 0
iter: 23, sample_no: 25, actual label: 0, predicted: 1
iter: 24, sample_no: 5, actual label: 0, predicted: 0
number of samples: 34
AUC 0.5377777777777777
pos_get 9
total recall stop_at 1
@@@ C - Repeat number: 4
will not use leaked features
@@@ D - common_header:  {'F68', 'F3-input', 'F3-String', 'F3-int', 'F71-yukim@apache.org', 'F71-dbrosius@mebigfatguy.com', 'F123', 'F71-vijay2win@gmail.com', 'F71-tyler@datastax.com', 'F71-jakers@gmail.com', 'F3-long', 'F71-dbrosius@apache.org', 'F105', 'F3-InetAddress', 'F104', 'F15-NA', 'F15-public', 'F3-EncryptionOptions', 'F71-johan@apache.org', 'F71-brandonwilliams@apache.org', 'F25', 'F3-ByteBuffer', 'F3-BitSet', 'F3-byte[]', 'F71-slebresne@apache.org', 'F72', 'F101', 'F15-protected', 'F71-sylvain@datastax.com', 'F71-marcuse@apache.org', 'F71-gdusbabek@apache.org', 'F3-String[]', 'F3-arg0.name().toByteBuffer()', 'F3-char', 'F3-ListenableFutureTask', 'category', 'F3-Thread', 'F3-SSTableReader', 'F71-xedin@apache.org', 'F3-boolean', 'F22', 'F71-aleksey@apache.org', 'F3-PrintStream', 'F71-jbellis@apache.org', 'F126', 'F65', 'F71-jmckenzie@apache.org', 'F3-DecoratedKey', 'F71-eevans@apache.org', 'F3-NA', 'F3-Class', 'F77', 'F71-jake@apache.org', 'F15-private', 'F71-benedict@apache.org', 'F41'}
     F72   F25  ... F71-tyler@datastax.com F71-slebresne@apache.org
1  10814  1620  ...                      1                        0
2  10814  1620  ...                      1                        0
3  10896  1629  ...                      0                        0

[3 rows x 55 columns]
;.;
        F72       F25  ...  F71-tyler@datastax.com  F71-slebresne@apache.org
0  0.743258  0.700389  ...                     1.0                       0.0
1  0.743258  0.700389  ...                     1.0                       0.0
2  0.750369  0.704280  ...                     0.0                       0.0

[3 rows x 55 columns]
training_x: (2584, 55)
training_y: 2584
testset_x: (34, 55)
testset_y: 34
              precision    recall  f1-score   support

           0       0.73      0.64      0.68        25
           1       0.25      0.33      0.29         9

    accuracy                           0.56        34
   macro avg       0.49      0.49      0.48        34
weighted avg       0.60      0.56      0.58        34

accuracy: 0.5588235294117647
0.2857142857142857
@@@ tn: 16, fp: 9, fn: 6, tp: 3
@@@ LIME - Creating explainer
@@@ LIME - Random Sampling of Instances
iter: 0, sample_no: 5, actual label: 0, predicted: 0
iter: 1, sample_no: 2, actual label: 1, predicted: 0
iter: 2, sample_no: 1, actual label: 0, predicted: 0
iter: 3, sample_no: 21, actual label: 0, predicted: 0
iter: 4, sample_no: 31, actual label: 0, predicted: 0
iter: 5, sample_no: 22, actual label: 0, predicted: 0
iter: 6, sample_no: 0, actual label: 0, predicted: 0
iter: 7, sample_no: 23, actual label: 0, predicted: 0
iter: 8, sample_no: 22, actual label: 0, predicted: 0
iter: 9, sample_no: 17, actual label: 0, predicted: 1
iter: 10, sample_no: 7, actual label: 0, predicted: 1
iter: 11, sample_no: 32, actual label: 1, predicted: 0
iter: 12, sample_no: 2, actual label: 1, predicted: 0
iter: 13, sample_no: 0, actual label: 0, predicted: 0
iter: 14, sample_no: 16, actual label: 1, predicted: 1
iter: 15, sample_no: 1, actual label: 0, predicted: 0
iter: 16, sample_no: 0, actual label: 0, predicted: 0
iter: 17, sample_no: 6, actual label: 1, predicted: 0
iter: 18, sample_no: 17, actual label: 0, predicted: 1
iter: 19, sample_no: 12, actual label: 0, predicted: 0
iter: 20, sample_no: 3, actual label: 1, predicted: 1
iter: 21, sample_no: 11, actual label: 1, predicted: 0
iter: 22, sample_no: 8, actual label: 0, predicted: 0
iter: 23, sample_no: 21, actual label: 0, predicted: 0
iter: 24, sample_no: 31, actual label: 0, predicted: 0
number of samples: 34
AUC 0.5377777777777777
pos_get 9
total recall stop_at 1
@@@ C - Repeat number: 5
will not use leaked features
@@@ D - common_header:  {'F68', 'F3-input', 'F3-String', 'F3-int', 'F71-yukim@apache.org', 'F71-dbrosius@mebigfatguy.com', 'F123', 'F71-vijay2win@gmail.com', 'F71-tyler@datastax.com', 'F71-jakers@gmail.com', 'F3-long', 'F71-dbrosius@apache.org', 'F105', 'F3-InetAddress', 'F104', 'F15-NA', 'F15-public', 'F3-EncryptionOptions', 'F71-johan@apache.org', 'F71-brandonwilliams@apache.org', 'F25', 'F3-ByteBuffer', 'F3-BitSet', 'F3-byte[]', 'F71-slebresne@apache.org', 'F72', 'F101', 'F15-protected', 'F71-sylvain@datastax.com', 'F71-marcuse@apache.org', 'F71-gdusbabek@apache.org', 'F3-String[]', 'F3-arg0.name().toByteBuffer()', 'F3-char', 'F3-ListenableFutureTask', 'category', 'F3-Thread', 'F3-SSTableReader', 'F71-xedin@apache.org', 'F3-boolean', 'F22', 'F71-aleksey@apache.org', 'F3-PrintStream', 'F71-jbellis@apache.org', 'F126', 'F65', 'F71-jmckenzie@apache.org', 'F3-DecoratedKey', 'F71-eevans@apache.org', 'F3-NA', 'F3-Class', 'F77', 'F71-jake@apache.org', 'F15-private', 'F71-benedict@apache.org', 'F41'}
     F72   F25  ... F71-tyler@datastax.com F71-slebresne@apache.org
1  10814  1620  ...                      1                        0
2  10814  1620  ...                      1                        0
3  10896  1629  ...                      0                        0

[3 rows x 55 columns]
;.;
        F72       F25  ...  F71-tyler@datastax.com  F71-slebresne@apache.org
0  0.743258  0.700389  ...                     1.0                       0.0
1  0.743258  0.700389  ...                     1.0                       0.0
2  0.750369  0.704280  ...                     0.0                       0.0

[3 rows x 55 columns]
training_x: (2584, 55)
training_y: 2584
testset_x: (34, 55)
testset_y: 34
              precision    recall  f1-score   support

           0       0.73      0.64      0.68        25
           1       0.25      0.33      0.29         9

    accuracy                           0.56        34
   macro avg       0.49      0.49      0.48        34
weighted avg       0.60      0.56      0.58        34

accuracy: 0.5588235294117647
0.2857142857142857
@@@ tn: 16, fp: 9, fn: 6, tp: 3
@@@ LIME - Creating explainer
@@@ LIME - Random Sampling of Instances
iter: 0, sample_no: 6, actual label: 1, predicted: 0
iter: 1, sample_no: 10, actual label: 1, predicted: 0
iter: 2, sample_no: 29, actual label: 0, predicted: 0
iter: 3, sample_no: 16, actual label: 1, predicted: 1
iter: 4, sample_no: 1, actual label: 0, predicted: 0
iter: 5, sample_no: 15, actual label: 0, predicted: 1
iter: 6, sample_no: 8, actual label: 0, predicted: 0
iter: 7, sample_no: 8, actual label: 0, predicted: 0
iter: 8, sample_no: 0, actual label: 0, predicted: 0
iter: 9, sample_no: 0, actual label: 0, predicted: 0
iter: 10, sample_no: 8, actual label: 0, predicted: 0
iter: 11, sample_no: 27, actual label: 0, predicted: 0
iter: 12, sample_no: 10, actual label: 1, predicted: 0
iter: 13, sample_no: 3, actual label: 1, predicted: 1
iter: 14, sample_no: 13, actual label: 0, predicted: 0
iter: 15, sample_no: 14, actual label: 0, predicted: 1
iter: 16, sample_no: 17, actual label: 0, predicted: 1
iter: 17, sample_no: 23, actual label: 0, predicted: 0
iter: 18, sample_no: 7, actual label: 0, predicted: 1
iter: 19, sample_no: 24, actual label: 0, predicted: 1
iter: 20, sample_no: 8, actual label: 0, predicted: 0
iter: 21, sample_no: 4, actual label: 1, predicted: 1
iter: 22, sample_no: 10, actual label: 1, predicted: 0
iter: 23, sample_no: 3, actual label: 1, predicted: 1
iter: 24, sample_no: 13, actual label: 0, predicted: 0
number of samples: 34
AUC 0.5377777777777777
pos_get 9
total recall stop_at 1
@@@ C - Repeat number: 6
will not use leaked features
@@@ D - common_header:  {'F68', 'F3-input', 'F3-String', 'F3-int', 'F71-yukim@apache.org', 'F71-dbrosius@mebigfatguy.com', 'F123', 'F71-vijay2win@gmail.com', 'F71-tyler@datastax.com', 'F71-jakers@gmail.com', 'F3-long', 'F71-dbrosius@apache.org', 'F105', 'F3-InetAddress', 'F104', 'F15-NA', 'F15-public', 'F3-EncryptionOptions', 'F71-johan@apache.org', 'F71-brandonwilliams@apache.org', 'F25', 'F3-ByteBuffer', 'F3-BitSet', 'F3-byte[]', 'F71-slebresne@apache.org', 'F72', 'F101', 'F15-protected', 'F71-sylvain@datastax.com', 'F71-marcuse@apache.org', 'F71-gdusbabek@apache.org', 'F3-String[]', 'F3-arg0.name().toByteBuffer()', 'F3-char', 'F3-ListenableFutureTask', 'category', 'F3-Thread', 'F3-SSTableReader', 'F71-xedin@apache.org', 'F3-boolean', 'F22', 'F71-aleksey@apache.org', 'F3-PrintStream', 'F71-jbellis@apache.org', 'F126', 'F65', 'F71-jmckenzie@apache.org', 'F3-DecoratedKey', 'F71-eevans@apache.org', 'F3-NA', 'F3-Class', 'F77', 'F71-jake@apache.org', 'F15-private', 'F71-benedict@apache.org', 'F41'}
     F72   F25  ... F71-tyler@datastax.com F71-slebresne@apache.org
1  10814  1620  ...                      1                        0
2  10814  1620  ...                      1                        0
3  10896  1629  ...                      0                        0

[3 rows x 55 columns]
;.;
        F72       F25  ...  F71-tyler@datastax.com  F71-slebresne@apache.org
0  0.743258  0.700389  ...                     1.0                       0.0
1  0.743258  0.700389  ...                     1.0                       0.0
2  0.750369  0.704280  ...                     0.0                       0.0

[3 rows x 55 columns]
training_x: (2584, 55)
training_y: 2584
testset_x: (34, 55)
testset_y: 34
              precision    recall  f1-score   support

           0       0.73      0.64      0.68        25
           1       0.25      0.33      0.29         9

    accuracy                           0.56        34
   macro avg       0.49      0.49      0.48        34
weighted avg       0.60      0.56      0.58        34

accuracy: 0.5588235294117647
0.2857142857142857
@@@ tn: 16, fp: 9, fn: 6, tp: 3
@@@ LIME - Creating explainer
@@@ LIME - Random Sampling of Instances
iter: 0, sample_no: 17, actual label: 0, predicted: 1
iter: 1, sample_no: 19, actual label: 0, predicted: 0
iter: 2, sample_no: 14, actual label: 0, predicted: 1
iter: 3, sample_no: 5, actual label: 0, predicted: 0
iter: 4, sample_no: 14, actual label: 0, predicted: 1
iter: 5, sample_no: 6, actual label: 1, predicted: 0
iter: 6, sample_no: 15, actual label: 0, predicted: 1
iter: 7, sample_no: 14, actual label: 0, predicted: 1
iter: 8, sample_no: 27, actual label: 0, predicted: 0
iter: 9, sample_no: 0, actual label: 0, predicted: 0
iter: 10, sample_no: 22, actual label: 0, predicted: 0
iter: 11, sample_no: 4, actual label: 1, predicted: 1
iter: 12, sample_no: 25, actual label: 0, predicted: 1
iter: 13, sample_no: 6, actual label: 1, predicted: 0
iter: 14, sample_no: 1, actual label: 0, predicted: 0
iter: 15, sample_no: 15, actual label: 0, predicted: 1
iter: 16, sample_no: 11, actual label: 1, predicted: 0
iter: 17, sample_no: 8, actual label: 0, predicted: 0
iter: 18, sample_no: 26, actual label: 0, predicted: 1
iter: 19, sample_no: 15, actual label: 0, predicted: 1
iter: 20, sample_no: 22, actual label: 0, predicted: 0
iter: 21, sample_no: 9, actual label: 0, predicted: 1
iter: 22, sample_no: 4, actual label: 1, predicted: 1
iter: 23, sample_no: 12, actual label: 0, predicted: 0
iter: 24, sample_no: 8, actual label: 0, predicted: 0
number of samples: 34
AUC 0.5377777777777777
pos_get 9
total recall stop_at 1
@@@ C - Repeat number: 7
will not use leaked features
@@@ D - common_header:  {'F68', 'F3-input', 'F3-String', 'F3-int', 'F71-yukim@apache.org', 'F71-dbrosius@mebigfatguy.com', 'F123', 'F71-vijay2win@gmail.com', 'F71-tyler@datastax.com', 'F71-jakers@gmail.com', 'F3-long', 'F71-dbrosius@apache.org', 'F105', 'F3-InetAddress', 'F104', 'F15-NA', 'F15-public', 'F3-EncryptionOptions', 'F71-johan@apache.org', 'F71-brandonwilliams@apache.org', 'F25', 'F3-ByteBuffer', 'F3-BitSet', 'F3-byte[]', 'F71-slebresne@apache.org', 'F72', 'F101', 'F15-protected', 'F71-sylvain@datastax.com', 'F71-marcuse@apache.org', 'F71-gdusbabek@apache.org', 'F3-String[]', 'F3-arg0.name().toByteBuffer()', 'F3-char', 'F3-ListenableFutureTask', 'category', 'F3-Thread', 'F3-SSTableReader', 'F71-xedin@apache.org', 'F3-boolean', 'F22', 'F71-aleksey@apache.org', 'F3-PrintStream', 'F71-jbellis@apache.org', 'F126', 'F65', 'F71-jmckenzie@apache.org', 'F3-DecoratedKey', 'F71-eevans@apache.org', 'F3-NA', 'F3-Class', 'F77', 'F71-jake@apache.org', 'F15-private', 'F71-benedict@apache.org', 'F41'}
     F72   F25  ... F71-tyler@datastax.com F71-slebresne@apache.org
1  10814  1620  ...                      1                        0
2  10814  1620  ...                      1                        0
3  10896  1629  ...                      0                        0

[3 rows x 55 columns]
;.;
        F72       F25  ...  F71-tyler@datastax.com  F71-slebresne@apache.org
0  0.743258  0.700389  ...                     1.0                       0.0
1  0.743258  0.700389  ...                     1.0                       0.0
2  0.750369  0.704280  ...                     0.0                       0.0

[3 rows x 55 columns]
training_x: (2584, 55)
training_y: 2584
testset_x: (34, 55)
testset_y: 34
              precision    recall  f1-score   support

           0       0.73      0.64      0.68        25
           1       0.25      0.33      0.29         9

    accuracy                           0.56        34
   macro avg       0.49      0.49      0.48        34
weighted avg       0.60      0.56      0.58        34

accuracy: 0.5588235294117647
0.2857142857142857
@@@ tn: 16, fp: 9, fn: 6, tp: 3
@@@ LIME - Creating explainer
@@@ LIME - Random Sampling of Instances
iter: 0, sample_no: 12, actual label: 0, predicted: 0
iter: 1, sample_no: 10, actual label: 1, predicted: 0
iter: 2, sample_no: 21, actual label: 0, predicted: 0
iter: 3, sample_no: 14, actual label: 0, predicted: 1
iter: 4, sample_no: 21, actual label: 0, predicted: 0
iter: 5, sample_no: 22, actual label: 0, predicted: 0
iter: 6, sample_no: 14, actual label: 0, predicted: 1
iter: 7, sample_no: 3, actual label: 1, predicted: 1
iter: 8, sample_no: 13, actual label: 0, predicted: 0
iter: 9, sample_no: 0, actual label: 0, predicted: 0
iter: 10, sample_no: 17, actual label: 0, predicted: 1
iter: 11, sample_no: 0, actual label: 0, predicted: 0
iter: 12, sample_no: 8, actual label: 0, predicted: 0
iter: 13, sample_no: 6, actual label: 1, predicted: 0
iter: 14, sample_no: 16, actual label: 1, predicted: 1
iter: 15, sample_no: 21, actual label: 0, predicted: 0
iter: 16, sample_no: 15, actual label: 0, predicted: 1
iter: 17, sample_no: 17, actual label: 0, predicted: 1
iter: 18, sample_no: 2, actual label: 1, predicted: 0
iter: 19, sample_no: 30, actual label: 0, predicted: 0
iter: 20, sample_no: 21, actual label: 0, predicted: 0
iter: 21, sample_no: 25, actual label: 0, predicted: 1
iter: 22, sample_no: 22, actual label: 0, predicted: 0
iter: 23, sample_no: 4, actual label: 1, predicted: 1
iter: 24, sample_no: 9, actual label: 0, predicted: 1
number of samples: 34
AUC 0.5377777777777777
pos_get 9
total recall stop_at 1
@@@ C - Repeat number: 8
will not use leaked features
@@@ D - common_header:  {'F68', 'F3-input', 'F3-String', 'F3-int', 'F71-yukim@apache.org', 'F71-dbrosius@mebigfatguy.com', 'F123', 'F71-vijay2win@gmail.com', 'F71-tyler@datastax.com', 'F71-jakers@gmail.com', 'F3-long', 'F71-dbrosius@apache.org', 'F105', 'F3-InetAddress', 'F104', 'F15-NA', 'F15-public', 'F3-EncryptionOptions', 'F71-johan@apache.org', 'F71-brandonwilliams@apache.org', 'F25', 'F3-ByteBuffer', 'F3-BitSet', 'F3-byte[]', 'F71-slebresne@apache.org', 'F72', 'F101', 'F15-protected', 'F71-sylvain@datastax.com', 'F71-marcuse@apache.org', 'F71-gdusbabek@apache.org', 'F3-String[]', 'F3-arg0.name().toByteBuffer()', 'F3-char', 'F3-ListenableFutureTask', 'category', 'F3-Thread', 'F3-SSTableReader', 'F71-xedin@apache.org', 'F3-boolean', 'F22', 'F71-aleksey@apache.org', 'F3-PrintStream', 'F71-jbellis@apache.org', 'F126', 'F65', 'F71-jmckenzie@apache.org', 'F3-DecoratedKey', 'F71-eevans@apache.org', 'F3-NA', 'F3-Class', 'F77', 'F71-jake@apache.org', 'F15-private', 'F71-benedict@apache.org', 'F41'}
     F72   F25  ... F71-tyler@datastax.com F71-slebresne@apache.org
1  10814  1620  ...                      1                        0
2  10814  1620  ...                      1                        0
3  10896  1629  ...                      0                        0

[3 rows x 55 columns]
;.;
        F72       F25  ...  F71-tyler@datastax.com  F71-slebresne@apache.org
0  0.743258  0.700389  ...                     1.0                       0.0
1  0.743258  0.700389  ...                     1.0                       0.0
2  0.750369  0.704280  ...                     0.0                       0.0

[3 rows x 55 columns]
training_x: (2584, 55)
training_y: 2584
testset_x: (34, 55)
testset_y: 34
              precision    recall  f1-score   support

           0       0.73      0.64      0.68        25
           1       0.25      0.33      0.29         9

    accuracy                           0.56        34
   macro avg       0.49      0.49      0.48        34
weighted avg       0.60      0.56      0.58        34

accuracy: 0.5588235294117647
0.2857142857142857
@@@ tn: 16, fp: 9, fn: 6, tp: 3
@@@ LIME - Creating explainer
@@@ LIME - Random Sampling of Instances
iter: 0, sample_no: 32, actual label: 1, predicted: 0
iter: 1, sample_no: 6, actual label: 1, predicted: 0
iter: 2, sample_no: 33, actual label: 0, predicted: 0
iter: 3, sample_no: 1, actual label: 0, predicted: 0
iter: 4, sample_no: 33, actual label: 0, predicted: 0
iter: 5, sample_no: 32, actual label: 1, predicted: 0
iter: 6, sample_no: 10, actual label: 1, predicted: 0
iter: 7, sample_no: 33, actual label: 0, predicted: 0
iter: 8, sample_no: 7, actual label: 0, predicted: 1
iter: 9, sample_no: 23, actual label: 0, predicted: 0
iter: 10, sample_no: 2, actual label: 1, predicted: 0
iter: 11, sample_no: 9, actual label: 0, predicted: 1
iter: 12, sample_no: 32, actual label: 1, predicted: 0
iter: 13, sample_no: 21, actual label: 0, predicted: 0
iter: 14, sample_no: 18, actual label: 1, predicted: 0
iter: 15, sample_no: 28, actual label: 0, predicted: 0
iter: 16, sample_no: 11, actual label: 1, predicted: 0
iter: 17, sample_no: 24, actual label: 0, predicted: 1
iter: 18, sample_no: 6, actual label: 1, predicted: 0
iter: 19, sample_no: 30, actual label: 0, predicted: 0
iter: 20, sample_no: 30, actual label: 0, predicted: 0
iter: 21, sample_no: 7, actual label: 0, predicted: 1
iter: 22, sample_no: 27, actual label: 0, predicted: 0
iter: 23, sample_no: 2, actual label: 1, predicted: 0
iter: 24, sample_no: 9, actual label: 0, predicted: 1
number of samples: 34
AUC 0.5377777777777777
pos_get 9
total recall stop_at 1
@@@ C - Repeat number: 9
will not use leaked features
@@@ D - common_header:  {'F68', 'F3-input', 'F3-String', 'F3-int', 'F71-yukim@apache.org', 'F71-dbrosius@mebigfatguy.com', 'F123', 'F71-vijay2win@gmail.com', 'F71-tyler@datastax.com', 'F71-jakers@gmail.com', 'F3-long', 'F71-dbrosius@apache.org', 'F105', 'F3-InetAddress', 'F104', 'F15-NA', 'F15-public', 'F3-EncryptionOptions', 'F71-johan@apache.org', 'F71-brandonwilliams@apache.org', 'F25', 'F3-ByteBuffer', 'F3-BitSet', 'F3-byte[]', 'F71-slebresne@apache.org', 'F72', 'F101', 'F15-protected', 'F71-sylvain@datastax.com', 'F71-marcuse@apache.org', 'F71-gdusbabek@apache.org', 'F3-String[]', 'F3-arg0.name().toByteBuffer()', 'F3-char', 'F3-ListenableFutureTask', 'category', 'F3-Thread', 'F3-SSTableReader', 'F71-xedin@apache.org', 'F3-boolean', 'F22', 'F71-aleksey@apache.org', 'F3-PrintStream', 'F71-jbellis@apache.org', 'F126', 'F65', 'F71-jmckenzie@apache.org', 'F3-DecoratedKey', 'F71-eevans@apache.org', 'F3-NA', 'F3-Class', 'F77', 'F71-jake@apache.org', 'F15-private', 'F71-benedict@apache.org', 'F41'}
     F72   F25  ... F71-tyler@datastax.com F71-slebresne@apache.org
1  10814  1620  ...                      1                        0
2  10814  1620  ...                      1                        0
3  10896  1629  ...                      0                        0

[3 rows x 55 columns]
;.;
        F72       F25  ...  F71-tyler@datastax.com  F71-slebresne@apache.org
0  0.743258  0.700389  ...                     1.0                       0.0
1  0.743258  0.700389  ...                     1.0                       0.0
2  0.750369  0.704280  ...                     0.0                       0.0

[3 rows x 55 columns]
training_x: (2584, 55)
training_y: 2584
testset_x: (34, 55)
testset_y: 34
              precision    recall  f1-score   support

           0       0.73      0.64      0.68        25
           1       0.25      0.33      0.29         9

    accuracy                           0.56        34
   macro avg       0.49      0.49      0.48        34
weighted avg       0.60      0.56      0.58        34

accuracy: 0.5588235294117647
0.2857142857142857
@@@ tn: 16, fp: 9, fn: 6, tp: 3
@@@ LIME - Creating explainer
@@@ LIME - Random Sampling of Instances
iter: 0, sample_no: 32, actual label: 1, predicted: 0
iter: 1, sample_no: 27, actual label: 0, predicted: 0
iter: 2, sample_no: 26, actual label: 0, predicted: 1
iter: 3, sample_no: 15, actual label: 0, predicted: 1
iter: 4, sample_no: 5, actual label: 0, predicted: 0
iter: 5, sample_no: 32, actual label: 1, predicted: 0
iter: 6, sample_no: 8, actual label: 0, predicted: 0
iter: 7, sample_no: 30, actual label: 0, predicted: 0
iter: 8, sample_no: 31, actual label: 0, predicted: 0
iter: 9, sample_no: 27, actual label: 0, predicted: 0
iter: 10, sample_no: 13, actual label: 0, predicted: 0
iter: 11, sample_no: 19, actual label: 0, predicted: 0
iter: 12, sample_no: 25, actual label: 0, predicted: 1
iter: 13, sample_no: 8, actual label: 0, predicted: 0
iter: 14, sample_no: 6, actual label: 1, predicted: 0
iter: 15, sample_no: 25, actual label: 0, predicted: 1
iter: 16, sample_no: 21, actual label: 0, predicted: 0
iter: 17, sample_no: 23, actual label: 0, predicted: 0
iter: 18, sample_no: 32, actual label: 1, predicted: 0
iter: 19, sample_no: 28, actual label: 0, predicted: 0
iter: 20, sample_no: 19, actual label: 0, predicted: 0
iter: 21, sample_no: 20, actual label: 0, predicted: 1
iter: 22, sample_no: 4, actual label: 1, predicted: 1
iter: 23, sample_no: 3, actual label: 1, predicted: 1
iter: 24, sample_no: 22, actual label: 0, predicted: 0
number of samples: 34
AUC 0.5377777777777777
pos_get 9
total recall stop_at 1
@@@ C - Repeat number: 10
will not use leaked features
@@@ D - common_header:  {'F68', 'F3-input', 'F3-String', 'F3-int', 'F71-yukim@apache.org', 'F71-dbrosius@mebigfatguy.com', 'F123', 'F71-vijay2win@gmail.com', 'F71-tyler@datastax.com', 'F71-jakers@gmail.com', 'F3-long', 'F71-dbrosius@apache.org', 'F105', 'F3-InetAddress', 'F104', 'F15-NA', 'F15-public', 'F3-EncryptionOptions', 'F71-johan@apache.org', 'F71-brandonwilliams@apache.org', 'F25', 'F3-ByteBuffer', 'F3-BitSet', 'F3-byte[]', 'F71-slebresne@apache.org', 'F72', 'F101', 'F15-protected', 'F71-sylvain@datastax.com', 'F71-marcuse@apache.org', 'F71-gdusbabek@apache.org', 'F3-String[]', 'F3-arg0.name().toByteBuffer()', 'F3-char', 'F3-ListenableFutureTask', 'category', 'F3-Thread', 'F3-SSTableReader', 'F71-xedin@apache.org', 'F3-boolean', 'F22', 'F71-aleksey@apache.org', 'F3-PrintStream', 'F71-jbellis@apache.org', 'F126', 'F65', 'F71-jmckenzie@apache.org', 'F3-DecoratedKey', 'F71-eevans@apache.org', 'F3-NA', 'F3-Class', 'F77', 'F71-jake@apache.org', 'F15-private', 'F71-benedict@apache.org', 'F41'}
     F72   F25  ... F71-tyler@datastax.com F71-slebresne@apache.org
1  10814  1620  ...                      1                        0
2  10814  1620  ...                      1                        0
3  10896  1629  ...                      0                        0

[3 rows x 55 columns]
;.;
        F72       F25  ...  F71-tyler@datastax.com  F71-slebresne@apache.org
0  0.743258  0.700389  ...                     1.0                       0.0
1  0.743258  0.700389  ...                     1.0                       0.0
2  0.750369  0.704280  ...                     0.0                       0.0

[3 rows x 55 columns]
training_x: (2584, 55)
training_y: 2584
testset_x: (34, 55)
testset_y: 34
              precision    recall  f1-score   support

           0       0.73      0.64      0.68        25
           1       0.25      0.33      0.29         9

    accuracy                           0.56        34
   macro avg       0.49      0.49      0.48        34
weighted avg       0.60      0.56      0.58        34

accuracy: 0.5588235294117647
0.2857142857142857
@@@ tn: 16, fp: 9, fn: 6, tp: 3
@@@ LIME - Creating explainer
@@@ LIME - Random Sampling of Instances
iter: 0, sample_no: 28, actual label: 0, predicted: 0
iter: 1, sample_no: 25, actual label: 0, predicted: 1
iter: 2, sample_no: 10, actual label: 1, predicted: 0
iter: 3, sample_no: 31, actual label: 0, predicted: 0
iter: 4, sample_no: 5, actual label: 0, predicted: 0
iter: 5, sample_no: 4, actual label: 1, predicted: 1
iter: 6, sample_no: 5, actual label: 0, predicted: 0
iter: 7, sample_no: 30, actual label: 0, predicted: 0
iter: 8, sample_no: 5, actual label: 0, predicted: 0
iter: 9, sample_no: 18, actual label: 1, predicted: 0
iter: 10, sample_no: 17, actual label: 0, predicted: 1
iter: 11, sample_no: 32, actual label: 1, predicted: 0
iter: 12, sample_no: 12, actual label: 0, predicted: 0
iter: 13, sample_no: 7, actual label: 0, predicted: 1
iter: 14, sample_no: 0, actual label: 0, predicted: 0
iter: 15, sample_no: 25, actual label: 0, predicted: 1
iter: 16, sample_no: 16, actual label: 1, predicted: 1
iter: 17, sample_no: 33, actual label: 0, predicted: 0
iter: 18, sample_no: 15, actual label: 0, predicted: 1
iter: 19, sample_no: 7, actual label: 0, predicted: 1
iter: 20, sample_no: 29, actual label: 0, predicted: 0
iter: 21, sample_no: 2, actual label: 1, predicted: 0
iter: 22, sample_no: 2, actual label: 1, predicted: 0
iter: 23, sample_no: 11, actual label: 1, predicted: 0
iter: 24, sample_no: 3, actual label: 1, predicted: 1
number of samples: 34
AUC 0.5377777777777777
pos_get 9
total recall stop_at 1
----------threshold stop at----------: 1
AUC [0.5377777777777777, 0.5377777777777777, 0.5377777777777777, 0.5377777777777777, 0.5377777777777777, 0.5377777777777777, 0.5377777777777777, 0.5377777777777777, 0.5377777777777777, 0.5377777777777777]
AUC_median 0.5377777777777777
AUC_iqr 0.0
cost [1, 1, 1, 1, 1, 1, 1, 1, 1, 1]
COST_med 1.0
COST_iqr 0.0
f1_pos_list [np.float64(0.2857142857142857), np.float64(0.2857142857142857), np.float64(0.2857142857142857), np.float64(0.2857142857142857), np.float64(0.2857142857142857), np.float64(0.2857142857142857), np.float64(0.2857142857142857), np.float64(0.2857142857142857), np.float64(0.2857142857142857), np.float64(0.2857142857142857)]
f1_pos_med 0.2857142857142857
total_tn 160
total_fp 90
total_fn 60
total_tp 30
p= 0.25
r= 0.3333333333333333
f= 0.28571428571428575
