@@@ A - classifier: SVC(class_weight='balanced', kernel='linear', probability=True)
@@@ B - threshold stop at: 1
@@@ C - Repeat number: 1
@@@ D - common_header:  {'F105', 'F71-dims@apache.org', 'F41', 'F3-NA', 'F117', 'F3-String[]', 'F15-private', 'F71-oros@apache.org', 'F3-String', 'F71-thads@apache.org', 'F123', 'F71-jsalvata@apache.org', 'F71-mkostrze@apache.org', 'F3-JMeterFileFilter', 'F65', 'F71-jeremy_a@apache.org', 'F71-seade@apache.org', 'F3-TextMessage', 'F25', 'F71-mblankestijn@apache.org', 'F3-byte[]', 'F101', 'F71-sebb@apache.org', 'F3-InterleaveControl.IGNORE_SUB_CONTROLLERS', 'F3-boolean', 'F72', 'F15-protected', 'F120', 'F71-milamber@apache.org', 'F15-NA', 'F22', 'F3-GenericController', 'F71-woolfel@apache.org', 'F68', 'F116', 'F115', 'F71-pmouawad@apache.org', 'category', 'F3-TestElementProperty', 'F3-StringProperty', 'F3-Date', 'F3-long', 'F71-dev-null@apache.org', 'F71-alf@apache.org', 'F15-public', 'F71-mstover1@apache.org', 'F3-CollectionProperty', 'F3-((ThroughputController)el).getMaxThroughput()', 'F3-JMeterTreeNode', 'F3-int', 'F77', 'F104', 'F110', 'F126'}
    F72   F25  ... F71-sebb@apache.org F71-mstover1@apache.org
1  8464  1639  ...                   1                       1
2  8464  1639  ...                   1                       1
3  8464  1639  ...                   1                       1

[3 rows x 53 columns]
;.;
        F72       F25  ...  F71-sebb@apache.org  F71-mstover1@apache.org
0  0.409982  0.429177  ...                  1.0                      1.0
1  0.409982  0.429177  ...                  1.0                      1.0
2  0.409982  0.429177  ...                  1.0                      1.0

[3 rows x 53 columns]
training_x: (575, 53)
training_y: 575
testset_x: (57, 53)
testset_y: 57
              precision    recall  f1-score   support

           0       0.79      0.54      0.64        48
           1       0.08      0.22      0.12         9

    accuracy                           0.49        57
   macro avg       0.44      0.38      0.38        57
weighted avg       0.68      0.49      0.56        57

accuracy: 0.49122807017543857
0.12121212121212122
@@@ tn: 26, fp: 22, fn: 7, tp: 2
@@@ LIME - Creating explainer
@@@ LIME - Random Sampling of Instances
iter: 0, sample_no: 0, actual label: 0, predicted: 0
iter: 1, sample_no: 20, actual label: 0, predicted: 0
iter: 2, sample_no: 49, actual label: 0, predicted: 1
iter: 3, sample_no: 39, actual label: 0, predicted: 1
iter: 4, sample_no: 12, actual label: 0, predicted: 0
iter: 5, sample_no: 45, actual label: 0, predicted: 0
iter: 6, sample_no: 48, actual label: 0, predicted: 0
iter: 7, sample_no: 54, actual label: 0, predicted: 1
iter: 8, sample_no: 21, actual label: 0, predicted: 1
iter: 9, sample_no: 6, actual label: 0, predicted: 0
iter: 10, sample_no: 36, actual label: 1, predicted: 1
iter: 11, sample_no: 47, actual label: 0, predicted: 1
iter: 12, sample_no: 30, actual label: 0, predicted: 0
iter: 13, sample_no: 56, actual label: 0, predicted: 1
iter: 14, sample_no: 31, actual label: 0, predicted: 0
iter: 15, sample_no: 17, actual label: 0, predicted: 0
iter: 16, sample_no: 2, actual label: 0, predicted: 0
iter: 17, sample_no: 49, actual label: 0, predicted: 1
iter: 18, sample_no: 50, actual label: 0, predicted: 0
iter: 19, sample_no: 11, actual label: 1, predicted: 0
iter: 20, sample_no: 5, actual label: 0, predicted: 0
iter: 21, sample_no: 8, actual label: 0, predicted: 1
iter: 22, sample_no: 20, actual label: 0, predicted: 0
iter: 23, sample_no: 53, actual label: 0, predicted: 1
iter: 24, sample_no: 40, actual label: 0, predicted: 0
number of samples: 57
AUC 0.39583333333333337
pos_get 9
total recall stop_at 1
@@@ C - Repeat number: 2
@@@ D - common_header:  {'F105', 'F71-dims@apache.org', 'F41', 'F3-NA', 'F117', 'F3-String[]', 'F15-private', 'F71-oros@apache.org', 'F3-String', 'F71-thads@apache.org', 'F123', 'F71-jsalvata@apache.org', 'F71-mkostrze@apache.org', 'F3-JMeterFileFilter', 'F65', 'F71-jeremy_a@apache.org', 'F71-seade@apache.org', 'F3-TextMessage', 'F25', 'F71-mblankestijn@apache.org', 'F3-byte[]', 'F101', 'F71-sebb@apache.org', 'F3-InterleaveControl.IGNORE_SUB_CONTROLLERS', 'F3-boolean', 'F72', 'F15-protected', 'F120', 'F71-milamber@apache.org', 'F15-NA', 'F22', 'F3-GenericController', 'F71-woolfel@apache.org', 'F68', 'F116', 'F115', 'F71-pmouawad@apache.org', 'category', 'F3-TestElementProperty', 'F3-StringProperty', 'F3-Date', 'F3-long', 'F71-dev-null@apache.org', 'F71-alf@apache.org', 'F15-public', 'F71-mstover1@apache.org', 'F3-CollectionProperty', 'F3-((ThroughputController)el).getMaxThroughput()', 'F3-JMeterTreeNode', 'F3-int', 'F77', 'F104', 'F110', 'F126'}
    F72   F25  ... F71-sebb@apache.org F71-mstover1@apache.org
1  8464  1639  ...                   1                       1
2  8464  1639  ...                   1                       1
3  8464  1639  ...                   1                       1

[3 rows x 53 columns]
;.;
        F72       F25  ...  F71-sebb@apache.org  F71-mstover1@apache.org
0  0.409982  0.429177  ...                  1.0                      1.0
1  0.409982  0.429177  ...                  1.0                      1.0
2  0.409982  0.429177  ...                  1.0                      1.0

[3 rows x 53 columns]
training_x: (575, 53)
training_y: 575
testset_x: (57, 53)
testset_y: 57
              precision    recall  f1-score   support

           0       0.79      0.54      0.64        48
           1       0.08      0.22      0.12         9

    accuracy                           0.49        57
   macro avg       0.44      0.38      0.38        57
weighted avg       0.68      0.49      0.56        57

accuracy: 0.49122807017543857
0.12121212121212122
@@@ tn: 26, fp: 22, fn: 7, tp: 2
@@@ LIME - Creating explainer
@@@ LIME - Random Sampling of Instances
iter: 0, sample_no: 35, actual label: 0, predicted: 0
iter: 1, sample_no: 31, actual label: 0, predicted: 0
iter: 2, sample_no: 55, actual label: 0, predicted: 1
iter: 3, sample_no: 30, actual label: 0, predicted: 0
iter: 4, sample_no: 17, actual label: 0, predicted: 0
iter: 5, sample_no: 45, actual label: 0, predicted: 0
iter: 6, sample_no: 56, actual label: 0, predicted: 1
iter: 7, sample_no: 52, actual label: 0, predicted: 1
iter: 8, sample_no: 18, actual label: 0, predicted: 1
iter: 9, sample_no: 6, actual label: 0, predicted: 0
iter: 10, sample_no: 22, actual label: 1, predicted: 0
iter: 11, sample_no: 23, actual label: 1, predicted: 0
iter: 12, sample_no: 15, actual label: 0, predicted: 0
iter: 13, sample_no: 22, actual label: 1, predicted: 0
iter: 14, sample_no: 55, actual label: 0, predicted: 1
iter: 15, sample_no: 42, actual label: 0, predicted: 1
iter: 16, sample_no: 29, actual label: 0, predicted: 0
iter: 17, sample_no: 26, actual label: 0, predicted: 0
iter: 18, sample_no: 50, actual label: 0, predicted: 0
iter: 19, sample_no: 46, actual label: 0, predicted: 1
iter: 20, sample_no: 44, actual label: 0, predicted: 0
iter: 21, sample_no: 16, actual label: 1, predicted: 0
iter: 22, sample_no: 27, actual label: 1, predicted: 0
iter: 23, sample_no: 12, actual label: 0, predicted: 0
iter: 24, sample_no: 15, actual label: 0, predicted: 0
number of samples: 57
AUC 0.39583333333333337
pos_get 9
total recall stop_at 1
@@@ C - Repeat number: 3
@@@ D - common_header:  {'F105', 'F71-dims@apache.org', 'F41', 'F3-NA', 'F117', 'F3-String[]', 'F15-private', 'F71-oros@apache.org', 'F3-String', 'F71-thads@apache.org', 'F123', 'F71-jsalvata@apache.org', 'F71-mkostrze@apache.org', 'F3-JMeterFileFilter', 'F65', 'F71-jeremy_a@apache.org', 'F71-seade@apache.org', 'F3-TextMessage', 'F25', 'F71-mblankestijn@apache.org', 'F3-byte[]', 'F101', 'F71-sebb@apache.org', 'F3-InterleaveControl.IGNORE_SUB_CONTROLLERS', 'F3-boolean', 'F72', 'F15-protected', 'F120', 'F71-milamber@apache.org', 'F15-NA', 'F22', 'F3-GenericController', 'F71-woolfel@apache.org', 'F68', 'F116', 'F115', 'F71-pmouawad@apache.org', 'category', 'F3-TestElementProperty', 'F3-StringProperty', 'F3-Date', 'F3-long', 'F71-dev-null@apache.org', 'F71-alf@apache.org', 'F15-public', 'F71-mstover1@apache.org', 'F3-CollectionProperty', 'F3-((ThroughputController)el).getMaxThroughput()', 'F3-JMeterTreeNode', 'F3-int', 'F77', 'F104', 'F110', 'F126'}
    F72   F25  ... F71-sebb@apache.org F71-mstover1@apache.org
1  8464  1639  ...                   1                       1
2  8464  1639  ...                   1                       1
3  8464  1639  ...                   1                       1

[3 rows x 53 columns]
;.;
        F72       F25  ...  F71-sebb@apache.org  F71-mstover1@apache.org
0  0.409982  0.429177  ...                  1.0                      1.0
1  0.409982  0.429177  ...                  1.0                      1.0
2  0.409982  0.429177  ...                  1.0                      1.0

[3 rows x 53 columns]
training_x: (575, 53)
training_y: 575
testset_x: (57, 53)
testset_y: 57
              precision    recall  f1-score   support

           0       0.79      0.54      0.64        48
           1       0.08      0.22      0.12         9

    accuracy                           0.49        57
   macro avg       0.44      0.38      0.38        57
weighted avg       0.68      0.49      0.56        57

accuracy: 0.49122807017543857
0.12121212121212122
@@@ tn: 26, fp: 22, fn: 7, tp: 2
@@@ LIME - Creating explainer
@@@ LIME - Random Sampling of Instances
iter: 0, sample_no: 30, actual label: 0, predicted: 0
iter: 1, sample_no: 27, actual label: 1, predicted: 0
iter: 2, sample_no: 16, actual label: 1, predicted: 0
iter: 3, sample_no: 13, actual label: 0, predicted: 0
iter: 4, sample_no: 46, actual label: 0, predicted: 1
iter: 5, sample_no: 21, actual label: 0, predicted: 1
iter: 6, sample_no: 36, actual label: 1, predicted: 1
iter: 7, sample_no: 31, actual label: 0, predicted: 0
iter: 8, sample_no: 27, actual label: 1, predicted: 0
iter: 9, sample_no: 55, actual label: 0, predicted: 1
iter: 10, sample_no: 32, actual label: 0, predicted: 0
iter: 11, sample_no: 35, actual label: 0, predicted: 0
iter: 12, sample_no: 27, actual label: 1, predicted: 0
iter: 13, sample_no: 45, actual label: 0, predicted: 0
iter: 14, sample_no: 34, actual label: 0, predicted: 1
iter: 15, sample_no: 55, actual label: 0, predicted: 1
iter: 16, sample_no: 51, actual label: 0, predicted: 1
iter: 17, sample_no: 2, actual label: 0, predicted: 0
iter: 18, sample_no: 56, actual label: 0, predicted: 1
iter: 19, sample_no: 4, actual label: 0, predicted: 1
iter: 20, sample_no: 43, actual label: 0, predicted: 0
iter: 21, sample_no: 42, actual label: 0, predicted: 1
iter: 22, sample_no: 14, actual label: 0, predicted: 0
iter: 23, sample_no: 36, actual label: 1, predicted: 1
iter: 24, sample_no: 20, actual label: 0, predicted: 0
number of samples: 57
AUC 0.39583333333333337
pos_get 9
total recall stop_at 1
@@@ C - Repeat number: 4
@@@ D - common_header:  {'F105', 'F71-dims@apache.org', 'F41', 'F3-NA', 'F117', 'F3-String[]', 'F15-private', 'F71-oros@apache.org', 'F3-String', 'F71-thads@apache.org', 'F123', 'F71-jsalvata@apache.org', 'F71-mkostrze@apache.org', 'F3-JMeterFileFilter', 'F65', 'F71-jeremy_a@apache.org', 'F71-seade@apache.org', 'F3-TextMessage', 'F25', 'F71-mblankestijn@apache.org', 'F3-byte[]', 'F101', 'F71-sebb@apache.org', 'F3-InterleaveControl.IGNORE_SUB_CONTROLLERS', 'F3-boolean', 'F72', 'F15-protected', 'F120', 'F71-milamber@apache.org', 'F15-NA', 'F22', 'F3-GenericController', 'F71-woolfel@apache.org', 'F68', 'F116', 'F115', 'F71-pmouawad@apache.org', 'category', 'F3-TestElementProperty', 'F3-StringProperty', 'F3-Date', 'F3-long', 'F71-dev-null@apache.org', 'F71-alf@apache.org', 'F15-public', 'F71-mstover1@apache.org', 'F3-CollectionProperty', 'F3-((ThroughputController)el).getMaxThroughput()', 'F3-JMeterTreeNode', 'F3-int', 'F77', 'F104', 'F110', 'F126'}
    F72   F25  ... F71-sebb@apache.org F71-mstover1@apache.org
1  8464  1639  ...                   1                       1
2  8464  1639  ...                   1                       1
3  8464  1639  ...                   1                       1

[3 rows x 53 columns]
;.;
        F72       F25  ...  F71-sebb@apache.org  F71-mstover1@apache.org
0  0.409982  0.429177  ...                  1.0                      1.0
1  0.409982  0.429177  ...                  1.0                      1.0
2  0.409982  0.429177  ...                  1.0                      1.0

[3 rows x 53 columns]
training_x: (575, 53)
training_y: 575
testset_x: (57, 53)
testset_y: 57
              precision    recall  f1-score   support

           0       0.79      0.54      0.64        48
           1       0.08      0.22      0.12         9

    accuracy                           0.49        57
   macro avg       0.44      0.38      0.38        57
weighted avg       0.68      0.49      0.56        57

accuracy: 0.49122807017543857
0.12121212121212122
@@@ tn: 26, fp: 22, fn: 7, tp: 2
@@@ LIME - Creating explainer
@@@ LIME - Random Sampling of Instances
iter: 0, sample_no: 5, actual label: 0, predicted: 0
iter: 1, sample_no: 3, actual label: 0, predicted: 1
iter: 2, sample_no: 27, actual label: 1, predicted: 0
iter: 3, sample_no: 5, actual label: 0, predicted: 0
iter: 4, sample_no: 19, actual label: 0, predicted: 0
iter: 5, sample_no: 17, actual label: 0, predicted: 0
iter: 6, sample_no: 56, actual label: 0, predicted: 1
iter: 7, sample_no: 6, actual label: 0, predicted: 0
iter: 8, sample_no: 29, actual label: 0, predicted: 0
iter: 9, sample_no: 46, actual label: 0, predicted: 1
iter: 10, sample_no: 35, actual label: 0, predicted: 0
iter: 11, sample_no: 8, actual label: 0, predicted: 1
iter: 12, sample_no: 53, actual label: 0, predicted: 1
iter: 13, sample_no: 36, actual label: 1, predicted: 1
iter: 14, sample_no: 14, actual label: 0, predicted: 0
iter: 15, sample_no: 41, actual label: 0, predicted: 0
iter: 16, sample_no: 48, actual label: 0, predicted: 0
iter: 17, sample_no: 11, actual label: 1, predicted: 0
iter: 18, sample_no: 45, actual label: 0, predicted: 0
iter: 19, sample_no: 35, actual label: 0, predicted: 0
iter: 20, sample_no: 16, actual label: 1, predicted: 0
iter: 21, sample_no: 40, actual label: 0, predicted: 0
iter: 22, sample_no: 2, actual label: 0, predicted: 0
iter: 23, sample_no: 46, actual label: 0, predicted: 1
iter: 24, sample_no: 26, actual label: 0, predicted: 0
number of samples: 57
AUC 0.39583333333333337
pos_get 9
total recall stop_at 1
@@@ C - Repeat number: 5
@@@ D - common_header:  {'F105', 'F71-dims@apache.org', 'F41', 'F3-NA', 'F117', 'F3-String[]', 'F15-private', 'F71-oros@apache.org', 'F3-String', 'F71-thads@apache.org', 'F123', 'F71-jsalvata@apache.org', 'F71-mkostrze@apache.org', 'F3-JMeterFileFilter', 'F65', 'F71-jeremy_a@apache.org', 'F71-seade@apache.org', 'F3-TextMessage', 'F25', 'F71-mblankestijn@apache.org', 'F3-byte[]', 'F101', 'F71-sebb@apache.org', 'F3-InterleaveControl.IGNORE_SUB_CONTROLLERS', 'F3-boolean', 'F72', 'F15-protected', 'F120', 'F71-milamber@apache.org', 'F15-NA', 'F22', 'F3-GenericController', 'F71-woolfel@apache.org', 'F68', 'F116', 'F115', 'F71-pmouawad@apache.org', 'category', 'F3-TestElementProperty', 'F3-StringProperty', 'F3-Date', 'F3-long', 'F71-dev-null@apache.org', 'F71-alf@apache.org', 'F15-public', 'F71-mstover1@apache.org', 'F3-CollectionProperty', 'F3-((ThroughputController)el).getMaxThroughput()', 'F3-JMeterTreeNode', 'F3-int', 'F77', 'F104', 'F110', 'F126'}
    F72   F25  ... F71-sebb@apache.org F71-mstover1@apache.org
1  8464  1639  ...                   1                       1
2  8464  1639  ...                   1                       1
3  8464  1639  ...                   1                       1

[3 rows x 53 columns]
;.;
        F72       F25  ...  F71-sebb@apache.org  F71-mstover1@apache.org
0  0.409982  0.429177  ...                  1.0                      1.0
1  0.409982  0.429177  ...                  1.0                      1.0
2  0.409982  0.429177  ...                  1.0                      1.0

[3 rows x 53 columns]
training_x: (575, 53)
training_y: 575
testset_x: (57, 53)
testset_y: 57
              precision    recall  f1-score   support

           0       0.79      0.54      0.64        48
           1       0.08      0.22      0.12         9

    accuracy                           0.49        57
   macro avg       0.44      0.38      0.38        57
weighted avg       0.68      0.49      0.56        57

accuracy: 0.49122807017543857
0.12121212121212122
@@@ tn: 26, fp: 22, fn: 7, tp: 2
@@@ LIME - Creating explainer
@@@ LIME - Random Sampling of Instances
iter: 0, sample_no: 6, actual label: 0, predicted: 0
iter: 1, sample_no: 40, actual label: 0, predicted: 0
iter: 2, sample_no: 36, actual label: 1, predicted: 1
iter: 3, sample_no: 8, actual label: 0, predicted: 1
iter: 4, sample_no: 55, actual label: 0, predicted: 1
iter: 5, sample_no: 6, actual label: 0, predicted: 0
iter: 6, sample_no: 14, actual label: 0, predicted: 0
iter: 7, sample_no: 22, actual label: 1, predicted: 0
iter: 8, sample_no: 39, actual label: 0, predicted: 1
iter: 9, sample_no: 37, actual label: 0, predicted: 1
iter: 10, sample_no: 13, actual label: 0, predicted: 0
iter: 11, sample_no: 42, actual label: 0, predicted: 1
iter: 12, sample_no: 30, actual label: 0, predicted: 0
iter: 13, sample_no: 24, actual label: 0, predicted: 1
iter: 14, sample_no: 10, actual label: 0, predicted: 1
iter: 15, sample_no: 35, actual label: 0, predicted: 0
iter: 16, sample_no: 10, actual label: 0, predicted: 1
iter: 17, sample_no: 5, actual label: 0, predicted: 0
iter: 18, sample_no: 4, actual label: 0, predicted: 1
iter: 19, sample_no: 5, actual label: 0, predicted: 0
iter: 20, sample_no: 45, actual label: 0, predicted: 0
iter: 21, sample_no: 12, actual label: 0, predicted: 0
iter: 22, sample_no: 55, actual label: 0, predicted: 1
iter: 23, sample_no: 39, actual label: 0, predicted: 1
iter: 24, sample_no: 30, actual label: 0, predicted: 0
number of samples: 57
AUC 0.39583333333333337
pos_get 9
total recall stop_at 1
@@@ C - Repeat number: 6
@@@ D - common_header:  {'F105', 'F71-dims@apache.org', 'F41', 'F3-NA', 'F117', 'F3-String[]', 'F15-private', 'F71-oros@apache.org', 'F3-String', 'F71-thads@apache.org', 'F123', 'F71-jsalvata@apache.org', 'F71-mkostrze@apache.org', 'F3-JMeterFileFilter', 'F65', 'F71-jeremy_a@apache.org', 'F71-seade@apache.org', 'F3-TextMessage', 'F25', 'F71-mblankestijn@apache.org', 'F3-byte[]', 'F101', 'F71-sebb@apache.org', 'F3-InterleaveControl.IGNORE_SUB_CONTROLLERS', 'F3-boolean', 'F72', 'F15-protected', 'F120', 'F71-milamber@apache.org', 'F15-NA', 'F22', 'F3-GenericController', 'F71-woolfel@apache.org', 'F68', 'F116', 'F115', 'F71-pmouawad@apache.org', 'category', 'F3-TestElementProperty', 'F3-StringProperty', 'F3-Date', 'F3-long', 'F71-dev-null@apache.org', 'F71-alf@apache.org', 'F15-public', 'F71-mstover1@apache.org', 'F3-CollectionProperty', 'F3-((ThroughputController)el).getMaxThroughput()', 'F3-JMeterTreeNode', 'F3-int', 'F77', 'F104', 'F110', 'F126'}
    F72   F25  ... F71-sebb@apache.org F71-mstover1@apache.org
1  8464  1639  ...                   1                       1
2  8464  1639  ...                   1                       1
3  8464  1639  ...                   1                       1

[3 rows x 53 columns]
;.;
        F72       F25  ...  F71-sebb@apache.org  F71-mstover1@apache.org
0  0.409982  0.429177  ...                  1.0                      1.0
1  0.409982  0.429177  ...                  1.0                      1.0
2  0.409982  0.429177  ...                  1.0                      1.0

[3 rows x 53 columns]
training_x: (575, 53)
training_y: 575
testset_x: (57, 53)
testset_y: 57
              precision    recall  f1-score   support

           0       0.79      0.54      0.64        48
           1       0.08      0.22      0.12         9

    accuracy                           0.49        57
   macro avg       0.44      0.38      0.38        57
weighted avg       0.68      0.49      0.56        57

accuracy: 0.49122807017543857
0.12121212121212122
@@@ tn: 26, fp: 22, fn: 7, tp: 2
@@@ LIME - Creating explainer
@@@ LIME - Random Sampling of Instances
iter: 0, sample_no: 51, actual label: 0, predicted: 1
iter: 1, sample_no: 25, actual label: 1, predicted: 1
iter: 2, sample_no: 2, actual label: 0, predicted: 0
iter: 3, sample_no: 20, actual label: 0, predicted: 0
iter: 4, sample_no: 8, actual label: 0, predicted: 1
iter: 5, sample_no: 15, actual label: 0, predicted: 0
iter: 6, sample_no: 9, actual label: 0, predicted: 0
iter: 7, sample_no: 43, actual label: 0, predicted: 0
iter: 8, sample_no: 31, actual label: 0, predicted: 0
iter: 9, sample_no: 0, actual label: 0, predicted: 0
iter: 10, sample_no: 32, actual label: 0, predicted: 0
iter: 11, sample_no: 55, actual label: 0, predicted: 1
iter: 12, sample_no: 9, actual label: 0, predicted: 0
iter: 13, sample_no: 20, actual label: 0, predicted: 0
iter: 14, sample_no: 16, actual label: 1, predicted: 0
iter: 15, sample_no: 20, actual label: 0, predicted: 0
iter: 16, sample_no: 38, actual label: 1, predicted: 0
iter: 17, sample_no: 29, actual label: 0, predicted: 0
iter: 18, sample_no: 24, actual label: 0, predicted: 1
iter: 19, sample_no: 22, actual label: 1, predicted: 0
iter: 20, sample_no: 37, actual label: 0, predicted: 1
iter: 21, sample_no: 44, actual label: 0, predicted: 0
iter: 22, sample_no: 44, actual label: 0, predicted: 0
iter: 23, sample_no: 44, actual label: 0, predicted: 0
iter: 24, sample_no: 39, actual label: 0, predicted: 1
number of samples: 57
AUC 0.39583333333333337
pos_get 9
total recall stop_at 1
@@@ C - Repeat number: 7
@@@ D - common_header:  {'F105', 'F71-dims@apache.org', 'F41', 'F3-NA', 'F117', 'F3-String[]', 'F15-private', 'F71-oros@apache.org', 'F3-String', 'F71-thads@apache.org', 'F123', 'F71-jsalvata@apache.org', 'F71-mkostrze@apache.org', 'F3-JMeterFileFilter', 'F65', 'F71-jeremy_a@apache.org', 'F71-seade@apache.org', 'F3-TextMessage', 'F25', 'F71-mblankestijn@apache.org', 'F3-byte[]', 'F101', 'F71-sebb@apache.org', 'F3-InterleaveControl.IGNORE_SUB_CONTROLLERS', 'F3-boolean', 'F72', 'F15-protected', 'F120', 'F71-milamber@apache.org', 'F15-NA', 'F22', 'F3-GenericController', 'F71-woolfel@apache.org', 'F68', 'F116', 'F115', 'F71-pmouawad@apache.org', 'category', 'F3-TestElementProperty', 'F3-StringProperty', 'F3-Date', 'F3-long', 'F71-dev-null@apache.org', 'F71-alf@apache.org', 'F15-public', 'F71-mstover1@apache.org', 'F3-CollectionProperty', 'F3-((ThroughputController)el).getMaxThroughput()', 'F3-JMeterTreeNode', 'F3-int', 'F77', 'F104', 'F110', 'F126'}
    F72   F25  ... F71-sebb@apache.org F71-mstover1@apache.org
1  8464  1639  ...                   1                       1
2  8464  1639  ...                   1                       1
3  8464  1639  ...                   1                       1

[3 rows x 53 columns]
;.;
        F72       F25  ...  F71-sebb@apache.org  F71-mstover1@apache.org
0  0.409982  0.429177  ...                  1.0                      1.0
1  0.409982  0.429177  ...                  1.0                      1.0
2  0.409982  0.429177  ...                  1.0                      1.0

[3 rows x 53 columns]
training_x: (575, 53)
training_y: 575
testset_x: (57, 53)
testset_y: 57
              precision    recall  f1-score   support

           0       0.79      0.54      0.64        48
           1       0.08      0.22      0.12         9

    accuracy                           0.49        57
   macro avg       0.44      0.38      0.38        57
weighted avg       0.68      0.49      0.56        57

accuracy: 0.49122807017543857
0.12121212121212122
@@@ tn: 26, fp: 22, fn: 7, tp: 2
@@@ LIME - Creating explainer
@@@ LIME - Random Sampling of Instances
iter: 0, sample_no: 45, actual label: 0, predicted: 0
iter: 1, sample_no: 35, actual label: 0, predicted: 0
iter: 2, sample_no: 21, actual label: 0, predicted: 1
iter: 3, sample_no: 52, actual label: 0, predicted: 1
iter: 4, sample_no: 23, actual label: 1, predicted: 0
iter: 5, sample_no: 44, actual label: 0, predicted: 0
iter: 6, sample_no: 50, actual label: 0, predicted: 0
iter: 7, sample_no: 41, actual label: 0, predicted: 0
iter: 8, sample_no: 12, actual label: 0, predicted: 0
iter: 9, sample_no: 56, actual label: 0, predicted: 1
iter: 10, sample_no: 8, actual label: 0, predicted: 1
iter: 11, sample_no: 56, actual label: 0, predicted: 1
iter: 12, sample_no: 0, actual label: 0, predicted: 0
iter: 13, sample_no: 45, actual label: 0, predicted: 0
iter: 14, sample_no: 35, actual label: 0, predicted: 0
iter: 15, sample_no: 43, actual label: 0, predicted: 0
iter: 16, sample_no: 26, actual label: 0, predicted: 0
iter: 17, sample_no: 7, actual label: 0, predicted: 0
iter: 18, sample_no: 38, actual label: 1, predicted: 0
iter: 19, sample_no: 14, actual label: 0, predicted: 0
iter: 20, sample_no: 21, actual label: 0, predicted: 1
iter: 21, sample_no: 55, actual label: 0, predicted: 1
iter: 22, sample_no: 7, actual label: 0, predicted: 0
iter: 23, sample_no: 10, actual label: 0, predicted: 1
iter: 24, sample_no: 47, actual label: 0, predicted: 1
number of samples: 57
AUC 0.39583333333333337
pos_get 9
total recall stop_at 1
@@@ C - Repeat number: 8
@@@ D - common_header:  {'F105', 'F71-dims@apache.org', 'F41', 'F3-NA', 'F117', 'F3-String[]', 'F15-private', 'F71-oros@apache.org', 'F3-String', 'F71-thads@apache.org', 'F123', 'F71-jsalvata@apache.org', 'F71-mkostrze@apache.org', 'F3-JMeterFileFilter', 'F65', 'F71-jeremy_a@apache.org', 'F71-seade@apache.org', 'F3-TextMessage', 'F25', 'F71-mblankestijn@apache.org', 'F3-byte[]', 'F101', 'F71-sebb@apache.org', 'F3-InterleaveControl.IGNORE_SUB_CONTROLLERS', 'F3-boolean', 'F72', 'F15-protected', 'F120', 'F71-milamber@apache.org', 'F15-NA', 'F22', 'F3-GenericController', 'F71-woolfel@apache.org', 'F68', 'F116', 'F115', 'F71-pmouawad@apache.org', 'category', 'F3-TestElementProperty', 'F3-StringProperty', 'F3-Date', 'F3-long', 'F71-dev-null@apache.org', 'F71-alf@apache.org', 'F15-public', 'F71-mstover1@apache.org', 'F3-CollectionProperty', 'F3-((ThroughputController)el).getMaxThroughput()', 'F3-JMeterTreeNode', 'F3-int', 'F77', 'F104', 'F110', 'F126'}
    F72   F25  ... F71-sebb@apache.org F71-mstover1@apache.org
1  8464  1639  ...                   1                       1
2  8464  1639  ...                   1                       1
3  8464  1639  ...                   1                       1

[3 rows x 53 columns]
;.;
        F72       F25  ...  F71-sebb@apache.org  F71-mstover1@apache.org
0  0.409982  0.429177  ...                  1.0                      1.0
1  0.409982  0.429177  ...                  1.0                      1.0
2  0.409982  0.429177  ...                  1.0                      1.0

[3 rows x 53 columns]
training_x: (575, 53)
training_y: 575
testset_x: (57, 53)
testset_y: 57
              precision    recall  f1-score   support

           0       0.79      0.54      0.64        48
           1       0.08      0.22      0.12         9

    accuracy                           0.49        57
   macro avg       0.44      0.38      0.38        57
weighted avg       0.68      0.49      0.56        57

accuracy: 0.49122807017543857
0.12121212121212122
@@@ tn: 26, fp: 22, fn: 7, tp: 2
@@@ LIME - Creating explainer
@@@ LIME - Random Sampling of Instances
iter: 0, sample_no: 32, actual label: 0, predicted: 0
iter: 1, sample_no: 8, actual label: 0, predicted: 1
iter: 2, sample_no: 55, actual label: 0, predicted: 1
iter: 3, sample_no: 27, actual label: 1, predicted: 0
iter: 4, sample_no: 53, actual label: 0, predicted: 1
iter: 5, sample_no: 2, actual label: 0, predicted: 0
iter: 6, sample_no: 22, actual label: 1, predicted: 0
iter: 7, sample_no: 34, actual label: 0, predicted: 1
iter: 8, sample_no: 31, actual label: 0, predicted: 0
iter: 9, sample_no: 29, actual label: 0, predicted: 0
iter: 10, sample_no: 5, actual label: 0, predicted: 0
iter: 11, sample_no: 50, actual label: 0, predicted: 0
iter: 12, sample_no: 14, actual label: 0, predicted: 0
iter: 13, sample_no: 5, actual label: 0, predicted: 0
iter: 14, sample_no: 50, actual label: 0, predicted: 0
iter: 15, sample_no: 56, actual label: 0, predicted: 1
iter: 16, sample_no: 46, actual label: 0, predicted: 1
iter: 17, sample_no: 15, actual label: 0, predicted: 0
iter: 18, sample_no: 15, actual label: 0, predicted: 0
iter: 19, sample_no: 47, actual label: 0, predicted: 1
iter: 20, sample_no: 24, actual label: 0, predicted: 1
iter: 21, sample_no: 31, actual label: 0, predicted: 0
iter: 22, sample_no: 11, actual label: 1, predicted: 0
iter: 23, sample_no: 8, actual label: 0, predicted: 1
iter: 24, sample_no: 36, actual label: 1, predicted: 1
number of samples: 57
AUC 0.39583333333333337
pos_get 9
total recall stop_at 1
@@@ C - Repeat number: 9
@@@ D - common_header:  {'F105', 'F71-dims@apache.org', 'F41', 'F3-NA', 'F117', 'F3-String[]', 'F15-private', 'F71-oros@apache.org', 'F3-String', 'F71-thads@apache.org', 'F123', 'F71-jsalvata@apache.org', 'F71-mkostrze@apache.org', 'F3-JMeterFileFilter', 'F65', 'F71-jeremy_a@apache.org', 'F71-seade@apache.org', 'F3-TextMessage', 'F25', 'F71-mblankestijn@apache.org', 'F3-byte[]', 'F101', 'F71-sebb@apache.org', 'F3-InterleaveControl.IGNORE_SUB_CONTROLLERS', 'F3-boolean', 'F72', 'F15-protected', 'F120', 'F71-milamber@apache.org', 'F15-NA', 'F22', 'F3-GenericController', 'F71-woolfel@apache.org', 'F68', 'F116', 'F115', 'F71-pmouawad@apache.org', 'category', 'F3-TestElementProperty', 'F3-StringProperty', 'F3-Date', 'F3-long', 'F71-dev-null@apache.org', 'F71-alf@apache.org', 'F15-public', 'F71-mstover1@apache.org', 'F3-CollectionProperty', 'F3-((ThroughputController)el).getMaxThroughput()', 'F3-JMeterTreeNode', 'F3-int', 'F77', 'F104', 'F110', 'F126'}
    F72   F25  ... F71-sebb@apache.org F71-mstover1@apache.org
1  8464  1639  ...                   1                       1
2  8464  1639  ...                   1                       1
3  8464  1639  ...                   1                       1

[3 rows x 53 columns]
;.;
        F72       F25  ...  F71-sebb@apache.org  F71-mstover1@apache.org
0  0.409982  0.429177  ...                  1.0                      1.0
1  0.409982  0.429177  ...                  1.0                      1.0
2  0.409982  0.429177  ...                  1.0                      1.0

[3 rows x 53 columns]
training_x: (575, 53)
training_y: 575
testset_x: (57, 53)
testset_y: 57
              precision    recall  f1-score   support

           0       0.79      0.54      0.64        48
           1       0.08      0.22      0.12         9

    accuracy                           0.49        57
   macro avg       0.44      0.38      0.38        57
weighted avg       0.68      0.49      0.56        57

accuracy: 0.49122807017543857
0.12121212121212122
@@@ tn: 26, fp: 22, fn: 7, tp: 2
@@@ LIME - Creating explainer
@@@ LIME - Random Sampling of Instances
iter: 0, sample_no: 37, actual label: 0, predicted: 1
iter: 1, sample_no: 36, actual label: 1, predicted: 1
iter: 2, sample_no: 46, actual label: 0, predicted: 1
iter: 3, sample_no: 54, actual label: 0, predicted: 1
iter: 4, sample_no: 18, actual label: 0, predicted: 1
iter: 5, sample_no: 53, actual label: 0, predicted: 1
iter: 6, sample_no: 35, actual label: 0, predicted: 0
iter: 7, sample_no: 50, actual label: 0, predicted: 0
iter: 8, sample_no: 37, actual label: 0, predicted: 1
iter: 9, sample_no: 50, actual label: 0, predicted: 0
iter: 10, sample_no: 36, actual label: 1, predicted: 1
iter: 11, sample_no: 26, actual label: 0, predicted: 0
iter: 12, sample_no: 30, actual label: 0, predicted: 0
iter: 13, sample_no: 44, actual label: 0, predicted: 0
iter: 14, sample_no: 4, actual label: 0, predicted: 1
iter: 15, sample_no: 53, actual label: 0, predicted: 1
iter: 16, sample_no: 18, actual label: 0, predicted: 1
iter: 17, sample_no: 41, actual label: 0, predicted: 0
iter: 18, sample_no: 3, actual label: 0, predicted: 1
iter: 19, sample_no: 18, actual label: 0, predicted: 1
iter: 20, sample_no: 14, actual label: 0, predicted: 0
iter: 21, sample_no: 48, actual label: 0, predicted: 0
iter: 22, sample_no: 29, actual label: 0, predicted: 0
iter: 23, sample_no: 23, actual label: 1, predicted: 0
iter: 24, sample_no: 47, actual label: 0, predicted: 1
number of samples: 57
AUC 0.39583333333333337
pos_get 9
total recall stop_at 1
@@@ C - Repeat number: 10
@@@ D - common_header:  {'F105', 'F71-dims@apache.org', 'F41', 'F3-NA', 'F117', 'F3-String[]', 'F15-private', 'F71-oros@apache.org', 'F3-String', 'F71-thads@apache.org', 'F123', 'F71-jsalvata@apache.org', 'F71-mkostrze@apache.org', 'F3-JMeterFileFilter', 'F65', 'F71-jeremy_a@apache.org', 'F71-seade@apache.org', 'F3-TextMessage', 'F25', 'F71-mblankestijn@apache.org', 'F3-byte[]', 'F101', 'F71-sebb@apache.org', 'F3-InterleaveControl.IGNORE_SUB_CONTROLLERS', 'F3-boolean', 'F72', 'F15-protected', 'F120', 'F71-milamber@apache.org', 'F15-NA', 'F22', 'F3-GenericController', 'F71-woolfel@apache.org', 'F68', 'F116', 'F115', 'F71-pmouawad@apache.org', 'category', 'F3-TestElementProperty', 'F3-StringProperty', 'F3-Date', 'F3-long', 'F71-dev-null@apache.org', 'F71-alf@apache.org', 'F15-public', 'F71-mstover1@apache.org', 'F3-CollectionProperty', 'F3-((ThroughputController)el).getMaxThroughput()', 'F3-JMeterTreeNode', 'F3-int', 'F77', 'F104', 'F110', 'F126'}
    F72   F25  ... F71-sebb@apache.org F71-mstover1@apache.org
1  8464  1639  ...                   1                       1
2  8464  1639  ...                   1                       1
3  8464  1639  ...                   1                       1

[3 rows x 53 columns]
;.;
        F72       F25  ...  F71-sebb@apache.org  F71-mstover1@apache.org
0  0.409982  0.429177  ...                  1.0                      1.0
1  0.409982  0.429177  ...                  1.0                      1.0
2  0.409982  0.429177  ...                  1.0                      1.0

[3 rows x 53 columns]
training_x: (575, 53)
training_y: 575
testset_x: (57, 53)
testset_y: 57
              precision    recall  f1-score   support

           0       0.79      0.54      0.64        48
           1       0.08      0.22      0.12         9

    accuracy                           0.49        57
   macro avg       0.44      0.38      0.38        57
weighted avg       0.68      0.49      0.56        57

accuracy: 0.49122807017543857
0.12121212121212122
@@@ tn: 26, fp: 22, fn: 7, tp: 2
@@@ LIME - Creating explainer
@@@ LIME - Random Sampling of Instances
iter: 0, sample_no: 28, actual label: 1, predicted: 0
iter: 1, sample_no: 36, actual label: 1, predicted: 1
iter: 2, sample_no: 51, actual label: 0, predicted: 1
iter: 3, sample_no: 7, actual label: 0, predicted: 0
iter: 4, sample_no: 38, actual label: 1, predicted: 0
iter: 5, sample_no: 6, actual label: 0, predicted: 0
iter: 6, sample_no: 28, actual label: 1, predicted: 0
iter: 7, sample_no: 45, actual label: 0, predicted: 0
iter: 8, sample_no: 31, actual label: 0, predicted: 0
iter: 9, sample_no: 42, actual label: 0, predicted: 1
iter: 10, sample_no: 31, actual label: 0, predicted: 0
iter: 11, sample_no: 18, actual label: 0, predicted: 1
iter: 12, sample_no: 56, actual label: 0, predicted: 1
iter: 13, sample_no: 33, actual label: 0, predicted: 1
iter: 14, sample_no: 25, actual label: 1, predicted: 1
iter: 15, sample_no: 37, actual label: 0, predicted: 1
iter: 16, sample_no: 39, actual label: 0, predicted: 1
iter: 17, sample_no: 31, actual label: 0, predicted: 0
iter: 18, sample_no: 35, actual label: 0, predicted: 0
iter: 19, sample_no: 23, actual label: 1, predicted: 0
iter: 20, sample_no: 9, actual label: 0, predicted: 0
iter: 21, sample_no: 48, actual label: 0, predicted: 0
iter: 22, sample_no: 15, actual label: 0, predicted: 0
iter: 23, sample_no: 11, actual label: 1, predicted: 0
iter: 24, sample_no: 44, actual label: 0, predicted: 0
number of samples: 57
AUC 0.39583333333333337
pos_get 9
total recall stop_at 1
----------threshold stop at----------: 1
AUC [0.39583333333333337, 0.39583333333333337, 0.39583333333333337, 0.39583333333333337, 0.39583333333333337, 0.39583333333333337, 0.39583333333333337, 0.39583333333333337, 0.39583333333333337, 0.39583333333333337]
AUC_median 0.39583333333333337
AUC_iqr 0.0
cost [1, 1, 1, 1, 1, 1, 1, 1, 1, 1]
COST_med 1.0
COST_iqr 0.0
f1_pos_list [np.float64(0.12121212121212122), np.float64(0.12121212121212122), np.float64(0.12121212121212122), np.float64(0.12121212121212122), np.float64(0.12121212121212122), np.float64(0.12121212121212122), np.float64(0.12121212121212122), np.float64(0.12121212121212122), np.float64(0.12121212121212122), np.float64(0.12121212121212122)]
f1_pos_med 0.12121212121212122
total_tn 260
total_fp 220
total_fn 70
total_tp 20
p= 0.08333333333333333
r= 0.2222222222222222
f= 0.12121212121212122
