@@@ A - classifier: SVC(class_weight='balanced', kernel='linear', probability=True)
@@@ B - threshold stop at: 1
@@@ C - Repeat number: 1
@@@ D - common_header:  {'F71-twalthr@apache.org', 'F110', 'F22', 'F115', 'F3-double', 'F71-mxm@apache.org', 'F41', 'F71-lungu.andra@gmail.com', 'F15-protected', 'F15-private', 'F3-Double', 'F77', 'F71-aljoscha.krettek@gmail.com', 'F3-String', 'F72', 'F123', 'F25', 'F71-fhueske@apache.org', 'F71-code@greghogan.com', 'F71-vasilikikalavri@gmail.com', 'F3-byte', 'F126', 'F71-chesnay@apache.org', 'F71-uce@apache.org', 'F116', 'F3-NA', 'F101', 'F117', 'F3-Tuple2', 'F3-int', 'F71-trohrmann@apache.org', 'F3-T', 'F3-Class', 'F71-rmetzger@apache.org', 'F104', 'F68', 'F71-vasia@apache.org', 'F120', 'F71-sewen@apache.org', 'F3-BooleanValue', 'F65', 'F3-Values', 'F15-NA', 'F15-public', 'F105', 'F3-boolean', 'category'}
     F72  F25  ... F71-uce@apache.org F71-trohrmann@apache.org
1  19805  748  ...                  0                        1
2  19805  748  ...                  0                        1
3  19805  748  ...                  0                        1

[3 rows x 46 columns]
;.;
        F72       F25  ...  F71-uce@apache.org  F71-trohrmann@apache.org
0  0.851521  0.939547  ...                 0.0                       1.0
1  0.851521  0.939547  ...                 0.0                       1.0
2  0.851521  0.939547  ...                 0.0                       1.0

[3 rows x 46 columns]
training_x: (2815, 46)
training_y: 2815
testset_x: (1301, 46)
testset_y: 1301
              precision    recall  f1-score   support

           0       0.69      0.67      0.68       780
           1       0.53      0.56      0.54       521

    accuracy                           0.62      1301
   macro avg       0.61      0.61      0.61      1301
weighted avg       0.63      0.62      0.63      1301

accuracy: 0.6249039200614912
0.5439252336448598
@@@ tn: 522, fp: 258, fn: 230, tp: 291
@@@ LIME - Creating explainer
@@@ LIME - Random Sampling of Instances
iter: 0, sample_no: 255, actual label: 0, predicted: 0
iter: 1, sample_no: 597, actual label: 0, predicted: 1
iter: 2, sample_no: 785, actual label: 1, predicted: 0
iter: 3, sample_no: 711, actual label: 1, predicted: 0
iter: 4, sample_no: 538, actual label: 0, predicted: 0
iter: 5, sample_no: 662, actual label: 0, predicted: 1
iter: 6, sample_no: 784, actual label: 1, predicted: 0
iter: 7, sample_no: 1074, actual label: 1, predicted: 1
iter: 8, sample_no: 1135, actual label: 1, predicted: 1
iter: 9, sample_no: 881, actual label: 1, predicted: 1
iter: 10, sample_no: 489, actual label: 0, predicted: 0
iter: 11, sample_no: 412, actual label: 0, predicted: 0
iter: 12, sample_no: 491, actual label: 0, predicted: 0
iter: 13, sample_no: 1083, actual label: 1, predicted: 0
iter: 14, sample_no: 1045, actual label: 0, predicted: 1
iter: 15, sample_no: 1112, actual label: 0, predicted: 0
iter: 16, sample_no: 140, actual label: 1, predicted: 0
iter: 17, sample_no: 486, actual label: 0, predicted: 0
iter: 18, sample_no: 159, actual label: 1, predicted: 1
iter: 19, sample_no: 865, actual label: 1, predicted: 0
iter: 20, sample_no: 110, actual label: 0, predicted: 1
iter: 21, sample_no: 254, actual label: 0, predicted: 0
iter: 22, sample_no: 335, actual label: 0, predicted: 0
iter: 23, sample_no: 663, actual label: 0, predicted: 1
iter: 24, sample_no: 1246, actual label: 1, predicted: 1
number of samples: 1301
AUC 0.6983906688321275
pos_get 521
total recall stop_at 1.0
@@@ C - Repeat number: 2
@@@ D - common_header:  {'F71-twalthr@apache.org', 'F110', 'F22', 'F115', 'F3-double', 'F71-mxm@apache.org', 'F41', 'F71-lungu.andra@gmail.com', 'F15-protected', 'F15-private', 'F3-Double', 'F77', 'F71-aljoscha.krettek@gmail.com', 'F3-String', 'F72', 'F123', 'F25', 'F71-fhueske@apache.org', 'F71-code@greghogan.com', 'F71-vasilikikalavri@gmail.com', 'F3-byte', 'F126', 'F71-chesnay@apache.org', 'F71-uce@apache.org', 'F116', 'F3-NA', 'F101', 'F117', 'F3-Tuple2', 'F3-int', 'F71-trohrmann@apache.org', 'F3-T', 'F3-Class', 'F71-rmetzger@apache.org', 'F104', 'F68', 'F71-vasia@apache.org', 'F120', 'F71-sewen@apache.org', 'F3-BooleanValue', 'F65', 'F3-Values', 'F15-NA', 'F15-public', 'F105', 'F3-boolean', 'category'}
     F72  F25  ... F71-uce@apache.org F71-trohrmann@apache.org
1  19805  748  ...                  0                        1
2  19805  748  ...                  0                        1
3  19805  748  ...                  0                        1

[3 rows x 46 columns]
;.;
        F72       F25  ...  F71-uce@apache.org  F71-trohrmann@apache.org
0  0.851521  0.939547  ...                 0.0                       1.0
1  0.851521  0.939547  ...                 0.0                       1.0
2  0.851521  0.939547  ...                 0.0                       1.0

[3 rows x 46 columns]
training_x: (2815, 46)
training_y: 2815
testset_x: (1301, 46)
testset_y: 1301
              precision    recall  f1-score   support

           0       0.69      0.67      0.68       780
           1       0.53      0.56      0.54       521

    accuracy                           0.62      1301
   macro avg       0.61      0.61      0.61      1301
weighted avg       0.63      0.62      0.63      1301

accuracy: 0.6249039200614912
0.5439252336448598
@@@ tn: 522, fp: 258, fn: 230, tp: 291
@@@ LIME - Creating explainer
@@@ LIME - Random Sampling of Instances
iter: 0, sample_no: 753, actual label: 1, predicted: 0
iter: 1, sample_no: 132, actual label: 0, predicted: 1
iter: 2, sample_no: 952, actual label: 1, predicted: 1
iter: 3, sample_no: 392, actual label: 0, predicted: 0
iter: 4, sample_no: 855, actual label: 1, predicted: 1
iter: 5, sample_no: 677, actual label: 0, predicted: 1
iter: 6, sample_no: 675, actual label: 0, predicted: 1
iter: 7, sample_no: 1059, actual label: 1, predicted: 1
iter: 8, sample_no: 929, actual label: 1, predicted: 1
iter: 9, sample_no: 913, actual label: 1, predicted: 1
iter: 10, sample_no: 955, actual label: 1, predicted: 1
iter: 11, sample_no: 769, actual label: 1, predicted: 1
iter: 12, sample_no: 745, actual label: 1, predicted: 1
iter: 13, sample_no: 164, actual label: 1, predicted: 0
iter: 14, sample_no: 294, actual label: 0, predicted: 0
iter: 15, sample_no: 973, actual label: 0, predicted: 1
iter: 16, sample_no: 187, actual label: 1, predicted: 1
iter: 17, sample_no: 967, actual label: 1, predicted: 0
iter: 18, sample_no: 741, actual label: 1, predicted: 1
iter: 19, sample_no: 707, actual label: 1, predicted: 1
iter: 20, sample_no: 489, actual label: 0, predicted: 0
iter: 21, sample_no: 1096, actual label: 0, predicted: 0
iter: 22, sample_no: 197, actual label: 1, predicted: 0
iter: 23, sample_no: 451, actual label: 0, predicted: 0
iter: 24, sample_no: 941, actual label: 1, predicted: 1
number of samples: 1301
AUC 0.6984251193464246
pos_get 521
total recall stop_at 1.0
@@@ C - Repeat number: 3
@@@ D - common_header:  {'F71-twalthr@apache.org', 'F110', 'F22', 'F115', 'F3-double', 'F71-mxm@apache.org', 'F41', 'F71-lungu.andra@gmail.com', 'F15-protected', 'F15-private', 'F3-Double', 'F77', 'F71-aljoscha.krettek@gmail.com', 'F3-String', 'F72', 'F123', 'F25', 'F71-fhueske@apache.org', 'F71-code@greghogan.com', 'F71-vasilikikalavri@gmail.com', 'F3-byte', 'F126', 'F71-chesnay@apache.org', 'F71-uce@apache.org', 'F116', 'F3-NA', 'F101', 'F117', 'F3-Tuple2', 'F3-int', 'F71-trohrmann@apache.org', 'F3-T', 'F3-Class', 'F71-rmetzger@apache.org', 'F104', 'F68', 'F71-vasia@apache.org', 'F120', 'F71-sewen@apache.org', 'F3-BooleanValue', 'F65', 'F3-Values', 'F15-NA', 'F15-public', 'F105', 'F3-boolean', 'category'}
     F72  F25  ... F71-uce@apache.org F71-trohrmann@apache.org
1  19805  748  ...                  0                        1
2  19805  748  ...                  0                        1
3  19805  748  ...                  0                        1

[3 rows x 46 columns]
;.;
        F72       F25  ...  F71-uce@apache.org  F71-trohrmann@apache.org
0  0.851521  0.939547  ...                 0.0                       1.0
1  0.851521  0.939547  ...                 0.0                       1.0
2  0.851521  0.939547  ...                 0.0                       1.0

[3 rows x 46 columns]
training_x: (2815, 46)
training_y: 2815
testset_x: (1301, 46)
testset_y: 1301
              precision    recall  f1-score   support

           0       0.69      0.67      0.68       780
           1       0.53      0.56      0.54       521

    accuracy                           0.62      1301
   macro avg       0.61      0.61      0.61      1301
weighted avg       0.63      0.62      0.63      1301

accuracy: 0.6249039200614912
0.5439252336448598
@@@ tn: 522, fp: 258, fn: 230, tp: 291
@@@ LIME - Creating explainer
@@@ LIME - Random Sampling of Instances
iter: 0, sample_no: 414, actual label: 0, predicted: 0
iter: 1, sample_no: 793, actual label: 1, predicted: 0
iter: 2, sample_no: 3, actual label: 0, predicted: 0
iter: 3, sample_no: 909, actual label: 1, predicted: 1
iter: 4, sample_no: 823, actual label: 1, predicted: 1
iter: 5, sample_no: 65, actual label: 0, predicted: 0
iter: 6, sample_no: 91, actual label: 0, predicted: 0
iter: 7, sample_no: 956, actual label: 1, predicted: 1
iter: 8, sample_no: 426, actual label: 0, predicted: 0
iter: 9, sample_no: 100, actual label: 0, predicted: 0
iter: 10, sample_no: 387, actual label: 0, predicted: 0
iter: 11, sample_no: 1032, actual label: 0, predicted: 1
iter: 12, sample_no: 541, actual label: 0, predicted: 0
iter: 13, sample_no: 1260, actual label: 0, predicted: 1
iter: 14, sample_no: 1231, actual label: 1, predicted: 0
iter: 15, sample_no: 195, actual label: 1, predicted: 0
iter: 16, sample_no: 892, actual label: 1, predicted: 1
iter: 17, sample_no: 772, actual label: 1, predicted: 0
iter: 18, sample_no: 844, actual label: 1, predicted: 1
iter: 19, sample_no: 718, actual label: 1, predicted: 0
iter: 20, sample_no: 691, actual label: 0, predicted: 1
iter: 21, sample_no: 755, actual label: 1, predicted: 1
iter: 22, sample_no: 15, actual label: 0, predicted: 1
iter: 23, sample_no: 1262, actual label: 1, predicted: 1
iter: 24, sample_no: 211, actual label: 0, predicted: 0
number of samples: 1301
AUC 0.6983857473300852
pos_get 521
total recall stop_at 1.0
@@@ C - Repeat number: 4
@@@ D - common_header:  {'F71-twalthr@apache.org', 'F110', 'F22', 'F115', 'F3-double', 'F71-mxm@apache.org', 'F41', 'F71-lungu.andra@gmail.com', 'F15-protected', 'F15-private', 'F3-Double', 'F77', 'F71-aljoscha.krettek@gmail.com', 'F3-String', 'F72', 'F123', 'F25', 'F71-fhueske@apache.org', 'F71-code@greghogan.com', 'F71-vasilikikalavri@gmail.com', 'F3-byte', 'F126', 'F71-chesnay@apache.org', 'F71-uce@apache.org', 'F116', 'F3-NA', 'F101', 'F117', 'F3-Tuple2', 'F3-int', 'F71-trohrmann@apache.org', 'F3-T', 'F3-Class', 'F71-rmetzger@apache.org', 'F104', 'F68', 'F71-vasia@apache.org', 'F120', 'F71-sewen@apache.org', 'F3-BooleanValue', 'F65', 'F3-Values', 'F15-NA', 'F15-public', 'F105', 'F3-boolean', 'category'}
     F72  F25  ... F71-uce@apache.org F71-trohrmann@apache.org
1  19805  748  ...                  0                        1
2  19805  748  ...                  0                        1
3  19805  748  ...                  0                        1

[3 rows x 46 columns]
;.;
        F72       F25  ...  F71-uce@apache.org  F71-trohrmann@apache.org
0  0.851521  0.939547  ...                 0.0                       1.0
1  0.851521  0.939547  ...                 0.0                       1.0
2  0.851521  0.939547  ...                 0.0                       1.0

[3 rows x 46 columns]
training_x: (2815, 46)
training_y: 2815
testset_x: (1301, 46)
testset_y: 1301
              precision    recall  f1-score   support

           0       0.69      0.67      0.68       780
           1       0.53      0.56      0.54       521

    accuracy                           0.62      1301
   macro avg       0.61      0.61      0.61      1301
weighted avg       0.63      0.62      0.63      1301

accuracy: 0.6249039200614912
0.5439252336448598
@@@ tn: 522, fp: 258, fn: 230, tp: 291
@@@ LIME - Creating explainer
@@@ LIME - Random Sampling of Instances
iter: 0, sample_no: 837, actual label: 1, predicted: 0
iter: 1, sample_no: 309, actual label: 0, predicted: 0
iter: 2, sample_no: 99, actual label: 0, predicted: 0
iter: 3, sample_no: 1158, actual label: 0, predicted: 0
iter: 4, sample_no: 284, actual label: 0, predicted: 0
iter: 5, sample_no: 128, actual label: 0, predicted: 0
iter: 6, sample_no: 580, actual label: 1, predicted: 0
iter: 7, sample_no: 767, actual label: 1, predicted: 0
iter: 8, sample_no: 549, actual label: 0, predicted: 0
iter: 9, sample_no: 341, actual label: 0, predicted: 0
iter: 10, sample_no: 116, actual label: 0, predicted: 0
iter: 11, sample_no: 1235, actual label: 1, predicted: 0
iter: 12, sample_no: 1235, actual label: 1, predicted: 0
iter: 13, sample_no: 146, actual label: 0, predicted: 1
iter: 14, sample_no: 98, actual label: 0, predicted: 0
iter: 15, sample_no: 284, actual label: 0, predicted: 0
iter: 16, sample_no: 1113, actual label: 0, predicted: 0
iter: 17, sample_no: 1053, actual label: 0, predicted: 0
iter: 18, sample_no: 906, actual label: 1, predicted: 1
iter: 19, sample_no: 427, actual label: 0, predicted: 0
iter: 20, sample_no: 928, actual label: 1, predicted: 1
iter: 21, sample_no: 1142, actual label: 1, predicted: 0
iter: 22, sample_no: 522, actual label: 0, predicted: 0
iter: 23, sample_no: 1117, actual label: 0, predicted: 1
iter: 24, sample_no: 818, actual label: 1, predicted: 1
number of samples: 1301
AUC 0.6983906688321275
pos_get 521
total recall stop_at 1.0
@@@ C - Repeat number: 5
@@@ D - common_header:  {'F71-twalthr@apache.org', 'F110', 'F22', 'F115', 'F3-double', 'F71-mxm@apache.org', 'F41', 'F71-lungu.andra@gmail.com', 'F15-protected', 'F15-private', 'F3-Double', 'F77', 'F71-aljoscha.krettek@gmail.com', 'F3-String', 'F72', 'F123', 'F25', 'F71-fhueske@apache.org', 'F71-code@greghogan.com', 'F71-vasilikikalavri@gmail.com', 'F3-byte', 'F126', 'F71-chesnay@apache.org', 'F71-uce@apache.org', 'F116', 'F3-NA', 'F101', 'F117', 'F3-Tuple2', 'F3-int', 'F71-trohrmann@apache.org', 'F3-T', 'F3-Class', 'F71-rmetzger@apache.org', 'F104', 'F68', 'F71-vasia@apache.org', 'F120', 'F71-sewen@apache.org', 'F3-BooleanValue', 'F65', 'F3-Values', 'F15-NA', 'F15-public', 'F105', 'F3-boolean', 'category'}
     F72  F25  ... F71-uce@apache.org F71-trohrmann@apache.org
1  19805  748  ...                  0                        1
2  19805  748  ...                  0                        1
3  19805  748  ...                  0                        1

[3 rows x 46 columns]
;.;
        F72       F25  ...  F71-uce@apache.org  F71-trohrmann@apache.org
0  0.851521  0.939547  ...                 0.0                       1.0
1  0.851521  0.939547  ...                 0.0                       1.0
2  0.851521  0.939547  ...                 0.0                       1.0

[3 rows x 46 columns]
training_x: (2815, 46)
training_y: 2815
testset_x: (1301, 46)
testset_y: 1301
              precision    recall  f1-score   support

           0       0.69      0.67      0.68       780
           1       0.53      0.56      0.54       521

    accuracy                           0.62      1301
   macro avg       0.61      0.61      0.61      1301
weighted avg       0.63      0.62      0.63      1301

accuracy: 0.6249039200614912
0.5439252336448598
@@@ tn: 522, fp: 258, fn: 230, tp: 291
@@@ LIME - Creating explainer
@@@ LIME - Random Sampling of Instances
iter: 0, sample_no: 327, actual label: 0, predicted: 0
iter: 1, sample_no: 733, actual label: 1, predicted: 0
iter: 2, sample_no: 202, actual label: 0, predicted: 0
iter: 3, sample_no: 109, actual label: 0, predicted: 0
iter: 4, sample_no: 268, actual label: 0, predicted: 0
iter: 5, sample_no: 365, actual label: 0, predicted: 0
iter: 6, sample_no: 793, actual label: 1, predicted: 0
iter: 7, sample_no: 1194, actual label: 0, predicted: 0
iter: 8, sample_no: 941, actual label: 1, predicted: 1
iter: 9, sample_no: 113, actual label: 0, predicted: 0
iter: 10, sample_no: 1238, actual label: 1, predicted: 1
iter: 11, sample_no: 167, actual label: 1, predicted: 1
iter: 12, sample_no: 1211, actual label: 0, predicted: 0
iter: 13, sample_no: 1198, actual label: 0, predicted: 1
iter: 14, sample_no: 613, actual label: 1, predicted: 1
iter: 15, sample_no: 186, actual label: 1, predicted: 1
iter: 16, sample_no: 614, actual label: 0, predicted: 1
iter: 17, sample_no: 654, actual label: 0, predicted: 1
iter: 18, sample_no: 356, actual label: 0, predicted: 0
iter: 19, sample_no: 765, actual label: 1, predicted: 0
iter: 20, sample_no: 738, actual label: 1, predicted: 1
iter: 21, sample_no: 251, actual label: 0, predicted: 0
iter: 22, sample_no: 365, actual label: 0, predicted: 0
iter: 23, sample_no: 337, actual label: 0, predicted: 0
iter: 24, sample_no: 925, actual label: 1, predicted: 1
number of samples: 1301
AUC 0.6983660613219155
pos_get 521
total recall stop_at 1.0
@@@ C - Repeat number: 6
@@@ D - common_header:  {'F71-twalthr@apache.org', 'F110', 'F22', 'F115', 'F3-double', 'F71-mxm@apache.org', 'F41', 'F71-lungu.andra@gmail.com', 'F15-protected', 'F15-private', 'F3-Double', 'F77', 'F71-aljoscha.krettek@gmail.com', 'F3-String', 'F72', 'F123', 'F25', 'F71-fhueske@apache.org', 'F71-code@greghogan.com', 'F71-vasilikikalavri@gmail.com', 'F3-byte', 'F126', 'F71-chesnay@apache.org', 'F71-uce@apache.org', 'F116', 'F3-NA', 'F101', 'F117', 'F3-Tuple2', 'F3-int', 'F71-trohrmann@apache.org', 'F3-T', 'F3-Class', 'F71-rmetzger@apache.org', 'F104', 'F68', 'F71-vasia@apache.org', 'F120', 'F71-sewen@apache.org', 'F3-BooleanValue', 'F65', 'F3-Values', 'F15-NA', 'F15-public', 'F105', 'F3-boolean', 'category'}
     F72  F25  ... F71-uce@apache.org F71-trohrmann@apache.org
1  19805  748  ...                  0                        1
2  19805  748  ...                  0                        1
3  19805  748  ...                  0                        1

[3 rows x 46 columns]
;.;
        F72       F25  ...  F71-uce@apache.org  F71-trohrmann@apache.org
0  0.851521  0.939547  ...                 0.0                       1.0
1  0.851521  0.939547  ...                 0.0                       1.0
2  0.851521  0.939547  ...                 0.0                       1.0

[3 rows x 46 columns]
training_x: (2815, 46)
training_y: 2815
testset_x: (1301, 46)
testset_y: 1301
              precision    recall  f1-score   support

           0       0.69      0.67      0.68       780
           1       0.53      0.56      0.54       521

    accuracy                           0.62      1301
   macro avg       0.61      0.61      0.61      1301
weighted avg       0.63      0.62      0.63      1301

accuracy: 0.6249039200614912
0.5439252336448598
@@@ tn: 522, fp: 258, fn: 230, tp: 291
@@@ LIME - Creating explainer
@@@ LIME - Random Sampling of Instances
iter: 0, sample_no: 563, actual label: 0, predicted: 0
iter: 1, sample_no: 68, actual label: 0, predicted: 0
iter: 2, sample_no: 89, actual label: 0, predicted: 1
iter: 3, sample_no: 485, actual label: 0, predicted: 0
iter: 4, sample_no: 283, actual label: 0, predicted: 0
iter: 5, sample_no: 1064, actual label: 0, predicted: 1
iter: 6, sample_no: 81, actual label: 0, predicted: 1
iter: 7, sample_no: 66, actual label: 0, predicted: 0
iter: 8, sample_no: 485, actual label: 0, predicted: 0
iter: 9, sample_no: 1048, actual label: 0, predicted: 1
iter: 10, sample_no: 152, actual label: 0, predicted: 0
iter: 11, sample_no: 972, actual label: 1, predicted: 0
iter: 12, sample_no: 556, actual label: 0, predicted: 0
iter: 13, sample_no: 64, actual label: 0, predicted: 0
iter: 14, sample_no: 953, actual label: 1, predicted: 1
iter: 15, sample_no: 454, actual label: 0, predicted: 0
iter: 16, sample_no: 235, actual label: 0, predicted: 0
iter: 17, sample_no: 299, actual label: 0, predicted: 0
iter: 18, sample_no: 553, actual label: 1, predicted: 0
iter: 19, sample_no: 453, actual label: 0, predicted: 0
iter: 20, sample_no: 104, actual label: 0, predicted: 0
iter: 21, sample_no: 633, actual label: 0, predicted: 1
iter: 22, sample_no: 329, actual label: 1, predicted: 0
iter: 23, sample_no: 175, actual label: 1, predicted: 0
iter: 24, sample_no: 100, actual label: 0, predicted: 0
number of samples: 1301
AUC 0.6984005118362124
pos_get 521
total recall stop_at 1.0
@@@ C - Repeat number: 7
@@@ D - common_header:  {'F71-twalthr@apache.org', 'F110', 'F22', 'F115', 'F3-double', 'F71-mxm@apache.org', 'F41', 'F71-lungu.andra@gmail.com', 'F15-protected', 'F15-private', 'F3-Double', 'F77', 'F71-aljoscha.krettek@gmail.com', 'F3-String', 'F72', 'F123', 'F25', 'F71-fhueske@apache.org', 'F71-code@greghogan.com', 'F71-vasilikikalavri@gmail.com', 'F3-byte', 'F126', 'F71-chesnay@apache.org', 'F71-uce@apache.org', 'F116', 'F3-NA', 'F101', 'F117', 'F3-Tuple2', 'F3-int', 'F71-trohrmann@apache.org', 'F3-T', 'F3-Class', 'F71-rmetzger@apache.org', 'F104', 'F68', 'F71-vasia@apache.org', 'F120', 'F71-sewen@apache.org', 'F3-BooleanValue', 'F65', 'F3-Values', 'F15-NA', 'F15-public', 'F105', 'F3-boolean', 'category'}
     F72  F25  ... F71-uce@apache.org F71-trohrmann@apache.org
1  19805  748  ...                  0                        1
2  19805  748  ...                  0                        1
3  19805  748  ...                  0                        1

[3 rows x 46 columns]
;.;
        F72       F25  ...  F71-uce@apache.org  F71-trohrmann@apache.org
0  0.851521  0.939547  ...                 0.0                       1.0
1  0.851521  0.939547  ...                 0.0                       1.0
2  0.851521  0.939547  ...                 0.0                       1.0

[3 rows x 46 columns]
training_x: (2815, 46)
training_y: 2815
testset_x: (1301, 46)
testset_y: 1301
              precision    recall  f1-score   support

           0       0.69      0.67      0.68       780
           1       0.53      0.56      0.54       521

    accuracy                           0.62      1301
   macro avg       0.61      0.61      0.61      1301
weighted avg       0.63      0.62      0.63      1301

accuracy: 0.6249039200614912
0.5439252336448598
@@@ tn: 522, fp: 258, fn: 230, tp: 291
@@@ LIME - Creating explainer
@@@ LIME - Random Sampling of Instances
iter: 0, sample_no: 424, actual label: 0, predicted: 0
iter: 1, sample_no: 651, actual label: 0, predicted: 1
iter: 2, sample_no: 317, actual label: 0, predicted: 0
iter: 3, sample_no: 510, actual label: 0, predicted: 0
iter: 4, sample_no: 353, actual label: 0, predicted: 0
iter: 5, sample_no: 818, actual label: 1, predicted: 1
iter: 6, sample_no: 1142, actual label: 1, predicted: 0
iter: 7, sample_no: 596, actual label: 0, predicted: 1
iter: 8, sample_no: 560, actual label: 0, predicted: 0
iter: 9, sample_no: 931, actual label: 1, predicted: 1
iter: 10, sample_no: 609, actual label: 1, predicted: 1
iter: 11, sample_no: 624, actual label: 0, predicted: 1
iter: 12, sample_no: 578, actual label: 1, predicted: 0
iter: 13, sample_no: 38, actual label: 1, predicted: 1
iter: 14, sample_no: 864, actual label: 1, predicted: 0
iter: 15, sample_no: 735, actual label: 1, predicted: 0
iter: 16, sample_no: 701, actual label: 1, predicted: 1
iter: 17, sample_no: 945, actual label: 1, predicted: 1
iter: 18, sample_no: 316, actual label: 0, predicted: 0
iter: 19, sample_no: 530, actual label: 0, predicted: 0
iter: 20, sample_no: 315, actual label: 0, predicted: 0
iter: 21, sample_no: 1015, actual label: 0, predicted: 1
iter: 22, sample_no: 58, actual label: 0, predicted: 0
iter: 23, sample_no: 478, actual label: 0, predicted: 0
iter: 24, sample_no: 849, actual label: 1, predicted: 1
number of samples: 1301
AUC 0.6984103548402972
pos_get 521
total recall stop_at 1.0
@@@ C - Repeat number: 8
@@@ D - common_header:  {'F71-twalthr@apache.org', 'F110', 'F22', 'F115', 'F3-double', 'F71-mxm@apache.org', 'F41', 'F71-lungu.andra@gmail.com', 'F15-protected', 'F15-private', 'F3-Double', 'F77', 'F71-aljoscha.krettek@gmail.com', 'F3-String', 'F72', 'F123', 'F25', 'F71-fhueske@apache.org', 'F71-code@greghogan.com', 'F71-vasilikikalavri@gmail.com', 'F3-byte', 'F126', 'F71-chesnay@apache.org', 'F71-uce@apache.org', 'F116', 'F3-NA', 'F101', 'F117', 'F3-Tuple2', 'F3-int', 'F71-trohrmann@apache.org', 'F3-T', 'F3-Class', 'F71-rmetzger@apache.org', 'F104', 'F68', 'F71-vasia@apache.org', 'F120', 'F71-sewen@apache.org', 'F3-BooleanValue', 'F65', 'F3-Values', 'F15-NA', 'F15-public', 'F105', 'F3-boolean', 'category'}
     F72  F25  ... F71-uce@apache.org F71-trohrmann@apache.org
1  19805  748  ...                  0                        1
2  19805  748  ...                  0                        1
3  19805  748  ...                  0                        1

[3 rows x 46 columns]
;.;
        F72       F25  ...  F71-uce@apache.org  F71-trohrmann@apache.org
0  0.851521  0.939547  ...                 0.0                       1.0
1  0.851521  0.939547  ...                 0.0                       1.0
2  0.851521  0.939547  ...                 0.0                       1.0

[3 rows x 46 columns]
training_x: (2815, 46)
training_y: 2815
testset_x: (1301, 46)
testset_y: 1301
              precision    recall  f1-score   support

           0       0.69      0.67      0.68       780
           1       0.53      0.56      0.54       521

    accuracy                           0.62      1301
   macro avg       0.61      0.61      0.61      1301
weighted avg       0.63      0.62      0.63      1301

accuracy: 0.6249039200614912
0.5439252336448598
@@@ tn: 522, fp: 258, fn: 230, tp: 291
@@@ LIME - Creating explainer
@@@ LIME - Random Sampling of Instances
iter: 0, sample_no: 109, actual label: 0, predicted: 0
iter: 1, sample_no: 537, actual label: 0, predicted: 0
iter: 2, sample_no: 718, actual label: 1, predicted: 0
iter: 3, sample_no: 373, actual label: 0, predicted: 0
iter: 4, sample_no: 587, actual label: 0, predicted: 1
iter: 5, sample_no: 1222, actual label: 1, predicted: 1
iter: 6, sample_no: 1163, actual label: 0, predicted: 0
iter: 7, sample_no: 1251, actual label: 1, predicted: 1
iter: 8, sample_no: 1099, actual label: 1, predicted: 0
iter: 9, sample_no: 370, actual label: 0, predicted: 0
iter: 10, sample_no: 178, actual label: 1, predicted: 1
iter: 11, sample_no: 799, actual label: 1, predicted: 0
iter: 12, sample_no: 1218, actual label: 0, predicted: 1
iter: 13, sample_no: 1083, actual label: 1, predicted: 0
iter: 14, sample_no: 995, actual label: 1, predicted: 1
iter: 15, sample_no: 948, actual label: 1, predicted: 1
iter: 16, sample_no: 39, actual label: 0, predicted: 1
iter: 17, sample_no: 185, actual label: 1, predicted: 1
iter: 18, sample_no: 1105, actual label: 0, predicted: 0
iter: 19, sample_no: 990, actual label: 0, predicted: 0
iter: 20, sample_no: 442, actual label: 0, predicted: 0
iter: 21, sample_no: 655, actual label: 0, predicted: 1
iter: 22, sample_no: 539, actual label: 0, predicted: 0
iter: 23, sample_no: 593, actual label: 0, predicted: 1
iter: 24, sample_no: 439, actual label: 0, predicted: 0
number of samples: 1301
AUC 0.6983857473300852
pos_get 521
total recall stop_at 1.0
@@@ C - Repeat number: 9
@@@ D - common_header:  {'F71-twalthr@apache.org', 'F110', 'F22', 'F115', 'F3-double', 'F71-mxm@apache.org', 'F41', 'F71-lungu.andra@gmail.com', 'F15-protected', 'F15-private', 'F3-Double', 'F77', 'F71-aljoscha.krettek@gmail.com', 'F3-String', 'F72', 'F123', 'F25', 'F71-fhueske@apache.org', 'F71-code@greghogan.com', 'F71-vasilikikalavri@gmail.com', 'F3-byte', 'F126', 'F71-chesnay@apache.org', 'F71-uce@apache.org', 'F116', 'F3-NA', 'F101', 'F117', 'F3-Tuple2', 'F3-int', 'F71-trohrmann@apache.org', 'F3-T', 'F3-Class', 'F71-rmetzger@apache.org', 'F104', 'F68', 'F71-vasia@apache.org', 'F120', 'F71-sewen@apache.org', 'F3-BooleanValue', 'F65', 'F3-Values', 'F15-NA', 'F15-public', 'F105', 'F3-boolean', 'category'}
     F72  F25  ... F71-uce@apache.org F71-trohrmann@apache.org
1  19805  748  ...                  0                        1
2  19805  748  ...                  0                        1
3  19805  748  ...                  0                        1

[3 rows x 46 columns]
;.;
        F72       F25  ...  F71-uce@apache.org  F71-trohrmann@apache.org
0  0.851521  0.939547  ...                 0.0                       1.0
1  0.851521  0.939547  ...                 0.0                       1.0
2  0.851521  0.939547  ...                 0.0                       1.0

[3 rows x 46 columns]
training_x: (2815, 46)
training_y: 2815
testset_x: (1301, 46)
testset_y: 1301
              precision    recall  f1-score   support

           0       0.69      0.67      0.68       780
           1       0.53      0.56      0.54       521

    accuracy                           0.62      1301
   macro avg       0.61      0.61      0.61      1301
weighted avg       0.63      0.62      0.63      1301

accuracy: 0.6249039200614912
0.5439252336448598
@@@ tn: 522, fp: 258, fn: 230, tp: 291
@@@ LIME - Creating explainer
@@@ LIME - Random Sampling of Instances
iter: 0, sample_no: 57, actual label: 0, predicted: 1
iter: 1, sample_no: 507, actual label: 0, predicted: 0
iter: 2, sample_no: 950, actual label: 1, predicted: 1
iter: 3, sample_no: 1224, actual label: 1, predicted: 0
iter: 4, sample_no: 1049, actual label: 0, predicted: 0
iter: 5, sample_no: 629, actual label: 0, predicted: 1
iter: 6, sample_no: 940, actual label: 1, predicted: 1
iter: 7, sample_no: 97, actual label: 0, predicted: 0
iter: 8, sample_no: 1096, actual label: 0, predicted: 0
iter: 9, sample_no: 234, actual label: 0, predicted: 0
iter: 10, sample_no: 477, actual label: 0, predicted: 0
iter: 11, sample_no: 1096, actual label: 0, predicted: 0
iter: 12, sample_no: 506, actual label: 0, predicted: 0
iter: 13, sample_no: 893, actual label: 1, predicted: 1
iter: 14, sample_no: 305, actual label: 1, predicted: 0
iter: 15, sample_no: 703, actual label: 1, predicted: 0
iter: 16, sample_no: 544, actual label: 0, predicted: 0
iter: 17, sample_no: 430, actual label: 0, predicted: 0
iter: 18, sample_no: 654, actual label: 0, predicted: 1
iter: 19, sample_no: 249, actual label: 0, predicted: 0
iter: 20, sample_no: 789, actual label: 1, predicted: 0
iter: 21, sample_no: 1112, actual label: 0, predicted: 0
iter: 22, sample_no: 702, actual label: 1, predicted: 0
iter: 23, sample_no: 980, actual label: 1, predicted: 0
iter: 24, sample_no: 176, actual label: 1, predicted: 0
number of samples: 1301
AUC 0.6983857473300852
pos_get 521
total recall stop_at 1.0
@@@ C - Repeat number: 10
@@@ D - common_header:  {'F71-twalthr@apache.org', 'F110', 'F22', 'F115', 'F3-double', 'F71-mxm@apache.org', 'F41', 'F71-lungu.andra@gmail.com', 'F15-protected', 'F15-private', 'F3-Double', 'F77', 'F71-aljoscha.krettek@gmail.com', 'F3-String', 'F72', 'F123', 'F25', 'F71-fhueske@apache.org', 'F71-code@greghogan.com', 'F71-vasilikikalavri@gmail.com', 'F3-byte', 'F126', 'F71-chesnay@apache.org', 'F71-uce@apache.org', 'F116', 'F3-NA', 'F101', 'F117', 'F3-Tuple2', 'F3-int', 'F71-trohrmann@apache.org', 'F3-T', 'F3-Class', 'F71-rmetzger@apache.org', 'F104', 'F68', 'F71-vasia@apache.org', 'F120', 'F71-sewen@apache.org', 'F3-BooleanValue', 'F65', 'F3-Values', 'F15-NA', 'F15-public', 'F105', 'F3-boolean', 'category'}
     F72  F25  ... F71-uce@apache.org F71-trohrmann@apache.org
1  19805  748  ...                  0                        1
2  19805  748  ...                  0                        1
3  19805  748  ...                  0                        1

[3 rows x 46 columns]
;.;
        F72       F25  ...  F71-uce@apache.org  F71-trohrmann@apache.org
0  0.851521  0.939547  ...                 0.0                       1.0
1  0.851521  0.939547  ...                 0.0                       1.0
2  0.851521  0.939547  ...                 0.0                       1.0

[3 rows x 46 columns]
training_x: (2815, 46)
training_y: 2815
testset_x: (1301, 46)
testset_y: 1301
              precision    recall  f1-score   support

           0       0.69      0.67      0.68       780
           1       0.53      0.56      0.54       521

    accuracy                           0.62      1301
   macro avg       0.61      0.61      0.61      1301
weighted avg       0.63      0.62      0.63      1301

accuracy: 0.6249039200614912
0.5439252336448598
@@@ tn: 522, fp: 258, fn: 230, tp: 291
@@@ LIME - Creating explainer
@@@ LIME - Random Sampling of Instances
iter: 0, sample_no: 779, actual label: 1, predicted: 1
iter: 1, sample_no: 617, actual label: 0, predicted: 1
iter: 2, sample_no: 265, actual label: 0, predicted: 0
iter: 3, sample_no: 967, actual label: 1, predicted: 0
iter: 4, sample_no: 646, actual label: 0, predicted: 1
iter: 5, sample_no: 728, actual label: 1, predicted: 1
iter: 6, sample_no: 156, actual label: 1, predicted: 0
iter: 7, sample_no: 912, actual label: 1, predicted: 1
iter: 8, sample_no: 1263, actual label: 0, predicted: 0
iter: 9, sample_no: 1251, actual label: 1, predicted: 1
iter: 10, sample_no: 211, actual label: 0, predicted: 0
iter: 11, sample_no: 947, actual label: 1, predicted: 1
iter: 12, sample_no: 247, actual label: 0, predicted: 0
iter: 13, sample_no: 342, actual label: 0, predicted: 0
iter: 14, sample_no: 903, actual label: 1, predicted: 1
iter: 15, sample_no: 945, actual label: 1, predicted: 1
iter: 16, sample_no: 560, actual label: 0, predicted: 0
iter: 17, sample_no: 887, actual label: 1, predicted: 1
iter: 18, sample_no: 1278, actual label: 1, predicted: 0
iter: 19, sample_no: 746, actual label: 1, predicted: 0
iter: 20, sample_no: 857, actual label: 1, predicted: 1
iter: 21, sample_no: 853, actual label: 1, predicted: 1
iter: 22, sample_no: 648, actual label: 0, predicted: 1
iter: 23, sample_no: 643, actual label: 0, predicted: 1
iter: 24, sample_no: 968, actual label: 1, predicted: 0
number of samples: 1301
AUC 0.6983906688321275
pos_get 521
total recall stop_at 1.0
----------threshold stop at----------: 1
AUC [0.6983906688321275, 0.6984251193464246, 0.6983857473300852, 0.6983906688321275, 0.6983660613219155, 0.6984005118362124, 0.6984103548402972, 0.6983857473300852, 0.6983857473300852, 0.6983906688321275]
AUC_median 0.6983906688321275
AUC_iqr 1.2303755106080061e-05
cost [1.0, 1.0, 1.0, 1.0, 1.0, 1.0, 1.0, 1.0, 1.0, 1.0]
COST_med 1.0
COST_iqr 0.0
f1_pos_list [np.float64(0.5439252336448598), np.float64(0.5439252336448598), np.float64(0.5439252336448598), np.float64(0.5439252336448598), np.float64(0.5439252336448598), np.float64(0.5439252336448598), np.float64(0.5439252336448598), np.float64(0.5439252336448598), np.float64(0.5439252336448598), np.float64(0.5439252336448598)]
f1_pos_med 0.5439252336448598
total_tn 5220
total_fp 2580
total_fn 2300
total_tp 2910
p= 0.5300546448087432
r= 0.5585412667946257
f= 0.5439252336448598
