@@@ A - classifier: SVC(class_weight='balanced', kernel='linear', probability=True)
@@@ B - threshold stop at: 1
@@@ C - Repeat number: 1
will not use leaked features
@@@ D - common_header:  {'F105', 'F15-protected', 'F71-britter@apache.org', 'F3-char', 'F72', 'F126', 'F22', 'F71-scolebourne@apache.org', 'F15-NA', 'F3-new ToStringBuilder(base).append(array).toString()', 'F71-ggregory@apache.org', 'F68', 'F3-Throwable', 'F71-sebb@apache.org', 'F3-new EqualsBuilder().append(obj1 obj2).isEquals()', 'F71-bayard@apache.org', 'F3-!new EqualsBuilder().append(obj1 obj2).isEquals()', 'F71-kinow@apache.org', 'F41', 'F71-mbenson@apache.org', 'F104', 'F3-boolean', 'F3-ArrayUtils.toObject(b)', 'category', 'F71-oheger@apache.org', 'F71-brentworden@apache.org', 'F3-null', 'F71-joehni@apache.org', 'F71-pbenedict@apache.org', 'F3-boolean[]', 'F123', 'F25', 'F71-jcarman@apache.org', 'F3-String', 'F71-djones@apache.org', 'F101', 'F71-niallp@apache.org', 'F15-public', 'F3-ArrayUtils.isSameLength(nullArray nullArray)', 'F71-chas@apache.org', 'F3-byte[]', 'F3-ArrayUtils.nullToEmpty(original)', 'F65', 'F3-int', 'F3-NA', 'F71-mcucchiara@apache.org', 'F3-Integer', 'F77'}
    F72   F25  ... F71-mbenson@apache.org F71-sebb@apache.org
1  2238  1386  ...                      1                   1
2  2238  1386  ...                      1                   1
3  2562  1663  ...                      1                   1

[3 rows x 47 columns]
;.;
        F72       F25  ...  F71-mbenson@apache.org  F71-sebb@apache.org
0  0.816014  0.830995  ...                     1.0                  1.0
1  0.816014  0.830995  ...                     1.0                  1.0
2  1.000000  1.000000  ...                     1.0                  1.0

[3 rows x 47 columns]
training_x: (725, 47)
training_y: 725
testset_x: (76, 47)
testset_y: 76
              precision    recall  f1-score   support

           0       0.86      0.91      0.88        65
           1       0.14      0.09      0.11        11

    accuracy                           0.79        76
   macro avg       0.50      0.50      0.50        76
weighted avg       0.75      0.79      0.77        76

accuracy: 0.7894736842105263
0.1111111111111111
@@@ tn: 59, fp: 6, fn: 10, tp: 1
@@@ LIME - Creating explainer
@@@ LIME - Random Sampling of Instances
iter: 0, sample_no: 64, actual label: 0, predicted: 0
iter: 1, sample_no: 13, actual label: 0, predicted: 1
iter: 2, sample_no: 41, actual label: 0, predicted: 0
iter: 3, sample_no: 54, actual label: 0, predicted: 0
iter: 4, sample_no: 26, actual label: 0, predicted: 0
iter: 5, sample_no: 7, actual label: 0, predicted: 0
iter: 6, sample_no: 62, actual label: 0, predicted: 0
iter: 7, sample_no: 14, actual label: 0, predicted: 0
iter: 8, sample_no: 36, actual label: 1, predicted: 0
iter: 9, sample_no: 52, actual label: 0, predicted: 0
iter: 10, sample_no: 54, actual label: 0, predicted: 0
iter: 11, sample_no: 45, actual label: 0, predicted: 0
iter: 12, sample_no: 37, actual label: 1, predicted: 0
iter: 13, sample_no: 53, actual label: 0, predicted: 0
iter: 14, sample_no: 37, actual label: 1, predicted: 0
iter: 15, sample_no: 19, actual label: 0, predicted: 1
iter: 16, sample_no: 61, actual label: 0, predicted: 0
iter: 17, sample_no: 40, actual label: 0, predicted: 0
iter: 18, sample_no: 15, actual label: 0, predicted: 0
iter: 19, sample_no: 11, actual label: 0, predicted: 0
iter: 20, sample_no: 46, actual label: 0, predicted: 0
iter: 21, sample_no: 32, actual label: 1, predicted: 0
iter: 22, sample_no: 73, actual label: 1, predicted: 0
iter: 23, sample_no: 38, actual label: 0, predicted: 0
iter: 24, sample_no: 30, actual label: 0, predicted: 0
number of samples: 76
AUC 0.4937062937062937
pos_get 11
total recall stop_at 1.0
@@@ C - Repeat number: 2
will not use leaked features
@@@ D - common_header:  {'F105', 'F15-protected', 'F71-britter@apache.org', 'F3-char', 'F72', 'F126', 'F22', 'F71-scolebourne@apache.org', 'F15-NA', 'F3-new ToStringBuilder(base).append(array).toString()', 'F71-ggregory@apache.org', 'F68', 'F3-Throwable', 'F71-sebb@apache.org', 'F3-new EqualsBuilder().append(obj1 obj2).isEquals()', 'F71-bayard@apache.org', 'F3-!new EqualsBuilder().append(obj1 obj2).isEquals()', 'F71-kinow@apache.org', 'F41', 'F71-mbenson@apache.org', 'F104', 'F3-boolean', 'F3-ArrayUtils.toObject(b)', 'category', 'F71-oheger@apache.org', 'F71-brentworden@apache.org', 'F3-null', 'F71-joehni@apache.org', 'F71-pbenedict@apache.org', 'F3-boolean[]', 'F123', 'F25', 'F71-jcarman@apache.org', 'F3-String', 'F71-djones@apache.org', 'F101', 'F71-niallp@apache.org', 'F15-public', 'F3-ArrayUtils.isSameLength(nullArray nullArray)', 'F71-chas@apache.org', 'F3-byte[]', 'F3-ArrayUtils.nullToEmpty(original)', 'F65', 'F3-int', 'F3-NA', 'F71-mcucchiara@apache.org', 'F3-Integer', 'F77'}
    F72   F25  ... F71-mbenson@apache.org F71-sebb@apache.org
1  2238  1386  ...                      1                   1
2  2238  1386  ...                      1                   1
3  2562  1663  ...                      1                   1

[3 rows x 47 columns]
;.;
        F72       F25  ...  F71-mbenson@apache.org  F71-sebb@apache.org
0  0.816014  0.830995  ...                     1.0                  1.0
1  0.816014  0.830995  ...                     1.0                  1.0
2  1.000000  1.000000  ...                     1.0                  1.0

[3 rows x 47 columns]
training_x: (725, 47)
training_y: 725
testset_x: (76, 47)
testset_y: 76
              precision    recall  f1-score   support

           0       0.86      0.91      0.88        65
           1       0.14      0.09      0.11        11

    accuracy                           0.79        76
   macro avg       0.50      0.50      0.50        76
weighted avg       0.75      0.79      0.77        76

accuracy: 0.7894736842105263
0.1111111111111111
@@@ tn: 59, fp: 6, fn: 10, tp: 1
@@@ LIME - Creating explainer
@@@ LIME - Random Sampling of Instances
iter: 0, sample_no: 35, actual label: 1, predicted: 0
iter: 1, sample_no: 42, actual label: 0, predicted: 0
iter: 2, sample_no: 5, actual label: 0, predicted: 0
iter: 3, sample_no: 27, actual label: 0, predicted: 0
iter: 4, sample_no: 7, actual label: 0, predicted: 0
iter: 5, sample_no: 55, actual label: 0, predicted: 0
iter: 6, sample_no: 5, actual label: 0, predicted: 0
iter: 7, sample_no: 65, actual label: 1, predicted: 0
iter: 8, sample_no: 3, actual label: 0, predicted: 0
iter: 9, sample_no: 22, actual label: 0, predicted: 0
iter: 10, sample_no: 19, actual label: 0, predicted: 1
iter: 11, sample_no: 10, actual label: 0, predicted: 0
iter: 12, sample_no: 41, actual label: 0, predicted: 0
iter: 13, sample_no: 63, actual label: 0, predicted: 0
iter: 14, sample_no: 22, actual label: 0, predicted: 0
iter: 15, sample_no: 26, actual label: 0, predicted: 0
iter: 16, sample_no: 46, actual label: 0, predicted: 0
iter: 17, sample_no: 31, actual label: 0, predicted: 0
iter: 18, sample_no: 27, actual label: 0, predicted: 0
iter: 19, sample_no: 32, actual label: 1, predicted: 0
iter: 20, sample_no: 11, actual label: 0, predicted: 0
iter: 21, sample_no: 31, actual label: 0, predicted: 0
iter: 22, sample_no: 21, actual label: 0, predicted: 1
iter: 23, sample_no: 0, actual label: 0, predicted: 0
iter: 24, sample_no: 10, actual label: 0, predicted: 0
number of samples: 76
AUC 0.4937062937062937
pos_get 11
total recall stop_at 1.0
@@@ C - Repeat number: 3
will not use leaked features
@@@ D - common_header:  {'F105', 'F15-protected', 'F71-britter@apache.org', 'F3-char', 'F72', 'F126', 'F22', 'F71-scolebourne@apache.org', 'F15-NA', 'F3-new ToStringBuilder(base).append(array).toString()', 'F71-ggregory@apache.org', 'F68', 'F3-Throwable', 'F71-sebb@apache.org', 'F3-new EqualsBuilder().append(obj1 obj2).isEquals()', 'F71-bayard@apache.org', 'F3-!new EqualsBuilder().append(obj1 obj2).isEquals()', 'F71-kinow@apache.org', 'F41', 'F71-mbenson@apache.org', 'F104', 'F3-boolean', 'F3-ArrayUtils.toObject(b)', 'category', 'F71-oheger@apache.org', 'F71-brentworden@apache.org', 'F3-null', 'F71-joehni@apache.org', 'F71-pbenedict@apache.org', 'F3-boolean[]', 'F123', 'F25', 'F71-jcarman@apache.org', 'F3-String', 'F71-djones@apache.org', 'F101', 'F71-niallp@apache.org', 'F15-public', 'F3-ArrayUtils.isSameLength(nullArray nullArray)', 'F71-chas@apache.org', 'F3-byte[]', 'F3-ArrayUtils.nullToEmpty(original)', 'F65', 'F3-int', 'F3-NA', 'F71-mcucchiara@apache.org', 'F3-Integer', 'F77'}
    F72   F25  ... F71-mbenson@apache.org F71-sebb@apache.org
1  2238  1386  ...                      1                   1
2  2238  1386  ...                      1                   1
3  2562  1663  ...                      1                   1

[3 rows x 47 columns]
;.;
        F72       F25  ...  F71-mbenson@apache.org  F71-sebb@apache.org
0  0.816014  0.830995  ...                     1.0                  1.0
1  0.816014  0.830995  ...                     1.0                  1.0
2  1.000000  1.000000  ...                     1.0                  1.0

[3 rows x 47 columns]
training_x: (725, 47)
training_y: 725
testset_x: (76, 47)
testset_y: 76
              precision    recall  f1-score   support

           0       0.86      0.91      0.88        65
           1       0.14      0.09      0.11        11

    accuracy                           0.79        76
   macro avg       0.50      0.50      0.50        76
weighted avg       0.75      0.79      0.77        76

accuracy: 0.7894736842105263
0.1111111111111111
@@@ tn: 59, fp: 6, fn: 10, tp: 1
@@@ LIME - Creating explainer
@@@ LIME - Random Sampling of Instances
iter: 0, sample_no: 30, actual label: 0, predicted: 0
iter: 1, sample_no: 35, actual label: 1, predicted: 0
iter: 2, sample_no: 18, actual label: 0, predicted: 0
iter: 3, sample_no: 24, actual label: 0, predicted: 1
iter: 4, sample_no: 54, actual label: 0, predicted: 0
iter: 5, sample_no: 66, actual label: 1, predicted: 0
iter: 6, sample_no: 3, actual label: 0, predicted: 0
iter: 7, sample_no: 52, actual label: 0, predicted: 0
iter: 8, sample_no: 6, actual label: 0, predicted: 0
iter: 9, sample_no: 73, actual label: 1, predicted: 0
iter: 10, sample_no: 9, actual label: 0, predicted: 0
iter: 11, sample_no: 38, actual label: 0, predicted: 0
iter: 12, sample_no: 45, actual label: 0, predicted: 0
iter: 13, sample_no: 24, actual label: 0, predicted: 1
iter: 14, sample_no: 62, actual label: 0, predicted: 0
iter: 15, sample_no: 15, actual label: 0, predicted: 0
iter: 16, sample_no: 49, actual label: 0, predicted: 0
iter: 17, sample_no: 70, actual label: 0, predicted: 0
iter: 18, sample_no: 12, actual label: 0, predicted: 0
iter: 19, sample_no: 19, actual label: 0, predicted: 1
iter: 20, sample_no: 45, actual label: 0, predicted: 0
iter: 21, sample_no: 16, actual label: 0, predicted: 0
iter: 22, sample_no: 63, actual label: 0, predicted: 0
iter: 23, sample_no: 57, actual label: 0, predicted: 0
iter: 24, sample_no: 49, actual label: 0, predicted: 0
number of samples: 76
AUC 0.4937062937062937
pos_get 11
total recall stop_at 1.0
@@@ C - Repeat number: 4
will not use leaked features
@@@ D - common_header:  {'F105', 'F15-protected', 'F71-britter@apache.org', 'F3-char', 'F72', 'F126', 'F22', 'F71-scolebourne@apache.org', 'F15-NA', 'F3-new ToStringBuilder(base).append(array).toString()', 'F71-ggregory@apache.org', 'F68', 'F3-Throwable', 'F71-sebb@apache.org', 'F3-new EqualsBuilder().append(obj1 obj2).isEquals()', 'F71-bayard@apache.org', 'F3-!new EqualsBuilder().append(obj1 obj2).isEquals()', 'F71-kinow@apache.org', 'F41', 'F71-mbenson@apache.org', 'F104', 'F3-boolean', 'F3-ArrayUtils.toObject(b)', 'category', 'F71-oheger@apache.org', 'F71-brentworden@apache.org', 'F3-null', 'F71-joehni@apache.org', 'F71-pbenedict@apache.org', 'F3-boolean[]', 'F123', 'F25', 'F71-jcarman@apache.org', 'F3-String', 'F71-djones@apache.org', 'F101', 'F71-niallp@apache.org', 'F15-public', 'F3-ArrayUtils.isSameLength(nullArray nullArray)', 'F71-chas@apache.org', 'F3-byte[]', 'F3-ArrayUtils.nullToEmpty(original)', 'F65', 'F3-int', 'F3-NA', 'F71-mcucchiara@apache.org', 'F3-Integer', 'F77'}
    F72   F25  ... F71-mbenson@apache.org F71-sebb@apache.org
1  2238  1386  ...                      1                   1
2  2238  1386  ...                      1                   1
3  2562  1663  ...                      1                   1

[3 rows x 47 columns]
;.;
        F72       F25  ...  F71-mbenson@apache.org  F71-sebb@apache.org
0  0.816014  0.830995  ...                     1.0                  1.0
1  0.816014  0.830995  ...                     1.0                  1.0
2  1.000000  1.000000  ...                     1.0                  1.0

[3 rows x 47 columns]
training_x: (725, 47)
training_y: 725
testset_x: (76, 47)
testset_y: 76
              precision    recall  f1-score   support

           0       0.86      0.91      0.88        65
           1       0.14      0.09      0.11        11

    accuracy                           0.79        76
   macro avg       0.50      0.50      0.50        76
weighted avg       0.75      0.79      0.77        76

accuracy: 0.7894736842105263
0.1111111111111111
@@@ tn: 59, fp: 6, fn: 10, tp: 1
@@@ LIME - Creating explainer
@@@ LIME - Random Sampling of Instances
iter: 0, sample_no: 69, actual label: 0, predicted: 0
iter: 1, sample_no: 73, actual label: 1, predicted: 0
iter: 2, sample_no: 73, actual label: 1, predicted: 0
iter: 3, sample_no: 24, actual label: 0, predicted: 1
iter: 4, sample_no: 72, actual label: 1, predicted: 0
iter: 5, sample_no: 54, actual label: 0, predicted: 0
iter: 6, sample_no: 55, actual label: 0, predicted: 0
iter: 7, sample_no: 29, actual label: 0, predicted: 0
iter: 8, sample_no: 41, actual label: 0, predicted: 0
iter: 9, sample_no: 54, actual label: 0, predicted: 0
iter: 10, sample_no: 42, actual label: 0, predicted: 0
iter: 11, sample_no: 7, actual label: 0, predicted: 0
iter: 12, sample_no: 73, actual label: 1, predicted: 0
iter: 13, sample_no: 58, actual label: 0, predicted: 0
iter: 14, sample_no: 24, actual label: 0, predicted: 1
iter: 15, sample_no: 56, actual label: 0, predicted: 0
iter: 16, sample_no: 13, actual label: 0, predicted: 1
iter: 17, sample_no: 68, actual label: 0, predicted: 0
iter: 18, sample_no: 55, actual label: 0, predicted: 0
iter: 19, sample_no: 1, actual label: 0, predicted: 0
iter: 20, sample_no: 17, actual label: 0, predicted: 0
iter: 21, sample_no: 57, actual label: 0, predicted: 0
iter: 22, sample_no: 22, actual label: 0, predicted: 0
iter: 23, sample_no: 42, actual label: 0, predicted: 0
iter: 24, sample_no: 3, actual label: 0, predicted: 0
number of samples: 76
AUC 0.4937062937062937
pos_get 11
total recall stop_at 1.0
@@@ C - Repeat number: 5
will not use leaked features
@@@ D - common_header:  {'F105', 'F15-protected', 'F71-britter@apache.org', 'F3-char', 'F72', 'F126', 'F22', 'F71-scolebourne@apache.org', 'F15-NA', 'F3-new ToStringBuilder(base).append(array).toString()', 'F71-ggregory@apache.org', 'F68', 'F3-Throwable', 'F71-sebb@apache.org', 'F3-new EqualsBuilder().append(obj1 obj2).isEquals()', 'F71-bayard@apache.org', 'F3-!new EqualsBuilder().append(obj1 obj2).isEquals()', 'F71-kinow@apache.org', 'F41', 'F71-mbenson@apache.org', 'F104', 'F3-boolean', 'F3-ArrayUtils.toObject(b)', 'category', 'F71-oheger@apache.org', 'F71-brentworden@apache.org', 'F3-null', 'F71-joehni@apache.org', 'F71-pbenedict@apache.org', 'F3-boolean[]', 'F123', 'F25', 'F71-jcarman@apache.org', 'F3-String', 'F71-djones@apache.org', 'F101', 'F71-niallp@apache.org', 'F15-public', 'F3-ArrayUtils.isSameLength(nullArray nullArray)', 'F71-chas@apache.org', 'F3-byte[]', 'F3-ArrayUtils.nullToEmpty(original)', 'F65', 'F3-int', 'F3-NA', 'F71-mcucchiara@apache.org', 'F3-Integer', 'F77'}
    F72   F25  ... F71-mbenson@apache.org F71-sebb@apache.org
1  2238  1386  ...                      1                   1
2  2238  1386  ...                      1                   1
3  2562  1663  ...                      1                   1

[3 rows x 47 columns]
;.;
        F72       F25  ...  F71-mbenson@apache.org  F71-sebb@apache.org
0  0.816014  0.830995  ...                     1.0                  1.0
1  0.816014  0.830995  ...                     1.0                  1.0
2  1.000000  1.000000  ...                     1.0                  1.0

[3 rows x 47 columns]
training_x: (725, 47)
training_y: 725
testset_x: (76, 47)
testset_y: 76
              precision    recall  f1-score   support

           0       0.86      0.91      0.88        65
           1       0.14      0.09      0.11        11

    accuracy                           0.79        76
   macro avg       0.50      0.50      0.50        76
weighted avg       0.75      0.79      0.77        76

accuracy: 0.7894736842105263
0.1111111111111111
@@@ tn: 59, fp: 6, fn: 10, tp: 1
@@@ LIME - Creating explainer
@@@ LIME - Random Sampling of Instances
iter: 0, sample_no: 6, actual label: 0, predicted: 0
iter: 1, sample_no: 22, actual label: 0, predicted: 0
iter: 2, sample_no: 6, actual label: 0, predicted: 0
iter: 3, sample_no: 17, actual label: 0, predicted: 0
iter: 4, sample_no: 49, actual label: 0, predicted: 0
iter: 5, sample_no: 36, actual label: 1, predicted: 0
iter: 6, sample_no: 0, actual label: 0, predicted: 0
iter: 7, sample_no: 26, actual label: 0, predicted: 0
iter: 8, sample_no: 49, actual label: 0, predicted: 0
iter: 9, sample_no: 67, actual label: 0, predicted: 0
iter: 10, sample_no: 0, actual label: 0, predicted: 0
iter: 11, sample_no: 41, actual label: 0, predicted: 0
iter: 12, sample_no: 39, actual label: 0, predicted: 0
iter: 13, sample_no: 9, actual label: 0, predicted: 0
iter: 14, sample_no: 23, actual label: 0, predicted: 1
iter: 15, sample_no: 49, actual label: 0, predicted: 0
iter: 16, sample_no: 17, actual label: 0, predicted: 0
iter: 17, sample_no: 32, actual label: 1, predicted: 0
iter: 18, sample_no: 49, actual label: 0, predicted: 0
iter: 19, sample_no: 41, actual label: 0, predicted: 0
iter: 20, sample_no: 37, actual label: 1, predicted: 0
iter: 21, sample_no: 8, actual label: 0, predicted: 0
iter: 22, sample_no: 40, actual label: 0, predicted: 0
iter: 23, sample_no: 36, actual label: 1, predicted: 0
iter: 24, sample_no: 18, actual label: 0, predicted: 0
number of samples: 76
AUC 0.4937062937062937
pos_get 11
total recall stop_at 1.0
@@@ C - Repeat number: 6
will not use leaked features
@@@ D - common_header:  {'F105', 'F15-protected', 'F71-britter@apache.org', 'F3-char', 'F72', 'F126', 'F22', 'F71-scolebourne@apache.org', 'F15-NA', 'F3-new ToStringBuilder(base).append(array).toString()', 'F71-ggregory@apache.org', 'F68', 'F3-Throwable', 'F71-sebb@apache.org', 'F3-new EqualsBuilder().append(obj1 obj2).isEquals()', 'F71-bayard@apache.org', 'F3-!new EqualsBuilder().append(obj1 obj2).isEquals()', 'F71-kinow@apache.org', 'F41', 'F71-mbenson@apache.org', 'F104', 'F3-boolean', 'F3-ArrayUtils.toObject(b)', 'category', 'F71-oheger@apache.org', 'F71-brentworden@apache.org', 'F3-null', 'F71-joehni@apache.org', 'F71-pbenedict@apache.org', 'F3-boolean[]', 'F123', 'F25', 'F71-jcarman@apache.org', 'F3-String', 'F71-djones@apache.org', 'F101', 'F71-niallp@apache.org', 'F15-public', 'F3-ArrayUtils.isSameLength(nullArray nullArray)', 'F71-chas@apache.org', 'F3-byte[]', 'F3-ArrayUtils.nullToEmpty(original)', 'F65', 'F3-int', 'F3-NA', 'F71-mcucchiara@apache.org', 'F3-Integer', 'F77'}
    F72   F25  ... F71-mbenson@apache.org F71-sebb@apache.org
1  2238  1386  ...                      1                   1
2  2238  1386  ...                      1                   1
3  2562  1663  ...                      1                   1

[3 rows x 47 columns]
;.;
        F72       F25  ...  F71-mbenson@apache.org  F71-sebb@apache.org
0  0.816014  0.830995  ...                     1.0                  1.0
1  0.816014  0.830995  ...                     1.0                  1.0
2  1.000000  1.000000  ...                     1.0                  1.0

[3 rows x 47 columns]
training_x: (725, 47)
training_y: 725
testset_x: (76, 47)
testset_y: 76
              precision    recall  f1-score   support

           0       0.86      0.91      0.88        65
           1       0.14      0.09      0.11        11

    accuracy                           0.79        76
   macro avg       0.50      0.50      0.50        76
weighted avg       0.75      0.79      0.77        76

accuracy: 0.7894736842105263
0.1111111111111111
@@@ tn: 59, fp: 6, fn: 10, tp: 1
@@@ LIME - Creating explainer
@@@ LIME - Random Sampling of Instances
iter: 0, sample_no: 51, actual label: 0, predicted: 0
iter: 1, sample_no: 21, actual label: 0, predicted: 1
iter: 2, sample_no: 70, actual label: 0, predicted: 0
iter: 3, sample_no: 49, actual label: 0, predicted: 0
iter: 4, sample_no: 27, actual label: 0, predicted: 0
iter: 5, sample_no: 63, actual label: 0, predicted: 0
iter: 6, sample_no: 32, actual label: 1, predicted: 0
iter: 7, sample_no: 72, actual label: 1, predicted: 0
iter: 8, sample_no: 56, actual label: 0, predicted: 0
iter: 9, sample_no: 1, actual label: 0, predicted: 0
iter: 10, sample_no: 75, actual label: 0, predicted: 0
iter: 11, sample_no: 42, actual label: 0, predicted: 0
iter: 12, sample_no: 54, actual label: 0, predicted: 0
iter: 13, sample_no: 13, actual label: 0, predicted: 1
iter: 14, sample_no: 27, actual label: 0, predicted: 0
iter: 15, sample_no: 20, actual label: 0, predicted: 0
iter: 16, sample_no: 16, actual label: 0, predicted: 0
iter: 17, sample_no: 27, actual label: 0, predicted: 0
iter: 18, sample_no: 22, actual label: 0, predicted: 0
iter: 19, sample_no: 71, actual label: 0, predicted: 0
iter: 20, sample_no: 39, actual label: 0, predicted: 0
iter: 21, sample_no: 58, actual label: 0, predicted: 0
iter: 22, sample_no: 52, actual label: 0, predicted: 0
iter: 23, sample_no: 4, actual label: 0, predicted: 0
iter: 24, sample_no: 31, actual label: 0, predicted: 0
number of samples: 76
AUC 0.4937062937062937
pos_get 11
total recall stop_at 1.0
@@@ C - Repeat number: 7
will not use leaked features
@@@ D - common_header:  {'F105', 'F15-protected', 'F71-britter@apache.org', 'F3-char', 'F72', 'F126', 'F22', 'F71-scolebourne@apache.org', 'F15-NA', 'F3-new ToStringBuilder(base).append(array).toString()', 'F71-ggregory@apache.org', 'F68', 'F3-Throwable', 'F71-sebb@apache.org', 'F3-new EqualsBuilder().append(obj1 obj2).isEquals()', 'F71-bayard@apache.org', 'F3-!new EqualsBuilder().append(obj1 obj2).isEquals()', 'F71-kinow@apache.org', 'F41', 'F71-mbenson@apache.org', 'F104', 'F3-boolean', 'F3-ArrayUtils.toObject(b)', 'category', 'F71-oheger@apache.org', 'F71-brentworden@apache.org', 'F3-null', 'F71-joehni@apache.org', 'F71-pbenedict@apache.org', 'F3-boolean[]', 'F123', 'F25', 'F71-jcarman@apache.org', 'F3-String', 'F71-djones@apache.org', 'F101', 'F71-niallp@apache.org', 'F15-public', 'F3-ArrayUtils.isSameLength(nullArray nullArray)', 'F71-chas@apache.org', 'F3-byte[]', 'F3-ArrayUtils.nullToEmpty(original)', 'F65', 'F3-int', 'F3-NA', 'F71-mcucchiara@apache.org', 'F3-Integer', 'F77'}
    F72   F25  ... F71-mbenson@apache.org F71-sebb@apache.org
1  2238  1386  ...                      1                   1
2  2238  1386  ...                      1                   1
3  2562  1663  ...                      1                   1

[3 rows x 47 columns]
;.;
        F72       F25  ...  F71-mbenson@apache.org  F71-sebb@apache.org
0  0.816014  0.830995  ...                     1.0                  1.0
1  0.816014  0.830995  ...                     1.0                  1.0
2  1.000000  1.000000  ...                     1.0                  1.0

[3 rows x 47 columns]
training_x: (725, 47)
training_y: 725
testset_x: (76, 47)
testset_y: 76
              precision    recall  f1-score   support

           0       0.86      0.91      0.88        65
           1       0.14      0.09      0.11        11

    accuracy                           0.79        76
   macro avg       0.50      0.50      0.50        76
weighted avg       0.75      0.79      0.77        76

accuracy: 0.7894736842105263
0.1111111111111111
@@@ tn: 59, fp: 6, fn: 10, tp: 1
@@@ LIME - Creating explainer
@@@ LIME - Random Sampling of Instances
iter: 0, sample_no: 45, actual label: 0, predicted: 0
iter: 1, sample_no: 3, actual label: 0, predicted: 0
iter: 2, sample_no: 30, actual label: 0, predicted: 0
iter: 3, sample_no: 48, actual label: 0, predicted: 0
iter: 4, sample_no: 35, actual label: 1, predicted: 0
iter: 5, sample_no: 46, actual label: 0, predicted: 0
iter: 6, sample_no: 16, actual label: 0, predicted: 0
iter: 7, sample_no: 19, actual label: 0, predicted: 1
iter: 8, sample_no: 28, actual label: 0, predicted: 0
iter: 9, sample_no: 7, actual label: 0, predicted: 0
iter: 10, sample_no: 44, actual label: 0, predicted: 0
iter: 11, sample_no: 66, actual label: 1, predicted: 0
iter: 12, sample_no: 20, actual label: 0, predicted: 0
iter: 13, sample_no: 17, actual label: 0, predicted: 0
iter: 14, sample_no: 58, actual label: 0, predicted: 0
iter: 15, sample_no: 66, actual label: 1, predicted: 0
iter: 16, sample_no: 47, actual label: 0, predicted: 0
iter: 17, sample_no: 42, actual label: 0, predicted: 0
iter: 18, sample_no: 43, actual label: 0, predicted: 0
iter: 19, sample_no: 74, actual label: 1, predicted: 1
iter: 20, sample_no: 11, actual label: 0, predicted: 0
iter: 21, sample_no: 47, actual label: 0, predicted: 0
iter: 22, sample_no: 33, actual label: 1, predicted: 0
iter: 23, sample_no: 71, actual label: 0, predicted: 0
iter: 24, sample_no: 2, actual label: 0, predicted: 0
number of samples: 76
AUC 0.4937062937062937
pos_get 11
total recall stop_at 1.0
@@@ C - Repeat number: 8
will not use leaked features
@@@ D - common_header:  {'F105', 'F15-protected', 'F71-britter@apache.org', 'F3-char', 'F72', 'F126', 'F22', 'F71-scolebourne@apache.org', 'F15-NA', 'F3-new ToStringBuilder(base).append(array).toString()', 'F71-ggregory@apache.org', 'F68', 'F3-Throwable', 'F71-sebb@apache.org', 'F3-new EqualsBuilder().append(obj1 obj2).isEquals()', 'F71-bayard@apache.org', 'F3-!new EqualsBuilder().append(obj1 obj2).isEquals()', 'F71-kinow@apache.org', 'F41', 'F71-mbenson@apache.org', 'F104', 'F3-boolean', 'F3-ArrayUtils.toObject(b)', 'category', 'F71-oheger@apache.org', 'F71-brentworden@apache.org', 'F3-null', 'F71-joehni@apache.org', 'F71-pbenedict@apache.org', 'F3-boolean[]', 'F123', 'F25', 'F71-jcarman@apache.org', 'F3-String', 'F71-djones@apache.org', 'F101', 'F71-niallp@apache.org', 'F15-public', 'F3-ArrayUtils.isSameLength(nullArray nullArray)', 'F71-chas@apache.org', 'F3-byte[]', 'F3-ArrayUtils.nullToEmpty(original)', 'F65', 'F3-int', 'F3-NA', 'F71-mcucchiara@apache.org', 'F3-Integer', 'F77'}
    F72   F25  ... F71-mbenson@apache.org F71-sebb@apache.org
1  2238  1386  ...                      1                   1
2  2238  1386  ...                      1                   1
3  2562  1663  ...                      1                   1

[3 rows x 47 columns]
;.;
        F72       F25  ...  F71-mbenson@apache.org  F71-sebb@apache.org
0  0.816014  0.830995  ...                     1.0                  1.0
1  0.816014  0.830995  ...                     1.0                  1.0
2  1.000000  1.000000  ...                     1.0                  1.0

[3 rows x 47 columns]
training_x: (725, 47)
training_y: 725
testset_x: (76, 47)
testset_y: 76
              precision    recall  f1-score   support

           0       0.86      0.91      0.88        65
           1       0.14      0.09      0.11        11

    accuracy                           0.79        76
   macro avg       0.50      0.50      0.50        76
weighted avg       0.75      0.79      0.77        76

accuracy: 0.7894736842105263
0.1111111111111111
@@@ tn: 59, fp: 6, fn: 10, tp: 1
@@@ LIME - Creating explainer
@@@ LIME - Random Sampling of Instances
iter: 0, sample_no: 11, actual label: 0, predicted: 0
iter: 1, sample_no: 17, actual label: 0, predicted: 0
iter: 2, sample_no: 37, actual label: 1, predicted: 0
iter: 3, sample_no: 55, actual label: 0, predicted: 0
iter: 4, sample_no: 41, actual label: 0, predicted: 0
iter: 5, sample_no: 22, actual label: 0, predicted: 0
iter: 6, sample_no: 28, actual label: 0, predicted: 0
iter: 7, sample_no: 18, actual label: 0, predicted: 0
iter: 8, sample_no: 37, actual label: 1, predicted: 0
iter: 9, sample_no: 44, actual label: 0, predicted: 0
iter: 10, sample_no: 38, actual label: 0, predicted: 0
iter: 11, sample_no: 7, actual label: 0, predicted: 0
iter: 12, sample_no: 66, actual label: 1, predicted: 0
iter: 13, sample_no: 69, actual label: 0, predicted: 0
iter: 14, sample_no: 41, actual label: 0, predicted: 0
iter: 15, sample_no: 26, actual label: 0, predicted: 0
iter: 16, sample_no: 71, actual label: 0, predicted: 0
iter: 17, sample_no: 8, actual label: 0, predicted: 0
iter: 18, sample_no: 11, actual label: 0, predicted: 0
iter: 19, sample_no: 36, actual label: 1, predicted: 0
iter: 20, sample_no: 3, actual label: 0, predicted: 0
iter: 21, sample_no: 57, actual label: 0, predicted: 0
iter: 22, sample_no: 33, actual label: 1, predicted: 0
iter: 23, sample_no: 44, actual label: 0, predicted: 0
iter: 24, sample_no: 69, actual label: 0, predicted: 0
number of samples: 76
AUC 0.4937062937062937
pos_get 11
total recall stop_at 1.0
@@@ C - Repeat number: 9
will not use leaked features
@@@ D - common_header:  {'F105', 'F15-protected', 'F71-britter@apache.org', 'F3-char', 'F72', 'F126', 'F22', 'F71-scolebourne@apache.org', 'F15-NA', 'F3-new ToStringBuilder(base).append(array).toString()', 'F71-ggregory@apache.org', 'F68', 'F3-Throwable', 'F71-sebb@apache.org', 'F3-new EqualsBuilder().append(obj1 obj2).isEquals()', 'F71-bayard@apache.org', 'F3-!new EqualsBuilder().append(obj1 obj2).isEquals()', 'F71-kinow@apache.org', 'F41', 'F71-mbenson@apache.org', 'F104', 'F3-boolean', 'F3-ArrayUtils.toObject(b)', 'category', 'F71-oheger@apache.org', 'F71-brentworden@apache.org', 'F3-null', 'F71-joehni@apache.org', 'F71-pbenedict@apache.org', 'F3-boolean[]', 'F123', 'F25', 'F71-jcarman@apache.org', 'F3-String', 'F71-djones@apache.org', 'F101', 'F71-niallp@apache.org', 'F15-public', 'F3-ArrayUtils.isSameLength(nullArray nullArray)', 'F71-chas@apache.org', 'F3-byte[]', 'F3-ArrayUtils.nullToEmpty(original)', 'F65', 'F3-int', 'F3-NA', 'F71-mcucchiara@apache.org', 'F3-Integer', 'F77'}
    F72   F25  ... F71-mbenson@apache.org F71-sebb@apache.org
1  2238  1386  ...                      1                   1
2  2238  1386  ...                      1                   1
3  2562  1663  ...                      1                   1

[3 rows x 47 columns]
;.;
        F72       F25  ...  F71-mbenson@apache.org  F71-sebb@apache.org
0  0.816014  0.830995  ...                     1.0                  1.0
1  0.816014  0.830995  ...                     1.0                  1.0
2  1.000000  1.000000  ...                     1.0                  1.0

[3 rows x 47 columns]
training_x: (725, 47)
training_y: 725
testset_x: (76, 47)
testset_y: 76
              precision    recall  f1-score   support

           0       0.86      0.91      0.88        65
           1       0.14      0.09      0.11        11

    accuracy                           0.79        76
   macro avg       0.50      0.50      0.50        76
weighted avg       0.75      0.79      0.77        76

accuracy: 0.7894736842105263
0.1111111111111111
@@@ tn: 59, fp: 6, fn: 10, tp: 1
@@@ LIME - Creating explainer
@@@ LIME - Random Sampling of Instances
iter: 0, sample_no: 57, actual label: 0, predicted: 0
iter: 1, sample_no: 4, actual label: 0, predicted: 0
iter: 2, sample_no: 64, actual label: 0, predicted: 0
iter: 3, sample_no: 21, actual label: 0, predicted: 1
iter: 4, sample_no: 5, actual label: 0, predicted: 0
iter: 5, sample_no: 42, actual label: 0, predicted: 0
iter: 6, sample_no: 24, actual label: 0, predicted: 1
iter: 7, sample_no: 68, actual label: 0, predicted: 0
iter: 8, sample_no: 45, actual label: 0, predicted: 0
iter: 9, sample_no: 9, actual label: 0, predicted: 0
iter: 10, sample_no: 9, actual label: 0, predicted: 0
iter: 11, sample_no: 9, actual label: 0, predicted: 0
iter: 12, sample_no: 37, actual label: 1, predicted: 0
iter: 13, sample_no: 46, actual label: 0, predicted: 0
iter: 14, sample_no: 19, actual label: 0, predicted: 1
iter: 15, sample_no: 65, actual label: 1, predicted: 0
iter: 16, sample_no: 58, actual label: 0, predicted: 0
iter: 17, sample_no: 11, actual label: 0, predicted: 0
iter: 18, sample_no: 19, actual label: 0, predicted: 1
iter: 19, sample_no: 56, actual label: 0, predicted: 0
iter: 20, sample_no: 41, actual label: 0, predicted: 0
iter: 21, sample_no: 17, actual label: 0, predicted: 0
iter: 22, sample_no: 43, actual label: 0, predicted: 0
iter: 23, sample_no: 75, actual label: 0, predicted: 0
iter: 24, sample_no: 45, actual label: 0, predicted: 0
number of samples: 76
AUC 0.4937062937062937
pos_get 11
total recall stop_at 1.0
@@@ C - Repeat number: 10
will not use leaked features
@@@ D - common_header:  {'F105', 'F15-protected', 'F71-britter@apache.org', 'F3-char', 'F72', 'F126', 'F22', 'F71-scolebourne@apache.org', 'F15-NA', 'F3-new ToStringBuilder(base).append(array).toString()', 'F71-ggregory@apache.org', 'F68', 'F3-Throwable', 'F71-sebb@apache.org', 'F3-new EqualsBuilder().append(obj1 obj2).isEquals()', 'F71-bayard@apache.org', 'F3-!new EqualsBuilder().append(obj1 obj2).isEquals()', 'F71-kinow@apache.org', 'F41', 'F71-mbenson@apache.org', 'F104', 'F3-boolean', 'F3-ArrayUtils.toObject(b)', 'category', 'F71-oheger@apache.org', 'F71-brentworden@apache.org', 'F3-null', 'F71-joehni@apache.org', 'F71-pbenedict@apache.org', 'F3-boolean[]', 'F123', 'F25', 'F71-jcarman@apache.org', 'F3-String', 'F71-djones@apache.org', 'F101', 'F71-niallp@apache.org', 'F15-public', 'F3-ArrayUtils.isSameLength(nullArray nullArray)', 'F71-chas@apache.org', 'F3-byte[]', 'F3-ArrayUtils.nullToEmpty(original)', 'F65', 'F3-int', 'F3-NA', 'F71-mcucchiara@apache.org', 'F3-Integer', 'F77'}
    F72   F25  ... F71-mbenson@apache.org F71-sebb@apache.org
1  2238  1386  ...                      1                   1
2  2238  1386  ...                      1                   1
3  2562  1663  ...                      1                   1

[3 rows x 47 columns]
;.;
        F72       F25  ...  F71-mbenson@apache.org  F71-sebb@apache.org
0  0.816014  0.830995  ...                     1.0                  1.0
1  0.816014  0.830995  ...                     1.0                  1.0
2  1.000000  1.000000  ...                     1.0                  1.0

[3 rows x 47 columns]
training_x: (725, 47)
training_y: 725
testset_x: (76, 47)
testset_y: 76
              precision    recall  f1-score   support

           0       0.86      0.91      0.88        65
           1       0.14      0.09      0.11        11

    accuracy                           0.79        76
   macro avg       0.50      0.50      0.50        76
weighted avg       0.75      0.79      0.77        76

accuracy: 0.7894736842105263
0.1111111111111111
@@@ tn: 59, fp: 6, fn: 10, tp: 1
@@@ LIME - Creating explainer
@@@ LIME - Random Sampling of Instances
iter: 0, sample_no: 28, actual label: 0, predicted: 0
iter: 1, sample_no: 10, actual label: 0, predicted: 0
iter: 2, sample_no: 39, actual label: 0, predicted: 0
iter: 3, sample_no: 59, actual label: 0, predicted: 1
iter: 4, sample_no: 32, actual label: 1, predicted: 0
iter: 5, sample_no: 39, actual label: 0, predicted: 0
iter: 6, sample_no: 7, actual label: 0, predicted: 0
iter: 7, sample_no: 35, actual label: 1, predicted: 0
iter: 8, sample_no: 23, actual label: 0, predicted: 1
iter: 9, sample_no: 73, actual label: 1, predicted: 0
iter: 10, sample_no: 12, actual label: 0, predicted: 0
iter: 11, sample_no: 43, actual label: 0, predicted: 0
iter: 12, sample_no: 22, actual label: 0, predicted: 0
iter: 13, sample_no: 26, actual label: 0, predicted: 0
iter: 14, sample_no: 22, actual label: 0, predicted: 0
iter: 15, sample_no: 6, actual label: 0, predicted: 0
iter: 16, sample_no: 6, actual label: 0, predicted: 0
iter: 17, sample_no: 44, actual label: 0, predicted: 0
iter: 18, sample_no: 49, actual label: 0, predicted: 0
iter: 19, sample_no: 22, actual label: 0, predicted: 0
iter: 20, sample_no: 40, actual label: 0, predicted: 0
iter: 21, sample_no: 54, actual label: 0, predicted: 0
iter: 22, sample_no: 7, actual label: 0, predicted: 0
iter: 23, sample_no: 69, actual label: 0, predicted: 0
iter: 24, sample_no: 65, actual label: 1, predicted: 0
number of samples: 76
AUC 0.4937062937062937
pos_get 11
total recall stop_at 1.0
----------threshold stop at----------: 1
AUC [0.4937062937062937, 0.4937062937062937, 0.4937062937062937, 0.4937062937062937, 0.4937062937062937, 0.4937062937062937, 0.4937062937062937, 0.4937062937062937, 0.4937062937062937, 0.4937062937062937]
AUC_median 0.4937062937062937
AUC_iqr 0.0
cost [0.9342105263157895, 0.9342105263157895, 0.9342105263157895, 0.9342105263157895, 0.9342105263157895, 0.9342105263157895, 0.9342105263157895, 0.9342105263157895, 0.9342105263157895, 0.9342105263157895]
COST_med 0.9342105263157895
COST_iqr 0.0
f1_pos_list [np.float64(0.1111111111111111), np.float64(0.1111111111111111), np.float64(0.1111111111111111), np.float64(0.1111111111111111), np.float64(0.1111111111111111), np.float64(0.1111111111111111), np.float64(0.1111111111111111), np.float64(0.1111111111111111), np.float64(0.1111111111111111), np.float64(0.1111111111111111)]
f1_pos_med 0.1111111111111111
total_tn 590
total_fp 60
total_fn 100
total_tp 10
p= 0.14285714285714285
r= 0.09090909090909091
f= 0.1111111111111111
