@@@ A - classifier: SVC(class_weight='balanced', kernel='linear', probability=True)
@@@ B - threshold stop at: 1
@@@ C - Repeat number: 1
@@@ D - common_header:  {'category', 'F3-SSTableReader', 'F15-public', 'F116', 'F101', 'F3-boolean', 'F3-BitSet', 'F25', 'F3-String[]', 'F71-slebresne@apache.org', 'F126', 'F71-benedict@apache.org', 'F115', 'F105', 'F71-vijay2win@gmail.com', 'F71-sylvain@datastax.com', 'F3-long', 'F68', 'F104', 'F71-brandonwilliams@apache.org', 'F3-char', 'F3-byte[]', 'F3-NA', 'F3-ByteBuffer', 'F77', 'F3-EncryptionOptions', 'F3-arg0.name().toByteBuffer()', 'F3-DecoratedKey', 'F3-Class', 'F71-johan@apache.org', 'F71-jakers@gmail.com', 'F71-xedin@apache.org', 'F3-int', 'F71-gdusbabek@apache.org', 'F3-String', 'F15-private', 'F71-dbrosius@mebigfatguy.com', 'F71-eevans@apache.org', 'F3-PrintStream', 'F3-Thread', 'F71-yukim@apache.org', 'F41', 'F3-input', 'F22', 'F123', 'F71-aleksey@apache.org', 'F71-tyler@datastax.com', 'F117', 'F3-InetAddress', 'F71-jbellis@apache.org', 'F65', 'F120', 'F110', 'F15-protected', 'F71-dbrosius@apache.org', 'F71-marcuse@apache.org', 'F72', 'F15-NA', 'F71-jake@apache.org', 'F71-jmckenzie@apache.org', 'F3-ListenableFutureTask'}
     F72   F25  ... F71-tyler@datastax.com F71-slebresne@apache.org
1  10814  1620  ...                      1                        0
2  10814  1620  ...                      1                        0
3  10896  1629  ...                      0                        0

[3 rows x 60 columns]
;.;
        F72       F25  ...  F71-tyler@datastax.com  F71-slebresne@apache.org
0  0.743258  0.700389  ...                     1.0                       0.0
1  0.743258  0.700389  ...                     1.0                       0.0
2  0.750369  0.704280  ...                     0.0                       0.0

[3 rows x 60 columns]
training_x: (2584, 60)
training_y: 2584
testset_x: (34, 60)
testset_y: 34
              precision    recall  f1-score   support

           0       1.00      0.92      0.96        25
           1       0.82      1.00      0.90         9

    accuracy                           0.94        34
   macro avg       0.91      0.96      0.93        34
weighted avg       0.95      0.94      0.94        34

accuracy: 0.9411764705882353
0.9
@@@ tn: 23, fp: 2, fn: 0, tp: 9
@@@ LIME - Creating explainer
@@@ LIME - Random Sampling of Instances
iter: 0, sample_no: 0, actual label: 0, predicted: 0
iter: 1, sample_no: 7, actual label: 0, predicted: 0
iter: 2, sample_no: 9, actual label: 0, predicted: 0
iter: 3, sample_no: 13, actual label: 0, predicted: 1
iter: 4, sample_no: 23, actual label: 0, predicted: 0
iter: 5, sample_no: 25, actual label: 0, predicted: 0
iter: 6, sample_no: 10, actual label: 1, predicted: 1
iter: 7, sample_no: 12, actual label: 0, predicted: 0
iter: 8, sample_no: 4, actual label: 1, predicted: 1
iter: 9, sample_no: 21, actual label: 0, predicted: 0
iter: 10, sample_no: 11, actual label: 1, predicted: 1
iter: 11, sample_no: 17, actual label: 0, predicted: 0
iter: 12, sample_no: 24, actual label: 0, predicted: 0
iter: 13, sample_no: 25, actual label: 0, predicted: 0
iter: 14, sample_no: 7, actual label: 0, predicted: 0
iter: 15, sample_no: 27, actual label: 0, predicted: 0
iter: 16, sample_no: 17, actual label: 0, predicted: 0
iter: 17, sample_no: 23, actual label: 0, predicted: 0
iter: 18, sample_no: 28, actual label: 0, predicted: 1
iter: 19, sample_no: 2, actual label: 1, predicted: 1
iter: 20, sample_no: 20, actual label: 0, predicted: 0
iter: 21, sample_no: 11, actual label: 1, predicted: 1
iter: 22, sample_no: 22, actual label: 0, predicted: 0
iter: 23, sample_no: 20, actual label: 0, predicted: 0
iter: 24, sample_no: 20, actual label: 0, predicted: 0
number of samples: 34
AUC 0.991111111111111
pos_get 9
total recall stop_at 1.0
@@@ C - Repeat number: 2
@@@ D - common_header:  {'category', 'F3-SSTableReader', 'F15-public', 'F116', 'F101', 'F3-boolean', 'F3-BitSet', 'F25', 'F3-String[]', 'F71-slebresne@apache.org', 'F126', 'F71-benedict@apache.org', 'F115', 'F105', 'F71-vijay2win@gmail.com', 'F71-sylvain@datastax.com', 'F3-long', 'F68', 'F104', 'F71-brandonwilliams@apache.org', 'F3-char', 'F3-byte[]', 'F3-NA', 'F3-ByteBuffer', 'F77', 'F3-EncryptionOptions', 'F3-arg0.name().toByteBuffer()', 'F3-DecoratedKey', 'F3-Class', 'F71-johan@apache.org', 'F71-jakers@gmail.com', 'F71-xedin@apache.org', 'F3-int', 'F71-gdusbabek@apache.org', 'F3-String', 'F15-private', 'F71-dbrosius@mebigfatguy.com', 'F71-eevans@apache.org', 'F3-PrintStream', 'F3-Thread', 'F71-yukim@apache.org', 'F41', 'F3-input', 'F22', 'F123', 'F71-aleksey@apache.org', 'F71-tyler@datastax.com', 'F117', 'F3-InetAddress', 'F71-jbellis@apache.org', 'F65', 'F120', 'F110', 'F15-protected', 'F71-dbrosius@apache.org', 'F71-marcuse@apache.org', 'F72', 'F15-NA', 'F71-jake@apache.org', 'F71-jmckenzie@apache.org', 'F3-ListenableFutureTask'}
     F72   F25  ... F71-tyler@datastax.com F71-slebresne@apache.org
1  10814  1620  ...                      1                        0
2  10814  1620  ...                      1                        0
3  10896  1629  ...                      0                        0

[3 rows x 60 columns]
;.;
        F72       F25  ...  F71-tyler@datastax.com  F71-slebresne@apache.org
0  0.743258  0.700389  ...                     1.0                       0.0
1  0.743258  0.700389  ...                     1.0                       0.0
2  0.750369  0.704280  ...                     0.0                       0.0

[3 rows x 60 columns]
training_x: (2584, 60)
training_y: 2584
testset_x: (34, 60)
testset_y: 34
              precision    recall  f1-score   support

           0       1.00      0.92      0.96        25
           1       0.82      1.00      0.90         9

    accuracy                           0.94        34
   macro avg       0.91      0.96      0.93        34
weighted avg       0.95      0.94      0.94        34

accuracy: 0.9411764705882353
0.9
@@@ tn: 23, fp: 2, fn: 0, tp: 9
@@@ LIME - Creating explainer
@@@ LIME - Random Sampling of Instances
iter: 0, sample_no: 3, actual label: 1, predicted: 1
iter: 1, sample_no: 26, actual label: 0, predicted: 0
iter: 2, sample_no: 2, actual label: 1, predicted: 1
iter: 3, sample_no: 33, actual label: 0, predicted: 0
iter: 4, sample_no: 11, actual label: 1, predicted: 1
iter: 5, sample_no: 8, actual label: 0, predicted: 0
iter: 6, sample_no: 1, actual label: 0, predicted: 0
iter: 7, sample_no: 19, actual label: 0, predicted: 0
iter: 8, sample_no: 16, actual label: 1, predicted: 1
iter: 9, sample_no: 4, actual label: 1, predicted: 1
iter: 10, sample_no: 6, actual label: 1, predicted: 1
iter: 11, sample_no: 23, actual label: 0, predicted: 0
iter: 12, sample_no: 33, actual label: 0, predicted: 0
iter: 13, sample_no: 7, actual label: 0, predicted: 0
iter: 14, sample_no: 13, actual label: 0, predicted: 1
iter: 15, sample_no: 12, actual label: 0, predicted: 0
iter: 16, sample_no: 9, actual label: 0, predicted: 0
iter: 17, sample_no: 15, actual label: 0, predicted: 0
iter: 18, sample_no: 21, actual label: 0, predicted: 0
iter: 19, sample_no: 22, actual label: 0, predicted: 0
iter: 20, sample_no: 14, actual label: 0, predicted: 0
iter: 21, sample_no: 22, actual label: 0, predicted: 0
iter: 22, sample_no: 8, actual label: 0, predicted: 0
iter: 23, sample_no: 17, actual label: 0, predicted: 0
iter: 24, sample_no: 32, actual label: 1, predicted: 1
number of samples: 34
AUC 0.991111111111111
pos_get 9
total recall stop_at 1.0
@@@ C - Repeat number: 3
@@@ D - common_header:  {'category', 'F3-SSTableReader', 'F15-public', 'F116', 'F101', 'F3-boolean', 'F3-BitSet', 'F25', 'F3-String[]', 'F71-slebresne@apache.org', 'F126', 'F71-benedict@apache.org', 'F115', 'F105', 'F71-vijay2win@gmail.com', 'F71-sylvain@datastax.com', 'F3-long', 'F68', 'F104', 'F71-brandonwilliams@apache.org', 'F3-char', 'F3-byte[]', 'F3-NA', 'F3-ByteBuffer', 'F77', 'F3-EncryptionOptions', 'F3-arg0.name().toByteBuffer()', 'F3-DecoratedKey', 'F3-Class', 'F71-johan@apache.org', 'F71-jakers@gmail.com', 'F71-xedin@apache.org', 'F3-int', 'F71-gdusbabek@apache.org', 'F3-String', 'F15-private', 'F71-dbrosius@mebigfatguy.com', 'F71-eevans@apache.org', 'F3-PrintStream', 'F3-Thread', 'F71-yukim@apache.org', 'F41', 'F3-input', 'F22', 'F123', 'F71-aleksey@apache.org', 'F71-tyler@datastax.com', 'F117', 'F3-InetAddress', 'F71-jbellis@apache.org', 'F65', 'F120', 'F110', 'F15-protected', 'F71-dbrosius@apache.org', 'F71-marcuse@apache.org', 'F72', 'F15-NA', 'F71-jake@apache.org', 'F71-jmckenzie@apache.org', 'F3-ListenableFutureTask'}
     F72   F25  ... F71-tyler@datastax.com F71-slebresne@apache.org
1  10814  1620  ...                      1                        0
2  10814  1620  ...                      1                        0
3  10896  1629  ...                      0                        0

[3 rows x 60 columns]
;.;
        F72       F25  ...  F71-tyler@datastax.com  F71-slebresne@apache.org
0  0.743258  0.700389  ...                     1.0                       0.0
1  0.743258  0.700389  ...                     1.0                       0.0
2  0.750369  0.704280  ...                     0.0                       0.0

[3 rows x 60 columns]
training_x: (2584, 60)
training_y: 2584
testset_x: (34, 60)
testset_y: 34
              precision    recall  f1-score   support

           0       1.00      0.92      0.96        25
           1       0.82      1.00      0.90         9

    accuracy                           0.94        34
   macro avg       0.91      0.96      0.93        34
weighted avg       0.95      0.94      0.94        34

accuracy: 0.9411764705882353
0.9
@@@ tn: 23, fp: 2, fn: 0, tp: 9
@@@ LIME - Creating explainer
@@@ LIME - Random Sampling of Instances
iter: 0, sample_no: 30, actual label: 0, predicted: 0
iter: 1, sample_no: 24, actual label: 0, predicted: 0
iter: 2, sample_no: 2, actual label: 1, predicted: 1
iter: 3, sample_no: 28, actual label: 0, predicted: 1
iter: 4, sample_no: 11, actual label: 1, predicted: 1
iter: 5, sample_no: 14, actual label: 0, predicted: 0
iter: 6, sample_no: 6, actual label: 1, predicted: 1
iter: 7, sample_no: 10, actual label: 1, predicted: 1
iter: 8, sample_no: 24, actual label: 0, predicted: 0
iter: 9, sample_no: 23, actual label: 0, predicted: 0
iter: 10, sample_no: 10, actual label: 1, predicted: 1
iter: 11, sample_no: 21, actual label: 0, predicted: 0
iter: 12, sample_no: 2, actual label: 1, predicted: 1
iter: 13, sample_no: 5, actual label: 0, predicted: 0
iter: 14, sample_no: 0, actual label: 0, predicted: 0
iter: 15, sample_no: 6, actual label: 1, predicted: 1
iter: 16, sample_no: 18, actual label: 1, predicted: 1
iter: 17, sample_no: 15, actual label: 0, predicted: 0
iter: 18, sample_no: 19, actual label: 0, predicted: 0
iter: 19, sample_no: 17, actual label: 0, predicted: 0
iter: 20, sample_no: 15, actual label: 0, predicted: 0
iter: 21, sample_no: 17, actual label: 0, predicted: 0
iter: 22, sample_no: 13, actual label: 0, predicted: 1
iter: 23, sample_no: 30, actual label: 0, predicted: 0
iter: 24, sample_no: 33, actual label: 0, predicted: 0
number of samples: 34
AUC 0.991111111111111
pos_get 9
total recall stop_at 1.0
@@@ C - Repeat number: 4
@@@ D - common_header:  {'category', 'F3-SSTableReader', 'F15-public', 'F116', 'F101', 'F3-boolean', 'F3-BitSet', 'F25', 'F3-String[]', 'F71-slebresne@apache.org', 'F126', 'F71-benedict@apache.org', 'F115', 'F105', 'F71-vijay2win@gmail.com', 'F71-sylvain@datastax.com', 'F3-long', 'F68', 'F104', 'F71-brandonwilliams@apache.org', 'F3-char', 'F3-byte[]', 'F3-NA', 'F3-ByteBuffer', 'F77', 'F3-EncryptionOptions', 'F3-arg0.name().toByteBuffer()', 'F3-DecoratedKey', 'F3-Class', 'F71-johan@apache.org', 'F71-jakers@gmail.com', 'F71-xedin@apache.org', 'F3-int', 'F71-gdusbabek@apache.org', 'F3-String', 'F15-private', 'F71-dbrosius@mebigfatguy.com', 'F71-eevans@apache.org', 'F3-PrintStream', 'F3-Thread', 'F71-yukim@apache.org', 'F41', 'F3-input', 'F22', 'F123', 'F71-aleksey@apache.org', 'F71-tyler@datastax.com', 'F117', 'F3-InetAddress', 'F71-jbellis@apache.org', 'F65', 'F120', 'F110', 'F15-protected', 'F71-dbrosius@apache.org', 'F71-marcuse@apache.org', 'F72', 'F15-NA', 'F71-jake@apache.org', 'F71-jmckenzie@apache.org', 'F3-ListenableFutureTask'}
     F72   F25  ... F71-tyler@datastax.com F71-slebresne@apache.org
1  10814  1620  ...                      1                        0
2  10814  1620  ...                      1                        0
3  10896  1629  ...                      0                        0

[3 rows x 60 columns]
;.;
        F72       F25  ...  F71-tyler@datastax.com  F71-slebresne@apache.org
0  0.743258  0.700389  ...                     1.0                       0.0
1  0.743258  0.700389  ...                     1.0                       0.0
2  0.750369  0.704280  ...                     0.0                       0.0

[3 rows x 60 columns]
training_x: (2584, 60)
training_y: 2584
testset_x: (34, 60)
testset_y: 34
              precision    recall  f1-score   support

           0       1.00      0.92      0.96        25
           1       0.82      1.00      0.90         9

    accuracy                           0.94        34
   macro avg       0.91      0.96      0.93        34
weighted avg       0.95      0.94      0.94        34

accuracy: 0.9411764705882353
0.9
@@@ tn: 23, fp: 2, fn: 0, tp: 9
@@@ LIME - Creating explainer
@@@ LIME - Random Sampling of Instances
iter: 0, sample_no: 5, actual label: 0, predicted: 0
iter: 1, sample_no: 8, actual label: 0, predicted: 0
iter: 2, sample_no: 33, actual label: 0, predicted: 0
iter: 3, sample_no: 8, actual label: 0, predicted: 0
iter: 4, sample_no: 8, actual label: 0, predicted: 0
iter: 5, sample_no: 33, actual label: 0, predicted: 0
iter: 6, sample_no: 31, actual label: 0, predicted: 0
iter: 7, sample_no: 15, actual label: 0, predicted: 0
iter: 8, sample_no: 16, actual label: 1, predicted: 1
iter: 9, sample_no: 6, actual label: 1, predicted: 1
iter: 10, sample_no: 31, actual label: 0, predicted: 0
iter: 11, sample_no: 26, actual label: 0, predicted: 0
iter: 12, sample_no: 8, actual label: 0, predicted: 0
iter: 13, sample_no: 21, actual label: 0, predicted: 0
iter: 14, sample_no: 6, actual label: 1, predicted: 1
iter: 15, sample_no: 12, actual label: 0, predicted: 0
iter: 16, sample_no: 13, actual label: 0, predicted: 1
iter: 17, sample_no: 27, actual label: 0, predicted: 0
iter: 18, sample_no: 11, actual label: 1, predicted: 1
iter: 19, sample_no: 12, actual label: 0, predicted: 0
iter: 20, sample_no: 4, actual label: 1, predicted: 1
iter: 21, sample_no: 23, actual label: 0, predicted: 0
iter: 22, sample_no: 4, actual label: 1, predicted: 1
iter: 23, sample_no: 8, actual label: 0, predicted: 0
iter: 24, sample_no: 31, actual label: 0, predicted: 0
number of samples: 34
AUC 0.991111111111111
pos_get 9
total recall stop_at 1.0
@@@ C - Repeat number: 5
@@@ D - common_header:  {'category', 'F3-SSTableReader', 'F15-public', 'F116', 'F101', 'F3-boolean', 'F3-BitSet', 'F25', 'F3-String[]', 'F71-slebresne@apache.org', 'F126', 'F71-benedict@apache.org', 'F115', 'F105', 'F71-vijay2win@gmail.com', 'F71-sylvain@datastax.com', 'F3-long', 'F68', 'F104', 'F71-brandonwilliams@apache.org', 'F3-char', 'F3-byte[]', 'F3-NA', 'F3-ByteBuffer', 'F77', 'F3-EncryptionOptions', 'F3-arg0.name().toByteBuffer()', 'F3-DecoratedKey', 'F3-Class', 'F71-johan@apache.org', 'F71-jakers@gmail.com', 'F71-xedin@apache.org', 'F3-int', 'F71-gdusbabek@apache.org', 'F3-String', 'F15-private', 'F71-dbrosius@mebigfatguy.com', 'F71-eevans@apache.org', 'F3-PrintStream', 'F3-Thread', 'F71-yukim@apache.org', 'F41', 'F3-input', 'F22', 'F123', 'F71-aleksey@apache.org', 'F71-tyler@datastax.com', 'F117', 'F3-InetAddress', 'F71-jbellis@apache.org', 'F65', 'F120', 'F110', 'F15-protected', 'F71-dbrosius@apache.org', 'F71-marcuse@apache.org', 'F72', 'F15-NA', 'F71-jake@apache.org', 'F71-jmckenzie@apache.org', 'F3-ListenableFutureTask'}
     F72   F25  ... F71-tyler@datastax.com F71-slebresne@apache.org
1  10814  1620  ...                      1                        0
2  10814  1620  ...                      1                        0
3  10896  1629  ...                      0                        0

[3 rows x 60 columns]
;.;
        F72       F25  ...  F71-tyler@datastax.com  F71-slebresne@apache.org
0  0.743258  0.700389  ...                     1.0                       0.0
1  0.743258  0.700389  ...                     1.0                       0.0
2  0.750369  0.704280  ...                     0.0                       0.0

[3 rows x 60 columns]
training_x: (2584, 60)
training_y: 2584
testset_x: (34, 60)
testset_y: 34
              precision    recall  f1-score   support

           0       1.00      0.92      0.96        25
           1       0.82      1.00      0.90         9

    accuracy                           0.94        34
   macro avg       0.91      0.96      0.93        34
weighted avg       0.95      0.94      0.94        34

accuracy: 0.9411764705882353
0.9
@@@ tn: 23, fp: 2, fn: 0, tp: 9
@@@ LIME - Creating explainer
@@@ LIME - Random Sampling of Instances
iter: 0, sample_no: 6, actual label: 1, predicted: 1
iter: 1, sample_no: 5, actual label: 0, predicted: 0
iter: 2, sample_no: 3, actual label: 1, predicted: 1
iter: 3, sample_no: 11, actual label: 1, predicted: 1
iter: 4, sample_no: 5, actual label: 0, predicted: 0
iter: 5, sample_no: 29, actual label: 0, predicted: 0
iter: 6, sample_no: 14, actual label: 0, predicted: 0
iter: 7, sample_no: 24, actual label: 0, predicted: 0
iter: 8, sample_no: 9, actual label: 0, predicted: 0
iter: 9, sample_no: 12, actual label: 0, predicted: 0
iter: 10, sample_no: 33, actual label: 0, predicted: 0
iter: 11, sample_no: 24, actual label: 0, predicted: 0
iter: 12, sample_no: 28, actual label: 0, predicted: 1
iter: 13, sample_no: 1, actual label: 0, predicted: 0
iter: 14, sample_no: 8, actual label: 0, predicted: 0
iter: 15, sample_no: 20, actual label: 0, predicted: 0
iter: 16, sample_no: 18, actual label: 1, predicted: 1
iter: 17, sample_no: 19, actual label: 0, predicted: 0
iter: 18, sample_no: 11, actual label: 1, predicted: 1
iter: 19, sample_no: 23, actual label: 0, predicted: 0
iter: 20, sample_no: 25, actual label: 0, predicted: 0
iter: 21, sample_no: 4, actual label: 1, predicted: 1
iter: 22, sample_no: 16, actual label: 1, predicted: 1
iter: 23, sample_no: 28, actual label: 0, predicted: 1
iter: 24, sample_no: 20, actual label: 0, predicted: 0
number of samples: 34
AUC 0.991111111111111
pos_get 9
total recall stop_at 1.0
@@@ C - Repeat number: 6
@@@ D - common_header:  {'category', 'F3-SSTableReader', 'F15-public', 'F116', 'F101', 'F3-boolean', 'F3-BitSet', 'F25', 'F3-String[]', 'F71-slebresne@apache.org', 'F126', 'F71-benedict@apache.org', 'F115', 'F105', 'F71-vijay2win@gmail.com', 'F71-sylvain@datastax.com', 'F3-long', 'F68', 'F104', 'F71-brandonwilliams@apache.org', 'F3-char', 'F3-byte[]', 'F3-NA', 'F3-ByteBuffer', 'F77', 'F3-EncryptionOptions', 'F3-arg0.name().toByteBuffer()', 'F3-DecoratedKey', 'F3-Class', 'F71-johan@apache.org', 'F71-jakers@gmail.com', 'F71-xedin@apache.org', 'F3-int', 'F71-gdusbabek@apache.org', 'F3-String', 'F15-private', 'F71-dbrosius@mebigfatguy.com', 'F71-eevans@apache.org', 'F3-PrintStream', 'F3-Thread', 'F71-yukim@apache.org', 'F41', 'F3-input', 'F22', 'F123', 'F71-aleksey@apache.org', 'F71-tyler@datastax.com', 'F117', 'F3-InetAddress', 'F71-jbellis@apache.org', 'F65', 'F120', 'F110', 'F15-protected', 'F71-dbrosius@apache.org', 'F71-marcuse@apache.org', 'F72', 'F15-NA', 'F71-jake@apache.org', 'F71-jmckenzie@apache.org', 'F3-ListenableFutureTask'}
     F72   F25  ... F71-tyler@datastax.com F71-slebresne@apache.org
1  10814  1620  ...                      1                        0
2  10814  1620  ...                      1                        0
3  10896  1629  ...                      0                        0

[3 rows x 60 columns]
;.;
        F72       F25  ...  F71-tyler@datastax.com  F71-slebresne@apache.org
0  0.743258  0.700389  ...                     1.0                       0.0
1  0.743258  0.700389  ...                     1.0                       0.0
2  0.750369  0.704280  ...                     0.0                       0.0

[3 rows x 60 columns]
training_x: (2584, 60)
training_y: 2584
testset_x: (34, 60)
testset_y: 34
              precision    recall  f1-score   support

           0       1.00      0.92      0.96        25
           1       0.82      1.00      0.90         9

    accuracy                           0.94        34
   macro avg       0.91      0.96      0.93        34
weighted avg       0.95      0.94      0.94        34

accuracy: 0.9411764705882353
0.9
@@@ tn: 23, fp: 2, fn: 0, tp: 9
@@@ LIME - Creating explainer
@@@ LIME - Random Sampling of Instances
iter: 0, sample_no: 17, actual label: 0, predicted: 0
iter: 1, sample_no: 28, actual label: 0, predicted: 1
iter: 2, sample_no: 10, actual label: 1, predicted: 1
iter: 3, sample_no: 26, actual label: 0, predicted: 0
iter: 4, sample_no: 32, actual label: 1, predicted: 1
iter: 5, sample_no: 19, actual label: 0, predicted: 0
iter: 6, sample_no: 22, actual label: 0, predicted: 0
iter: 7, sample_no: 12, actual label: 0, predicted: 0
iter: 8, sample_no: 13, actual label: 0, predicted: 1
iter: 9, sample_no: 10, actual label: 1, predicted: 1
iter: 10, sample_no: 28, actual label: 0, predicted: 1
iter: 11, sample_no: 17, actual label: 0, predicted: 0
iter: 12, sample_no: 17, actual label: 0, predicted: 0
iter: 13, sample_no: 7, actual label: 0, predicted: 0
iter: 14, sample_no: 28, actual label: 0, predicted: 1
iter: 15, sample_no: 24, actual label: 0, predicted: 0
iter: 16, sample_no: 1, actual label: 0, predicted: 0
iter: 17, sample_no: 7, actual label: 0, predicted: 0
iter: 18, sample_no: 15, actual label: 0, predicted: 0
iter: 19, sample_no: 22, actual label: 0, predicted: 0
iter: 20, sample_no: 5, actual label: 0, predicted: 0
iter: 21, sample_no: 19, actual label: 0, predicted: 0
iter: 22, sample_no: 19, actual label: 0, predicted: 0
iter: 23, sample_no: 14, actual label: 0, predicted: 0
iter: 24, sample_no: 19, actual label: 0, predicted: 0
number of samples: 34
AUC 0.991111111111111
pos_get 9
total recall stop_at 1.0
@@@ C - Repeat number: 7
@@@ D - common_header:  {'category', 'F3-SSTableReader', 'F15-public', 'F116', 'F101', 'F3-boolean', 'F3-BitSet', 'F25', 'F3-String[]', 'F71-slebresne@apache.org', 'F126', 'F71-benedict@apache.org', 'F115', 'F105', 'F71-vijay2win@gmail.com', 'F71-sylvain@datastax.com', 'F3-long', 'F68', 'F104', 'F71-brandonwilliams@apache.org', 'F3-char', 'F3-byte[]', 'F3-NA', 'F3-ByteBuffer', 'F77', 'F3-EncryptionOptions', 'F3-arg0.name().toByteBuffer()', 'F3-DecoratedKey', 'F3-Class', 'F71-johan@apache.org', 'F71-jakers@gmail.com', 'F71-xedin@apache.org', 'F3-int', 'F71-gdusbabek@apache.org', 'F3-String', 'F15-private', 'F71-dbrosius@mebigfatguy.com', 'F71-eevans@apache.org', 'F3-PrintStream', 'F3-Thread', 'F71-yukim@apache.org', 'F41', 'F3-input', 'F22', 'F123', 'F71-aleksey@apache.org', 'F71-tyler@datastax.com', 'F117', 'F3-InetAddress', 'F71-jbellis@apache.org', 'F65', 'F120', 'F110', 'F15-protected', 'F71-dbrosius@apache.org', 'F71-marcuse@apache.org', 'F72', 'F15-NA', 'F71-jake@apache.org', 'F71-jmckenzie@apache.org', 'F3-ListenableFutureTask'}
     F72   F25  ... F71-tyler@datastax.com F71-slebresne@apache.org
1  10814  1620  ...                      1                        0
2  10814  1620  ...                      1                        0
3  10896  1629  ...                      0                        0

[3 rows x 60 columns]
;.;
        F72       F25  ...  F71-tyler@datastax.com  F71-slebresne@apache.org
0  0.743258  0.700389  ...                     1.0                       0.0
1  0.743258  0.700389  ...                     1.0                       0.0
2  0.750369  0.704280  ...                     0.0                       0.0

[3 rows x 60 columns]
training_x: (2584, 60)
training_y: 2584
testset_x: (34, 60)
testset_y: 34
              precision    recall  f1-score   support

           0       1.00      0.92      0.96        25
           1       0.82      1.00      0.90         9

    accuracy                           0.94        34
   macro avg       0.91      0.96      0.93        34
weighted avg       0.95      0.94      0.94        34

accuracy: 0.9411764705882353
0.9
@@@ tn: 23, fp: 2, fn: 0, tp: 9
@@@ LIME - Creating explainer
@@@ LIME - Random Sampling of Instances
iter: 0, sample_no: 12, actual label: 0, predicted: 0
iter: 1, sample_no: 19, actual label: 0, predicted: 0
iter: 2, sample_no: 16, actual label: 1, predicted: 1
iter: 3, sample_no: 14, actual label: 0, predicted: 0
iter: 4, sample_no: 32, actual label: 1, predicted: 1
iter: 5, sample_no: 22, actual label: 0, predicted: 0
iter: 6, sample_no: 13, actual label: 0, predicted: 1
iter: 7, sample_no: 20, actual label: 0, predicted: 0
iter: 8, sample_no: 16, actual label: 1, predicted: 1
iter: 9, sample_no: 9, actual label: 0, predicted: 0
iter: 10, sample_no: 27, actual label: 0, predicted: 0
iter: 11, sample_no: 22, actual label: 0, predicted: 0
iter: 12, sample_no: 17, actual label: 0, predicted: 0
iter: 13, sample_no: 5, actual label: 0, predicted: 0
iter: 14, sample_no: 32, actual label: 1, predicted: 1
iter: 15, sample_no: 3, actual label: 1, predicted: 1
iter: 16, sample_no: 11, actual label: 1, predicted: 1
iter: 17, sample_no: 0, actual label: 0, predicted: 0
iter: 18, sample_no: 3, actual label: 1, predicted: 1
iter: 19, sample_no: 19, actual label: 0, predicted: 0
iter: 20, sample_no: 3, actual label: 1, predicted: 1
iter: 21, sample_no: 22, actual label: 0, predicted: 0
iter: 22, sample_no: 23, actual label: 0, predicted: 0
iter: 23, sample_no: 26, actual label: 0, predicted: 0
iter: 24, sample_no: 1, actual label: 0, predicted: 0
number of samples: 34
AUC 0.991111111111111
pos_get 9
total recall stop_at 1.0
@@@ C - Repeat number: 8
@@@ D - common_header:  {'category', 'F3-SSTableReader', 'F15-public', 'F116', 'F101', 'F3-boolean', 'F3-BitSet', 'F25', 'F3-String[]', 'F71-slebresne@apache.org', 'F126', 'F71-benedict@apache.org', 'F115', 'F105', 'F71-vijay2win@gmail.com', 'F71-sylvain@datastax.com', 'F3-long', 'F68', 'F104', 'F71-brandonwilliams@apache.org', 'F3-char', 'F3-byte[]', 'F3-NA', 'F3-ByteBuffer', 'F77', 'F3-EncryptionOptions', 'F3-arg0.name().toByteBuffer()', 'F3-DecoratedKey', 'F3-Class', 'F71-johan@apache.org', 'F71-jakers@gmail.com', 'F71-xedin@apache.org', 'F3-int', 'F71-gdusbabek@apache.org', 'F3-String', 'F15-private', 'F71-dbrosius@mebigfatguy.com', 'F71-eevans@apache.org', 'F3-PrintStream', 'F3-Thread', 'F71-yukim@apache.org', 'F41', 'F3-input', 'F22', 'F123', 'F71-aleksey@apache.org', 'F71-tyler@datastax.com', 'F117', 'F3-InetAddress', 'F71-jbellis@apache.org', 'F65', 'F120', 'F110', 'F15-protected', 'F71-dbrosius@apache.org', 'F71-marcuse@apache.org', 'F72', 'F15-NA', 'F71-jake@apache.org', 'F71-jmckenzie@apache.org', 'F3-ListenableFutureTask'}
     F72   F25  ... F71-tyler@datastax.com F71-slebresne@apache.org
1  10814  1620  ...                      1                        0
2  10814  1620  ...                      1                        0
3  10896  1629  ...                      0                        0

[3 rows x 60 columns]
;.;
        F72       F25  ...  F71-tyler@datastax.com  F71-slebresne@apache.org
0  0.743258  0.700389  ...                     1.0                       0.0
1  0.743258  0.700389  ...                     1.0                       0.0
2  0.750369  0.704280  ...                     0.0                       0.0

[3 rows x 60 columns]
training_x: (2584, 60)
training_y: 2584
testset_x: (34, 60)
testset_y: 34
              precision    recall  f1-score   support

           0       1.00      0.92      0.96        25
           1       0.82      1.00      0.90         9

    accuracy                           0.94        34
   macro avg       0.91      0.96      0.93        34
weighted avg       0.95      0.94      0.94        34

accuracy: 0.9411764705882353
0.9
@@@ tn: 23, fp: 2, fn: 0, tp: 9
@@@ LIME - Creating explainer
@@@ LIME - Random Sampling of Instances
iter: 0, sample_no: 32, actual label: 1, predicted: 1
iter: 1, sample_no: 17, actual label: 0, predicted: 0
iter: 2, sample_no: 30, actual label: 0, predicted: 0
iter: 3, sample_no: 26, actual label: 0, predicted: 0
iter: 4, sample_no: 17, actual label: 0, predicted: 0
iter: 5, sample_no: 14, actual label: 0, predicted: 0
iter: 6, sample_no: 29, actual label: 0, predicted: 0
iter: 7, sample_no: 29, actual label: 0, predicted: 0
iter: 8, sample_no: 15, actual label: 0, predicted: 0
iter: 9, sample_no: 15, actual label: 0, predicted: 0
iter: 10, sample_no: 16, actual label: 1, predicted: 1
iter: 11, sample_no: 30, actual label: 0, predicted: 0
iter: 12, sample_no: 2, actual label: 1, predicted: 1
iter: 13, sample_no: 18, actual label: 1, predicted: 1
iter: 14, sample_no: 7, actual label: 0, predicted: 0
iter: 15, sample_no: 0, actual label: 0, predicted: 0
iter: 16, sample_no: 20, actual label: 0, predicted: 0
iter: 17, sample_no: 6, actual label: 1, predicted: 1
iter: 18, sample_no: 16, actual label: 1, predicted: 1
iter: 19, sample_no: 18, actual label: 1, predicted: 1
iter: 20, sample_no: 18, actual label: 1, predicted: 1
iter: 21, sample_no: 11, actual label: 1, predicted: 1
iter: 22, sample_no: 23, actual label: 0, predicted: 0
iter: 23, sample_no: 26, actual label: 0, predicted: 0
iter: 24, sample_no: 20, actual label: 0, predicted: 0
number of samples: 34
AUC 0.991111111111111
pos_get 9
total recall stop_at 1.0
@@@ C - Repeat number: 9
@@@ D - common_header:  {'category', 'F3-SSTableReader', 'F15-public', 'F116', 'F101', 'F3-boolean', 'F3-BitSet', 'F25', 'F3-String[]', 'F71-slebresne@apache.org', 'F126', 'F71-benedict@apache.org', 'F115', 'F105', 'F71-vijay2win@gmail.com', 'F71-sylvain@datastax.com', 'F3-long', 'F68', 'F104', 'F71-brandonwilliams@apache.org', 'F3-char', 'F3-byte[]', 'F3-NA', 'F3-ByteBuffer', 'F77', 'F3-EncryptionOptions', 'F3-arg0.name().toByteBuffer()', 'F3-DecoratedKey', 'F3-Class', 'F71-johan@apache.org', 'F71-jakers@gmail.com', 'F71-xedin@apache.org', 'F3-int', 'F71-gdusbabek@apache.org', 'F3-String', 'F15-private', 'F71-dbrosius@mebigfatguy.com', 'F71-eevans@apache.org', 'F3-PrintStream', 'F3-Thread', 'F71-yukim@apache.org', 'F41', 'F3-input', 'F22', 'F123', 'F71-aleksey@apache.org', 'F71-tyler@datastax.com', 'F117', 'F3-InetAddress', 'F71-jbellis@apache.org', 'F65', 'F120', 'F110', 'F15-protected', 'F71-dbrosius@apache.org', 'F71-marcuse@apache.org', 'F72', 'F15-NA', 'F71-jake@apache.org', 'F71-jmckenzie@apache.org', 'F3-ListenableFutureTask'}
     F72   F25  ... F71-tyler@datastax.com F71-slebresne@apache.org
1  10814  1620  ...                      1                        0
2  10814  1620  ...                      1                        0
3  10896  1629  ...                      0                        0

[3 rows x 60 columns]
;.;
        F72       F25  ...  F71-tyler@datastax.com  F71-slebresne@apache.org
0  0.743258  0.700389  ...                     1.0                       0.0
1  0.743258  0.700389  ...                     1.0                       0.0
2  0.750369  0.704280  ...                     0.0                       0.0

[3 rows x 60 columns]
training_x: (2584, 60)
training_y: 2584
testset_x: (34, 60)
testset_y: 34
              precision    recall  f1-score   support

           0       1.00      0.92      0.96        25
           1       0.82      1.00      0.90         9

    accuracy                           0.94        34
   macro avg       0.91      0.96      0.93        34
weighted avg       0.95      0.94      0.94        34

accuracy: 0.9411764705882353
0.9
@@@ tn: 23, fp: 2, fn: 0, tp: 9
@@@ LIME - Creating explainer
@@@ LIME - Random Sampling of Instances
iter: 0, sample_no: 32, actual label: 1, predicted: 1
iter: 1, sample_no: 11, actual label: 1, predicted: 1
iter: 2, sample_no: 3, actual label: 1, predicted: 1
iter: 3, sample_no: 9, actual label: 0, predicted: 0
iter: 4, sample_no: 26, actual label: 0, predicted: 0
iter: 5, sample_no: 3, actual label: 1, predicted: 1
iter: 6, sample_no: 5, actual label: 0, predicted: 0
iter: 7, sample_no: 29, actual label: 0, predicted: 0
iter: 8, sample_no: 2, actual label: 1, predicted: 1
iter: 9, sample_no: 4, actual label: 1, predicted: 1
iter: 10, sample_no: 6, actual label: 1, predicted: 1
iter: 11, sample_no: 11, actual label: 1, predicted: 1
iter: 12, sample_no: 31, actual label: 0, predicted: 0
iter: 13, sample_no: 30, actual label: 0, predicted: 0
iter: 14, sample_no: 5, actual label: 0, predicted: 0
iter: 15, sample_no: 32, actual label: 1, predicted: 1
iter: 16, sample_no: 12, actual label: 0, predicted: 0
iter: 17, sample_no: 24, actual label: 0, predicted: 0
iter: 18, sample_no: 20, actual label: 0, predicted: 0
iter: 19, sample_no: 23, actual label: 0, predicted: 0
iter: 20, sample_no: 6, actual label: 1, predicted: 1
iter: 21, sample_no: 18, actual label: 1, predicted: 1
iter: 22, sample_no: 24, actual label: 0, predicted: 0
iter: 23, sample_no: 18, actual label: 1, predicted: 1
iter: 24, sample_no: 33, actual label: 0, predicted: 0
number of samples: 34
AUC 0.991111111111111
pos_get 9
total recall stop_at 1.0
@@@ C - Repeat number: 10
@@@ D - common_header:  {'category', 'F3-SSTableReader', 'F15-public', 'F116', 'F101', 'F3-boolean', 'F3-BitSet', 'F25', 'F3-String[]', 'F71-slebresne@apache.org', 'F126', 'F71-benedict@apache.org', 'F115', 'F105', 'F71-vijay2win@gmail.com', 'F71-sylvain@datastax.com', 'F3-long', 'F68', 'F104', 'F71-brandonwilliams@apache.org', 'F3-char', 'F3-byte[]', 'F3-NA', 'F3-ByteBuffer', 'F77', 'F3-EncryptionOptions', 'F3-arg0.name().toByteBuffer()', 'F3-DecoratedKey', 'F3-Class', 'F71-johan@apache.org', 'F71-jakers@gmail.com', 'F71-xedin@apache.org', 'F3-int', 'F71-gdusbabek@apache.org', 'F3-String', 'F15-private', 'F71-dbrosius@mebigfatguy.com', 'F71-eevans@apache.org', 'F3-PrintStream', 'F3-Thread', 'F71-yukim@apache.org', 'F41', 'F3-input', 'F22', 'F123', 'F71-aleksey@apache.org', 'F71-tyler@datastax.com', 'F117', 'F3-InetAddress', 'F71-jbellis@apache.org', 'F65', 'F120', 'F110', 'F15-protected', 'F71-dbrosius@apache.org', 'F71-marcuse@apache.org', 'F72', 'F15-NA', 'F71-jake@apache.org', 'F71-jmckenzie@apache.org', 'F3-ListenableFutureTask'}
     F72   F25  ... F71-tyler@datastax.com F71-slebresne@apache.org
1  10814  1620  ...                      1                        0
2  10814  1620  ...                      1                        0
3  10896  1629  ...                      0                        0

[3 rows x 60 columns]
;.;
        F72       F25  ...  F71-tyler@datastax.com  F71-slebresne@apache.org
0  0.743258  0.700389  ...                     1.0                       0.0
1  0.743258  0.700389  ...                     1.0                       0.0
2  0.750369  0.704280  ...                     0.0                       0.0

[3 rows x 60 columns]
training_x: (2584, 60)
training_y: 2584
testset_x: (34, 60)
testset_y: 34
              precision    recall  f1-score   support

           0       1.00      0.92      0.96        25
           1       0.82      1.00      0.90         9

    accuracy                           0.94        34
   macro avg       0.91      0.96      0.93        34
weighted avg       0.95      0.94      0.94        34

accuracy: 0.9411764705882353
0.9
@@@ tn: 23, fp: 2, fn: 0, tp: 9
@@@ LIME - Creating explainer
@@@ LIME - Random Sampling of Instances
iter: 0, sample_no: 28, actual label: 0, predicted: 1
iter: 1, sample_no: 12, actual label: 0, predicted: 0
iter: 2, sample_no: 16, actual label: 1, predicted: 1
iter: 3, sample_no: 8, actual label: 0, predicted: 0
iter: 4, sample_no: 9, actual label: 0, predicted: 0
iter: 5, sample_no: 29, actual label: 0, predicted: 0
iter: 6, sample_no: 27, actual label: 0, predicted: 0
iter: 7, sample_no: 25, actual label: 0, predicted: 0
iter: 8, sample_no: 0, actual label: 0, predicted: 0
iter: 9, sample_no: 22, actual label: 0, predicted: 0
iter: 10, sample_no: 5, actual label: 0, predicted: 0
iter: 11, sample_no: 24, actual label: 0, predicted: 0
iter: 12, sample_no: 14, actual label: 0, predicted: 0
iter: 13, sample_no: 5, actual label: 0, predicted: 0
iter: 14, sample_no: 2, actual label: 1, predicted: 1
iter: 15, sample_no: 4, actual label: 1, predicted: 1
iter: 16, sample_no: 10, actual label: 1, predicted: 1
iter: 17, sample_no: 10, actual label: 1, predicted: 1
iter: 18, sample_no: 3, actual label: 1, predicted: 1
iter: 19, sample_no: 30, actual label: 0, predicted: 0
iter: 20, sample_no: 19, actual label: 0, predicted: 0
iter: 21, sample_no: 15, actual label: 0, predicted: 0
iter: 22, sample_no: 7, actual label: 0, predicted: 0
iter: 23, sample_no: 18, actual label: 1, predicted: 1
iter: 24, sample_no: 8, actual label: 0, predicted: 0
number of samples: 34
AUC 0.991111111111111
pos_get 9
total recall stop_at 1.0
----------threshold stop at----------: 1
AUC [0.991111111111111, 0.991111111111111, 0.991111111111111, 0.991111111111111, 0.991111111111111, 0.991111111111111, 0.991111111111111, 0.991111111111111, 0.991111111111111, 0.991111111111111]
AUC_median 0.991111111111111
AUC_iqr 0.0
cost [0.3235294117647059, 0.3235294117647059, 0.3235294117647059, 0.3235294117647059, 0.3235294117647059, 0.3235294117647059, 0.3235294117647059, 0.3235294117647059, 0.3235294117647059, 0.3235294117647059]
COST_med 0.3235294117647059
COST_iqr 0.0
f1_pos_list [np.float64(0.9), np.float64(0.9), np.float64(0.9), np.float64(0.9), np.float64(0.9), np.float64(0.9), np.float64(0.9), np.float64(0.9), np.float64(0.9), np.float64(0.9)]
f1_pos_med 0.9
total_tn 230
total_fp 20
total_fn 0
total_tp 90
p= 0.8181818181818182
r= 1.0
f= 0.9
