@@@ A - classifier: DummyClassifier(constant=1, strategy='constant')
@@@ B - threshold stop at: 1
@@@ C - Repeat number: 1
@@@ D - common_header:  {'F41', 'F71-mbenson@apache.org', 'F71-bayard@apache.org', 'F25', 'F105', 'F15-NA', 'F110', 'F71-ggregory@apache.org', 'F71-psteitz@apache.org', 'F123', 'F71-sebb@apache.org', 'F115', 'category', 'F116', 'F3-NA', 'F71-jcarman@apache.org', 'F117', 'F104', 'F126', 'F71-chas@apache.org', 'F120', 'F71-pbenedict@apache.org', 'F71-joehni@apache.org', 'F72', 'F3-int', 'F15-public', 'F22', 'F77', 'F65', 'F71-scolebourne@apache.org', 'F71-oheger@apache.org', 'F3-String', 'F71-niallp@apache.org', 'F101', 'F68', 'F71-tn@apache.org'}
    F72   F25  F65  ... F71-mbenson@apache.org F71-tn@apache.org F71-sebb@apache.org
1  2562  1117  180  ...                      1                 1                   1
2  2562  1117  180  ...                      1                 1                   1

[2 rows x 35 columns]
;.;
   F72  F25  ...  F71-tn@apache.org  F71-sebb@apache.org
0  0.0  0.0  ...                0.0                  0.0
1  0.0  0.0  ...                0.0                  0.0

[2 rows x 35 columns]
training_x: (2, 35)
training_y: 2
testset_x: (20, 35)
testset_y: 20
              precision    recall  f1-score   support

           0       0.00      0.00      0.00         7
           1       0.65      1.00      0.79        13

    accuracy                           0.65        20
   macro avg       0.33      0.50      0.39        20
weighted avg       0.42      0.65      0.51        20

accuracy: 0.65
0.7878787878787878
@@@ tn: 0, fp: 7, fn: 0, tp: 13
@@@ LIME - Creating explainer
@@@ LIME - Random Sampling of Instances
iter: 0, sample_no: 4, actual label: 0, predicted: 1
iter: 1, sample_no: 10, actual label: 1, predicted: 1
iter: 2, sample_no: 8, actual label: 1, predicted: 1
iter: 3, sample_no: 2, actual label: 0, predicted: 1
iter: 4, sample_no: 5, actual label: 1, predicted: 1
iter: 5, sample_no: 7, actual label: 1, predicted: 1
iter: 6, sample_no: 14, actual label: 1, predicted: 1
iter: 7, sample_no: 4, actual label: 0, predicted: 1
iter: 8, sample_no: 8, actual label: 1, predicted: 1
iter: 9, sample_no: 18, actual label: 0, predicted: 1
iter: 10, sample_no: 8, actual label: 1, predicted: 1
iter: 11, sample_no: 4, actual label: 0, predicted: 1
iter: 12, sample_no: 5, actual label: 1, predicted: 1
iter: 13, sample_no: 7, actual label: 1, predicted: 1
iter: 14, sample_no: 11, actual label: 1, predicted: 1
iter: 15, sample_no: 1, actual label: 0, predicted: 1
iter: 16, sample_no: 11, actual label: 1, predicted: 1
iter: 17, sample_no: 12, actual label: 1, predicted: 1
iter: 18, sample_no: 2, actual label: 0, predicted: 1
iter: 19, sample_no: 14, actual label: 1, predicted: 1
iter: 20, sample_no: 14, actual label: 1, predicted: 1
iter: 21, sample_no: 14, actual label: 1, predicted: 1
iter: 22, sample_no: 9, actual label: 1, predicted: 1
iter: 23, sample_no: 11, actual label: 1, predicted: 1
iter: 24, sample_no: 19, actual label: 0, predicted: 1
number of samples: 20
AUC 0.5
pos_get 13
total recall stop_at 1
@@@ C - Repeat number: 2
@@@ D - common_header:  {'F41', 'F71-mbenson@apache.org', 'F71-bayard@apache.org', 'F25', 'F105', 'F15-NA', 'F110', 'F71-ggregory@apache.org', 'F71-psteitz@apache.org', 'F123', 'F71-sebb@apache.org', 'F115', 'category', 'F116', 'F3-NA', 'F71-jcarman@apache.org', 'F117', 'F104', 'F126', 'F71-chas@apache.org', 'F120', 'F71-pbenedict@apache.org', 'F71-joehni@apache.org', 'F72', 'F3-int', 'F15-public', 'F22', 'F77', 'F65', 'F71-scolebourne@apache.org', 'F71-oheger@apache.org', 'F3-String', 'F71-niallp@apache.org', 'F101', 'F68', 'F71-tn@apache.org'}
    F72   F25  F65  ... F71-mbenson@apache.org F71-tn@apache.org F71-sebb@apache.org
1  2562  1117  180  ...                      1                 1                   1
2  2562  1117  180  ...                      1                 1                   1

[2 rows x 35 columns]
;.;
   F72  F25  ...  F71-tn@apache.org  F71-sebb@apache.org
0  0.0  0.0  ...                0.0                  0.0
1  0.0  0.0  ...                0.0                  0.0

[2 rows x 35 columns]
training_x: (2, 35)
training_y: 2
testset_x: (20, 35)
testset_y: 20
              precision    recall  f1-score   support

           0       0.00      0.00      0.00         7
           1       0.65      1.00      0.79        13

    accuracy                           0.65        20
   macro avg       0.33      0.50      0.39        20
weighted avg       0.42      0.65      0.51        20

accuracy: 0.65
0.7878787878787878
@@@ tn: 0, fp: 7, fn: 0, tp: 13
@@@ LIME - Creating explainer
@@@ LIME - Random Sampling of Instances
iter: 0, sample_no: 3, actual label: 1, predicted: 1
iter: 1, sample_no: 16, actual label: 0, predicted: 1
iter: 2, sample_no: 9, actual label: 1, predicted: 1
iter: 3, sample_no: 2, actual label: 0, predicted: 1
iter: 4, sample_no: 5, actual label: 1, predicted: 1
iter: 5, sample_no: 4, actual label: 0, predicted: 1
iter: 6, sample_no: 12, actual label: 1, predicted: 1
iter: 7, sample_no: 6, actual label: 1, predicted: 1
iter: 8, sample_no: 6, actual label: 1, predicted: 1
iter: 9, sample_no: 15, actual label: 1, predicted: 1
iter: 10, sample_no: 1, actual label: 0, predicted: 1
iter: 11, sample_no: 19, actual label: 0, predicted: 1
iter: 12, sample_no: 11, actual label: 1, predicted: 1
iter: 13, sample_no: 14, actual label: 1, predicted: 1
iter: 14, sample_no: 5, actual label: 1, predicted: 1
iter: 15, sample_no: 4, actual label: 0, predicted: 1
iter: 16, sample_no: 10, actual label: 1, predicted: 1
iter: 17, sample_no: 16, actual label: 0, predicted: 1
iter: 18, sample_no: 9, actual label: 1, predicted: 1
iter: 19, sample_no: 18, actual label: 0, predicted: 1
iter: 20, sample_no: 15, actual label: 1, predicted: 1
iter: 21, sample_no: 12, actual label: 1, predicted: 1
iter: 22, sample_no: 17, actual label: 0, predicted: 1
iter: 23, sample_no: 19, actual label: 0, predicted: 1
iter: 24, sample_no: 13, actual label: 1, predicted: 1
number of samples: 20
AUC 0.5
pos_get 13
total recall stop_at 1
@@@ C - Repeat number: 3
@@@ D - common_header:  {'F41', 'F71-mbenson@apache.org', 'F71-bayard@apache.org', 'F25', 'F105', 'F15-NA', 'F110', 'F71-ggregory@apache.org', 'F71-psteitz@apache.org', 'F123', 'F71-sebb@apache.org', 'F115', 'category', 'F116', 'F3-NA', 'F71-jcarman@apache.org', 'F117', 'F104', 'F126', 'F71-chas@apache.org', 'F120', 'F71-pbenedict@apache.org', 'F71-joehni@apache.org', 'F72', 'F3-int', 'F15-public', 'F22', 'F77', 'F65', 'F71-scolebourne@apache.org', 'F71-oheger@apache.org', 'F3-String', 'F71-niallp@apache.org', 'F101', 'F68', 'F71-tn@apache.org'}
    F72   F25  F65  ... F71-mbenson@apache.org F71-tn@apache.org F71-sebb@apache.org
1  2562  1117  180  ...                      1                 1                   1
2  2562  1117  180  ...                      1                 1                   1

[2 rows x 35 columns]
;.;
   F72  F25  ...  F71-tn@apache.org  F71-sebb@apache.org
0  0.0  0.0  ...                0.0                  0.0
1  0.0  0.0  ...                0.0                  0.0

[2 rows x 35 columns]
training_x: (2, 35)
training_y: 2
testset_x: (20, 35)
testset_y: 20
              precision    recall  f1-score   support

           0       0.00      0.00      0.00         7
           1       0.65      1.00      0.79        13

    accuracy                           0.65        20
   macro avg       0.33      0.50      0.39        20
weighted avg       0.42      0.65      0.51        20

accuracy: 0.65
0.7878787878787878
@@@ tn: 0, fp: 7, fn: 0, tp: 13
@@@ LIME - Creating explainer
@@@ LIME - Random Sampling of Instances
iter: 0, sample_no: 11, actual label: 1, predicted: 1
iter: 1, sample_no: 1, actual label: 0, predicted: 1
iter: 2, sample_no: 3, actual label: 1, predicted: 1
iter: 3, sample_no: 18, actual label: 0, predicted: 1
iter: 4, sample_no: 8, actual label: 1, predicted: 1
iter: 5, sample_no: 10, actual label: 1, predicted: 1
iter: 6, sample_no: 11, actual label: 1, predicted: 1
iter: 7, sample_no: 19, actual label: 0, predicted: 1
iter: 8, sample_no: 12, actual label: 1, predicted: 1
iter: 9, sample_no: 13, actual label: 1, predicted: 1
iter: 10, sample_no: 4, actual label: 0, predicted: 1
iter: 11, sample_no: 14, actual label: 1, predicted: 1
iter: 12, sample_no: 14, actual label: 1, predicted: 1
iter: 13, sample_no: 16, actual label: 0, predicted: 1
iter: 14, sample_no: 8, actual label: 1, predicted: 1
iter: 15, sample_no: 8, actual label: 1, predicted: 1
iter: 16, sample_no: 19, actual label: 0, predicted: 1
iter: 17, sample_no: 6, actual label: 1, predicted: 1
iter: 18, sample_no: 16, actual label: 0, predicted: 1
iter: 19, sample_no: 12, actual label: 1, predicted: 1
iter: 20, sample_no: 5, actual label: 1, predicted: 1
iter: 21, sample_no: 2, actual label: 0, predicted: 1
iter: 22, sample_no: 10, actual label: 1, predicted: 1
iter: 23, sample_no: 7, actual label: 1, predicted: 1
iter: 24, sample_no: 3, actual label: 1, predicted: 1
number of samples: 20
AUC 0.5
pos_get 13
total recall stop_at 1
@@@ C - Repeat number: 4
@@@ D - common_header:  {'F41', 'F71-mbenson@apache.org', 'F71-bayard@apache.org', 'F25', 'F105', 'F15-NA', 'F110', 'F71-ggregory@apache.org', 'F71-psteitz@apache.org', 'F123', 'F71-sebb@apache.org', 'F115', 'category', 'F116', 'F3-NA', 'F71-jcarman@apache.org', 'F117', 'F104', 'F126', 'F71-chas@apache.org', 'F120', 'F71-pbenedict@apache.org', 'F71-joehni@apache.org', 'F72', 'F3-int', 'F15-public', 'F22', 'F77', 'F65', 'F71-scolebourne@apache.org', 'F71-oheger@apache.org', 'F3-String', 'F71-niallp@apache.org', 'F101', 'F68', 'F71-tn@apache.org'}
    F72   F25  F65  ... F71-mbenson@apache.org F71-tn@apache.org F71-sebb@apache.org
1  2562  1117  180  ...                      1                 1                   1
2  2562  1117  180  ...                      1                 1                   1

[2 rows x 35 columns]
;.;
   F72  F25  ...  F71-tn@apache.org  F71-sebb@apache.org
0  0.0  0.0  ...                0.0                  0.0
1  0.0  0.0  ...                0.0                  0.0

[2 rows x 35 columns]
training_x: (2, 35)
training_y: 2
testset_x: (20, 35)
testset_y: 20
              precision    recall  f1-score   support

           0       0.00      0.00      0.00         7
           1       0.65      1.00      0.79        13

    accuracy                           0.65        20
   macro avg       0.33      0.50      0.39        20
weighted avg       0.42      0.65      0.51        20

accuracy: 0.65
0.7878787878787878
@@@ tn: 0, fp: 7, fn: 0, tp: 13
@@@ LIME - Creating explainer
@@@ LIME - Random Sampling of Instances
iter: 0, sample_no: 5, actual label: 1, predicted: 1
iter: 1, sample_no: 6, actual label: 1, predicted: 1
iter: 2, sample_no: 18, actual label: 0, predicted: 1
iter: 3, sample_no: 3, actual label: 1, predicted: 1
iter: 4, sample_no: 8, actual label: 1, predicted: 1
iter: 5, sample_no: 10, actual label: 1, predicted: 1
iter: 6, sample_no: 8, actual label: 1, predicted: 1
iter: 7, sample_no: 6, actual label: 1, predicted: 1
iter: 8, sample_no: 6, actual label: 1, predicted: 1
iter: 9, sample_no: 2, actual label: 0, predicted: 1
iter: 10, sample_no: 12, actual label: 1, predicted: 1
iter: 11, sample_no: 4, actual label: 0, predicted: 1
iter: 12, sample_no: 19, actual label: 0, predicted: 1
iter: 13, sample_no: 4, actual label: 0, predicted: 1
iter: 14, sample_no: 1, actual label: 0, predicted: 1
iter: 15, sample_no: 15, actual label: 1, predicted: 1
iter: 16, sample_no: 0, actual label: 1, predicted: 1
iter: 17, sample_no: 15, actual label: 1, predicted: 1
iter: 18, sample_no: 2, actual label: 0, predicted: 1
iter: 19, sample_no: 2, actual label: 0, predicted: 1
iter: 20, sample_no: 10, actual label: 1, predicted: 1
iter: 21, sample_no: 5, actual label: 1, predicted: 1
iter: 22, sample_no: 19, actual label: 0, predicted: 1
iter: 23, sample_no: 14, actual label: 1, predicted: 1
iter: 24, sample_no: 14, actual label: 1, predicted: 1
number of samples: 20
AUC 0.5
pos_get 13
total recall stop_at 1
@@@ C - Repeat number: 5
@@@ D - common_header:  {'F41', 'F71-mbenson@apache.org', 'F71-bayard@apache.org', 'F25', 'F105', 'F15-NA', 'F110', 'F71-ggregory@apache.org', 'F71-psteitz@apache.org', 'F123', 'F71-sebb@apache.org', 'F115', 'category', 'F116', 'F3-NA', 'F71-jcarman@apache.org', 'F117', 'F104', 'F126', 'F71-chas@apache.org', 'F120', 'F71-pbenedict@apache.org', 'F71-joehni@apache.org', 'F72', 'F3-int', 'F15-public', 'F22', 'F77', 'F65', 'F71-scolebourne@apache.org', 'F71-oheger@apache.org', 'F3-String', 'F71-niallp@apache.org', 'F101', 'F68', 'F71-tn@apache.org'}
    F72   F25  F65  ... F71-mbenson@apache.org F71-tn@apache.org F71-sebb@apache.org
1  2562  1117  180  ...                      1                 1                   1
2  2562  1117  180  ...                      1                 1                   1

[2 rows x 35 columns]
;.;
   F72  F25  ...  F71-tn@apache.org  F71-sebb@apache.org
0  0.0  0.0  ...                0.0                  0.0
1  0.0  0.0  ...                0.0                  0.0

[2 rows x 35 columns]
training_x: (2, 35)
training_y: 2
testset_x: (20, 35)
testset_y: 20
              precision    recall  f1-score   support

           0       0.00      0.00      0.00         7
           1       0.65      1.00      0.79        13

    accuracy                           0.65        20
   macro avg       0.33      0.50      0.39        20
weighted avg       0.42      0.65      0.51        20

accuracy: 0.65
0.7878787878787878
@@@ tn: 0, fp: 7, fn: 0, tp: 13
@@@ LIME - Creating explainer
@@@ LIME - Random Sampling of Instances
iter: 0, sample_no: 7, actual label: 1, predicted: 1
iter: 1, sample_no: 2, actual label: 0, predicted: 1
iter: 2, sample_no: 13, actual label: 1, predicted: 1
iter: 3, sample_no: 16, actual label: 0, predicted: 1
iter: 4, sample_no: 15, actual label: 1, predicted: 1
iter: 5, sample_no: 11, actual label: 1, predicted: 1
iter: 6, sample_no: 3, actual label: 1, predicted: 1
iter: 7, sample_no: 7, actual label: 1, predicted: 1
iter: 8, sample_no: 0, actual label: 1, predicted: 1
iter: 9, sample_no: 8, actual label: 1, predicted: 1
iter: 10, sample_no: 0, actual label: 1, predicted: 1
iter: 11, sample_no: 17, actual label: 0, predicted: 1
iter: 12, sample_no: 0, actual label: 1, predicted: 1
iter: 13, sample_no: 17, actual label: 0, predicted: 1
iter: 14, sample_no: 19, actual label: 0, predicted: 1
iter: 15, sample_no: 0, actual label: 1, predicted: 1
iter: 16, sample_no: 2, actual label: 0, predicted: 1
iter: 17, sample_no: 15, actual label: 1, predicted: 1
iter: 18, sample_no: 10, actual label: 1, predicted: 1
iter: 19, sample_no: 2, actual label: 0, predicted: 1
iter: 20, sample_no: 5, actual label: 1, predicted: 1
iter: 21, sample_no: 16, actual label: 0, predicted: 1
iter: 22, sample_no: 2, actual label: 0, predicted: 1
iter: 23, sample_no: 2, actual label: 0, predicted: 1
iter: 24, sample_no: 5, actual label: 1, predicted: 1
number of samples: 20
AUC 0.5
pos_get 13
total recall stop_at 1
@@@ C - Repeat number: 6
@@@ D - common_header:  {'F41', 'F71-mbenson@apache.org', 'F71-bayard@apache.org', 'F25', 'F105', 'F15-NA', 'F110', 'F71-ggregory@apache.org', 'F71-psteitz@apache.org', 'F123', 'F71-sebb@apache.org', 'F115', 'category', 'F116', 'F3-NA', 'F71-jcarman@apache.org', 'F117', 'F104', 'F126', 'F71-chas@apache.org', 'F120', 'F71-pbenedict@apache.org', 'F71-joehni@apache.org', 'F72', 'F3-int', 'F15-public', 'F22', 'F77', 'F65', 'F71-scolebourne@apache.org', 'F71-oheger@apache.org', 'F3-String', 'F71-niallp@apache.org', 'F101', 'F68', 'F71-tn@apache.org'}
    F72   F25  F65  ... F71-mbenson@apache.org F71-tn@apache.org F71-sebb@apache.org
1  2562  1117  180  ...                      1                 1                   1
2  2562  1117  180  ...                      1                 1                   1

[2 rows x 35 columns]
;.;
   F72  F25  ...  F71-tn@apache.org  F71-sebb@apache.org
0  0.0  0.0  ...                0.0                  0.0
1  0.0  0.0  ...                0.0                  0.0

[2 rows x 35 columns]
training_x: (2, 35)
training_y: 2
testset_x: (20, 35)
testset_y: 20
              precision    recall  f1-score   support

           0       0.00      0.00      0.00         7
           1       0.65      1.00      0.79        13

    accuracy                           0.65        20
   macro avg       0.33      0.50      0.39        20
weighted avg       0.42      0.65      0.51        20

accuracy: 0.65
0.7878787878787878
@@@ tn: 0, fp: 7, fn: 0, tp: 13
@@@ LIME - Creating explainer
@@@ LIME - Random Sampling of Instances
iter: 0, sample_no: 0, actual label: 1, predicted: 1
iter: 1, sample_no: 5, actual label: 1, predicted: 1
iter: 2, sample_no: 9, actual label: 1, predicted: 1
iter: 3, sample_no: 19, actual label: 0, predicted: 1
iter: 4, sample_no: 5, actual label: 1, predicted: 1
iter: 5, sample_no: 7, actual label: 1, predicted: 1
iter: 6, sample_no: 11, actual label: 1, predicted: 1
iter: 7, sample_no: 2, actual label: 0, predicted: 1
iter: 8, sample_no: 17, actual label: 0, predicted: 1
iter: 9, sample_no: 6, actual label: 1, predicted: 1
iter: 10, sample_no: 2, actual label: 0, predicted: 1
iter: 11, sample_no: 17, actual label: 0, predicted: 1
iter: 12, sample_no: 17, actual label: 0, predicted: 1
iter: 13, sample_no: 11, actual label: 1, predicted: 1
iter: 14, sample_no: 16, actual label: 0, predicted: 1
iter: 15, sample_no: 8, actual label: 1, predicted: 1
iter: 16, sample_no: 8, actual label: 1, predicted: 1
iter: 17, sample_no: 0, actual label: 1, predicted: 1
iter: 18, sample_no: 10, actual label: 1, predicted: 1
iter: 19, sample_no: 14, actual label: 1, predicted: 1
iter: 20, sample_no: 15, actual label: 1, predicted: 1
iter: 21, sample_no: 7, actual label: 1, predicted: 1
iter: 22, sample_no: 9, actual label: 1, predicted: 1
iter: 23, sample_no: 19, actual label: 0, predicted: 1
iter: 24, sample_no: 2, actual label: 0, predicted: 1
number of samples: 20
AUC 0.5
pos_get 13
total recall stop_at 1
@@@ C - Repeat number: 7
@@@ D - common_header:  {'F41', 'F71-mbenson@apache.org', 'F71-bayard@apache.org', 'F25', 'F105', 'F15-NA', 'F110', 'F71-ggregory@apache.org', 'F71-psteitz@apache.org', 'F123', 'F71-sebb@apache.org', 'F115', 'category', 'F116', 'F3-NA', 'F71-jcarman@apache.org', 'F117', 'F104', 'F126', 'F71-chas@apache.org', 'F120', 'F71-pbenedict@apache.org', 'F71-joehni@apache.org', 'F72', 'F3-int', 'F15-public', 'F22', 'F77', 'F65', 'F71-scolebourne@apache.org', 'F71-oheger@apache.org', 'F3-String', 'F71-niallp@apache.org', 'F101', 'F68', 'F71-tn@apache.org'}
    F72   F25  F65  ... F71-mbenson@apache.org F71-tn@apache.org F71-sebb@apache.org
1  2562  1117  180  ...                      1                 1                   1
2  2562  1117  180  ...                      1                 1                   1

[2 rows x 35 columns]
;.;
   F72  F25  ...  F71-tn@apache.org  F71-sebb@apache.org
0  0.0  0.0  ...                0.0                  0.0
1  0.0  0.0  ...                0.0                  0.0

[2 rows x 35 columns]
training_x: (2, 35)
training_y: 2
testset_x: (20, 35)
testset_y: 20
              precision    recall  f1-score   support

           0       0.00      0.00      0.00         7
           1       0.65      1.00      0.79        13

    accuracy                           0.65        20
   macro avg       0.33      0.50      0.39        20
weighted avg       0.42      0.65      0.51        20

accuracy: 0.65
0.7878787878787878
@@@ tn: 0, fp: 7, fn: 0, tp: 13
@@@ LIME - Creating explainer
@@@ LIME - Random Sampling of Instances
iter: 0, sample_no: 10, actual label: 1, predicted: 1
iter: 1, sample_no: 16, actual label: 0, predicted: 1
iter: 2, sample_no: 8, actual label: 1, predicted: 1
iter: 3, sample_no: 9, actual label: 1, predicted: 1
iter: 4, sample_no: 12, actual label: 1, predicted: 1
iter: 5, sample_no: 14, actual label: 1, predicted: 1
iter: 6, sample_no: 9, actual label: 1, predicted: 1
iter: 7, sample_no: 16, actual label: 0, predicted: 1
iter: 8, sample_no: 5, actual label: 1, predicted: 1
iter: 9, sample_no: 10, actual label: 1, predicted: 1
iter: 10, sample_no: 12, actual label: 1, predicted: 1
iter: 11, sample_no: 15, actual label: 1, predicted: 1
iter: 12, sample_no: 11, actual label: 1, predicted: 1
iter: 13, sample_no: 7, actual label: 1, predicted: 1
iter: 14, sample_no: 19, actual label: 0, predicted: 1
iter: 15, sample_no: 3, actual label: 1, predicted: 1
iter: 16, sample_no: 4, actual label: 0, predicted: 1
iter: 17, sample_no: 15, actual label: 1, predicted: 1
iter: 18, sample_no: 4, actual label: 0, predicted: 1
iter: 19, sample_no: 10, actual label: 1, predicted: 1
iter: 20, sample_no: 7, actual label: 1, predicted: 1
iter: 21, sample_no: 18, actual label: 0, predicted: 1
iter: 22, sample_no: 17, actual label: 0, predicted: 1
iter: 23, sample_no: 17, actual label: 0, predicted: 1
iter: 24, sample_no: 1, actual label: 0, predicted: 1
number of samples: 20
AUC 0.5
pos_get 13
total recall stop_at 1
@@@ C - Repeat number: 8
@@@ D - common_header:  {'F41', 'F71-mbenson@apache.org', 'F71-bayard@apache.org', 'F25', 'F105', 'F15-NA', 'F110', 'F71-ggregory@apache.org', 'F71-psteitz@apache.org', 'F123', 'F71-sebb@apache.org', 'F115', 'category', 'F116', 'F3-NA', 'F71-jcarman@apache.org', 'F117', 'F104', 'F126', 'F71-chas@apache.org', 'F120', 'F71-pbenedict@apache.org', 'F71-joehni@apache.org', 'F72', 'F3-int', 'F15-public', 'F22', 'F77', 'F65', 'F71-scolebourne@apache.org', 'F71-oheger@apache.org', 'F3-String', 'F71-niallp@apache.org', 'F101', 'F68', 'F71-tn@apache.org'}
    F72   F25  F65  ... F71-mbenson@apache.org F71-tn@apache.org F71-sebb@apache.org
1  2562  1117  180  ...                      1                 1                   1
2  2562  1117  180  ...                      1                 1                   1

[2 rows x 35 columns]
;.;
   F72  F25  ...  F71-tn@apache.org  F71-sebb@apache.org
0  0.0  0.0  ...                0.0                  0.0
1  0.0  0.0  ...                0.0                  0.0

[2 rows x 35 columns]
training_x: (2, 35)
training_y: 2
testset_x: (20, 35)
testset_y: 20
              precision    recall  f1-score   support

           0       0.00      0.00      0.00         7
           1       0.65      1.00      0.79        13

    accuracy                           0.65        20
   macro avg       0.33      0.50      0.39        20
weighted avg       0.42      0.65      0.51        20

accuracy: 0.65
0.7878787878787878
@@@ tn: 0, fp: 7, fn: 0, tp: 13
@@@ LIME - Creating explainer
@@@ LIME - Random Sampling of Instances
iter: 0, sample_no: 16, actual label: 0, predicted: 1
iter: 1, sample_no: 15, actual label: 1, predicted: 1
iter: 2, sample_no: 5, actual label: 1, predicted: 1
iter: 3, sample_no: 4, actual label: 0, predicted: 1
iter: 4, sample_no: 2, actual label: 0, predicted: 1
iter: 5, sample_no: 7, actual label: 1, predicted: 1
iter: 6, sample_no: 6, actual label: 1, predicted: 1
iter: 7, sample_no: 14, actual label: 1, predicted: 1
iter: 8, sample_no: 7, actual label: 1, predicted: 1
iter: 9, sample_no: 0, actual label: 1, predicted: 1
iter: 10, sample_no: 7, actual label: 1, predicted: 1
iter: 11, sample_no: 9, actual label: 1, predicted: 1
iter: 12, sample_no: 16, actual label: 0, predicted: 1
iter: 13, sample_no: 14, actual label: 1, predicted: 1
iter: 14, sample_no: 5, actual label: 1, predicted: 1
iter: 15, sample_no: 2, actual label: 0, predicted: 1
iter: 16, sample_no: 10, actual label: 1, predicted: 1
iter: 17, sample_no: 11, actual label: 1, predicted: 1
iter: 18, sample_no: 15, actual label: 1, predicted: 1
iter: 19, sample_no: 9, actual label: 1, predicted: 1
iter: 20, sample_no: 12, actual label: 1, predicted: 1
iter: 21, sample_no: 7, actual label: 1, predicted: 1
iter: 22, sample_no: 19, actual label: 0, predicted: 1
iter: 23, sample_no: 14, actual label: 1, predicted: 1
iter: 24, sample_no: 19, actual label: 0, predicted: 1
number of samples: 20
AUC 0.5
pos_get 13
total recall stop_at 1
@@@ C - Repeat number: 9
@@@ D - common_header:  {'F41', 'F71-mbenson@apache.org', 'F71-bayard@apache.org', 'F25', 'F105', 'F15-NA', 'F110', 'F71-ggregory@apache.org', 'F71-psteitz@apache.org', 'F123', 'F71-sebb@apache.org', 'F115', 'category', 'F116', 'F3-NA', 'F71-jcarman@apache.org', 'F117', 'F104', 'F126', 'F71-chas@apache.org', 'F120', 'F71-pbenedict@apache.org', 'F71-joehni@apache.org', 'F72', 'F3-int', 'F15-public', 'F22', 'F77', 'F65', 'F71-scolebourne@apache.org', 'F71-oheger@apache.org', 'F3-String', 'F71-niallp@apache.org', 'F101', 'F68', 'F71-tn@apache.org'}
    F72   F25  F65  ... F71-mbenson@apache.org F71-tn@apache.org F71-sebb@apache.org
1  2562  1117  180  ...                      1                 1                   1
2  2562  1117  180  ...                      1                 1                   1

[2 rows x 35 columns]
;.;
   F72  F25  ...  F71-tn@apache.org  F71-sebb@apache.org
0  0.0  0.0  ...                0.0                  0.0
1  0.0  0.0  ...                0.0                  0.0

[2 rows x 35 columns]
training_x: (2, 35)
training_y: 2
testset_x: (20, 35)
testset_y: 20
              precision    recall  f1-score   support

           0       0.00      0.00      0.00         7
           1       0.65      1.00      0.79        13

    accuracy                           0.65        20
   macro avg       0.33      0.50      0.39        20
weighted avg       0.42      0.65      0.51        20

accuracy: 0.65
0.7878787878787878
@@@ tn: 0, fp: 7, fn: 0, tp: 13
@@@ LIME - Creating explainer
@@@ LIME - Random Sampling of Instances
iter: 0, sample_no: 5, actual label: 1, predicted: 1
iter: 1, sample_no: 14, actual label: 1, predicted: 1
iter: 2, sample_no: 14, actual label: 1, predicted: 1
iter: 3, sample_no: 1, actual label: 0, predicted: 1
iter: 4, sample_no: 3, actual label: 1, predicted: 1
iter: 5, sample_no: 12, actual label: 1, predicted: 1
iter: 6, sample_no: 15, actual label: 1, predicted: 1
iter: 7, sample_no: 8, actual label: 1, predicted: 1
iter: 8, sample_no: 7, actual label: 1, predicted: 1
iter: 9, sample_no: 18, actual label: 0, predicted: 1
iter: 10, sample_no: 18, actual label: 0, predicted: 1
iter: 11, sample_no: 8, actual label: 1, predicted: 1
iter: 12, sample_no: 17, actual label: 0, predicted: 1
iter: 13, sample_no: 15, actual label: 1, predicted: 1
iter: 14, sample_no: 5, actual label: 1, predicted: 1
iter: 15, sample_no: 9, actual label: 1, predicted: 1
iter: 16, sample_no: 13, actual label: 1, predicted: 1
iter: 17, sample_no: 1, actual label: 0, predicted: 1
iter: 18, sample_no: 9, actual label: 1, predicted: 1
iter: 19, sample_no: 12, actual label: 1, predicted: 1
iter: 20, sample_no: 14, actual label: 1, predicted: 1
iter: 21, sample_no: 4, actual label: 0, predicted: 1
iter: 22, sample_no: 8, actual label: 1, predicted: 1
iter: 23, sample_no: 17, actual label: 0, predicted: 1
iter: 24, sample_no: 6, actual label: 1, predicted: 1
number of samples: 20
AUC 0.5
pos_get 13
total recall stop_at 1
@@@ C - Repeat number: 10
@@@ D - common_header:  {'F41', 'F71-mbenson@apache.org', 'F71-bayard@apache.org', 'F25', 'F105', 'F15-NA', 'F110', 'F71-ggregory@apache.org', 'F71-psteitz@apache.org', 'F123', 'F71-sebb@apache.org', 'F115', 'category', 'F116', 'F3-NA', 'F71-jcarman@apache.org', 'F117', 'F104', 'F126', 'F71-chas@apache.org', 'F120', 'F71-pbenedict@apache.org', 'F71-joehni@apache.org', 'F72', 'F3-int', 'F15-public', 'F22', 'F77', 'F65', 'F71-scolebourne@apache.org', 'F71-oheger@apache.org', 'F3-String', 'F71-niallp@apache.org', 'F101', 'F68', 'F71-tn@apache.org'}
    F72   F25  F65  ... F71-mbenson@apache.org F71-tn@apache.org F71-sebb@apache.org
1  2562  1117  180  ...                      1                 1                   1
2  2562  1117  180  ...                      1                 1                   1

[2 rows x 35 columns]
;.;
   F72  F25  ...  F71-tn@apache.org  F71-sebb@apache.org
0  0.0  0.0  ...                0.0                  0.0
1  0.0  0.0  ...                0.0                  0.0

[2 rows x 35 columns]
training_x: (2, 35)
training_y: 2
testset_x: (20, 35)
testset_y: 20
              precision    recall  f1-score   support

           0       0.00      0.00      0.00         7
           1       0.65      1.00      0.79        13

    accuracy                           0.65        20
   macro avg       0.33      0.50      0.39        20
weighted avg       0.42      0.65      0.51        20

accuracy: 0.65
0.7878787878787878
@@@ tn: 0, fp: 7, fn: 0, tp: 13
@@@ LIME - Creating explainer
@@@ LIME - Random Sampling of Instances
iter: 0, sample_no: 11, actual label: 1, predicted: 1
iter: 1, sample_no: 13, actual label: 1, predicted: 1
iter: 2, sample_no: 13, actual label: 1, predicted: 1
iter: 3, sample_no: 15, actual label: 1, predicted: 1
iter: 4, sample_no: 4, actual label: 0, predicted: 1
iter: 5, sample_no: 5, actual label: 1, predicted: 1
iter: 6, sample_no: 14, actual label: 1, predicted: 1
iter: 7, sample_no: 19, actual label: 0, predicted: 1
iter: 8, sample_no: 6, actual label: 1, predicted: 1
iter: 9, sample_no: 7, actual label: 1, predicted: 1
iter: 10, sample_no: 19, actual label: 0, predicted: 1
iter: 11, sample_no: 11, actual label: 1, predicted: 1
iter: 12, sample_no: 2, actual label: 0, predicted: 1
iter: 13, sample_no: 14, actual label: 1, predicted: 1
iter: 14, sample_no: 3, actual label: 1, predicted: 1
iter: 15, sample_no: 3, actual label: 1, predicted: 1
iter: 16, sample_no: 15, actual label: 1, predicted: 1
iter: 17, sample_no: 12, actual label: 1, predicted: 1
iter: 18, sample_no: 10, actual label: 1, predicted: 1
iter: 19, sample_no: 11, actual label: 1, predicted: 1
iter: 20, sample_no: 8, actual label: 1, predicted: 1
iter: 21, sample_no: 15, actual label: 1, predicted: 1
iter: 22, sample_no: 1, actual label: 0, predicted: 1
iter: 23, sample_no: 18, actual label: 0, predicted: 1
iter: 24, sample_no: 3, actual label: 1, predicted: 1
number of samples: 20
AUC 0.5
pos_get 13
total recall stop_at 1
----------threshold stop at----------: 1
AUC [0.5, 0.5, 0.5, 0.5, 0.5, 0.5, 0.5, 0.5, 0.5, 0.5]
AUC_median 0.5
AUC_iqr 0.0
cost [1, 1, 1, 1, 1, 1, 1, 1, 1, 1]
COST_med 1.0
COST_iqr 0.0
f1_pos_list [np.float64(0.7878787878787878), np.float64(0.7878787878787878), np.float64(0.7878787878787878), np.float64(0.7878787878787878), np.float64(0.7878787878787878), np.float64(0.7878787878787878), np.float64(0.7878787878787878), np.float64(0.7878787878787878), np.float64(0.7878787878787878), np.float64(0.7878787878787878)]
f1_pos_med 0.7878787878787878
total_tn 0
total_fp 70
total_fn 0
total_tp 130
p= 0.65
r= 1.0
f= 0.787878787878788
