@@@ A - classifier: DummyClassifier(constant=1, strategy='constant')
@@@ B - threshold stop at: 1
@@@ C - Repeat number: 1
@@@ D - common_header:  {'F3-CharStream', 'F71-rmuir@apache.org', 'F3-long', 'F71-shalin@apache.org', 'F3-Class', 'F3-char', 'F77', 'F3-NA', 'F3-int[]', 'F71-erick@apache.org', 'F71-ryan@apache.org', 'F126', 'F71-hossman@apache.org', 'F71-markrmiller@apache.org', 'F68', 'F3-long[]', 'F71-sarowe@apache.org', 'F3-int', 'F25', 'F15-protected', 'F71-shaie@apache.org', 'F72', 'F15-public', 'F3-Among[]', 'F3-Path', 'F71-chrism@apache.org', 'F71-jpountz@apache.org', 'F71-uschindler@apache.org', 'category', 'F71-simonw@apache.org', 'F71-rjernst@apache.org', 'F3-boolean', 'F3-ValueSource', 'F3-char[]', 'F71-romseygeek@apache.org', 'F3-FileInputStream', 'F71-mikemccand@apache.org', 'F120', 'F71-anshum@apache.org', 'F115', 'F3-CharSequence', 'F15-NA', 'F65', 'F41', 'F71-yonik@apache.org', 'F104', 'F105', 'F101', 'F123', 'F71-noble@apache.org', 'F3-String', 'F22', 'F117', 'F110', 'F15-private', 'F116'}
     F72   F25  ... F71-erick@apache.org F71-uschindler@apache.org
1   4679    97  ...                    0                         1
2   4679    97  ...                    0                         1
3  19865  2075  ...                    0                         1

[3 rows x 55 columns]
;.;
        F72       F25  ...  F71-erick@apache.org  F71-uschindler@apache.org
0  0.035424  0.023909  ...                   0.0                        1.0
1  0.035424  0.023909  ...                   0.0                        1.0
2  0.747947  0.511462  ...                   0.0                        1.0

[3 rows x 55 columns]
training_x: (3259, 55)
training_y: 3259
testset_x: (393, 55)
testset_y: 393
              precision    recall  f1-score   support

           0       0.00      0.00      0.00       251
           1       0.36      1.00      0.53       142

    accuracy                           0.36       393
   macro avg       0.18      0.50      0.27       393
weighted avg       0.13      0.36      0.19       393

accuracy: 0.361323155216285
0.5308411214953271
@@@ tn: 0, fp: 251, fn: 0, tp: 142
@@@ LIME - Creating explainer
@@@ LIME - Random Sampling of Instances
iter: 0, sample_no: 324, actual label: 0, predicted: 1
iter: 1, sample_no: 263, actual label: 0, predicted: 1
iter: 2, sample_no: 347, actual label: 1, predicted: 1
iter: 3, sample_no: 84, actual label: 0, predicted: 1
iter: 4, sample_no: 132, actual label: 1, predicted: 1
iter: 5, sample_no: 376, actual label: 0, predicted: 1
iter: 6, sample_no: 114, actual label: 0, predicted: 1
iter: 7, sample_no: 301, actual label: 0, predicted: 1
iter: 8, sample_no: 271, actual label: 1, predicted: 1
iter: 9, sample_no: 30, actual label: 0, predicted: 1
iter: 10, sample_no: 355, actual label: 0, predicted: 1
iter: 11, sample_no: 339, actual label: 1, predicted: 1
iter: 12, sample_no: 7, actual label: 1, predicted: 1
iter: 13, sample_no: 20, actual label: 0, predicted: 1
iter: 14, sample_no: 60, actual label: 0, predicted: 1
iter: 15, sample_no: 171, actual label: 0, predicted: 1
iter: 16, sample_no: 303, actual label: 0, predicted: 1
iter: 17, sample_no: 374, actual label: 1, predicted: 1
iter: 18, sample_no: 340, actual label: 0, predicted: 1
iter: 19, sample_no: 295, actual label: 0, predicted: 1
iter: 20, sample_no: 44, actual label: 0, predicted: 1
iter: 21, sample_no: 350, actual label: 0, predicted: 1
iter: 22, sample_no: 41, actual label: 0, predicted: 1
iter: 23, sample_no: 280, actual label: 0, predicted: 1
iter: 24, sample_no: 304, actual label: 0, predicted: 1
number of samples: 393
AUC 0.5
pos_get 142
total recall stop_at 1
@@@ C - Repeat number: 2
@@@ D - common_header:  {'F3-CharStream', 'F71-rmuir@apache.org', 'F3-long', 'F71-shalin@apache.org', 'F3-Class', 'F3-char', 'F77', 'F3-NA', 'F3-int[]', 'F71-erick@apache.org', 'F71-ryan@apache.org', 'F126', 'F71-hossman@apache.org', 'F71-markrmiller@apache.org', 'F68', 'F3-long[]', 'F71-sarowe@apache.org', 'F3-int', 'F25', 'F15-protected', 'F71-shaie@apache.org', 'F72', 'F15-public', 'F3-Among[]', 'F3-Path', 'F71-chrism@apache.org', 'F71-jpountz@apache.org', 'F71-uschindler@apache.org', 'category', 'F71-simonw@apache.org', 'F71-rjernst@apache.org', 'F3-boolean', 'F3-ValueSource', 'F3-char[]', 'F71-romseygeek@apache.org', 'F3-FileInputStream', 'F71-mikemccand@apache.org', 'F120', 'F71-anshum@apache.org', 'F115', 'F3-CharSequence', 'F15-NA', 'F65', 'F41', 'F71-yonik@apache.org', 'F104', 'F105', 'F101', 'F123', 'F71-noble@apache.org', 'F3-String', 'F22', 'F117', 'F110', 'F15-private', 'F116'}
     F72   F25  ... F71-erick@apache.org F71-uschindler@apache.org
1   4679    97  ...                    0                         1
2   4679    97  ...                    0                         1
3  19865  2075  ...                    0                         1

[3 rows x 55 columns]
;.;
        F72       F25  ...  F71-erick@apache.org  F71-uschindler@apache.org
0  0.035424  0.023909  ...                   0.0                        1.0
1  0.035424  0.023909  ...                   0.0                        1.0
2  0.747947  0.511462  ...                   0.0                        1.0

[3 rows x 55 columns]
training_x: (3259, 55)
training_y: 3259
testset_x: (393, 55)
testset_y: 393
              precision    recall  f1-score   support

           0       0.00      0.00      0.00       251
           1       0.36      1.00      0.53       142

    accuracy                           0.36       393
   macro avg       0.18      0.50      0.27       393
weighted avg       0.13      0.36      0.19       393

accuracy: 0.361323155216285
0.5308411214953271
@@@ tn: 0, fp: 251, fn: 0, tp: 142
@@@ LIME - Creating explainer
@@@ LIME - Random Sampling of Instances
iter: 0, sample_no: 276, actual label: 1, predicted: 1
iter: 1, sample_no: 100, actual label: 1, predicted: 1
iter: 2, sample_no: 94, actual label: 1, predicted: 1
iter: 3, sample_no: 209, actual label: 0, predicted: 1
iter: 4, sample_no: 56, actual label: 0, predicted: 1
iter: 5, sample_no: 137, actual label: 1, predicted: 1
iter: 6, sample_no: 153, actual label: 1, predicted: 1
iter: 7, sample_no: 267, actual label: 0, predicted: 1
iter: 8, sample_no: 293, actual label: 1, predicted: 1
iter: 9, sample_no: 22, actual label: 1, predicted: 1
iter: 10, sample_no: 301, actual label: 0, predicted: 1
iter: 11, sample_no: 25, actual label: 1, predicted: 1
iter: 12, sample_no: 358, actual label: 1, predicted: 1
iter: 13, sample_no: 354, actual label: 1, predicted: 1
iter: 14, sample_no: 329, actual label: 1, predicted: 1
iter: 15, sample_no: 288, actual label: 0, predicted: 1
iter: 16, sample_no: 214, actual label: 0, predicted: 1
iter: 17, sample_no: 333, actual label: 1, predicted: 1
iter: 18, sample_no: 355, actual label: 0, predicted: 1
iter: 19, sample_no: 11, actual label: 1, predicted: 1
iter: 20, sample_no: 303, actual label: 0, predicted: 1
iter: 21, sample_no: 335, actual label: 0, predicted: 1
iter: 22, sample_no: 132, actual label: 1, predicted: 1
iter: 23, sample_no: 321, actual label: 0, predicted: 1
iter: 24, sample_no: 89, actual label: 1, predicted: 1
number of samples: 393
AUC 0.5
pos_get 142
total recall stop_at 1
@@@ C - Repeat number: 3
@@@ D - common_header:  {'F3-CharStream', 'F71-rmuir@apache.org', 'F3-long', 'F71-shalin@apache.org', 'F3-Class', 'F3-char', 'F77', 'F3-NA', 'F3-int[]', 'F71-erick@apache.org', 'F71-ryan@apache.org', 'F126', 'F71-hossman@apache.org', 'F71-markrmiller@apache.org', 'F68', 'F3-long[]', 'F71-sarowe@apache.org', 'F3-int', 'F25', 'F15-protected', 'F71-shaie@apache.org', 'F72', 'F15-public', 'F3-Among[]', 'F3-Path', 'F71-chrism@apache.org', 'F71-jpountz@apache.org', 'F71-uschindler@apache.org', 'category', 'F71-simonw@apache.org', 'F71-rjernst@apache.org', 'F3-boolean', 'F3-ValueSource', 'F3-char[]', 'F71-romseygeek@apache.org', 'F3-FileInputStream', 'F71-mikemccand@apache.org', 'F120', 'F71-anshum@apache.org', 'F115', 'F3-CharSequence', 'F15-NA', 'F65', 'F41', 'F71-yonik@apache.org', 'F104', 'F105', 'F101', 'F123', 'F71-noble@apache.org', 'F3-String', 'F22', 'F117', 'F110', 'F15-private', 'F116'}
     F72   F25  ... F71-erick@apache.org F71-uschindler@apache.org
1   4679    97  ...                    0                         1
2   4679    97  ...                    0                         1
3  19865  2075  ...                    0                         1

[3 rows x 55 columns]
;.;
        F72       F25  ...  F71-erick@apache.org  F71-uschindler@apache.org
0  0.035424  0.023909  ...                   0.0                        1.0
1  0.035424  0.023909  ...                   0.0                        1.0
2  0.747947  0.511462  ...                   0.0                        1.0

[3 rows x 55 columns]
training_x: (3259, 55)
training_y: 3259
testset_x: (393, 55)
testset_y: 393
              precision    recall  f1-score   support

           0       0.00      0.00      0.00       251
           1       0.36      1.00      0.53       142

    accuracy                           0.36       393
   macro avg       0.18      0.50      0.27       393
weighted avg       0.13      0.36      0.19       393

accuracy: 0.361323155216285
0.5308411214953271
@@@ tn: 0, fp: 251, fn: 0, tp: 142
@@@ LIME - Creating explainer
@@@ LIME - Random Sampling of Instances
iter: 0, sample_no: 131, actual label: 1, predicted: 1
iter: 1, sample_no: 100, actual label: 1, predicted: 1
iter: 2, sample_no: 181, actual label: 0, predicted: 1
iter: 3, sample_no: 8, actual label: 1, predicted: 1
iter: 4, sample_no: 12, actual label: 1, predicted: 1
iter: 5, sample_no: 203, actual label: 0, predicted: 1
iter: 6, sample_no: 32, actual label: 1, predicted: 1
iter: 7, sample_no: 86, actual label: 1, predicted: 1
iter: 8, sample_no: 17, actual label: 0, predicted: 1
iter: 9, sample_no: 193, actual label: 0, predicted: 1
iter: 10, sample_no: 155, actual label: 1, predicted: 1
iter: 11, sample_no: 167, actual label: 1, predicted: 1
iter: 12, sample_no: 274, actual label: 1, predicted: 1
iter: 13, sample_no: 230, actual label: 0, predicted: 1
iter: 14, sample_no: 305, actual label: 0, predicted: 1
iter: 15, sample_no: 360, actual label: 0, predicted: 1
iter: 16, sample_no: 62, actual label: 0, predicted: 1
iter: 17, sample_no: 192, actual label: 0, predicted: 1
iter: 18, sample_no: 224, actual label: 0, predicted: 1
iter: 19, sample_no: 51, actual label: 0, predicted: 1
iter: 20, sample_no: 135, actual label: 1, predicted: 1
iter: 21, sample_no: 308, actual label: 0, predicted: 1
iter: 22, sample_no: 370, actual label: 1, predicted: 1
iter: 23, sample_no: 142, actual label: 1, predicted: 1
iter: 24, sample_no: 352, actual label: 1, predicted: 1
number of samples: 393
AUC 0.5
pos_get 142
total recall stop_at 1
@@@ C - Repeat number: 4
@@@ D - common_header:  {'F3-CharStream', 'F71-rmuir@apache.org', 'F3-long', 'F71-shalin@apache.org', 'F3-Class', 'F3-char', 'F77', 'F3-NA', 'F3-int[]', 'F71-erick@apache.org', 'F71-ryan@apache.org', 'F126', 'F71-hossman@apache.org', 'F71-markrmiller@apache.org', 'F68', 'F3-long[]', 'F71-sarowe@apache.org', 'F3-int', 'F25', 'F15-protected', 'F71-shaie@apache.org', 'F72', 'F15-public', 'F3-Among[]', 'F3-Path', 'F71-chrism@apache.org', 'F71-jpountz@apache.org', 'F71-uschindler@apache.org', 'category', 'F71-simonw@apache.org', 'F71-rjernst@apache.org', 'F3-boolean', 'F3-ValueSource', 'F3-char[]', 'F71-romseygeek@apache.org', 'F3-FileInputStream', 'F71-mikemccand@apache.org', 'F120', 'F71-anshum@apache.org', 'F115', 'F3-CharSequence', 'F15-NA', 'F65', 'F41', 'F71-yonik@apache.org', 'F104', 'F105', 'F101', 'F123', 'F71-noble@apache.org', 'F3-String', 'F22', 'F117', 'F110', 'F15-private', 'F116'}
     F72   F25  ... F71-erick@apache.org F71-uschindler@apache.org
1   4679    97  ...                    0                         1
2   4679    97  ...                    0                         1
3  19865  2075  ...                    0                         1

[3 rows x 55 columns]
;.;
        F72       F25  ...  F71-erick@apache.org  F71-uschindler@apache.org
0  0.035424  0.023909  ...                   0.0                        1.0
1  0.035424  0.023909  ...                   0.0                        1.0
2  0.747947  0.511462  ...                   0.0                        1.0

[3 rows x 55 columns]
training_x: (3259, 55)
training_y: 3259
testset_x: (393, 55)
testset_y: 393
              precision    recall  f1-score   support

           0       0.00      0.00      0.00       251
           1       0.36      1.00      0.53       142

    accuracy                           0.36       393
   macro avg       0.18      0.50      0.27       393
weighted avg       0.13      0.36      0.19       393

accuracy: 0.361323155216285
0.5308411214953271
@@@ tn: 0, fp: 251, fn: 0, tp: 142
@@@ LIME - Creating explainer
@@@ LIME - Random Sampling of Instances
iter: 0, sample_no: 189, actual label: 0, predicted: 1
iter: 1, sample_no: 198, actual label: 0, predicted: 1
iter: 2, sample_no: 351, actual label: 1, predicted: 1
iter: 3, sample_no: 59, actual label: 0, predicted: 1
iter: 4, sample_no: 263, actual label: 0, predicted: 1
iter: 5, sample_no: 243, actual label: 0, predicted: 1
iter: 6, sample_no: 223, actual label: 0, predicted: 1
iter: 7, sample_no: 210, actual label: 1, predicted: 1
iter: 8, sample_no: 97, actual label: 0, predicted: 1
iter: 9, sample_no: 248, actual label: 0, predicted: 1
iter: 10, sample_no: 192, actual label: 0, predicted: 1
iter: 11, sample_no: 227, actual label: 0, predicted: 1
iter: 12, sample_no: 147, actual label: 1, predicted: 1
iter: 13, sample_no: 215, actual label: 0, predicted: 1
iter: 14, sample_no: 242, actual label: 0, predicted: 1
iter: 15, sample_no: 71, actual label: 1, predicted: 1
iter: 16, sample_no: 326, actual label: 1, predicted: 1
iter: 17, sample_no: 33, actual label: 1, predicted: 1
iter: 18, sample_no: 344, actual label: 1, predicted: 1
iter: 19, sample_no: 305, actual label: 0, predicted: 1
iter: 20, sample_no: 302, actual label: 1, predicted: 1
iter: 21, sample_no: 200, actual label: 0, predicted: 1
iter: 22, sample_no: 100, actual label: 1, predicted: 1
iter: 23, sample_no: 103, actual label: 0, predicted: 1
iter: 24, sample_no: 62, actual label: 0, predicted: 1
number of samples: 393
AUC 0.5
pos_get 142
total recall stop_at 1
@@@ C - Repeat number: 5
@@@ D - common_header:  {'F3-CharStream', 'F71-rmuir@apache.org', 'F3-long', 'F71-shalin@apache.org', 'F3-Class', 'F3-char', 'F77', 'F3-NA', 'F3-int[]', 'F71-erick@apache.org', 'F71-ryan@apache.org', 'F126', 'F71-hossman@apache.org', 'F71-markrmiller@apache.org', 'F68', 'F3-long[]', 'F71-sarowe@apache.org', 'F3-int', 'F25', 'F15-protected', 'F71-shaie@apache.org', 'F72', 'F15-public', 'F3-Among[]', 'F3-Path', 'F71-chrism@apache.org', 'F71-jpountz@apache.org', 'F71-uschindler@apache.org', 'category', 'F71-simonw@apache.org', 'F71-rjernst@apache.org', 'F3-boolean', 'F3-ValueSource', 'F3-char[]', 'F71-romseygeek@apache.org', 'F3-FileInputStream', 'F71-mikemccand@apache.org', 'F120', 'F71-anshum@apache.org', 'F115', 'F3-CharSequence', 'F15-NA', 'F65', 'F41', 'F71-yonik@apache.org', 'F104', 'F105', 'F101', 'F123', 'F71-noble@apache.org', 'F3-String', 'F22', 'F117', 'F110', 'F15-private', 'F116'}
     F72   F25  ... F71-erick@apache.org F71-uschindler@apache.org
1   4679    97  ...                    0                         1
2   4679    97  ...                    0                         1
3  19865  2075  ...                    0                         1

[3 rows x 55 columns]
;.;
        F72       F25  ...  F71-erick@apache.org  F71-uschindler@apache.org
0  0.035424  0.023909  ...                   0.0                        1.0
1  0.035424  0.023909  ...                   0.0                        1.0
2  0.747947  0.511462  ...                   0.0                        1.0

[3 rows x 55 columns]
training_x: (3259, 55)
training_y: 3259
testset_x: (393, 55)
testset_y: 393
              precision    recall  f1-score   support

           0       0.00      0.00      0.00       251
           1       0.36      1.00      0.53       142

    accuracy                           0.36       393
   macro avg       0.18      0.50      0.27       393
weighted avg       0.13      0.36      0.19       393

accuracy: 0.361323155216285
0.5308411214953271
@@@ tn: 0, fp: 251, fn: 0, tp: 142
@@@ LIME - Creating explainer
@@@ LIME - Random Sampling of Instances
iter: 0, sample_no: 135, actual label: 1, predicted: 1
iter: 1, sample_no: 233, actual label: 0, predicted: 1
iter: 2, sample_no: 108, actual label: 0, predicted: 1
iter: 3, sample_no: 72, actual label: 0, predicted: 1
iter: 4, sample_no: 84, actual label: 0, predicted: 1
iter: 5, sample_no: 213, actual label: 0, predicted: 1
iter: 6, sample_no: 113, actual label: 0, predicted: 1
iter: 7, sample_no: 273, actual label: 1, predicted: 1
iter: 8, sample_no: 6, actual label: 1, predicted: 1
iter: 9, sample_no: 57, actual label: 0, predicted: 1
iter: 10, sample_no: 84, actual label: 0, predicted: 1
iter: 11, sample_no: 35, actual label: 1, predicted: 1
iter: 12, sample_no: 116, actual label: 0, predicted: 1
iter: 13, sample_no: 6, actual label: 1, predicted: 1
iter: 14, sample_no: 176, actual label: 0, predicted: 1
iter: 15, sample_no: 20, actual label: 0, predicted: 1
iter: 16, sample_no: 44, actual label: 0, predicted: 1
iter: 17, sample_no: 29, actual label: 0, predicted: 1
iter: 18, sample_no: 169, actual label: 0, predicted: 1
iter: 19, sample_no: 14, actual label: 0, predicted: 1
iter: 20, sample_no: 288, actual label: 0, predicted: 1
iter: 21, sample_no: 42, actual label: 0, predicted: 1
iter: 22, sample_no: 390, actual label: 0, predicted: 1
iter: 23, sample_no: 356, actual label: 0, predicted: 1
iter: 24, sample_no: 9, actual label: 1, predicted: 1
number of samples: 393
AUC 0.5
pos_get 142
total recall stop_at 1
@@@ C - Repeat number: 6
@@@ D - common_header:  {'F3-CharStream', 'F71-rmuir@apache.org', 'F3-long', 'F71-shalin@apache.org', 'F3-Class', 'F3-char', 'F77', 'F3-NA', 'F3-int[]', 'F71-erick@apache.org', 'F71-ryan@apache.org', 'F126', 'F71-hossman@apache.org', 'F71-markrmiller@apache.org', 'F68', 'F3-long[]', 'F71-sarowe@apache.org', 'F3-int', 'F25', 'F15-protected', 'F71-shaie@apache.org', 'F72', 'F15-public', 'F3-Among[]', 'F3-Path', 'F71-chrism@apache.org', 'F71-jpountz@apache.org', 'F71-uschindler@apache.org', 'category', 'F71-simonw@apache.org', 'F71-rjernst@apache.org', 'F3-boolean', 'F3-ValueSource', 'F3-char[]', 'F71-romseygeek@apache.org', 'F3-FileInputStream', 'F71-mikemccand@apache.org', 'F120', 'F71-anshum@apache.org', 'F115', 'F3-CharSequence', 'F15-NA', 'F65', 'F41', 'F71-yonik@apache.org', 'F104', 'F105', 'F101', 'F123', 'F71-noble@apache.org', 'F3-String', 'F22', 'F117', 'F110', 'F15-private', 'F116'}
     F72   F25  ... F71-erick@apache.org F71-uschindler@apache.org
1   4679    97  ...                    0                         1
2   4679    97  ...                    0                         1
3  19865  2075  ...                    0                         1

[3 rows x 55 columns]
;.;
        F72       F25  ...  F71-erick@apache.org  F71-uschindler@apache.org
0  0.035424  0.023909  ...                   0.0                        1.0
1  0.035424  0.023909  ...                   0.0                        1.0
2  0.747947  0.511462  ...                   0.0                        1.0

[3 rows x 55 columns]
training_x: (3259, 55)
training_y: 3259
testset_x: (393, 55)
testset_y: 393
              precision    recall  f1-score   support

           0       0.00      0.00      0.00       251
           1       0.36      1.00      0.53       142

    accuracy                           0.36       393
   macro avg       0.18      0.50      0.27       393
weighted avg       0.13      0.36      0.19       393

accuracy: 0.361323155216285
0.5308411214953271
@@@ tn: 0, fp: 251, fn: 0, tp: 142
@@@ LIME - Creating explainer
@@@ LIME - Random Sampling of Instances
iter: 0, sample_no: 0, actual label: 0, predicted: 1
iter: 1, sample_no: 153, actual label: 1, predicted: 1
iter: 2, sample_no: 94, actual label: 1, predicted: 1
iter: 3, sample_no: 267, actual label: 0, predicted: 1
iter: 4, sample_no: 376, actual label: 0, predicted: 1
iter: 5, sample_no: 55, actual label: 0, predicted: 1
iter: 6, sample_no: 207, actual label: 0, predicted: 1
iter: 7, sample_no: 384, actual label: 1, predicted: 1
iter: 8, sample_no: 182, actual label: 0, predicted: 1
iter: 9, sample_no: 343, actual label: 0, predicted: 1
iter: 10, sample_no: 235, actual label: 0, predicted: 1
iter: 11, sample_no: 282, actual label: 1, predicted: 1
iter: 12, sample_no: 261, actual label: 0, predicted: 1
iter: 13, sample_no: 268, actual label: 0, predicted: 1
iter: 14, sample_no: 57, actual label: 0, predicted: 1
iter: 15, sample_no: 269, actual label: 0, predicted: 1
iter: 16, sample_no: 224, actual label: 0, predicted: 1
iter: 17, sample_no: 348, actual label: 0, predicted: 1
iter: 18, sample_no: 244, actual label: 0, predicted: 1
iter: 19, sample_no: 46, actual label: 0, predicted: 1
iter: 20, sample_no: 316, actual label: 1, predicted: 1
iter: 21, sample_no: 307, actual label: 0, predicted: 1
iter: 22, sample_no: 271, actual label: 1, predicted: 1
iter: 23, sample_no: 295, actual label: 0, predicted: 1
iter: 24, sample_no: 96, actual label: 0, predicted: 1
number of samples: 393
AUC 0.5
pos_get 142
total recall stop_at 1
@@@ C - Repeat number: 7
@@@ D - common_header:  {'F3-CharStream', 'F71-rmuir@apache.org', 'F3-long', 'F71-shalin@apache.org', 'F3-Class', 'F3-char', 'F77', 'F3-NA', 'F3-int[]', 'F71-erick@apache.org', 'F71-ryan@apache.org', 'F126', 'F71-hossman@apache.org', 'F71-markrmiller@apache.org', 'F68', 'F3-long[]', 'F71-sarowe@apache.org', 'F3-int', 'F25', 'F15-protected', 'F71-shaie@apache.org', 'F72', 'F15-public', 'F3-Among[]', 'F3-Path', 'F71-chrism@apache.org', 'F71-jpountz@apache.org', 'F71-uschindler@apache.org', 'category', 'F71-simonw@apache.org', 'F71-rjernst@apache.org', 'F3-boolean', 'F3-ValueSource', 'F3-char[]', 'F71-romseygeek@apache.org', 'F3-FileInputStream', 'F71-mikemccand@apache.org', 'F120', 'F71-anshum@apache.org', 'F115', 'F3-CharSequence', 'F15-NA', 'F65', 'F41', 'F71-yonik@apache.org', 'F104', 'F105', 'F101', 'F123', 'F71-noble@apache.org', 'F3-String', 'F22', 'F117', 'F110', 'F15-private', 'F116'}
     F72   F25  ... F71-erick@apache.org F71-uschindler@apache.org
1   4679    97  ...                    0                         1
2   4679    97  ...                    0                         1
3  19865  2075  ...                    0                         1

[3 rows x 55 columns]
;.;
        F72       F25  ...  F71-erick@apache.org  F71-uschindler@apache.org
0  0.035424  0.023909  ...                   0.0                        1.0
1  0.035424  0.023909  ...                   0.0                        1.0
2  0.747947  0.511462  ...                   0.0                        1.0

[3 rows x 55 columns]
training_x: (3259, 55)
training_y: 3259
testset_x: (393, 55)
testset_y: 393
              precision    recall  f1-score   support

           0       0.00      0.00      0.00       251
           1       0.36      1.00      0.53       142

    accuracy                           0.36       393
   macro avg       0.18      0.50      0.27       393
weighted avg       0.13      0.36      0.19       393

accuracy: 0.361323155216285
0.5308411214953271
@@@ tn: 0, fp: 251, fn: 0, tp: 142
@@@ LIME - Creating explainer
@@@ LIME - Random Sampling of Instances
iter: 0, sample_no: 173, actual label: 1, predicted: 1
iter: 1, sample_no: 362, actual label: 0, predicted: 1
iter: 2, sample_no: 236, actual label: 0, predicted: 1
iter: 3, sample_no: 371, actual label: 1, predicted: 1
iter: 4, sample_no: 178, actual label: 1, predicted: 1
iter: 5, sample_no: 259, actual label: 0, predicted: 1
iter: 6, sample_no: 20, actual label: 0, predicted: 1
iter: 7, sample_no: 65, actual label: 0, predicted: 1
iter: 8, sample_no: 114, actual label: 0, predicted: 1
iter: 9, sample_no: 67, actual label: 0, predicted: 1
iter: 10, sample_no: 213, actual label: 0, predicted: 1
iter: 11, sample_no: 371, actual label: 1, predicted: 1
iter: 12, sample_no: 368, actual label: 0, predicted: 1
iter: 13, sample_no: 342, actual label: 1, predicted: 1
iter: 14, sample_no: 59, actual label: 0, predicted: 1
iter: 15, sample_no: 202, actual label: 0, predicted: 1
iter: 16, sample_no: 234, actual label: 0, predicted: 1
iter: 17, sample_no: 342, actual label: 1, predicted: 1
iter: 18, sample_no: 211, actual label: 1, predicted: 1
iter: 19, sample_no: 101, actual label: 0, predicted: 1
iter: 20, sample_no: 45, actual label: 0, predicted: 1
iter: 21, sample_no: 114, actual label: 0, predicted: 1
iter: 22, sample_no: 214, actual label: 0, predicted: 1
iter: 23, sample_no: 287, actual label: 0, predicted: 1
iter: 24, sample_no: 169, actual label: 0, predicted: 1
number of samples: 393
AUC 0.5
pos_get 142
total recall stop_at 1
@@@ C - Repeat number: 8
@@@ D - common_header:  {'F3-CharStream', 'F71-rmuir@apache.org', 'F3-long', 'F71-shalin@apache.org', 'F3-Class', 'F3-char', 'F77', 'F3-NA', 'F3-int[]', 'F71-erick@apache.org', 'F71-ryan@apache.org', 'F126', 'F71-hossman@apache.org', 'F71-markrmiller@apache.org', 'F68', 'F3-long[]', 'F71-sarowe@apache.org', 'F3-int', 'F25', 'F15-protected', 'F71-shaie@apache.org', 'F72', 'F15-public', 'F3-Among[]', 'F3-Path', 'F71-chrism@apache.org', 'F71-jpountz@apache.org', 'F71-uschindler@apache.org', 'category', 'F71-simonw@apache.org', 'F71-rjernst@apache.org', 'F3-boolean', 'F3-ValueSource', 'F3-char[]', 'F71-romseygeek@apache.org', 'F3-FileInputStream', 'F71-mikemccand@apache.org', 'F120', 'F71-anshum@apache.org', 'F115', 'F3-CharSequence', 'F15-NA', 'F65', 'F41', 'F71-yonik@apache.org', 'F104', 'F105', 'F101', 'F123', 'F71-noble@apache.org', 'F3-String', 'F22', 'F117', 'F110', 'F15-private', 'F116'}
     F72   F25  ... F71-erick@apache.org F71-uschindler@apache.org
1   4679    97  ...                    0                         1
2   4679    97  ...                    0                         1
3  19865  2075  ...                    0                         1

[3 rows x 55 columns]
;.;
        F72       F25  ...  F71-erick@apache.org  F71-uschindler@apache.org
0  0.035424  0.023909  ...                   0.0                        1.0
1  0.035424  0.023909  ...                   0.0                        1.0
2  0.747947  0.511462  ...                   0.0                        1.0

[3 rows x 55 columns]
training_x: (3259, 55)
training_y: 3259
testset_x: (393, 55)
testset_y: 393
              precision    recall  f1-score   support

           0       0.00      0.00      0.00       251
           1       0.36      1.00      0.53       142

    accuracy                           0.36       393
   macro avg       0.18      0.50      0.27       393
weighted avg       0.13      0.36      0.19       393

accuracy: 0.361323155216285
0.5308411214953271
@@@ tn: 0, fp: 251, fn: 0, tp: 142
@@@ LIME - Creating explainer
@@@ LIME - Random Sampling of Instances
iter: 0, sample_no: 176, actual label: 0, predicted: 1
iter: 1, sample_no: 190, actual label: 0, predicted: 1
iter: 2, sample_no: 30, actual label: 0, predicted: 1
iter: 3, sample_no: 263, actual label: 0, predicted: 1
iter: 4, sample_no: 97, actual label: 0, predicted: 1
iter: 5, sample_no: 159, actual label: 1, predicted: 1
iter: 6, sample_no: 273, actual label: 1, predicted: 1
iter: 7, sample_no: 39, actual label: 0, predicted: 1
iter: 8, sample_no: 356, actual label: 0, predicted: 1
iter: 9, sample_no: 57, actual label: 0, predicted: 1
iter: 10, sample_no: 300, actual label: 0, predicted: 1
iter: 11, sample_no: 212, actual label: 0, predicted: 1
iter: 12, sample_no: 268, actual label: 0, predicted: 1
iter: 13, sample_no: 332, actual label: 1, predicted: 1
iter: 14, sample_no: 152, actual label: 1, predicted: 1
iter: 15, sample_no: 222, actual label: 0, predicted: 1
iter: 16, sample_no: 64, actual label: 0, predicted: 1
iter: 17, sample_no: 55, actual label: 0, predicted: 1
iter: 18, sample_no: 200, actual label: 0, predicted: 1
iter: 19, sample_no: 269, actual label: 0, predicted: 1
iter: 20, sample_no: 322, actual label: 0, predicted: 1
iter: 21, sample_no: 342, actual label: 1, predicted: 1
iter: 22, sample_no: 159, actual label: 1, predicted: 1
iter: 23, sample_no: 142, actual label: 1, predicted: 1
iter: 24, sample_no: 384, actual label: 1, predicted: 1
number of samples: 393
AUC 0.5
pos_get 142
total recall stop_at 1
@@@ C - Repeat number: 9
@@@ D - common_header:  {'F3-CharStream', 'F71-rmuir@apache.org', 'F3-long', 'F71-shalin@apache.org', 'F3-Class', 'F3-char', 'F77', 'F3-NA', 'F3-int[]', 'F71-erick@apache.org', 'F71-ryan@apache.org', 'F126', 'F71-hossman@apache.org', 'F71-markrmiller@apache.org', 'F68', 'F3-long[]', 'F71-sarowe@apache.org', 'F3-int', 'F25', 'F15-protected', 'F71-shaie@apache.org', 'F72', 'F15-public', 'F3-Among[]', 'F3-Path', 'F71-chrism@apache.org', 'F71-jpountz@apache.org', 'F71-uschindler@apache.org', 'category', 'F71-simonw@apache.org', 'F71-rjernst@apache.org', 'F3-boolean', 'F3-ValueSource', 'F3-char[]', 'F71-romseygeek@apache.org', 'F3-FileInputStream', 'F71-mikemccand@apache.org', 'F120', 'F71-anshum@apache.org', 'F115', 'F3-CharSequence', 'F15-NA', 'F65', 'F41', 'F71-yonik@apache.org', 'F104', 'F105', 'F101', 'F123', 'F71-noble@apache.org', 'F3-String', 'F22', 'F117', 'F110', 'F15-private', 'F116'}
     F72   F25  ... F71-erick@apache.org F71-uschindler@apache.org
1   4679    97  ...                    0                         1
2   4679    97  ...                    0                         1
3  19865  2075  ...                    0                         1

[3 rows x 55 columns]
;.;
        F72       F25  ...  F71-erick@apache.org  F71-uschindler@apache.org
0  0.035424  0.023909  ...                   0.0                        1.0
1  0.035424  0.023909  ...                   0.0                        1.0
2  0.747947  0.511462  ...                   0.0                        1.0

[3 rows x 55 columns]
training_x: (3259, 55)
training_y: 3259
testset_x: (393, 55)
testset_y: 393
              precision    recall  f1-score   support

           0       0.00      0.00      0.00       251
           1       0.36      1.00      0.53       142

    accuracy                           0.36       393
   macro avg       0.18      0.50      0.27       393
weighted avg       0.13      0.36      0.19       393

accuracy: 0.361323155216285
0.5308411214953271
@@@ tn: 0, fp: 251, fn: 0, tp: 142
@@@ LIME - Creating explainer
@@@ LIME - Random Sampling of Instances
iter: 0, sample_no: 57, actual label: 0, predicted: 1
iter: 1, sample_no: 267, actual label: 0, predicted: 1
iter: 2, sample_no: 175, actual label: 0, predicted: 1
iter: 3, sample_no: 120, actual label: 1, predicted: 1
iter: 4, sample_no: 233, actual label: 0, predicted: 1
iter: 5, sample_no: 237, actual label: 0, predicted: 1
iter: 6, sample_no: 358, actual label: 1, predicted: 1
iter: 7, sample_no: 0, actual label: 0, predicted: 1
iter: 8, sample_no: 235, actual label: 0, predicted: 1
iter: 9, sample_no: 151, actual label: 1, predicted: 1
iter: 10, sample_no: 181, actual label: 0, predicted: 1
iter: 11, sample_no: 115, actual label: 0, predicted: 1
iter: 12, sample_no: 85, actual label: 0, predicted: 1
iter: 13, sample_no: 98, actual label: 1, predicted: 1
iter: 14, sample_no: 13, actual label: 0, predicted: 1
iter: 15, sample_no: 204, actual label: 0, predicted: 1
iter: 16, sample_no: 120, actual label: 1, predicted: 1
iter: 17, sample_no: 142, actual label: 1, predicted: 1
iter: 18, sample_no: 108, actual label: 0, predicted: 1
iter: 19, sample_no: 182, actual label: 0, predicted: 1
iter: 20, sample_no: 296, actual label: 0, predicted: 1
iter: 21, sample_no: 381, actual label: 0, predicted: 1
iter: 22, sample_no: 351, actual label: 1, predicted: 1
iter: 23, sample_no: 152, actual label: 1, predicted: 1
iter: 24, sample_no: 62, actual label: 0, predicted: 1
number of samples: 393
AUC 0.5
pos_get 142
total recall stop_at 1
@@@ C - Repeat number: 10
@@@ D - common_header:  {'F3-CharStream', 'F71-rmuir@apache.org', 'F3-long', 'F71-shalin@apache.org', 'F3-Class', 'F3-char', 'F77', 'F3-NA', 'F3-int[]', 'F71-erick@apache.org', 'F71-ryan@apache.org', 'F126', 'F71-hossman@apache.org', 'F71-markrmiller@apache.org', 'F68', 'F3-long[]', 'F71-sarowe@apache.org', 'F3-int', 'F25', 'F15-protected', 'F71-shaie@apache.org', 'F72', 'F15-public', 'F3-Among[]', 'F3-Path', 'F71-chrism@apache.org', 'F71-jpountz@apache.org', 'F71-uschindler@apache.org', 'category', 'F71-simonw@apache.org', 'F71-rjernst@apache.org', 'F3-boolean', 'F3-ValueSource', 'F3-char[]', 'F71-romseygeek@apache.org', 'F3-FileInputStream', 'F71-mikemccand@apache.org', 'F120', 'F71-anshum@apache.org', 'F115', 'F3-CharSequence', 'F15-NA', 'F65', 'F41', 'F71-yonik@apache.org', 'F104', 'F105', 'F101', 'F123', 'F71-noble@apache.org', 'F3-String', 'F22', 'F117', 'F110', 'F15-private', 'F116'}
     F72   F25  ... F71-erick@apache.org F71-uschindler@apache.org
1   4679    97  ...                    0                         1
2   4679    97  ...                    0                         1
3  19865  2075  ...                    0                         1

[3 rows x 55 columns]
;.;
        F72       F25  ...  F71-erick@apache.org  F71-uschindler@apache.org
0  0.035424  0.023909  ...                   0.0                        1.0
1  0.035424  0.023909  ...                   0.0                        1.0
2  0.747947  0.511462  ...                   0.0                        1.0

[3 rows x 55 columns]
training_x: (3259, 55)
training_y: 3259
testset_x: (393, 55)
testset_y: 393
              precision    recall  f1-score   support

           0       0.00      0.00      0.00       251
           1       0.36      1.00      0.53       142

    accuracy                           0.36       393
   macro avg       0.18      0.50      0.27       393
weighted avg       0.13      0.36      0.19       393

accuracy: 0.361323155216285
0.5308411214953271
@@@ tn: 0, fp: 251, fn: 0, tp: 142
@@@ LIME - Creating explainer
@@@ LIME - Random Sampling of Instances
iter: 0, sample_no: 156, actual label: 1, predicted: 1
iter: 1, sample_no: 194, actual label: 0, predicted: 1
iter: 2, sample_no: 21, actual label: 0, predicted: 1
iter: 3, sample_no: 220, actual label: 0, predicted: 1
iter: 4, sample_no: 179, actual label: 1, predicted: 1
iter: 5, sample_no: 22, actual label: 1, predicted: 1
iter: 6, sample_no: 305, actual label: 0, predicted: 1
iter: 7, sample_no: 261, actual label: 0, predicted: 1
iter: 8, sample_no: 164, actual label: 1, predicted: 1
iter: 9, sample_no: 391, actual label: 0, predicted: 1
iter: 10, sample_no: 169, actual label: 0, predicted: 1
iter: 11, sample_no: 98, actual label: 1, predicted: 1
iter: 12, sample_no: 67, actual label: 0, predicted: 1
iter: 13, sample_no: 27, actual label: 0, predicted: 1
iter: 14, sample_no: 154, actual label: 1, predicted: 1
iter: 15, sample_no: 137, actual label: 1, predicted: 1
iter: 16, sample_no: 147, actual label: 1, predicted: 1
iter: 17, sample_no: 186, actual label: 0, predicted: 1
iter: 18, sample_no: 348, actual label: 0, predicted: 1
iter: 19, sample_no: 374, actual label: 1, predicted: 1
iter: 20, sample_no: 22, actual label: 1, predicted: 1
iter: 21, sample_no: 294, actual label: 1, predicted: 1
iter: 22, sample_no: 167, actual label: 1, predicted: 1
iter: 23, sample_no: 298, actual label: 1, predicted: 1
iter: 24, sample_no: 154, actual label: 1, predicted: 1
number of samples: 393
AUC 0.5
pos_get 142
total recall stop_at 1
----------threshold stop at----------: 1
AUC [0.5, 0.5, 0.5, 0.5, 0.5, 0.5, 0.5, 0.5, 0.5, 0.5]
AUC_median 0.5
AUC_iqr 0.0
cost [1, 1, 1, 1, 1, 1, 1, 1, 1, 1]
COST_med 1.0
COST_iqr 0.0
f1_pos_list [np.float64(0.5308411214953271), np.float64(0.5308411214953271), np.float64(0.5308411214953271), np.float64(0.5308411214953271), np.float64(0.5308411214953271), np.float64(0.5308411214953271), np.float64(0.5308411214953271), np.float64(0.5308411214953271), np.float64(0.5308411214953271), np.float64(0.5308411214953271)]
f1_pos_med 0.5308411214953271
total_tn 0
total_fp 2510
total_fn 0
total_tp 1420
p= 0.361323155216285
r= 1.0
f= 0.5308411214953271
