@@@ A - classifier: DummyClassifier(constant=1, strategy='constant')
@@@ B - threshold stop at: 1
@@@ C - Repeat number: 1
@@@ D - common_header:  {'F3-getBoost()', 'F3-Among[]', 'F3-byte[]', 'F3-long', 'F3-boolean', 'F3-String', 'F15-private', 'F3-char', 'F71-chrism@apache.org', 'F3-NA', 'F71-yonik@apache.org', 'F71-erick@apache.org', 'F110', 'F15-public', 'F115', 'F41', 'F71-rmuir@apache.org', 'F3-Bits', 'F3-OutputStream', 'F71-hossman@apache.org', 'F71-ehatcher@apache.org', 'F71-buschmi@apache.org', 'F65', 'F3-CharStream', 'F3-CharSequence', 'F15-protected', 'F3-int', 'F15-NA', 'F71-ryan@apache.org', 'F116', 'F3-Class', 'F71-markrmiller@apache.org', 'F71-gsingers@apache.org', 'F3-FileInputStream', 'F3-char[]', 'F71-mikemccand@apache.org', 'F68', 'F123', 'F71-sarowe@apache.org', 'F117', 'F120', 'F72', 'F3-int[]', 'category', 'F25', 'F71-shaie@apache.org', 'F105', 'F101', 'F22', 'F77', 'F126', 'F71-uschindler@apache.org', 'F71-shalin@apache.org', 'F71-noble@apache.org', 'F104', 'F71-simonw@apache.org'}
     F72   F25  ... F71-erick@apache.org F71-uschindler@apache.org
1  12763   203  ...                    0                         1
2  12763   203  ...                    0                         1
3  26421  4122  ...                    0                         1

[3 rows x 55 columns]
;.;
        F72       F25  ...  F71-erick@apache.org  F71-uschindler@apache.org
0  0.125552  0.044612  ...                   0.0                        1.0
1  0.125552  0.044612  ...                   0.0                        1.0
2  1.000000  1.000000  ...                   0.0                        1.0

[3 rows x 55 columns]
training_x: (2138, 55)
training_y: 2138
testset_x: (993, 55)
testset_y: 993
              precision    recall  f1-score   support

           0       0.00      0.00      0.00       552
           1       0.44      1.00      0.62       441

    accuracy                           0.44       993
   macro avg       0.22      0.50      0.31       993
weighted avg       0.20      0.44      0.27       993

accuracy: 0.44410876132930516
0.6150627615062761
@@@ tn: 0, fp: 552, fn: 0, tp: 441
@@@ LIME - Creating explainer
@@@ LIME - Random Sampling of Instances
iter: 0, sample_no: 836, actual label: 0, predicted: 1
iter: 1, sample_no: 581, actual label: 1, predicted: 1
iter: 2, sample_no: 63, actual label: 0, predicted: 1
iter: 3, sample_no: 743, actual label: 0, predicted: 1
iter: 4, sample_no: 710, actual label: 1, predicted: 1
iter: 5, sample_no: 602, actual label: 0, predicted: 1
iter: 6, sample_no: 24, actual label: 0, predicted: 1
iter: 7, sample_no: 204, actual label: 1, predicted: 1
iter: 8, sample_no: 858, actual label: 0, predicted: 1
iter: 9, sample_no: 493, actual label: 0, predicted: 1
iter: 10, sample_no: 778, actual label: 0, predicted: 1
iter: 11, sample_no: 142, actual label: 1, predicted: 1
iter: 12, sample_no: 99, actual label: 1, predicted: 1
iter: 13, sample_no: 436, actual label: 0, predicted: 1
iter: 14, sample_no: 103, actual label: 1, predicted: 1
iter: 15, sample_no: 319, actual label: 0, predicted: 1
iter: 16, sample_no: 581, actual label: 1, predicted: 1
iter: 17, sample_no: 527, actual label: 1, predicted: 1
iter: 18, sample_no: 558, actual label: 0, predicted: 1
iter: 19, sample_no: 607, actual label: 0, predicted: 1
iter: 20, sample_no: 624, actual label: 0, predicted: 1
iter: 21, sample_no: 113, actual label: 0, predicted: 1
iter: 22, sample_no: 256, actual label: 1, predicted: 1
iter: 23, sample_no: 6, actual label: 0, predicted: 1
iter: 24, sample_no: 342, actual label: 0, predicted: 1
number of samples: 993
AUC 0.5
pos_get 441
total recall stop_at 1
@@@ C - Repeat number: 2
@@@ D - common_header:  {'F3-getBoost()', 'F3-Among[]', 'F3-byte[]', 'F3-long', 'F3-boolean', 'F3-String', 'F15-private', 'F3-char', 'F71-chrism@apache.org', 'F3-NA', 'F71-yonik@apache.org', 'F71-erick@apache.org', 'F110', 'F15-public', 'F115', 'F41', 'F71-rmuir@apache.org', 'F3-Bits', 'F3-OutputStream', 'F71-hossman@apache.org', 'F71-ehatcher@apache.org', 'F71-buschmi@apache.org', 'F65', 'F3-CharStream', 'F3-CharSequence', 'F15-protected', 'F3-int', 'F15-NA', 'F71-ryan@apache.org', 'F116', 'F3-Class', 'F71-markrmiller@apache.org', 'F71-gsingers@apache.org', 'F3-FileInputStream', 'F3-char[]', 'F71-mikemccand@apache.org', 'F68', 'F123', 'F71-sarowe@apache.org', 'F117', 'F120', 'F72', 'F3-int[]', 'category', 'F25', 'F71-shaie@apache.org', 'F105', 'F101', 'F22', 'F77', 'F126', 'F71-uschindler@apache.org', 'F71-shalin@apache.org', 'F71-noble@apache.org', 'F104', 'F71-simonw@apache.org'}
     F72   F25  ... F71-erick@apache.org F71-uschindler@apache.org
1  12763   203  ...                    0                         1
2  12763   203  ...                    0                         1
3  26421  4122  ...                    0                         1

[3 rows x 55 columns]
;.;
        F72       F25  ...  F71-erick@apache.org  F71-uschindler@apache.org
0  0.125552  0.044612  ...                   0.0                        1.0
1  0.125552  0.044612  ...                   0.0                        1.0
2  1.000000  1.000000  ...                   0.0                        1.0

[3 rows x 55 columns]
training_x: (2138, 55)
training_y: 2138
testset_x: (993, 55)
testset_y: 993
              precision    recall  f1-score   support

           0       0.00      0.00      0.00       552
           1       0.44      1.00      0.62       441

    accuracy                           0.44       993
   macro avg       0.22      0.50      0.31       993
weighted avg       0.20      0.44      0.27       993

accuracy: 0.44410876132930516
0.6150627615062761
@@@ tn: 0, fp: 552, fn: 0, tp: 441
@@@ LIME - Creating explainer
@@@ LIME - Random Sampling of Instances
iter: 0, sample_no: 788, actual label: 1, predicted: 1
iter: 1, sample_no: 623, actual label: 1, predicted: 1
iter: 2, sample_no: 718, actual label: 0, predicted: 1
iter: 3, sample_no: 14, actual label: 0, predicted: 1
iter: 4, sample_no: 868, actual label: 1, predicted: 1
iter: 5, sample_no: 771, actual label: 0, predicted: 1
iter: 6, sample_no: 586, actual label: 1, predicted: 1
iter: 7, sample_no: 469, actual label: 1, predicted: 1
iter: 8, sample_no: 20, actual label: 0, predicted: 1
iter: 9, sample_no: 810, actual label: 1, predicted: 1
iter: 10, sample_no: 980, actual label: 1, predicted: 1
iter: 11, sample_no: 595, actual label: 1, predicted: 1
iter: 12, sample_no: 150, actual label: 1, predicted: 1
iter: 13, sample_no: 174, actual label: 0, predicted: 1
iter: 14, sample_no: 651, actual label: 0, predicted: 1
iter: 15, sample_no: 694, actual label: 1, predicted: 1
iter: 16, sample_no: 645, actual label: 0, predicted: 1
iter: 17, sample_no: 305, actual label: 0, predicted: 1
iter: 18, sample_no: 425, actual label: 1, predicted: 1
iter: 19, sample_no: 0, actual label: 1, predicted: 1
iter: 20, sample_no: 359, actual label: 1, predicted: 1
iter: 21, sample_no: 765, actual label: 0, predicted: 1
iter: 22, sample_no: 627, actual label: 0, predicted: 1
iter: 23, sample_no: 897, actual label: 0, predicted: 1
iter: 24, sample_no: 217, actual label: 0, predicted: 1
number of samples: 993
AUC 0.5
pos_get 441
total recall stop_at 1
@@@ C - Repeat number: 3
@@@ D - common_header:  {'F3-getBoost()', 'F3-Among[]', 'F3-byte[]', 'F3-long', 'F3-boolean', 'F3-String', 'F15-private', 'F3-char', 'F71-chrism@apache.org', 'F3-NA', 'F71-yonik@apache.org', 'F71-erick@apache.org', 'F110', 'F15-public', 'F115', 'F41', 'F71-rmuir@apache.org', 'F3-Bits', 'F3-OutputStream', 'F71-hossman@apache.org', 'F71-ehatcher@apache.org', 'F71-buschmi@apache.org', 'F65', 'F3-CharStream', 'F3-CharSequence', 'F15-protected', 'F3-int', 'F15-NA', 'F71-ryan@apache.org', 'F116', 'F3-Class', 'F71-markrmiller@apache.org', 'F71-gsingers@apache.org', 'F3-FileInputStream', 'F3-char[]', 'F71-mikemccand@apache.org', 'F68', 'F123', 'F71-sarowe@apache.org', 'F117', 'F120', 'F72', 'F3-int[]', 'category', 'F25', 'F71-shaie@apache.org', 'F105', 'F101', 'F22', 'F77', 'F126', 'F71-uschindler@apache.org', 'F71-shalin@apache.org', 'F71-noble@apache.org', 'F104', 'F71-simonw@apache.org'}
     F72   F25  ... F71-erick@apache.org F71-uschindler@apache.org
1  12763   203  ...                    0                         1
2  12763   203  ...                    0                         1
3  26421  4122  ...                    0                         1

[3 rows x 55 columns]
;.;
        F72       F25  ...  F71-erick@apache.org  F71-uschindler@apache.org
0  0.125552  0.044612  ...                   0.0                        1.0
1  0.125552  0.044612  ...                   0.0                        1.0
2  1.000000  1.000000  ...                   0.0                        1.0

[3 rows x 55 columns]
training_x: (2138, 55)
training_y: 2138
testset_x: (993, 55)
testset_y: 993
              precision    recall  f1-score   support

           0       0.00      0.00      0.00       552
           1       0.44      1.00      0.62       441

    accuracy                           0.44       993
   macro avg       0.22      0.50      0.31       993
weighted avg       0.20      0.44      0.27       993

accuracy: 0.44410876132930516
0.6150627615062761
@@@ tn: 0, fp: 552, fn: 0, tp: 441
@@@ LIME - Creating explainer
@@@ LIME - Random Sampling of Instances
iter: 0, sample_no: 971, actual label: 1, predicted: 1
iter: 1, sample_no: 250, actual label: 1, predicted: 1
iter: 2, sample_no: 210, actual label: 1, predicted: 1
iter: 3, sample_no: 849, actual label: 0, predicted: 1
iter: 4, sample_no: 356, actual label: 1, predicted: 1
iter: 5, sample_no: 65, actual label: 0, predicted: 1
iter: 6, sample_no: 264, actual label: 1, predicted: 1
iter: 7, sample_no: 363, actual label: 0, predicted: 1
iter: 8, sample_no: 323, actual label: 0, predicted: 1
iter: 9, sample_no: 924, actual label: 0, predicted: 1
iter: 10, sample_no: 811, actual label: 0, predicted: 1
iter: 11, sample_no: 706, actual label: 0, predicted: 1
iter: 12, sample_no: 196, actual label: 1, predicted: 1
iter: 13, sample_no: 245, actual label: 1, predicted: 1
iter: 14, sample_no: 486, actual label: 1, predicted: 1
iter: 15, sample_no: 740, actual label: 0, predicted: 1
iter: 16, sample_no: 774, actual label: 0, predicted: 1
iter: 17, sample_no: 180, actual label: 0, predicted: 1
iter: 18, sample_no: 325, actual label: 0, predicted: 1
iter: 19, sample_no: 935, actual label: 0, predicted: 1
iter: 20, sample_no: 917, actual label: 0, predicted: 1
iter: 21, sample_no: 807, actual label: 1, predicted: 1
iter: 22, sample_no: 104, actual label: 0, predicted: 1
iter: 23, sample_no: 531, actual label: 1, predicted: 1
iter: 24, sample_no: 391, actual label: 1, predicted: 1
number of samples: 993
AUC 0.5
pos_get 441
total recall stop_at 1
@@@ C - Repeat number: 4
@@@ D - common_header:  {'F3-getBoost()', 'F3-Among[]', 'F3-byte[]', 'F3-long', 'F3-boolean', 'F3-String', 'F15-private', 'F3-char', 'F71-chrism@apache.org', 'F3-NA', 'F71-yonik@apache.org', 'F71-erick@apache.org', 'F110', 'F15-public', 'F115', 'F41', 'F71-rmuir@apache.org', 'F3-Bits', 'F3-OutputStream', 'F71-hossman@apache.org', 'F71-ehatcher@apache.org', 'F71-buschmi@apache.org', 'F65', 'F3-CharStream', 'F3-CharSequence', 'F15-protected', 'F3-int', 'F15-NA', 'F71-ryan@apache.org', 'F116', 'F3-Class', 'F71-markrmiller@apache.org', 'F71-gsingers@apache.org', 'F3-FileInputStream', 'F3-char[]', 'F71-mikemccand@apache.org', 'F68', 'F123', 'F71-sarowe@apache.org', 'F117', 'F120', 'F72', 'F3-int[]', 'category', 'F25', 'F71-shaie@apache.org', 'F105', 'F101', 'F22', 'F77', 'F126', 'F71-uschindler@apache.org', 'F71-shalin@apache.org', 'F71-noble@apache.org', 'F104', 'F71-simonw@apache.org'}
     F72   F25  ... F71-erick@apache.org F71-uschindler@apache.org
1  12763   203  ...                    0                         1
2  12763   203  ...                    0                         1
3  26421  4122  ...                    0                         1

[3 rows x 55 columns]
;.;
        F72       F25  ...  F71-erick@apache.org  F71-uschindler@apache.org
0  0.125552  0.044612  ...                   0.0                        1.0
1  0.125552  0.044612  ...                   0.0                        1.0
2  1.000000  1.000000  ...                   0.0                        1.0

[3 rows x 55 columns]
training_x: (2138, 55)
training_y: 2138
testset_x: (993, 55)
testset_y: 993
              precision    recall  f1-score   support

           0       0.00      0.00      0.00       552
           1       0.44      1.00      0.62       441

    accuracy                           0.44       993
   macro avg       0.22      0.50      0.31       993
weighted avg       0.20      0.44      0.27       993

accuracy: 0.44410876132930516
0.6150627615062761
@@@ tn: 0, fp: 552, fn: 0, tp: 441
@@@ LIME - Creating explainer
@@@ LIME - Random Sampling of Instances
iter: 0, sample_no: 189, actual label: 0, predicted: 1
iter: 1, sample_no: 461, actual label: 1, predicted: 1
iter: 2, sample_no: 903, actual label: 0, predicted: 1
iter: 3, sample_no: 841, actual label: 1, predicted: 1
iter: 4, sample_no: 674, actual label: 1, predicted: 1
iter: 5, sample_no: 985, actual label: 0, predicted: 1
iter: 6, sample_no: 356, actual label: 1, predicted: 1
iter: 7, sample_no: 357, actual label: 1, predicted: 1
iter: 8, sample_no: 210, actual label: 1, predicted: 1
iter: 9, sample_no: 64, actual label: 0, predicted: 1
iter: 10, sample_no: 865, actual label: 0, predicted: 1
iter: 11, sample_no: 585, actual label: 0, predicted: 1
iter: 12, sample_no: 68, actual label: 1, predicted: 1
iter: 13, sample_no: 103, actual label: 1, predicted: 1
iter: 14, sample_no: 318, actual label: 0, predicted: 1
iter: 15, sample_no: 505, actual label: 1, predicted: 1
iter: 16, sample_no: 578, actual label: 1, predicted: 1
iter: 17, sample_no: 972, actual label: 0, predicted: 1
iter: 18, sample_no: 20, actual label: 0, predicted: 1
iter: 19, sample_no: 320, actual label: 0, predicted: 1
iter: 20, sample_no: 527, actual label: 1, predicted: 1
iter: 21, sample_no: 132, actual label: 1, predicted: 1
iter: 22, sample_no: 620, actual label: 0, predicted: 1
iter: 23, sample_no: 603, actual label: 0, predicted: 1
iter: 24, sample_no: 99, actual label: 1, predicted: 1
number of samples: 993
AUC 0.5
pos_get 441
total recall stop_at 1
@@@ C - Repeat number: 5
@@@ D - common_header:  {'F3-getBoost()', 'F3-Among[]', 'F3-byte[]', 'F3-long', 'F3-boolean', 'F3-String', 'F15-private', 'F3-char', 'F71-chrism@apache.org', 'F3-NA', 'F71-yonik@apache.org', 'F71-erick@apache.org', 'F110', 'F15-public', 'F115', 'F41', 'F71-rmuir@apache.org', 'F3-Bits', 'F3-OutputStream', 'F71-hossman@apache.org', 'F71-ehatcher@apache.org', 'F71-buschmi@apache.org', 'F65', 'F3-CharStream', 'F3-CharSequence', 'F15-protected', 'F3-int', 'F15-NA', 'F71-ryan@apache.org', 'F116', 'F3-Class', 'F71-markrmiller@apache.org', 'F71-gsingers@apache.org', 'F3-FileInputStream', 'F3-char[]', 'F71-mikemccand@apache.org', 'F68', 'F123', 'F71-sarowe@apache.org', 'F117', 'F120', 'F72', 'F3-int[]', 'category', 'F25', 'F71-shaie@apache.org', 'F105', 'F101', 'F22', 'F77', 'F126', 'F71-uschindler@apache.org', 'F71-shalin@apache.org', 'F71-noble@apache.org', 'F104', 'F71-simonw@apache.org'}
     F72   F25  ... F71-erick@apache.org F71-uschindler@apache.org
1  12763   203  ...                    0                         1
2  12763   203  ...                    0                         1
3  26421  4122  ...                    0                         1

[3 rows x 55 columns]
;.;
        F72       F25  ...  F71-erick@apache.org  F71-uschindler@apache.org
0  0.125552  0.044612  ...                   0.0                        1.0
1  0.125552  0.044612  ...                   0.0                        1.0
2  1.000000  1.000000  ...                   0.0                        1.0

[3 rows x 55 columns]
training_x: (2138, 55)
training_y: 2138
testset_x: (993, 55)
testset_y: 993
              precision    recall  f1-score   support

           0       0.00      0.00      0.00       552
           1       0.44      1.00      0.62       441

    accuracy                           0.44       993
   macro avg       0.22      0.50      0.31       993
weighted avg       0.20      0.44      0.27       993

accuracy: 0.44410876132930516
0.6150627615062761
@@@ tn: 0, fp: 552, fn: 0, tp: 441
@@@ LIME - Creating explainer
@@@ LIME - Random Sampling of Instances
iter: 0, sample_no: 135, actual label: 1, predicted: 1
iter: 1, sample_no: 95, actual label: 1, predicted: 1
iter: 2, sample_no: 666, actual label: 0, predicted: 1
iter: 3, sample_no: 452, actual label: 1, predicted: 1
iter: 4, sample_no: 74, actual label: 0, predicted: 1
iter: 5, sample_no: 573, actual label: 0, predicted: 1
iter: 6, sample_no: 879, actual label: 0, predicted: 1
iter: 7, sample_no: 950, actual label: 1, predicted: 1
iter: 8, sample_no: 411, actual label: 0, predicted: 1
iter: 9, sample_no: 909, actual label: 0, predicted: 1
iter: 10, sample_no: 340, actual label: 0, predicted: 1
iter: 11, sample_no: 824, actual label: 0, predicted: 1
iter: 12, sample_no: 139, actual label: 1, predicted: 1
iter: 13, sample_no: 986, actual label: 0, predicted: 1
iter: 14, sample_no: 617, actual label: 1, predicted: 1
iter: 15, sample_no: 705, actual label: 0, predicted: 1
iter: 16, sample_no: 15, actual label: 0, predicted: 1
iter: 17, sample_no: 748, actual label: 1, predicted: 1
iter: 18, sample_no: 633, actual label: 0, predicted: 1
iter: 19, sample_no: 40, actual label: 0, predicted: 1
iter: 20, sample_no: 893, actual label: 0, predicted: 1
iter: 21, sample_no: 161, actual label: 1, predicted: 1
iter: 22, sample_no: 270, actual label: 0, predicted: 1
iter: 23, sample_no: 572, actual label: 0, predicted: 1
iter: 24, sample_no: 338, actual label: 1, predicted: 1
number of samples: 993
AUC 0.5
pos_get 441
total recall stop_at 1
@@@ C - Repeat number: 6
@@@ D - common_header:  {'F3-getBoost()', 'F3-Among[]', 'F3-byte[]', 'F3-long', 'F3-boolean', 'F3-String', 'F15-private', 'F3-char', 'F71-chrism@apache.org', 'F3-NA', 'F71-yonik@apache.org', 'F71-erick@apache.org', 'F110', 'F15-public', 'F115', 'F41', 'F71-rmuir@apache.org', 'F3-Bits', 'F3-OutputStream', 'F71-hossman@apache.org', 'F71-ehatcher@apache.org', 'F71-buschmi@apache.org', 'F65', 'F3-CharStream', 'F3-CharSequence', 'F15-protected', 'F3-int', 'F15-NA', 'F71-ryan@apache.org', 'F116', 'F3-Class', 'F71-markrmiller@apache.org', 'F71-gsingers@apache.org', 'F3-FileInputStream', 'F3-char[]', 'F71-mikemccand@apache.org', 'F68', 'F123', 'F71-sarowe@apache.org', 'F117', 'F120', 'F72', 'F3-int[]', 'category', 'F25', 'F71-shaie@apache.org', 'F105', 'F101', 'F22', 'F77', 'F126', 'F71-uschindler@apache.org', 'F71-shalin@apache.org', 'F71-noble@apache.org', 'F104', 'F71-simonw@apache.org'}
     F72   F25  ... F71-erick@apache.org F71-uschindler@apache.org
1  12763   203  ...                    0                         1
2  12763   203  ...                    0                         1
3  26421  4122  ...                    0                         1

[3 rows x 55 columns]
;.;
        F72       F25  ...  F71-erick@apache.org  F71-uschindler@apache.org
0  0.125552  0.044612  ...                   0.0                        1.0
1  0.125552  0.044612  ...                   0.0                        1.0
2  1.000000  1.000000  ...                   0.0                        1.0

[3 rows x 55 columns]
training_x: (2138, 55)
training_y: 2138
testset_x: (993, 55)
testset_y: 993
              precision    recall  f1-score   support

           0       0.00      0.00      0.00       552
           1       0.44      1.00      0.62       441

    accuracy                           0.44       993
   macro avg       0.22      0.50      0.31       993
weighted avg       0.20      0.44      0.27       993

accuracy: 0.44410876132930516
0.6150627615062761
@@@ tn: 0, fp: 552, fn: 0, tp: 441
@@@ LIME - Creating explainer
@@@ LIME - Random Sampling of Instances
iter: 0, sample_no: 512, actual label: 0, predicted: 1
iter: 1, sample_no: 771, actual label: 0, predicted: 1
iter: 2, sample_no: 36, actual label: 1, predicted: 1
iter: 3, sample_no: 413, actual label: 1, predicted: 1
iter: 4, sample_no: 321, actual label: 0, predicted: 1
iter: 5, sample_no: 27, actual label: 0, predicted: 1
iter: 6, sample_no: 825, actual label: 0, predicted: 1
iter: 7, sample_no: 922, actual label: 0, predicted: 1
iter: 8, sample_no: 882, actual label: 0, predicted: 1
iter: 9, sample_no: 808, actual label: 1, predicted: 1
iter: 10, sample_no: 931, actual label: 1, predicted: 1
iter: 11, sample_no: 254, actual label: 1, predicted: 1
iter: 12, sample_no: 489, actual label: 1, predicted: 1
iter: 13, sample_no: 257, actual label: 1, predicted: 1
iter: 14, sample_no: 789, actual label: 0, predicted: 1
iter: 15, sample_no: 53, actual label: 0, predicted: 1
iter: 16, sample_no: 462, actual label: 1, predicted: 1
iter: 17, sample_no: 300, actual label: 0, predicted: 1
iter: 18, sample_no: 736, actual label: 1, predicted: 1
iter: 19, sample_no: 293, actual label: 0, predicted: 1
iter: 20, sample_no: 293, actual label: 0, predicted: 1
iter: 21, sample_no: 243, actual label: 1, predicted: 1
iter: 22, sample_no: 690, actual label: 0, predicted: 1
iter: 23, sample_no: 61, actual label: 0, predicted: 1
iter: 24, sample_no: 755, actual label: 1, predicted: 1
number of samples: 993
AUC 0.5
pos_get 441
total recall stop_at 1
@@@ C - Repeat number: 7
@@@ D - common_header:  {'F3-getBoost()', 'F3-Among[]', 'F3-byte[]', 'F3-long', 'F3-boolean', 'F3-String', 'F15-private', 'F3-char', 'F71-chrism@apache.org', 'F3-NA', 'F71-yonik@apache.org', 'F71-erick@apache.org', 'F110', 'F15-public', 'F115', 'F41', 'F71-rmuir@apache.org', 'F3-Bits', 'F3-OutputStream', 'F71-hossman@apache.org', 'F71-ehatcher@apache.org', 'F71-buschmi@apache.org', 'F65', 'F3-CharStream', 'F3-CharSequence', 'F15-protected', 'F3-int', 'F15-NA', 'F71-ryan@apache.org', 'F116', 'F3-Class', 'F71-markrmiller@apache.org', 'F71-gsingers@apache.org', 'F3-FileInputStream', 'F3-char[]', 'F71-mikemccand@apache.org', 'F68', 'F123', 'F71-sarowe@apache.org', 'F117', 'F120', 'F72', 'F3-int[]', 'category', 'F25', 'F71-shaie@apache.org', 'F105', 'F101', 'F22', 'F77', 'F126', 'F71-uschindler@apache.org', 'F71-shalin@apache.org', 'F71-noble@apache.org', 'F104', 'F71-simonw@apache.org'}
     F72   F25  ... F71-erick@apache.org F71-uschindler@apache.org
1  12763   203  ...                    0                         1
2  12763   203  ...                    0                         1
3  26421  4122  ...                    0                         1

[3 rows x 55 columns]
;.;
        F72       F25  ...  F71-erick@apache.org  F71-uschindler@apache.org
0  0.125552  0.044612  ...                   0.0                        1.0
1  0.125552  0.044612  ...                   0.0                        1.0
2  1.000000  1.000000  ...                   0.0                        1.0

[3 rows x 55 columns]
training_x: (2138, 55)
training_y: 2138
testset_x: (993, 55)
testset_y: 993
              precision    recall  f1-score   support

           0       0.00      0.00      0.00       552
           1       0.44      1.00      0.62       441

    accuracy                           0.44       993
   macro avg       0.22      0.50      0.31       993
weighted avg       0.20      0.44      0.27       993

accuracy: 0.44410876132930516
0.6150627615062761
@@@ tn: 0, fp: 552, fn: 0, tp: 441
@@@ LIME - Creating explainer
@@@ LIME - Random Sampling of Instances
iter: 0, sample_no: 426, actual label: 0, predicted: 1
iter: 1, sample_no: 685, actual label: 0, predicted: 1
iter: 2, sample_no: 430, actual label: 0, predicted: 1
iter: 3, sample_no: 65, actual label: 0, predicted: 1
iter: 4, sample_no: 607, actual label: 0, predicted: 1
iter: 5, sample_no: 655, actual label: 0, predicted: 1
iter: 6, sample_no: 398, actual label: 1, predicted: 1
iter: 7, sample_no: 181, actual label: 0, predicted: 1
iter: 8, sample_no: 978, actual label: 0, predicted: 1
iter: 9, sample_no: 8, actual label: 0, predicted: 1
iter: 10, sample_no: 366, actual label: 1, predicted: 1
iter: 11, sample_no: 284, actual label: 0, predicted: 1
iter: 12, sample_no: 335, actual label: 1, predicted: 1
iter: 13, sample_no: 126, actual label: 0, predicted: 1
iter: 14, sample_no: 267, actual label: 0, predicted: 1
iter: 15, sample_no: 370, actual label: 0, predicted: 1
iter: 16, sample_no: 59, actual label: 1, predicted: 1
iter: 17, sample_no: 36, actual label: 1, predicted: 1
iter: 18, sample_no: 324, actual label: 1, predicted: 1
iter: 19, sample_no: 163, actual label: 1, predicted: 1
iter: 20, sample_no: 368, actual label: 0, predicted: 1
iter: 21, sample_no: 193, actual label: 0, predicted: 1
iter: 22, sample_no: 686, actual label: 0, predicted: 1
iter: 23, sample_no: 35, actual label: 1, predicted: 1
iter: 24, sample_no: 235, actual label: 0, predicted: 1
number of samples: 993
AUC 0.5
pos_get 441
total recall stop_at 1
@@@ C - Repeat number: 8
@@@ D - common_header:  {'F3-getBoost()', 'F3-Among[]', 'F3-byte[]', 'F3-long', 'F3-boolean', 'F3-String', 'F15-private', 'F3-char', 'F71-chrism@apache.org', 'F3-NA', 'F71-yonik@apache.org', 'F71-erick@apache.org', 'F110', 'F15-public', 'F115', 'F41', 'F71-rmuir@apache.org', 'F3-Bits', 'F3-OutputStream', 'F71-hossman@apache.org', 'F71-ehatcher@apache.org', 'F71-buschmi@apache.org', 'F65', 'F3-CharStream', 'F3-CharSequence', 'F15-protected', 'F3-int', 'F15-NA', 'F71-ryan@apache.org', 'F116', 'F3-Class', 'F71-markrmiller@apache.org', 'F71-gsingers@apache.org', 'F3-FileInputStream', 'F3-char[]', 'F71-mikemccand@apache.org', 'F68', 'F123', 'F71-sarowe@apache.org', 'F117', 'F120', 'F72', 'F3-int[]', 'category', 'F25', 'F71-shaie@apache.org', 'F105', 'F101', 'F22', 'F77', 'F126', 'F71-uschindler@apache.org', 'F71-shalin@apache.org', 'F71-noble@apache.org', 'F104', 'F71-simonw@apache.org'}
     F72   F25  ... F71-erick@apache.org F71-uschindler@apache.org
1  12763   203  ...                    0                         1
2  12763   203  ...                    0                         1
3  26421  4122  ...                    0                         1

[3 rows x 55 columns]
;.;
        F72       F25  ...  F71-erick@apache.org  F71-uschindler@apache.org
0  0.125552  0.044612  ...                   0.0                        1.0
1  0.125552  0.044612  ...                   0.0                        1.0
2  1.000000  1.000000  ...                   0.0                        1.0

[3 rows x 55 columns]
training_x: (2138, 55)
training_y: 2138
testset_x: (993, 55)
testset_y: 993
              precision    recall  f1-score   support

           0       0.00      0.00      0.00       552
           1       0.44      1.00      0.62       441

    accuracy                           0.44       993
   macro avg       0.22      0.50      0.31       993
weighted avg       0.20      0.44      0.27       993

accuracy: 0.44410876132930516
0.6150627615062761
@@@ tn: 0, fp: 552, fn: 0, tp: 441
@@@ LIME - Creating explainer
@@@ LIME - Random Sampling of Instances
iter: 0, sample_no: 688, actual label: 0, predicted: 1
iter: 1, sample_no: 374, actual label: 1, predicted: 1
iter: 2, sample_no: 204, actual label: 1, predicted: 1
iter: 3, sample_no: 231, actual label: 0, predicted: 1
iter: 4, sample_no: 585, actual label: 0, predicted: 1
iter: 5, sample_no: 741, actual label: 0, predicted: 1
iter: 6, sample_no: 280, actual label: 0, predicted: 1
iter: 7, sample_no: 870, actual label: 0, predicted: 1
iter: 8, sample_no: 171, actual label: 1, predicted: 1
iter: 9, sample_no: 802, actual label: 0, predicted: 1
iter: 10, sample_no: 430, actual label: 0, predicted: 1
iter: 11, sample_no: 713, actual label: 0, predicted: 1
iter: 12, sample_no: 247, actual label: 1, predicted: 1
iter: 13, sample_no: 153, actual label: 1, predicted: 1
iter: 14, sample_no: 421, actual label: 1, predicted: 1
iter: 15, sample_no: 785, actual label: 0, predicted: 1
iter: 16, sample_no: 782, actual label: 0, predicted: 1
iter: 17, sample_no: 602, actual label: 0, predicted: 1
iter: 18, sample_no: 416, actual label: 0, predicted: 1
iter: 19, sample_no: 92, actual label: 1, predicted: 1
iter: 20, sample_no: 480, actual label: 1, predicted: 1
iter: 21, sample_no: 739, actual label: 1, predicted: 1
iter: 22, sample_no: 256, actual label: 1, predicted: 1
iter: 23, sample_no: 567, actual label: 1, predicted: 1
iter: 24, sample_no: 304, actual label: 0, predicted: 1
number of samples: 993
AUC 0.5
pos_get 441
total recall stop_at 1
@@@ C - Repeat number: 9
@@@ D - common_header:  {'F3-getBoost()', 'F3-Among[]', 'F3-byte[]', 'F3-long', 'F3-boolean', 'F3-String', 'F15-private', 'F3-char', 'F71-chrism@apache.org', 'F3-NA', 'F71-yonik@apache.org', 'F71-erick@apache.org', 'F110', 'F15-public', 'F115', 'F41', 'F71-rmuir@apache.org', 'F3-Bits', 'F3-OutputStream', 'F71-hossman@apache.org', 'F71-ehatcher@apache.org', 'F71-buschmi@apache.org', 'F65', 'F3-CharStream', 'F3-CharSequence', 'F15-protected', 'F3-int', 'F15-NA', 'F71-ryan@apache.org', 'F116', 'F3-Class', 'F71-markrmiller@apache.org', 'F71-gsingers@apache.org', 'F3-FileInputStream', 'F3-char[]', 'F71-mikemccand@apache.org', 'F68', 'F123', 'F71-sarowe@apache.org', 'F117', 'F120', 'F72', 'F3-int[]', 'category', 'F25', 'F71-shaie@apache.org', 'F105', 'F101', 'F22', 'F77', 'F126', 'F71-uschindler@apache.org', 'F71-shalin@apache.org', 'F71-noble@apache.org', 'F104', 'F71-simonw@apache.org'}
     F72   F25  ... F71-erick@apache.org F71-uschindler@apache.org
1  12763   203  ...                    0                         1
2  12763   203  ...                    0                         1
3  26421  4122  ...                    0                         1

[3 rows x 55 columns]
;.;
        F72       F25  ...  F71-erick@apache.org  F71-uschindler@apache.org
0  0.125552  0.044612  ...                   0.0                        1.0
1  0.125552  0.044612  ...                   0.0                        1.0
2  1.000000  1.000000  ...                   0.0                        1.0

[3 rows x 55 columns]
training_x: (2138, 55)
training_y: 2138
testset_x: (993, 55)
testset_y: 993
              precision    recall  f1-score   support

           0       0.00      0.00      0.00       552
           1       0.44      1.00      0.62       441

    accuracy                           0.44       993
   macro avg       0.22      0.50      0.31       993
weighted avg       0.20      0.44      0.27       993

accuracy: 0.44410876132930516
0.6150627615062761
@@@ tn: 0, fp: 552, fn: 0, tp: 441
@@@ LIME - Creating explainer
@@@ LIME - Random Sampling of Instances
iter: 0, sample_no: 57, actual label: 0, predicted: 1
iter: 1, sample_no: 454, actual label: 1, predicted: 1
iter: 2, sample_no: 267, actual label: 0, predicted: 1
iter: 3, sample_no: 205, actual label: 1, predicted: 1
iter: 4, sample_no: 903, actual label: 0, predicted: 1
iter: 5, sample_no: 716, actual label: 0, predicted: 1
iter: 6, sample_no: 505, actual label: 1, predicted: 1
iter: 7, sample_no: 240, actual label: 1, predicted: 1
iter: 8, sample_no: 986, actual label: 0, predicted: 1
iter: 9, sample_no: 826, actual label: 0, predicted: 1
iter: 10, sample_no: 596, actual label: 0, predicted: 1
iter: 11, sample_no: 105, actual label: 0, predicted: 1
iter: 12, sample_no: 713, actual label: 0, predicted: 1
iter: 13, sample_no: 782, actual label: 0, predicted: 1
iter: 14, sample_no: 705, actual label: 0, predicted: 1
iter: 15, sample_no: 126, actual label: 0, predicted: 1
iter: 16, sample_no: 865, actual label: 0, predicted: 1
iter: 17, sample_no: 204, actual label: 1, predicted: 1
iter: 18, sample_no: 739, actual label: 1, predicted: 1
iter: 19, sample_no: 645, actual label: 0, predicted: 1
iter: 20, sample_no: 705, actual label: 0, predicted: 1
iter: 21, sample_no: 487, actual label: 1, predicted: 1
iter: 22, sample_no: 7, actual label: 0, predicted: 1
iter: 23, sample_no: 415, actual label: 0, predicted: 1
iter: 24, sample_no: 574, actual label: 0, predicted: 1
number of samples: 993
AUC 0.5
pos_get 441
total recall stop_at 1
@@@ C - Repeat number: 10
@@@ D - common_header:  {'F3-getBoost()', 'F3-Among[]', 'F3-byte[]', 'F3-long', 'F3-boolean', 'F3-String', 'F15-private', 'F3-char', 'F71-chrism@apache.org', 'F3-NA', 'F71-yonik@apache.org', 'F71-erick@apache.org', 'F110', 'F15-public', 'F115', 'F41', 'F71-rmuir@apache.org', 'F3-Bits', 'F3-OutputStream', 'F71-hossman@apache.org', 'F71-ehatcher@apache.org', 'F71-buschmi@apache.org', 'F65', 'F3-CharStream', 'F3-CharSequence', 'F15-protected', 'F3-int', 'F15-NA', 'F71-ryan@apache.org', 'F116', 'F3-Class', 'F71-markrmiller@apache.org', 'F71-gsingers@apache.org', 'F3-FileInputStream', 'F3-char[]', 'F71-mikemccand@apache.org', 'F68', 'F123', 'F71-sarowe@apache.org', 'F117', 'F120', 'F72', 'F3-int[]', 'category', 'F25', 'F71-shaie@apache.org', 'F105', 'F101', 'F22', 'F77', 'F126', 'F71-uschindler@apache.org', 'F71-shalin@apache.org', 'F71-noble@apache.org', 'F104', 'F71-simonw@apache.org'}
     F72   F25  ... F71-erick@apache.org F71-uschindler@apache.org
1  12763   203  ...                    0                         1
2  12763   203  ...                    0                         1
3  26421  4122  ...                    0                         1

[3 rows x 55 columns]
;.;
        F72       F25  ...  F71-erick@apache.org  F71-uschindler@apache.org
0  0.125552  0.044612  ...                   0.0                        1.0
1  0.125552  0.044612  ...                   0.0                        1.0
2  1.000000  1.000000  ...                   0.0                        1.0

[3 rows x 55 columns]
training_x: (2138, 55)
training_y: 2138
testset_x: (993, 55)
testset_y: 993
              precision    recall  f1-score   support

           0       0.00      0.00      0.00       552
           1       0.44      1.00      0.62       441

    accuracy                           0.44       993
   macro avg       0.22      0.50      0.31       993
weighted avg       0.20      0.44      0.27       993

accuracy: 0.44410876132930516
0.6150627615062761
@@@ tn: 0, fp: 552, fn: 0, tp: 441
@@@ LIME - Creating explainer
@@@ LIME - Random Sampling of Instances
iter: 0, sample_no: 668, actual label: 0, predicted: 1
iter: 1, sample_no: 988, actual label: 1, predicted: 1
iter: 2, sample_no: 381, actual label: 0, predicted: 1
iter: 3, sample_no: 284, actual label: 0, predicted: 1
iter: 4, sample_no: 343, actual label: 1, predicted: 1
iter: 5, sample_no: 736, actual label: 1, predicted: 1
iter: 6, sample_no: 568, actual label: 1, predicted: 1
iter: 7, sample_no: 756, actual label: 1, predicted: 1
iter: 8, sample_no: 670, actual label: 0, predicted: 1
iter: 9, sample_no: 677, actual label: 0, predicted: 1
iter: 10, sample_no: 267, actual label: 0, predicted: 1
iter: 11, sample_no: 247, actual label: 1, predicted: 1
iter: 12, sample_no: 891, actual label: 0, predicted: 1
iter: 13, sample_no: 711, actual label: 1, predicted: 1
iter: 14, sample_no: 685, actual label: 0, predicted: 1
iter: 15, sample_no: 769, actual label: 1, predicted: 1
iter: 16, sample_no: 222, actual label: 0, predicted: 1
iter: 17, sample_no: 142, actual label: 1, predicted: 1
iter: 18, sample_no: 857, actual label: 0, predicted: 1
iter: 19, sample_no: 839, actual label: 1, predicted: 1
iter: 20, sample_no: 527, actual label: 1, predicted: 1
iter: 21, sample_no: 498, actual label: 0, predicted: 1
iter: 22, sample_no: 343, actual label: 1, predicted: 1
iter: 23, sample_no: 317, actual label: 0, predicted: 1
iter: 24, sample_no: 783, actual label: 0, predicted: 1
number of samples: 993
AUC 0.5
pos_get 441
total recall stop_at 1
----------threshold stop at----------: 1
AUC [0.5, 0.5, 0.5, 0.5, 0.5, 0.5, 0.5, 0.5, 0.5, 0.5]
AUC_median 0.5
AUC_iqr 0.0
cost [1, 1, 1, 1, 1, 1, 1, 1, 1, 1]
COST_med 1.0
COST_iqr 0.0
f1_pos_list [np.float64(0.6150627615062761), np.float64(0.6150627615062761), np.float64(0.6150627615062761), np.float64(0.6150627615062761), np.float64(0.6150627615062761), np.float64(0.6150627615062761), np.float64(0.6150627615062761), np.float64(0.6150627615062761), np.float64(0.6150627615062761), np.float64(0.6150627615062761)]
f1_pos_med 0.6150627615062761
total_tn 0
total_fp 5520
total_fn 0
total_tp 4410
p= 0.44410876132930516
r= 1.0
f= 0.6150627615062761
