@@@ A - classifier: DummyClassifier(constant=1, strategy='constant')
@@@ B - threshold stop at: 1
@@@ C - Repeat number: 1
@@@ D - common_header:  {'F126', 'F117', 'F3-Configuration', 'F101', 'F15-public', 'F71-hairong@apache.org', 'F110', 'F71-sradia@apache.org', 'F3-Path', 'F115', 'F68', 'F41', 'F3-String', 'F77', 'F15-private', 'F15-protected', 'F120', 'category', 'F116', 'F72', 'F71-ddas@apache.org', 'F71-cdouglas@apache.org', 'F3-int', 'F3-NA', 'F3-byte[]', 'F22', 'F3-long', 'F71-eli@apache.org', 'F71-omalley@apache.org', 'F71-suresh@apache.org', 'F25', 'F104', 'F71-boryas@apache.org', 'F71-acmurthy@apache.org', 'F105', 'F71-mahadev@apache.org', 'F71-szetszwo@apache.org', 'F71-jghoman@apache.org', 'F71-tomwhite@apache.org', 'F65', 'F15-NA', 'F71-yhemanth@apache.org', 'F123'}
     F72  F25  ... F71-acmurthy@apache.org F71-boryas@apache.org
1  23830  246  ...                       0                     0
2  23830  246  ...                       0                     0
3  24036  477  ...                       0                     0

[3 rows x 42 columns]
;.;
        F72       F25  ...  F71-acmurthy@apache.org  F71-boryas@apache.org
0  0.466837  0.443373  ...                      0.0                    0.0
1  0.466837  0.443373  ...                      0.0                    0.0
2  0.992347  1.000000  ...                      0.0                    0.0

[3 rows x 42 columns]
training_x: (204, 42)
training_y: 204
testset_x: (2736, 42)
testset_y: 2736
              precision    recall  f1-score   support

           0       0.00      0.00      0.00      2096
           1       0.23      1.00      0.38       640

    accuracy                           0.23      2736
   macro avg       0.12      0.50      0.19      2736
weighted avg       0.05      0.23      0.09      2736

accuracy: 0.23391812865497075
0.3791469194312796
@@@ tn: 0, fp: 2096, fn: 0, tp: 640
@@@ LIME - Creating explainer
@@@ LIME - Random Sampling of Instances
iter: 0, sample_no: 1860, actual label: 0, predicted: 1
Traceback (most recent call last):
  File "/home/leona/Masters/ES/SA_retrospective/src/baseline.py", line 217, in <module>
    rate, auc, f1_pos, tn, fp, fn, tp = main(path, stop_at=stopat_id,
                                        ^^^^^^^^^^^^^^^^^^^^^^^^^^^^^
  File "/home/leona/Masters/ES/SA_retrospective/src/baseline.py", line 88, in main
    exp = explainer.explain_instance(testset_x.iloc[sample_no].values, clf.predict_proba, num_features=10)
          ^^^^^^^^^^^^^^^^^^^^^^^^^^^^^^^^^^^^^^^^^^^^^^^^^^^^^^^^^^^^^^^^^^^^^^^^^^^^^^^^^^^^^^^^^^^^^^^^
  File "/home/leona/Masters/ES/SA_retrospective/venv/lib/python3.12/site-packages/lime/lime_tabular.py", line 452, in explain_instance
    ret_exp.score, ret_exp.local_pred) = self.base.explain_instance_with_data(
                                         ^^^^^^^^^^^^^^^^^^^^^^^^^^^^^^^^^^^^^
  File "/home/leona/Masters/ES/SA_retrospective/venv/lib/python3.12/site-packages/lime/lime_base.py", line 182, in explain_instance_with_data
    labels_column = neighborhood_labels[:, label]
                    ~~~~~~~~~~~~~~~~~~~^^^^^^^^^^
IndexError: index 1 is out of bounds for axis 1 with size 1
