@@@ A - classifier: DummyClassifier(constant=1, strategy='constant')
@@@ B - threshold stop at: 1
@@@ C - Repeat number: 1
@@@ D - common_header:  {'F101', 'F15-NA', 'F116', 'F71-dev-null@apache.org', 'category', 'F71-seade@apache.org', 'F3-boolean', 'F126', 'F3-GenericController', 'F123', 'F41', 'F71-dims@apache.org', 'F110', 'F3-CollectionProperty', 'F77', 'F71-thads@apache.org', 'F71-mstover1@apache.org', 'F71-sebb@apache.org', 'F65', 'F71-woolfel@apache.org', 'F15-protected', 'F71-jeremy_a@apache.org', 'F3-TestElementProperty', 'F3-NA', 'F68', 'F3-InterleaveControl.IGNORE_SUB_CONTROLLERS', 'F72', 'F71-pmouawad@apache.org', 'F25', 'F71-oros@apache.org', 'F3-StringProperty', 'F71-mblankestijn@apache.org', 'F104', 'F3-((ThroughputController)el).getMaxThroughput()', 'F3-String', 'F120', 'F15-public', 'F71-alf@apache.org', 'F3-Date', 'F15-private', 'F105', 'F3-String[]', 'F3-byte[]', 'F115', 'F3-TextMessage', 'F71-jsalvata@apache.org', 'F3-JMeterFileFilter', 'F3-JMeterTreeNode', 'F71-milamber@apache.org', 'F117', 'F3-long', 'F22', 'F71-mkostrze@apache.org', 'F3-int'}
    F72   F25  ... F71-sebb@apache.org F71-mstover1@apache.org
1  8464  1639  ...                   1                       1
2  8464  1639  ...                   1                       1
3  8464  1639  ...                   1                       1

[3 rows x 53 columns]
;.;
        F72       F25  ...  F71-sebb@apache.org  F71-mstover1@apache.org
0  0.409982  0.429177  ...                  1.0                      1.0
1  0.409982  0.429177  ...                  1.0                      1.0
2  0.409982  0.429177  ...                  1.0                      1.0

[3 rows x 53 columns]
training_x: (575, 53)
training_y: 575
testset_x: (57, 53)
testset_y: 57
              precision    recall  f1-score   support

           0       0.00      0.00      0.00        48
           1       0.16      1.00      0.27         9

    accuracy                           0.16        57
   macro avg       0.08      0.50      0.14        57
weighted avg       0.02      0.16      0.04        57

accuracy: 0.15789473684210525
0.2727272727272727
@@@ tn: 0, fp: 48, fn: 0, tp: 9
@@@ LIME - Creating explainer
@@@ LIME - Random Sampling of Instances
iter: 0, sample_no: 4, actual label: 0, predicted: 1
iter: 1, sample_no: 39, actual label: 0, predicted: 1
iter: 2, sample_no: 33, actual label: 0, predicted: 1
iter: 3, sample_no: 56, actual label: 0, predicted: 1
iter: 4, sample_no: 44, actual label: 0, predicted: 1
iter: 5, sample_no: 52, actual label: 0, predicted: 1
iter: 6, sample_no: 49, actual label: 0, predicted: 1
iter: 7, sample_no: 10, actual label: 0, predicted: 1
iter: 8, sample_no: 34, actual label: 0, predicted: 1
iter: 9, sample_no: 0, actual label: 0, predicted: 1
iter: 10, sample_no: 50, actual label: 0, predicted: 1
iter: 11, sample_no: 45, actual label: 0, predicted: 1
iter: 12, sample_no: 51, actual label: 0, predicted: 1
iter: 13, sample_no: 8, actual label: 0, predicted: 1
iter: 14, sample_no: 1, actual label: 0, predicted: 1
iter: 15, sample_no: 9, actual label: 0, predicted: 1
iter: 16, sample_no: 24, actual label: 0, predicted: 1
iter: 17, sample_no: 15, actual label: 0, predicted: 1
iter: 18, sample_no: 21, actual label: 0, predicted: 1
iter: 19, sample_no: 49, actual label: 0, predicted: 1
iter: 20, sample_no: 4, actual label: 0, predicted: 1
iter: 21, sample_no: 9, actual label: 0, predicted: 1
iter: 22, sample_no: 30, actual label: 0, predicted: 1
iter: 23, sample_no: 47, actual label: 0, predicted: 1
iter: 24, sample_no: 16, actual label: 1, predicted: 1
number of samples: 57
AUC 0.5
pos_get 9
total recall stop_at 1.0
@@@ C - Repeat number: 2
@@@ D - common_header:  {'F101', 'F15-NA', 'F116', 'F71-dev-null@apache.org', 'category', 'F71-seade@apache.org', 'F3-boolean', 'F126', 'F3-GenericController', 'F123', 'F41', 'F71-dims@apache.org', 'F110', 'F3-CollectionProperty', 'F77', 'F71-thads@apache.org', 'F71-mstover1@apache.org', 'F71-sebb@apache.org', 'F65', 'F71-woolfel@apache.org', 'F15-protected', 'F71-jeremy_a@apache.org', 'F3-TestElementProperty', 'F3-NA', 'F68', 'F3-InterleaveControl.IGNORE_SUB_CONTROLLERS', 'F72', 'F71-pmouawad@apache.org', 'F25', 'F71-oros@apache.org', 'F3-StringProperty', 'F71-mblankestijn@apache.org', 'F104', 'F3-((ThroughputController)el).getMaxThroughput()', 'F3-String', 'F120', 'F15-public', 'F71-alf@apache.org', 'F3-Date', 'F15-private', 'F105', 'F3-String[]', 'F3-byte[]', 'F115', 'F3-TextMessage', 'F71-jsalvata@apache.org', 'F3-JMeterFileFilter', 'F3-JMeterTreeNode', 'F71-milamber@apache.org', 'F117', 'F3-long', 'F22', 'F71-mkostrze@apache.org', 'F3-int'}
    F72   F25  ... F71-sebb@apache.org F71-mstover1@apache.org
1  8464  1639  ...                   1                       1
2  8464  1639  ...                   1                       1
3  8464  1639  ...                   1                       1

[3 rows x 53 columns]
;.;
        F72       F25  ...  F71-sebb@apache.org  F71-mstover1@apache.org
0  0.409982  0.429177  ...                  1.0                      1.0
1  0.409982  0.429177  ...                  1.0                      1.0
2  0.409982  0.429177  ...                  1.0                      1.0

[3 rows x 53 columns]
training_x: (575, 53)
training_y: 575
testset_x: (57, 53)
testset_y: 57
              precision    recall  f1-score   support

           0       0.00      0.00      0.00        48
           1       0.16      1.00      0.27         9

    accuracy                           0.16        57
   macro avg       0.08      0.50      0.14        57
weighted avg       0.02      0.16      0.04        57

accuracy: 0.15789473684210525
0.2727272727272727
@@@ tn: 0, fp: 48, fn: 0, tp: 9
@@@ LIME - Creating explainer
@@@ LIME - Random Sampling of Instances
iter: 0, sample_no: 20, actual label: 0, predicted: 1
iter: 1, sample_no: 41, actual label: 0, predicted: 1
iter: 2, sample_no: 10, actual label: 0, predicted: 1
iter: 3, sample_no: 10, actual label: 0, predicted: 1
iter: 4, sample_no: 3, actual label: 0, predicted: 1
iter: 5, sample_no: 49, actual label: 0, predicted: 1
iter: 6, sample_no: 29, actual label: 0, predicted: 1
iter: 7, sample_no: 45, actual label: 0, predicted: 1
iter: 8, sample_no: 51, actual label: 0, predicted: 1
iter: 9, sample_no: 50, actual label: 0, predicted: 1
iter: 10, sample_no: 26, actual label: 0, predicted: 1
iter: 11, sample_no: 35, actual label: 0, predicted: 1
iter: 12, sample_no: 21, actual label: 0, predicted: 1
iter: 13, sample_no: 8, actual label: 0, predicted: 1
iter: 14, sample_no: 56, actual label: 0, predicted: 1
iter: 15, sample_no: 46, actual label: 0, predicted: 1
iter: 16, sample_no: 23, actual label: 1, predicted: 1
iter: 17, sample_no: 25, actual label: 1, predicted: 1
iter: 18, sample_no: 39, actual label: 0, predicted: 1
iter: 19, sample_no: 8, actual label: 0, predicted: 1
iter: 20, sample_no: 17, actual label: 0, predicted: 1
iter: 21, sample_no: 52, actual label: 0, predicted: 1
iter: 22, sample_no: 40, actual label: 0, predicted: 1
iter: 23, sample_no: 42, actual label: 0, predicted: 1
iter: 24, sample_no: 35, actual label: 0, predicted: 1
number of samples: 57
AUC 0.5
pos_get 9
total recall stop_at 1.0
@@@ C - Repeat number: 3
@@@ D - common_header:  {'F101', 'F15-NA', 'F116', 'F71-dev-null@apache.org', 'category', 'F71-seade@apache.org', 'F3-boolean', 'F126', 'F3-GenericController', 'F123', 'F41', 'F71-dims@apache.org', 'F110', 'F3-CollectionProperty', 'F77', 'F71-thads@apache.org', 'F71-mstover1@apache.org', 'F71-sebb@apache.org', 'F65', 'F71-woolfel@apache.org', 'F15-protected', 'F71-jeremy_a@apache.org', 'F3-TestElementProperty', 'F3-NA', 'F68', 'F3-InterleaveControl.IGNORE_SUB_CONTROLLERS', 'F72', 'F71-pmouawad@apache.org', 'F25', 'F71-oros@apache.org', 'F3-StringProperty', 'F71-mblankestijn@apache.org', 'F104', 'F3-((ThroughputController)el).getMaxThroughput()', 'F3-String', 'F120', 'F15-public', 'F71-alf@apache.org', 'F3-Date', 'F15-private', 'F105', 'F3-String[]', 'F3-byte[]', 'F115', 'F3-TextMessage', 'F71-jsalvata@apache.org', 'F3-JMeterFileFilter', 'F3-JMeterTreeNode', 'F71-milamber@apache.org', 'F117', 'F3-long', 'F22', 'F71-mkostrze@apache.org', 'F3-int'}
    F72   F25  ... F71-sebb@apache.org F71-mstover1@apache.org
1  8464  1639  ...                   1                       1
2  8464  1639  ...                   1                       1
3  8464  1639  ...                   1                       1

[3 rows x 53 columns]
;.;
        F72       F25  ...  F71-sebb@apache.org  F71-mstover1@apache.org
0  0.409982  0.429177  ...                  1.0                      1.0
1  0.409982  0.429177  ...                  1.0                      1.0
2  0.409982  0.429177  ...                  1.0                      1.0

[3 rows x 53 columns]
training_x: (575, 53)
training_y: 575
testset_x: (57, 53)
testset_y: 57
              precision    recall  f1-score   support

           0       0.00      0.00      0.00        48
           1       0.16      1.00      0.27         9

    accuracy                           0.16        57
   macro avg       0.08      0.50      0.14        57
weighted avg       0.02      0.16      0.04        57

accuracy: 0.15789473684210525
0.2727272727272727
@@@ tn: 0, fp: 48, fn: 0, tp: 9
@@@ LIME - Creating explainer
@@@ LIME - Random Sampling of Instances
iter: 0, sample_no: 11, actual label: 1, predicted: 1
iter: 1, sample_no: 42, actual label: 0, predicted: 1
iter: 2, sample_no: 4, actual label: 0, predicted: 1
iter: 3, sample_no: 24, actual label: 0, predicted: 1
iter: 4, sample_no: 49, actual label: 0, predicted: 1
iter: 5, sample_no: 22, actual label: 1, predicted: 1
iter: 6, sample_no: 16, actual label: 1, predicted: 1
iter: 7, sample_no: 12, actual label: 0, predicted: 1
iter: 8, sample_no: 54, actual label: 0, predicted: 1
iter: 9, sample_no: 2, actual label: 0, predicted: 1
iter: 10, sample_no: 51, actual label: 0, predicted: 1
iter: 11, sample_no: 0, actual label: 0, predicted: 1
iter: 12, sample_no: 32, actual label: 0, predicted: 1
iter: 13, sample_no: 7, actual label: 0, predicted: 1
iter: 14, sample_no: 16, actual label: 1, predicted: 1
iter: 15, sample_no: 22, actual label: 1, predicted: 1
iter: 16, sample_no: 24, actual label: 0, predicted: 1
iter: 17, sample_no: 12, actual label: 0, predicted: 1
iter: 18, sample_no: 46, actual label: 0, predicted: 1
iter: 19, sample_no: 55, actual label: 0, predicted: 1
iter: 20, sample_no: 56, actual label: 0, predicted: 1
iter: 21, sample_no: 5, actual label: 0, predicted: 1
iter: 22, sample_no: 28, actual label: 1, predicted: 1
iter: 23, sample_no: 54, actual label: 0, predicted: 1
iter: 24, sample_no: 22, actual label: 1, predicted: 1
number of samples: 57
AUC 0.5
pos_get 9
total recall stop_at 1.0
@@@ C - Repeat number: 4
@@@ D - common_header:  {'F101', 'F15-NA', 'F116', 'F71-dev-null@apache.org', 'category', 'F71-seade@apache.org', 'F3-boolean', 'F126', 'F3-GenericController', 'F123', 'F41', 'F71-dims@apache.org', 'F110', 'F3-CollectionProperty', 'F77', 'F71-thads@apache.org', 'F71-mstover1@apache.org', 'F71-sebb@apache.org', 'F65', 'F71-woolfel@apache.org', 'F15-protected', 'F71-jeremy_a@apache.org', 'F3-TestElementProperty', 'F3-NA', 'F68', 'F3-InterleaveControl.IGNORE_SUB_CONTROLLERS', 'F72', 'F71-pmouawad@apache.org', 'F25', 'F71-oros@apache.org', 'F3-StringProperty', 'F71-mblankestijn@apache.org', 'F104', 'F3-((ThroughputController)el).getMaxThroughput()', 'F3-String', 'F120', 'F15-public', 'F71-alf@apache.org', 'F3-Date', 'F15-private', 'F105', 'F3-String[]', 'F3-byte[]', 'F115', 'F3-TextMessage', 'F71-jsalvata@apache.org', 'F3-JMeterFileFilter', 'F3-JMeterTreeNode', 'F71-milamber@apache.org', 'F117', 'F3-long', 'F22', 'F71-mkostrze@apache.org', 'F3-int'}
    F72   F25  ... F71-sebb@apache.org F71-mstover1@apache.org
1  8464  1639  ...                   1                       1
2  8464  1639  ...                   1                       1
3  8464  1639  ...                   1                       1

[3 rows x 53 columns]
;.;
        F72       F25  ...  F71-sebb@apache.org  F71-mstover1@apache.org
0  0.409982  0.429177  ...                  1.0                      1.0
1  0.409982  0.429177  ...                  1.0                      1.0
2  0.409982  0.429177  ...                  1.0                      1.0

[3 rows x 53 columns]
training_x: (575, 53)
training_y: 575
testset_x: (57, 53)
testset_y: 57
              precision    recall  f1-score   support

           0       0.00      0.00      0.00        48
           1       0.16      1.00      0.27         9

    accuracy                           0.16        57
   macro avg       0.08      0.50      0.14        57
weighted avg       0.02      0.16      0.04        57

accuracy: 0.15789473684210525
0.2727272727272727
@@@ tn: 0, fp: 48, fn: 0, tp: 9
@@@ LIME - Creating explainer
@@@ LIME - Random Sampling of Instances
iter: 0, sample_no: 5, actual label: 0, predicted: 1
iter: 1, sample_no: 3, actual label: 0, predicted: 1
iter: 2, sample_no: 27, actual label: 1, predicted: 1
iter: 3, sample_no: 5, actual label: 0, predicted: 1
iter: 4, sample_no: 19, actual label: 0, predicted: 1
iter: 5, sample_no: 17, actual label: 0, predicted: 1
iter: 6, sample_no: 56, actual label: 0, predicted: 1
iter: 7, sample_no: 6, actual label: 0, predicted: 1
iter: 8, sample_no: 29, actual label: 0, predicted: 1
iter: 9, sample_no: 46, actual label: 0, predicted: 1
iter: 10, sample_no: 35, actual label: 0, predicted: 1
iter: 11, sample_no: 8, actual label: 0, predicted: 1
iter: 12, sample_no: 53, actual label: 0, predicted: 1
iter: 13, sample_no: 36, actual label: 1, predicted: 1
iter: 14, sample_no: 14, actual label: 0, predicted: 1
iter: 15, sample_no: 41, actual label: 0, predicted: 1
iter: 16, sample_no: 48, actual label: 0, predicted: 1
iter: 17, sample_no: 11, actual label: 1, predicted: 1
iter: 18, sample_no: 45, actual label: 0, predicted: 1
iter: 19, sample_no: 35, actual label: 0, predicted: 1
iter: 20, sample_no: 16, actual label: 1, predicted: 1
iter: 21, sample_no: 40, actual label: 0, predicted: 1
iter: 22, sample_no: 2, actual label: 0, predicted: 1
iter: 23, sample_no: 46, actual label: 0, predicted: 1
iter: 24, sample_no: 26, actual label: 0, predicted: 1
number of samples: 57
AUC 0.5
pos_get 9
total recall stop_at 1.0
@@@ C - Repeat number: 5
@@@ D - common_header:  {'F101', 'F15-NA', 'F116', 'F71-dev-null@apache.org', 'category', 'F71-seade@apache.org', 'F3-boolean', 'F126', 'F3-GenericController', 'F123', 'F41', 'F71-dims@apache.org', 'F110', 'F3-CollectionProperty', 'F77', 'F71-thads@apache.org', 'F71-mstover1@apache.org', 'F71-sebb@apache.org', 'F65', 'F71-woolfel@apache.org', 'F15-protected', 'F71-jeremy_a@apache.org', 'F3-TestElementProperty', 'F3-NA', 'F68', 'F3-InterleaveControl.IGNORE_SUB_CONTROLLERS', 'F72', 'F71-pmouawad@apache.org', 'F25', 'F71-oros@apache.org', 'F3-StringProperty', 'F71-mblankestijn@apache.org', 'F104', 'F3-((ThroughputController)el).getMaxThroughput()', 'F3-String', 'F120', 'F15-public', 'F71-alf@apache.org', 'F3-Date', 'F15-private', 'F105', 'F3-String[]', 'F3-byte[]', 'F115', 'F3-TextMessage', 'F71-jsalvata@apache.org', 'F3-JMeterFileFilter', 'F3-JMeterTreeNode', 'F71-milamber@apache.org', 'F117', 'F3-long', 'F22', 'F71-mkostrze@apache.org', 'F3-int'}
    F72   F25  ... F71-sebb@apache.org F71-mstover1@apache.org
1  8464  1639  ...                   1                       1
2  8464  1639  ...                   1                       1
3  8464  1639  ...                   1                       1

[3 rows x 53 columns]
;.;
        F72       F25  ...  F71-sebb@apache.org  F71-mstover1@apache.org
0  0.409982  0.429177  ...                  1.0                      1.0
1  0.409982  0.429177  ...                  1.0                      1.0
2  0.409982  0.429177  ...                  1.0                      1.0

[3 rows x 53 columns]
training_x: (575, 53)
training_y: 575
testset_x: (57, 53)
testset_y: 57
              precision    recall  f1-score   support

           0       0.00      0.00      0.00        48
           1       0.16      1.00      0.27         9

    accuracy                           0.16        57
   macro avg       0.08      0.50      0.14        57
weighted avg       0.02      0.16      0.04        57

accuracy: 0.15789473684210525
0.2727272727272727
@@@ tn: 0, fp: 48, fn: 0, tp: 9
@@@ LIME - Creating explainer
@@@ LIME - Random Sampling of Instances
iter: 0, sample_no: 7, actual label: 0, predicted: 1
iter: 1, sample_no: 35, actual label: 0, predicted: 1
iter: 2, sample_no: 50, actual label: 0, predicted: 1
iter: 3, sample_no: 19, actual label: 0, predicted: 1
iter: 4, sample_no: 11, actual label: 1, predicted: 1
iter: 5, sample_no: 15, actual label: 0, predicted: 1
iter: 6, sample_no: 27, actual label: 1, predicted: 1
iter: 7, sample_no: 38, actual label: 1, predicted: 1
iter: 8, sample_no: 28, actual label: 1, predicted: 1
iter: 9, sample_no: 20, actual label: 0, predicted: 1
iter: 10, sample_no: 35, actual label: 0, predicted: 1
iter: 11, sample_no: 8, actual label: 0, predicted: 1
iter: 12, sample_no: 2, actual label: 0, predicted: 1
iter: 13, sample_no: 7, actual label: 0, predicted: 1
iter: 14, sample_no: 27, actual label: 1, predicted: 1
iter: 15, sample_no: 44, actual label: 0, predicted: 1
iter: 16, sample_no: 29, actual label: 0, predicted: 1
iter: 17, sample_no: 28, actual label: 1, predicted: 1
iter: 18, sample_no: 7, actual label: 0, predicted: 1
iter: 19, sample_no: 50, actual label: 0, predicted: 1
iter: 20, sample_no: 45, actual label: 0, predicted: 1
iter: 21, sample_no: 52, actual label: 0, predicted: 1
iter: 22, sample_no: 55, actual label: 0, predicted: 1
iter: 23, sample_no: 14, actual label: 0, predicted: 1
iter: 24, sample_no: 28, actual label: 1, predicted: 1
number of samples: 57
AUC 0.5
pos_get 9
total recall stop_at 1.0
@@@ C - Repeat number: 6
@@@ D - common_header:  {'F101', 'F15-NA', 'F116', 'F71-dev-null@apache.org', 'category', 'F71-seade@apache.org', 'F3-boolean', 'F126', 'F3-GenericController', 'F123', 'F41', 'F71-dims@apache.org', 'F110', 'F3-CollectionProperty', 'F77', 'F71-thads@apache.org', 'F71-mstover1@apache.org', 'F71-sebb@apache.org', 'F65', 'F71-woolfel@apache.org', 'F15-protected', 'F71-jeremy_a@apache.org', 'F3-TestElementProperty', 'F3-NA', 'F68', 'F3-InterleaveControl.IGNORE_SUB_CONTROLLERS', 'F72', 'F71-pmouawad@apache.org', 'F25', 'F71-oros@apache.org', 'F3-StringProperty', 'F71-mblankestijn@apache.org', 'F104', 'F3-((ThroughputController)el).getMaxThroughput()', 'F3-String', 'F120', 'F15-public', 'F71-alf@apache.org', 'F3-Date', 'F15-private', 'F105', 'F3-String[]', 'F3-byte[]', 'F115', 'F3-TextMessage', 'F71-jsalvata@apache.org', 'F3-JMeterFileFilter', 'F3-JMeterTreeNode', 'F71-milamber@apache.org', 'F117', 'F3-long', 'F22', 'F71-mkostrze@apache.org', 'F3-int'}
    F72   F25  ... F71-sebb@apache.org F71-mstover1@apache.org
1  8464  1639  ...                   1                       1
2  8464  1639  ...                   1                       1
3  8464  1639  ...                   1                       1

[3 rows x 53 columns]
;.;
        F72       F25  ...  F71-sebb@apache.org  F71-mstover1@apache.org
0  0.409982  0.429177  ...                  1.0                      1.0
1  0.409982  0.429177  ...                  1.0                      1.0
2  0.409982  0.429177  ...                  1.0                      1.0

[3 rows x 53 columns]
training_x: (575, 53)
training_y: 575
testset_x: (57, 53)
testset_y: 57
              precision    recall  f1-score   support

           0       0.00      0.00      0.00        48
           1       0.16      1.00      0.27         9

    accuracy                           0.16        57
   macro avg       0.08      0.50      0.14        57
weighted avg       0.02      0.16      0.04        57

accuracy: 0.15789473684210525
0.2727272727272727
@@@ tn: 0, fp: 48, fn: 0, tp: 9
@@@ LIME - Creating explainer
@@@ LIME - Random Sampling of Instances
iter: 0, sample_no: 0, actual label: 0, predicted: 1
iter: 1, sample_no: 10, actual label: 0, predicted: 1
iter: 2, sample_no: 43, actual label: 0, predicted: 1
iter: 3, sample_no: 0, actual label: 0, predicted: 1
iter: 4, sample_no: 54, actual label: 0, predicted: 1
iter: 5, sample_no: 6, actual label: 0, predicted: 1
iter: 6, sample_no: 43, actual label: 0, predicted: 1
iter: 7, sample_no: 43, actual label: 0, predicted: 1
iter: 8, sample_no: 38, actual label: 1, predicted: 1
iter: 9, sample_no: 15, actual label: 0, predicted: 1
iter: 10, sample_no: 49, actual label: 0, predicted: 1
iter: 11, sample_no: 26, actual label: 0, predicted: 1
iter: 12, sample_no: 45, actual label: 0, predicted: 1
iter: 13, sample_no: 25, actual label: 1, predicted: 1
iter: 14, sample_no: 54, actual label: 0, predicted: 1
iter: 15, sample_no: 51, actual label: 0, predicted: 1
iter: 16, sample_no: 36, actual label: 1, predicted: 1
iter: 17, sample_no: 4, actual label: 0, predicted: 1
iter: 18, sample_no: 22, actual label: 1, predicted: 1
iter: 19, sample_no: 5, actual label: 0, predicted: 1
iter: 20, sample_no: 40, actual label: 0, predicted: 1
iter: 21, sample_no: 10, actual label: 0, predicted: 1
iter: 22, sample_no: 12, actual label: 0, predicted: 1
iter: 23, sample_no: 2, actual label: 0, predicted: 1
iter: 24, sample_no: 43, actual label: 0, predicted: 1
number of samples: 57
AUC 0.5
pos_get 9
total recall stop_at 1.0
@@@ C - Repeat number: 7
@@@ D - common_header:  {'F101', 'F15-NA', 'F116', 'F71-dev-null@apache.org', 'category', 'F71-seade@apache.org', 'F3-boolean', 'F126', 'F3-GenericController', 'F123', 'F41', 'F71-dims@apache.org', 'F110', 'F3-CollectionProperty', 'F77', 'F71-thads@apache.org', 'F71-mstover1@apache.org', 'F71-sebb@apache.org', 'F65', 'F71-woolfel@apache.org', 'F15-protected', 'F71-jeremy_a@apache.org', 'F3-TestElementProperty', 'F3-NA', 'F68', 'F3-InterleaveControl.IGNORE_SUB_CONTROLLERS', 'F72', 'F71-pmouawad@apache.org', 'F25', 'F71-oros@apache.org', 'F3-StringProperty', 'F71-mblankestijn@apache.org', 'F104', 'F3-((ThroughputController)el).getMaxThroughput()', 'F3-String', 'F120', 'F15-public', 'F71-alf@apache.org', 'F3-Date', 'F15-private', 'F105', 'F3-String[]', 'F3-byte[]', 'F115', 'F3-TextMessage', 'F71-jsalvata@apache.org', 'F3-JMeterFileFilter', 'F3-JMeterTreeNode', 'F71-milamber@apache.org', 'F117', 'F3-long', 'F22', 'F71-mkostrze@apache.org', 'F3-int'}
    F72   F25  ... F71-sebb@apache.org F71-mstover1@apache.org
1  8464  1639  ...                   1                       1
2  8464  1639  ...                   1                       1
3  8464  1639  ...                   1                       1

[3 rows x 53 columns]
;.;
        F72       F25  ...  F71-sebb@apache.org  F71-mstover1@apache.org
0  0.409982  0.429177  ...                  1.0                      1.0
1  0.409982  0.429177  ...                  1.0                      1.0
2  0.409982  0.429177  ...                  1.0                      1.0

[3 rows x 53 columns]
training_x: (575, 53)
training_y: 575
testset_x: (57, 53)
testset_y: 57
              precision    recall  f1-score   support

           0       0.00      0.00      0.00        48
           1       0.16      1.00      0.27         9

    accuracy                           0.16        57
   macro avg       0.08      0.50      0.14        57
weighted avg       0.02      0.16      0.04        57

accuracy: 0.15789473684210525
0.2727272727272727
@@@ tn: 0, fp: 48, fn: 0, tp: 9
@@@ LIME - Creating explainer
@@@ LIME - Random Sampling of Instances
iter: 0, sample_no: 42, actual label: 0, predicted: 1
iter: 1, sample_no: 15, actual label: 0, predicted: 1
iter: 2, sample_no: 54, actual label: 0, predicted: 1
iter: 3, sample_no: 11, actual label: 1, predicted: 1
iter: 4, sample_no: 39, actual label: 0, predicted: 1
iter: 5, sample_no: 41, actual label: 0, predicted: 1
iter: 6, sample_no: 11, actual label: 1, predicted: 1
iter: 7, sample_no: 27, actual label: 1, predicted: 1
iter: 8, sample_no: 47, actual label: 0, predicted: 1
iter: 9, sample_no: 36, actual label: 1, predicted: 1
iter: 10, sample_no: 18, actual label: 0, predicted: 1
iter: 11, sample_no: 21, actual label: 0, predicted: 1
iter: 12, sample_no: 12, actual label: 0, predicted: 1
iter: 13, sample_no: 18, actual label: 0, predicted: 1
iter: 14, sample_no: 44, actual label: 0, predicted: 1
iter: 15, sample_no: 27, actual label: 1, predicted: 1
iter: 16, sample_no: 37, actual label: 0, predicted: 1
iter: 17, sample_no: 43, actual label: 0, predicted: 1
iter: 18, sample_no: 14, actual label: 0, predicted: 1
iter: 19, sample_no: 38, actual label: 1, predicted: 1
iter: 20, sample_no: 8, actual label: 0, predicted: 1
iter: 21, sample_no: 38, actual label: 1, predicted: 1
iter: 22, sample_no: 40, actual label: 0, predicted: 1
iter: 23, sample_no: 19, actual label: 0, predicted: 1
iter: 24, sample_no: 8, actual label: 0, predicted: 1
number of samples: 57
AUC 0.5
pos_get 9
total recall stop_at 1.0
@@@ C - Repeat number: 8
@@@ D - common_header:  {'F101', 'F15-NA', 'F116', 'F71-dev-null@apache.org', 'category', 'F71-seade@apache.org', 'F3-boolean', 'F126', 'F3-GenericController', 'F123', 'F41', 'F71-dims@apache.org', 'F110', 'F3-CollectionProperty', 'F77', 'F71-thads@apache.org', 'F71-mstover1@apache.org', 'F71-sebb@apache.org', 'F65', 'F71-woolfel@apache.org', 'F15-protected', 'F71-jeremy_a@apache.org', 'F3-TestElementProperty', 'F3-NA', 'F68', 'F3-InterleaveControl.IGNORE_SUB_CONTROLLERS', 'F72', 'F71-pmouawad@apache.org', 'F25', 'F71-oros@apache.org', 'F3-StringProperty', 'F71-mblankestijn@apache.org', 'F104', 'F3-((ThroughputController)el).getMaxThroughput()', 'F3-String', 'F120', 'F15-public', 'F71-alf@apache.org', 'F3-Date', 'F15-private', 'F105', 'F3-String[]', 'F3-byte[]', 'F115', 'F3-TextMessage', 'F71-jsalvata@apache.org', 'F3-JMeterFileFilter', 'F3-JMeterTreeNode', 'F71-milamber@apache.org', 'F117', 'F3-long', 'F22', 'F71-mkostrze@apache.org', 'F3-int'}
    F72   F25  ... F71-sebb@apache.org F71-mstover1@apache.org
1  8464  1639  ...                   1                       1
2  8464  1639  ...                   1                       1
3  8464  1639  ...                   1                       1

[3 rows x 53 columns]
;.;
        F72       F25  ...  F71-sebb@apache.org  F71-mstover1@apache.org
0  0.409982  0.429177  ...                  1.0                      1.0
1  0.409982  0.429177  ...                  1.0                      1.0
2  0.409982  0.429177  ...                  1.0                      1.0

[3 rows x 53 columns]
training_x: (575, 53)
training_y: 575
testset_x: (57, 53)
testset_y: 57
              precision    recall  f1-score   support

           0       0.00      0.00      0.00        48
           1       0.16      1.00      0.27         9

    accuracy                           0.16        57
   macro avg       0.08      0.50      0.14        57
weighted avg       0.02      0.16      0.04        57

accuracy: 0.15789473684210525
0.2727272727272727
@@@ tn: 0, fp: 48, fn: 0, tp: 9
@@@ LIME - Creating explainer
@@@ LIME - Random Sampling of Instances
iter: 0, sample_no: 48, actual label: 0, predicted: 1
iter: 1, sample_no: 8, actual label: 0, predicted: 1
iter: 2, sample_no: 29, actual label: 0, predicted: 1
iter: 3, sample_no: 45, actual label: 0, predicted: 1
iter: 4, sample_no: 52, actual label: 0, predicted: 1
iter: 5, sample_no: 20, actual label: 0, predicted: 1
iter: 6, sample_no: 54, actual label: 0, predicted: 1
iter: 7, sample_no: 43, actual label: 0, predicted: 1
iter: 8, sample_no: 12, actual label: 0, predicted: 1
iter: 9, sample_no: 28, actual label: 1, predicted: 1
iter: 10, sample_no: 8, actual label: 0, predicted: 1
iter: 11, sample_no: 32, actual label: 0, predicted: 1
iter: 12, sample_no: 54, actual label: 0, predicted: 1
iter: 13, sample_no: 1, actual label: 0, predicted: 1
iter: 14, sample_no: 46, actual label: 0, predicted: 1
iter: 15, sample_no: 41, actual label: 0, predicted: 1
iter: 16, sample_no: 7, actual label: 0, predicted: 1
iter: 17, sample_no: 26, actual label: 0, predicted: 1
iter: 18, sample_no: 48, actual label: 0, predicted: 1
iter: 19, sample_no: 54, actual label: 0, predicted: 1
iter: 20, sample_no: 11, actual label: 1, predicted: 1
iter: 21, sample_no: 0, actual label: 0, predicted: 1
iter: 22, sample_no: 14, actual label: 0, predicted: 1
iter: 23, sample_no: 43, actual label: 0, predicted: 1
iter: 24, sample_no: 45, actual label: 0, predicted: 1
number of samples: 57
AUC 0.5
pos_get 9
total recall stop_at 1.0
@@@ C - Repeat number: 9
@@@ D - common_header:  {'F101', 'F15-NA', 'F116', 'F71-dev-null@apache.org', 'category', 'F71-seade@apache.org', 'F3-boolean', 'F126', 'F3-GenericController', 'F123', 'F41', 'F71-dims@apache.org', 'F110', 'F3-CollectionProperty', 'F77', 'F71-thads@apache.org', 'F71-mstover1@apache.org', 'F71-sebb@apache.org', 'F65', 'F71-woolfel@apache.org', 'F15-protected', 'F71-jeremy_a@apache.org', 'F3-TestElementProperty', 'F3-NA', 'F68', 'F3-InterleaveControl.IGNORE_SUB_CONTROLLERS', 'F72', 'F71-pmouawad@apache.org', 'F25', 'F71-oros@apache.org', 'F3-StringProperty', 'F71-mblankestijn@apache.org', 'F104', 'F3-((ThroughputController)el).getMaxThroughput()', 'F3-String', 'F120', 'F15-public', 'F71-alf@apache.org', 'F3-Date', 'F15-private', 'F105', 'F3-String[]', 'F3-byte[]', 'F115', 'F3-TextMessage', 'F71-jsalvata@apache.org', 'F3-JMeterFileFilter', 'F3-JMeterTreeNode', 'F71-milamber@apache.org', 'F117', 'F3-long', 'F22', 'F71-mkostrze@apache.org', 'F3-int'}
    F72   F25  ... F71-sebb@apache.org F71-mstover1@apache.org
1  8464  1639  ...                   1                       1
2  8464  1639  ...                   1                       1
3  8464  1639  ...                   1                       1

[3 rows x 53 columns]
;.;
        F72       F25  ...  F71-sebb@apache.org  F71-mstover1@apache.org
0  0.409982  0.429177  ...                  1.0                      1.0
1  0.409982  0.429177  ...                  1.0                      1.0
2  0.409982  0.429177  ...                  1.0                      1.0

[3 rows x 53 columns]
training_x: (575, 53)
training_y: 575
testset_x: (57, 53)
testset_y: 57
              precision    recall  f1-score   support

           0       0.00      0.00      0.00        48
           1       0.16      1.00      0.27         9

    accuracy                           0.16        57
   macro avg       0.08      0.50      0.14        57
weighted avg       0.02      0.16      0.04        57

accuracy: 0.15789473684210525
0.2727272727272727
@@@ tn: 0, fp: 48, fn: 0, tp: 9
@@@ LIME - Creating explainer
@@@ LIME - Random Sampling of Instances
iter: 0, sample_no: 37, actual label: 0, predicted: 1
iter: 1, sample_no: 36, actual label: 1, predicted: 1
iter: 2, sample_no: 46, actual label: 0, predicted: 1
iter: 3, sample_no: 54, actual label: 0, predicted: 1
iter: 4, sample_no: 18, actual label: 0, predicted: 1
iter: 5, sample_no: 53, actual label: 0, predicted: 1
iter: 6, sample_no: 35, actual label: 0, predicted: 1
iter: 7, sample_no: 50, actual label: 0, predicted: 1
iter: 8, sample_no: 37, actual label: 0, predicted: 1
iter: 9, sample_no: 50, actual label: 0, predicted: 1
iter: 10, sample_no: 36, actual label: 1, predicted: 1
iter: 11, sample_no: 26, actual label: 0, predicted: 1
iter: 12, sample_no: 30, actual label: 0, predicted: 1
iter: 13, sample_no: 44, actual label: 0, predicted: 1
iter: 14, sample_no: 4, actual label: 0, predicted: 1
iter: 15, sample_no: 53, actual label: 0, predicted: 1
iter: 16, sample_no: 18, actual label: 0, predicted: 1
iter: 17, sample_no: 41, actual label: 0, predicted: 1
iter: 18, sample_no: 3, actual label: 0, predicted: 1
iter: 19, sample_no: 18, actual label: 0, predicted: 1
iter: 20, sample_no: 14, actual label: 0, predicted: 1
iter: 21, sample_no: 48, actual label: 0, predicted: 1
iter: 22, sample_no: 29, actual label: 0, predicted: 1
iter: 23, sample_no: 23, actual label: 1, predicted: 1
iter: 24, sample_no: 47, actual label: 0, predicted: 1
number of samples: 57
AUC 0.5
pos_get 9
total recall stop_at 1.0
@@@ C - Repeat number: 10
@@@ D - common_header:  {'F101', 'F15-NA', 'F116', 'F71-dev-null@apache.org', 'category', 'F71-seade@apache.org', 'F3-boolean', 'F126', 'F3-GenericController', 'F123', 'F41', 'F71-dims@apache.org', 'F110', 'F3-CollectionProperty', 'F77', 'F71-thads@apache.org', 'F71-mstover1@apache.org', 'F71-sebb@apache.org', 'F65', 'F71-woolfel@apache.org', 'F15-protected', 'F71-jeremy_a@apache.org', 'F3-TestElementProperty', 'F3-NA', 'F68', 'F3-InterleaveControl.IGNORE_SUB_CONTROLLERS', 'F72', 'F71-pmouawad@apache.org', 'F25', 'F71-oros@apache.org', 'F3-StringProperty', 'F71-mblankestijn@apache.org', 'F104', 'F3-((ThroughputController)el).getMaxThroughput()', 'F3-String', 'F120', 'F15-public', 'F71-alf@apache.org', 'F3-Date', 'F15-private', 'F105', 'F3-String[]', 'F3-byte[]', 'F115', 'F3-TextMessage', 'F71-jsalvata@apache.org', 'F3-JMeterFileFilter', 'F3-JMeterTreeNode', 'F71-milamber@apache.org', 'F117', 'F3-long', 'F22', 'F71-mkostrze@apache.org', 'F3-int'}
    F72   F25  ... F71-sebb@apache.org F71-mstover1@apache.org
1  8464  1639  ...                   1                       1
2  8464  1639  ...                   1                       1
3  8464  1639  ...                   1                       1

[3 rows x 53 columns]
;.;
        F72       F25  ...  F71-sebb@apache.org  F71-mstover1@apache.org
0  0.409982  0.429177  ...                  1.0                      1.0
1  0.409982  0.429177  ...                  1.0                      1.0
2  0.409982  0.429177  ...                  1.0                      1.0

[3 rows x 53 columns]
training_x: (575, 53)
training_y: 575
testset_x: (57, 53)
testset_y: 57
              precision    recall  f1-score   support

           0       0.00      0.00      0.00        48
           1       0.16      1.00      0.27         9

    accuracy                           0.16        57
   macro avg       0.08      0.50      0.14        57
weighted avg       0.02      0.16      0.04        57

accuracy: 0.15789473684210525
0.2727272727272727
@@@ tn: 0, fp: 48, fn: 0, tp: 9
@@@ LIME - Creating explainer
@@@ LIME - Random Sampling of Instances
iter: 0, sample_no: 53, actual label: 0, predicted: 1
iter: 1, sample_no: 33, actual label: 0, predicted: 1
iter: 2, sample_no: 21, actual label: 0, predicted: 1
iter: 3, sample_no: 1, actual label: 0, predicted: 1
iter: 4, sample_no: 17, actual label: 0, predicted: 1
iter: 5, sample_no: 22, actual label: 1, predicted: 1
iter: 6, sample_no: 50, actual label: 0, predicted: 1
iter: 7, sample_no: 46, actual label: 0, predicted: 1
iter: 8, sample_no: 20, actual label: 0, predicted: 1
iter: 9, sample_no: 39, actual label: 0, predicted: 1
iter: 10, sample_no: 54, actual label: 0, predicted: 1
iter: 11, sample_no: 17, actual label: 0, predicted: 1
iter: 12, sample_no: 19, actual label: 0, predicted: 1
iter: 13, sample_no: 8, actual label: 0, predicted: 1
iter: 14, sample_no: 5, actual label: 0, predicted: 1
iter: 15, sample_no: 9, actual label: 0, predicted: 1
iter: 16, sample_no: 47, actual label: 0, predicted: 1
iter: 17, sample_no: 36, actual label: 1, predicted: 1
iter: 18, sample_no: 11, actual label: 1, predicted: 1
iter: 19, sample_no: 30, actual label: 0, predicted: 1
iter: 20, sample_no: 53, actual label: 0, predicted: 1
iter: 21, sample_no: 54, actual label: 0, predicted: 1
iter: 22, sample_no: 12, actual label: 0, predicted: 1
iter: 23, sample_no: 45, actual label: 0, predicted: 1
iter: 24, sample_no: 4, actual label: 0, predicted: 1
number of samples: 57
AUC 0.5
pos_get 9
total recall stop_at 1.0
----------threshold stop at----------: 1
AUC [0.5, 0.5, 0.5, 0.5, 0.5, 0.5, 0.5, 0.5, 0.5, 0.5]
AUC_median 0.5
AUC_iqr 0.0
cost [0.8947368421052632, 0.8947368421052632, 0.8947368421052632, 0.8947368421052632, 0.8947368421052632, 0.8947368421052632, 0.8947368421052632, 0.8947368421052632, 0.8947368421052632, 0.8947368421052632]
COST_med 0.8947368421052632
COST_iqr 0.0
f1_pos_list [np.float64(0.2727272727272727), np.float64(0.2727272727272727), np.float64(0.2727272727272727), np.float64(0.2727272727272727), np.float64(0.2727272727272727), np.float64(0.2727272727272727), np.float64(0.2727272727272727), np.float64(0.2727272727272727), np.float64(0.2727272727272727), np.float64(0.2727272727272727)]
f1_pos_med 0.2727272727272727
total_tn 0
total_fp 480
total_fn 0
total_tp 90
p= 0.15789473684210525
r= 1.0
f= 0.2727272727272727
