@@@ A - classifier: DummyClassifier(constant=1, strategy='constant')
@@@ B - threshold stop at: 1
@@@ C - Repeat number: 1
@@@ D - common_header:  {'F71-myrnavl@apache.org', 'F71-dag@apache.org', 'F68', 'F3-InputStream', 'F120', 'F3-Connection', 'F3-NA', 'F101', 'F71-bernt@apache.org', 'F3-int[]', 'F126', 'F25', 'F110', 'F71-bandaram@apache.org', 'F71-suresht@apache.org', 'F3-TransactionController', 'F15-public', 'F22', 'F116', 'F71-mikem@apache.org', 'F117', 'F71-kristwaa@apache.org', 'F41', 'F3-byte[]', 'F123', 'F71-rhillegas@apache.org', 'F3-long', 'F3-SQLException', 'F72', 'F71-mamta@apache.org', 'F71-davidvc@apache.org', 'F71-djd@apache.org', 'category', 'F104', 'F65', 'F77', 'F15-NA', 'F3-ExecRow', 'F115', 'F15-private', 'F3-int', 'F3-PrintWriter', 'F71-coar@apache.org', 'F3-null', 'F3-QualifiedIdentifier', 'F71-kmarsden@apache.org', 'F71-oysteing@apache.org', 'F3-String', 'F71-bpendleton@apache.org', 'F71-kahatlen@apache.org', 'F71-bakksjo@apache.org', 'F15-protected', 'F3-boolean', 'F71-fuzzylogic@apache.org', 'F105', 'F3-ResultSet'}
    F72   F25  ... F71-bpendleton@apache.org F71-coar@apache.org
1  3644  1649  ...                         0                   0
2  3644  1649  ...                         0                   0
3  3644  1649  ...                         0                   0

[3 rows x 55 columns]
;.;
        F72       F25  ...  F71-bpendleton@apache.org  F71-coar@apache.org
0  0.355718  0.538185  ...                        0.0                  0.0
1  0.355718  0.538185  ...                        0.0                  0.0
2  0.355718  0.538185  ...                        0.0                  0.0

[3 rows x 55 columns]
training_x: (2662, 55)
training_y: 2662
testset_x: (489, 55)
testset_y: 489
              precision    recall  f1-score   support

           0       0.00      0.00      0.00       165
           1       0.66      1.00      0.80       324

    accuracy                           0.66       489
   macro avg       0.33      0.50      0.40       489
weighted avg       0.44      0.66      0.53       489

accuracy: 0.6625766871165644
0.7970479704797048
@@@ tn: 0, fp: 165, fn: 0, tp: 324
@@@ LIME - Creating explainer
@@@ LIME - Random Sampling of Instances
iter: 0, sample_no: 324, actual label: 1, predicted: 1
iter: 1, sample_no: 116, actual label: 1, predicted: 1
iter: 2, sample_no: 379, actual label: 1, predicted: 1
iter: 3, sample_no: 145, actual label: 0, predicted: 1
iter: 4, sample_no: 155, actual label: 1, predicted: 1
iter: 5, sample_no: 176, actual label: 1, predicted: 1
iter: 6, sample_no: 177, actual label: 1, predicted: 1
iter: 7, sample_no: 246, actual label: 1, predicted: 1
iter: 8, sample_no: 154, actual label: 1, predicted: 1
iter: 9, sample_no: 474, actual label: 1, predicted: 1
iter: 10, sample_no: 486, actual label: 0, predicted: 1
iter: 11, sample_no: 390, actual label: 1, predicted: 1
iter: 12, sample_no: 431, actual label: 1, predicted: 1
iter: 13, sample_no: 280, actual label: 0, predicted: 1
iter: 14, sample_no: 286, actual label: 1, predicted: 1
iter: 15, sample_no: 178, actual label: 1, predicted: 1
iter: 16, sample_no: 455, actual label: 1, predicted: 1
iter: 17, sample_no: 108, actual label: 1, predicted: 1
iter: 18, sample_no: 109, actual label: 1, predicted: 1
iter: 19, sample_no: 363, actual label: 1, predicted: 1
iter: 20, sample_no: 10, actual label: 1, predicted: 1
iter: 21, sample_no: 169, actual label: 1, predicted: 1
iter: 22, sample_no: 203, actual label: 1, predicted: 1
iter: 23, sample_no: 340, actual label: 1, predicted: 1
iter: 24, sample_no: 427, actual label: 0, predicted: 1
number of samples: 489
AUC 0.5
pos_get 324
total recall stop_at 1
@@@ C - Repeat number: 2
@@@ D - common_header:  {'F71-myrnavl@apache.org', 'F71-dag@apache.org', 'F68', 'F3-InputStream', 'F120', 'F3-Connection', 'F3-NA', 'F101', 'F71-bernt@apache.org', 'F3-int[]', 'F126', 'F25', 'F110', 'F71-bandaram@apache.org', 'F71-suresht@apache.org', 'F3-TransactionController', 'F15-public', 'F22', 'F116', 'F71-mikem@apache.org', 'F117', 'F71-kristwaa@apache.org', 'F41', 'F3-byte[]', 'F123', 'F71-rhillegas@apache.org', 'F3-long', 'F3-SQLException', 'F72', 'F71-mamta@apache.org', 'F71-davidvc@apache.org', 'F71-djd@apache.org', 'category', 'F104', 'F65', 'F77', 'F15-NA', 'F3-ExecRow', 'F115', 'F15-private', 'F3-int', 'F3-PrintWriter', 'F71-coar@apache.org', 'F3-null', 'F3-QualifiedIdentifier', 'F71-kmarsden@apache.org', 'F71-oysteing@apache.org', 'F3-String', 'F71-bpendleton@apache.org', 'F71-kahatlen@apache.org', 'F71-bakksjo@apache.org', 'F15-protected', 'F3-boolean', 'F71-fuzzylogic@apache.org', 'F105', 'F3-ResultSet'}
    F72   F25  ... F71-bpendleton@apache.org F71-coar@apache.org
1  3644  1649  ...                         0                   0
2  3644  1649  ...                         0                   0
3  3644  1649  ...                         0                   0

[3 rows x 55 columns]
;.;
        F72       F25  ...  F71-bpendleton@apache.org  F71-coar@apache.org
0  0.355718  0.538185  ...                        0.0                  0.0
1  0.355718  0.538185  ...                        0.0                  0.0
2  0.355718  0.538185  ...                        0.0                  0.0

[3 rows x 55 columns]
training_x: (2662, 55)
training_y: 2662
testset_x: (489, 55)
testset_y: 489
              precision    recall  f1-score   support

           0       0.00      0.00      0.00       165
           1       0.66      1.00      0.80       324

    accuracy                           0.66       489
   macro avg       0.33      0.50      0.40       489
weighted avg       0.44      0.66      0.53       489

accuracy: 0.6625766871165644
0.7970479704797048
@@@ tn: 0, fp: 165, fn: 0, tp: 324
@@@ LIME - Creating explainer
@@@ LIME - Random Sampling of Instances
iter: 0, sample_no: 276, actual label: 0, predicted: 1
iter: 1, sample_no: 193, actual label: 1, predicted: 1
iter: 2, sample_no: 374, actual label: 1, predicted: 1
iter: 3, sample_no: 45, actual label: 0, predicted: 1
iter: 4, sample_no: 151, actual label: 1, predicted: 1
iter: 5, sample_no: 32, actual label: 0, predicted: 1
iter: 6, sample_no: 98, actual label: 0, predicted: 1
iter: 7, sample_no: 25, actual label: 0, predicted: 1
iter: 8, sample_no: 76, actual label: 0, predicted: 1
iter: 9, sample_no: 349, actual label: 1, predicted: 1
iter: 10, sample_no: 120, actual label: 1, predicted: 1
iter: 11, sample_no: 93, actual label: 0, predicted: 1
iter: 12, sample_no: 423, actual label: 1, predicted: 1
iter: 13, sample_no: 247, actual label: 1, predicted: 1
iter: 14, sample_no: 187, actual label: 1, predicted: 1
iter: 15, sample_no: 320, actual label: 1, predicted: 1
iter: 16, sample_no: 349, actual label: 1, predicted: 1
iter: 17, sample_no: 90, actual label: 1, predicted: 1
iter: 18, sample_no: 143, actual label: 1, predicted: 1
iter: 19, sample_no: 235, actual label: 0, predicted: 1
iter: 20, sample_no: 251, actual label: 0, predicted: 1
iter: 21, sample_no: 374, actual label: 1, predicted: 1
iter: 22, sample_no: 487, actual label: 1, predicted: 1
iter: 23, sample_no: 414, actual label: 1, predicted: 1
iter: 24, sample_no: 299, actual label: 0, predicted: 1
number of samples: 489
AUC 0.5
pos_get 324
total recall stop_at 1
@@@ C - Repeat number: 3
@@@ D - common_header:  {'F71-myrnavl@apache.org', 'F71-dag@apache.org', 'F68', 'F3-InputStream', 'F120', 'F3-Connection', 'F3-NA', 'F101', 'F71-bernt@apache.org', 'F3-int[]', 'F126', 'F25', 'F110', 'F71-bandaram@apache.org', 'F71-suresht@apache.org', 'F3-TransactionController', 'F15-public', 'F22', 'F116', 'F71-mikem@apache.org', 'F117', 'F71-kristwaa@apache.org', 'F41', 'F3-byte[]', 'F123', 'F71-rhillegas@apache.org', 'F3-long', 'F3-SQLException', 'F72', 'F71-mamta@apache.org', 'F71-davidvc@apache.org', 'F71-djd@apache.org', 'category', 'F104', 'F65', 'F77', 'F15-NA', 'F3-ExecRow', 'F115', 'F15-private', 'F3-int', 'F3-PrintWriter', 'F71-coar@apache.org', 'F3-null', 'F3-QualifiedIdentifier', 'F71-kmarsden@apache.org', 'F71-oysteing@apache.org', 'F3-String', 'F71-bpendleton@apache.org', 'F71-kahatlen@apache.org', 'F71-bakksjo@apache.org', 'F15-protected', 'F3-boolean', 'F71-fuzzylogic@apache.org', 'F105', 'F3-ResultSet'}
    F72   F25  ... F71-bpendleton@apache.org F71-coar@apache.org
1  3644  1649  ...                         0                   0
2  3644  1649  ...                         0                   0
3  3644  1649  ...                         0                   0

[3 rows x 55 columns]
;.;
        F72       F25  ...  F71-bpendleton@apache.org  F71-coar@apache.org
0  0.355718  0.538185  ...                        0.0                  0.0
1  0.355718  0.538185  ...                        0.0                  0.0
2  0.355718  0.538185  ...                        0.0                  0.0

[3 rows x 55 columns]
training_x: (2662, 55)
training_y: 2662
testset_x: (489, 55)
testset_y: 489
              precision    recall  f1-score   support

           0       0.00      0.00      0.00       165
           1       0.66      1.00      0.80       324

    accuracy                           0.66       489
   macro avg       0.33      0.50      0.40       489
weighted avg       0.44      0.66      0.53       489

accuracy: 0.6625766871165644
0.7970479704797048
@@@ tn: 0, fp: 165, fn: 0, tp: 324
@@@ LIME - Creating explainer
@@@ LIME - Random Sampling of Instances
iter: 0, sample_no: 459, actual label: 1, predicted: 1
iter: 1, sample_no: 427, actual label: 0, predicted: 1
iter: 2, sample_no: 300, actual label: 0, predicted: 1
iter: 3, sample_no: 228, actual label: 1, predicted: 1
iter: 4, sample_no: 50, actual label: 0, predicted: 1
iter: 5, sample_no: 67, actual label: 0, predicted: 1
iter: 6, sample_no: 37, actual label: 0, predicted: 1
iter: 7, sample_no: 35, actual label: 0, predicted: 1
iter: 8, sample_no: 231, actual label: 1, predicted: 1
iter: 9, sample_no: 146, actual label: 1, predicted: 1
iter: 10, sample_no: 293, actual label: 0, predicted: 1
iter: 11, sample_no: 364, actual label: 1, predicted: 1
iter: 12, sample_no: 17, actual label: 1, predicted: 1
iter: 13, sample_no: 288, actual label: 1, predicted: 1
iter: 14, sample_no: 342, actual label: 1, predicted: 1
iter: 15, sample_no: 324, actual label: 1, predicted: 1
iter: 16, sample_no: 99, actual label: 0, predicted: 1
iter: 17, sample_no: 76, actual label: 0, predicted: 1
iter: 18, sample_no: 145, actual label: 0, predicted: 1
iter: 19, sample_no: 143, actual label: 1, predicted: 1
iter: 20, sample_no: 435, actual label: 1, predicted: 1
iter: 21, sample_no: 5, actual label: 0, predicted: 1
iter: 22, sample_no: 87, actual label: 1, predicted: 1
iter: 23, sample_no: 263, actual label: 1, predicted: 1
iter: 24, sample_no: 202, actual label: 1, predicted: 1
number of samples: 489
AUC 0.5
pos_get 324
total recall stop_at 1
@@@ C - Repeat number: 4
@@@ D - common_header:  {'F71-myrnavl@apache.org', 'F71-dag@apache.org', 'F68', 'F3-InputStream', 'F120', 'F3-Connection', 'F3-NA', 'F101', 'F71-bernt@apache.org', 'F3-int[]', 'F126', 'F25', 'F110', 'F71-bandaram@apache.org', 'F71-suresht@apache.org', 'F3-TransactionController', 'F15-public', 'F22', 'F116', 'F71-mikem@apache.org', 'F117', 'F71-kristwaa@apache.org', 'F41', 'F3-byte[]', 'F123', 'F71-rhillegas@apache.org', 'F3-long', 'F3-SQLException', 'F72', 'F71-mamta@apache.org', 'F71-davidvc@apache.org', 'F71-djd@apache.org', 'category', 'F104', 'F65', 'F77', 'F15-NA', 'F3-ExecRow', 'F115', 'F15-private', 'F3-int', 'F3-PrintWriter', 'F71-coar@apache.org', 'F3-null', 'F3-QualifiedIdentifier', 'F71-kmarsden@apache.org', 'F71-oysteing@apache.org', 'F3-String', 'F71-bpendleton@apache.org', 'F71-kahatlen@apache.org', 'F71-bakksjo@apache.org', 'F15-protected', 'F3-boolean', 'F71-fuzzylogic@apache.org', 'F105', 'F3-ResultSet'}
    F72   F25  ... F71-bpendleton@apache.org F71-coar@apache.org
1  3644  1649  ...                         0                   0
2  3644  1649  ...                         0                   0
3  3644  1649  ...                         0                   0

[3 rows x 55 columns]
;.;
        F72       F25  ...  F71-bpendleton@apache.org  F71-coar@apache.org
0  0.355718  0.538185  ...                        0.0                  0.0
1  0.355718  0.538185  ...                        0.0                  0.0
2  0.355718  0.538185  ...                        0.0                  0.0

[3 rows x 55 columns]
training_x: (2662, 55)
training_y: 2662
testset_x: (489, 55)
testset_y: 489
              precision    recall  f1-score   support

           0       0.00      0.00      0.00       165
           1       0.66      1.00      0.80       324

    accuracy                           0.66       489
   macro avg       0.33      0.50      0.40       489
weighted avg       0.44      0.66      0.53       489

accuracy: 0.6625766871165644
0.7970479704797048
@@@ tn: 0, fp: 165, fn: 0, tp: 324
@@@ LIME - Creating explainer
@@@ LIME - Random Sampling of Instances
iter: 0, sample_no: 189, actual label: 1, predicted: 1
iter: 1, sample_no: 61, actual label: 0, predicted: 1
iter: 2, sample_no: 479, actual label: 1, predicted: 1
iter: 3, sample_no: 32, actual label: 0, predicted: 1
iter: 4, sample_no: 466, actual label: 0, predicted: 1
iter: 5, sample_no: 299, actual label: 0, predicted: 1
iter: 6, sample_no: 88, actual label: 1, predicted: 1
iter: 7, sample_no: 454, actual label: 1, predicted: 1
iter: 8, sample_no: 443, actual label: 1, predicted: 1
iter: 9, sample_no: 254, actual label: 1, predicted: 1
iter: 10, sample_no: 455, actual label: 1, predicted: 1
iter: 11, sample_no: 241, actual label: 0, predicted: 1
iter: 12, sample_no: 60, actual label: 0, predicted: 1
iter: 13, sample_no: 238, actual label: 0, predicted: 1
iter: 14, sample_no: 132, actual label: 1, predicted: 1
iter: 15, sample_no: 256, actual label: 0, predicted: 1
iter: 16, sample_no: 259, actual label: 1, predicted: 1
iter: 17, sample_no: 352, actual label: 1, predicted: 1
iter: 18, sample_no: 6, actual label: 0, predicted: 1
iter: 19, sample_no: 178, actual label: 1, predicted: 1
iter: 20, sample_no: 207, actual label: 1, predicted: 1
iter: 21, sample_no: 456, actual label: 1, predicted: 1
iter: 22, sample_no: 431, actual label: 1, predicted: 1
iter: 23, sample_no: 182, actual label: 1, predicted: 1
iter: 24, sample_no: 62, actual label: 0, predicted: 1
number of samples: 489
AUC 0.5
pos_get 324
total recall stop_at 1
@@@ C - Repeat number: 5
@@@ D - common_header:  {'F71-myrnavl@apache.org', 'F71-dag@apache.org', 'F68', 'F3-InputStream', 'F120', 'F3-Connection', 'F3-NA', 'F101', 'F71-bernt@apache.org', 'F3-int[]', 'F126', 'F25', 'F110', 'F71-bandaram@apache.org', 'F71-suresht@apache.org', 'F3-TransactionController', 'F15-public', 'F22', 'F116', 'F71-mikem@apache.org', 'F117', 'F71-kristwaa@apache.org', 'F41', 'F3-byte[]', 'F123', 'F71-rhillegas@apache.org', 'F3-long', 'F3-SQLException', 'F72', 'F71-mamta@apache.org', 'F71-davidvc@apache.org', 'F71-djd@apache.org', 'category', 'F104', 'F65', 'F77', 'F15-NA', 'F3-ExecRow', 'F115', 'F15-private', 'F3-int', 'F3-PrintWriter', 'F71-coar@apache.org', 'F3-null', 'F3-QualifiedIdentifier', 'F71-kmarsden@apache.org', 'F71-oysteing@apache.org', 'F3-String', 'F71-bpendleton@apache.org', 'F71-kahatlen@apache.org', 'F71-bakksjo@apache.org', 'F15-protected', 'F3-boolean', 'F71-fuzzylogic@apache.org', 'F105', 'F3-ResultSet'}
    F72   F25  ... F71-bpendleton@apache.org F71-coar@apache.org
1  3644  1649  ...                         0                   0
2  3644  1649  ...                         0                   0
3  3644  1649  ...                         0                   0

[3 rows x 55 columns]
;.;
        F72       F25  ...  F71-bpendleton@apache.org  F71-coar@apache.org
0  0.355718  0.538185  ...                        0.0                  0.0
1  0.355718  0.538185  ...                        0.0                  0.0
2  0.355718  0.538185  ...                        0.0                  0.0

[3 rows x 55 columns]
training_x: (2662, 55)
training_y: 2662
testset_x: (489, 55)
testset_y: 489
              precision    recall  f1-score   support

           0       0.00      0.00      0.00       165
           1       0.66      1.00      0.80       324

    accuracy                           0.66       489
   macro avg       0.33      0.50      0.40       489
weighted avg       0.44      0.66      0.53       489

accuracy: 0.6625766871165644
0.7970479704797048
@@@ tn: 0, fp: 165, fn: 0, tp: 324
@@@ LIME - Creating explainer
@@@ LIME - Random Sampling of Instances
iter: 0, sample_no: 135, actual label: 1, predicted: 1
iter: 1, sample_no: 296, actual label: 0, predicted: 1
iter: 2, sample_no: 444, actual label: 1, predicted: 1
iter: 3, sample_no: 80, actual label: 1, predicted: 1
iter: 4, sample_no: 28, actual label: 0, predicted: 1
iter: 5, sample_no: 150, actual label: 1, predicted: 1
iter: 6, sample_no: 9, actual label: 1, predicted: 1
iter: 7, sample_no: 201, actual label: 1, predicted: 1
iter: 8, sample_no: 157, actual label: 1, predicted: 1
iter: 9, sample_no: 38, actual label: 1, predicted: 1
iter: 10, sample_no: 389, actual label: 1, predicted: 1
iter: 11, sample_no: 483, actual label: 0, predicted: 1
iter: 12, sample_no: 165, actual label: 1, predicted: 1
iter: 13, sample_no: 429, actual label: 1, predicted: 1
iter: 14, sample_no: 206, actual label: 1, predicted: 1
iter: 15, sample_no: 90, actual label: 1, predicted: 1
iter: 16, sample_no: 319, actual label: 1, predicted: 1
iter: 17, sample_no: 460, actual label: 1, predicted: 1
iter: 18, sample_no: 358, actual label: 1, predicted: 1
iter: 19, sample_no: 295, actual label: 0, predicted: 1
iter: 20, sample_no: 242, actual label: 0, predicted: 1
iter: 21, sample_no: 288, actual label: 1, predicted: 1
iter: 22, sample_no: 226, actual label: 1, predicted: 1
iter: 23, sample_no: 78, actual label: 0, predicted: 1
iter: 24, sample_no: 120, actual label: 1, predicted: 1
number of samples: 489
AUC 0.5
pos_get 324
total recall stop_at 1
@@@ C - Repeat number: 6
@@@ D - common_header:  {'F71-myrnavl@apache.org', 'F71-dag@apache.org', 'F68', 'F3-InputStream', 'F120', 'F3-Connection', 'F3-NA', 'F101', 'F71-bernt@apache.org', 'F3-int[]', 'F126', 'F25', 'F110', 'F71-bandaram@apache.org', 'F71-suresht@apache.org', 'F3-TransactionController', 'F15-public', 'F22', 'F116', 'F71-mikem@apache.org', 'F117', 'F71-kristwaa@apache.org', 'F41', 'F3-byte[]', 'F123', 'F71-rhillegas@apache.org', 'F3-long', 'F3-SQLException', 'F72', 'F71-mamta@apache.org', 'F71-davidvc@apache.org', 'F71-djd@apache.org', 'category', 'F104', 'F65', 'F77', 'F15-NA', 'F3-ExecRow', 'F115', 'F15-private', 'F3-int', 'F3-PrintWriter', 'F71-coar@apache.org', 'F3-null', 'F3-QualifiedIdentifier', 'F71-kmarsden@apache.org', 'F71-oysteing@apache.org', 'F3-String', 'F71-bpendleton@apache.org', 'F71-kahatlen@apache.org', 'F71-bakksjo@apache.org', 'F15-protected', 'F3-boolean', 'F71-fuzzylogic@apache.org', 'F105', 'F3-ResultSet'}
    F72   F25  ... F71-bpendleton@apache.org F71-coar@apache.org
1  3644  1649  ...                         0                   0
2  3644  1649  ...                         0                   0
3  3644  1649  ...                         0                   0

[3 rows x 55 columns]
;.;
        F72       F25  ...  F71-bpendleton@apache.org  F71-coar@apache.org
0  0.355718  0.538185  ...                        0.0                  0.0
1  0.355718  0.538185  ...                        0.0                  0.0
2  0.355718  0.538185  ...                        0.0                  0.0

[3 rows x 55 columns]
training_x: (2662, 55)
training_y: 2662
testset_x: (489, 55)
testset_y: 489
              precision    recall  f1-score   support

           0       0.00      0.00      0.00       165
           1       0.66      1.00      0.80       324

    accuracy                           0.66       489
   macro avg       0.33      0.50      0.40       489
weighted avg       0.44      0.66      0.53       489

accuracy: 0.6625766871165644
0.7970479704797048
@@@ tn: 0, fp: 165, fn: 0, tp: 324
@@@ LIME - Creating explainer
@@@ LIME - Random Sampling of Instances
iter: 0, sample_no: 0, actual label: 1, predicted: 1
iter: 1, sample_no: 104, actual label: 0, predicted: 1
iter: 2, sample_no: 321, actual label: 1, predicted: 1
iter: 3, sample_no: 39, actual label: 1, predicted: 1
iter: 4, sample_no: 288, actual label: 1, predicted: 1
iter: 5, sample_no: 30, actual label: 0, predicted: 1
iter: 6, sample_no: 347, actual label: 1, predicted: 1
iter: 7, sample_no: 161, actual label: 1, predicted: 1
iter: 8, sample_no: 449, actual label: 1, predicted: 1
iter: 9, sample_no: 297, actual label: 0, predicted: 1
iter: 10, sample_no: 86, actual label: 1, predicted: 1
iter: 11, sample_no: 250, actual label: 0, predicted: 1
iter: 12, sample_no: 89, actual label: 0, predicted: 1
iter: 13, sample_no: 252, actual label: 0, predicted: 1
iter: 14, sample_no: 443, actual label: 1, predicted: 1
iter: 15, sample_no: 237, actual label: 0, predicted: 1
iter: 16, sample_no: 4, actual label: 1, predicted: 1
iter: 17, sample_no: 156, actual label: 1, predicted: 1
iter: 18, sample_no: 403, actual label: 1, predicted: 1
iter: 19, sample_no: 31, actual label: 0, predicted: 1
iter: 20, sample_no: 325, actual label: 1, predicted: 1
iter: 21, sample_no: 438, actual label: 1, predicted: 1
iter: 22, sample_no: 438, actual label: 1, predicted: 1
iter: 23, sample_no: 169, actual label: 1, predicted: 1
iter: 24, sample_no: 210, actual label: 0, predicted: 1
number of samples: 489
AUC 0.5
pos_get 324
total recall stop_at 1
@@@ C - Repeat number: 7
@@@ D - common_header:  {'F71-myrnavl@apache.org', 'F71-dag@apache.org', 'F68', 'F3-InputStream', 'F120', 'F3-Connection', 'F3-NA', 'F101', 'F71-bernt@apache.org', 'F3-int[]', 'F126', 'F25', 'F110', 'F71-bandaram@apache.org', 'F71-suresht@apache.org', 'F3-TransactionController', 'F15-public', 'F22', 'F116', 'F71-mikem@apache.org', 'F117', 'F71-kristwaa@apache.org', 'F41', 'F3-byte[]', 'F123', 'F71-rhillegas@apache.org', 'F3-long', 'F3-SQLException', 'F72', 'F71-mamta@apache.org', 'F71-davidvc@apache.org', 'F71-djd@apache.org', 'category', 'F104', 'F65', 'F77', 'F15-NA', 'F3-ExecRow', 'F115', 'F15-private', 'F3-int', 'F3-PrintWriter', 'F71-coar@apache.org', 'F3-null', 'F3-QualifiedIdentifier', 'F71-kmarsden@apache.org', 'F71-oysteing@apache.org', 'F3-String', 'F71-bpendleton@apache.org', 'F71-kahatlen@apache.org', 'F71-bakksjo@apache.org', 'F15-protected', 'F3-boolean', 'F71-fuzzylogic@apache.org', 'F105', 'F3-ResultSet'}
    F72   F25  ... F71-bpendleton@apache.org F71-coar@apache.org
1  3644  1649  ...                         0                   0
2  3644  1649  ...                         0                   0
3  3644  1649  ...                         0                   0

[3 rows x 55 columns]
;.;
        F72       F25  ...  F71-bpendleton@apache.org  F71-coar@apache.org
0  0.355718  0.538185  ...                        0.0                  0.0
1  0.355718  0.538185  ...                        0.0                  0.0
2  0.355718  0.538185  ...                        0.0                  0.0

[3 rows x 55 columns]
training_x: (2662, 55)
training_y: 2662
testset_x: (489, 55)
testset_y: 489
              precision    recall  f1-score   support

           0       0.00      0.00      0.00       165
           1       0.66      1.00      0.80       324

    accuracy                           0.66       489
   macro avg       0.33      0.50      0.40       489
weighted avg       0.44      0.66      0.53       489

accuracy: 0.6625766871165644
0.7970479704797048
@@@ tn: 0, fp: 165, fn: 0, tp: 324
@@@ LIME - Creating explainer
@@@ LIME - Random Sampling of Instances
iter: 0, sample_no: 426, actual label: 0, predicted: 1
iter: 1, sample_no: 391, actual label: 1, predicted: 1
iter: 2, sample_no: 61, actual label: 0, predicted: 1
iter: 3, sample_no: 289, actual label: 1, predicted: 1
iter: 4, sample_no: 45, actual label: 0, predicted: 1
iter: 5, sample_no: 133, actual label: 0, predicted: 1
iter: 6, sample_no: 46, actual label: 0, predicted: 1
iter: 7, sample_no: 385, actual label: 1, predicted: 1
iter: 8, sample_no: 24, actual label: 0, predicted: 1
iter: 9, sample_no: 69, actual label: 0, predicted: 1
iter: 10, sample_no: 225, actual label: 1, predicted: 1
iter: 11, sample_no: 196, actual label: 1, predicted: 1
iter: 12, sample_no: 232, actual label: 1, predicted: 1
iter: 13, sample_no: 59, actual label: 0, predicted: 1
iter: 14, sample_no: 107, actual label: 0, predicted: 1
iter: 15, sample_no: 29, actual label: 0, predicted: 1
iter: 16, sample_no: 11, actual label: 1, predicted: 1
iter: 17, sample_no: 282, actual label: 1, predicted: 1
iter: 18, sample_no: 18, actual label: 0, predicted: 1
iter: 19, sample_no: 184, actual label: 1, predicted: 1
iter: 20, sample_no: 481, actual label: 1, predicted: 1
iter: 21, sample_no: 63, actual label: 0, predicted: 1
iter: 22, sample_no: 306, actual label: 1, predicted: 1
iter: 23, sample_no: 305, actual label: 1, predicted: 1
iter: 24, sample_no: 94, actual label: 0, predicted: 1
number of samples: 489
AUC 0.5
pos_get 324
total recall stop_at 1
@@@ C - Repeat number: 8
@@@ D - common_header:  {'F71-myrnavl@apache.org', 'F71-dag@apache.org', 'F68', 'F3-InputStream', 'F120', 'F3-Connection', 'F3-NA', 'F101', 'F71-bernt@apache.org', 'F3-int[]', 'F126', 'F25', 'F110', 'F71-bandaram@apache.org', 'F71-suresht@apache.org', 'F3-TransactionController', 'F15-public', 'F22', 'F116', 'F71-mikem@apache.org', 'F117', 'F71-kristwaa@apache.org', 'F41', 'F3-byte[]', 'F123', 'F71-rhillegas@apache.org', 'F3-long', 'F3-SQLException', 'F72', 'F71-mamta@apache.org', 'F71-davidvc@apache.org', 'F71-djd@apache.org', 'category', 'F104', 'F65', 'F77', 'F15-NA', 'F3-ExecRow', 'F115', 'F15-private', 'F3-int', 'F3-PrintWriter', 'F71-coar@apache.org', 'F3-null', 'F3-QualifiedIdentifier', 'F71-kmarsden@apache.org', 'F71-oysteing@apache.org', 'F3-String', 'F71-bpendleton@apache.org', 'F71-kahatlen@apache.org', 'F71-bakksjo@apache.org', 'F15-protected', 'F3-boolean', 'F71-fuzzylogic@apache.org', 'F105', 'F3-ResultSet'}
    F72   F25  ... F71-bpendleton@apache.org F71-coar@apache.org
1  3644  1649  ...                         0                   0
2  3644  1649  ...                         0                   0
3  3644  1649  ...                         0                   0

[3 rows x 55 columns]
;.;
        F72       F25  ...  F71-bpendleton@apache.org  F71-coar@apache.org
0  0.355718  0.538185  ...                        0.0                  0.0
1  0.355718  0.538185  ...                        0.0                  0.0
2  0.355718  0.538185  ...                        0.0                  0.0

[3 rows x 55 columns]
training_x: (2662, 55)
training_y: 2662
testset_x: (489, 55)
testset_y: 489
              precision    recall  f1-score   support

           0       0.00      0.00      0.00       165
           1       0.66      1.00      0.80       324

    accuracy                           0.66       489
   macro avg       0.33      0.50      0.40       489
weighted avg       0.44      0.66      0.53       489

accuracy: 0.6625766871165644
0.7970479704797048
@@@ tn: 0, fp: 165, fn: 0, tp: 324
@@@ LIME - Creating explainer
@@@ LIME - Random Sampling of Instances
iter: 0, sample_no: 176, actual label: 1, predicted: 1
iter: 1, sample_no: 107, actual label: 0, predicted: 1
iter: 2, sample_no: 303, actual label: 1, predicted: 1
iter: 3, sample_no: 125, actual label: 1, predicted: 1
iter: 4, sample_no: 231, actual label: 1, predicted: 1
iter: 5, sample_no: 415, actual label: 0, predicted: 1
iter: 6, sample_no: 430, actual label: 1, predicted: 1
iter: 7, sample_no: 349, actual label: 1, predicted: 1
iter: 8, sample_no: 455, actual label: 1, predicted: 1
iter: 9, sample_no: 44, actual label: 0, predicted: 1
iter: 10, sample_no: 1, actual label: 1, predicted: 1
iter: 11, sample_no: 52, actual label: 0, predicted: 1
iter: 12, sample_no: 203, actual label: 1, predicted: 1
iter: 13, sample_no: 69, actual label: 0, predicted: 1
iter: 14, sample_no: 160, actual label: 1, predicted: 1
iter: 15, sample_no: 468, actual label: 0, predicted: 1
iter: 16, sample_no: 126, actual label: 1, predicted: 1
iter: 17, sample_no: 419, actual label: 1, predicted: 1
iter: 18, sample_no: 209, actual label: 1, predicted: 1
iter: 19, sample_no: 29, actual label: 0, predicted: 1
iter: 20, sample_no: 187, actual label: 1, predicted: 1
iter: 21, sample_no: 220, actual label: 1, predicted: 1
iter: 22, sample_no: 24, actual label: 0, predicted: 1
iter: 23, sample_no: 280, actual label: 0, predicted: 1
iter: 24, sample_no: 448, actual label: 1, predicted: 1
number of samples: 489
AUC 0.5
pos_get 324
total recall stop_at 1
@@@ C - Repeat number: 9
@@@ D - common_header:  {'F71-myrnavl@apache.org', 'F71-dag@apache.org', 'F68', 'F3-InputStream', 'F120', 'F3-Connection', 'F3-NA', 'F101', 'F71-bernt@apache.org', 'F3-int[]', 'F126', 'F25', 'F110', 'F71-bandaram@apache.org', 'F71-suresht@apache.org', 'F3-TransactionController', 'F15-public', 'F22', 'F116', 'F71-mikem@apache.org', 'F117', 'F71-kristwaa@apache.org', 'F41', 'F3-byte[]', 'F123', 'F71-rhillegas@apache.org', 'F3-long', 'F3-SQLException', 'F72', 'F71-mamta@apache.org', 'F71-davidvc@apache.org', 'F71-djd@apache.org', 'category', 'F104', 'F65', 'F77', 'F15-NA', 'F3-ExecRow', 'F115', 'F15-private', 'F3-int', 'F3-PrintWriter', 'F71-coar@apache.org', 'F3-null', 'F3-QualifiedIdentifier', 'F71-kmarsden@apache.org', 'F71-oysteing@apache.org', 'F3-String', 'F71-bpendleton@apache.org', 'F71-kahatlen@apache.org', 'F71-bakksjo@apache.org', 'F15-protected', 'F3-boolean', 'F71-fuzzylogic@apache.org', 'F105', 'F3-ResultSet'}
    F72   F25  ... F71-bpendleton@apache.org F71-coar@apache.org
1  3644  1649  ...                         0                   0
2  3644  1649  ...                         0                   0
3  3644  1649  ...                         0                   0

[3 rows x 55 columns]
;.;
        F72       F25  ...  F71-bpendleton@apache.org  F71-coar@apache.org
0  0.355718  0.538185  ...                        0.0                  0.0
1  0.355718  0.538185  ...                        0.0                  0.0
2  0.355718  0.538185  ...                        0.0                  0.0

[3 rows x 55 columns]
training_x: (2662, 55)
training_y: 2662
testset_x: (489, 55)
testset_y: 489
              precision    recall  f1-score   support

           0       0.00      0.00      0.00       165
           1       0.66      1.00      0.80       324

    accuracy                           0.66       489
   macro avg       0.33      0.50      0.40       489
weighted avg       0.44      0.66      0.53       489

accuracy: 0.6625766871165644
0.7970479704797048
@@@ tn: 0, fp: 165, fn: 0, tp: 324
@@@ LIME - Creating explainer
@@@ LIME - Random Sampling of Instances
iter: 0, sample_no: 57, actual label: 0, predicted: 1
iter: 1, sample_no: 426, actual label: 0, predicted: 1
iter: 2, sample_no: 223, actual label: 1, predicted: 1
iter: 3, sample_no: 178, actual label: 1, predicted: 1
iter: 4, sample_no: 276, actual label: 0, predicted: 1
iter: 5, sample_no: 432, actual label: 0, predicted: 1
iter: 6, sample_no: 350, actual label: 1, predicted: 1
iter: 7, sample_no: 92, actual label: 0, predicted: 1
iter: 8, sample_no: 461, actual label: 1, predicted: 1
iter: 9, sample_no: 472, actual label: 1, predicted: 1
iter: 10, sample_no: 193, actual label: 1, predicted: 1
iter: 11, sample_no: 20, actual label: 0, predicted: 1
iter: 12, sample_no: 138, actual label: 1, predicted: 1
iter: 13, sample_no: 44, actual label: 0, predicted: 1
iter: 14, sample_no: 240, actual label: 0, predicted: 1
iter: 15, sample_no: 354, actual label: 1, predicted: 1
iter: 16, sample_no: 15, actual label: 1, predicted: 1
iter: 17, sample_no: 184, actual label: 1, predicted: 1
iter: 18, sample_no: 269, actual label: 0, predicted: 1
iter: 19, sample_no: 280, actual label: 0, predicted: 1
iter: 20, sample_no: 262, actual label: 0, predicted: 1
iter: 21, sample_no: 93, actual label: 0, predicted: 1
iter: 22, sample_no: 445, actual label: 1, predicted: 1
iter: 23, sample_no: 65, actual label: 1, predicted: 1
iter: 24, sample_no: 313, actual label: 1, predicted: 1
number of samples: 489
AUC 0.5
pos_get 324
total recall stop_at 1
@@@ C - Repeat number: 10
@@@ D - common_header:  {'F71-myrnavl@apache.org', 'F71-dag@apache.org', 'F68', 'F3-InputStream', 'F120', 'F3-Connection', 'F3-NA', 'F101', 'F71-bernt@apache.org', 'F3-int[]', 'F126', 'F25', 'F110', 'F71-bandaram@apache.org', 'F71-suresht@apache.org', 'F3-TransactionController', 'F15-public', 'F22', 'F116', 'F71-mikem@apache.org', 'F117', 'F71-kristwaa@apache.org', 'F41', 'F3-byte[]', 'F123', 'F71-rhillegas@apache.org', 'F3-long', 'F3-SQLException', 'F72', 'F71-mamta@apache.org', 'F71-davidvc@apache.org', 'F71-djd@apache.org', 'category', 'F104', 'F65', 'F77', 'F15-NA', 'F3-ExecRow', 'F115', 'F15-private', 'F3-int', 'F3-PrintWriter', 'F71-coar@apache.org', 'F3-null', 'F3-QualifiedIdentifier', 'F71-kmarsden@apache.org', 'F71-oysteing@apache.org', 'F3-String', 'F71-bpendleton@apache.org', 'F71-kahatlen@apache.org', 'F71-bakksjo@apache.org', 'F15-protected', 'F3-boolean', 'F71-fuzzylogic@apache.org', 'F105', 'F3-ResultSet'}
    F72   F25  ... F71-bpendleton@apache.org F71-coar@apache.org
1  3644  1649  ...                         0                   0
2  3644  1649  ...                         0                   0
3  3644  1649  ...                         0                   0

[3 rows x 55 columns]
;.;
        F72       F25  ...  F71-bpendleton@apache.org  F71-coar@apache.org
0  0.355718  0.538185  ...                        0.0                  0.0
1  0.355718  0.538185  ...                        0.0                  0.0
2  0.355718  0.538185  ...                        0.0                  0.0

[3 rows x 55 columns]
training_x: (2662, 55)
training_y: 2662
testset_x: (489, 55)
testset_y: 489
              precision    recall  f1-score   support

           0       0.00      0.00      0.00       165
           1       0.66      1.00      0.80       324

    accuracy                           0.66       489
   macro avg       0.33      0.50      0.40       489
weighted avg       0.44      0.66      0.53       489

accuracy: 0.6625766871165644
0.7970479704797048
@@@ tn: 0, fp: 165, fn: 0, tp: 324
@@@ LIME - Creating explainer
@@@ LIME - Random Sampling of Instances
iter: 0, sample_no: 156, actual label: 1, predicted: 1
iter: 1, sample_no: 253, actual label: 0, predicted: 1
iter: 2, sample_no: 142, actual label: 1, predicted: 1
iter: 3, sample_no: 288, actual label: 1, predicted: 1
iter: 4, sample_no: 302, actual label: 1, predicted: 1
iter: 5, sample_no: 34, actual label: 0, predicted: 1
iter: 6, sample_no: 97, actual label: 0, predicted: 1
iter: 7, sample_no: 46, actual label: 0, predicted: 1
iter: 8, sample_no: 25, actual label: 0, predicted: 1
iter: 9, sample_no: 190, actual label: 1, predicted: 1
iter: 10, sample_no: 450, actual label: 1, predicted: 1
iter: 11, sample_no: 316, actual label: 1, predicted: 1
iter: 12, sample_no: 344, actual label: 1, predicted: 1
iter: 13, sample_no: 218, actual label: 1, predicted: 1
iter: 14, sample_no: 216, actual label: 1, predicted: 1
iter: 15, sample_no: 342, actual label: 1, predicted: 1
iter: 16, sample_no: 456, actual label: 1, predicted: 1
iter: 17, sample_no: 281, actual label: 1, predicted: 1
iter: 18, sample_no: 29, actual label: 0, predicted: 1
iter: 19, sample_no: 471, actual label: 0, predicted: 1
iter: 20, sample_no: 442, actual label: 1, predicted: 1
iter: 21, sample_no: 258, actual label: 0, predicted: 1
iter: 22, sample_no: 58, actual label: 0, predicted: 1
iter: 23, sample_no: 95, actual label: 1, predicted: 1
iter: 24, sample_no: 64, actual label: 0, predicted: 1
number of samples: 489
AUC 0.5
pos_get 324
total recall stop_at 1
----------threshold stop at----------: 1
AUC [0.5, 0.5, 0.5, 0.5, 0.5, 0.5, 0.5, 0.5, 0.5, 0.5]
AUC_median 0.5
AUC_iqr 0.0
cost [1, 1, 1, 1, 1, 1, 1, 1, 1, 1]
COST_med 1.0
COST_iqr 0.0
f1_pos_list [np.float64(0.7970479704797048), np.float64(0.7970479704797048), np.float64(0.7970479704797048), np.float64(0.7970479704797048), np.float64(0.7970479704797048), np.float64(0.7970479704797048), np.float64(0.7970479704797048), np.float64(0.7970479704797048), np.float64(0.7970479704797048), np.float64(0.7970479704797048)]
f1_pos_med 0.7970479704797048
total_tn 0
total_fp 1650
total_fn 0
total_tp 3240
p= 0.6625766871165644
r= 1.0
f= 0.7970479704797048
