@@@ A - classifier: DummyClassifier(constant=1, strategy='constant')
@@@ B - threshold stop at: 1
@@@ C - Repeat number: 1
@@@ D - common_header:  {'F71-dev-null@apache.org', 'F3-Class', 'F3-File', 'F15-public', 'F117', 'F71-bodewig@apache.org', 'F71-conor@apache.org', 'F3-boolean', 'F15-private', 'F3-null', 'F68', 'F71-rubys@apache.org', 'F15-NA', 'F104', 'F105', 'F25', 'F15-protected', 'F71-jglick@apache.org', 'F71-costin@apache.org', 'category', 'F77', 'F3-Integer', 'F3-NA', 'F3-FileInputStream', 'F22', 'F3-InputStream', 'F116', 'F126', 'F123', 'F101', 'F71-antoine@apache.org', 'F3-String', 'F71-jkf@apache.org', 'F3-Project.MSG_DEBUG', 'F71-kevj@apache.org', 'F3-Long', 'F120', 'F71-umagesh@apache.org', 'F3-Project', 'F41', 'F71-sbailliez@apache.org', 'F71-mbenson@apache.org', 'F71-jhm@apache.org', 'F3-byte[]', 'F71-stevel@apache.org', 'F71-jskeet@apache.org', 'F71-hibou@apache.org', 'F71-peterreilly@apache.org', 'F115', 'F72', 'F3-PrintStream', 'F3-FileOutputStream', 'F3-Object', 'F71-ehatcher@apache.org', 'F3-int', 'F3-char', 'F71-stefano@apache.org', 'F3-long', 'F71-donaldp@apache.org', 'F65', 'F110'}
     F72   F25  ... F71-mbenson@apache.org F71-jhm@apache.org
1  13254  4548  ...                      1                  0
2  13254  4548  ...                      0                  0
3  13254  4548  ...                      1                  0

[3 rows x 60 columns]
;.;
        F72       F25  ...  F71-mbenson@apache.org  F71-jhm@apache.org
0  0.981137  0.959184  ...                     1.0                 0.0
1  0.981137  0.959184  ...                     0.0                 0.0
2  0.981137  0.959184  ...                     1.0                 0.0

[3 rows x 60 columns]
training_x: (1217, 60)
training_y: 1217
testset_x: (21, 60)
testset_y: 21
              precision    recall  f1-score   support

           0       0.00      0.00      0.00        12
           1       0.43      1.00      0.60         9

    accuracy                           0.43        21
   macro avg       0.21      0.50      0.30        21
weighted avg       0.18      0.43      0.26        21

accuracy: 0.42857142857142855
0.6
@@@ tn: 0, fp: 12, fn: 0, tp: 9
@@@ LIME - Creating explainer
@@@ LIME - Random Sampling of Instances
iter: 0, sample_no: 4, actual label: 1, predicted: 1
iter: 1, sample_no: 7, actual label: 1, predicted: 1
iter: 2, sample_no: 1, actual label: 0, predicted: 1
iter: 3, sample_no: 17, actual label: 0, predicted: 1
iter: 4, sample_no: 20, actual label: 1, predicted: 1
iter: 5, sample_no: 0, actual label: 1, predicted: 1
iter: 6, sample_no: 10, actual label: 0, predicted: 1
iter: 7, sample_no: 12, actual label: 0, predicted: 1
iter: 8, sample_no: 2, actual label: 1, predicted: 1
iter: 9, sample_no: 2, actual label: 1, predicted: 1
iter: 10, sample_no: 5, actual label: 0, predicted: 1
iter: 11, sample_no: 0, actual label: 1, predicted: 1
iter: 12, sample_no: 3, actual label: 1, predicted: 1
iter: 13, sample_no: 0, actual label: 1, predicted: 1
iter: 14, sample_no: 10, actual label: 0, predicted: 1
iter: 15, sample_no: 19, actual label: 0, predicted: 1
iter: 16, sample_no: 9, actual label: 0, predicted: 1
iter: 17, sample_no: 18, actual label: 0, predicted: 1
iter: 18, sample_no: 16, actual label: 1, predicted: 1
iter: 19, sample_no: 1, actual label: 0, predicted: 1
iter: 20, sample_no: 18, actual label: 0, predicted: 1
iter: 21, sample_no: 3, actual label: 1, predicted: 1
iter: 22, sample_no: 11, actual label: 0, predicted: 1
iter: 23, sample_no: 8, actual label: 0, predicted: 1
iter: 24, sample_no: 14, actual label: 0, predicted: 1
number of samples: 21
AUC 0.5
pos_get 9
total recall stop_at 1.0
@@@ C - Repeat number: 2
@@@ D - common_header:  {'F71-dev-null@apache.org', 'F3-Class', 'F3-File', 'F15-public', 'F117', 'F71-bodewig@apache.org', 'F71-conor@apache.org', 'F3-boolean', 'F15-private', 'F3-null', 'F68', 'F71-rubys@apache.org', 'F15-NA', 'F104', 'F105', 'F25', 'F15-protected', 'F71-jglick@apache.org', 'F71-costin@apache.org', 'category', 'F77', 'F3-Integer', 'F3-NA', 'F3-FileInputStream', 'F22', 'F3-InputStream', 'F116', 'F126', 'F123', 'F101', 'F71-antoine@apache.org', 'F3-String', 'F71-jkf@apache.org', 'F3-Project.MSG_DEBUG', 'F71-kevj@apache.org', 'F3-Long', 'F120', 'F71-umagesh@apache.org', 'F3-Project', 'F41', 'F71-sbailliez@apache.org', 'F71-mbenson@apache.org', 'F71-jhm@apache.org', 'F3-byte[]', 'F71-stevel@apache.org', 'F71-jskeet@apache.org', 'F71-hibou@apache.org', 'F71-peterreilly@apache.org', 'F115', 'F72', 'F3-PrintStream', 'F3-FileOutputStream', 'F3-Object', 'F71-ehatcher@apache.org', 'F3-int', 'F3-char', 'F71-stefano@apache.org', 'F3-long', 'F71-donaldp@apache.org', 'F65', 'F110'}
     F72   F25  ... F71-mbenson@apache.org F71-jhm@apache.org
1  13254  4548  ...                      1                  0
2  13254  4548  ...                      0                  0
3  13254  4548  ...                      1                  0

[3 rows x 60 columns]
;.;
        F72       F25  ...  F71-mbenson@apache.org  F71-jhm@apache.org
0  0.981137  0.959184  ...                     1.0                 0.0
1  0.981137  0.959184  ...                     0.0                 0.0
2  0.981137  0.959184  ...                     1.0                 0.0

[3 rows x 60 columns]
training_x: (1217, 60)
training_y: 1217
testset_x: (21, 60)
testset_y: 21
              precision    recall  f1-score   support

           0       0.00      0.00      0.00        12
           1       0.43      1.00      0.60         9

    accuracy                           0.43        21
   macro avg       0.21      0.50      0.30        21
weighted avg       0.18      0.43      0.26        21

accuracy: 0.42857142857142855
0.6
@@@ tn: 0, fp: 12, fn: 0, tp: 9
@@@ LIME - Creating explainer
@@@ LIME - Random Sampling of Instances
iter: 0, sample_no: 20, actual label: 1, predicted: 1
iter: 1, sample_no: 4, actual label: 1, predicted: 1
iter: 2, sample_no: 0, actual label: 1, predicted: 1
iter: 3, sample_no: 4, actual label: 1, predicted: 1
iter: 4, sample_no: 4, actual label: 1, predicted: 1
iter: 5, sample_no: 11, actual label: 0, predicted: 1
iter: 6, sample_no: 9, actual label: 0, predicted: 1
iter: 7, sample_no: 4, actual label: 1, predicted: 1
iter: 8, sample_no: 17, actual label: 0, predicted: 1
iter: 9, sample_no: 8, actual label: 0, predicted: 1
iter: 10, sample_no: 14, actual label: 0, predicted: 1
iter: 11, sample_no: 13, actual label: 1, predicted: 1
iter: 12, sample_no: 4, actual label: 1, predicted: 1
iter: 13, sample_no: 0, actual label: 1, predicted: 1
iter: 14, sample_no: 4, actual label: 1, predicted: 1
iter: 15, sample_no: 20, actual label: 1, predicted: 1
iter: 16, sample_no: 14, actual label: 0, predicted: 1
iter: 17, sample_no: 17, actual label: 0, predicted: 1
iter: 18, sample_no: 20, actual label: 1, predicted: 1
iter: 19, sample_no: 18, actual label: 0, predicted: 1
iter: 20, sample_no: 0, actual label: 1, predicted: 1
iter: 21, sample_no: 15, actual label: 0, predicted: 1
iter: 22, sample_no: 17, actual label: 0, predicted: 1
iter: 23, sample_no: 3, actual label: 1, predicted: 1
iter: 24, sample_no: 9, actual label: 0, predicted: 1
number of samples: 21
AUC 0.5
pos_get 9
total recall stop_at 1.0
@@@ C - Repeat number: 3
@@@ D - common_header:  {'F71-dev-null@apache.org', 'F3-Class', 'F3-File', 'F15-public', 'F117', 'F71-bodewig@apache.org', 'F71-conor@apache.org', 'F3-boolean', 'F15-private', 'F3-null', 'F68', 'F71-rubys@apache.org', 'F15-NA', 'F104', 'F105', 'F25', 'F15-protected', 'F71-jglick@apache.org', 'F71-costin@apache.org', 'category', 'F77', 'F3-Integer', 'F3-NA', 'F3-FileInputStream', 'F22', 'F3-InputStream', 'F116', 'F126', 'F123', 'F101', 'F71-antoine@apache.org', 'F3-String', 'F71-jkf@apache.org', 'F3-Project.MSG_DEBUG', 'F71-kevj@apache.org', 'F3-Long', 'F120', 'F71-umagesh@apache.org', 'F3-Project', 'F41', 'F71-sbailliez@apache.org', 'F71-mbenson@apache.org', 'F71-jhm@apache.org', 'F3-byte[]', 'F71-stevel@apache.org', 'F71-jskeet@apache.org', 'F71-hibou@apache.org', 'F71-peterreilly@apache.org', 'F115', 'F72', 'F3-PrintStream', 'F3-FileOutputStream', 'F3-Object', 'F71-ehatcher@apache.org', 'F3-int', 'F3-char', 'F71-stefano@apache.org', 'F3-long', 'F71-donaldp@apache.org', 'F65', 'F110'}
     F72   F25  ... F71-mbenson@apache.org F71-jhm@apache.org
1  13254  4548  ...                      1                  0
2  13254  4548  ...                      0                  0
3  13254  4548  ...                      1                  0

[3 rows x 60 columns]
;.;
        F72       F25  ...  F71-mbenson@apache.org  F71-jhm@apache.org
0  0.981137  0.959184  ...                     1.0                 0.0
1  0.981137  0.959184  ...                     0.0                 0.0
2  0.981137  0.959184  ...                     1.0                 0.0

[3 rows x 60 columns]
training_x: (1217, 60)
training_y: 1217
testset_x: (21, 60)
testset_y: 21
              precision    recall  f1-score   support

           0       0.00      0.00      0.00        12
           1       0.43      1.00      0.60         9

    accuracy                           0.43        21
   macro avg       0.21      0.50      0.30        21
weighted avg       0.18      0.43      0.26        21

accuracy: 0.42857142857142855
0.6
@@@ tn: 0, fp: 12, fn: 0, tp: 9
@@@ LIME - Creating explainer
@@@ LIME - Random Sampling of Instances
iter: 0, sample_no: 11, actual label: 0, predicted: 1
iter: 1, sample_no: 1, actual label: 0, predicted: 1
iter: 2, sample_no: 14, actual label: 0, predicted: 1
iter: 3, sample_no: 12, actual label: 0, predicted: 1
iter: 4, sample_no: 16, actual label: 1, predicted: 1
iter: 5, sample_no: 5, actual label: 0, predicted: 1
iter: 6, sample_no: 20, actual label: 1, predicted: 1
iter: 7, sample_no: 13, actual label: 1, predicted: 1
iter: 8, sample_no: 13, actual label: 1, predicted: 1
iter: 9, sample_no: 17, actual label: 0, predicted: 1
iter: 10, sample_no: 16, actual label: 1, predicted: 1
iter: 11, sample_no: 12, actual label: 0, predicted: 1
iter: 12, sample_no: 7, actual label: 1, predicted: 1
iter: 13, sample_no: 17, actual label: 0, predicted: 1
iter: 14, sample_no: 10, actual label: 0, predicted: 1
iter: 15, sample_no: 4, actual label: 1, predicted: 1
iter: 16, sample_no: 12, actual label: 0, predicted: 1
iter: 17, sample_no: 18, actual label: 0, predicted: 1
iter: 18, sample_no: 19, actual label: 0, predicted: 1
iter: 19, sample_no: 19, actual label: 0, predicted: 1
iter: 20, sample_no: 7, actual label: 1, predicted: 1
iter: 21, sample_no: 12, actual label: 0, predicted: 1
iter: 22, sample_no: 14, actual label: 0, predicted: 1
iter: 23, sample_no: 5, actual label: 0, predicted: 1
iter: 24, sample_no: 7, actual label: 1, predicted: 1
number of samples: 21
AUC 0.5
pos_get 9
total recall stop_at 1.0
@@@ C - Repeat number: 4
@@@ D - common_header:  {'F71-dev-null@apache.org', 'F3-Class', 'F3-File', 'F15-public', 'F117', 'F71-bodewig@apache.org', 'F71-conor@apache.org', 'F3-boolean', 'F15-private', 'F3-null', 'F68', 'F71-rubys@apache.org', 'F15-NA', 'F104', 'F105', 'F25', 'F15-protected', 'F71-jglick@apache.org', 'F71-costin@apache.org', 'category', 'F77', 'F3-Integer', 'F3-NA', 'F3-FileInputStream', 'F22', 'F3-InputStream', 'F116', 'F126', 'F123', 'F101', 'F71-antoine@apache.org', 'F3-String', 'F71-jkf@apache.org', 'F3-Project.MSG_DEBUG', 'F71-kevj@apache.org', 'F3-Long', 'F120', 'F71-umagesh@apache.org', 'F3-Project', 'F41', 'F71-sbailliez@apache.org', 'F71-mbenson@apache.org', 'F71-jhm@apache.org', 'F3-byte[]', 'F71-stevel@apache.org', 'F71-jskeet@apache.org', 'F71-hibou@apache.org', 'F71-peterreilly@apache.org', 'F115', 'F72', 'F3-PrintStream', 'F3-FileOutputStream', 'F3-Object', 'F71-ehatcher@apache.org', 'F3-int', 'F3-char', 'F71-stefano@apache.org', 'F3-long', 'F71-donaldp@apache.org', 'F65', 'F110'}
     F72   F25  ... F71-mbenson@apache.org F71-jhm@apache.org
1  13254  4548  ...                      1                  0
2  13254  4548  ...                      0                  0
3  13254  4548  ...                      1                  0

[3 rows x 60 columns]
;.;
        F72       F25  ...  F71-mbenson@apache.org  F71-jhm@apache.org
0  0.981137  0.959184  ...                     1.0                 0.0
1  0.981137  0.959184  ...                     0.0                 0.0
2  0.981137  0.959184  ...                     1.0                 0.0

[3 rows x 60 columns]
training_x: (1217, 60)
training_y: 1217
testset_x: (21, 60)
testset_y: 21
              precision    recall  f1-score   support

           0       0.00      0.00      0.00        12
           1       0.43      1.00      0.60         9

    accuracy                           0.43        21
   macro avg       0.21      0.50      0.30        21
weighted avg       0.18      0.43      0.26        21

accuracy: 0.42857142857142855
0.6
@@@ tn: 0, fp: 12, fn: 0, tp: 9
@@@ LIME - Creating explainer
@@@ LIME - Random Sampling of Instances
iter: 0, sample_no: 5, actual label: 0, predicted: 1
iter: 1, sample_no: 4, actual label: 1, predicted: 1
iter: 2, sample_no: 18, actual label: 0, predicted: 1
iter: 3, sample_no: 15, actual label: 0, predicted: 1
iter: 4, sample_no: 2, actual label: 1, predicted: 1
iter: 5, sample_no: 14, actual label: 0, predicted: 1
iter: 6, sample_no: 6, actual label: 1, predicted: 1
iter: 7, sample_no: 0, actual label: 1, predicted: 1
iter: 8, sample_no: 14, actual label: 0, predicted: 1
iter: 9, sample_no: 11, actual label: 0, predicted: 1
iter: 10, sample_no: 6, actual label: 1, predicted: 1
iter: 11, sample_no: 11, actual label: 0, predicted: 1
iter: 12, sample_no: 7, actual label: 1, predicted: 1
iter: 13, sample_no: 16, actual label: 1, predicted: 1
iter: 14, sample_no: 19, actual label: 0, predicted: 1
iter: 15, sample_no: 16, actual label: 1, predicted: 1
iter: 16, sample_no: 0, actual label: 1, predicted: 1
iter: 17, sample_no: 16, actual label: 1, predicted: 1
iter: 18, sample_no: 1, actual label: 0, predicted: 1
iter: 19, sample_no: 19, actual label: 0, predicted: 1
iter: 20, sample_no: 4, actual label: 1, predicted: 1
iter: 21, sample_no: 10, actual label: 0, predicted: 1
iter: 22, sample_no: 2, actual label: 1, predicted: 1
iter: 23, sample_no: 7, actual label: 1, predicted: 1
iter: 24, sample_no: 1, actual label: 0, predicted: 1
number of samples: 21
AUC 0.5
pos_get 9
total recall stop_at 1.0
@@@ C - Repeat number: 5
@@@ D - common_header:  {'F71-dev-null@apache.org', 'F3-Class', 'F3-File', 'F15-public', 'F117', 'F71-bodewig@apache.org', 'F71-conor@apache.org', 'F3-boolean', 'F15-private', 'F3-null', 'F68', 'F71-rubys@apache.org', 'F15-NA', 'F104', 'F105', 'F25', 'F15-protected', 'F71-jglick@apache.org', 'F71-costin@apache.org', 'category', 'F77', 'F3-Integer', 'F3-NA', 'F3-FileInputStream', 'F22', 'F3-InputStream', 'F116', 'F126', 'F123', 'F101', 'F71-antoine@apache.org', 'F3-String', 'F71-jkf@apache.org', 'F3-Project.MSG_DEBUG', 'F71-kevj@apache.org', 'F3-Long', 'F120', 'F71-umagesh@apache.org', 'F3-Project', 'F41', 'F71-sbailliez@apache.org', 'F71-mbenson@apache.org', 'F71-jhm@apache.org', 'F3-byte[]', 'F71-stevel@apache.org', 'F71-jskeet@apache.org', 'F71-hibou@apache.org', 'F71-peterreilly@apache.org', 'F115', 'F72', 'F3-PrintStream', 'F3-FileOutputStream', 'F3-Object', 'F71-ehatcher@apache.org', 'F3-int', 'F3-char', 'F71-stefano@apache.org', 'F3-long', 'F71-donaldp@apache.org', 'F65', 'F110'}
     F72   F25  ... F71-mbenson@apache.org F71-jhm@apache.org
1  13254  4548  ...                      1                  0
2  13254  4548  ...                      0                  0
3  13254  4548  ...                      1                  0

[3 rows x 60 columns]
;.;
        F72       F25  ...  F71-mbenson@apache.org  F71-jhm@apache.org
0  0.981137  0.959184  ...                     1.0                 0.0
1  0.981137  0.959184  ...                     0.0                 0.0
2  0.981137  0.959184  ...                     1.0                 0.0

[3 rows x 60 columns]
training_x: (1217, 60)
training_y: 1217
testset_x: (21, 60)
testset_y: 21
              precision    recall  f1-score   support

           0       0.00      0.00      0.00        12
           1       0.43      1.00      0.60         9

    accuracy                           0.43        21
   macro avg       0.21      0.50      0.30        21
weighted avg       0.18      0.43      0.26        21

accuracy: 0.42857142857142855
0.6
@@@ tn: 0, fp: 12, fn: 0, tp: 9
@@@ LIME - Creating explainer
@@@ LIME - Random Sampling of Instances
iter: 0, sample_no: 7, actual label: 1, predicted: 1
iter: 1, sample_no: 17, actual label: 0, predicted: 1
iter: 2, sample_no: 4, actual label: 1, predicted: 1
iter: 3, sample_no: 4, actual label: 1, predicted: 1
iter: 4, sample_no: 11, actual label: 0, predicted: 1
iter: 5, sample_no: 17, actual label: 0, predicted: 1
iter: 6, sample_no: 12, actual label: 0, predicted: 1
iter: 7, sample_no: 19, actual label: 0, predicted: 1
iter: 8, sample_no: 6, actual label: 1, predicted: 1
iter: 9, sample_no: 20, actual label: 1, predicted: 1
iter: 10, sample_no: 18, actual label: 0, predicted: 1
iter: 11, sample_no: 18, actual label: 0, predicted: 1
iter: 12, sample_no: 18, actual label: 0, predicted: 1
iter: 13, sample_no: 18, actual label: 0, predicted: 1
iter: 14, sample_no: 19, actual label: 0, predicted: 1
iter: 15, sample_no: 13, actual label: 1, predicted: 1
iter: 16, sample_no: 1, actual label: 0, predicted: 1
iter: 17, sample_no: 19, actual label: 0, predicted: 1
iter: 18, sample_no: 14, actual label: 0, predicted: 1
iter: 19, sample_no: 7, actual label: 1, predicted: 1
iter: 20, sample_no: 11, actual label: 0, predicted: 1
iter: 21, sample_no: 9, actual label: 0, predicted: 1
iter: 22, sample_no: 13, actual label: 1, predicted: 1
iter: 23, sample_no: 4, actual label: 1, predicted: 1
iter: 24, sample_no: 12, actual label: 0, predicted: 1
number of samples: 21
AUC 0.5
pos_get 9
total recall stop_at 1.0
@@@ C - Repeat number: 6
@@@ D - common_header:  {'F71-dev-null@apache.org', 'F3-Class', 'F3-File', 'F15-public', 'F117', 'F71-bodewig@apache.org', 'F71-conor@apache.org', 'F3-boolean', 'F15-private', 'F3-null', 'F68', 'F71-rubys@apache.org', 'F15-NA', 'F104', 'F105', 'F25', 'F15-protected', 'F71-jglick@apache.org', 'F71-costin@apache.org', 'category', 'F77', 'F3-Integer', 'F3-NA', 'F3-FileInputStream', 'F22', 'F3-InputStream', 'F116', 'F126', 'F123', 'F101', 'F71-antoine@apache.org', 'F3-String', 'F71-jkf@apache.org', 'F3-Project.MSG_DEBUG', 'F71-kevj@apache.org', 'F3-Long', 'F120', 'F71-umagesh@apache.org', 'F3-Project', 'F41', 'F71-sbailliez@apache.org', 'F71-mbenson@apache.org', 'F71-jhm@apache.org', 'F3-byte[]', 'F71-stevel@apache.org', 'F71-jskeet@apache.org', 'F71-hibou@apache.org', 'F71-peterreilly@apache.org', 'F115', 'F72', 'F3-PrintStream', 'F3-FileOutputStream', 'F3-Object', 'F71-ehatcher@apache.org', 'F3-int', 'F3-char', 'F71-stefano@apache.org', 'F3-long', 'F71-donaldp@apache.org', 'F65', 'F110'}
     F72   F25  ... F71-mbenson@apache.org F71-jhm@apache.org
1  13254  4548  ...                      1                  0
2  13254  4548  ...                      0                  0
3  13254  4548  ...                      1                  0

[3 rows x 60 columns]
;.;
        F72       F25  ...  F71-mbenson@apache.org  F71-jhm@apache.org
0  0.981137  0.959184  ...                     1.0                 0.0
1  0.981137  0.959184  ...                     0.0                 0.0
2  0.981137  0.959184  ...                     1.0                 0.0

[3 rows x 60 columns]
training_x: (1217, 60)
training_y: 1217
testset_x: (21, 60)
testset_y: 21
              precision    recall  f1-score   support

           0       0.00      0.00      0.00        12
           1       0.43      1.00      0.60         9

    accuracy                           0.43        21
   macro avg       0.21      0.50      0.30        21
weighted avg       0.18      0.43      0.26        21

accuracy: 0.42857142857142855
0.6
@@@ tn: 0, fp: 12, fn: 0, tp: 9
@@@ LIME - Creating explainer
@@@ LIME - Random Sampling of Instances
iter: 0, sample_no: 0, actual label: 1, predicted: 1
iter: 1, sample_no: 15, actual label: 0, predicted: 1
iter: 2, sample_no: 15, actual label: 0, predicted: 1
iter: 3, sample_no: 17, actual label: 0, predicted: 1
iter: 4, sample_no: 14, actual label: 0, predicted: 1
iter: 5, sample_no: 13, actual label: 1, predicted: 1
iter: 6, sample_no: 10, actual label: 0, predicted: 1
iter: 7, sample_no: 12, actual label: 0, predicted: 1
iter: 8, sample_no: 11, actual label: 0, predicted: 1
iter: 9, sample_no: 5, actual label: 0, predicted: 1
iter: 10, sample_no: 16, actual label: 1, predicted: 1
iter: 11, sample_no: 6, actual label: 1, predicted: 1
iter: 12, sample_no: 14, actual label: 0, predicted: 1
iter: 13, sample_no: 20, actual label: 1, predicted: 1
iter: 14, sample_no: 1, actual label: 0, predicted: 1
iter: 15, sample_no: 15, actual label: 0, predicted: 1
iter: 16, sample_no: 3, actual label: 1, predicted: 1
iter: 17, sample_no: 19, actual label: 0, predicted: 1
iter: 18, sample_no: 13, actual label: 1, predicted: 1
iter: 19, sample_no: 2, actual label: 1, predicted: 1
iter: 20, sample_no: 15, actual label: 0, predicted: 1
iter: 21, sample_no: 14, actual label: 0, predicted: 1
iter: 22, sample_no: 16, actual label: 1, predicted: 1
iter: 23, sample_no: 7, actual label: 1, predicted: 1
iter: 24, sample_no: 12, actual label: 0, predicted: 1
number of samples: 21
AUC 0.5
pos_get 9
total recall stop_at 1.0
@@@ C - Repeat number: 7
@@@ D - common_header:  {'F71-dev-null@apache.org', 'F3-Class', 'F3-File', 'F15-public', 'F117', 'F71-bodewig@apache.org', 'F71-conor@apache.org', 'F3-boolean', 'F15-private', 'F3-null', 'F68', 'F71-rubys@apache.org', 'F15-NA', 'F104', 'F105', 'F25', 'F15-protected', 'F71-jglick@apache.org', 'F71-costin@apache.org', 'category', 'F77', 'F3-Integer', 'F3-NA', 'F3-FileInputStream', 'F22', 'F3-InputStream', 'F116', 'F126', 'F123', 'F101', 'F71-antoine@apache.org', 'F3-String', 'F71-jkf@apache.org', 'F3-Project.MSG_DEBUG', 'F71-kevj@apache.org', 'F3-Long', 'F120', 'F71-umagesh@apache.org', 'F3-Project', 'F41', 'F71-sbailliez@apache.org', 'F71-mbenson@apache.org', 'F71-jhm@apache.org', 'F3-byte[]', 'F71-stevel@apache.org', 'F71-jskeet@apache.org', 'F71-hibou@apache.org', 'F71-peterreilly@apache.org', 'F115', 'F72', 'F3-PrintStream', 'F3-FileOutputStream', 'F3-Object', 'F71-ehatcher@apache.org', 'F3-int', 'F3-char', 'F71-stefano@apache.org', 'F3-long', 'F71-donaldp@apache.org', 'F65', 'F110'}
     F72   F25  ... F71-mbenson@apache.org F71-jhm@apache.org
1  13254  4548  ...                      1                  0
2  13254  4548  ...                      0                  0
3  13254  4548  ...                      1                  0

[3 rows x 60 columns]
;.;
        F72       F25  ...  F71-mbenson@apache.org  F71-jhm@apache.org
0  0.981137  0.959184  ...                     1.0                 0.0
1  0.981137  0.959184  ...                     0.0                 0.0
2  0.981137  0.959184  ...                     1.0                 0.0

[3 rows x 60 columns]
training_x: (1217, 60)
training_y: 1217
testset_x: (21, 60)
testset_y: 21
              precision    recall  f1-score   support

           0       0.00      0.00      0.00        12
           1       0.43      1.00      0.60         9

    accuracy                           0.43        21
   macro avg       0.21      0.50      0.30        21
weighted avg       0.18      0.43      0.26        21

accuracy: 0.42857142857142855
0.6
@@@ tn: 0, fp: 12, fn: 0, tp: 9
@@@ LIME - Creating explainer
@@@ LIME - Random Sampling of Instances
iter: 0, sample_no: 10, actual label: 0, predicted: 1
iter: 1, sample_no: 16, actual label: 1, predicted: 1
iter: 2, sample_no: 10, actual label: 0, predicted: 1
iter: 3, sample_no: 9, actual label: 0, predicted: 1
iter: 4, sample_no: 0, actual label: 1, predicted: 1
iter: 5, sample_no: 4, actual label: 1, predicted: 1
iter: 6, sample_no: 12, actual label: 0, predicted: 1
iter: 7, sample_no: 7, actual label: 1, predicted: 1
iter: 8, sample_no: 18, actual label: 0, predicted: 1
iter: 9, sample_no: 19, actual label: 0, predicted: 1
iter: 10, sample_no: 16, actual label: 1, predicted: 1
iter: 11, sample_no: 0, actual label: 1, predicted: 1
iter: 12, sample_no: 10, actual label: 0, predicted: 1
iter: 13, sample_no: 5, actual label: 0, predicted: 1
iter: 14, sample_no: 14, actual label: 0, predicted: 1
iter: 15, sample_no: 1, actual label: 0, predicted: 1
iter: 16, sample_no: 12, actual label: 0, predicted: 1
iter: 17, sample_no: 19, actual label: 0, predicted: 1
iter: 18, sample_no: 3, actual label: 1, predicted: 1
iter: 19, sample_no: 3, actual label: 1, predicted: 1
iter: 20, sample_no: 1, actual label: 0, predicted: 1
iter: 21, sample_no: 9, actual label: 0, predicted: 1
iter: 22, sample_no: 11, actual label: 0, predicted: 1
iter: 23, sample_no: 7, actual label: 1, predicted: 1
iter: 24, sample_no: 17, actual label: 0, predicted: 1
number of samples: 21
AUC 0.5
pos_get 9
total recall stop_at 1.0
@@@ C - Repeat number: 8
@@@ D - common_header:  {'F71-dev-null@apache.org', 'F3-Class', 'F3-File', 'F15-public', 'F117', 'F71-bodewig@apache.org', 'F71-conor@apache.org', 'F3-boolean', 'F15-private', 'F3-null', 'F68', 'F71-rubys@apache.org', 'F15-NA', 'F104', 'F105', 'F25', 'F15-protected', 'F71-jglick@apache.org', 'F71-costin@apache.org', 'category', 'F77', 'F3-Integer', 'F3-NA', 'F3-FileInputStream', 'F22', 'F3-InputStream', 'F116', 'F126', 'F123', 'F101', 'F71-antoine@apache.org', 'F3-String', 'F71-jkf@apache.org', 'F3-Project.MSG_DEBUG', 'F71-kevj@apache.org', 'F3-Long', 'F120', 'F71-umagesh@apache.org', 'F3-Project', 'F41', 'F71-sbailliez@apache.org', 'F71-mbenson@apache.org', 'F71-jhm@apache.org', 'F3-byte[]', 'F71-stevel@apache.org', 'F71-jskeet@apache.org', 'F71-hibou@apache.org', 'F71-peterreilly@apache.org', 'F115', 'F72', 'F3-PrintStream', 'F3-FileOutputStream', 'F3-Object', 'F71-ehatcher@apache.org', 'F3-int', 'F3-char', 'F71-stefano@apache.org', 'F3-long', 'F71-donaldp@apache.org', 'F65', 'F110'}
     F72   F25  ... F71-mbenson@apache.org F71-jhm@apache.org
1  13254  4548  ...                      1                  0
2  13254  4548  ...                      0                  0
3  13254  4548  ...                      1                  0

[3 rows x 60 columns]
;.;
        F72       F25  ...  F71-mbenson@apache.org  F71-jhm@apache.org
0  0.981137  0.959184  ...                     1.0                 0.0
1  0.981137  0.959184  ...                     0.0                 0.0
2  0.981137  0.959184  ...                     1.0                 0.0

[3 rows x 60 columns]
training_x: (1217, 60)
training_y: 1217
testset_x: (21, 60)
testset_y: 21
              precision    recall  f1-score   support

           0       0.00      0.00      0.00        12
           1       0.43      1.00      0.60         9

    accuracy                           0.43        21
   macro avg       0.21      0.50      0.30        21
weighted avg       0.18      0.43      0.26        21

accuracy: 0.42857142857142855
0.6
@@@ tn: 0, fp: 12, fn: 0, tp: 9
@@@ LIME - Creating explainer
@@@ LIME - Random Sampling of Instances
iter: 0, sample_no: 16, actual label: 1, predicted: 1
iter: 1, sample_no: 2, actual label: 1, predicted: 1
iter: 2, sample_no: 12, actual label: 0, predicted: 1
iter: 3, sample_no: 13, actual label: 1, predicted: 1
iter: 4, sample_no: 2, actual label: 1, predicted: 1
iter: 5, sample_no: 17, actual label: 0, predicted: 1
iter: 6, sample_no: 11, actual label: 0, predicted: 1
iter: 7, sample_no: 7, actual label: 1, predicted: 1
iter: 8, sample_no: 14, actual label: 0, predicted: 1
iter: 9, sample_no: 19, actual label: 0, predicted: 1
iter: 10, sample_no: 9, actual label: 0, predicted: 1
iter: 11, sample_no: 0, actual label: 1, predicted: 1
iter: 12, sample_no: 11, actual label: 0, predicted: 1
iter: 13, sample_no: 14, actual label: 0, predicted: 1
iter: 14, sample_no: 18, actual label: 0, predicted: 1
iter: 15, sample_no: 19, actual label: 0, predicted: 1
iter: 16, sample_no: 0, actual label: 1, predicted: 1
iter: 17, sample_no: 18, actual label: 0, predicted: 1
iter: 18, sample_no: 7, actual label: 1, predicted: 1
iter: 19, sample_no: 17, actual label: 0, predicted: 1
iter: 20, sample_no: 6, actual label: 1, predicted: 1
iter: 21, sample_no: 12, actual label: 0, predicted: 1
iter: 22, sample_no: 7, actual label: 1, predicted: 1
iter: 23, sample_no: 14, actual label: 0, predicted: 1
iter: 24, sample_no: 19, actual label: 0, predicted: 1
number of samples: 21
AUC 0.5
pos_get 9
total recall stop_at 1.0
@@@ C - Repeat number: 9
@@@ D - common_header:  {'F71-dev-null@apache.org', 'F3-Class', 'F3-File', 'F15-public', 'F117', 'F71-bodewig@apache.org', 'F71-conor@apache.org', 'F3-boolean', 'F15-private', 'F3-null', 'F68', 'F71-rubys@apache.org', 'F15-NA', 'F104', 'F105', 'F25', 'F15-protected', 'F71-jglick@apache.org', 'F71-costin@apache.org', 'category', 'F77', 'F3-Integer', 'F3-NA', 'F3-FileInputStream', 'F22', 'F3-InputStream', 'F116', 'F126', 'F123', 'F101', 'F71-antoine@apache.org', 'F3-String', 'F71-jkf@apache.org', 'F3-Project.MSG_DEBUG', 'F71-kevj@apache.org', 'F3-Long', 'F120', 'F71-umagesh@apache.org', 'F3-Project', 'F41', 'F71-sbailliez@apache.org', 'F71-mbenson@apache.org', 'F71-jhm@apache.org', 'F3-byte[]', 'F71-stevel@apache.org', 'F71-jskeet@apache.org', 'F71-hibou@apache.org', 'F71-peterreilly@apache.org', 'F115', 'F72', 'F3-PrintStream', 'F3-FileOutputStream', 'F3-Object', 'F71-ehatcher@apache.org', 'F3-int', 'F3-char', 'F71-stefano@apache.org', 'F3-long', 'F71-donaldp@apache.org', 'F65', 'F110'}
     F72   F25  ... F71-mbenson@apache.org F71-jhm@apache.org
1  13254  4548  ...                      1                  0
2  13254  4548  ...                      0                  0
3  13254  4548  ...                      1                  0

[3 rows x 60 columns]
;.;
        F72       F25  ...  F71-mbenson@apache.org  F71-jhm@apache.org
0  0.981137  0.959184  ...                     1.0                 0.0
1  0.981137  0.959184  ...                     0.0                 0.0
2  0.981137  0.959184  ...                     1.0                 0.0

[3 rows x 60 columns]
training_x: (1217, 60)
training_y: 1217
testset_x: (21, 60)
testset_y: 21
              precision    recall  f1-score   support

           0       0.00      0.00      0.00        12
           1       0.43      1.00      0.60         9

    accuracy                           0.43        21
   macro avg       0.21      0.50      0.30        21
weighted avg       0.18      0.43      0.26        21

accuracy: 0.42857142857142855
0.6
@@@ tn: 0, fp: 12, fn: 0, tp: 9
@@@ LIME - Creating explainer
@@@ LIME - Random Sampling of Instances
iter: 0, sample_no: 5, actual label: 0, predicted: 1
iter: 1, sample_no: 9, actual label: 0, predicted: 1
iter: 2, sample_no: 18, actual label: 0, predicted: 1
iter: 3, sample_no: 5, actual label: 0, predicted: 1
iter: 4, sample_no: 14, actual label: 0, predicted: 1
iter: 5, sample_no: 8, actual label: 0, predicted: 1
iter: 6, sample_no: 19, actual label: 0, predicted: 1
iter: 7, sample_no: 1, actual label: 0, predicted: 1
iter: 8, sample_no: 16, actual label: 1, predicted: 1
iter: 9, sample_no: 4, actual label: 1, predicted: 1
iter: 10, sample_no: 18, actual label: 0, predicted: 1
iter: 11, sample_no: 10, actual label: 0, predicted: 1
iter: 12, sample_no: 4, actual label: 1, predicted: 1
iter: 13, sample_no: 3, actual label: 1, predicted: 1
iter: 14, sample_no: 16, actual label: 1, predicted: 1
iter: 15, sample_no: 4, actual label: 1, predicted: 1
iter: 16, sample_no: 18, actual label: 0, predicted: 1
iter: 17, sample_no: 14, actual label: 0, predicted: 1
iter: 18, sample_no: 15, actual label: 0, predicted: 1
iter: 19, sample_no: 11, actual label: 0, predicted: 1
iter: 20, sample_no: 13, actual label: 1, predicted: 1
iter: 21, sample_no: 7, actual label: 1, predicted: 1
iter: 22, sample_no: 4, actual label: 1, predicted: 1
iter: 23, sample_no: 0, actual label: 1, predicted: 1
iter: 24, sample_no: 16, actual label: 1, predicted: 1
number of samples: 21
AUC 0.5
pos_get 9
total recall stop_at 1.0
@@@ C - Repeat number: 10
@@@ D - common_header:  {'F71-dev-null@apache.org', 'F3-Class', 'F3-File', 'F15-public', 'F117', 'F71-bodewig@apache.org', 'F71-conor@apache.org', 'F3-boolean', 'F15-private', 'F3-null', 'F68', 'F71-rubys@apache.org', 'F15-NA', 'F104', 'F105', 'F25', 'F15-protected', 'F71-jglick@apache.org', 'F71-costin@apache.org', 'category', 'F77', 'F3-Integer', 'F3-NA', 'F3-FileInputStream', 'F22', 'F3-InputStream', 'F116', 'F126', 'F123', 'F101', 'F71-antoine@apache.org', 'F3-String', 'F71-jkf@apache.org', 'F3-Project.MSG_DEBUG', 'F71-kevj@apache.org', 'F3-Long', 'F120', 'F71-umagesh@apache.org', 'F3-Project', 'F41', 'F71-sbailliez@apache.org', 'F71-mbenson@apache.org', 'F71-jhm@apache.org', 'F3-byte[]', 'F71-stevel@apache.org', 'F71-jskeet@apache.org', 'F71-hibou@apache.org', 'F71-peterreilly@apache.org', 'F115', 'F72', 'F3-PrintStream', 'F3-FileOutputStream', 'F3-Object', 'F71-ehatcher@apache.org', 'F3-int', 'F3-char', 'F71-stefano@apache.org', 'F3-long', 'F71-donaldp@apache.org', 'F65', 'F110'}
     F72   F25  ... F71-mbenson@apache.org F71-jhm@apache.org
1  13254  4548  ...                      1                  0
2  13254  4548  ...                      0                  0
3  13254  4548  ...                      1                  0

[3 rows x 60 columns]
;.;
        F72       F25  ...  F71-mbenson@apache.org  F71-jhm@apache.org
0  0.981137  0.959184  ...                     1.0                 0.0
1  0.981137  0.959184  ...                     0.0                 0.0
2  0.981137  0.959184  ...                     1.0                 0.0

[3 rows x 60 columns]
training_x: (1217, 60)
training_y: 1217
testset_x: (21, 60)
testset_y: 21
              precision    recall  f1-score   support

           0       0.00      0.00      0.00        12
           1       0.43      1.00      0.60         9

    accuracy                           0.43        21
   macro avg       0.21      0.50      0.30        21
weighted avg       0.18      0.43      0.26        21

accuracy: 0.42857142857142855
0.6
@@@ tn: 0, fp: 12, fn: 0, tp: 9
@@@ LIME - Creating explainer
@@@ LIME - Random Sampling of Instances
iter: 0, sample_no: 11, actual label: 0, predicted: 1
iter: 1, sample_no: 17, actual label: 0, predicted: 1
iter: 2, sample_no: 16, actual label: 1, predicted: 1
iter: 3, sample_no: 9, actual label: 0, predicted: 1
iter: 4, sample_no: 0, actual label: 1, predicted: 1
iter: 5, sample_no: 2, actual label: 1, predicted: 1
iter: 6, sample_no: 16, actual label: 1, predicted: 1
iter: 7, sample_no: 19, actual label: 0, predicted: 1
iter: 8, sample_no: 19, actual label: 0, predicted: 1
iter: 9, sample_no: 6, actual label: 1, predicted: 1
iter: 10, sample_no: 16, actual label: 1, predicted: 1
iter: 11, sample_no: 19, actual label: 0, predicted: 1
iter: 12, sample_no: 12, actual label: 0, predicted: 1
iter: 13, sample_no: 1, actual label: 0, predicted: 1
iter: 14, sample_no: 19, actual label: 0, predicted: 1
iter: 15, sample_no: 12, actual label: 0, predicted: 1
iter: 16, sample_no: 11, actual label: 0, predicted: 1
iter: 17, sample_no: 13, actual label: 1, predicted: 1
iter: 18, sample_no: 12, actual label: 0, predicted: 1
iter: 19, sample_no: 15, actual label: 0, predicted: 1
iter: 20, sample_no: 8, actual label: 0, predicted: 1
iter: 21, sample_no: 12, actual label: 0, predicted: 1
iter: 22, sample_no: 13, actual label: 1, predicted: 1
iter: 23, sample_no: 1, actual label: 0, predicted: 1
iter: 24, sample_no: 16, actual label: 1, predicted: 1
number of samples: 21
AUC 0.5
pos_get 9
total recall stop_at 1.0
----------threshold stop at----------: 1
AUC [0.5, 0.5, 0.5, 0.5, 0.5, 0.5, 0.5, 0.5, 0.5, 0.5]
AUC_median 0.5
AUC_iqr 0.0
cost [1.0, 1.0, 1.0, 1.0, 1.0, 1.0, 1.0, 1.0, 1.0, 1.0]
COST_med 1.0
COST_iqr 0.0
f1_pos_list [np.float64(0.6), np.float64(0.6), np.float64(0.6), np.float64(0.6), np.float64(0.6), np.float64(0.6), np.float64(0.6), np.float64(0.6), np.float64(0.6), np.float64(0.6)]
f1_pos_med 0.6
total_tn 0
total_fp 120
total_fn 0
total_tp 90
p= 0.42857142857142855
r= 1.0
f= 0.6
