@@@ A - classifier: DummyClassifier(constant=1, strategy='constant')
@@@ B - threshold stop at: 1
@@@ C - Repeat number: 1
@@@ D - common_header:  {'F3-int', 'F15-NA', 'F3-NA', 'F3-String', 'F116', 'F15-public', 'F104', 'F65', 'F101', 'F41', 'F117', 'F110', 'F72', 'F105', 'F25', 'category', 'F123', 'F22', 'F115', 'F77', 'F126', 'F120', 'F68'}
     F72   F25  F65  F68  ...  F115   F77   F41 F126
1   2562  1117  180   33  ...  -1.0   279  1183  558
2   2562  1117  180   33  ...  -1.0  1227  1183  558
1  22821  1931   28  278  ...   0.5  2237   868    0

[3 rows x 22 columns]
;.;
        F72       F25       F65     F68  ...  F115       F77       F41  F126
0  0.063817  0.242270  0.604730  0.0775  ...  0.00  0.021787  0.231010   1.0
1  0.063817  0.242270  0.604730  0.0775  ...  0.00  0.099143  0.231010   1.0
2  1.000000  0.422041  0.091216  0.6900  ...  0.75  0.181559  0.169498   0.0

[3 rows x 22 columns]
training_x: (460, 22)
training_y: 460
testset_x: (308, 22)
testset_y: 308
              precision    recall  f1-score   support

           0       0.00      0.00      0.00       185
           1       0.40      1.00      0.57       123

    accuracy                           0.40       308
   macro avg       0.20      0.50      0.29       308
weighted avg       0.16      0.40      0.23       308

accuracy: 0.39935064935064934
0.5707656612529002
@@@ tn: 0, fp: 185, fn: 0, tp: 123
@@@ LIME - Creating explainer
@@@ LIME - Random Sampling of Instances
iter: 0, sample_no: 255, actual label: 1, predicted: 1
iter: 1, sample_no: 252, actual label: 1, predicted: 1
iter: 2, sample_no: 78, actual label: 0, predicted: 1
iter: 3, sample_no: 284, actual label: 0, predicted: 1
iter: 4, sample_no: 138, actual label: 0, predicted: 1
iter: 5, sample_no: 159, actual label: 0, predicted: 1
iter: 6, sample_no: 233, actual label: 0, predicted: 1
iter: 7, sample_no: 259, actual label: 0, predicted: 1
iter: 8, sample_no: 68, actual label: 1, predicted: 1
iter: 9, sample_no: 119, actual label: 0, predicted: 1
iter: 10, sample_no: 178, actual label: 0, predicted: 1
iter: 11, sample_no: 235, actual label: 1, predicted: 1
iter: 12, sample_no: 280, actual label: 0, predicted: 1
iter: 13, sample_no: 121, actual label: 1, predicted: 1
iter: 14, sample_no: 286, actual label: 1, predicted: 1
iter: 15, sample_no: 187, actual label: 1, predicted: 1
iter: 16, sample_no: 217, actual label: 0, predicted: 1
iter: 17, sample_no: 222, actual label: 1, predicted: 1
iter: 18, sample_no: 246, actual label: 0, predicted: 1
iter: 19, sample_no: 39, actual label: 1, predicted: 1
iter: 20, sample_no: 233, actual label: 0, predicted: 1
iter: 21, sample_no: 266, actual label: 0, predicted: 1
iter: 22, sample_no: 293, actual label: 1, predicted: 1
iter: 23, sample_no: 155, actual label: 1, predicted: 1
iter: 24, sample_no: 82, actual label: 1, predicted: 1
number of samples: 308
AUC 0.5
pos_get 123
total recall stop_at 1
@@@ C - Repeat number: 2
@@@ D - common_header:  {'F3-int', 'F15-NA', 'F3-NA', 'F3-String', 'F116', 'F15-public', 'F104', 'F65', 'F101', 'F41', 'F117', 'F110', 'F72', 'F105', 'F25', 'category', 'F123', 'F22', 'F115', 'F77', 'F126', 'F120', 'F68'}
     F72   F25  F65  F68  ...  F115   F77   F41 F126
1   2562  1117  180   33  ...  -1.0   279  1183  558
2   2562  1117  180   33  ...  -1.0  1227  1183  558
1  22821  1931   28  278  ...   0.5  2237   868    0

[3 rows x 22 columns]
;.;
        F72       F25       F65     F68  ...  F115       F77       F41  F126
0  0.063817  0.242270  0.604730  0.0775  ...  0.00  0.021787  0.231010   1.0
1  0.063817  0.242270  0.604730  0.0775  ...  0.00  0.099143  0.231010   1.0
2  1.000000  0.422041  0.091216  0.6900  ...  0.75  0.181559  0.169498   0.0

[3 rows x 22 columns]
training_x: (460, 22)
training_y: 460
testset_x: (308, 22)
testset_y: 308
              precision    recall  f1-score   support

           0       0.00      0.00      0.00       185
           1       0.40      1.00      0.57       123

    accuracy                           0.40       308
   macro avg       0.20      0.50      0.29       308
weighted avg       0.16      0.40      0.23       308

accuracy: 0.39935064935064934
0.5707656612529002
@@@ tn: 0, fp: 185, fn: 0, tp: 123
@@@ LIME - Creating explainer
@@@ LIME - Random Sampling of Instances
iter: 0, sample_no: 276, actual label: 0, predicted: 1
iter: 1, sample_no: 138, actual label: 0, predicted: 1
iter: 2, sample_no: 4, actual label: 0, predicted: 1
iter: 3, sample_no: 149, actual label: 1, predicted: 1
iter: 4, sample_no: 53, actual label: 0, predicted: 1
iter: 5, sample_no: 215, actual label: 0, predicted: 1
iter: 6, sample_no: 297, actual label: 1, predicted: 1
iter: 7, sample_no: 41, actual label: 0, predicted: 1
iter: 8, sample_no: 206, actual label: 1, predicted: 1
iter: 9, sample_no: 227, actual label: 1, predicted: 1
iter: 10, sample_no: 264, actual label: 0, predicted: 1
iter: 11, sample_no: 253, actual label: 0, predicted: 1
iter: 12, sample_no: 95, actual label: 0, predicted: 1
iter: 13, sample_no: 216, actual label: 0, predicted: 1
iter: 14, sample_no: 192, actual label: 0, predicted: 1
iter: 15, sample_no: 254, actual label: 0, predicted: 1
iter: 16, sample_no: 45, actual label: 0, predicted: 1
iter: 17, sample_no: 64, actual label: 0, predicted: 1
iter: 18, sample_no: 46, actual label: 0, predicted: 1
iter: 19, sample_no: 244, actual label: 0, predicted: 1
iter: 20, sample_no: 239, actual label: 0, predicted: 1
iter: 21, sample_no: 25, actual label: 0, predicted: 1
iter: 22, sample_no: 304, actual label: 1, predicted: 1
iter: 23, sample_no: 38, actual label: 1, predicted: 1
iter: 24, sample_no: 176, actual label: 1, predicted: 1
number of samples: 308
AUC 0.5
pos_get 123
total recall stop_at 1
@@@ C - Repeat number: 3
@@@ D - common_header:  {'F3-int', 'F15-NA', 'F3-NA', 'F3-String', 'F116', 'F15-public', 'F104', 'F65', 'F101', 'F41', 'F117', 'F110', 'F72', 'F105', 'F25', 'category', 'F123', 'F22', 'F115', 'F77', 'F126', 'F120', 'F68'}
     F72   F25  F65  F68  ...  F115   F77   F41 F126
1   2562  1117  180   33  ...  -1.0   279  1183  558
2   2562  1117  180   33  ...  -1.0  1227  1183  558
1  22821  1931   28  278  ...   0.5  2237   868    0

[3 rows x 22 columns]
;.;
        F72       F25       F65     F68  ...  F115       F77       F41  F126
0  0.063817  0.242270  0.604730  0.0775  ...  0.00  0.021787  0.231010   1.0
1  0.063817  0.242270  0.604730  0.0775  ...  0.00  0.099143  0.231010   1.0
2  1.000000  0.422041  0.091216  0.6900  ...  0.75  0.181559  0.169498   0.0

[3 rows x 22 columns]
training_x: (460, 22)
training_y: 460
testset_x: (308, 22)
testset_y: 308
              precision    recall  f1-score   support

           0       0.00      0.00      0.00       185
           1       0.40      1.00      0.57       123

    accuracy                           0.40       308
   macro avg       0.20      0.50      0.29       308
weighted avg       0.16      0.40      0.23       308

accuracy: 0.39935064935064934
0.5707656612529002
@@@ tn: 0, fp: 185, fn: 0, tp: 123
@@@ LIME - Creating explainer
@@@ LIME - Random Sampling of Instances
iter: 0, sample_no: 131, actual label: 0, predicted: 1
iter: 1, sample_no: 160, actual label: 1, predicted: 1
iter: 2, sample_no: 246, actual label: 0, predicted: 1
iter: 3, sample_no: 272, actual label: 1, predicted: 1
iter: 4, sample_no: 78, actual label: 0, predicted: 1
iter: 5, sample_no: 258, actual label: 0, predicted: 1
iter: 6, sample_no: 158, actual label: 0, predicted: 1
iter: 7, sample_no: 256, actual label: 0, predicted: 1
iter: 8, sample_no: 224, actual label: 1, predicted: 1
iter: 9, sample_no: 42, actual label: 0, predicted: 1
iter: 10, sample_no: 149, actual label: 1, predicted: 1
iter: 11, sample_no: 285, actual label: 1, predicted: 1
iter: 12, sample_no: 11, actual label: 0, predicted: 1
iter: 13, sample_no: 107, actual label: 1, predicted: 1
iter: 14, sample_no: 164, actual label: 0, predicted: 1
iter: 15, sample_no: 86, actual label: 0, predicted: 1
iter: 16, sample_no: 304, actual label: 1, predicted: 1
iter: 17, sample_no: 49, actual label: 1, predicted: 1
iter: 18, sample_no: 219, actual label: 0, predicted: 1
iter: 19, sample_no: 193, actual label: 0, predicted: 1
iter: 20, sample_no: 64, actual label: 0, predicted: 1
iter: 21, sample_no: 147, actual label: 0, predicted: 1
iter: 22, sample_no: 207, actual label: 1, predicted: 1
iter: 23, sample_no: 293, actual label: 1, predicted: 1
iter: 24, sample_no: 142, actual label: 1, predicted: 1
number of samples: 308
AUC 0.5
pos_get 123
total recall stop_at 1
@@@ C - Repeat number: 4
@@@ D - common_header:  {'F3-int', 'F15-NA', 'F3-NA', 'F3-String', 'F116', 'F15-public', 'F104', 'F65', 'F101', 'F41', 'F117', 'F110', 'F72', 'F105', 'F25', 'category', 'F123', 'F22', 'F115', 'F77', 'F126', 'F120', 'F68'}
     F72   F25  F65  F68  ...  F115   F77   F41 F126
1   2562  1117  180   33  ...  -1.0   279  1183  558
2   2562  1117  180   33  ...  -1.0  1227  1183  558
1  22821  1931   28  278  ...   0.5  2237   868    0

[3 rows x 22 columns]
;.;
        F72       F25       F65     F68  ...  F115       F77       F41  F126
0  0.063817  0.242270  0.604730  0.0775  ...  0.00  0.021787  0.231010   1.0
1  0.063817  0.242270  0.604730  0.0775  ...  0.00  0.099143  0.231010   1.0
2  1.000000  0.422041  0.091216  0.6900  ...  0.75  0.181559  0.169498   0.0

[3 rows x 22 columns]
training_x: (460, 22)
training_y: 460
testset_x: (308, 22)
testset_y: 308
              precision    recall  f1-score   support

           0       0.00      0.00      0.00       185
           1       0.40      1.00      0.57       123

    accuracy                           0.40       308
   macro avg       0.20      0.50      0.29       308
weighted avg       0.16      0.40      0.23       308

accuracy: 0.39935064935064934
0.5707656612529002
@@@ tn: 0, fp: 185, fn: 0, tp: 123
@@@ LIME - Creating explainer
@@@ LIME - Random Sampling of Instances
iter: 0, sample_no: 189, actual label: 1, predicted: 1
iter: 1, sample_no: 52, actual label: 1, predicted: 1
iter: 2, sample_no: 102, actual label: 1, predicted: 1
iter: 3, sample_no: 126, actual label: 1, predicted: 1
iter: 4, sample_no: 2, actual label: 1, predicted: 1
iter: 5, sample_no: 207, actual label: 1, predicted: 1
iter: 6, sample_no: 73, actual label: 1, predicted: 1
iter: 7, sample_no: 66, actual label: 0, predicted: 1
iter: 8, sample_no: 86, actual label: 0, predicted: 1
iter: 9, sample_no: 259, actual label: 0, predicted: 1
iter: 10, sample_no: 56, actual label: 0, predicted: 1
iter: 11, sample_no: 301, actual label: 0, predicted: 1
iter: 12, sample_no: 210, actual label: 0, predicted: 1
iter: 13, sample_no: 61, actual label: 0, predicted: 1
iter: 14, sample_no: 38, actual label: 1, predicted: 1
iter: 15, sample_no: 203, actual label: 1, predicted: 1
iter: 16, sample_no: 189, actual label: 1, predicted: 1
iter: 17, sample_no: 203, actual label: 1, predicted: 1
iter: 18, sample_no: 39, actual label: 1, predicted: 1
iter: 19, sample_no: 259, actual label: 0, predicted: 1
iter: 20, sample_no: 278, actual label: 1, predicted: 1
iter: 21, sample_no: 32, actual label: 0, predicted: 1
iter: 22, sample_no: 183, actual label: 0, predicted: 1
iter: 23, sample_no: 126, actual label: 1, predicted: 1
iter: 24, sample_no: 223, actual label: 0, predicted: 1
number of samples: 308
AUC 0.5
pos_get 123
total recall stop_at 1
@@@ C - Repeat number: 5
@@@ D - common_header:  {'F3-int', 'F15-NA', 'F3-NA', 'F3-String', 'F116', 'F15-public', 'F104', 'F65', 'F101', 'F41', 'F117', 'F110', 'F72', 'F105', 'F25', 'category', 'F123', 'F22', 'F115', 'F77', 'F126', 'F120', 'F68'}
     F72   F25  F65  F68  ...  F115   F77   F41 F126
1   2562  1117  180   33  ...  -1.0   279  1183  558
2   2562  1117  180   33  ...  -1.0  1227  1183  558
1  22821  1931   28  278  ...   0.5  2237   868    0

[3 rows x 22 columns]
;.;
        F72       F25       F65     F68  ...  F115       F77       F41  F126
0  0.063817  0.242270  0.604730  0.0775  ...  0.00  0.021787  0.231010   1.0
1  0.063817  0.242270  0.604730  0.0775  ...  0.00  0.099143  0.231010   1.0
2  1.000000  0.422041  0.091216  0.6900  ...  0.75  0.181559  0.169498   0.0

[3 rows x 22 columns]
training_x: (460, 22)
training_y: 460
testset_x: (308, 22)
testset_y: 308
              precision    recall  f1-score   support

           0       0.00      0.00      0.00       185
           1       0.40      1.00      0.57       123

    accuracy                           0.40       308
   macro avg       0.20      0.50      0.29       308
weighted avg       0.16      0.40      0.23       308

accuracy: 0.39935064935064934
0.5707656612529002
@@@ tn: 0, fp: 185, fn: 0, tp: 123
@@@ LIME - Creating explainer
@@@ LIME - Random Sampling of Instances
iter: 0, sample_no: 135, actual label: 0, predicted: 1
iter: 1, sample_no: 65, actual label: 1, predicted: 1
iter: 2, sample_no: 72, actual label: 1, predicted: 1
iter: 3, sample_no: 124, actual label: 1, predicted: 1
iter: 4, sample_no: 5, actual label: 0, predicted: 1
iter: 5, sample_no: 303, actual label: 0, predicted: 1
iter: 6, sample_no: 299, actual label: 0, predicted: 1
iter: 7, sample_no: 162, actual label: 1, predicted: 1
iter: 8, sample_no: 266, actual label: 0, predicted: 1
iter: 9, sample_no: 190, actual label: 0, predicted: 1
iter: 10, sample_no: 204, actual label: 1, predicted: 1
iter: 11, sample_no: 286, actual label: 1, predicted: 1
iter: 12, sample_no: 89, actual label: 1, predicted: 1
iter: 13, sample_no: 109, actual label: 1, predicted: 1
iter: 14, sample_no: 8, actual label: 0, predicted: 1
iter: 15, sample_no: 114, actual label: 1, predicted: 1
iter: 16, sample_no: 207, actual label: 1, predicted: 1
iter: 17, sample_no: 71, actual label: 1, predicted: 1
iter: 18, sample_no: 136, actual label: 0, predicted: 1
iter: 19, sample_no: 51, actual label: 0, predicted: 1
iter: 20, sample_no: 1, actual label: 0, predicted: 1
iter: 21, sample_no: 69, actual label: 1, predicted: 1
iter: 22, sample_no: 250, actual label: 1, predicted: 1
iter: 23, sample_no: 87, actual label: 0, predicted: 1
iter: 24, sample_no: 20, actual label: 0, predicted: 1
number of samples: 308
AUC 0.5
pos_get 123
total recall stop_at 1
@@@ C - Repeat number: 6
@@@ D - common_header:  {'F3-int', 'F15-NA', 'F3-NA', 'F3-String', 'F116', 'F15-public', 'F104', 'F65', 'F101', 'F41', 'F117', 'F110', 'F72', 'F105', 'F25', 'category', 'F123', 'F22', 'F115', 'F77', 'F126', 'F120', 'F68'}
     F72   F25  F65  F68  ...  F115   F77   F41 F126
1   2562  1117  180   33  ...  -1.0   279  1183  558
2   2562  1117  180   33  ...  -1.0  1227  1183  558
1  22821  1931   28  278  ...   0.5  2237   868    0

[3 rows x 22 columns]
;.;
        F72       F25       F65     F68  ...  F115       F77       F41  F126
0  0.063817  0.242270  0.604730  0.0775  ...  0.00  0.021787  0.231010   1.0
1  0.063817  0.242270  0.604730  0.0775  ...  0.00  0.099143  0.231010   1.0
2  1.000000  0.422041  0.091216  0.6900  ...  0.75  0.181559  0.169498   0.0

[3 rows x 22 columns]
training_x: (460, 22)
training_y: 460
testset_x: (308, 22)
testset_y: 308
              precision    recall  f1-score   support

           0       0.00      0.00      0.00       185
           1       0.40      1.00      0.57       123

    accuracy                           0.40       308
   macro avg       0.20      0.50      0.29       308
weighted avg       0.16      0.40      0.23       308

accuracy: 0.39935064935064934
0.5707656612529002
@@@ tn: 0, fp: 185, fn: 0, tp: 123
@@@ LIME - Creating explainer
@@@ LIME - Random Sampling of Instances
iter: 0, sample_no: 0, actual label: 1, predicted: 1
iter: 1, sample_no: 47, actual label: 0, predicted: 1
iter: 2, sample_no: 18, actual label: 0, predicted: 1
iter: 3, sample_no: 187, actual label: 1, predicted: 1
iter: 4, sample_no: 280, actual label: 0, predicted: 1
iter: 5, sample_no: 275, actual label: 1, predicted: 1
iter: 6, sample_no: 297, actual label: 1, predicted: 1
iter: 7, sample_no: 78, actual label: 0, predicted: 1
iter: 8, sample_no: 86, actual label: 0, predicted: 1
iter: 9, sample_no: 171, actual label: 0, predicted: 1
iter: 10, sample_no: 229, actual label: 0, predicted: 1
iter: 11, sample_no: 264, actual label: 0, predicted: 1
iter: 12, sample_no: 52, actual label: 1, predicted: 1
iter: 13, sample_no: 8, actual label: 0, predicted: 1
iter: 14, sample_no: 51, actual label: 0, predicted: 1
iter: 15, sample_no: 1, actual label: 0, predicted: 1
iter: 16, sample_no: 33, actual label: 1, predicted: 1
iter: 17, sample_no: 276, actual label: 0, predicted: 1
iter: 18, sample_no: 110, actual label: 0, predicted: 1
iter: 19, sample_no: 96, actual label: 0, predicted: 1
iter: 20, sample_no: 137, actual label: 1, predicted: 1
iter: 21, sample_no: 280, actual label: 0, predicted: 1
iter: 22, sample_no: 240, actual label: 1, predicted: 1
iter: 23, sample_no: 190, actual label: 0, predicted: 1
iter: 24, sample_no: 126, actual label: 1, predicted: 1
number of samples: 308
AUC 0.5
pos_get 123
total recall stop_at 1
@@@ C - Repeat number: 7
@@@ D - common_header:  {'F3-int', 'F15-NA', 'F3-NA', 'F3-String', 'F116', 'F15-public', 'F104', 'F65', 'F101', 'F41', 'F117', 'F110', 'F72', 'F105', 'F25', 'category', 'F123', 'F22', 'F115', 'F77', 'F126', 'F120', 'F68'}
     F72   F25  F65  F68  ...  F115   F77   F41 F126
1   2562  1117  180   33  ...  -1.0   279  1183  558
2   2562  1117  180   33  ...  -1.0  1227  1183  558
1  22821  1931   28  278  ...   0.5  2237   868    0

[3 rows x 22 columns]
;.;
        F72       F25       F65     F68  ...  F115       F77       F41  F126
0  0.063817  0.242270  0.604730  0.0775  ...  0.00  0.021787  0.231010   1.0
1  0.063817  0.242270  0.604730  0.0775  ...  0.00  0.099143  0.231010   1.0
2  1.000000  0.422041  0.091216  0.6900  ...  0.75  0.181559  0.169498   0.0

[3 rows x 22 columns]
training_x: (460, 22)
training_y: 460
testset_x: (308, 22)
testset_y: 308
              precision    recall  f1-score   support

           0       0.00      0.00      0.00       185
           1       0.40      1.00      0.57       123

    accuracy                           0.40       308
   macro avg       0.20      0.50      0.29       308
weighted avg       0.16      0.40      0.23       308

accuracy: 0.39935064935064934
0.5707656612529002
@@@ tn: 0, fp: 185, fn: 0, tp: 123
@@@ LIME - Creating explainer
@@@ LIME - Random Sampling of Instances
iter: 0, sample_no: 173, actual label: 1, predicted: 1
iter: 1, sample_no: 38, actual label: 1, predicted: 1
iter: 2, sample_no: 244, actual label: 0, predicted: 1
iter: 3, sample_no: 55, actual label: 1, predicted: 1
iter: 4, sample_no: 238, actual label: 0, predicted: 1
iter: 5, sample_no: 135, actual label: 0, predicted: 1
iter: 6, sample_no: 33, actual label: 1, predicted: 1
iter: 7, sample_no: 93, actual label: 0, predicted: 1
iter: 8, sample_no: 61, actual label: 0, predicted: 1
iter: 9, sample_no: 67, actual label: 1, predicted: 1
iter: 10, sample_no: 8, actual label: 0, predicted: 1
iter: 11, sample_no: 236, actual label: 0, predicted: 1
iter: 12, sample_no: 216, actual label: 0, predicted: 1
iter: 13, sample_no: 67, actual label: 1, predicted: 1
iter: 14, sample_no: 118, actual label: 0, predicted: 1
iter: 15, sample_no: 291, actual label: 0, predicted: 1
iter: 16, sample_no: 274, actual label: 0, predicted: 1
iter: 17, sample_no: 271, actual label: 0, predicted: 1
iter: 18, sample_no: 27, actual label: 0, predicted: 1
iter: 19, sample_no: 23, actual label: 0, predicted: 1
iter: 20, sample_no: 204, actual label: 1, predicted: 1
iter: 21, sample_no: 81, actual label: 0, predicted: 1
iter: 22, sample_no: 185, actual label: 1, predicted: 1
iter: 23, sample_no: 55, actual label: 1, predicted: 1
iter: 24, sample_no: 2, actual label: 1, predicted: 1
number of samples: 308
AUC 0.5
pos_get 123
total recall stop_at 1
@@@ C - Repeat number: 8
@@@ D - common_header:  {'F3-int', 'F15-NA', 'F3-NA', 'F3-String', 'F116', 'F15-public', 'F104', 'F65', 'F101', 'F41', 'F117', 'F110', 'F72', 'F105', 'F25', 'category', 'F123', 'F22', 'F115', 'F77', 'F126', 'F120', 'F68'}
     F72   F25  F65  F68  ...  F115   F77   F41 F126
1   2562  1117  180   33  ...  -1.0   279  1183  558
2   2562  1117  180   33  ...  -1.0  1227  1183  558
1  22821  1931   28  278  ...   0.5  2237   868    0

[3 rows x 22 columns]
;.;
        F72       F25       F65     F68  ...  F115       F77       F41  F126
0  0.063817  0.242270  0.604730  0.0775  ...  0.00  0.021787  0.231010   1.0
1  0.063817  0.242270  0.604730  0.0775  ...  0.00  0.099143  0.231010   1.0
2  1.000000  0.422041  0.091216  0.6900  ...  0.75  0.181559  0.169498   0.0

[3 rows x 22 columns]
training_x: (460, 22)
training_y: 460
testset_x: (308, 22)
testset_y: 308
              precision    recall  f1-score   support

           0       0.00      0.00      0.00       185
           1       0.40      1.00      0.57       123

    accuracy                           0.40       308
   macro avg       0.20      0.50      0.29       308
weighted avg       0.16      0.40      0.23       308

accuracy: 0.39935064935064934
0.5707656612529002
@@@ tn: 0, fp: 185, fn: 0, tp: 123
@@@ LIME - Creating explainer
@@@ LIME - Random Sampling of Instances
iter: 0, sample_no: 176, actual label: 1, predicted: 1
iter: 1, sample_no: 67, actual label: 1, predicted: 1
iter: 2, sample_no: 125, actual label: 0, predicted: 1
iter: 3, sample_no: 48, actual label: 0, predicted: 1
iter: 4, sample_no: 151, actual label: 0, predicted: 1
iter: 5, sample_no: 96, actual label: 0, predicted: 1
iter: 6, sample_no: 13, actual label: 0, predicted: 1
iter: 7, sample_no: 84, actual label: 1, predicted: 1
iter: 8, sample_no: 187, actual label: 1, predicted: 1
iter: 9, sample_no: 161, actual label: 0, predicted: 1
iter: 10, sample_no: 114, actual label: 1, predicted: 1
iter: 11, sample_no: 254, actual label: 0, predicted: 1
iter: 12, sample_no: 26, actual label: 0, predicted: 1
iter: 13, sample_no: 86, actual label: 0, predicted: 1
iter: 14, sample_no: 95, actual label: 0, predicted: 1
iter: 15, sample_no: 197, actual label: 1, predicted: 1
iter: 16, sample_no: 179, actual label: 0, predicted: 1
iter: 17, sample_no: 251, actual label: 0, predicted: 1
iter: 18, sample_no: 41, actual label: 0, predicted: 1
iter: 19, sample_no: 83, actual label: 0, predicted: 1
iter: 20, sample_no: 131, actual label: 0, predicted: 1
iter: 21, sample_no: 18, actual label: 0, predicted: 1
iter: 22, sample_no: 219, actual label: 0, predicted: 1
iter: 23, sample_no: 290, actual label: 1, predicted: 1
iter: 24, sample_no: 299, actual label: 0, predicted: 1
number of samples: 308
AUC 0.5
pos_get 123
total recall stop_at 1
@@@ C - Repeat number: 9
@@@ D - common_header:  {'F3-int', 'F15-NA', 'F3-NA', 'F3-String', 'F116', 'F15-public', 'F104', 'F65', 'F101', 'F41', 'F117', 'F110', 'F72', 'F105', 'F25', 'category', 'F123', 'F22', 'F115', 'F77', 'F126', 'F120', 'F68'}
     F72   F25  F65  F68  ...  F115   F77   F41 F126
1   2562  1117  180   33  ...  -1.0   279  1183  558
2   2562  1117  180   33  ...  -1.0  1227  1183  558
1  22821  1931   28  278  ...   0.5  2237   868    0

[3 rows x 22 columns]
;.;
        F72       F25       F65     F68  ...  F115       F77       F41  F126
0  0.063817  0.242270  0.604730  0.0775  ...  0.00  0.021787  0.231010   1.0
1  0.063817  0.242270  0.604730  0.0775  ...  0.00  0.099143  0.231010   1.0
2  1.000000  0.422041  0.091216  0.6900  ...  0.75  0.181559  0.169498   0.0

[3 rows x 22 columns]
training_x: (460, 22)
training_y: 460
testset_x: (308, 22)
testset_y: 308
              precision    recall  f1-score   support

           0       0.00      0.00      0.00       185
           1       0.40      1.00      0.57       123

    accuracy                           0.40       308
   macro avg       0.20      0.50      0.29       308
weighted avg       0.16      0.40      0.23       308

accuracy: 0.39935064935064934
0.5707656612529002
@@@ tn: 0, fp: 185, fn: 0, tp: 123
@@@ LIME - Creating explainer
@@@ LIME - Random Sampling of Instances
iter: 0, sample_no: 57, actual label: 1, predicted: 1
iter: 1, sample_no: 170, actual label: 0, predicted: 1
iter: 2, sample_no: 130, actual label: 0, predicted: 1
iter: 3, sample_no: 26, actual label: 0, predicted: 1
iter: 4, sample_no: 294, actual label: 0, predicted: 1
iter: 5, sample_no: 76, actual label: 1, predicted: 1
iter: 6, sample_no: 81, actual label: 0, predicted: 1
iter: 7, sample_no: 216, actual label: 0, predicted: 1
iter: 8, sample_no: 110, actual label: 0, predicted: 1
iter: 9, sample_no: 140, actual label: 0, predicted: 1
iter: 10, sample_no: 139, actual label: 0, predicted: 1
iter: 11, sample_no: 212, actual label: 0, predicted: 1
iter: 12, sample_no: 259, actual label: 0, predicted: 1
iter: 13, sample_no: 122, actual label: 0, predicted: 1
iter: 14, sample_no: 238, actual label: 0, predicted: 1
iter: 15, sample_no: 224, actual label: 1, predicted: 1
iter: 16, sample_no: 236, actual label: 0, predicted: 1
iter: 17, sample_no: 108, actual label: 0, predicted: 1
iter: 18, sample_no: 262, actual label: 1, predicted: 1
iter: 19, sample_no: 305, actual label: 0, predicted: 1
iter: 20, sample_no: 140, actual label: 0, predicted: 1
iter: 21, sample_no: 147, actual label: 0, predicted: 1
iter: 22, sample_no: 104, actual label: 1, predicted: 1
iter: 23, sample_no: 122, actual label: 0, predicted: 1
iter: 24, sample_no: 32, actual label: 0, predicted: 1
number of samples: 308
AUC 0.5
pos_get 123
total recall stop_at 1
@@@ C - Repeat number: 10
@@@ D - common_header:  {'F3-int', 'F15-NA', 'F3-NA', 'F3-String', 'F116', 'F15-public', 'F104', 'F65', 'F101', 'F41', 'F117', 'F110', 'F72', 'F105', 'F25', 'category', 'F123', 'F22', 'F115', 'F77', 'F126', 'F120', 'F68'}
     F72   F25  F65  F68  ...  F115   F77   F41 F126
1   2562  1117  180   33  ...  -1.0   279  1183  558
2   2562  1117  180   33  ...  -1.0  1227  1183  558
1  22821  1931   28  278  ...   0.5  2237   868    0

[3 rows x 22 columns]
;.;
        F72       F25       F65     F68  ...  F115       F77       F41  F126
0  0.063817  0.242270  0.604730  0.0775  ...  0.00  0.021787  0.231010   1.0
1  0.063817  0.242270  0.604730  0.0775  ...  0.00  0.099143  0.231010   1.0
2  1.000000  0.422041  0.091216  0.6900  ...  0.75  0.181559  0.169498   0.0

[3 rows x 22 columns]
training_x: (460, 22)
training_y: 460
testset_x: (308, 22)
testset_y: 308
              precision    recall  f1-score   support

           0       0.00      0.00      0.00       185
           1       0.40      1.00      0.57       123

    accuracy                           0.40       308
   macro avg       0.20      0.50      0.29       308
weighted avg       0.16      0.40      0.23       308

accuracy: 0.39935064935064934
0.5707656612529002
@@@ tn: 0, fp: 185, fn: 0, tp: 123
@@@ LIME - Creating explainer
@@@ LIME - Random Sampling of Instances
iter: 0, sample_no: 156, actual label: 0, predicted: 1
iter: 1, sample_no: 12, actual label: 0, predicted: 1
iter: 2, sample_no: 194, actual label: 0, predicted: 1
iter: 3, sample_no: 37, actual label: 0, predicted: 1
iter: 4, sample_no: 71, actual label: 1, predicted: 1
iter: 5, sample_no: 248, actual label: 0, predicted: 1
iter: 6, sample_no: 146, actual label: 1, predicted: 1
iter: 7, sample_no: 33, actual label: 1, predicted: 1
iter: 8, sample_no: 249, actual label: 0, predicted: 1
iter: 9, sample_no: 275, actual label: 1, predicted: 1
iter: 10, sample_no: 89, actual label: 1, predicted: 1
iter: 11, sample_no: 23, actual label: 0, predicted: 1
iter: 12, sample_no: 75, actual label: 1, predicted: 1
iter: 13, sample_no: 88, actual label: 1, predicted: 1
iter: 14, sample_no: 35, actual label: 1, predicted: 1
iter: 15, sample_no: 247, actual label: 1, predicted: 1
iter: 16, sample_no: 270, actual label: 0, predicted: 1
iter: 17, sample_no: 175, actual label: 1, predicted: 1
iter: 18, sample_no: 224, actual label: 1, predicted: 1
iter: 19, sample_no: 307, actual label: 0, predicted: 1
iter: 20, sample_no: 24, actual label: 1, predicted: 1
iter: 21, sample_no: 132, actual label: 0, predicted: 1
iter: 22, sample_no: 303, actual label: 0, predicted: 1
iter: 23, sample_no: 254, actual label: 0, predicted: 1
iter: 24, sample_no: 282, actual label: 0, predicted: 1
number of samples: 308
AUC 0.5
pos_get 123
total recall stop_at 1
----------threshold stop at----------: 1
AUC [0.5, 0.5, 0.5, 0.5, 0.5, 0.5, 0.5, 0.5, 0.5, 0.5]
AUC_median 0.5
AUC_iqr 0.0
cost [1, 1, 1, 1, 1, 1, 1, 1, 1, 1]
COST_med 1.0
COST_iqr 0.0
f1_pos_list [np.float64(0.5707656612529002), np.float64(0.5707656612529002), np.float64(0.5707656612529002), np.float64(0.5707656612529002), np.float64(0.5707656612529002), np.float64(0.5707656612529002), np.float64(0.5707656612529002), np.float64(0.5707656612529002), np.float64(0.5707656612529002), np.float64(0.5707656612529002)]
f1_pos_med 0.5707656612529002
total_tn 0
total_fp 1850
total_fn 0
total_tp 1230
p= 0.39935064935064934
r= 1.0
f= 0.5707656612529002
