@@@ A - classifier: KNeighborsClassifier(n_neighbors=10)
@@@ B - threshold stop at: 1
@@@ C - Repeat number: 1
@@@ D - common_header:  {'F71-noble@apache.org', 'F71-mikemccand@apache.org', 'F72', 'F104', 'F71-romseygeek@apache.org', 'F15-private', 'F110', 'F71-ryan@apache.org', 'F120', 'F71-anshum@apache.org', 'F71-markrmiller@apache.org', 'F117', 'F22', 'F68', 'F41', 'category', 'F3-String', 'F3-char', 'F3-int', 'F71-yonik@apache.org', 'F71-erick@apache.org', 'F3-CharSequence', 'F3-Path', 'F71-hossman@apache.org', 'F101', 'F3-Class', 'F15-public', 'F3-char[]', 'F25', 'F71-sarowe@apache.org', 'F3-CharStream', 'F71-rmuir@apache.org', 'F105', 'F126', 'F3-int[]', 'F71-shalin@apache.org', 'F71-jpountz@apache.org', 'F3-boolean', 'F3-long', 'F15-protected', 'F115', 'F77', 'F71-uschindler@apache.org', 'F15-NA', 'F3-ValueSource', 'F3-NA', 'F71-chrism@apache.org', 'F123', 'F71-shaie@apache.org', 'F3-long[]', 'F65', 'F3-Among[]', 'F71-rjernst@apache.org', 'F71-simonw@apache.org', 'F116', 'F3-FileInputStream'}
     F72   F25  ... F71-erick@apache.org F71-uschindler@apache.org
1   4679    97  ...                    0                         1
2   4679    97  ...                    0                         1
3  19865  2075  ...                    0                         1

[3 rows x 55 columns]
;.;
        F72       F25  ...  F71-erick@apache.org  F71-uschindler@apache.org
0  0.035424  0.023909  ...                   0.0                        1.0
1  0.035424  0.023909  ...                   0.0                        1.0
2  0.747947  0.511462  ...                   0.0                        1.0

[3 rows x 55 columns]
training_x: (3259, 55)
training_y: 3259
testset_x: (3425, 55)
testset_y: 3425
              precision    recall  f1-score   support

           0       0.88      0.97      0.92      2257
           1       0.93      0.75      0.83      1168

    accuracy                           0.90      3425
   macro avg       0.91      0.86      0.88      3425
weighted avg       0.90      0.90      0.89      3425

accuracy: 0.8951824817518248
0.8292914883499762
@@@ tn: 2194, fp: 63, fn: 296, tp: 872
@@@ LIME - Creating explainer
@@@ LIME - Random Sampling of Instances
iter: 0, sample_no: 1860, actual label: 1, predicted: 0
iter: 1, sample_no: 3335, actual label: 1, predicted: 1
iter: 2, sample_no: 408, actual label: 1, predicted: 1
iter: 3, sample_no: 2016, actual label: 0, predicted: 0
iter: 4, sample_no: 2809, actual label: 0, predicted: 0
iter: 5, sample_no: 1947, actual label: 0, predicted: 0
iter: 6, sample_no: 1079, actual label: 0, predicted: 0
iter: 7, sample_no: 1202, actual label: 0, predicted: 0
iter: 8, sample_no: 2052, actual label: 0, predicted: 0
iter: 9, sample_no: 1516, actual label: 0, predicted: 0
iter: 10, sample_no: 2100, actual label: 0, predicted: 0
iter: 11, sample_no: 1317, actual label: 0, predicted: 0
iter: 12, sample_no: 1121, actual label: 1, predicted: 1
iter: 13, sample_no: 2156, actual label: 0, predicted: 0
iter: 14, sample_no: 1323, actual label: 0, predicted: 0
iter: 15, sample_no: 1169, actual label: 0, predicted: 0
iter: 16, sample_no: 2335, actual label: 0, predicted: 0
iter: 17, sample_no: 2606, actual label: 1, predicted: 1
iter: 18, sample_no: 2849, actual label: 0, predicted: 0
iter: 19, sample_no: 2417, actual label: 0, predicted: 0
iter: 20, sample_no: 495, actual label: 1, predicted: 0
iter: 21, sample_no: 804, actual label: 0, predicted: 0
iter: 22, sample_no: 1869, actual label: 0, predicted: 0
iter: 23, sample_no: 2657, actual label: 1, predicted: 1
iter: 24, sample_no: 3108, actual label: 0, predicted: 0
number of samples: 3425
AUC 0.9617223963802114
pos_get 1168
total recall stop_at 1.0
@@@ C - Repeat number: 2
@@@ D - common_header:  {'F71-noble@apache.org', 'F71-mikemccand@apache.org', 'F72', 'F104', 'F71-romseygeek@apache.org', 'F15-private', 'F110', 'F71-ryan@apache.org', 'F120', 'F71-anshum@apache.org', 'F71-markrmiller@apache.org', 'F117', 'F22', 'F68', 'F41', 'category', 'F3-String', 'F3-char', 'F3-int', 'F71-yonik@apache.org', 'F71-erick@apache.org', 'F3-CharSequence', 'F3-Path', 'F71-hossman@apache.org', 'F101', 'F3-Class', 'F15-public', 'F3-char[]', 'F25', 'F71-sarowe@apache.org', 'F3-CharStream', 'F71-rmuir@apache.org', 'F105', 'F126', 'F3-int[]', 'F71-shalin@apache.org', 'F71-jpountz@apache.org', 'F3-boolean', 'F3-long', 'F15-protected', 'F115', 'F77', 'F71-uschindler@apache.org', 'F15-NA', 'F3-ValueSource', 'F3-NA', 'F71-chrism@apache.org', 'F123', 'F71-shaie@apache.org', 'F3-long[]', 'F65', 'F3-Among[]', 'F71-rjernst@apache.org', 'F71-simonw@apache.org', 'F116', 'F3-FileInputStream'}
     F72   F25  ... F71-erick@apache.org F71-uschindler@apache.org
1   4679    97  ...                    0                         1
2   4679    97  ...                    0                         1
3  19865  2075  ...                    0                         1

[3 rows x 55 columns]
;.;
        F72       F25  ...  F71-erick@apache.org  F71-uschindler@apache.org
0  0.035424  0.023909  ...                   0.0                        1.0
1  0.035424  0.023909  ...                   0.0                        1.0
2  0.747947  0.511462  ...                   0.0                        1.0

[3 rows x 55 columns]
training_x: (3259, 55)
training_y: 3259
testset_x: (3425, 55)
testset_y: 3425
              precision    recall  f1-score   support

           0       0.88      0.97      0.92      2257
           1       0.93      0.75      0.83      1168

    accuracy                           0.90      3425
   macro avg       0.91      0.86      0.88      3425
weighted avg       0.90      0.90      0.89      3425

accuracy: 0.8951824817518248
0.8292914883499762
@@@ tn: 2194, fp: 63, fn: 296, tp: 872
@@@ LIME - Creating explainer
@@@ LIME - Random Sampling of Instances
iter: 0, sample_no: 1812, actual label: 0, predicted: 0
iter: 1, sample_no: 2148, actual label: 0, predicted: 0
iter: 2, sample_no: 2142, actual label: 0, predicted: 0
iter: 3, sample_no: 721, actual label: 1, predicted: 0
iter: 4, sample_no: 2343, actual label: 0, predicted: 0
iter: 5, sample_no: 1101, actual label: 0, predicted: 0
iter: 6, sample_no: 2615, actual label: 0, predicted: 0
iter: 7, sample_no: 64, actual label: 0, predicted: 0
iter: 8, sample_no: 549, actual label: 0, predicted: 0
iter: 9, sample_no: 1261, actual label: 0, predicted: 0
iter: 10, sample_no: 3391, actual label: 1, predicted: 1
iter: 11, sample_no: 2182, actual label: 0, predicted: 0
iter: 12, sample_no: 914, actual label: 0, predicted: 0
iter: 13, sample_no: 1502, actual label: 0, predicted: 0
iter: 14, sample_no: 2532, actual label: 0, predicted: 0
iter: 15, sample_no: 915, actual label: 0, predicted: 0
iter: 16, sample_no: 2854, actual label: 0, predicted: 0
iter: 17, sample_no: 3270, actual label: 1, predicted: 1
iter: 18, sample_no: 2696, actual label: 1, predicted: 1
iter: 19, sample_no: 2681, actual label: 1, predicted: 0
iter: 20, sample_no: 708, actual label: 0, predicted: 0
iter: 21, sample_no: 2773, actual label: 0, predicted: 0
iter: 22, sample_no: 1626, actual label: 0, predicted: 1
iter: 23, sample_no: 516, actual label: 0, predicted: 0
iter: 24, sample_no: 1182, actual label: 1, predicted: 1
number of samples: 3425
AUC 0.9617223963802114
pos_get 1168
total recall stop_at 1.0
@@@ C - Repeat number: 3
@@@ D - common_header:  {'F71-noble@apache.org', 'F71-mikemccand@apache.org', 'F72', 'F104', 'F71-romseygeek@apache.org', 'F15-private', 'F110', 'F71-ryan@apache.org', 'F120', 'F71-anshum@apache.org', 'F71-markrmiller@apache.org', 'F117', 'F22', 'F68', 'F41', 'category', 'F3-String', 'F3-char', 'F3-int', 'F71-yonik@apache.org', 'F71-erick@apache.org', 'F3-CharSequence', 'F3-Path', 'F71-hossman@apache.org', 'F101', 'F3-Class', 'F15-public', 'F3-char[]', 'F25', 'F71-sarowe@apache.org', 'F3-CharStream', 'F71-rmuir@apache.org', 'F105', 'F126', 'F3-int[]', 'F71-shalin@apache.org', 'F71-jpountz@apache.org', 'F3-boolean', 'F3-long', 'F15-protected', 'F115', 'F77', 'F71-uschindler@apache.org', 'F15-NA', 'F3-ValueSource', 'F3-NA', 'F71-chrism@apache.org', 'F123', 'F71-shaie@apache.org', 'F3-long[]', 'F65', 'F3-Among[]', 'F71-rjernst@apache.org', 'F71-simonw@apache.org', 'F116', 'F3-FileInputStream'}
     F72   F25  ... F71-erick@apache.org F71-uschindler@apache.org
1   4679    97  ...                    0                         1
2   4679    97  ...                    0                         1
3  19865  2075  ...                    0                         1

[3 rows x 55 columns]
;.;
        F72       F25  ...  F71-erick@apache.org  F71-uschindler@apache.org
0  0.035424  0.023909  ...                   0.0                        1.0
1  0.035424  0.023909  ...                   0.0                        1.0
2  0.747947  0.511462  ...                   0.0                        1.0

[3 rows x 55 columns]
training_x: (3259, 55)
training_y: 3259
testset_x: (3425, 55)
testset_y: 3425
              precision    recall  f1-score   support

           0       0.88      0.97      0.92      2257
           1       0.93      0.75      0.83      1168

    accuracy                           0.90      3425
   macro avg       0.91      0.86      0.88      3425
weighted avg       0.90      0.90      0.89      3425

accuracy: 0.8951824817518248
0.8292914883499762
@@@ tn: 2194, fp: 63, fn: 296, tp: 872
@@@ LIME - Creating explainer
@@@ LIME - Random Sampling of Instances
iter: 0, sample_no: 3019, actual label: 1, predicted: 0
iter: 1, sample_no: 2952, actual label: 0, predicted: 0
iter: 2, sample_no: 296, actual label: 1, predicted: 1
iter: 3, sample_no: 2761, actual label: 0, predicted: 0
iter: 4, sample_no: 2738, actual label: 0, predicted: 0
iter: 5, sample_no: 802, actual label: 0, predicted: 0
iter: 6, sample_no: 123, actual label: 1, predicted: 1
iter: 7, sample_no: 173, actual label: 0, predicted: 0
iter: 8, sample_no: 764, actual label: 1, predicted: 1
iter: 9, sample_no: 2596, actual label: 0, predicted: 0
iter: 10, sample_no: 217, actual label: 1, predicted: 1
iter: 11, sample_no: 3247, actual label: 1, predicted: 1
iter: 12, sample_no: 1060, actual label: 0, predicted: 0
iter: 13, sample_no: 1024, actual label: 0, predicted: 0
iter: 14, sample_no: 1819, actual label: 0, predicted: 0
iter: 15, sample_no: 79, actual label: 1, predicted: 1
iter: 16, sample_no: 1434, actual label: 1, predicted: 1
iter: 17, sample_no: 3044, actual label: 0, predicted: 0
iter: 18, sample_no: 1159, actual label: 1, predicted: 0
iter: 19, sample_no: 571, actual label: 0, predicted: 0
iter: 20, sample_no: 2631, actual label: 1, predicted: 0
iter: 21, sample_no: 139, actual label: 0, predicted: 0
iter: 22, sample_no: 249, actual label: 1, predicted: 1
iter: 23, sample_no: 1387, actual label: 0, predicted: 0
iter: 24, sample_no: 740, actual label: 0, predicted: 0
number of samples: 3425
AUC 0.9617223963802114
pos_get 1168
total recall stop_at 1.0
@@@ C - Repeat number: 4
@@@ D - common_header:  {'F71-noble@apache.org', 'F71-mikemccand@apache.org', 'F72', 'F104', 'F71-romseygeek@apache.org', 'F15-private', 'F110', 'F71-ryan@apache.org', 'F120', 'F71-anshum@apache.org', 'F71-markrmiller@apache.org', 'F117', 'F22', 'F68', 'F41', 'category', 'F3-String', 'F3-char', 'F3-int', 'F71-yonik@apache.org', 'F71-erick@apache.org', 'F3-CharSequence', 'F3-Path', 'F71-hossman@apache.org', 'F101', 'F3-Class', 'F15-public', 'F3-char[]', 'F25', 'F71-sarowe@apache.org', 'F3-CharStream', 'F71-rmuir@apache.org', 'F105', 'F126', 'F3-int[]', 'F71-shalin@apache.org', 'F71-jpountz@apache.org', 'F3-boolean', 'F3-long', 'F15-protected', 'F115', 'F77', 'F71-uschindler@apache.org', 'F15-NA', 'F3-ValueSource', 'F3-NA', 'F71-chrism@apache.org', 'F123', 'F71-shaie@apache.org', 'F3-long[]', 'F65', 'F3-Among[]', 'F71-rjernst@apache.org', 'F71-simonw@apache.org', 'F116', 'F3-FileInputStream'}
     F72   F25  ... F71-erick@apache.org F71-uschindler@apache.org
1   4679    97  ...                    0                         1
2   4679    97  ...                    0                         1
3  19865  2075  ...                    0                         1

[3 rows x 55 columns]
;.;
        F72       F25  ...  F71-erick@apache.org  F71-uschindler@apache.org
0  0.035424  0.023909  ...                   0.0                        1.0
1  0.035424  0.023909  ...                   0.0                        1.0
2  0.747947  0.511462  ...                   0.0                        1.0

[3 rows x 55 columns]
training_x: (3259, 55)
training_y: 3259
testset_x: (3425, 55)
testset_y: 3425
              precision    recall  f1-score   support

           0       0.88      0.97      0.92      2257
           1       0.93      0.75      0.83      1168

    accuracy                           0.90      3425
   macro avg       0.91      0.86      0.88      3425
weighted avg       0.90      0.90      0.89      3425

accuracy: 0.8951824817518248
0.8292914883499762
@@@ tn: 2194, fp: 63, fn: 296, tp: 872
@@@ LIME - Creating explainer
@@@ LIME - Random Sampling of Instances
iter: 0, sample_no: 3261, actual label: 1, predicted: 1
iter: 1, sample_no: 710, actual label: 0, predicted: 0
iter: 2, sample_no: 2399, actual label: 1, predicted: 0
iter: 3, sample_no: 3131, actual label: 0, predicted: 0
iter: 4, sample_no: 775, actual label: 0, predicted: 0
iter: 5, sample_no: 2600, actual label: 0, predicted: 1
iter: 6, sample_no: 196, actual label: 1, predicted: 1
iter: 7, sample_no: 220, actual label: 1, predicted: 1
iter: 8, sample_no: 320, actual label: 0, predicted: 0
iter: 9, sample_no: 2950, actual label: 0, predicted: 0
iter: 10, sample_no: 872, actual label: 0, predicted: 0
iter: 11, sample_no: 2831, actual label: 0, predicted: 0
iter: 12, sample_no: 2715, actual label: 0, predicted: 0
iter: 13, sample_no: 2810, actual label: 0, predicted: 0
iter: 14, sample_no: 2394, actual label: 0, predicted: 0
iter: 15, sample_no: 1121, actual label: 1, predicted: 1
iter: 16, sample_no: 739, actual label: 0, predicted: 0
iter: 17, sample_no: 961, actual label: 0, predicted: 0
iter: 18, sample_no: 643, actual label: 0, predicted: 0
iter: 19, sample_no: 1621, actual label: 1, predicted: 1
iter: 20, sample_no: 566, actual label: 0, predicted: 0
iter: 21, sample_no: 391, actual label: 1, predicted: 1
iter: 22, sample_no: 2639, actual label: 1, predicted: 1
iter: 23, sample_no: 2207, actual label: 0, predicted: 0
iter: 24, sample_no: 3118, actual label: 1, predicted: 0
number of samples: 3425
AUC 0.9617223963802114
pos_get 1168
total recall stop_at 1.0
@@@ C - Repeat number: 5
@@@ D - common_header:  {'F71-noble@apache.org', 'F71-mikemccand@apache.org', 'F72', 'F104', 'F71-romseygeek@apache.org', 'F15-private', 'F110', 'F71-ryan@apache.org', 'F120', 'F71-anshum@apache.org', 'F71-markrmiller@apache.org', 'F117', 'F22', 'F68', 'F41', 'category', 'F3-String', 'F3-char', 'F3-int', 'F71-yonik@apache.org', 'F71-erick@apache.org', 'F3-CharSequence', 'F3-Path', 'F71-hossman@apache.org', 'F101', 'F3-Class', 'F15-public', 'F3-char[]', 'F25', 'F71-sarowe@apache.org', 'F3-CharStream', 'F71-rmuir@apache.org', 'F105', 'F126', 'F3-int[]', 'F71-shalin@apache.org', 'F71-jpountz@apache.org', 'F3-boolean', 'F3-long', 'F15-protected', 'F115', 'F77', 'F71-uschindler@apache.org', 'F15-NA', 'F3-ValueSource', 'F3-NA', 'F71-chrism@apache.org', 'F123', 'F71-shaie@apache.org', 'F3-long[]', 'F65', 'F3-Among[]', 'F71-rjernst@apache.org', 'F71-simonw@apache.org', 'F116', 'F3-FileInputStream'}
     F72   F25  ... F71-erick@apache.org F71-uschindler@apache.org
1   4679    97  ...                    0                         1
2   4679    97  ...                    0                         1
3  19865  2075  ...                    0                         1

[3 rows x 55 columns]
;.;
        F72       F25  ...  F71-erick@apache.org  F71-uschindler@apache.org
0  0.035424  0.023909  ...                   0.0                        1.0
1  0.035424  0.023909  ...                   0.0                        1.0
2  0.747947  0.511462  ...                   0.0                        1.0

[3 rows x 55 columns]
training_x: (3259, 55)
training_y: 3259
testset_x: (3425, 55)
testset_y: 3425
              precision    recall  f1-score   support

           0       0.88      0.97      0.92      2257
           1       0.93      0.75      0.83      1168

    accuracy                           0.90      3425
   macro avg       0.91      0.86      0.88      3425
weighted avg       0.90      0.90      0.89      3425

accuracy: 0.8951824817518248
0.8292914883499762
@@@ tn: 2194, fp: 63, fn: 296, tp: 872
@@@ LIME - Creating explainer
@@@ LIME - Random Sampling of Instances
iter: 0, sample_no: 1159, actual label: 1, predicted: 0
iter: 1, sample_no: 1257, actual label: 0, predicted: 0
iter: 2, sample_no: 3117, actual label: 0, predicted: 0
iter: 3, sample_no: 351, actual label: 1, predicted: 1
iter: 4, sample_no: 2127, actual label: 0, predicted: 0
iter: 5, sample_no: 826, actual label: 1, predicted: 1
iter: 6, sample_no: 509, actual label: 0, predicted: 0
iter: 7, sample_no: 2766, actual label: 1, predicted: 1
iter: 8, sample_no: 1675, actual label: 0, predicted: 0
iter: 9, sample_no: 418, actual label: 1, predicted: 1
iter: 10, sample_no: 2903, actual label: 1, predicted: 1
iter: 11, sample_no: 1818, actual label: 0, predicted: 0
iter: 12, sample_no: 1710, actual label: 0, predicted: 0
iter: 13, sample_no: 2388, actual label: 0, predicted: 0
iter: 14, sample_no: 2054, actual label: 0, predicted: 0
iter: 15, sample_no: 2774, actual label: 0, predicted: 0
iter: 16, sample_no: 883, actual label: 0, predicted: 0
iter: 17, sample_no: 2264, actual label: 1, predicted: 0
iter: 18, sample_no: 2055, actual label: 0, predicted: 0
iter: 19, sample_no: 814, actual label: 0, predicted: 0
iter: 20, sample_no: 1867, actual label: 0, predicted: 0
iter: 21, sample_no: 2772, actual label: 1, predicted: 0
iter: 22, sample_no: 1193, actual label: 0, predicted: 0
iter: 23, sample_no: 1699, actual label: 0, predicted: 0
iter: 24, sample_no: 1467, actual label: 0, predicted: 0
number of samples: 3425
AUC 0.9617223963802114
pos_get 1168
total recall stop_at 1.0
@@@ C - Repeat number: 6
@@@ D - common_header:  {'F71-noble@apache.org', 'F71-mikemccand@apache.org', 'F72', 'F104', 'F71-romseygeek@apache.org', 'F15-private', 'F110', 'F71-ryan@apache.org', 'F120', 'F71-anshum@apache.org', 'F71-markrmiller@apache.org', 'F117', 'F22', 'F68', 'F41', 'category', 'F3-String', 'F3-char', 'F3-int', 'F71-yonik@apache.org', 'F71-erick@apache.org', 'F3-CharSequence', 'F3-Path', 'F71-hossman@apache.org', 'F101', 'F3-Class', 'F15-public', 'F3-char[]', 'F25', 'F71-sarowe@apache.org', 'F3-CharStream', 'F71-rmuir@apache.org', 'F105', 'F126', 'F3-int[]', 'F71-shalin@apache.org', 'F71-jpountz@apache.org', 'F3-boolean', 'F3-long', 'F15-protected', 'F115', 'F77', 'F71-uschindler@apache.org', 'F15-NA', 'F3-ValueSource', 'F3-NA', 'F71-chrism@apache.org', 'F123', 'F71-shaie@apache.org', 'F3-long[]', 'F65', 'F3-Among[]', 'F71-rjernst@apache.org', 'F71-simonw@apache.org', 'F116', 'F3-FileInputStream'}
     F72   F25  ... F71-erick@apache.org F71-uschindler@apache.org
1   4679    97  ...                    0                         1
2   4679    97  ...                    0                         1
3  19865  2075  ...                    0                         1

[3 rows x 55 columns]
;.;
        F72       F25  ...  F71-erick@apache.org  F71-uschindler@apache.org
0  0.035424  0.023909  ...                   0.0                        1.0
1  0.035424  0.023909  ...                   0.0                        1.0
2  0.747947  0.511462  ...                   0.0                        1.0

[3 rows x 55 columns]
training_x: (3259, 55)
training_y: 3259
testset_x: (3425, 55)
testset_y: 3425
              precision    recall  f1-score   support

           0       0.88      0.97      0.92      2257
           1       0.93      0.75      0.83      1168

    accuracy                           0.90      3425
   macro avg       0.91      0.86      0.88      3425
weighted avg       0.90      0.90      0.89      3425

accuracy: 0.8951824817518248
0.8292914883499762
@@@ tn: 2194, fp: 63, fn: 296, tp: 872
@@@ LIME - Creating explainer
@@@ LIME - Random Sampling of Instances
iter: 0, sample_no: 2611, actual label: 0, predicted: 0
iter: 1, sample_no: 392, actual label: 1, predicted: 1
iter: 2, sample_no: 1214, actual label: 0, predicted: 0
iter: 3, sample_no: 2836, actual label: 0, predicted: 0
iter: 4, sample_no: 789, actual label: 1, predicted: 1
iter: 5, sample_no: 1448, actual label: 0, predicted: 0
iter: 6, sample_no: 940, actual label: 0, predicted: 0
iter: 7, sample_no: 1971, actual label: 1, predicted: 1
iter: 8, sample_no: 1156, actual label: 0, predicted: 0
iter: 9, sample_no: 2579, actual label: 0, predicted: 0
iter: 10, sample_no: 875, actual label: 0, predicted: 0
iter: 11, sample_no: 2037, actual label: 0, predicted: 0
iter: 12, sample_no: 424, actual label: 1, predicted: 0
iter: 13, sample_no: 700, actual label: 1, predicted: 1
iter: 14, sample_no: 2507, actual label: 0, predicted: 0
iter: 15, sample_no: 1715, actual label: 0, predicted: 0
iter: 16, sample_no: 2083, actual label: 0, predicted: 0
iter: 17, sample_no: 1198, actual label: 0, predicted: 0
iter: 18, sample_no: 1023, actual label: 0, predicted: 0
iter: 19, sample_no: 2139, actual label: 0, predicted: 0
iter: 20, sample_no: 1254, actual label: 1, predicted: 1
iter: 21, sample_no: 573, actual label: 0, predicted: 0
iter: 22, sample_no: 455, actual label: 0, predicted: 0
iter: 23, sample_no: 638, actual label: 0, predicted: 0
iter: 24, sample_no: 1414, actual label: 1, predicted: 0
number of samples: 3425
AUC 0.9617223963802114
pos_get 1168
total recall stop_at 1.0
@@@ C - Repeat number: 7
@@@ D - common_header:  {'F71-noble@apache.org', 'F71-mikemccand@apache.org', 'F72', 'F104', 'F71-romseygeek@apache.org', 'F15-private', 'F110', 'F71-ryan@apache.org', 'F120', 'F71-anshum@apache.org', 'F71-markrmiller@apache.org', 'F117', 'F22', 'F68', 'F41', 'category', 'F3-String', 'F3-char', 'F3-int', 'F71-yonik@apache.org', 'F71-erick@apache.org', 'F3-CharSequence', 'F3-Path', 'F71-hossman@apache.org', 'F101', 'F3-Class', 'F15-public', 'F3-char[]', 'F25', 'F71-sarowe@apache.org', 'F3-CharStream', 'F71-rmuir@apache.org', 'F105', 'F126', 'F3-int[]', 'F71-shalin@apache.org', 'F71-jpountz@apache.org', 'F3-boolean', 'F3-long', 'F15-protected', 'F115', 'F77', 'F71-uschindler@apache.org', 'F15-NA', 'F3-ValueSource', 'F3-NA', 'F71-chrism@apache.org', 'F123', 'F71-shaie@apache.org', 'F3-long[]', 'F65', 'F3-Among[]', 'F71-rjernst@apache.org', 'F71-simonw@apache.org', 'F116', 'F3-FileInputStream'}
     F72   F25  ... F71-erick@apache.org F71-uschindler@apache.org
1   4679    97  ...                    0                         1
2   4679    97  ...                    0                         1
3  19865  2075  ...                    0                         1

[3 rows x 55 columns]
;.;
        F72       F25  ...  F71-erick@apache.org  F71-uschindler@apache.org
0  0.035424  0.023909  ...                   0.0                        1.0
1  0.035424  0.023909  ...                   0.0                        1.0
2  0.747947  0.511462  ...                   0.0                        1.0

[3 rows x 55 columns]
training_x: (3259, 55)
training_y: 3259
testset_x: (3425, 55)
testset_y: 3425
              precision    recall  f1-score   support

           0       0.88      0.97      0.92      2257
           1       0.93      0.75      0.83      1168

    accuracy                           0.90      3425
   macro avg       0.91      0.86      0.88      3425
weighted avg       0.90      0.90      0.89      3425

accuracy: 0.8951824817518248
0.8292914883499762
@@@ tn: 2194, fp: 63, fn: 296, tp: 872
@@@ LIME - Creating explainer
@@@ LIME - Random Sampling of Instances
iter: 0, sample_no: 426, actual label: 1, predicted: 1
iter: 1, sample_no: 3326, actual label: 1, predicted: 1
iter: 2, sample_no: 1605, actual label: 1, predicted: 1
iter: 3, sample_no: 1657, actual label: 0, predicted: 0
iter: 4, sample_no: 2767, actual label: 0, predicted: 0
iter: 5, sample_no: 968, actual label: 0, predicted: 0
iter: 6, sample_no: 1666, actual label: 0, predicted: 0
iter: 7, sample_no: 1635, actual label: 0, predicted: 0
iter: 8, sample_no: 259, actual label: 0, predicted: 0
iter: 9, sample_no: 2823, actual label: 0, predicted: 0
iter: 10, sample_no: 3204, actual label: 1, predicted: 0
iter: 11, sample_no: 1002, actual label: 0, predicted: 0
iter: 12, sample_no: 1620, actual label: 0, predicted: 0
iter: 13, sample_no: 3037, actual label: 0, predicted: 0
iter: 14, sample_no: 1535, actual label: 0, predicted: 0
iter: 15, sample_no: 1684, actual label: 0, predicted: 0
iter: 16, sample_no: 5, actual label: 0, predicted: 0
iter: 17, sample_no: 2144, actual label: 0, predicted: 0
iter: 18, sample_no: 3144, actual label: 0, predicted: 0
iter: 19, sample_no: 258, actual label: 0, predicted: 0
iter: 20, sample_no: 319, actual label: 0, predicted: 0
iter: 21, sample_no: 2752, actual label: 0, predicted: 0
iter: 22, sample_no: 741, actual label: 0, predicted: 1
iter: 23, sample_no: 2227, actual label: 0, predicted: 0
iter: 24, sample_no: 605, actual label: 1, predicted: 1
number of samples: 3425
AUC 0.9617223963802114
pos_get 1168
total recall stop_at 1.0
@@@ C - Repeat number: 8
@@@ D - common_header:  {'F71-noble@apache.org', 'F71-mikemccand@apache.org', 'F72', 'F104', 'F71-romseygeek@apache.org', 'F15-private', 'F110', 'F71-ryan@apache.org', 'F120', 'F71-anshum@apache.org', 'F71-markrmiller@apache.org', 'F117', 'F22', 'F68', 'F41', 'category', 'F3-String', 'F3-char', 'F3-int', 'F71-yonik@apache.org', 'F71-erick@apache.org', 'F3-CharSequence', 'F3-Path', 'F71-hossman@apache.org', 'F101', 'F3-Class', 'F15-public', 'F3-char[]', 'F25', 'F71-sarowe@apache.org', 'F3-CharStream', 'F71-rmuir@apache.org', 'F105', 'F126', 'F3-int[]', 'F71-shalin@apache.org', 'F71-jpountz@apache.org', 'F3-boolean', 'F3-long', 'F15-protected', 'F115', 'F77', 'F71-uschindler@apache.org', 'F15-NA', 'F3-ValueSource', 'F3-NA', 'F71-chrism@apache.org', 'F123', 'F71-shaie@apache.org', 'F3-long[]', 'F65', 'F3-Among[]', 'F71-rjernst@apache.org', 'F71-simonw@apache.org', 'F116', 'F3-FileInputStream'}
     F72   F25  ... F71-erick@apache.org F71-uschindler@apache.org
1   4679    97  ...                    0                         1
2   4679    97  ...                    0                         1
3  19865  2075  ...                    0                         1

[3 rows x 55 columns]
;.;
        F72       F25  ...  F71-erick@apache.org  F71-uschindler@apache.org
0  0.035424  0.023909  ...                   0.0                        1.0
1  0.035424  0.023909  ...                   0.0                        1.0
2  0.747947  0.511462  ...                   0.0                        1.0

[3 rows x 55 columns]
training_x: (3259, 55)
training_y: 3259
testset_x: (3425, 55)
testset_y: 3425
              precision    recall  f1-score   support

           0       0.88      0.97      0.92      2257
           1       0.93      0.75      0.83      1168

    accuracy                           0.90      3425
   macro avg       0.91      0.86      0.88      3425
weighted avg       0.90      0.90      0.89      3425

accuracy: 0.8951824817518248
0.8292914883499762
@@@ tn: 2194, fp: 63, fn: 296, tp: 872
@@@ LIME - Creating explainer
@@@ LIME - Random Sampling of Instances
iter: 0, sample_no: 1712, actual label: 0, predicted: 0
iter: 1, sample_no: 1726, actual label: 0, predicted: 0
iter: 2, sample_no: 2543, actual label: 0, predicted: 0
iter: 3, sample_no: 3335, actual label: 1, predicted: 1
iter: 4, sample_no: 3175, actual label: 0, predicted: 0
iter: 5, sample_no: 2500, actual label: 0, predicted: 0
iter: 6, sample_no: 1922, actual label: 0, predicted: 0
iter: 7, sample_no: 2264, actual label: 1, predicted: 0
iter: 8, sample_no: 2601, actual label: 1, predicted: 0
iter: 9, sample_no: 2075, actual label: 0, predicted: 0
iter: 10, sample_no: 468, actual label: 0, predicted: 0
iter: 11, sample_no: 1424, actual label: 1, predicted: 0
iter: 12, sample_no: 147, actual label: 0, predicted: 0
iter: 13, sample_no: 979, actual label: 0, predicted: 0
iter: 14, sample_no: 1523, actual label: 0, predicted: 0
iter: 15, sample_no: 1898, actual label: 0, predicted: 0
iter: 16, sample_no: 2875, actual label: 1, predicted: 1
iter: 17, sample_no: 1722, actual label: 0, predicted: 0
iter: 18, sample_no: 1593, actual label: 1, predicted: 1
iter: 19, sample_no: 743, actual label: 1, predicted: 1
iter: 20, sample_no: 371, actual label: 1, predicted: 1
iter: 21, sample_no: 1708, actual label: 0, predicted: 0
iter: 22, sample_no: 1539, actual label: 0, predicted: 0
iter: 23, sample_no: 2892, actual label: 0, predicted: 0
iter: 24, sample_no: 2252, actual label: 0, predicted: 0
number of samples: 3425
AUC 0.9617223963802114
pos_get 1168
total recall stop_at 1.0
@@@ C - Repeat number: 9
@@@ D - common_header:  {'F71-noble@apache.org', 'F71-mikemccand@apache.org', 'F72', 'F104', 'F71-romseygeek@apache.org', 'F15-private', 'F110', 'F71-ryan@apache.org', 'F120', 'F71-anshum@apache.org', 'F71-markrmiller@apache.org', 'F117', 'F22', 'F68', 'F41', 'category', 'F3-String', 'F3-char', 'F3-int', 'F71-yonik@apache.org', 'F71-erick@apache.org', 'F3-CharSequence', 'F3-Path', 'F71-hossman@apache.org', 'F101', 'F3-Class', 'F15-public', 'F3-char[]', 'F25', 'F71-sarowe@apache.org', 'F3-CharStream', 'F71-rmuir@apache.org', 'F105', 'F126', 'F3-int[]', 'F71-shalin@apache.org', 'F71-jpountz@apache.org', 'F3-boolean', 'F3-long', 'F15-protected', 'F115', 'F77', 'F71-uschindler@apache.org', 'F15-NA', 'F3-ValueSource', 'F3-NA', 'F71-chrism@apache.org', 'F123', 'F71-shaie@apache.org', 'F3-long[]', 'F65', 'F3-Among[]', 'F71-rjernst@apache.org', 'F71-simonw@apache.org', 'F116', 'F3-FileInputStream'}
     F72   F25  ... F71-erick@apache.org F71-uschindler@apache.org
1   4679    97  ...                    0                         1
2   4679    97  ...                    0                         1
3  19865  2075  ...                    0                         1

[3 rows x 55 columns]
;.;
        F72       F25  ...  F71-erick@apache.org  F71-uschindler@apache.org
0  0.035424  0.023909  ...                   0.0                        1.0
1  0.035424  0.023909  ...                   0.0                        1.0
2  0.747947  0.511462  ...                   0.0                        1.0

[3 rows x 55 columns]
training_x: (3259, 55)
training_y: 3259
testset_x: (3425, 55)
testset_y: 3425
              precision    recall  f1-score   support

           0       0.88      0.97      0.92      2257
           1       0.93      0.75      0.83      1168

    accuracy                           0.90      3425
   macro avg       0.91      0.86      0.88      3425
weighted avg       0.90      0.90      0.89      3425

accuracy: 0.8951824817518248
0.8292914883499762
@@@ tn: 2194, fp: 63, fn: 296, tp: 872
@@@ LIME - Creating explainer
@@@ LIME - Random Sampling of Instances
iter: 0, sample_no: 3070, actual label: 0, predicted: 0
iter: 1, sample_no: 2064, actual label: 0, predicted: 0
iter: 2, sample_no: 2068, actual label: 0, predicted: 0
iter: 3, sample_no: 2725, actual label: 0, predicted: 0
iter: 4, sample_no: 140, actual label: 1, predicted: 1
iter: 5, sample_no: 363, actual label: 0, predicted: 1
iter: 6, sample_no: 391, actual label: 1, predicted: 1
iter: 7, sample_no: 1870, actual label: 0, predicted: 0
iter: 8, sample_no: 651, actual label: 0, predicted: 0
iter: 9, sample_no: 2209, actual label: 1, predicted: 0
iter: 10, sample_no: 1176, actual label: 0, predicted: 0
iter: 11, sample_no: 2163, actual label: 0, predicted: 0
iter: 12, sample_no: 2133, actual label: 0, predicted: 0
iter: 13, sample_no: 1122, actual label: 1, predicted: 0
iter: 14, sample_no: 1955, actual label: 1, predicted: 0
iter: 15, sample_no: 1776, actual label: 0, predicted: 0
iter: 16, sample_no: 1280, actual label: 0, predicted: 1
iter: 17, sample_no: 425, actual label: 1, predicted: 1
iter: 18, sample_no: 1160, actual label: 1, predicted: 0
iter: 19, sample_no: 2503, actual label: 1, predicted: 1
iter: 20, sample_no: 734, actual label: 0, predicted: 0
iter: 21, sample_no: 2473, actual label: 1, predicted: 0
iter: 22, sample_no: 344, actual label: 0, predicted: 0
iter: 23, sample_no: 669, actual label: 0, predicted: 0
iter: 24, sample_no: 1032, actual label: 0, predicted: 0
number of samples: 3425
AUC 0.9617223963802114
pos_get 1168
total recall stop_at 1.0
@@@ C - Repeat number: 10
@@@ D - common_header:  {'F71-noble@apache.org', 'F71-mikemccand@apache.org', 'F72', 'F104', 'F71-romseygeek@apache.org', 'F15-private', 'F110', 'F71-ryan@apache.org', 'F120', 'F71-anshum@apache.org', 'F71-markrmiller@apache.org', 'F117', 'F22', 'F68', 'F41', 'category', 'F3-String', 'F3-char', 'F3-int', 'F71-yonik@apache.org', 'F71-erick@apache.org', 'F3-CharSequence', 'F3-Path', 'F71-hossman@apache.org', 'F101', 'F3-Class', 'F15-public', 'F3-char[]', 'F25', 'F71-sarowe@apache.org', 'F3-CharStream', 'F71-rmuir@apache.org', 'F105', 'F126', 'F3-int[]', 'F71-shalin@apache.org', 'F71-jpountz@apache.org', 'F3-boolean', 'F3-long', 'F15-protected', 'F115', 'F77', 'F71-uschindler@apache.org', 'F15-NA', 'F3-ValueSource', 'F3-NA', 'F71-chrism@apache.org', 'F123', 'F71-shaie@apache.org', 'F3-long[]', 'F65', 'F3-Among[]', 'F71-rjernst@apache.org', 'F71-simonw@apache.org', 'F116', 'F3-FileInputStream'}
     F72   F25  ... F71-erick@apache.org F71-uschindler@apache.org
1   4679    97  ...                    0                         1
2   4679    97  ...                    0                         1
3  19865  2075  ...                    0                         1

[3 rows x 55 columns]
;.;
        F72       F25  ...  F71-erick@apache.org  F71-uschindler@apache.org
0  0.035424  0.023909  ...                   0.0                        1.0
1  0.035424  0.023909  ...                   0.0                        1.0
2  0.747947  0.511462  ...                   0.0                        1.0

[3 rows x 55 columns]
training_x: (3259, 55)
training_y: 3259
testset_x: (3425, 55)
testset_y: 3425
              precision    recall  f1-score   support

           0       0.88      0.97      0.92      2257
           1       0.93      0.75      0.83      1168

    accuracy                           0.90      3425
   macro avg       0.91      0.86      0.88      3425
weighted avg       0.90      0.90      0.89      3425

accuracy: 0.8951824817518248
0.8292914883499762
@@@ tn: 2194, fp: 63, fn: 296, tp: 872
@@@ LIME - Creating explainer
@@@ LIME - Random Sampling of Instances
iter: 0, sample_no: 3061, actual label: 0, predicted: 0
iter: 1, sample_no: 1457, actual label: 0, predicted: 0
iter: 2, sample_no: 2491, actual label: 1, predicted: 1
iter: 3, sample_no: 2923, actual label: 0, predicted: 0
iter: 4, sample_no: 1934, actual label: 0, predicted: 0
iter: 5, sample_no: 845, actual label: 0, predicted: 0
iter: 6, sample_no: 114, actual label: 0, predicted: 0
iter: 7, sample_no: 1962, actual label: 1, predicted: 1
iter: 8, sample_no: 2180, actual label: 1, predicted: 1
iter: 9, sample_no: 2265, actual label: 0, predicted: 0
iter: 10, sample_no: 938, actual label: 0, predicted: 0
iter: 11, sample_no: 2323, actual label: 0, predicted: 0
iter: 12, sample_no: 2355, actual label: 0, predicted: 0
iter: 13, sample_no: 1091, actual label: 0, predicted: 0
iter: 14, sample_no: 1937, actual label: 0, predicted: 0
iter: 15, sample_no: 581, actual label: 1, predicted: 0
iter: 16, sample_no: 199, actual label: 1, predicted: 1
iter: 17, sample_no: 1995, actual label: 1, predicted: 1
iter: 18, sample_no: 2240, actual label: 0, predicted: 0
iter: 19, sample_no: 508, actual label: 1, predicted: 0
iter: 20, sample_no: 642, actual label: 0, predicted: 0
iter: 21, sample_no: 637, actual label: 0, predicted: 0
iter: 22, sample_no: 48, actual label: 0, predicted: 0
iter: 23, sample_no: 2680, actual label: 1, predicted: 1
iter: 24, sample_no: 2430, actual label: 1, predicted: 0
number of samples: 3425
AUC 0.9617223963802114
pos_get 1168
total recall stop_at 1.0
----------threshold stop at----------: 1
AUC [0.9617223963802114, 0.9617223963802114, 0.9617223963802114, 0.9617223963802114, 0.9617223963802114, 0.9617223963802114, 0.9617223963802114, 0.9617223963802114, 0.9617223963802114, 0.9617223963802114]
AUC_median 0.9617223963802114
AUC_iqr 0.0
cost [0.665985401459854, 0.665985401459854, 0.665985401459854, 0.665985401459854, 0.665985401459854, 0.665985401459854, 0.665985401459854, 0.665985401459854, 0.665985401459854, 0.665985401459854]
COST_med 0.665985401459854
COST_iqr 0.0
f1_pos_list [np.float64(0.8292914883499762), np.float64(0.8292914883499762), np.float64(0.8292914883499762), np.float64(0.8292914883499762), np.float64(0.8292914883499762), np.float64(0.8292914883499762), np.float64(0.8292914883499762), np.float64(0.8292914883499762), np.float64(0.8292914883499762), np.float64(0.8292914883499762)]
f1_pos_med 0.8292914883499762
total_tn 21940
total_fp 630
total_fn 2960
total_tp 8720
p= 0.932620320855615
r= 0.7465753424657534
f= 0.8292914883499761
