@@@ A - classifier: KNeighborsClassifier()
@@@ B - threshold stop at: 1
@@@ C - Repeat number: 1
@@@ D - common_header:  {'F15-protected', 'F3-input', 'F71-sylvain@datastax.com', 'F71-vijay2win@gmail.com', 'F71-gdusbabek@apache.org', 'F3-InetAddress', 'F3-PrintStream', 'F123', 'category', 'F72', 'F3-DecoratedKey', 'F71-dbrosius@apache.org', 'F71-brandonwilliams@apache.org', 'F71-aleksey@apache.org', 'F101', 'F3-arg0.name().toByteBuffer()', 'F41', 'F3-boolean', 'F105', 'F71-johan@apache.org', 'F3-NA', 'F22', 'F3-String', 'F126', 'F65', 'F71-jmckenzie@apache.org', 'F71-benedict@apache.org', 'F71-dbrosius@mebigfatguy.com', 'F71-marcuse@apache.org', 'F3-ByteBuffer', 'F15-public', 'F71-slebresne@apache.org', 'F3-SSTableReader', 'F3-EncryptionOptions', 'F3-char', 'F3-String[]', 'F15-private', 'F71-eevans@apache.org', 'F104', 'F71-jake@apache.org', 'F3-Class', 'F3-ListenableFutureTask', 'F71-xedin@apache.org', 'F25', 'F68', 'F3-byte[]', 'F3-Thread', 'F3-BitSet', 'F117', 'F110', 'F115', 'F71-jakers@gmail.com', 'F77', 'F71-jbellis@apache.org', 'F71-tyler@datastax.com', 'F71-yukim@apache.org', 'F120', 'F3-int', 'F15-NA', 'F116', 'F3-long'}
     F72   F25  ... F71-tyler@datastax.com F71-slebresne@apache.org
1  10814  1620  ...                      1                        0
2  10814  1620  ...                      1                        0
3  10896  1629  ...                      0                        0

[3 rows x 60 columns]
;.;
        F72       F25  ...  F71-tyler@datastax.com  F71-slebresne@apache.org
0  0.743258  0.700389  ...                     1.0                       0.0
1  0.743258  0.700389  ...                     1.0                       0.0
2  0.750369  0.704280  ...                     0.0                       0.0

[3 rows x 60 columns]
training_x: (2584, 60)
training_y: 2584
testset_x: (2601, 60)
testset_y: 2601
              precision    recall  f1-score   support

           0       0.94      0.97      0.95      2245
           1       0.77      0.58      0.66       356

    accuracy                           0.92      2601
   macro avg       0.85      0.78      0.81      2601
weighted avg       0.91      0.92      0.91      2601

accuracy: 0.9181084198385236
0.6592
@@@ tn: 2182, fp: 63, fn: 150, tp: 206
@@@ LIME - Creating explainer
@@@ LIME - Random Sampling of Instances
iter: 0, sample_no: 1860, actual label: 0, predicted: 0
iter: 1, sample_no: 459, actual label: 0, predicted: 0
iter: 2, sample_no: 403, actual label: 0, predicted: 0
iter: 3, sample_no: 132, actual label: 0, predicted: 0
iter: 4, sample_no: 956, actual label: 0, predicted: 0
iter: 5, sample_no: 466, actual label: 0, predicted: 0
iter: 6, sample_no: 2058, actual label: 0, predicted: 0
iter: 7, sample_no: 1177, actual label: 0, predicted: 0
iter: 8, sample_no: 2218, actual label: 0, predicted: 0
iter: 9, sample_no: 384, actual label: 0, predicted: 0
iter: 10, sample_no: 2041, actual label: 0, predicted: 0
iter: 11, sample_no: 154, actual label: 0, predicted: 0
iter: 12, sample_no: 2108, actual label: 0, predicted: 0
iter: 13, sample_no: 362, actual label: 0, predicted: 0
iter: 14, sample_no: 2236, actual label: 0, predicted: 0
iter: 15, sample_no: 920, actual label: 0, predicted: 0
iter: 16, sample_no: 1709, actual label: 0, predicted: 0
iter: 17, sample_no: 1116, actual label: 0, predicted: 1
iter: 18, sample_no: 1494, actual label: 0, predicted: 0
iter: 19, sample_no: 308, actual label: 0, predicted: 0
iter: 20, sample_no: 1635, actual label: 0, predicted: 0
iter: 21, sample_no: 1006, actual label: 1, predicted: 0
iter: 22, sample_no: 2253, actual label: 1, predicted: 1
iter: 23, sample_no: 198, actual label: 0, predicted: 0
iter: 24, sample_no: 369, actual label: 0, predicted: 0
number of samples: 2601
AUC 0.9194746127474288
pos_get 356
total recall stop_at 1.0
@@@ C - Repeat number: 2
@@@ D - common_header:  {'F15-protected', 'F3-input', 'F71-sylvain@datastax.com', 'F71-vijay2win@gmail.com', 'F71-gdusbabek@apache.org', 'F3-InetAddress', 'F3-PrintStream', 'F123', 'category', 'F72', 'F3-DecoratedKey', 'F71-dbrosius@apache.org', 'F71-brandonwilliams@apache.org', 'F71-aleksey@apache.org', 'F101', 'F3-arg0.name().toByteBuffer()', 'F41', 'F3-boolean', 'F105', 'F71-johan@apache.org', 'F3-NA', 'F22', 'F3-String', 'F126', 'F65', 'F71-jmckenzie@apache.org', 'F71-benedict@apache.org', 'F71-dbrosius@mebigfatguy.com', 'F71-marcuse@apache.org', 'F3-ByteBuffer', 'F15-public', 'F71-slebresne@apache.org', 'F3-SSTableReader', 'F3-EncryptionOptions', 'F3-char', 'F3-String[]', 'F15-private', 'F71-eevans@apache.org', 'F104', 'F71-jake@apache.org', 'F3-Class', 'F3-ListenableFutureTask', 'F71-xedin@apache.org', 'F25', 'F68', 'F3-byte[]', 'F3-Thread', 'F3-BitSet', 'F117', 'F110', 'F115', 'F71-jakers@gmail.com', 'F77', 'F71-jbellis@apache.org', 'F71-tyler@datastax.com', 'F71-yukim@apache.org', 'F120', 'F3-int', 'F15-NA', 'F116', 'F3-long'}
     F72   F25  ... F71-tyler@datastax.com F71-slebresne@apache.org
1  10814  1620  ...                      1                        0
2  10814  1620  ...                      1                        0
3  10896  1629  ...                      0                        0

[3 rows x 60 columns]
;.;
        F72       F25  ...  F71-tyler@datastax.com  F71-slebresne@apache.org
0  0.743258  0.700389  ...                     1.0                       0.0
1  0.743258  0.700389  ...                     1.0                       0.0
2  0.750369  0.704280  ...                     0.0                       0.0

[3 rows x 60 columns]
training_x: (2584, 60)
training_y: 2584
testset_x: (2601, 60)
testset_y: 2601
              precision    recall  f1-score   support

           0       0.94      0.97      0.95      2245
           1       0.77      0.58      0.66       356

    accuracy                           0.92      2601
   macro avg       0.85      0.78      0.81      2601
weighted avg       0.91      0.92      0.91      2601

accuracy: 0.9181084198385236
0.6592
@@@ tn: 2182, fp: 63, fn: 150, tp: 206
@@@ LIME - Creating explainer
@@@ LIME - Random Sampling of Instances
iter: 0, sample_no: 1812, actual label: 0, predicted: 0
iter: 1, sample_no: 2065, actual label: 0, predicted: 0
iter: 2, sample_no: 2304, actual label: 1, predicted: 1
iter: 3, sample_no: 2130, actual label: 0, predicted: 0
iter: 4, sample_no: 366, actual label: 0, predicted: 0
iter: 5, sample_no: 569, actual label: 0, predicted: 0
iter: 6, sample_no: 519, actual label: 0, predicted: 0
iter: 7, sample_no: 2382, actual label: 0, predicted: 0
iter: 8, sample_no: 734, actual label: 0, predicted: 0
iter: 9, sample_no: 1044, actual label: 0, predicted: 0
iter: 10, sample_no: 1133, actual label: 0, predicted: 0
iter: 11, sample_no: 166, actual label: 0, predicted: 0
iter: 12, sample_no: 1719, actual label: 0, predicted: 0
iter: 13, sample_no: 1443, actual label: 0, predicted: 0
iter: 14, sample_no: 377, actual label: 0, predicted: 0
iter: 15, sample_no: 2314, actual label: 1, predicted: 1
iter: 16, sample_no: 1589, actual label: 0, predicted: 0
iter: 17, sample_no: 800, actual label: 0, predicted: 0
iter: 18, sample_no: 921, actual label: 0, predicted: 0
iter: 19, sample_no: 6, actual label: 0, predicted: 0
iter: 20, sample_no: 8, actual label: 0, predicted: 0
iter: 21, sample_no: 1161, actual label: 1, predicted: 0
iter: 22, sample_no: 2325, actual label: 0, predicted: 0
iter: 23, sample_no: 1601, actual label: 0, predicted: 0
iter: 24, sample_no: 1747, actual label: 0, predicted: 0
number of samples: 2601
AUC 0.9194746127474288
pos_get 356
total recall stop_at 1.0
@@@ C - Repeat number: 3
@@@ D - common_header:  {'F15-protected', 'F3-input', 'F71-sylvain@datastax.com', 'F71-vijay2win@gmail.com', 'F71-gdusbabek@apache.org', 'F3-InetAddress', 'F3-PrintStream', 'F123', 'category', 'F72', 'F3-DecoratedKey', 'F71-dbrosius@apache.org', 'F71-brandonwilliams@apache.org', 'F71-aleksey@apache.org', 'F101', 'F3-arg0.name().toByteBuffer()', 'F41', 'F3-boolean', 'F105', 'F71-johan@apache.org', 'F3-NA', 'F22', 'F3-String', 'F126', 'F65', 'F71-jmckenzie@apache.org', 'F71-benedict@apache.org', 'F71-dbrosius@mebigfatguy.com', 'F71-marcuse@apache.org', 'F3-ByteBuffer', 'F15-public', 'F71-slebresne@apache.org', 'F3-SSTableReader', 'F3-EncryptionOptions', 'F3-char', 'F3-String[]', 'F15-private', 'F71-eevans@apache.org', 'F104', 'F71-jake@apache.org', 'F3-Class', 'F3-ListenableFutureTask', 'F71-xedin@apache.org', 'F25', 'F68', 'F3-byte[]', 'F3-Thread', 'F3-BitSet', 'F117', 'F110', 'F115', 'F71-jakers@gmail.com', 'F77', 'F71-jbellis@apache.org', 'F71-tyler@datastax.com', 'F71-yukim@apache.org', 'F120', 'F3-int', 'F15-NA', 'F116', 'F3-long'}
     F72   F25  ... F71-tyler@datastax.com F71-slebresne@apache.org
1  10814  1620  ...                      1                        0
2  10814  1620  ...                      1                        0
3  10896  1629  ...                      0                        0

[3 rows x 60 columns]
;.;
        F72       F25  ...  F71-tyler@datastax.com  F71-slebresne@apache.org
0  0.743258  0.700389  ...                     1.0                       0.0
1  0.743258  0.700389  ...                     1.0                       0.0
2  0.750369  0.704280  ...                     0.0                       0.0

[3 rows x 60 columns]
training_x: (2584, 60)
training_y: 2584
testset_x: (2601, 60)
testset_y: 2601
              precision    recall  f1-score   support

           0       0.94      0.97      0.95      2245
           1       0.77      0.58      0.66       356

    accuracy                           0.92      2601
   macro avg       0.85      0.78      0.81      2601
weighted avg       0.91      0.92      0.91      2601

accuracy: 0.9181084198385236
0.6592
@@@ tn: 2182, fp: 63, fn: 150, tp: 206
@@@ LIME - Creating explainer
@@@ LIME - Random Sampling of Instances
iter: 0, sample_no: 2462, actual label: 1, predicted: 0
iter: 1, sample_no: 1022, actual label: 0, predicted: 0
iter: 2, sample_no: 1516, actual label: 1, predicted: 0
iter: 3, sample_no: 2116, actual label: 0, predicted: 0
iter: 4, sample_no: 2053, actual label: 0, predicted: 0
iter: 5, sample_no: 962, actual label: 0, predicted: 0
iter: 6, sample_no: 2496, actual label: 0, predicted: 0
iter: 7, sample_no: 1107, actual label: 0, predicted: 0
iter: 8, sample_no: 1539, actual label: 1, predicted: 0
iter: 9, sample_no: 219, actual label: 0, predicted: 0
iter: 10, sample_no: 224, actual label: 0, predicted: 0
iter: 11, sample_no: 191, actual label: 0, predicted: 0
iter: 12, sample_no: 1667, actual label: 0, predicted: 0
iter: 13, sample_no: 1655, actual label: 0, predicted: 0
iter: 14, sample_no: 2409, actual label: 0, predicted: 0
iter: 15, sample_no: 317, actual label: 0, predicted: 0
iter: 16, sample_no: 1629, actual label: 0, predicted: 0
iter: 17, sample_no: 1022, actual label: 0, predicted: 0
iter: 18, sample_no: 1022, actual label: 0, predicted: 0
iter: 19, sample_no: 1798, actual label: 0, predicted: 0
iter: 20, sample_no: 2470, actual label: 0, predicted: 0
iter: 21, sample_no: 421, actual label: 0, predicted: 0
iter: 22, sample_no: 1530, actual label: 0, predicted: 0
iter: 23, sample_no: 127, actual label: 0, predicted: 0
iter: 24, sample_no: 1297, actual label: 0, predicted: 1
number of samples: 2601
AUC 0.9194746127474288
pos_get 356
total recall stop_at 1.0
@@@ C - Repeat number: 4
@@@ D - common_header:  {'F15-protected', 'F3-input', 'F71-sylvain@datastax.com', 'F71-vijay2win@gmail.com', 'F71-gdusbabek@apache.org', 'F3-InetAddress', 'F3-PrintStream', 'F123', 'category', 'F72', 'F3-DecoratedKey', 'F71-dbrosius@apache.org', 'F71-brandonwilliams@apache.org', 'F71-aleksey@apache.org', 'F101', 'F3-arg0.name().toByteBuffer()', 'F41', 'F3-boolean', 'F105', 'F71-johan@apache.org', 'F3-NA', 'F22', 'F3-String', 'F126', 'F65', 'F71-jmckenzie@apache.org', 'F71-benedict@apache.org', 'F71-dbrosius@mebigfatguy.com', 'F71-marcuse@apache.org', 'F3-ByteBuffer', 'F15-public', 'F71-slebresne@apache.org', 'F3-SSTableReader', 'F3-EncryptionOptions', 'F3-char', 'F3-String[]', 'F15-private', 'F71-eevans@apache.org', 'F104', 'F71-jake@apache.org', 'F3-Class', 'F3-ListenableFutureTask', 'F71-xedin@apache.org', 'F25', 'F68', 'F3-byte[]', 'F3-Thread', 'F3-BitSet', 'F117', 'F110', 'F115', 'F71-jakers@gmail.com', 'F77', 'F71-jbellis@apache.org', 'F71-tyler@datastax.com', 'F71-yukim@apache.org', 'F120', 'F3-int', 'F15-NA', 'F116', 'F3-long'}
     F72   F25  ... F71-tyler@datastax.com F71-slebresne@apache.org
1  10814  1620  ...                      1                        0
2  10814  1620  ...                      1                        0
3  10896  1629  ...                      0                        0

[3 rows x 60 columns]
;.;
        F72       F25  ...  F71-tyler@datastax.com  F71-slebresne@apache.org
0  0.743258  0.700389  ...                     1.0                       0.0
1  0.743258  0.700389  ...                     1.0                       0.0
2  0.750369  0.704280  ...                     0.0                       0.0

[3 rows x 60 columns]
training_x: (2584, 60)
training_y: 2584
testset_x: (2601, 60)
testset_y: 2601
              precision    recall  f1-score   support

           0       0.94      0.97      0.95      2245
           1       0.77      0.58      0.66       356

    accuracy                           0.92      2601
   macro avg       0.85      0.78      0.81      2601
weighted avg       0.91      0.92      0.91      2601

accuracy: 0.9181084198385236
0.6592
@@@ tn: 2182, fp: 63, fn: 150, tp: 206
@@@ LIME - Creating explainer
@@@ LIME - Random Sampling of Instances
iter: 0, sample_no: 1576, actual label: 0, predicted: 0
iter: 1, sample_no: 2348, actual label: 1, predicted: 1
iter: 2, sample_no: 1887, actual label: 1, predicted: 1
iter: 3, sample_no: 2401, actual label: 0, predicted: 0
iter: 4, sample_no: 2189, actual label: 0, predicted: 0
iter: 5, sample_no: 1430, actual label: 0, predicted: 0
iter: 6, sample_no: 1796, actual label: 0, predicted: 0
iter: 7, sample_no: 1455, actual label: 1, predicted: 0
iter: 8, sample_no: 1498, actual label: 0, predicted: 0
iter: 9, sample_no: 728, actual label: 0, predicted: 1
iter: 10, sample_no: 1358, actual label: 0, predicted: 0
iter: 11, sample_no: 2327, actual label: 0, predicted: 0
iter: 12, sample_no: 2437, actual label: 0, predicted: 0
iter: 13, sample_no: 2017, actual label: 0, predicted: 0
iter: 14, sample_no: 1774, actual label: 0, predicted: 0
iter: 15, sample_no: 36, actual label: 0, predicted: 0
iter: 16, sample_no: 138, actual label: 0, predicted: 0
iter: 17, sample_no: 1771, actual label: 0, predicted: 0
iter: 18, sample_no: 2367, actual label: 1, predicted: 1
iter: 19, sample_no: 1705, actual label: 0, predicted: 0
iter: 20, sample_no: 1816, actual label: 0, predicted: 0
iter: 21, sample_no: 1820, actual label: 0, predicted: 0
iter: 22, sample_no: 1495, actual label: 0, predicted: 0
iter: 23, sample_no: 2001, actual label: 0, predicted: 0
iter: 24, sample_no: 1585, actual label: 0, predicted: 0
number of samples: 2601
AUC 0.9194746127474288
pos_get 356
total recall stop_at 1.0
@@@ C - Repeat number: 5
@@@ D - common_header:  {'F15-protected', 'F3-input', 'F71-sylvain@datastax.com', 'F71-vijay2win@gmail.com', 'F71-gdusbabek@apache.org', 'F3-InetAddress', 'F3-PrintStream', 'F123', 'category', 'F72', 'F3-DecoratedKey', 'F71-dbrosius@apache.org', 'F71-brandonwilliams@apache.org', 'F71-aleksey@apache.org', 'F101', 'F3-arg0.name().toByteBuffer()', 'F41', 'F3-boolean', 'F105', 'F71-johan@apache.org', 'F3-NA', 'F22', 'F3-String', 'F126', 'F65', 'F71-jmckenzie@apache.org', 'F71-benedict@apache.org', 'F71-dbrosius@mebigfatguy.com', 'F71-marcuse@apache.org', 'F3-ByteBuffer', 'F15-public', 'F71-slebresne@apache.org', 'F3-SSTableReader', 'F3-EncryptionOptions', 'F3-char', 'F3-String[]', 'F15-private', 'F71-eevans@apache.org', 'F104', 'F71-jake@apache.org', 'F3-Class', 'F3-ListenableFutureTask', 'F71-xedin@apache.org', 'F25', 'F68', 'F3-byte[]', 'F3-Thread', 'F3-BitSet', 'F117', 'F110', 'F115', 'F71-jakers@gmail.com', 'F77', 'F71-jbellis@apache.org', 'F71-tyler@datastax.com', 'F71-yukim@apache.org', 'F120', 'F3-int', 'F15-NA', 'F116', 'F3-long'}
     F72   F25  ... F71-tyler@datastax.com F71-slebresne@apache.org
1  10814  1620  ...                      1                        0
2  10814  1620  ...                      1                        0
3  10896  1629  ...                      0                        0

[3 rows x 60 columns]
;.;
        F72       F25  ...  F71-tyler@datastax.com  F71-slebresne@apache.org
0  0.743258  0.700389  ...                     1.0                       0.0
1  0.743258  0.700389  ...                     1.0                       0.0
2  0.750369  0.704280  ...                     0.0                       0.0

[3 rows x 60 columns]
training_x: (2584, 60)
training_y: 2584
testset_x: (2601, 60)
testset_y: 2601
              precision    recall  f1-score   support

           0       0.94      0.97      0.95      2245
           1       0.77      0.58      0.66       356

    accuracy                           0.92      2601
   macro avg       0.85      0.78      0.81      2601
weighted avg       0.91      0.92      0.91      2601

accuracy: 0.9181084198385236
0.6592
@@@ tn: 2182, fp: 63, fn: 150, tp: 206
@@@ LIME - Creating explainer
@@@ LIME - Random Sampling of Instances
iter: 0, sample_no: 1159, actual label: 1, predicted: 1
iter: 1, sample_no: 1981, actual label: 0, predicted: 0
iter: 2, sample_no: 1248, actual label: 0, predicted: 0
iter: 3, sample_no: 1635, actual label: 0, predicted: 0
iter: 4, sample_no: 2141, actual label: 0, predicted: 0
iter: 5, sample_no: 2020, actual label: 0, predicted: 0
iter: 6, sample_no: 1030, actual label: 0, predicted: 0
iter: 7, sample_no: 445, actual label: 0, predicted: 0
iter: 8, sample_no: 1128, actual label: 0, predicted: 0
iter: 9, sample_no: 80, actual label: 0, predicted: 0
iter: 10, sample_no: 92, actual label: 0, predicted: 0
iter: 11, sample_no: 1011, actual label: 0, predicted: 0
iter: 12, sample_no: 997, actual label: 0, predicted: 0
iter: 13, sample_no: 1370, actual label: 0, predicted: 0
iter: 14, sample_no: 2408, actual label: 0, predicted: 0
iter: 15, sample_no: 2412, actual label: 0, predicted: 0
iter: 16, sample_no: 2063, actual label: 0, predicted: 0
iter: 17, sample_no: 1318, actual label: 0, predicted: 0
iter: 18, sample_no: 2406, actual label: 0, predicted: 0
iter: 19, sample_no: 1469, actual label: 0, predicted: 0
iter: 20, sample_no: 948, actual label: 0, predicted: 1
iter: 21, sample_no: 777, actual label: 0, predicted: 0
iter: 22, sample_no: 516, actual label: 0, predicted: 0
iter: 23, sample_no: 534, actual label: 0, predicted: 0
iter: 24, sample_no: 1706, actual label: 0, predicted: 0
number of samples: 2601
AUC 0.9194746127474288
pos_get 356
total recall stop_at 1.0
@@@ C - Repeat number: 6
@@@ D - common_header:  {'F15-protected', 'F3-input', 'F71-sylvain@datastax.com', 'F71-vijay2win@gmail.com', 'F71-gdusbabek@apache.org', 'F3-InetAddress', 'F3-PrintStream', 'F123', 'category', 'F72', 'F3-DecoratedKey', 'F71-dbrosius@apache.org', 'F71-brandonwilliams@apache.org', 'F71-aleksey@apache.org', 'F101', 'F3-arg0.name().toByteBuffer()', 'F41', 'F3-boolean', 'F105', 'F71-johan@apache.org', 'F3-NA', 'F22', 'F3-String', 'F126', 'F65', 'F71-jmckenzie@apache.org', 'F71-benedict@apache.org', 'F71-dbrosius@mebigfatguy.com', 'F71-marcuse@apache.org', 'F3-ByteBuffer', 'F15-public', 'F71-slebresne@apache.org', 'F3-SSTableReader', 'F3-EncryptionOptions', 'F3-char', 'F3-String[]', 'F15-private', 'F71-eevans@apache.org', 'F104', 'F71-jake@apache.org', 'F3-Class', 'F3-ListenableFutureTask', 'F71-xedin@apache.org', 'F25', 'F68', 'F3-byte[]', 'F3-Thread', 'F3-BitSet', 'F117', 'F110', 'F115', 'F71-jakers@gmail.com', 'F77', 'F71-jbellis@apache.org', 'F71-tyler@datastax.com', 'F71-yukim@apache.org', 'F120', 'F3-int', 'F15-NA', 'F116', 'F3-long'}
     F72   F25  ... F71-tyler@datastax.com F71-slebresne@apache.org
1  10814  1620  ...                      1                        0
2  10814  1620  ...                      1                        0
3  10896  1629  ...                      0                        0

[3 rows x 60 columns]
;.;
        F72       F25  ...  F71-tyler@datastax.com  F71-slebresne@apache.org
0  0.743258  0.700389  ...                     1.0                       0.0
1  0.743258  0.700389  ...                     1.0                       0.0
2  0.750369  0.704280  ...                     0.0                       0.0

[3 rows x 60 columns]
training_x: (2584, 60)
training_y: 2584
testset_x: (2601, 60)
testset_y: 2601
              precision    recall  f1-score   support

           0       0.94      0.97      0.95      2245
           1       0.77      0.58      0.66       356

    accuracy                           0.92      2601
   macro avg       0.85      0.78      0.81      2601
weighted avg       0.91      0.92      0.91      2601

accuracy: 0.9181084198385236
0.6592
@@@ tn: 2182, fp: 63, fn: 150, tp: 206
@@@ LIME - Creating explainer
@@@ LIME - Random Sampling of Instances
iter: 0, sample_no: 1361, actual label: 0, predicted: 0
iter: 1, sample_no: 1180, actual label: 0, predicted: 0
iter: 2, sample_no: 842, actual label: 0, predicted: 0
iter: 3, sample_no: 1206, actual label: 0, predicted: 1
iter: 4, sample_no: 581, actual label: 0, predicted: 0
iter: 5, sample_no: 1744, actual label: 0, predicted: 0
iter: 6, sample_no: 593, actual label: 0, predicted: 0
iter: 7, sample_no: 1751, actual label: 0, predicted: 0
iter: 8, sample_no: 475, actual label: 0, predicted: 0
iter: 9, sample_no: 740, actual label: 1, predicted: 0
iter: 10, sample_no: 339, actual label: 0, predicted: 0
iter: 11, sample_no: 2179, actual label: 0, predicted: 0
iter: 12, sample_no: 1552, actual label: 0, predicted: 0
iter: 13, sample_no: 1550, actual label: 0, predicted: 0
iter: 14, sample_no: 716, actual label: 0, predicted: 0
iter: 15, sample_no: 2383, actual label: 1, predicted: 0
iter: 16, sample_no: 1547, actual label: 0, predicted: 0
iter: 17, sample_no: 99, actual label: 0, predicted: 0
iter: 18, sample_no: 2108, actual label: 0, predicted: 0
iter: 19, sample_no: 417, actual label: 0, predicted: 0
iter: 20, sample_no: 887, actual label: 1, predicted: 1
iter: 21, sample_no: 1394, actual label: 1, predicted: 0
iter: 22, sample_no: 1105, actual label: 0, predicted: 0
iter: 23, sample_no: 68, actual label: 0, predicted: 0
iter: 24, sample_no: 1632, actual label: 1, predicted: 0
number of samples: 2601
AUC 0.9194746127474288
pos_get 356
total recall stop_at 1.0
@@@ C - Repeat number: 7
@@@ D - common_header:  {'F15-protected', 'F3-input', 'F71-sylvain@datastax.com', 'F71-vijay2win@gmail.com', 'F71-gdusbabek@apache.org', 'F3-InetAddress', 'F3-PrintStream', 'F123', 'category', 'F72', 'F3-DecoratedKey', 'F71-dbrosius@apache.org', 'F71-brandonwilliams@apache.org', 'F71-aleksey@apache.org', 'F101', 'F3-arg0.name().toByteBuffer()', 'F41', 'F3-boolean', 'F105', 'F71-johan@apache.org', 'F3-NA', 'F22', 'F3-String', 'F126', 'F65', 'F71-jmckenzie@apache.org', 'F71-benedict@apache.org', 'F71-dbrosius@mebigfatguy.com', 'F71-marcuse@apache.org', 'F3-ByteBuffer', 'F15-public', 'F71-slebresne@apache.org', 'F3-SSTableReader', 'F3-EncryptionOptions', 'F3-char', 'F3-String[]', 'F15-private', 'F71-eevans@apache.org', 'F104', 'F71-jake@apache.org', 'F3-Class', 'F3-ListenableFutureTask', 'F71-xedin@apache.org', 'F25', 'F68', 'F3-byte[]', 'F3-Thread', 'F3-BitSet', 'F117', 'F110', 'F115', 'F71-jakers@gmail.com', 'F77', 'F71-jbellis@apache.org', 'F71-tyler@datastax.com', 'F71-yukim@apache.org', 'F120', 'F3-int', 'F15-NA', 'F116', 'F3-long'}
     F72   F25  ... F71-tyler@datastax.com F71-slebresne@apache.org
1  10814  1620  ...                      1                        0
2  10814  1620  ...                      1                        0
3  10896  1629  ...                      0                        0

[3 rows x 60 columns]
;.;
        F72       F25  ...  F71-tyler@datastax.com  F71-slebresne@apache.org
0  0.743258  0.700389  ...                     1.0                       0.0
1  0.743258  0.700389  ...                     1.0                       0.0
2  0.750369  0.704280  ...                     0.0                       0.0

[3 rows x 60 columns]
training_x: (2584, 60)
training_y: 2584
testset_x: (2601, 60)
testset_y: 2601
              precision    recall  f1-score   support

           0       0.94      0.97      0.95      2245
           1       0.77      0.58      0.66       356

    accuracy                           0.92      2601
   macro avg       0.85      0.78      0.81      2601
weighted avg       0.91      0.92      0.91      2601

accuracy: 0.9181084198385236
0.6592
@@@ tn: 2182, fp: 63, fn: 150, tp: 206
@@@ LIME - Creating explainer
@@@ LIME - Random Sampling of Instances
iter: 0, sample_no: 426, actual label: 0, predicted: 0
iter: 1, sample_no: 2491, actual label: 0, predicted: 0
iter: 2, sample_no: 1644, actual label: 1, predicted: 0
iter: 3, sample_no: 772, actual label: 0, predicted: 0
iter: 4, sample_no: 2489, actual label: 0, predicted: 0
iter: 5, sample_no: 311, actual label: 0, predicted: 0
iter: 6, sample_no: 1395, actual label: 0, predicted: 0
iter: 7, sample_no: 881, actual label: 0, predicted: 0
iter: 8, sample_no: 499, actual label: 0, predicted: 0
iter: 9, sample_no: 1943, actual label: 0, predicted: 0
iter: 10, sample_no: 109, actual label: 0, predicted: 0
iter: 11, sample_no: 93, actual label: 0, predicted: 0
iter: 12, sample_no: 1216, actual label: 0, predicted: 0
iter: 13, sample_no: 1969, actual label: 0, predicted: 0
iter: 14, sample_no: 1235, actual label: 0, predicted: 0
iter: 15, sample_no: 16, actual label: 0, predicted: 0
iter: 16, sample_no: 605, actual label: 0, predicted: 0
iter: 17, sample_no: 885, actual label: 0, predicted: 0
iter: 18, sample_no: 870, actual label: 0, predicted: 0
iter: 19, sample_no: 731, actual label: 0, predicted: 0
iter: 20, sample_no: 990, actual label: 1, predicted: 0
iter: 21, sample_no: 606, actual label: 0, predicted: 0
iter: 22, sample_no: 348, actual label: 0, predicted: 0
iter: 23, sample_no: 1931, actual label: 0, predicted: 0
iter: 24, sample_no: 221, actual label: 0, predicted: 0
number of samples: 2601
AUC 0.9194746127474288
pos_get 356
total recall stop_at 1.0
@@@ C - Repeat number: 8
@@@ D - common_header:  {'F15-protected', 'F3-input', 'F71-sylvain@datastax.com', 'F71-vijay2win@gmail.com', 'F71-gdusbabek@apache.org', 'F3-InetAddress', 'F3-PrintStream', 'F123', 'category', 'F72', 'F3-DecoratedKey', 'F71-dbrosius@apache.org', 'F71-brandonwilliams@apache.org', 'F71-aleksey@apache.org', 'F101', 'F3-arg0.name().toByteBuffer()', 'F41', 'F3-boolean', 'F105', 'F71-johan@apache.org', 'F3-NA', 'F22', 'F3-String', 'F126', 'F65', 'F71-jmckenzie@apache.org', 'F71-benedict@apache.org', 'F71-dbrosius@mebigfatguy.com', 'F71-marcuse@apache.org', 'F3-ByteBuffer', 'F15-public', 'F71-slebresne@apache.org', 'F3-SSTableReader', 'F3-EncryptionOptions', 'F3-char', 'F3-String[]', 'F15-private', 'F71-eevans@apache.org', 'F104', 'F71-jake@apache.org', 'F3-Class', 'F3-ListenableFutureTask', 'F71-xedin@apache.org', 'F25', 'F68', 'F3-byte[]', 'F3-Thread', 'F3-BitSet', 'F117', 'F110', 'F115', 'F71-jakers@gmail.com', 'F77', 'F71-jbellis@apache.org', 'F71-tyler@datastax.com', 'F71-yukim@apache.org', 'F120', 'F3-int', 'F15-NA', 'F116', 'F3-long'}
     F72   F25  ... F71-tyler@datastax.com F71-slebresne@apache.org
1  10814  1620  ...                      1                        0
2  10814  1620  ...                      1                        0
3  10896  1629  ...                      0                        0

[3 rows x 60 columns]
;.;
        F72       F25  ...  F71-tyler@datastax.com  F71-slebresne@apache.org
0  0.743258  0.700389  ...                     1.0                       0.0
1  0.743258  0.700389  ...                     1.0                       0.0
2  0.750369  0.704280  ...                     0.0                       0.0

[3 rows x 60 columns]
training_x: (2584, 60)
training_y: 2584
testset_x: (2601, 60)
testset_y: 2601
              precision    recall  f1-score   support

           0       0.94      0.97      0.95      2245
           1       0.77      0.58      0.66       356

    accuracy                           0.92      2601
   macro avg       0.85      0.78      0.81      2601
weighted avg       0.91      0.92      0.91      2601

accuracy: 0.9181084198385236
0.6592
@@@ tn: 2182, fp: 63, fn: 150, tp: 206
@@@ LIME - Creating explainer
@@@ LIME - Random Sampling of Instances
iter: 0, sample_no: 1712, actual label: 0, predicted: 0
iter: 1, sample_no: 1199, actual label: 0, predicted: 0
iter: 2, sample_no: 2143, actual label: 0, predicted: 0
iter: 3, sample_no: 451, actual label: 0, predicted: 0
iter: 4, sample_no: 1406, actual label: 0, predicted: 0
iter: 5, sample_no: 553, actual label: 0, predicted: 0
iter: 6, sample_no: 2414, actual label: 0, predicted: 0
iter: 7, sample_no: 2592, actual label: 0, predicted: 0
iter: 8, sample_no: 1447, actual label: 0, predicted: 0
iter: 9, sample_no: 2435, actual label: 0, predicted: 0
iter: 10, sample_no: 527, actual label: 0, predicted: 0
iter: 11, sample_no: 903, actual label: 1, predicted: 1
iter: 12, sample_no: 2341, actual label: 1, predicted: 1
iter: 13, sample_no: 68, actual label: 0, predicted: 0
iter: 14, sample_no: 2545, actual label: 0, predicted: 0
iter: 15, sample_no: 2374, actual label: 0, predicted: 1
iter: 16, sample_no: 1823, actual label: 0, predicted: 0
iter: 17, sample_no: 543, actual label: 0, predicted: 0
iter: 18, sample_no: 1874, actual label: 0, predicted: 0
iter: 19, sample_no: 1188, actual label: 0, predicted: 0
iter: 20, sample_no: 1266, actual label: 0, predicted: 0
iter: 21, sample_no: 1613, actual label: 0, predicted: 0
iter: 22, sample_no: 416, actual label: 0, predicted: 0
iter: 23, sample_no: 2417, actual label: 0, predicted: 0
iter: 24, sample_no: 630, actual label: 0, predicted: 0
number of samples: 2601
AUC 0.9194746127474288
pos_get 356
total recall stop_at 1.0
@@@ C - Repeat number: 9
@@@ D - common_header:  {'F15-protected', 'F3-input', 'F71-sylvain@datastax.com', 'F71-vijay2win@gmail.com', 'F71-gdusbabek@apache.org', 'F3-InetAddress', 'F3-PrintStream', 'F123', 'category', 'F72', 'F3-DecoratedKey', 'F71-dbrosius@apache.org', 'F71-brandonwilliams@apache.org', 'F71-aleksey@apache.org', 'F101', 'F3-arg0.name().toByteBuffer()', 'F41', 'F3-boolean', 'F105', 'F71-johan@apache.org', 'F3-NA', 'F22', 'F3-String', 'F126', 'F65', 'F71-jmckenzie@apache.org', 'F71-benedict@apache.org', 'F71-dbrosius@mebigfatguy.com', 'F71-marcuse@apache.org', 'F3-ByteBuffer', 'F15-public', 'F71-slebresne@apache.org', 'F3-SSTableReader', 'F3-EncryptionOptions', 'F3-char', 'F3-String[]', 'F15-private', 'F71-eevans@apache.org', 'F104', 'F71-jake@apache.org', 'F3-Class', 'F3-ListenableFutureTask', 'F71-xedin@apache.org', 'F25', 'F68', 'F3-byte[]', 'F3-Thread', 'F3-BitSet', 'F117', 'F110', 'F115', 'F71-jakers@gmail.com', 'F77', 'F71-jbellis@apache.org', 'F71-tyler@datastax.com', 'F71-yukim@apache.org', 'F120', 'F3-int', 'F15-NA', 'F116', 'F3-long'}
     F72   F25  ... F71-tyler@datastax.com F71-slebresne@apache.org
1  10814  1620  ...                      1                        0
2  10814  1620  ...                      1                        0
3  10896  1629  ...                      0                        0

[3 rows x 60 columns]
;.;
        F72       F25  ...  F71-tyler@datastax.com  F71-slebresne@apache.org
0  0.743258  0.700389  ...                     1.0                       0.0
1  0.743258  0.700389  ...                     1.0                       0.0
2  0.750369  0.704280  ...                     0.0                       0.0

[3 rows x 60 columns]
training_x: (2584, 60)
training_y: 2584
testset_x: (2601, 60)
testset_y: 2601
              precision    recall  f1-score   support

           0       0.94      0.97      0.95      2245
           1       0.77      0.58      0.66       356

    accuracy                           0.92      2601
   macro avg       0.85      0.78      0.81      2601
weighted avg       0.91      0.92      0.91      2601

accuracy: 0.9181084198385236
0.6592
@@@ tn: 2182, fp: 63, fn: 150, tp: 206
@@@ LIME - Creating explainer
@@@ LIME - Random Sampling of Instances
iter: 0, sample_no: 2105, actual label: 0, predicted: 0
iter: 1, sample_no: 1775, actual label: 0, predicted: 0
iter: 2, sample_no: 206, actual label: 0, predicted: 0
iter: 3, sample_no: 2283, actual label: 1, predicted: 1
iter: 4, sample_no: 2276, actual label: 1, predicted: 1
iter: 5, sample_no: 1503, actual label: 1, predicted: 1
iter: 6, sample_no: 1072, actual label: 0, predicted: 0
iter: 7, sample_no: 1535, actual label: 1, predicted: 0
iter: 8, sample_no: 555, actual label: 0, predicted: 0
iter: 9, sample_no: 1367, actual label: 0, predicted: 0
iter: 10, sample_no: 755, actual label: 0, predicted: 0
iter: 11, sample_no: 1142, actual label: 0, predicted: 0
iter: 12, sample_no: 174, actual label: 0, predicted: 0
iter: 13, sample_no: 2110, actual label: 0, predicted: 0
iter: 14, sample_no: 1293, actual label: 0, predicted: 1
iter: 15, sample_no: 1548, actual label: 0, predicted: 0
iter: 16, sample_no: 1448, actual label: 0, predicted: 0
iter: 17, sample_no: 2195, actual label: 0, predicted: 0
iter: 18, sample_no: 2303, actual label: 1, predicted: 1
iter: 19, sample_no: 1036, actual label: 0, predicted: 0
iter: 20, sample_no: 2593, actual label: 0, predicted: 0
iter: 21, sample_no: 500, actual label: 0, predicted: 0
iter: 22, sample_no: 2035, actual label: 0, predicted: 0
iter: 23, sample_no: 2013, actual label: 0, predicted: 0
iter: 24, sample_no: 648, actual label: 0, predicted: 0
number of samples: 2601
AUC 0.9194746127474288
pos_get 356
total recall stop_at 1.0
@@@ C - Repeat number: 10
@@@ D - common_header:  {'F15-protected', 'F3-input', 'F71-sylvain@datastax.com', 'F71-vijay2win@gmail.com', 'F71-gdusbabek@apache.org', 'F3-InetAddress', 'F3-PrintStream', 'F123', 'category', 'F72', 'F3-DecoratedKey', 'F71-dbrosius@apache.org', 'F71-brandonwilliams@apache.org', 'F71-aleksey@apache.org', 'F101', 'F3-arg0.name().toByteBuffer()', 'F41', 'F3-boolean', 'F105', 'F71-johan@apache.org', 'F3-NA', 'F22', 'F3-String', 'F126', 'F65', 'F71-jmckenzie@apache.org', 'F71-benedict@apache.org', 'F71-dbrosius@mebigfatguy.com', 'F71-marcuse@apache.org', 'F3-ByteBuffer', 'F15-public', 'F71-slebresne@apache.org', 'F3-SSTableReader', 'F3-EncryptionOptions', 'F3-char', 'F3-String[]', 'F15-private', 'F71-eevans@apache.org', 'F104', 'F71-jake@apache.org', 'F3-Class', 'F3-ListenableFutureTask', 'F71-xedin@apache.org', 'F25', 'F68', 'F3-byte[]', 'F3-Thread', 'F3-BitSet', 'F117', 'F110', 'F115', 'F71-jakers@gmail.com', 'F77', 'F71-jbellis@apache.org', 'F71-tyler@datastax.com', 'F71-yukim@apache.org', 'F120', 'F3-int', 'F15-NA', 'F116', 'F3-long'}
     F72   F25  ... F71-tyler@datastax.com F71-slebresne@apache.org
1  10814  1620  ...                      1                        0
2  10814  1620  ...                      1                        0
3  10896  1629  ...                      0                        0

[3 rows x 60 columns]
;.;
        F72       F25  ...  F71-tyler@datastax.com  F71-slebresne@apache.org
0  0.743258  0.700389  ...                     1.0                       0.0
1  0.743258  0.700389  ...                     1.0                       0.0
2  0.750369  0.704280  ...                     0.0                       0.0

[3 rows x 60 columns]
training_x: (2584, 60)
training_y: 2584
testset_x: (2601, 60)
testset_y: 2601
              precision    recall  f1-score   support

           0       0.94      0.97      0.95      2245
           1       0.77      0.58      0.66       356

    accuracy                           0.92      2601
   macro avg       0.85      0.78      0.81      2601
weighted avg       0.91      0.92      0.91      2601

accuracy: 0.9181084198385236
0.6592
@@@ tn: 2182, fp: 63, fn: 150, tp: 206
@@@ LIME - Creating explainer
@@@ LIME - Random Sampling of Instances
iter: 0, sample_no: 1692, actual label: 0, predicted: 0
iter: 1, sample_no: 1528, actual label: 0, predicted: 0
iter: 2, sample_no: 668, actual label: 0, predicted: 0
iter: 3, sample_no: 72, actual label: 0, predicted: 0
iter: 4, sample_no: 2360, actual label: 1, predicted: 1
iter: 5, sample_no: 72, actual label: 0, predicted: 0
iter: 6, sample_no: 334, actual label: 0, predicted: 0
iter: 7, sample_no: 1006, actual label: 1, predicted: 0
iter: 8, sample_no: 1550, actual label: 0, predicted: 0
iter: 9, sample_no: 1671, actual label: 0, predicted: 0
iter: 10, sample_no: 1119, actual label: 0, predicted: 0
iter: 11, sample_no: 914, actual label: 1, predicted: 1
iter: 12, sample_no: 1616, actual label: 1, predicted: 0
iter: 13, sample_no: 566, actual label: 0, predicted: 0
iter: 14, sample_no: 1535, actual label: 1, predicted: 0
iter: 15, sample_no: 1693, actual label: 0, predicted: 0
iter: 16, sample_no: 1193, actual label: 0, predicted: 0
iter: 17, sample_no: 2031, actual label: 0, predicted: 0
iter: 18, sample_no: 1072, actual label: 0, predicted: 0
iter: 19, sample_no: 1197, actual label: 0, predicted: 0
iter: 20, sample_no: 1459, actual label: 0, predicted: 0
iter: 21, sample_no: 1924, actual label: 0, predicted: 0
iter: 22, sample_no: 238, actual label: 0, predicted: 0
iter: 23, sample_no: 613, actual label: 0, predicted: 0
iter: 24, sample_no: 997, actual label: 0, predicted: 0
number of samples: 2601
AUC 0.9194746127474288
pos_get 356
total recall stop_at 1.0
----------threshold stop at----------: 1
AUC [0.9194746127474288, 0.9194746127474288, 0.9194746127474288, 0.9194746127474288, 0.9194746127474288, 0.9194746127474288, 0.9194746127474288, 0.9194746127474288, 0.9194746127474288, 0.9194746127474288]
AUC_median 0.9194746127474288
AUC_iqr 0.0
cost [1.0, 1.0, 1.0, 1.0, 1.0, 1.0, 1.0, 1.0, 1.0, 1.0]
COST_med 1.0
COST_iqr 0.0
f1_pos_list [np.float64(0.6592), np.float64(0.6592), np.float64(0.6592), np.float64(0.6592), np.float64(0.6592), np.float64(0.6592), np.float64(0.6592), np.float64(0.6592), np.float64(0.6592), np.float64(0.6592)]
f1_pos_med 0.6592
total_tn 21820
total_fp 630
total_fn 1500
total_tp 2060
p= 0.7657992565055762
r= 0.5786516853932584
f= 0.6592
