@@@ A - classifier: KNeighborsClassifier(n_neighbors=1)
@@@ B - threshold stop at: 1
@@@ C - Repeat number: 1
@@@ D - common_header:  {'F101', 'F3-input', 'F71-jtaylor@salesforce.com', 'F71-ramkrishna.s.vasudevan@gmail.com', 'F71-tdsilva@salesforce.com', 'F71-jzhong@JZhongs-MacBook-Pro.local', 'F3-long', 'F104', 'F3-Connection', 'F123', 'F3-boolean', 'F71-ramkrishna.s.vasudevan@intel.com', 'F22', 'F116', 'F71-jamestaylor@apache.org', 'F71-twdsilva@gmail.com', 'F15-public', 'F71-elilevine@apache.org', 'F3-NA', 'F71-mujtaba@apache.org', 'F15-private', 'F3-byte[]', 'F3-BitSet', 'F126', 'category', 'F71-gabrielr@ngdata.com', 'F71-stoens@apache.org', 'F3-null', 'F115', 'F71-jeffreyz@apache.org', 'F3-int', 'F71-ndimiduk@apache.org', 'F3-Object', 'F105', 'F3-PreparedStatement', 'F110', 'F3-SortOrder.DESC', 'F3-List<ParseNode>', 'F117', 'F15-protected', 'F3-Properties', 'F77', 'F65', 'F3-SortOrder.ASC', 'F3-PhoenixArray', 'F3-PDataType', 'F41', 'F68', 'F120', 'F25', 'F71-samarth.jain@salesforce.com', 'F15-NA', 'F3-TEST_PROPERTIES', 'F71-rajeshbabu@apache.org', 'F71-maryannxue@apache.org', 'F71-enis@apache.org', 'F71-wei.xue@intel.com', 'F72', 'F3-String', 'F3-getUrl()'}
    F72  F25  ... F71-mujtaba@apache.org F71-wei.xue@intel.com
1  1702  497  ...                      0                     0
2  1585  416  ...                      0                     0
3  1585  416  ...                      0                     0

[3 rows x 59 columns]
;.;
        F72       F25  ...  F71-mujtaba@apache.org  F71-wei.xue@intel.com
0  0.745370  0.810767  ...                     0.0                    0.0
1  0.637037  0.678630  ...                     0.0                    0.0
2  0.637037  0.678630  ...                     0.0                    0.0

[3 rows x 59 columns]
training_x: (2235, 59)
training_y: 2235
testset_x: (2389, 59)
testset_y: 2389
              precision    recall  f1-score   support

           0       0.99      0.98      0.98      2046
           1       0.88      0.92      0.90       343

    accuracy                           0.97      2389
   macro avg       0.93      0.95      0.94      2389
weighted avg       0.97      0.97      0.97      2389

accuracy: 0.969861866889912
0.8974358974358975
@@@ tn: 2002, fp: 44, fn: 28, tp: 315
@@@ LIME - Creating explainer
@@@ LIME - Random Sampling of Instances
iter: 0, sample_no: 1860, actual label: 0, predicted: 0
iter: 1, sample_no: 900, actual label: 0, predicted: 0
iter: 2, sample_no: 418, actual label: 1, predicted: 1
iter: 3, sample_no: 1208, actual label: 0, predicted: 0
iter: 4, sample_no: 354, actual label: 0, predicted: 0
iter: 5, sample_no: 424, actual label: 0, predicted: 0
iter: 6, sample_no: 2375, actual label: 0, predicted: 0
iter: 7, sample_no: 1581, actual label: 0, predicted: 0
iter: 8, sample_no: 703, actual label: 0, predicted: 0
iter: 9, sample_no: 1938, actual label: 0, predicted: 0
iter: 10, sample_no: 559, actual label: 1, predicted: 1
iter: 11, sample_no: 2146, actual label: 0, predicted: 0
iter: 12, sample_no: 2324, actual label: 0, predicted: 0
iter: 13, sample_no: 251, actual label: 0, predicted: 0
iter: 14, sample_no: 1297, actual label: 0, predicted: 0
iter: 15, sample_no: 1076, actual label: 1, predicted: 1
iter: 16, sample_no: 1534, actual label: 0, predicted: 0
iter: 17, sample_no: 1378, actual label: 1, predicted: 1
iter: 18, sample_no: 1372, actual label: 0, predicted: 0
iter: 19, sample_no: 2036, actual label: 0, predicted: 0
iter: 20, sample_no: 1515, actual label: 0, predicted: 0
iter: 21, sample_no: 317, actual label: 1, predicted: 1
iter: 22, sample_no: 1344, actual label: 0, predicted: 0
iter: 23, sample_no: 53, actual label: 0, predicted: 0
iter: 24, sample_no: 2047, actual label: 1, predicted: 1
number of samples: 2389
AUC 0.9484309852973447
pos_get 343
total recall stop_at 1.0
@@@ C - Repeat number: 2
@@@ D - common_header:  {'F101', 'F3-input', 'F71-jtaylor@salesforce.com', 'F71-ramkrishna.s.vasudevan@gmail.com', 'F71-tdsilva@salesforce.com', 'F71-jzhong@JZhongs-MacBook-Pro.local', 'F3-long', 'F104', 'F3-Connection', 'F123', 'F3-boolean', 'F71-ramkrishna.s.vasudevan@intel.com', 'F22', 'F116', 'F71-jamestaylor@apache.org', 'F71-twdsilva@gmail.com', 'F15-public', 'F71-elilevine@apache.org', 'F3-NA', 'F71-mujtaba@apache.org', 'F15-private', 'F3-byte[]', 'F3-BitSet', 'F126', 'category', 'F71-gabrielr@ngdata.com', 'F71-stoens@apache.org', 'F3-null', 'F115', 'F71-jeffreyz@apache.org', 'F3-int', 'F71-ndimiduk@apache.org', 'F3-Object', 'F105', 'F3-PreparedStatement', 'F110', 'F3-SortOrder.DESC', 'F3-List<ParseNode>', 'F117', 'F15-protected', 'F3-Properties', 'F77', 'F65', 'F3-SortOrder.ASC', 'F3-PhoenixArray', 'F3-PDataType', 'F41', 'F68', 'F120', 'F25', 'F71-samarth.jain@salesforce.com', 'F15-NA', 'F3-TEST_PROPERTIES', 'F71-rajeshbabu@apache.org', 'F71-maryannxue@apache.org', 'F71-enis@apache.org', 'F71-wei.xue@intel.com', 'F72', 'F3-String', 'F3-getUrl()'}
    F72  F25  ... F71-mujtaba@apache.org F71-wei.xue@intel.com
1  1702  497  ...                      0                     0
2  1585  416  ...                      0                     0
3  1585  416  ...                      0                     0

[3 rows x 59 columns]
;.;
        F72       F25  ...  F71-mujtaba@apache.org  F71-wei.xue@intel.com
0  0.745370  0.810767  ...                     0.0                    0.0
1  0.637037  0.678630  ...                     0.0                    0.0
2  0.637037  0.678630  ...                     0.0                    0.0

[3 rows x 59 columns]
training_x: (2235, 59)
training_y: 2235
testset_x: (2389, 59)
testset_y: 2389
              precision    recall  f1-score   support

           0       0.99      0.98      0.98      2046
           1       0.88      0.92      0.90       343

    accuracy                           0.97      2389
   macro avg       0.93      0.95      0.94      2389
weighted avg       0.97      0.97      0.97      2389

accuracy: 0.969861866889912
0.8974358974358975
@@@ tn: 2002, fp: 44, fn: 28, tp: 315
@@@ LIME - Creating explainer
@@@ LIME - Random Sampling of Instances
iter: 0, sample_no: 1812, actual label: 0, predicted: 0
iter: 1, sample_no: 1367, actual label: 0, predicted: 0
iter: 2, sample_no: 2216, actual label: 0, predicted: 0
iter: 3, sample_no: 394, actual label: 0, predicted: 0
iter: 4, sample_no: 1689, actual label: 0, predicted: 0
iter: 5, sample_no: 1667, actual label: 0, predicted: 0
iter: 6, sample_no: 1938, actual label: 0, predicted: 0
iter: 7, sample_no: 2305, actual label: 0, predicted: 0
iter: 8, sample_no: 2282, actual label: 0, predicted: 0
iter: 9, sample_no: 2358, actual label: 0, predicted: 0
iter: 10, sample_no: 1862, actual label: 0, predicted: 0
iter: 11, sample_no: 338, actual label: 0, predicted: 0
iter: 12, sample_no: 328, actual label: 1, predicted: 1
iter: 13, sample_no: 1447, actual label: 0, predicted: 0
iter: 14, sample_no: 1489, actual label: 0, predicted: 0
iter: 15, sample_no: 1409, actual label: 0, predicted: 0
iter: 16, sample_no: 743, actual label: 0, predicted: 0
iter: 17, sample_no: 865, actual label: 0, predicted: 0
iter: 18, sample_no: 1945, actual label: 0, predicted: 0
iter: 19, sample_no: 2076, actual label: 0, predicted: 0
iter: 20, sample_no: 410, actual label: 0, predicted: 0
iter: 21, sample_no: 377, actual label: 0, predicted: 0
iter: 22, sample_no: 740, actual label: 0, predicted: 0
iter: 23, sample_no: 902, actual label: 0, predicted: 0
iter: 24, sample_no: 498, actual label: 0, predicted: 0
number of samples: 2389
AUC 0.9484309852973447
pos_get 343
total recall stop_at 1.0
@@@ C - Repeat number: 3
@@@ D - common_header:  {'F101', 'F3-input', 'F71-jtaylor@salesforce.com', 'F71-ramkrishna.s.vasudevan@gmail.com', 'F71-tdsilva@salesforce.com', 'F71-jzhong@JZhongs-MacBook-Pro.local', 'F3-long', 'F104', 'F3-Connection', 'F123', 'F3-boolean', 'F71-ramkrishna.s.vasudevan@intel.com', 'F22', 'F116', 'F71-jamestaylor@apache.org', 'F71-twdsilva@gmail.com', 'F15-public', 'F71-elilevine@apache.org', 'F3-NA', 'F71-mujtaba@apache.org', 'F15-private', 'F3-byte[]', 'F3-BitSet', 'F126', 'category', 'F71-gabrielr@ngdata.com', 'F71-stoens@apache.org', 'F3-null', 'F115', 'F71-jeffreyz@apache.org', 'F3-int', 'F71-ndimiduk@apache.org', 'F3-Object', 'F105', 'F3-PreparedStatement', 'F110', 'F3-SortOrder.DESC', 'F3-List<ParseNode>', 'F117', 'F15-protected', 'F3-Properties', 'F77', 'F65', 'F3-SortOrder.ASC', 'F3-PhoenixArray', 'F3-PDataType', 'F41', 'F68', 'F120', 'F25', 'F71-samarth.jain@salesforce.com', 'F15-NA', 'F3-TEST_PROPERTIES', 'F71-rajeshbabu@apache.org', 'F71-maryannxue@apache.org', 'F71-enis@apache.org', 'F71-wei.xue@intel.com', 'F72', 'F3-String', 'F3-getUrl()'}
    F72  F25  ... F71-mujtaba@apache.org F71-wei.xue@intel.com
1  1702  497  ...                      0                     0
2  1585  416  ...                      0                     0
3  1585  416  ...                      0                     0

[3 rows x 59 columns]
;.;
        F72       F25  ...  F71-mujtaba@apache.org  F71-wei.xue@intel.com
0  0.745370  0.810767  ...                     0.0                    0.0
1  0.637037  0.678630  ...                     0.0                    0.0
2  0.637037  0.678630  ...                     0.0                    0.0

[3 rows x 59 columns]
training_x: (2235, 59)
training_y: 2235
testset_x: (2389, 59)
testset_y: 2389
              precision    recall  f1-score   support

           0       0.99      0.98      0.98      2046
           1       0.88      0.92      0.90       343

    accuracy                           0.97      2389
   macro avg       0.93      0.95      0.94      2389
weighted avg       0.97      0.97      0.97      2389

accuracy: 0.969861866889912
0.8974358974358975
@@@ tn: 2002, fp: 44, fn: 28, tp: 315
@@@ LIME - Creating explainer
@@@ LIME - Random Sampling of Instances
iter: 0, sample_no: 1667, actual label: 0, predicted: 0
iter: 1, sample_no: 1779, actual label: 0, predicted: 0
iter: 2, sample_no: 2181, actual label: 0, predicted: 0
iter: 3, sample_no: 1171, actual label: 0, predicted: 0
iter: 4, sample_no: 376, actual label: 0, predicted: 0
iter: 5, sample_no: 1515, actual label: 0, predicted: 0
iter: 6, sample_no: 457, actual label: 1, predicted: 1
iter: 7, sample_no: 443, actual label: 0, predicted: 0
iter: 8, sample_no: 2297, actual label: 0, predicted: 0
iter: 9, sample_no: 1346, actual label: 0, predicted: 0
iter: 10, sample_no: 299, actual label: 0, predicted: 0
iter: 11, sample_no: 904, actual label: 0, predicted: 0
iter: 12, sample_no: 2080, actual label: 0, predicted: 0
iter: 13, sample_no: 168, actual label: 0, predicted: 0
iter: 14, sample_no: 421, actual label: 0, predicted: 0
iter: 15, sample_no: 1072, actual label: 0, predicted: 0
iter: 16, sample_no: 2295, actual label: 0, predicted: 0
iter: 17, sample_no: 696, actual label: 1, predicted: 1
iter: 18, sample_no: 1241, actual label: 0, predicted: 0
iter: 19, sample_no: 2250, actual label: 1, predicted: 1
iter: 20, sample_no: 1207, actual label: 0, predicted: 0
iter: 21, sample_no: 420, actual label: 0, predicted: 0
iter: 22, sample_no: 1755, actual label: 0, predicted: 0
iter: 23, sample_no: 1121, actual label: 0, predicted: 0
iter: 24, sample_no: 1636, actual label: 1, predicted: 1
number of samples: 2389
AUC 0.9484309852973447
pos_get 343
total recall stop_at 1.0
@@@ C - Repeat number: 4
@@@ D - common_header:  {'F101', 'F3-input', 'F71-jtaylor@salesforce.com', 'F71-ramkrishna.s.vasudevan@gmail.com', 'F71-tdsilva@salesforce.com', 'F71-jzhong@JZhongs-MacBook-Pro.local', 'F3-long', 'F104', 'F3-Connection', 'F123', 'F3-boolean', 'F71-ramkrishna.s.vasudevan@intel.com', 'F22', 'F116', 'F71-jamestaylor@apache.org', 'F71-twdsilva@gmail.com', 'F15-public', 'F71-elilevine@apache.org', 'F3-NA', 'F71-mujtaba@apache.org', 'F15-private', 'F3-byte[]', 'F3-BitSet', 'F126', 'category', 'F71-gabrielr@ngdata.com', 'F71-stoens@apache.org', 'F3-null', 'F115', 'F71-jeffreyz@apache.org', 'F3-int', 'F71-ndimiduk@apache.org', 'F3-Object', 'F105', 'F3-PreparedStatement', 'F110', 'F3-SortOrder.DESC', 'F3-List<ParseNode>', 'F117', 'F15-protected', 'F3-Properties', 'F77', 'F65', 'F3-SortOrder.ASC', 'F3-PhoenixArray', 'F3-PDataType', 'F41', 'F68', 'F120', 'F25', 'F71-samarth.jain@salesforce.com', 'F15-NA', 'F3-TEST_PROPERTIES', 'F71-rajeshbabu@apache.org', 'F71-maryannxue@apache.org', 'F71-enis@apache.org', 'F71-wei.xue@intel.com', 'F72', 'F3-String', 'F3-getUrl()'}
    F72  F25  ... F71-mujtaba@apache.org F71-wei.xue@intel.com
1  1702  497  ...                      0                     0
2  1585  416  ...                      0                     0
3  1585  416  ...                      0                     0

[3 rows x 59 columns]
;.;
        F72       F25  ...  F71-mujtaba@apache.org  F71-wei.xue@intel.com
0  0.745370  0.810767  ...                     0.0                    0.0
1  0.637037  0.678630  ...                     0.0                    0.0
2  0.637037  0.678630  ...                     0.0                    0.0

[3 rows x 59 columns]
training_x: (2235, 59)
training_y: 2235
testset_x: (2389, 59)
testset_y: 2389
              precision    recall  f1-score   support

           0       0.99      0.98      0.98      2046
           1       0.88      0.92      0.90       343

    accuracy                           0.97      2389
   macro avg       0.93      0.95      0.94      2389
weighted avg       0.97      0.97      0.97      2389

accuracy: 0.969861866889912
0.8974358974358975
@@@ tn: 2002, fp: 44, fn: 28, tp: 315
@@@ LIME - Creating explainer
@@@ LIME - Random Sampling of Instances
iter: 0, sample_no: 1576, actual label: 0, predicted: 0
iter: 1, sample_no: 1981, actual label: 1, predicted: 1
iter: 2, sample_no: 2327, actual label: 0, predicted: 0
iter: 3, sample_no: 2063, actual label: 0, predicted: 0
iter: 4, sample_no: 1288, actual label: 0, predicted: 0
iter: 5, sample_no: 318, actual label: 1, predicted: 1
iter: 6, sample_no: 1832, actual label: 0, predicted: 0
iter: 7, sample_no: 2180, actual label: 0, predicted: 0
iter: 8, sample_no: 88, actual label: 0, predicted: 0
iter: 9, sample_no: 2237, actual label: 0, predicted: 0
iter: 10, sample_no: 2368, actual label: 1, predicted: 1
iter: 11, sample_no: 2246, actual label: 0, predicted: 0
iter: 12, sample_no: 727, actual label: 0, predicted: 0
iter: 13, sample_no: 2363, actual label: 0, predicted: 0
iter: 14, sample_no: 1462, actual label: 1, predicted: 1
iter: 15, sample_no: 1579, actual label: 0, predicted: 0
iter: 16, sample_no: 1873, actual label: 0, predicted: 0
iter: 17, sample_no: 787, actual label: 0, predicted: 0
iter: 18, sample_no: 1835, actual label: 0, predicted: 0
iter: 19, sample_no: 1171, actual label: 0, predicted: 0
iter: 20, sample_no: 2095, actual label: 0, predicted: 0
iter: 21, sample_no: 1772, actual label: 0, predicted: 0
iter: 22, sample_no: 2285, actual label: 0, predicted: 0
iter: 23, sample_no: 1802, actual label: 0, predicted: 0
iter: 24, sample_no: 2053, actual label: 1, predicted: 1
number of samples: 2389
AUC 0.9484309852973447
pos_get 343
total recall stop_at 1.0
@@@ C - Repeat number: 5
@@@ D - common_header:  {'F101', 'F3-input', 'F71-jtaylor@salesforce.com', 'F71-ramkrishna.s.vasudevan@gmail.com', 'F71-tdsilva@salesforce.com', 'F71-jzhong@JZhongs-MacBook-Pro.local', 'F3-long', 'F104', 'F3-Connection', 'F123', 'F3-boolean', 'F71-ramkrishna.s.vasudevan@intel.com', 'F22', 'F116', 'F71-jamestaylor@apache.org', 'F71-twdsilva@gmail.com', 'F15-public', 'F71-elilevine@apache.org', 'F3-NA', 'F71-mujtaba@apache.org', 'F15-private', 'F3-byte[]', 'F3-BitSet', 'F126', 'category', 'F71-gabrielr@ngdata.com', 'F71-stoens@apache.org', 'F3-null', 'F115', 'F71-jeffreyz@apache.org', 'F3-int', 'F71-ndimiduk@apache.org', 'F3-Object', 'F105', 'F3-PreparedStatement', 'F110', 'F3-SortOrder.DESC', 'F3-List<ParseNode>', 'F117', 'F15-protected', 'F3-Properties', 'F77', 'F65', 'F3-SortOrder.ASC', 'F3-PhoenixArray', 'F3-PDataType', 'F41', 'F68', 'F120', 'F25', 'F71-samarth.jain@salesforce.com', 'F15-NA', 'F3-TEST_PROPERTIES', 'F71-rajeshbabu@apache.org', 'F71-maryannxue@apache.org', 'F71-enis@apache.org', 'F71-wei.xue@intel.com', 'F72', 'F3-String', 'F3-getUrl()'}
    F72  F25  ... F71-mujtaba@apache.org F71-wei.xue@intel.com
1  1702  497  ...                      0                     0
2  1585  416  ...                      0                     0
3  1585  416  ...                      0                     0

[3 rows x 59 columns]
;.;
        F72       F25  ...  F71-mujtaba@apache.org  F71-wei.xue@intel.com
0  0.745370  0.810767  ...                     0.0                    0.0
1  0.637037  0.678630  ...                     0.0                    0.0
2  0.637037  0.678630  ...                     0.0                    0.0

[3 rows x 59 columns]
training_x: (2235, 59)
training_y: 2235
testset_x: (2389, 59)
testset_y: 2389
              precision    recall  f1-score   support

           0       0.99      0.98      0.98      2046
           1       0.88      0.92      0.90       343

    accuracy                           0.97      2389
   macro avg       0.93      0.95      0.94      2389
weighted avg       0.97      0.97      0.97      2389

accuracy: 0.969861866889912
0.8974358974358975
@@@ tn: 2002, fp: 44, fn: 28, tp: 315
@@@ LIME - Creating explainer
@@@ LIME - Random Sampling of Instances
iter: 0, sample_no: 1159, actual label: 0, predicted: 0
iter: 1, sample_no: 1374, actual label: 0, predicted: 0
iter: 2, sample_no: 2042, actual label: 0, predicted: 0
iter: 3, sample_no: 24, actual label: 0, predicted: 0
iter: 4, sample_no: 159, actual label: 1, predicted: 1
iter: 5, sample_no: 146, actual label: 0, predicted: 0
iter: 6, sample_no: 231, actual label: 0, predicted: 0
iter: 7, sample_no: 1192, actual label: 1, predicted: 1
iter: 8, sample_no: 1835, actual label: 0, predicted: 0
iter: 9, sample_no: 1288, actual label: 0, predicted: 0
iter: 10, sample_no: 743, actual label: 0, predicted: 0
iter: 11, sample_no: 1087, actual label: 0, predicted: 0
iter: 12, sample_no: 887, actual label: 0, predicted: 0
iter: 13, sample_no: 2211, actual label: 0, predicted: 0
iter: 14, sample_no: 1263, actual label: 0, predicted: 0
iter: 15, sample_no: 123, actual label: 0, predicted: 0
iter: 16, sample_no: 2259, actual label: 0, predicted: 0
iter: 17, sample_no: 1829, actual label: 0, predicted: 0
iter: 18, sample_no: 1497, actual label: 0, predicted: 0
iter: 19, sample_no: 1176, actual label: 0, predicted: 0
iter: 20, sample_no: 1952, actual label: 0, predicted: 0
iter: 21, sample_no: 1993, actual label: 1, predicted: 1
iter: 22, sample_no: 42, actual label: 1, predicted: 1
iter: 23, sample_no: 1323, actual label: 0, predicted: 0
iter: 24, sample_no: 1658, actual label: 0, predicted: 0
number of samples: 2389
AUC 0.9484309852973447
pos_get 343
total recall stop_at 1.0
@@@ C - Repeat number: 6
@@@ D - common_header:  {'F101', 'F3-input', 'F71-jtaylor@salesforce.com', 'F71-ramkrishna.s.vasudevan@gmail.com', 'F71-tdsilva@salesforce.com', 'F71-jzhong@JZhongs-MacBook-Pro.local', 'F3-long', 'F104', 'F3-Connection', 'F123', 'F3-boolean', 'F71-ramkrishna.s.vasudevan@intel.com', 'F22', 'F116', 'F71-jamestaylor@apache.org', 'F71-twdsilva@gmail.com', 'F15-public', 'F71-elilevine@apache.org', 'F3-NA', 'F71-mujtaba@apache.org', 'F15-private', 'F3-byte[]', 'F3-BitSet', 'F126', 'category', 'F71-gabrielr@ngdata.com', 'F71-stoens@apache.org', 'F3-null', 'F115', 'F71-jeffreyz@apache.org', 'F3-int', 'F71-ndimiduk@apache.org', 'F3-Object', 'F105', 'F3-PreparedStatement', 'F110', 'F3-SortOrder.DESC', 'F3-List<ParseNode>', 'F117', 'F15-protected', 'F3-Properties', 'F77', 'F65', 'F3-SortOrder.ASC', 'F3-PhoenixArray', 'F3-PDataType', 'F41', 'F68', 'F120', 'F25', 'F71-samarth.jain@salesforce.com', 'F15-NA', 'F3-TEST_PROPERTIES', 'F71-rajeshbabu@apache.org', 'F71-maryannxue@apache.org', 'F71-enis@apache.org', 'F71-wei.xue@intel.com', 'F72', 'F3-String', 'F3-getUrl()'}
    F72  F25  ... F71-mujtaba@apache.org F71-wei.xue@intel.com
1  1702  497  ...                      0                     0
2  1585  416  ...                      0                     0
3  1585  416  ...                      0                     0

[3 rows x 59 columns]
;.;
        F72       F25  ...  F71-mujtaba@apache.org  F71-wei.xue@intel.com
0  0.745370  0.810767  ...                     0.0                    0.0
1  0.637037  0.678630  ...                     0.0                    0.0
2  0.637037  0.678630  ...                     0.0                    0.0

[3 rows x 59 columns]
training_x: (2235, 59)
training_y: 2235
testset_x: (2389, 59)
testset_y: 2389
              precision    recall  f1-score   support

           0       0.99      0.98      0.98      2046
           1       0.88      0.92      0.90       343

    accuracy                           0.97      2389
   macro avg       0.93      0.95      0.94      2389
weighted avg       0.97      0.97      0.97      2389

accuracy: 0.969861866889912
0.8974358974358975
@@@ tn: 2002, fp: 44, fn: 28, tp: 315
@@@ LIME - Creating explainer
@@@ LIME - Random Sampling of Instances
iter: 0, sample_no: 1361, actual label: 1, predicted: 1
iter: 1, sample_no: 1178, actual label: 0, predicted: 0
iter: 2, sample_no: 731, actual label: 0, predicted: 0
iter: 3, sample_no: 1206, actual label: 1, predicted: 1
iter: 4, sample_no: 948, actual label: 0, predicted: 0
iter: 5, sample_no: 1928, actual label: 0, predicted: 0
iter: 6, sample_no: 1394, actual label: 0, predicted: 0
iter: 7, sample_no: 2064, actual label: 1, predicted: 1
iter: 8, sample_no: 1354, actual label: 0, predicted: 0
iter: 9, sample_no: 1027, actual label: 0, predicted: 0
iter: 10, sample_no: 1980, actual label: 1, predicted: 1
iter: 11, sample_no: 6, actual label: 0, predicted: 0
iter: 12, sample_no: 2092, actual label: 0, predicted: 0
iter: 13, sample_no: 658, actual label: 0, predicted: 0
iter: 14, sample_no: 1293, actual label: 0, predicted: 0
iter: 15, sample_no: 1043, actual label: 0, predicted: 0
iter: 16, sample_no: 205, actual label: 0, predicted: 0
iter: 17, sample_no: 1035, actual label: 0, predicted: 0
iter: 18, sample_no: 348, actual label: 1, predicted: 1
iter: 19, sample_no: 1738, actual label: 0, predicted: 0
iter: 20, sample_no: 1009, actual label: 0, predicted: 0
iter: 21, sample_no: 1584, actual label: 0, predicted: 0
iter: 22, sample_no: 1776, actual label: 0, predicted: 0
iter: 23, sample_no: 151, actual label: 0, predicted: 0
iter: 24, sample_no: 1017, actual label: 0, predicted: 0
number of samples: 2389
AUC 0.9484309852973447
pos_get 343
total recall stop_at 1.0
@@@ C - Repeat number: 7
@@@ D - common_header:  {'F101', 'F3-input', 'F71-jtaylor@salesforce.com', 'F71-ramkrishna.s.vasudevan@gmail.com', 'F71-tdsilva@salesforce.com', 'F71-jzhong@JZhongs-MacBook-Pro.local', 'F3-long', 'F104', 'F3-Connection', 'F123', 'F3-boolean', 'F71-ramkrishna.s.vasudevan@intel.com', 'F22', 'F116', 'F71-jamestaylor@apache.org', 'F71-twdsilva@gmail.com', 'F15-public', 'F71-elilevine@apache.org', 'F3-NA', 'F71-mujtaba@apache.org', 'F15-private', 'F3-byte[]', 'F3-BitSet', 'F126', 'category', 'F71-gabrielr@ngdata.com', 'F71-stoens@apache.org', 'F3-null', 'F115', 'F71-jeffreyz@apache.org', 'F3-int', 'F71-ndimiduk@apache.org', 'F3-Object', 'F105', 'F3-PreparedStatement', 'F110', 'F3-SortOrder.DESC', 'F3-List<ParseNode>', 'F117', 'F15-protected', 'F3-Properties', 'F77', 'F65', 'F3-SortOrder.ASC', 'F3-PhoenixArray', 'F3-PDataType', 'F41', 'F68', 'F120', 'F25', 'F71-samarth.jain@salesforce.com', 'F15-NA', 'F3-TEST_PROPERTIES', 'F71-rajeshbabu@apache.org', 'F71-maryannxue@apache.org', 'F71-enis@apache.org', 'F71-wei.xue@intel.com', 'F72', 'F3-String', 'F3-getUrl()'}
    F72  F25  ... F71-mujtaba@apache.org F71-wei.xue@intel.com
1  1702  497  ...                      0                     0
2  1585  416  ...                      0                     0
3  1585  416  ...                      0                     0

[3 rows x 59 columns]
;.;
        F72       F25  ...  F71-mujtaba@apache.org  F71-wei.xue@intel.com
0  0.745370  0.810767  ...                     0.0                    0.0
1  0.637037  0.678630  ...                     0.0                    0.0
2  0.637037  0.678630  ...                     0.0                    0.0

[3 rows x 59 columns]
training_x: (2235, 59)
training_y: 2235
testset_x: (2389, 59)
testset_y: 2389
              precision    recall  f1-score   support

           0       0.99      0.98      0.98      2046
           1       0.88      0.92      0.90       343

    accuracy                           0.97      2389
   macro avg       0.93      0.95      0.94      2389
weighted avg       0.97      0.97      0.97      2389

accuracy: 0.969861866889912
0.8974358974358975
@@@ tn: 2002, fp: 44, fn: 28, tp: 315
@@@ LIME - Creating explainer
@@@ LIME - Random Sampling of Instances
iter: 0, sample_no: 426, actual label: 0, predicted: 0
iter: 1, sample_no: 461, actual label: 0, predicted: 0
iter: 2, sample_no: 1110, actual label: 0, predicted: 0
iter: 3, sample_no: 1973, actual label: 0, predicted: 0
iter: 4, sample_no: 2226, actual label: 0, predicted: 0
iter: 5, sample_no: 898, actual label: 0, predicted: 0
iter: 6, sample_no: 1049, actual label: 0, predicted: 0
iter: 7, sample_no: 1003, actual label: 0, predicted: 0
iter: 8, sample_no: 1185, actual label: 1, predicted: 1
iter: 9, sample_no: 880, actual label: 0, predicted: 0
iter: 10, sample_no: 185, actual label: 0, predicted: 0
iter: 11, sample_no: 1339, actual label: 0, predicted: 0
iter: 12, sample_no: 1436, actual label: 0, predicted: 0
iter: 13, sample_no: 636, actual label: 0, predicted: 0
iter: 14, sample_no: 722, actual label: 0, predicted: 0
iter: 15, sample_no: 1896, actual label: 0, predicted: 0
iter: 16, sample_no: 390, actual label: 0, predicted: 0
iter: 17, sample_no: 2198, actual label: 0, predicted: 0
iter: 18, sample_no: 1229, actual label: 1, predicted: 1
iter: 19, sample_no: 1548, actual label: 0, predicted: 0
iter: 20, sample_no: 2052, actual label: 0, predicted: 0
iter: 21, sample_no: 2261, actual label: 0, predicted: 0
iter: 22, sample_no: 1309, actual label: 0, predicted: 0
iter: 23, sample_no: 1374, actual label: 0, predicted: 0
iter: 24, sample_no: 637, actual label: 0, predicted: 0
number of samples: 2389
AUC 0.9484309852973447
pos_get 343
total recall stop_at 1.0
@@@ C - Repeat number: 8
@@@ D - common_header:  {'F101', 'F3-input', 'F71-jtaylor@salesforce.com', 'F71-ramkrishna.s.vasudevan@gmail.com', 'F71-tdsilva@salesforce.com', 'F71-jzhong@JZhongs-MacBook-Pro.local', 'F3-long', 'F104', 'F3-Connection', 'F123', 'F3-boolean', 'F71-ramkrishna.s.vasudevan@intel.com', 'F22', 'F116', 'F71-jamestaylor@apache.org', 'F71-twdsilva@gmail.com', 'F15-public', 'F71-elilevine@apache.org', 'F3-NA', 'F71-mujtaba@apache.org', 'F15-private', 'F3-byte[]', 'F3-BitSet', 'F126', 'category', 'F71-gabrielr@ngdata.com', 'F71-stoens@apache.org', 'F3-null', 'F115', 'F71-jeffreyz@apache.org', 'F3-int', 'F71-ndimiduk@apache.org', 'F3-Object', 'F105', 'F3-PreparedStatement', 'F110', 'F3-SortOrder.DESC', 'F3-List<ParseNode>', 'F117', 'F15-protected', 'F3-Properties', 'F77', 'F65', 'F3-SortOrder.ASC', 'F3-PhoenixArray', 'F3-PDataType', 'F41', 'F68', 'F120', 'F25', 'F71-samarth.jain@salesforce.com', 'F15-NA', 'F3-TEST_PROPERTIES', 'F71-rajeshbabu@apache.org', 'F71-maryannxue@apache.org', 'F71-enis@apache.org', 'F71-wei.xue@intel.com', 'F72', 'F3-String', 'F3-getUrl()'}
    F72  F25  ... F71-mujtaba@apache.org F71-wei.xue@intel.com
1  1702  497  ...                      0                     0
2  1585  416  ...                      0                     0
3  1585  416  ...                      0                     0

[3 rows x 59 columns]
;.;
        F72       F25  ...  F71-mujtaba@apache.org  F71-wei.xue@intel.com
0  0.745370  0.810767  ...                     0.0                    0.0
1  0.637037  0.678630  ...                     0.0                    0.0
2  0.637037  0.678630  ...                     0.0                    0.0

[3 rows x 59 columns]
training_x: (2235, 59)
training_y: 2235
testset_x: (2389, 59)
testset_y: 2389
              precision    recall  f1-score   support

           0       0.99      0.98      0.98      2046
           1       0.88      0.92      0.90       343

    accuracy                           0.97      2389
   macro avg       0.93      0.95      0.94      2389
weighted avg       0.97      0.97      0.97      2389

accuracy: 0.969861866889912
0.8974358974358975
@@@ tn: 2002, fp: 44, fn: 28, tp: 315
@@@ LIME - Creating explainer
@@@ LIME - Random Sampling of Instances
iter: 0, sample_no: 1712, actual label: 1, predicted: 1
iter: 1, sample_no: 1187, actual label: 0, predicted: 0
iter: 2, sample_no: 1621, actual label: 0, predicted: 0
iter: 3, sample_no: 1365, actual label: 0, predicted: 0
iter: 4, sample_no: 558, actual label: 1, predicted: 1
iter: 5, sample_no: 1876, actual label: 0, predicted: 0
iter: 6, sample_no: 1344, actual label: 0, predicted: 0
iter: 7, sample_no: 2063, actual label: 0, predicted: 0
iter: 8, sample_no: 1668, actual label: 0, predicted: 0
iter: 9, sample_no: 1225, actual label: 1, predicted: 1
iter: 10, sample_no: 1800, actual label: 0, predicted: 0
iter: 11, sample_no: 1175, actual label: 0, predicted: 0
iter: 12, sample_no: 1357, actual label: 0, predicted: 0
iter: 13, sample_no: 2269, actual label: 0, predicted: 0
iter: 14, sample_no: 910, actual label: 0, predicted: 0
iter: 15, sample_no: 2247, actual label: 0, predicted: 0
iter: 16, sample_no: 969, actual label: 0, predicted: 0
iter: 17, sample_no: 1861, actual label: 0, predicted: 0
iter: 18, sample_no: 633, actual label: 0, predicted: 0
iter: 19, sample_no: 39, actual label: 0, predicted: 0
iter: 20, sample_no: 2091, actual label: 0, predicted: 0
iter: 21, sample_no: 140, actual label: 0, predicted: 0
iter: 22, sample_no: 1275, actual label: 0, predicted: 0
iter: 23, sample_no: 1240, actual label: 0, predicted: 0
iter: 24, sample_no: 1226, actual label: 1, predicted: 1
number of samples: 2389
AUC 0.9484309852973447
pos_get 343
total recall stop_at 1.0
@@@ C - Repeat number: 9
@@@ D - common_header:  {'F101', 'F3-input', 'F71-jtaylor@salesforce.com', 'F71-ramkrishna.s.vasudevan@gmail.com', 'F71-tdsilva@salesforce.com', 'F71-jzhong@JZhongs-MacBook-Pro.local', 'F3-long', 'F104', 'F3-Connection', 'F123', 'F3-boolean', 'F71-ramkrishna.s.vasudevan@intel.com', 'F22', 'F116', 'F71-jamestaylor@apache.org', 'F71-twdsilva@gmail.com', 'F15-public', 'F71-elilevine@apache.org', 'F3-NA', 'F71-mujtaba@apache.org', 'F15-private', 'F3-byte[]', 'F3-BitSet', 'F126', 'category', 'F71-gabrielr@ngdata.com', 'F71-stoens@apache.org', 'F3-null', 'F115', 'F71-jeffreyz@apache.org', 'F3-int', 'F71-ndimiduk@apache.org', 'F3-Object', 'F105', 'F3-PreparedStatement', 'F110', 'F3-SortOrder.DESC', 'F3-List<ParseNode>', 'F117', 'F15-protected', 'F3-Properties', 'F77', 'F65', 'F3-SortOrder.ASC', 'F3-PhoenixArray', 'F3-PDataType', 'F41', 'F68', 'F120', 'F25', 'F71-samarth.jain@salesforce.com', 'F15-NA', 'F3-TEST_PROPERTIES', 'F71-rajeshbabu@apache.org', 'F71-maryannxue@apache.org', 'F71-enis@apache.org', 'F71-wei.xue@intel.com', 'F72', 'F3-String', 'F3-getUrl()'}
    F72  F25  ... F71-mujtaba@apache.org F71-wei.xue@intel.com
1  1702  497  ...                      0                     0
2  1585  416  ...                      0                     0
3  1585  416  ...                      0                     0

[3 rows x 59 columns]
;.;
        F72       F25  ...  F71-mujtaba@apache.org  F71-wei.xue@intel.com
0  0.745370  0.810767  ...                     0.0                    0.0
1  0.637037  0.678630  ...                     0.0                    0.0
2  0.637037  0.678630  ...                     0.0                    0.0

[3 rows x 59 columns]
training_x: (2235, 59)
training_y: 2235
testset_x: (2389, 59)
testset_y: 2389
              precision    recall  f1-score   support

           0       0.99      0.98      0.98      2046
           1       0.88      0.92      0.90       343

    accuracy                           0.97      2389
   macro avg       0.93      0.95      0.94      2389
weighted avg       0.97      0.97      0.97      2389

accuracy: 0.969861866889912
0.8974358974358975
@@@ tn: 2002, fp: 44, fn: 28, tp: 315
@@@ LIME - Creating explainer
@@@ LIME - Random Sampling of Instances
iter: 0, sample_no: 2105, actual label: 0, predicted: 0
iter: 1, sample_no: 429, actual label: 0, predicted: 0
iter: 2, sample_no: 1418, actual label: 0, predicted: 0
iter: 3, sample_no: 1396, actual label: 0, predicted: 0
iter: 4, sample_no: 38, actual label: 0, predicted: 0
iter: 5, sample_no: 555, actual label: 1, predicted: 1
iter: 6, sample_no: 861, actual label: 0, predicted: 0
iter: 7, sample_no: 1085, actual label: 0, predicted: 0
iter: 8, sample_no: 1740, actual label: 0, predicted: 0
iter: 9, sample_no: 235, actual label: 0, predicted: 0
iter: 10, sample_no: 146, actual label: 0, predicted: 0
iter: 11, sample_no: 1225, actual label: 1, predicted: 1
iter: 12, sample_no: 985, actual label: 0, predicted: 0
iter: 13, sample_no: 162, actual label: 0, predicted: 0
iter: 14, sample_no: 1483, actual label: 0, predicted: 0
iter: 15, sample_no: 1872, actual label: 0, predicted: 0
iter: 16, sample_no: 1993, actual label: 1, predicted: 1
iter: 17, sample_no: 2285, actual label: 0, predicted: 0
iter: 18, sample_no: 661, actual label: 0, predicted: 0
iter: 19, sample_no: 1199, actual label: 1, predicted: 1
iter: 20, sample_no: 1378, actual label: 1, predicted: 1
iter: 21, sample_no: 1110, actual label: 0, predicted: 0
iter: 22, sample_no: 867, actual label: 0, predicted: 0
iter: 23, sample_no: 1469, actual label: 1, predicted: 1
iter: 24, sample_no: 189, actual label: 1, predicted: 1
number of samples: 2389
AUC 0.9484309852973447
pos_get 343
total recall stop_at 1.0
@@@ C - Repeat number: 10
@@@ D - common_header:  {'F101', 'F3-input', 'F71-jtaylor@salesforce.com', 'F71-ramkrishna.s.vasudevan@gmail.com', 'F71-tdsilva@salesforce.com', 'F71-jzhong@JZhongs-MacBook-Pro.local', 'F3-long', 'F104', 'F3-Connection', 'F123', 'F3-boolean', 'F71-ramkrishna.s.vasudevan@intel.com', 'F22', 'F116', 'F71-jamestaylor@apache.org', 'F71-twdsilva@gmail.com', 'F15-public', 'F71-elilevine@apache.org', 'F3-NA', 'F71-mujtaba@apache.org', 'F15-private', 'F3-byte[]', 'F3-BitSet', 'F126', 'category', 'F71-gabrielr@ngdata.com', 'F71-stoens@apache.org', 'F3-null', 'F115', 'F71-jeffreyz@apache.org', 'F3-int', 'F71-ndimiduk@apache.org', 'F3-Object', 'F105', 'F3-PreparedStatement', 'F110', 'F3-SortOrder.DESC', 'F3-List<ParseNode>', 'F117', 'F15-protected', 'F3-Properties', 'F77', 'F65', 'F3-SortOrder.ASC', 'F3-PhoenixArray', 'F3-PDataType', 'F41', 'F68', 'F120', 'F25', 'F71-samarth.jain@salesforce.com', 'F15-NA', 'F3-TEST_PROPERTIES', 'F71-rajeshbabu@apache.org', 'F71-maryannxue@apache.org', 'F71-enis@apache.org', 'F71-wei.xue@intel.com', 'F72', 'F3-String', 'F3-getUrl()'}
    F72  F25  ... F71-mujtaba@apache.org F71-wei.xue@intel.com
1  1702  497  ...                      0                     0
2  1585  416  ...                      0                     0
3  1585  416  ...                      0                     0

[3 rows x 59 columns]
;.;
        F72       F25  ...  F71-mujtaba@apache.org  F71-wei.xue@intel.com
0  0.745370  0.810767  ...                     0.0                    0.0
1  0.637037  0.678630  ...                     0.0                    0.0
2  0.637037  0.678630  ...                     0.0                    0.0

[3 rows x 59 columns]
training_x: (2235, 59)
training_y: 2235
testset_x: (2389, 59)
testset_y: 2389
              precision    recall  f1-score   support

           0       0.99      0.98      0.98      2046
           1       0.88      0.92      0.90       343

    accuracy                           0.97      2389
   macro avg       0.93      0.95      0.94      2389
weighted avg       0.97      0.97      0.97      2389

accuracy: 0.969861866889912
0.8974358974358975
@@@ tn: 2002, fp: 44, fn: 28, tp: 315
@@@ LIME - Creating explainer
@@@ LIME - Random Sampling of Instances
iter: 0, sample_no: 1692, actual label: 1, predicted: 1
iter: 1, sample_no: 749, actual label: 0, predicted: 0
iter: 2, sample_no: 1868, actual label: 0, predicted: 0
iter: 3, sample_no: 817, actual label: 0, predicted: 0
iter: 4, sample_no: 1197, actual label: 1, predicted: 1
iter: 5, sample_no: 211, actual label: 0, predicted: 0
iter: 6, sample_no: 100, actual label: 0, predicted: 0
iter: 7, sample_no: 852, actual label: 0, predicted: 0
iter: 8, sample_no: 1480, actual label: 0, predicted: 0
iter: 9, sample_no: 1814, actual label: 0, predicted: 0
iter: 10, sample_no: 41, actual label: 0, predicted: 1
iter: 11, sample_no: 1437, actual label: 0, predicted: 0
iter: 12, sample_no: 1269, actual label: 0, predicted: 0
iter: 13, sample_no: 922, actual label: 0, predicted: 0
iter: 14, sample_no: 2047, actual label: 1, predicted: 1
iter: 15, sample_no: 1757, actual label: 0, predicted: 0
iter: 16, sample_no: 382, actual label: 0, predicted: 0
iter: 17, sample_no: 937, actual label: 0, predicted: 0
iter: 18, sample_no: 373, actual label: 0, predicted: 0
iter: 19, sample_no: 1395, actual label: 0, predicted: 0
iter: 20, sample_no: 443, actual label: 0, predicted: 0
iter: 21, sample_no: 2103, actual label: 1, predicted: 1
iter: 22, sample_no: 1902, actual label: 0, predicted: 0
iter: 23, sample_no: 2343, actual label: 0, predicted: 0
iter: 24, sample_no: 1691, actual label: 0, predicted: 0
number of samples: 2389
AUC 0.9484309852973447
pos_get 343
total recall stop_at 1.0
----------threshold stop at----------: 1
AUC [0.9484309852973447, 0.9484309852973447, 0.9484309852973447, 0.9484309852973447, 0.9484309852973447, 0.9484309852973447, 0.9484309852973447, 0.9484309852973447, 0.9484309852973447, 0.9484309852973447]
AUC_median 0.9484309852973447
AUC_iqr 0.0
cost [0.9296776894097949, 0.9296776894097949, 0.9296776894097949, 0.9296776894097949, 0.9296776894097949, 0.9296776894097949, 0.9296776894097949, 0.9296776894097949, 0.9296776894097949, 0.9296776894097949]
COST_med 0.9296776894097949
COST_iqr 0.0
f1_pos_list [np.float64(0.8974358974358975), np.float64(0.8974358974358975), np.float64(0.8974358974358975), np.float64(0.8974358974358975), np.float64(0.8974358974358975), np.float64(0.8974358974358975), np.float64(0.8974358974358975), np.float64(0.8974358974358975), np.float64(0.8974358974358975), np.float64(0.8974358974358975)]
f1_pos_med 0.8974358974358975
total_tn 20020
total_fp 440
total_fn 280
total_tp 3150
p= 0.8774373259052924
r= 0.9183673469387755
f= 0.8974358974358975
