@@@ A - classifier: SVC(class_weight='balanced', kernel='linear', probability=True)
@@@ B - threshold stop at: 1
@@@ C - Repeat number: 1
@@@ D - common_header:  {'category', 'F110', 'F116', 'F117', 'F115', 'F120'}
   F116                 F117                  F120                  F110  F115
1  -1.0  0.14583333333333334   0.12008951492583007   -0.7083333333333334  -1.0
2   1.0   0.4418604651162791  0.022883425981027834  -0.11627906976744186   1.0
3   1.0   0.4418604651162791  0.022883425981027834  -0.11627906976744186   1.0
;.;
   F116      F117      F120      F110  F115
0   0.0  0.145833  0.363741  0.145833   0.0
1   1.0  0.441860  0.069312  0.441860   1.0
2   1.0  0.441860  0.069312  0.441860   1.0
training_x: (2235, 5)
training_y: 2235
testset_x: (2389, 5)
testset_y: 2389
              precision    recall  f1-score   support

           0       0.98      0.98      0.98      2046
           1       0.91      0.87      0.89       343

    accuracy                           0.97      2389
   macro avg       0.94      0.93      0.93      2389
weighted avg       0.97      0.97      0.97      2389

accuracy: 0.9677689409794893
0.8852459016393442
@@@ tn: 2015, fp: 31, fn: 46, tp: 297
@@@ LIME - Creating explainer
@@@ LIME - Random Sampling of Instances
iter: 0, sample_no: 2303, actual label: 0, predicted: 0
iter: 1, sample_no: 452, actual label: 0, predicted: 0
iter: 2, sample_no: 1680, actual label: 1, predicted: 1
iter: 3, sample_no: 1588, actual label: 0, predicted: 0
iter: 4, sample_no: 1263, actual label: 0, predicted: 0
iter: 5, sample_no: 609, actual label: 0, predicted: 0
iter: 6, sample_no: 2016, actual label: 1, predicted: 0
iter: 7, sample_no: 647, actual label: 0, predicted: 0
iter: 8, sample_no: 281, actual label: 0, predicted: 0
iter: 9, sample_no: 1177, actual label: 0, predicted: 0
iter: 10, sample_no: 629, actual label: 0, predicted: 0
iter: 11, sample_no: 1924, actual label: 0, predicted: 0
iter: 12, sample_no: 1429, actual label: 0, predicted: 0
iter: 13, sample_no: 2381, actual label: 0, predicted: 0
iter: 14, sample_no: 422, actual label: 0, predicted: 0
iter: 15, sample_no: 42, actual label: 1, predicted: 1
iter: 16, sample_no: 2289, actual label: 0, predicted: 1
iter: 17, sample_no: 507, actual label: 1, predicted: 0
iter: 18, sample_no: 248, actual label: 0, predicted: 0
iter: 19, sample_no: 1864, actual label: 0, predicted: 0
iter: 20, sample_no: 1435, actual label: 0, predicted: 0
iter: 21, sample_no: 1895, actual label: 0, predicted: 0
iter: 22, sample_no: 1874, actual label: 0, predicted: 0
iter: 23, sample_no: 577, actual label: 0, predicted: 0
iter: 24, sample_no: 509, actual label: 1, predicted: 0
number of samples: 2389
AUC 0.9914652496943478
pos_get 343
total recall stop_at 1.0
@@@ C - Repeat number: 2
@@@ D - common_header:  {'category', 'F110', 'F116', 'F117', 'F115', 'F120'}
   F116                 F117                  F120                  F110  F115
1  -1.0  0.14583333333333334   0.12008951492583007   -0.7083333333333334  -1.0
2   1.0   0.4418604651162791  0.022883425981027834  -0.11627906976744186   1.0
3   1.0   0.4418604651162791  0.022883425981027834  -0.11627906976744186   1.0
;.;
   F116      F117      F120      F110  F115
0   0.0  0.145833  0.363741  0.145833   0.0
1   1.0  0.441860  0.069312  0.441860   1.0
2   1.0  0.441860  0.069312  0.441860   1.0
training_x: (2235, 5)
training_y: 2235
testset_x: (2389, 5)
testset_y: 2389
              precision    recall  f1-score   support

           0       0.98      0.98      0.98      2046
           1       0.91      0.87      0.89       343

    accuracy                           0.97      2389
   macro avg       0.94      0.93      0.93      2389
weighted avg       0.97      0.97      0.97      2389

accuracy: 0.9677689409794893
0.8852459016393442
@@@ tn: 2015, fp: 31, fn: 46, tp: 297
@@@ LIME - Creating explainer
@@@ LIME - Random Sampling of Instances
iter: 0, sample_no: 1197, actual label: 1, predicted: 1
iter: 1, sample_no: 927, actual label: 0, predicted: 0
iter: 2, sample_no: 1356, actual label: 0, predicted: 0
iter: 3, sample_no: 2241, actual label: 0, predicted: 0
iter: 4, sample_no: 661, actual label: 0, predicted: 0
iter: 5, sample_no: 1355, actual label: 0, predicted: 0
iter: 6, sample_no: 1664, actual label: 0, predicted: 0
iter: 7, sample_no: 550, actual label: 0, predicted: 0
iter: 8, sample_no: 1023, actual label: 0, predicted: 0
iter: 9, sample_no: 1850, actual label: 0, predicted: 0
iter: 10, sample_no: 1236, actual label: 0, predicted: 1
iter: 11, sample_no: 803, actual label: 0, predicted: 0
iter: 12, sample_no: 409, actual label: 0, predicted: 0
iter: 13, sample_no: 2080, actual label: 0, predicted: 0
iter: 14, sample_no: 447, actual label: 0, predicted: 1
iter: 15, sample_no: 61, actual label: 0, predicted: 0
iter: 16, sample_no: 1456, actual label: 0, predicted: 0
iter: 17, sample_no: 206, actual label: 0, predicted: 0
iter: 18, sample_no: 177, actual label: 1, predicted: 1
iter: 19, sample_no: 236, actual label: 0, predicted: 0
iter: 20, sample_no: 397, actual label: 0, predicted: 0
iter: 21, sample_no: 1939, actual label: 0, predicted: 0
iter: 22, sample_no: 1533, actual label: 0, predicted: 0
iter: 23, sample_no: 2208, actual label: 0, predicted: 0
iter: 24, sample_no: 408, actual label: 0, predicted: 0
number of samples: 2389
AUC 0.991465962170373
pos_get 343
total recall stop_at 1.0
@@@ C - Repeat number: 3
@@@ D - common_header:  {'category', 'F110', 'F116', 'F117', 'F115', 'F120'}
   F116                 F117                  F120                  F110  F115
1  -1.0  0.14583333333333334   0.12008951492583007   -0.7083333333333334  -1.0
2   1.0   0.4418604651162791  0.022883425981027834  -0.11627906976744186   1.0
3   1.0   0.4418604651162791  0.022883425981027834  -0.11627906976744186   1.0
;.;
   F116      F117      F120      F110  F115
0   0.0  0.145833  0.363741  0.145833   0.0
1   1.0  0.441860  0.069312  0.441860   1.0
2   1.0  0.441860  0.069312  0.441860   1.0
training_x: (2235, 5)
training_y: 2235
testset_x: (2389, 5)
testset_y: 2389
              precision    recall  f1-score   support

           0       0.98      0.98      0.98      2046
           1       0.91      0.87      0.89       343

    accuracy                           0.97      2389
   macro avg       0.94      0.93      0.93      2389
weighted avg       0.97      0.97      0.97      2389

accuracy: 0.9677689409794893
0.8852459016393442
@@@ tn: 2015, fp: 31, fn: 46, tp: 297
@@@ LIME - Creating explainer
@@@ LIME - Random Sampling of Instances
iter: 0, sample_no: 1667, actual label: 0, predicted: 0
iter: 1, sample_no: 430, actual label: 0, predicted: 0
iter: 2, sample_no: 97, actual label: 0, predicted: 0
iter: 3, sample_no: 1431, actual label: 0, predicted: 0
iter: 4, sample_no: 1248, actual label: 0, predicted: 0
iter: 5, sample_no: 1821, actual label: 0, predicted: 0
iter: 6, sample_no: 1081, actual label: 0, predicted: 0
iter: 7, sample_no: 811, actual label: 1, predicted: 0
iter: 8, sample_no: 2213, actual label: 0, predicted: 0
iter: 9, sample_no: 169, actual label: 0, predicted: 0
iter: 10, sample_no: 1837, actual label: 0, predicted: 0
iter: 11, sample_no: 234, actual label: 0, predicted: 0
iter: 12, sample_no: 472, actual label: 0, predicted: 1
iter: 13, sample_no: 994, actual label: 0, predicted: 0
iter: 14, sample_no: 721, actual label: 0, predicted: 0
iter: 15, sample_no: 1146, actual label: 0, predicted: 0
iter: 16, sample_no: 1936, actual label: 0, predicted: 0
iter: 17, sample_no: 1821, actual label: 0, predicted: 0
iter: 18, sample_no: 2012, actual label: 0, predicted: 0
iter: 19, sample_no: 2085, actual label: 0, predicted: 0
iter: 20, sample_no: 1486, actual label: 0, predicted: 0
iter: 21, sample_no: 869, actual label: 1, predicted: 1
iter: 22, sample_no: 1890, actual label: 0, predicted: 0
iter: 23, sample_no: 909, actual label: 1, predicted: 1
iter: 24, sample_no: 1957, actual label: 0, predicted: 0
number of samples: 2389
AUC 0.9914652496943477
pos_get 343
total recall stop_at 1.0
@@@ C - Repeat number: 4
@@@ D - common_header:  {'category', 'F110', 'F116', 'F117', 'F115', 'F120'}
   F116                 F117                  F120                  F110  F115
1  -1.0  0.14583333333333334   0.12008951492583007   -0.7083333333333334  -1.0
2   1.0   0.4418604651162791  0.022883425981027834  -0.11627906976744186   1.0
3   1.0   0.4418604651162791  0.022883425981027834  -0.11627906976744186   1.0
;.;
   F116      F117      F120      F110  F115
0   0.0  0.145833  0.363741  0.145833   0.0
1   1.0  0.441860  0.069312  0.441860   1.0
2   1.0  0.441860  0.069312  0.441860   1.0
training_x: (2235, 5)
training_y: 2235
testset_x: (2389, 5)
testset_y: 2389
              precision    recall  f1-score   support

           0       0.98      0.98      0.98      2046
           1       0.91      0.87      0.89       343

    accuracy                           0.97      2389
   macro avg       0.94      0.93      0.93      2389
weighted avg       0.97      0.97      0.97      2389

accuracy: 0.9677689409794893
0.8852459016393442
@@@ tn: 2015, fp: 31, fn: 46, tp: 297
@@@ LIME - Creating explainer
@@@ LIME - Random Sampling of Instances
iter: 0, sample_no: 1576, actual label: 0, predicted: 0
iter: 1, sample_no: 1654, actual label: 0, predicted: 0
iter: 2, sample_no: 327, actual label: 1, predicted: 1
iter: 3, sample_no: 795, actual label: 0, predicted: 0
iter: 4, sample_no: 736, actual label: 0, predicted: 0
iter: 5, sample_no: 1170, actual label: 1, predicted: 0
iter: 6, sample_no: 546, actual label: 0, predicted: 0
iter: 7, sample_no: 1048, actual label: 0, predicted: 0
iter: 8, sample_no: 479, actual label: 0, predicted: 0
iter: 9, sample_no: 2045, actual label: 0, predicted: 0
iter: 10, sample_no: 2016, actual label: 1, predicted: 0
iter: 11, sample_no: 102, actual label: 0, predicted: 0
iter: 12, sample_no: 277, actual label: 1, predicted: 1
iter: 13, sample_no: 332, actual label: 1, predicted: 1
iter: 14, sample_no: 1978, actual label: 1, predicted: 1
iter: 15, sample_no: 1992, actual label: 0, predicted: 0
iter: 16, sample_no: 2028, actual label: 0, predicted: 0
iter: 17, sample_no: 803, actual label: 0, predicted: 0
iter: 18, sample_no: 2282, actual label: 0, predicted: 0
iter: 19, sample_no: 366, actual label: 0, predicted: 0
iter: 20, sample_no: 11, actual label: 1, predicted: 1
iter: 21, sample_no: 481, actual label: 0, predicted: 0
iter: 22, sample_no: 385, actual label: 0, predicted: 0
iter: 23, sample_no: 1627, actual label: 1, predicted: 1
iter: 24, sample_no: 185, actual label: 0, predicted: 0
number of samples: 2389
AUC 0.9914652496943478
pos_get 343
total recall stop_at 1.0
@@@ C - Repeat number: 5
@@@ D - common_header:  {'category', 'F110', 'F116', 'F117', 'F115', 'F120'}
   F116                 F117                  F120                  F110  F115
1  -1.0  0.14583333333333334   0.12008951492583007   -0.7083333333333334  -1.0
2   1.0   0.4418604651162791  0.022883425981027834  -0.11627906976744186   1.0
3   1.0   0.4418604651162791  0.022883425981027834  -0.11627906976744186   1.0
;.;
   F116      F117      F120      F110  F115
0   0.0  0.145833  0.363741  0.145833   0.0
1   1.0  0.441860  0.069312  0.441860   1.0
2   1.0  0.441860  0.069312  0.441860   1.0
training_x: (2235, 5)
training_y: 2235
testset_x: (2389, 5)
testset_y: 2389
              precision    recall  f1-score   support

           0       0.98      0.98      0.98      2046
           1       0.91      0.87      0.89       343

    accuracy                           0.97      2389
   macro avg       0.94      0.93      0.93      2389
weighted avg       0.97      0.97      0.97      2389

accuracy: 0.9677689409794893
0.8852459016393442
@@@ tn: 2015, fp: 31, fn: 46, tp: 297
@@@ LIME - Creating explainer
@@@ LIME - Random Sampling of Instances
iter: 0, sample_no: 1926, actual label: 0, predicted: 0
iter: 1, sample_no: 29, actual label: 0, predicted: 0
iter: 2, sample_no: 951, actual label: 0, predicted: 0
iter: 3, sample_no: 1632, actual label: 1, predicted: 1
iter: 4, sample_no: 590, actual label: 0, predicted: 0
iter: 5, sample_no: 1711, actual label: 0, predicted: 0
iter: 6, sample_no: 236, actual label: 0, predicted: 0
iter: 7, sample_no: 39, actual label: 0, predicted: 0
iter: 8, sample_no: 1618, actual label: 0, predicted: 0
iter: 9, sample_no: 1030, actual label: 0, predicted: 0
iter: 10, sample_no: 356, actual label: 0, predicted: 0
iter: 11, sample_no: 329, actual label: 1, predicted: 1
iter: 12, sample_no: 868, actual label: 1, predicted: 1
iter: 13, sample_no: 1237, actual label: 0, predicted: 0
iter: 14, sample_no: 702, actual label: 0, predicted: 0
iter: 15, sample_no: 1150, actual label: 0, predicted: 0
iter: 16, sample_no: 1940, actual label: 0, predicted: 0
iter: 17, sample_no: 927, actual label: 0, predicted: 0
iter: 18, sample_no: 1107, actual label: 0, predicted: 0
iter: 19, sample_no: 451, actual label: 0, predicted: 0
iter: 20, sample_no: 646, actual label: 0, predicted: 0
iter: 21, sample_no: 798, actual label: 0, predicted: 0
iter: 22, sample_no: 89, actual label: 0, predicted: 0
iter: 23, sample_no: 1917, actual label: 0, predicted: 0
iter: 24, sample_no: 463, actual label: 0, predicted: 0
number of samples: 2389
AUC 0.9914666746463981
pos_get 343
total recall stop_at 1.0
@@@ C - Repeat number: 6
@@@ D - common_header:  {'category', 'F110', 'F116', 'F117', 'F115', 'F120'}
   F116                 F117                  F120                  F110  F115
1  -1.0  0.14583333333333334   0.12008951492583007   -0.7083333333333334  -1.0
2   1.0   0.4418604651162791  0.022883425981027834  -0.11627906976744186   1.0
3   1.0   0.4418604651162791  0.022883425981027834  -0.11627906976744186   1.0
;.;
   F116      F117      F120      F110  F115
0   0.0  0.145833  0.363741  0.145833   0.0
1   1.0  0.441860  0.069312  0.441860   1.0
2   1.0  0.441860  0.069312  0.441860   1.0
training_x: (2235, 5)
training_y: 2235
testset_x: (2389, 5)
testset_y: 2389
              precision    recall  f1-score   support

           0       0.98      0.98      0.98      2046
           1       0.91      0.87      0.89       343

    accuracy                           0.97      2389
   macro avg       0.94      0.93      0.93      2389
weighted avg       0.97      0.97      0.97      2389

accuracy: 0.9677689409794893
0.8852459016393442
@@@ tn: 2015, fp: 31, fn: 46, tp: 297
@@@ LIME - Creating explainer
@@@ LIME - Random Sampling of Instances
iter: 0, sample_no: 1361, actual label: 1, predicted: 0
iter: 1, sample_no: 1176, actual label: 0, predicted: 0
iter: 2, sample_no: 629, actual label: 0, predicted: 0
iter: 3, sample_no: 664, actual label: 0, predicted: 0
iter: 4, sample_no: 423, actual label: 0, predicted: 0
iter: 5, sample_no: 22, actual label: 0, predicted: 0
iter: 6, sample_no: 1742, actual label: 0, predicted: 0
iter: 7, sample_no: 382, actual label: 0, predicted: 0
iter: 8, sample_no: 373, actual label: 0, predicted: 0
iter: 9, sample_no: 940, actual label: 0, predicted: 0
iter: 10, sample_no: 1657, actual label: 0, predicted: 0
iter: 11, sample_no: 638, actual label: 0, predicted: 0
iter: 12, sample_no: 1808, actual label: 0, predicted: 0
iter: 13, sample_no: 8, actual label: 1, predicted: 1
iter: 14, sample_no: 779, actual label: 0, predicted: 0
iter: 15, sample_no: 2163, actual label: 0, predicted: 0
iter: 16, sample_no: 1485, actual label: 0, predicted: 0
iter: 17, sample_no: 662, actual label: 0, predicted: 0
iter: 18, sample_no: 118, actual label: 0, predicted: 0
iter: 19, sample_no: 732, actual label: 0, predicted: 0
iter: 20, sample_no: 1253, actual label: 0, predicted: 0
iter: 21, sample_no: 300, actual label: 0, predicted: 0
iter: 22, sample_no: 2102, actual label: 1, predicted: 1
iter: 23, sample_no: 475, actual label: 0, predicted: 0
iter: 24, sample_no: 27, actual label: 0, predicted: 0
number of samples: 2389
AUC 0.991465962170373
pos_get 343
total recall stop_at 1.0
@@@ C - Repeat number: 7
@@@ D - common_header:  {'category', 'F110', 'F116', 'F117', 'F115', 'F120'}
   F116                 F117                  F120                  F110  F115
1  -1.0  0.14583333333333334   0.12008951492583007   -0.7083333333333334  -1.0
2   1.0   0.4418604651162791  0.022883425981027834  -0.11627906976744186   1.0
3   1.0   0.4418604651162791  0.022883425981027834  -0.11627906976744186   1.0
;.;
   F116      F117      F120      F110  F115
0   0.0  0.145833  0.363741  0.145833   0.0
1   1.0  0.441860  0.069312  0.441860   1.0
2   1.0  0.441860  0.069312  0.441860   1.0
training_x: (2235, 5)
training_y: 2235
testset_x: (2389, 5)
testset_y: 2389
              precision    recall  f1-score   support

           0       0.98      0.98      0.98      2046
           1       0.91      0.87      0.89       343

    accuracy                           0.97      2389
   macro avg       0.94      0.93      0.93      2389
weighted avg       0.97      0.97      0.97      2389

accuracy: 0.9677689409794893
0.8852459016393442
@@@ tn: 2015, fp: 31, fn: 46, tp: 297
@@@ LIME - Creating explainer
@@@ LIME - Random Sampling of Instances
iter: 0, sample_no: 1709, actual label: 0, predicted: 0
iter: 1, sample_no: 1418, actual label: 0, predicted: 0
iter: 2, sample_no: 2097, actual label: 0, predicted: 0
iter: 3, sample_no: 270, actual label: 0, predicted: 0
iter: 4, sample_no: 2376, actual label: 0, predicted: 0
iter: 5, sample_no: 1726, actual label: 0, predicted: 0
iter: 6, sample_no: 1262, actual label: 0, predicted: 0
iter: 7, sample_no: 2251, actual label: 0, predicted: 1
iter: 8, sample_no: 921, actual label: 0, predicted: 0
iter: 9, sample_no: 1619, actual label: 0, predicted: 0
iter: 10, sample_no: 29, actual label: 0, predicted: 0
iter: 11, sample_no: 625, actual label: 0, predicted: 0
iter: 12, sample_no: 862, actual label: 1, predicted: 1
iter: 13, sample_no: 1407, actual label: 0, predicted: 0
iter: 14, sample_no: 2262, actual label: 0, predicted: 0
iter: 15, sample_no: 2027, actual label: 0, predicted: 0
iter: 16, sample_no: 530, actual label: 0, predicted: 0
iter: 17, sample_no: 2187, actual label: 0, predicted: 0
iter: 18, sample_no: 1483, actual label: 0, predicted: 0
iter: 19, sample_no: 1538, actual label: 0, predicted: 0
iter: 20, sample_no: 1295, actual label: 0, predicted: 0
iter: 21, sample_no: 303, actual label: 0, predicted: 0
iter: 22, sample_no: 155, actual label: 0, predicted: 0
iter: 23, sample_no: 589, actual label: 0, predicted: 0
iter: 24, sample_no: 2073, actual label: 0, predicted: 0
number of samples: 2389
AUC 0.9914652496943478
pos_get 343
total recall stop_at 1.0
@@@ C - Repeat number: 8
@@@ D - common_header:  {'category', 'F110', 'F116', 'F117', 'F115', 'F120'}
   F116                 F117                  F120                  F110  F115
1  -1.0  0.14583333333333334   0.12008951492583007   -0.7083333333333334  -1.0
2   1.0   0.4418604651162791  0.022883425981027834  -0.11627906976744186   1.0
3   1.0   0.4418604651162791  0.022883425981027834  -0.11627906976744186   1.0
;.;
   F116      F117      F120      F110  F115
0   0.0  0.145833  0.363741  0.145833   0.0
1   1.0  0.441860  0.069312  0.441860   1.0
2   1.0  0.441860  0.069312  0.441860   1.0
training_x: (2235, 5)
training_y: 2235
testset_x: (2389, 5)
testset_y: 2389
              precision    recall  f1-score   support

           0       0.98      0.98      0.98      2046
           1       0.91      0.87      0.89       343

    accuracy                           0.97      2389
   macro avg       0.94      0.93      0.93      2389
weighted avg       0.97      0.97      0.97      2389

accuracy: 0.9677689409794893
0.8852459016393442
@@@ tn: 2015, fp: 31, fn: 46, tp: 297
@@@ LIME - Creating explainer
@@@ LIME - Random Sampling of Instances
iter: 0, sample_no: 1504, actual label: 1, predicted: 1
iter: 1, sample_no: 391, actual label: 0, predicted: 0
iter: 2, sample_no: 161, actual label: 0, predicted: 0
iter: 3, sample_no: 977, actual label: 0, predicted: 0
iter: 4, sample_no: 1534, actual label: 0, predicted: 0
iter: 5, sample_no: 786, actual label: 0, predicted: 0
iter: 6, sample_no: 1878, actual label: 0, predicted: 0
iter: 7, sample_no: 231, actual label: 0, predicted: 0
iter: 8, sample_no: 2273, actual label: 0, predicted: 0
iter: 9, sample_no: 1426, actual label: 0, predicted: 0
iter: 10, sample_no: 1255, actual label: 0, predicted: 0
iter: 11, sample_no: 901, actual label: 0, predicted: 0
iter: 12, sample_no: 1553, actual label: 0, predicted: 0
iter: 13, sample_no: 269, actual label: 0, predicted: 0
iter: 14, sample_no: 2323, actual label: 0, predicted: 0
iter: 15, sample_no: 318, actual label: 1, predicted: 1
iter: 16, sample_no: 1040, actual label: 0, predicted: 0
iter: 17, sample_no: 2265, actual label: 0, predicted: 0
iter: 18, sample_no: 1496, actual label: 0, predicted: 0
iter: 19, sample_no: 216, actual label: 0, predicted: 0
iter: 20, sample_no: 1306, actual label: 0, predicted: 0
iter: 21, sample_no: 777, actual label: 0, predicted: 0
iter: 22, sample_no: 342, actual label: 0, predicted: 0
iter: 23, sample_no: 1766, actual label: 0, predicted: 0
iter: 24, sample_no: 1876, actual label: 0, predicted: 0
number of samples: 2389
AUC 0.9914652496943477
pos_get 343
total recall stop_at 1.0
@@@ C - Repeat number: 9
@@@ D - common_header:  {'category', 'F110', 'F116', 'F117', 'F115', 'F120'}
   F116                 F117                  F120                  F110  F115
1  -1.0  0.14583333333333334   0.12008951492583007   -0.7083333333333334  -1.0
2   1.0   0.4418604651162791  0.022883425981027834  -0.11627906976744186   1.0
3   1.0   0.4418604651162791  0.022883425981027834  -0.11627906976744186   1.0
;.;
   F116      F117      F120      F110  F115
0   0.0  0.145833  0.363741  0.145833   0.0
1   1.0  0.441860  0.069312  0.441860   1.0
2   1.0  0.441860  0.069312  0.441860   1.0
training_x: (2235, 5)
training_y: 2235
testset_x: (2389, 5)
testset_y: 2389
              precision    recall  f1-score   support

           0       0.98      0.98      0.98      2046
           1       0.91      0.87      0.89       343

    accuracy                           0.97      2389
   macro avg       0.94      0.93      0.93      2389
weighted avg       0.97      0.97      0.97      2389

accuracy: 0.9677689409794893
0.8852459016393442
@@@ tn: 2015, fp: 31, fn: 46, tp: 297
@@@ LIME - Creating explainer
@@@ LIME - Random Sampling of Instances
iter: 0, sample_no: 2105, actual label: 0, predicted: 0
iter: 1, sample_no: 1285, actual label: 0, predicted: 0
iter: 2, sample_no: 1010, actual label: 0, predicted: 0
iter: 3, sample_no: 1003, actual label: 0, predicted: 0
iter: 4, sample_no: 1208, actual label: 0, predicted: 0
iter: 5, sample_no: 681, actual label: 0, predicted: 0
iter: 6, sample_no: 829, actual label: 0, predicted: 0
iter: 7, sample_no: 97, actual label: 0, predicted: 0
iter: 8, sample_no: 631, actual label: 0, predicted: 0
iter: 9, sample_no: 2027, actual label: 0, predicted: 0
iter: 10, sample_no: 1177, actual label: 0, predicted: 0
iter: 11, sample_no: 2124, actual label: 0, predicted: 0
iter: 12, sample_no: 11, actual label: 1, predicted: 1
iter: 13, sample_no: 870, actual label: 1, predicted: 1
iter: 14, sample_no: 868, actual label: 1, predicted: 1
iter: 15, sample_no: 335, actual label: 0, predicted: 0
iter: 16, sample_no: 1533, actual label: 0, predicted: 0
iter: 17, sample_no: 2270, actual label: 0, predicted: 0
iter: 18, sample_no: 1175, actual label: 0, predicted: 0
iter: 19, sample_no: 1849, actual label: 0, predicted: 0
iter: 20, sample_no: 775, actual label: 0, predicted: 0
iter: 21, sample_no: 777, actual label: 0, predicted: 0
iter: 22, sample_no: 2286, actual label: 0, predicted: 0
iter: 23, sample_no: 906, actual label: 0, predicted: 0
iter: 24, sample_no: 1098, actual label: 0, predicted: 0
number of samples: 2389
AUC 0.9914652496943477
pos_get 343
total recall stop_at 1.0
@@@ C - Repeat number: 10
@@@ D - common_header:  {'category', 'F110', 'F116', 'F117', 'F115', 'F120'}
   F116                 F117                  F120                  F110  F115
1  -1.0  0.14583333333333334   0.12008951492583007   -0.7083333333333334  -1.0
2   1.0   0.4418604651162791  0.022883425981027834  -0.11627906976744186   1.0
3   1.0   0.4418604651162791  0.022883425981027834  -0.11627906976744186   1.0
;.;
   F116      F117      F120      F110  F115
0   0.0  0.145833  0.363741  0.145833   0.0
1   1.0  0.441860  0.069312  0.441860   1.0
2   1.0  0.441860  0.069312  0.441860   1.0
training_x: (2235, 5)
training_y: 2235
testset_x: (2389, 5)
testset_y: 2389
              precision    recall  f1-score   support

           0       0.98      0.98      0.98      2046
           1       0.91      0.87      0.89       343

    accuracy                           0.97      2389
   macro avg       0.94      0.93      0.93      2389
weighted avg       0.97      0.97      0.97      2389

accuracy: 0.9677689409794893
0.8852459016393442
@@@ tn: 2015, fp: 31, fn: 46, tp: 297
@@@ LIME - Creating explainer
@@@ LIME - Random Sampling of Instances
iter: 0, sample_no: 1692, actual label: 1, predicted: 1
iter: 1, sample_no: 892, actual label: 0, predicted: 0
iter: 2, sample_no: 1539, actual label: 0, predicted: 0
iter: 3, sample_no: 1313, actual label: 0, predicted: 0
iter: 4, sample_no: 172, actual label: 1, predicted: 1
iter: 5, sample_no: 588, actual label: 0, predicted: 0
iter: 6, sample_no: 1118, actual label: 1, predicted: 1
iter: 7, sample_no: 2261, actual label: 0, predicted: 0
iter: 8, sample_no: 2376, actual label: 0, predicted: 0
iter: 9, sample_no: 128, actual label: 0, predicted: 0
iter: 10, sample_no: 1765, actual label: 0, predicted: 0
iter: 11, sample_no: 1557, actual label: 1, predicted: 0
iter: 12, sample_no: 1479, actual label: 0, predicted: 0
iter: 13, sample_no: 883, actual label: 1, predicted: 1
iter: 14, sample_no: 967, actual label: 0, predicted: 0
iter: 15, sample_no: 65, actual label: 0, predicted: 0
iter: 16, sample_no: 451, actual label: 0, predicted: 0
iter: 17, sample_no: 208, actual label: 0, predicted: 0
iter: 18, sample_no: 967, actual label: 0, predicted: 0
iter: 19, sample_no: 2005, actual label: 0, predicted: 0
iter: 20, sample_no: 972, actual label: 0, predicted: 0
iter: 21, sample_no: 1233, actual label: 0, predicted: 1
iter: 22, sample_no: 1040, actual label: 0, predicted: 0
iter: 23, sample_no: 633, actual label: 0, predicted: 0
iter: 24, sample_no: 2126, actual label: 0, predicted: 0
number of samples: 2389
AUC 0.9914652496943478
pos_get 343
total recall stop_at 1.0
----------threshold stop at----------: 1
AUC [0.9914652496943478, 0.991465962170373, 0.9914652496943477, 0.9914652496943478, 0.9914666746463981, 0.991465962170373, 0.9914652496943478, 0.9914652496943477, 0.9914652496943477, 0.9914652496943478]
AUC_median 0.9914652496943478
AUC_iqr 5.343570189664248e-07
cost [0.35621598995395565, 0.35621598995395565, 0.35621598995395565, 0.35621598995395565, 0.35621598995395565, 0.35621598995395565, 0.35621598995395565, 0.35621598995395565, 0.35621598995395565, 0.35621598995395565]
COST_med 0.35621598995395565
COST_iqr 0.0
f1_pos_list [np.float64(0.8852459016393442), np.float64(0.8852459016393442), np.float64(0.8852459016393442), np.float64(0.8852459016393442), np.float64(0.8852459016393442), np.float64(0.8852459016393442), np.float64(0.8852459016393442), np.float64(0.8852459016393442), np.float64(0.8852459016393442), np.float64(0.8852459016393442)]
f1_pos_med 0.8852459016393442
total_tn 20150
total_fp 310
total_fn 460
total_tp 2970
p= 0.9054878048780488
r= 0.8658892128279884
f= 0.8852459016393442
