@@@ A - classifier: SVC(class_weight='balanced', kernel='linear', probability=True)
@@@ B - threshold stop at: 1
@@@ C - Repeat number: 1
will not use leaked features
@@@ D - common_header:  {'F71-davidvc@apache.org', 'F15-public', 'F65', 'F3-String', 'F71-bandaram@apache.org', 'F15-private', 'F22', 'F101', 'F3-NA', 'F3-boolean', 'F15-NA', 'F71-rhillegas@apache.org', 'F71-oysteing@apache.org', 'F71-kmarsden@apache.org', 'F71-dyre@apache.org', 'F3-Integer', 'F3-SQLException', 'F123', 'F71-fuzzylogic@apache.org', 'F3-long', 'F105', 'F71-bakksjo@apache.org', 'F3-char', 'F71-bernt@apache.org', 'F71-mamta@apache.org', 'F3-null', 'F71-suresht@apache.org', 'F3-PrintStream', 'F77', 'F41', 'F3-PrintWriter', 'F68', 'F71-myrnavl@apache.org', 'F3-int', 'F126', 'category', 'F71-dag@apache.org', 'F71-mikem@apache.org', 'F3-TransactionController', 'F72', 'F71-kristwaa@apache.org', 'F71-coar@apache.org', 'F3-byte[]', 'F25', 'F104', 'F15-protected', 'F3-ResultSet', 'F3-int[]', 'F3-InputStream', 'F71-bpendleton@apache.org', 'F3-Connection', 'F3-QualifiedIdentifier', 'F71-kahatlen@apache.org', 'F71-djd@apache.org', 'F3-Long', 'F71-lilywei@apache.org'}
    F72   F25  ... F71-bpendleton@apache.org F71-coar@apache.org
1  3644  2104  ...                         0                   0
2  3346  1938  ...                         0                   0
3  3346  1938  ...                         0                   0

[3 rows x 55 columns]
;.;
        F72       F25  ...  F71-bpendleton@apache.org  F71-coar@apache.org
0  0.416807  0.597897  ...                        0.0                  0.0
1  0.378101  0.550725  ...                        0.0                  0.0
2  0.378101  0.550725  ...                        0.0                  0.0

[3 rows x 55 columns]
training_x: (2479, 55)
training_y: 2479
testset_x: (2507, 55)
testset_y: 2507
              precision    recall  f1-score   support

           0       0.99      0.88      0.93      2386
           1       0.25      0.82      0.39       121

    accuracy                           0.88      2507
   macro avg       0.62      0.85      0.66      2507
weighted avg       0.95      0.88      0.90      2507

accuracy: 0.8755484642999601
0.38823529411764707
@@@ tn: 2096, fp: 290, fn: 22, tp: 99
@@@ LIME - Creating explainer
@@@ LIME - Random Sampling of Instances
iter: 0, sample_no: 2303, actual label: 0, predicted: 0
iter: 1, sample_no: 1336, actual label: 0, predicted: 1
iter: 2, sample_no: 1907, actual label: 0, predicted: 0
iter: 3, sample_no: 647, actual label: 0, predicted: 1
iter: 4, sample_no: 271, actual label: 0, predicted: 0
iter: 5, sample_no: 580, actual label: 0, predicted: 0
iter: 6, sample_no: 2150, actual label: 1, predicted: 1
iter: 7, sample_no: 2163, actual label: 0, predicted: 0
iter: 8, sample_no: 1219, actual label: 0, predicted: 0
iter: 9, sample_no: 609, actual label: 0, predicted: 0
iter: 10, sample_no: 1151, actual label: 0, predicted: 0
iter: 11, sample_no: 362, actual label: 0, predicted: 0
iter: 12, sample_no: 2108, actual label: 0, predicted: 0
iter: 13, sample_no: 1056, actual label: 0, predicted: 0
iter: 14, sample_no: 409, actual label: 0, predicted: 0
iter: 15, sample_no: 77, actual label: 0, predicted: 0
iter: 16, sample_no: 894, actual label: 0, predicted: 0
iter: 17, sample_no: 926, actual label: 0, predicted: 1
iter: 18, sample_no: 476, actual label: 0, predicted: 0
iter: 19, sample_no: 1701, actual label: 0, predicted: 1
iter: 20, sample_no: 1235, actual label: 0, predicted: 0
iter: 21, sample_no: 1046, actual label: 0, predicted: 0
iter: 22, sample_no: 834, actual label: 0, predicted: 0
iter: 23, sample_no: 237, actual label: 0, predicted: 0
iter: 24, sample_no: 2484, actual label: 0, predicted: 0
number of samples: 2507
AUC 0.931622481001434
pos_get 121
total recall stop_at 1.0
@@@ C - Repeat number: 2
will not use leaked features
@@@ D - common_header:  {'F71-davidvc@apache.org', 'F15-public', 'F65', 'F3-String', 'F71-bandaram@apache.org', 'F15-private', 'F22', 'F101', 'F3-NA', 'F3-boolean', 'F15-NA', 'F71-rhillegas@apache.org', 'F71-oysteing@apache.org', 'F71-kmarsden@apache.org', 'F71-dyre@apache.org', 'F3-Integer', 'F3-SQLException', 'F123', 'F71-fuzzylogic@apache.org', 'F3-long', 'F105', 'F71-bakksjo@apache.org', 'F3-char', 'F71-bernt@apache.org', 'F71-mamta@apache.org', 'F3-null', 'F71-suresht@apache.org', 'F3-PrintStream', 'F77', 'F41', 'F3-PrintWriter', 'F68', 'F71-myrnavl@apache.org', 'F3-int', 'F126', 'category', 'F71-dag@apache.org', 'F71-mikem@apache.org', 'F3-TransactionController', 'F72', 'F71-kristwaa@apache.org', 'F71-coar@apache.org', 'F3-byte[]', 'F25', 'F104', 'F15-protected', 'F3-ResultSet', 'F3-int[]', 'F3-InputStream', 'F71-bpendleton@apache.org', 'F3-Connection', 'F3-QualifiedIdentifier', 'F71-kahatlen@apache.org', 'F71-djd@apache.org', 'F3-Long', 'F71-lilywei@apache.org'}
    F72   F25  ... F71-bpendleton@apache.org F71-coar@apache.org
1  3644  2104  ...                         0                   0
2  3346  1938  ...                         0                   0
3  3346  1938  ...                         0                   0

[3 rows x 55 columns]
;.;
        F72       F25  ...  F71-bpendleton@apache.org  F71-coar@apache.org
0  0.416807  0.597897  ...                        0.0                  0.0
1  0.378101  0.550725  ...                        0.0                  0.0
2  0.378101  0.550725  ...                        0.0                  0.0

[3 rows x 55 columns]
training_x: (2479, 55)
training_y: 2479
testset_x: (2507, 55)
testset_y: 2507
              precision    recall  f1-score   support

           0       0.99      0.88      0.93      2386
           1       0.25      0.82      0.39       121

    accuracy                           0.88      2507
   macro avg       0.62      0.85      0.66      2507
weighted avg       0.95      0.88      0.90      2507

accuracy: 0.8755484642999601
0.38823529411764707
@@@ tn: 2096, fp: 290, fn: 22, tp: 99
@@@ LIME - Creating explainer
@@@ LIME - Random Sampling of Instances
iter: 0, sample_no: 1197, actual label: 0, predicted: 0
iter: 1, sample_no: 1040, actual label: 0, predicted: 0
iter: 2, sample_no: 801, actual label: 1, predicted: 1
iter: 3, sample_no: 1804, actual label: 0, predicted: 0
iter: 4, sample_no: 231, actual label: 0, predicted: 0
iter: 5, sample_no: 2202, actual label: 0, predicted: 1
iter: 6, sample_no: 1085, actual label: 0, predicted: 0
iter: 7, sample_no: 2340, actual label: 0, predicted: 0
iter: 8, sample_no: 1937, actual label: 0, predicted: 0
iter: 9, sample_no: 1110, actual label: 0, predicted: 0
iter: 10, sample_no: 1663, actual label: 0, predicted: 0
iter: 11, sample_no: 2014, actual label: 0, predicted: 0
iter: 12, sample_no: 1296, actual label: 0, predicted: 0
iter: 13, sample_no: 257, actual label: 0, predicted: 0
iter: 14, sample_no: 843, actual label: 0, predicted: 1
iter: 15, sample_no: 1195, actual label: 0, predicted: 0
iter: 16, sample_no: 1845, actual label: 0, predicted: 0
iter: 17, sample_no: 2126, actual label: 0, predicted: 0
iter: 18, sample_no: 1392, actual label: 0, predicted: 0
iter: 19, sample_no: 2439, actual label: 0, predicted: 0
iter: 20, sample_no: 210, actual label: 0, predicted: 0
iter: 21, sample_no: 43, actual label: 0, predicted: 0
iter: 22, sample_no: 806, actual label: 0, predicted: 0
iter: 23, sample_no: 1569, actual label: 0, predicted: 0
iter: 24, sample_no: 1735, actual label: 0, predicted: 0
number of samples: 2507
AUC 0.9316259447327038
pos_get 121
total recall stop_at 1.0
@@@ C - Repeat number: 3
will not use leaked features
@@@ D - common_header:  {'F71-davidvc@apache.org', 'F15-public', 'F65', 'F3-String', 'F71-bandaram@apache.org', 'F15-private', 'F22', 'F101', 'F3-NA', 'F3-boolean', 'F15-NA', 'F71-rhillegas@apache.org', 'F71-oysteing@apache.org', 'F71-kmarsden@apache.org', 'F71-dyre@apache.org', 'F3-Integer', 'F3-SQLException', 'F123', 'F71-fuzzylogic@apache.org', 'F3-long', 'F105', 'F71-bakksjo@apache.org', 'F3-char', 'F71-bernt@apache.org', 'F71-mamta@apache.org', 'F3-null', 'F71-suresht@apache.org', 'F3-PrintStream', 'F77', 'F41', 'F3-PrintWriter', 'F68', 'F71-myrnavl@apache.org', 'F3-int', 'F126', 'category', 'F71-dag@apache.org', 'F71-mikem@apache.org', 'F3-TransactionController', 'F72', 'F71-kristwaa@apache.org', 'F71-coar@apache.org', 'F3-byte[]', 'F25', 'F104', 'F15-protected', 'F3-ResultSet', 'F3-int[]', 'F3-InputStream', 'F71-bpendleton@apache.org', 'F3-Connection', 'F3-QualifiedIdentifier', 'F71-kahatlen@apache.org', 'F71-djd@apache.org', 'F3-Long', 'F71-lilywei@apache.org'}
    F72   F25  ... F71-bpendleton@apache.org F71-coar@apache.org
1  3644  2104  ...                         0                   0
2  3346  1938  ...                         0                   0
3  3346  1938  ...                         0                   0

[3 rows x 55 columns]
;.;
        F72       F25  ...  F71-bpendleton@apache.org  F71-coar@apache.org
0  0.416807  0.597897  ...                        0.0                  0.0
1  0.378101  0.550725  ...                        0.0                  0.0
2  0.378101  0.550725  ...                        0.0                  0.0

[3 rows x 55 columns]
training_x: (2479, 55)
training_y: 2479
testset_x: (2507, 55)
testset_y: 2507
              precision    recall  f1-score   support

           0       0.99      0.88      0.93      2386
           1       0.25      0.82      0.39       121

    accuracy                           0.88      2507
   macro avg       0.62      0.85      0.66      2507
weighted avg       0.95      0.88      0.90      2507

accuracy: 0.8755484642999601
0.38823529411764707
@@@ tn: 2096, fp: 290, fn: 22, tp: 99
@@@ LIME - Creating explainer
@@@ LIME - Random Sampling of Instances
iter: 0, sample_no: 2462, actual label: 0, predicted: 0
iter: 1, sample_no: 1133, actual label: 0, predicted: 0
iter: 2, sample_no: 210, actual label: 0, predicted: 0
iter: 3, sample_no: 1714, actual label: 0, predicted: 0
iter: 4, sample_no: 2417, actual label: 0, predicted: 0
iter: 5, sample_no: 1951, actual label: 0, predicted: 0
iter: 6, sample_no: 1506, actual label: 0, predicted: 0
iter: 7, sample_no: 242, actual label: 0, predicted: 0
iter: 8, sample_no: 1523, actual label: 0, predicted: 0
iter: 9, sample_no: 1865, actual label: 0, predicted: 0
iter: 10, sample_no: 322, actual label: 0, predicted: 0
iter: 11, sample_no: 897, actual label: 0, predicted: 0
iter: 12, sample_no: 139, actual label: 0, predicted: 0
iter: 13, sample_no: 2431, actual label: 0, predicted: 0
iter: 14, sample_no: 691, actual label: 0, predicted: 0
iter: 15, sample_no: 184, actual label: 0, predicted: 0
iter: 16, sample_no: 1345, actual label: 0, predicted: 0
iter: 17, sample_no: 2465, actual label: 0, predicted: 0
iter: 18, sample_no: 2009, actual label: 0, predicted: 0
iter: 19, sample_no: 1813, actual label: 0, predicted: 0
iter: 20, sample_no: 2285, actual label: 1, predicted: 1
iter: 21, sample_no: 2380, actual label: 0, predicted: 0
iter: 22, sample_no: 1950, actual label: 0, predicted: 0
iter: 23, sample_no: 2182, actual label: 0, predicted: 0
iter: 24, sample_no: 1695, actual label: 0, predicted: 0
number of samples: 2507
AUC 0.9316675095079424
pos_get 121
total recall stop_at 1.0
@@@ C - Repeat number: 4
will not use leaked features
@@@ D - common_header:  {'F71-davidvc@apache.org', 'F15-public', 'F65', 'F3-String', 'F71-bandaram@apache.org', 'F15-private', 'F22', 'F101', 'F3-NA', 'F3-boolean', 'F15-NA', 'F71-rhillegas@apache.org', 'F71-oysteing@apache.org', 'F71-kmarsden@apache.org', 'F71-dyre@apache.org', 'F3-Integer', 'F3-SQLException', 'F123', 'F71-fuzzylogic@apache.org', 'F3-long', 'F105', 'F71-bakksjo@apache.org', 'F3-char', 'F71-bernt@apache.org', 'F71-mamta@apache.org', 'F3-null', 'F71-suresht@apache.org', 'F3-PrintStream', 'F77', 'F41', 'F3-PrintWriter', 'F68', 'F71-myrnavl@apache.org', 'F3-int', 'F126', 'category', 'F71-dag@apache.org', 'F71-mikem@apache.org', 'F3-TransactionController', 'F72', 'F71-kristwaa@apache.org', 'F71-coar@apache.org', 'F3-byte[]', 'F25', 'F104', 'F15-protected', 'F3-ResultSet', 'F3-int[]', 'F3-InputStream', 'F71-bpendleton@apache.org', 'F3-Connection', 'F3-QualifiedIdentifier', 'F71-kahatlen@apache.org', 'F71-djd@apache.org', 'F3-Long', 'F71-lilywei@apache.org'}
    F72   F25  ... F71-bpendleton@apache.org F71-coar@apache.org
1  3644  2104  ...                         0                   0
2  3346  1938  ...                         0                   0
3  3346  1938  ...                         0                   0

[3 rows x 55 columns]
;.;
        F72       F25  ...  F71-bpendleton@apache.org  F71-coar@apache.org
0  0.416807  0.597897  ...                        0.0                  0.0
1  0.378101  0.550725  ...                        0.0                  0.0
2  0.378101  0.550725  ...                        0.0                  0.0

[3 rows x 55 columns]
training_x: (2479, 55)
training_y: 2479
testset_x: (2507, 55)
testset_y: 2507
              precision    recall  f1-score   support

           0       0.99      0.88      0.93      2386
           1       0.25      0.82      0.39       121

    accuracy                           0.88      2507
   macro avg       0.62      0.85      0.66      2507
weighted avg       0.95      0.88      0.90      2507

accuracy: 0.8755484642999601
0.38823529411764707
@@@ tn: 2096, fp: 290, fn: 22, tp: 99
@@@ LIME - Creating explainer
@@@ LIME - Random Sampling of Instances
iter: 0, sample_no: 1576, actual label: 0, predicted: 0
iter: 1, sample_no: 5, actual label: 0, predicted: 0
iter: 2, sample_no: 2280, actual label: 0, predicted: 1
iter: 3, sample_no: 695, actual label: 0, predicted: 1
iter: 4, sample_no: 1827, actual label: 0, predicted: 0
iter: 5, sample_no: 1405, actual label: 0, predicted: 0
iter: 6, sample_no: 1455, actual label: 1, predicted: 0
iter: 7, sample_no: 537, actual label: 0, predicted: 0
iter: 8, sample_no: 895, actual label: 0, predicted: 0
iter: 9, sample_no: 416, actual label: 1, predicted: 1
iter: 10, sample_no: 548, actual label: 0, predicted: 0
iter: 11, sample_no: 1918, actual label: 0, predicted: 0
iter: 12, sample_no: 805, actual label: 0, predicted: 0
iter: 13, sample_no: 1217, actual label: 0, predicted: 0
iter: 14, sample_no: 519, actual label: 1, predicted: 1
iter: 15, sample_no: 2368, actual label: 0, predicted: 0
iter: 16, sample_no: 1290, actual label: 0, predicted: 0
iter: 17, sample_no: 1948, actual label: 0, predicted: 0
iter: 18, sample_no: 692, actual label: 0, predicted: 1
iter: 19, sample_no: 2145, actual label: 0, predicted: 0
iter: 20, sample_no: 882, actual label: 0, predicted: 0
iter: 21, sample_no: 614, actual label: 0, predicted: 0
iter: 22, sample_no: 1845, actual label: 0, predicted: 0
iter: 23, sample_no: 1325, actual label: 0, predicted: 0
iter: 24, sample_no: 948, actual label: 0, predicted: 0
number of samples: 2507
AUC 0.931622481001434
pos_get 121
total recall stop_at 1.0
@@@ C - Repeat number: 5
will not use leaked features
@@@ D - common_header:  {'F71-davidvc@apache.org', 'F15-public', 'F65', 'F3-String', 'F71-bandaram@apache.org', 'F15-private', 'F22', 'F101', 'F3-NA', 'F3-boolean', 'F15-NA', 'F71-rhillegas@apache.org', 'F71-oysteing@apache.org', 'F71-kmarsden@apache.org', 'F71-dyre@apache.org', 'F3-Integer', 'F3-SQLException', 'F123', 'F71-fuzzylogic@apache.org', 'F3-long', 'F105', 'F71-bakksjo@apache.org', 'F3-char', 'F71-bernt@apache.org', 'F71-mamta@apache.org', 'F3-null', 'F71-suresht@apache.org', 'F3-PrintStream', 'F77', 'F41', 'F3-PrintWriter', 'F68', 'F71-myrnavl@apache.org', 'F3-int', 'F126', 'category', 'F71-dag@apache.org', 'F71-mikem@apache.org', 'F3-TransactionController', 'F72', 'F71-kristwaa@apache.org', 'F71-coar@apache.org', 'F3-byte[]', 'F25', 'F104', 'F15-protected', 'F3-ResultSet', 'F3-int[]', 'F3-InputStream', 'F71-bpendleton@apache.org', 'F3-Connection', 'F3-QualifiedIdentifier', 'F71-kahatlen@apache.org', 'F71-djd@apache.org', 'F3-Long', 'F71-lilywei@apache.org'}
    F72   F25  ... F71-bpendleton@apache.org F71-coar@apache.org
1  3644  2104  ...                         0                   0
2  3346  1938  ...                         0                   0
3  3346  1938  ...                         0                   0

[3 rows x 55 columns]
;.;
        F72       F25  ...  F71-bpendleton@apache.org  F71-coar@apache.org
0  0.416807  0.597897  ...                        0.0                  0.0
1  0.378101  0.550725  ...                        0.0                  0.0
2  0.378101  0.550725  ...                        0.0                  0.0

[3 rows x 55 columns]
training_x: (2479, 55)
training_y: 2479
testset_x: (2507, 55)
testset_y: 2507
              precision    recall  f1-score   support

           0       0.99      0.88      0.93      2386
           1       0.25      0.82      0.39       121

    accuracy                           0.88      2507
   macro avg       0.62      0.85      0.66      2507
weighted avg       0.95      0.88      0.90      2507

accuracy: 0.8755484642999601
0.38823529411764707
@@@ tn: 2096, fp: 290, fn: 22, tp: 99
@@@ LIME - Creating explainer
@@@ LIME - Random Sampling of Instances
iter: 0, sample_no: 1926, actual label: 0, predicted: 0
iter: 1, sample_no: 1089, actual label: 0, predicted: 0
iter: 2, sample_no: 2445, actual label: 0, predicted: 1
iter: 3, sample_no: 1851, actual label: 0, predicted: 1
iter: 4, sample_no: 1339, actual label: 0, predicted: 0
iter: 5, sample_no: 1795, actual label: 0, predicted: 0
iter: 6, sample_no: 2191, actual label: 0, predicted: 0
iter: 7, sample_no: 2155, actual label: 0, predicted: 0
iter: 8, sample_no: 2038, actual label: 0, predicted: 0
iter: 9, sample_no: 1490, actual label: 1, predicted: 1
iter: 10, sample_no: 916, actual label: 0, predicted: 1
iter: 11, sample_no: 1433, actual label: 0, predicted: 1
iter: 12, sample_no: 565, actual label: 0, predicted: 0
iter: 13, sample_no: 67, actual label: 0, predicted: 0
iter: 14, sample_no: 1968, actual label: 0, predicted: 0
iter: 15, sample_no: 1243, actual label: 0, predicted: 0
iter: 16, sample_no: 1187, actual label: 0, predicted: 0
iter: 17, sample_no: 2051, actual label: 0, predicted: 0
iter: 18, sample_no: 630, actual label: 0, predicted: 1
iter: 19, sample_no: 134, actual label: 0, predicted: 0
iter: 20, sample_no: 2, actual label: 0, predicted: 0
iter: 21, sample_no: 1248, actual label: 0, predicted: 0
iter: 22, sample_no: 439, actual label: 0, predicted: 0
iter: 23, sample_no: 1226, actual label: 0, predicted: 0
iter: 24, sample_no: 1375, actual label: 0, predicted: 0
number of samples: 2507
AUC 0.9316709732392122
pos_get 121
total recall stop_at 1.0
@@@ C - Repeat number: 6
will not use leaked features
@@@ D - common_header:  {'F71-davidvc@apache.org', 'F15-public', 'F65', 'F3-String', 'F71-bandaram@apache.org', 'F15-private', 'F22', 'F101', 'F3-NA', 'F3-boolean', 'F15-NA', 'F71-rhillegas@apache.org', 'F71-oysteing@apache.org', 'F71-kmarsden@apache.org', 'F71-dyre@apache.org', 'F3-Integer', 'F3-SQLException', 'F123', 'F71-fuzzylogic@apache.org', 'F3-long', 'F105', 'F71-bakksjo@apache.org', 'F3-char', 'F71-bernt@apache.org', 'F71-mamta@apache.org', 'F3-null', 'F71-suresht@apache.org', 'F3-PrintStream', 'F77', 'F41', 'F3-PrintWriter', 'F68', 'F71-myrnavl@apache.org', 'F3-int', 'F126', 'category', 'F71-dag@apache.org', 'F71-mikem@apache.org', 'F3-TransactionController', 'F72', 'F71-kristwaa@apache.org', 'F71-coar@apache.org', 'F3-byte[]', 'F25', 'F104', 'F15-protected', 'F3-ResultSet', 'F3-int[]', 'F3-InputStream', 'F71-bpendleton@apache.org', 'F3-Connection', 'F3-QualifiedIdentifier', 'F71-kahatlen@apache.org', 'F71-djd@apache.org', 'F3-Long', 'F71-lilywei@apache.org'}
    F72   F25  ... F71-bpendleton@apache.org F71-coar@apache.org
1  3644  2104  ...                         0                   0
2  3346  1938  ...                         0                   0
3  3346  1938  ...                         0                   0

[3 rows x 55 columns]
;.;
        F72       F25  ...  F71-bpendleton@apache.org  F71-coar@apache.org
0  0.416807  0.597897  ...                        0.0                  0.0
1  0.378101  0.550725  ...                        0.0                  0.0
2  0.378101  0.550725  ...                        0.0                  0.0

[3 rows x 55 columns]
training_x: (2479, 55)
training_y: 2479
testset_x: (2507, 55)
testset_y: 2507
              precision    recall  f1-score   support

           0       0.99      0.88      0.93      2386
           1       0.25      0.82      0.39       121

    accuracy                           0.88      2507
   macro avg       0.62      0.85      0.66      2507
weighted avg       0.95      0.88      0.90      2507

accuracy: 0.8755484642999601
0.38823529411764707
@@@ tn: 2096, fp: 290, fn: 22, tp: 99
@@@ LIME - Creating explainer
@@@ LIME - Random Sampling of Instances
iter: 0, sample_no: 1361, actual label: 0, predicted: 0
iter: 1, sample_no: 1919, actual label: 0, predicted: 0
iter: 2, sample_no: 310, actual label: 0, predicted: 0
iter: 3, sample_no: 608, actual label: 0, predicted: 0
iter: 4, sample_no: 1212, actual label: 0, predicted: 0
iter: 5, sample_no: 1944, actual label: 0, predicted: 0
iter: 6, sample_no: 411, actual label: 1, predicted: 1
iter: 7, sample_no: 1723, actual label: 1, predicted: 1
iter: 8, sample_no: 2173, actual label: 0, predicted: 0
iter: 9, sample_no: 2096, actual label: 0, predicted: 0
iter: 10, sample_no: 1689, actual label: 0, predicted: 0
iter: 11, sample_no: 1262, actual label: 0, predicted: 0
iter: 12, sample_no: 157, actual label: 0, predicted: 0
iter: 13, sample_no: 322, actual label: 0, predicted: 0
iter: 14, sample_no: 1797, actual label: 0, predicted: 0
iter: 15, sample_no: 575, actual label: 0, predicted: 0
iter: 16, sample_no: 88, actual label: 0, predicted: 0
iter: 17, sample_no: 2288, actual label: 0, predicted: 0
iter: 18, sample_no: 1716, actual label: 0, predicted: 0
iter: 19, sample_no: 1240, actual label: 0, predicted: 0
iter: 20, sample_no: 761, actual label: 0, predicted: 0
iter: 21, sample_no: 2168, actual label: 0, predicted: 0
iter: 22, sample_no: 2024, actual label: 0, predicted: 0
iter: 23, sample_no: 366, actual label: 0, predicted: 0
iter: 24, sample_no: 934, actual label: 0, predicted: 0
number of samples: 2507
AUC 0.931622481001434
pos_get 121
total recall stop_at 1.0
@@@ C - Repeat number: 7
will not use leaked features
@@@ D - common_header:  {'F71-davidvc@apache.org', 'F15-public', 'F65', 'F3-String', 'F71-bandaram@apache.org', 'F15-private', 'F22', 'F101', 'F3-NA', 'F3-boolean', 'F15-NA', 'F71-rhillegas@apache.org', 'F71-oysteing@apache.org', 'F71-kmarsden@apache.org', 'F71-dyre@apache.org', 'F3-Integer', 'F3-SQLException', 'F123', 'F71-fuzzylogic@apache.org', 'F3-long', 'F105', 'F71-bakksjo@apache.org', 'F3-char', 'F71-bernt@apache.org', 'F71-mamta@apache.org', 'F3-null', 'F71-suresht@apache.org', 'F3-PrintStream', 'F77', 'F41', 'F3-PrintWriter', 'F68', 'F71-myrnavl@apache.org', 'F3-int', 'F126', 'category', 'F71-dag@apache.org', 'F71-mikem@apache.org', 'F3-TransactionController', 'F72', 'F71-kristwaa@apache.org', 'F71-coar@apache.org', 'F3-byte[]', 'F25', 'F104', 'F15-protected', 'F3-ResultSet', 'F3-int[]', 'F3-InputStream', 'F71-bpendleton@apache.org', 'F3-Connection', 'F3-QualifiedIdentifier', 'F71-kahatlen@apache.org', 'F71-djd@apache.org', 'F3-Long', 'F71-lilywei@apache.org'}
    F72   F25  ... F71-bpendleton@apache.org F71-coar@apache.org
1  3644  2104  ...                         0                   0
2  3346  1938  ...                         0                   0
3  3346  1938  ...                         0                   0

[3 rows x 55 columns]
;.;
        F72       F25  ...  F71-bpendleton@apache.org  F71-coar@apache.org
0  0.416807  0.597897  ...                        0.0                  0.0
1  0.378101  0.550725  ...                        0.0                  0.0
2  0.378101  0.550725  ...                        0.0                  0.0

[3 rows x 55 columns]
training_x: (2479, 55)
training_y: 2479
testset_x: (2507, 55)
testset_y: 2507
              precision    recall  f1-score   support

           0       0.99      0.88      0.93      2386
           1       0.25      0.82      0.39       121

    accuracy                           0.88      2507
   macro avg       0.62      0.85      0.66      2507
weighted avg       0.95      0.88      0.90      2507

accuracy: 0.8755484642999601
0.38823529411764707
@@@ tn: 2096, fp: 290, fn: 22, tp: 99
@@@ LIME - Creating explainer
@@@ LIME - Random Sampling of Instances
iter: 0, sample_no: 1709, actual label: 0, predicted: 0
iter: 1, sample_no: 266, actual label: 0, predicted: 0
iter: 2, sample_no: 2185, actual label: 0, predicted: 0
iter: 3, sample_no: 1096, actual label: 0, predicted: 0
iter: 4, sample_no: 396, actual label: 0, predicted: 0
iter: 5, sample_no: 1235, actual label: 0, predicted: 0
iter: 6, sample_no: 501, actual label: 0, predicted: 0
iter: 7, sample_no: 22, actual label: 0, predicted: 0
iter: 8, sample_no: 1618, actual label: 1, predicted: 1
iter: 9, sample_no: 176, actual label: 0, predicted: 0
iter: 10, sample_no: 336, actual label: 0, predicted: 0
iter: 11, sample_no: 1103, actual label: 0, predicted: 0
iter: 12, sample_no: 823, actual label: 0, predicted: 0
iter: 13, sample_no: 1945, actual label: 0, predicted: 0
iter: 14, sample_no: 2377, actual label: 0, predicted: 0
iter: 15, sample_no: 2317, actual label: 0, predicted: 0
iter: 16, sample_no: 472, actual label: 0, predicted: 0
iter: 17, sample_no: 2165, actual label: 0, predicted: 0
iter: 18, sample_no: 1738, actual label: 0, predicted: 0
iter: 19, sample_no: 119, actual label: 0, predicted: 0
iter: 20, sample_no: 830, actual label: 0, predicted: 0
iter: 21, sample_no: 2425, actual label: 0, predicted: 0
iter: 22, sample_no: 1603, actual label: 0, predicted: 1
iter: 23, sample_no: 749, actual label: 0, predicted: 0
iter: 24, sample_no: 1503, actual label: 0, predicted: 1
number of samples: 2507
AUC 0.9316571183141327
pos_get 121
total recall stop_at 1.0
@@@ C - Repeat number: 8
will not use leaked features
@@@ D - common_header:  {'F71-davidvc@apache.org', 'F15-public', 'F65', 'F3-String', 'F71-bandaram@apache.org', 'F15-private', 'F22', 'F101', 'F3-NA', 'F3-boolean', 'F15-NA', 'F71-rhillegas@apache.org', 'F71-oysteing@apache.org', 'F71-kmarsden@apache.org', 'F71-dyre@apache.org', 'F3-Integer', 'F3-SQLException', 'F123', 'F71-fuzzylogic@apache.org', 'F3-long', 'F105', 'F71-bakksjo@apache.org', 'F3-char', 'F71-bernt@apache.org', 'F71-mamta@apache.org', 'F3-null', 'F71-suresht@apache.org', 'F3-PrintStream', 'F77', 'F41', 'F3-PrintWriter', 'F68', 'F71-myrnavl@apache.org', 'F3-int', 'F126', 'category', 'F71-dag@apache.org', 'F71-mikem@apache.org', 'F3-TransactionController', 'F72', 'F71-kristwaa@apache.org', 'F71-coar@apache.org', 'F3-byte[]', 'F25', 'F104', 'F15-protected', 'F3-ResultSet', 'F3-int[]', 'F3-InputStream', 'F71-bpendleton@apache.org', 'F3-Connection', 'F3-QualifiedIdentifier', 'F71-kahatlen@apache.org', 'F71-djd@apache.org', 'F3-Long', 'F71-lilywei@apache.org'}
    F72   F25  ... F71-bpendleton@apache.org F71-coar@apache.org
1  3644  2104  ...                         0                   0
2  3346  1938  ...                         0                   0
3  3346  1938  ...                         0                   0

[3 rows x 55 columns]
;.;
        F72       F25  ...  F71-bpendleton@apache.org  F71-coar@apache.org
0  0.416807  0.597897  ...                        0.0                  0.0
1  0.378101  0.550725  ...                        0.0                  0.0
2  0.378101  0.550725  ...                        0.0                  0.0

[3 rows x 55 columns]
training_x: (2479, 55)
training_y: 2479
testset_x: (2507, 55)
testset_y: 2507
              precision    recall  f1-score   support

           0       0.99      0.88      0.93      2386
           1       0.25      0.82      0.39       121

    accuracy                           0.88      2507
   macro avg       0.62      0.85      0.66      2507
weighted avg       0.95      0.88      0.90      2507

accuracy: 0.8755484642999601
0.38823529411764707
@@@ tn: 2096, fp: 290, fn: 22, tp: 99
@@@ LIME - Creating explainer
@@@ LIME - Random Sampling of Instances
iter: 0, sample_no: 1504, actual label: 0, predicted: 0
iter: 1, sample_no: 1359, actual label: 0, predicted: 0
iter: 2, sample_no: 312, actual label: 0, predicted: 0
iter: 3, sample_no: 587, actual label: 0, predicted: 0
iter: 4, sample_no: 1998, actual label: 0, predicted: 0
iter: 5, sample_no: 350, actual label: 0, predicted: 0
iter: 6, sample_no: 1785, actual label: 0, predicted: 0
iter: 7, sample_no: 2164, actual label: 0, predicted: 0
iter: 8, sample_no: 603, actual label: 0, predicted: 0
iter: 9, sample_no: 1355, actual label: 0, predicted: 0
iter: 10, sample_no: 1940, actual label: 0, predicted: 0
iter: 11, sample_no: 1725, actual label: 0, predicted: 0
iter: 12, sample_no: 2455, actual label: 0, predicted: 0
iter: 13, sample_no: 2295, actual label: 0, predicted: 0
iter: 14, sample_no: 1956, actual label: 0, predicted: 0
iter: 15, sample_no: 56, actual label: 0, predicted: 0
iter: 16, sample_no: 1471, actual label: 0, predicted: 1
iter: 17, sample_no: 45, actual label: 0, predicted: 0
iter: 18, sample_no: 1032, actual label: 0, predicted: 0
iter: 19, sample_no: 1760, actual label: 0, predicted: 0
iter: 20, sample_no: 2251, actual label: 0, predicted: 0
iter: 21, sample_no: 1614, actual label: 0, predicted: 1
iter: 22, sample_no: 1367, actual label: 0, predicted: 0
iter: 23, sample_no: 1332, actual label: 0, predicted: 0
iter: 24, sample_no: 190, actual label: 0, predicted: 0
number of samples: 2507
AUC 0.931622481001434
pos_get 121
total recall stop_at 1.0
@@@ C - Repeat number: 9
will not use leaked features
@@@ D - common_header:  {'F71-davidvc@apache.org', 'F15-public', 'F65', 'F3-String', 'F71-bandaram@apache.org', 'F15-private', 'F22', 'F101', 'F3-NA', 'F3-boolean', 'F15-NA', 'F71-rhillegas@apache.org', 'F71-oysteing@apache.org', 'F71-kmarsden@apache.org', 'F71-dyre@apache.org', 'F3-Integer', 'F3-SQLException', 'F123', 'F71-fuzzylogic@apache.org', 'F3-long', 'F105', 'F71-bakksjo@apache.org', 'F3-char', 'F71-bernt@apache.org', 'F71-mamta@apache.org', 'F3-null', 'F71-suresht@apache.org', 'F3-PrintStream', 'F77', 'F41', 'F3-PrintWriter', 'F68', 'F71-myrnavl@apache.org', 'F3-int', 'F126', 'category', 'F71-dag@apache.org', 'F71-mikem@apache.org', 'F3-TransactionController', 'F72', 'F71-kristwaa@apache.org', 'F71-coar@apache.org', 'F3-byte[]', 'F25', 'F104', 'F15-protected', 'F3-ResultSet', 'F3-int[]', 'F3-InputStream', 'F71-bpendleton@apache.org', 'F3-Connection', 'F3-QualifiedIdentifier', 'F71-kahatlen@apache.org', 'F71-djd@apache.org', 'F3-Long', 'F71-lilywei@apache.org'}
    F72   F25  ... F71-bpendleton@apache.org F71-coar@apache.org
1  3644  2104  ...                         0                   0
2  3346  1938  ...                         0                   0
3  3346  1938  ...                         0                   0

[3 rows x 55 columns]
;.;
        F72       F25  ...  F71-bpendleton@apache.org  F71-coar@apache.org
0  0.416807  0.597897  ...                        0.0                  0.0
1  0.378101  0.550725  ...                        0.0                  0.0
2  0.378101  0.550725  ...                        0.0                  0.0

[3 rows x 55 columns]
training_x: (2479, 55)
training_y: 2479
testset_x: (2507, 55)
testset_y: 2507
              precision    recall  f1-score   support

           0       0.99      0.88      0.93      2386
           1       0.25      0.82      0.39       121

    accuracy                           0.88      2507
   macro avg       0.62      0.85      0.66      2507
weighted avg       0.95      0.88      0.90      2507

accuracy: 0.8755484642999601
0.38823529411764707
@@@ tn: 2096, fp: 290, fn: 22, tp: 99
@@@ LIME - Creating explainer
@@@ LIME - Random Sampling of Instances
iter: 0, sample_no: 2105, actual label: 0, predicted: 0
iter: 1, sample_no: 1610, actual label: 0, predicted: 0
iter: 2, sample_no: 380, actual label: 0, predicted: 0
iter: 3, sample_no: 1738, actual label: 0, predicted: 0
iter: 4, sample_no: 1910, actual label: 0, predicted: 0
iter: 5, sample_no: 1626, actual label: 1, predicted: 1
iter: 6, sample_no: 681, actual label: 0, predicted: 0
iter: 7, sample_no: 76, actual label: 0, predicted: 0
iter: 8, sample_no: 487, actual label: 0, predicted: 0
iter: 9, sample_no: 112, actual label: 0, predicted: 0
iter: 10, sample_no: 7, actual label: 0, predicted: 0
iter: 11, sample_no: 2252, actual label: 0, predicted: 0
iter: 12, sample_no: 76, actual label: 0, predicted: 0
iter: 13, sample_no: 34, actual label: 0, predicted: 0
iter: 14, sample_no: 1781, actual label: 0, predicted: 0
iter: 15, sample_no: 422, actual label: 1, predicted: 1
iter: 16, sample_no: 2043, actual label: 0, predicted: 0
iter: 17, sample_no: 2266, actual label: 0, predicted: 1
iter: 18, sample_no: 2173, actual label: 0, predicted: 0
iter: 19, sample_no: 2083, actual label: 0, predicted: 0
iter: 20, sample_no: 870, actual label: 0, predicted: 1
iter: 21, sample_no: 2290, actual label: 0, predicted: 1
iter: 22, sample_no: 57, actual label: 0, predicted: 0
iter: 23, sample_no: 906, actual label: 0, predicted: 0
iter: 24, sample_no: 122, actual label: 0, predicted: 0
number of samples: 2507
AUC 0.931622481001434
pos_get 121
total recall stop_at 1.0
@@@ C - Repeat number: 10
will not use leaked features
@@@ D - common_header:  {'F71-davidvc@apache.org', 'F15-public', 'F65', 'F3-String', 'F71-bandaram@apache.org', 'F15-private', 'F22', 'F101', 'F3-NA', 'F3-boolean', 'F15-NA', 'F71-rhillegas@apache.org', 'F71-oysteing@apache.org', 'F71-kmarsden@apache.org', 'F71-dyre@apache.org', 'F3-Integer', 'F3-SQLException', 'F123', 'F71-fuzzylogic@apache.org', 'F3-long', 'F105', 'F71-bakksjo@apache.org', 'F3-char', 'F71-bernt@apache.org', 'F71-mamta@apache.org', 'F3-null', 'F71-suresht@apache.org', 'F3-PrintStream', 'F77', 'F41', 'F3-PrintWriter', 'F68', 'F71-myrnavl@apache.org', 'F3-int', 'F126', 'category', 'F71-dag@apache.org', 'F71-mikem@apache.org', 'F3-TransactionController', 'F72', 'F71-kristwaa@apache.org', 'F71-coar@apache.org', 'F3-byte[]', 'F25', 'F104', 'F15-protected', 'F3-ResultSet', 'F3-int[]', 'F3-InputStream', 'F71-bpendleton@apache.org', 'F3-Connection', 'F3-QualifiedIdentifier', 'F71-kahatlen@apache.org', 'F71-djd@apache.org', 'F3-Long', 'F71-lilywei@apache.org'}
    F72   F25  ... F71-bpendleton@apache.org F71-coar@apache.org
1  3644  2104  ...                         0                   0
2  3346  1938  ...                         0                   0
3  3346  1938  ...                         0                   0

[3 rows x 55 columns]
;.;
        F72       F25  ...  F71-bpendleton@apache.org  F71-coar@apache.org
0  0.416807  0.597897  ...                        0.0                  0.0
1  0.378101  0.550725  ...                        0.0                  0.0
2  0.378101  0.550725  ...                        0.0                  0.0

[3 rows x 55 columns]
training_x: (2479, 55)
training_y: 2479
testset_x: (2507, 55)
testset_y: 2507
              precision    recall  f1-score   support

           0       0.99      0.88      0.93      2386
           1       0.25      0.82      0.39       121

    accuracy                           0.88      2507
   macro avg       0.62      0.85      0.66      2507
weighted avg       0.95      0.88      0.90      2507

accuracy: 0.8755484642999601
0.38823529411764707
@@@ tn: 2096, fp: 290, fn: 22, tp: 99
@@@ LIME - Creating explainer
@@@ LIME - Random Sampling of Instances
iter: 0, sample_no: 1692, actual label: 0, predicted: 0
iter: 1, sample_no: 704, actual label: 0, predicted: 1
iter: 2, sample_no: 804, actual label: 0, predicted: 0
iter: 3, sample_no: 1469, actual label: 0, predicted: 1
iter: 4, sample_no: 2222, actual label: 0, predicted: 1
iter: 5, sample_no: 1121, actual label: 1, predicted: 0
iter: 6, sample_no: 209, actual label: 0, predicted: 0
iter: 7, sample_no: 911, actual label: 0, predicted: 1
iter: 8, sample_no: 1857, actual label: 0, predicted: 0
iter: 9, sample_no: 606, actual label: 0, predicted: 0
iter: 10, sample_no: 635, actual label: 0, predicted: 0
iter: 11, sample_no: 1864, actual label: 0, predicted: 0
iter: 12, sample_no: 1028, actual label: 0, predicted: 0
iter: 13, sample_no: 848, actual label: 0, predicted: 0
iter: 14, sample_no: 1153, actual label: 0, predicted: 0
iter: 15, sample_no: 1207, actual label: 0, predicted: 0
iter: 16, sample_no: 1703, actual label: 0, predicted: 0
iter: 17, sample_no: 1106, actual label: 0, predicted: 0
iter: 18, sample_no: 992, actual label: 0, predicted: 0
iter: 19, sample_no: 1437, actual label: 0, predicted: 0
iter: 20, sample_no: 2302, actual label: 0, predicted: 0
iter: 21, sample_no: 686, actual label: 0, predicted: 0
iter: 22, sample_no: 1490, actual label: 1, predicted: 1
iter: 23, sample_no: 551, actual label: 0, predicted: 0
iter: 24, sample_no: 1808, actual label: 0, predicted: 1
number of samples: 2507
AUC 0.9317090742831808
pos_get 121
total recall stop_at 1.0
----------threshold stop at----------: 1
AUC [0.931622481001434, 0.9316259447327038, 0.9316675095079424, 0.931622481001434, 0.9316709732392122, 0.931622481001434, 0.9316571183141327, 0.931622481001434, 0.931622481001434, 0.9317090742831808]
AUC_median 0.9316242128670689
AUC_iqr 4.243070805598492e-05
cost [0.4511368169126446, 0.4511368169126446, 0.4511368169126446, 0.4511368169126446, 0.4511368169126446, 0.4511368169126446, 0.4511368169126446, 0.4511368169126446, 0.4511368169126446, 0.4511368169126446]
COST_med 0.4511368169126446
COST_iqr 0.0
f1_pos_list [np.float64(0.38823529411764707), np.float64(0.38823529411764707), np.float64(0.38823529411764707), np.float64(0.38823529411764707), np.float64(0.38823529411764707), np.float64(0.38823529411764707), np.float64(0.38823529411764707), np.float64(0.38823529411764707), np.float64(0.38823529411764707), np.float64(0.38823529411764707)]
f1_pos_med 0.38823529411764707
total_tn 20960
total_fp 2900
total_fn 220
total_tp 990
p= 0.2544987146529563
r= 0.8181818181818182
f= 0.38823529411764707
