@@@ A - classifier: SVC(class_weight='balanced', kernel='linear', probability=True)
@@@ B - threshold stop at: 1
@@@ C - Repeat number: 1
@@@ D - common_header:  {'F71-slebresne@apache.org', 'F25', 'F71-vijay2win@gmail.com', 'F71-yukim@apache.org', 'F3-byte[]', 'F3-BitSet', 'F22', 'F41', 'F71-jbellis@apache.org', 'F15-private', 'F104', 'F101', 'F71-jake@apache.org', 'F3-String', 'F116', 'F71-goffinet@apache.org', 'F123', 'F3-RandomStringGenerator', 'F3-int', 'F71-johan@apache.org', 'F105', 'F77', 'F65', 'F71-eevans@sym-link.com', 'F3-ByteBuffer', 'F15-NA', 'category', 'F3-boolean', 'F72', 'F3-EncryptionOptions', 'F117', 'F71-xedin@apache.org', 'F126', 'F71-aleksey@apache.org', 'F71-jakers@gmail.com', 'F3-InetAddress', 'F110', 'F71-povel.y@gmail.com', 'F15-public', 'F68', 'F3-long', 'F71-dbrosius@apache.org', 'F71-brandonwilliams@apache.org', 'F115', 'F3-NA', 'F71-eevans@apache.org', 'F120', 'F15-protected', 'F71-sylvain@datastax.com', 'F3-input', 'F71-gdusbabek@apache.org'}
     F72  F25  ... F71-slebresne@apache.org F71-goffinet@apache.org
1   7543  158  ...                        1                       0
2   6974   51  ...                        0                       0
3  11584  832  ...                        1                       0

[3 rows x 50 columns]
;.;
        F72       F25  ...  F71-slebresne@apache.org  F71-goffinet@apache.org
0  0.123427  0.137004  ...                       1.0                      0.0
1  0.000000  0.000000  ...                       0.0                      0.0
2  1.000000  1.000000  ...                       1.0                      0.0

[3 rows x 50 columns]
training_x: (10, 50)
training_y: 10
testset_x: (7, 50)
testset_y: 7
              precision    recall  f1-score   support

           0       0.75      0.75      0.75         4
           1       0.67      0.67      0.67         3

    accuracy                           0.71         7
   macro avg       0.71      0.71      0.71         7
weighted avg       0.71      0.71      0.71         7

accuracy: 0.7142857142857143
0.6666666666666666
@@@ tn: 3, fp: 1, fn: 1, tp: 2
@@@ LIME - Creating explainer
@@@ LIME - Random Sampling of Instances
iter: 0, sample_no: 0, actual label: 1, predicted: 0
iter: 1, sample_no: 1, actual label: 0, predicted: 0
iter: 2, sample_no: 3, actual label: 0, predicted: 0
iter: 3, sample_no: 4, actual label: 0, predicted: 0
iter: 4, sample_no: 4, actual label: 0, predicted: 0
iter: 5, sample_no: 1, actual label: 0, predicted: 0
iter: 6, sample_no: 5, actual label: 1, predicted: 1
iter: 7, sample_no: 4, actual label: 0, predicted: 0
iter: 8, sample_no: 3, actual label: 0, predicted: 0
iter: 9, sample_no: 6, actual label: 0, predicted: 1
iter: 10, sample_no: 6, actual label: 0, predicted: 1
iter: 11, sample_no: 1, actual label: 0, predicted: 0
iter: 12, sample_no: 1, actual label: 0, predicted: 0
iter: 13, sample_no: 6, actual label: 0, predicted: 1
iter: 14, sample_no: 0, actual label: 1, predicted: 0
iter: 15, sample_no: 4, actual label: 0, predicted: 0
iter: 16, sample_no: 1, actual label: 0, predicted: 0
iter: 17, sample_no: 1, actual label: 0, predicted: 0
iter: 18, sample_no: 0, actual label: 1, predicted: 0
iter: 19, sample_no: 4, actual label: 0, predicted: 0
iter: 20, sample_no: 3, actual label: 0, predicted: 0
iter: 21, sample_no: 6, actual label: 0, predicted: 1
iter: 22, sample_no: 5, actual label: 1, predicted: 1
iter: 23, sample_no: 6, actual label: 0, predicted: 1
iter: 24, sample_no: 0, actual label: 1, predicted: 0
number of samples: 7
AUC 0.3333333333333333
pos_get 3
total recall stop_at 1
@@@ C - Repeat number: 2
@@@ D - common_header:  {'F71-slebresne@apache.org', 'F25', 'F71-vijay2win@gmail.com', 'F71-yukim@apache.org', 'F3-byte[]', 'F3-BitSet', 'F22', 'F41', 'F71-jbellis@apache.org', 'F15-private', 'F104', 'F101', 'F71-jake@apache.org', 'F3-String', 'F116', 'F71-goffinet@apache.org', 'F123', 'F3-RandomStringGenerator', 'F3-int', 'F71-johan@apache.org', 'F105', 'F77', 'F65', 'F71-eevans@sym-link.com', 'F3-ByteBuffer', 'F15-NA', 'category', 'F3-boolean', 'F72', 'F3-EncryptionOptions', 'F117', 'F71-xedin@apache.org', 'F126', 'F71-aleksey@apache.org', 'F71-jakers@gmail.com', 'F3-InetAddress', 'F110', 'F71-povel.y@gmail.com', 'F15-public', 'F68', 'F3-long', 'F71-dbrosius@apache.org', 'F71-brandonwilliams@apache.org', 'F115', 'F3-NA', 'F71-eevans@apache.org', 'F120', 'F15-protected', 'F71-sylvain@datastax.com', 'F3-input', 'F71-gdusbabek@apache.org'}
     F72  F25  ... F71-slebresne@apache.org F71-goffinet@apache.org
1   7543  158  ...                        1                       0
2   6974   51  ...                        0                       0
3  11584  832  ...                        1                       0

[3 rows x 50 columns]
;.;
        F72       F25  ...  F71-slebresne@apache.org  F71-goffinet@apache.org
0  0.123427  0.137004  ...                       1.0                      0.0
1  0.000000  0.000000  ...                       0.0                      0.0
2  1.000000  1.000000  ...                       1.0                      0.0

[3 rows x 50 columns]
training_x: (10, 50)
training_y: 10
testset_x: (7, 50)
testset_y: 7
              precision    recall  f1-score   support

           0       0.75      0.75      0.75         4
           1       0.67      0.67      0.67         3

    accuracy                           0.71         7
   macro avg       0.71      0.71      0.71         7
weighted avg       0.71      0.71      0.71         7

accuracy: 0.7142857142857143
0.6666666666666666
@@@ tn: 3, fp: 1, fn: 1, tp: 2
@@@ LIME - Creating explainer
@@@ LIME - Random Sampling of Instances
iter: 0, sample_no: 3, actual label: 0, predicted: 0
iter: 1, sample_no: 2, actual label: 1, predicted: 1
iter: 2, sample_no: 1, actual label: 0, predicted: 0
iter: 3, sample_no: 4, actual label: 0, predicted: 0
iter: 4, sample_no: 4, actual label: 0, predicted: 0
iter: 5, sample_no: 1, actual label: 0, predicted: 0
iter: 6, sample_no: 2, actual label: 1, predicted: 1
iter: 7, sample_no: 2, actual label: 1, predicted: 1
iter: 8, sample_no: 3, actual label: 0, predicted: 0
iter: 9, sample_no: 0, actual label: 1, predicted: 0
iter: 10, sample_no: 5, actual label: 1, predicted: 1
iter: 11, sample_no: 4, actual label: 0, predicted: 0
iter: 12, sample_no: 2, actual label: 1, predicted: 1
iter: 13, sample_no: 4, actual label: 0, predicted: 0
iter: 14, sample_no: 5, actual label: 1, predicted: 1
iter: 15, sample_no: 4, actual label: 0, predicted: 0
iter: 16, sample_no: 6, actual label: 0, predicted: 1
iter: 17, sample_no: 6, actual label: 0, predicted: 1
iter: 18, sample_no: 4, actual label: 0, predicted: 0
iter: 19, sample_no: 0, actual label: 1, predicted: 0
iter: 20, sample_no: 2, actual label: 1, predicted: 1
iter: 21, sample_no: 3, actual label: 0, predicted: 0
iter: 22, sample_no: 3, actual label: 0, predicted: 0
iter: 23, sample_no: 6, actual label: 0, predicted: 1
iter: 24, sample_no: 0, actual label: 1, predicted: 0
number of samples: 7
AUC 0.3333333333333333
pos_get 3
total recall stop_at 1
@@@ C - Repeat number: 3
@@@ D - common_header:  {'F71-slebresne@apache.org', 'F25', 'F71-vijay2win@gmail.com', 'F71-yukim@apache.org', 'F3-byte[]', 'F3-BitSet', 'F22', 'F41', 'F71-jbellis@apache.org', 'F15-private', 'F104', 'F101', 'F71-jake@apache.org', 'F3-String', 'F116', 'F71-goffinet@apache.org', 'F123', 'F3-RandomStringGenerator', 'F3-int', 'F71-johan@apache.org', 'F105', 'F77', 'F65', 'F71-eevans@sym-link.com', 'F3-ByteBuffer', 'F15-NA', 'category', 'F3-boolean', 'F72', 'F3-EncryptionOptions', 'F117', 'F71-xedin@apache.org', 'F126', 'F71-aleksey@apache.org', 'F71-jakers@gmail.com', 'F3-InetAddress', 'F110', 'F71-povel.y@gmail.com', 'F15-public', 'F68', 'F3-long', 'F71-dbrosius@apache.org', 'F71-brandonwilliams@apache.org', 'F115', 'F3-NA', 'F71-eevans@apache.org', 'F120', 'F15-protected', 'F71-sylvain@datastax.com', 'F3-input', 'F71-gdusbabek@apache.org'}
     F72  F25  ... F71-slebresne@apache.org F71-goffinet@apache.org
1   7543  158  ...                        1                       0
2   6974   51  ...                        0                       0
3  11584  832  ...                        1                       0

[3 rows x 50 columns]
;.;
        F72       F25  ...  F71-slebresne@apache.org  F71-goffinet@apache.org
0  0.123427  0.137004  ...                       1.0                      0.0
1  0.000000  0.000000  ...                       0.0                      0.0
2  1.000000  1.000000  ...                       1.0                      0.0

[3 rows x 50 columns]
training_x: (10, 50)
training_y: 10
testset_x: (7, 50)
testset_y: 7
              precision    recall  f1-score   support

           0       0.75      0.75      0.75         4
           1       0.67      0.67      0.67         3

    accuracy                           0.71         7
   macro avg       0.71      0.71      0.71         7
weighted avg       0.71      0.71      0.71         7

accuracy: 0.7142857142857143
0.6666666666666666
@@@ tn: 3, fp: 1, fn: 1, tp: 2
@@@ LIME - Creating explainer
@@@ LIME - Random Sampling of Instances
iter: 0, sample_no: 6, actual label: 0, predicted: 1
iter: 1, sample_no: 5, actual label: 1, predicted: 1
iter: 2, sample_no: 5, actual label: 1, predicted: 1
iter: 3, sample_no: 5, actual label: 1, predicted: 1
iter: 4, sample_no: 4, actual label: 0, predicted: 0
iter: 5, sample_no: 0, actual label: 1, predicted: 0
iter: 6, sample_no: 2, actual label: 1, predicted: 1
iter: 7, sample_no: 0, actual label: 1, predicted: 0
iter: 8, sample_no: 2, actual label: 1, predicted: 1
iter: 9, sample_no: 4, actual label: 0, predicted: 0
iter: 10, sample_no: 4, actual label: 0, predicted: 0
iter: 11, sample_no: 3, actual label: 0, predicted: 0
iter: 12, sample_no: 1, actual label: 0, predicted: 0
iter: 13, sample_no: 6, actual label: 0, predicted: 1
iter: 14, sample_no: 1, actual label: 0, predicted: 0
iter: 15, sample_no: 2, actual label: 1, predicted: 1
iter: 16, sample_no: 6, actual label: 0, predicted: 1
iter: 17, sample_no: 4, actual label: 0, predicted: 0
iter: 18, sample_no: 4, actual label: 0, predicted: 0
iter: 19, sample_no: 2, actual label: 1, predicted: 1
iter: 20, sample_no: 0, actual label: 1, predicted: 0
iter: 21, sample_no: 0, actual label: 1, predicted: 0
iter: 22, sample_no: 1, actual label: 0, predicted: 0
iter: 23, sample_no: 6, actual label: 0, predicted: 1
iter: 24, sample_no: 0, actual label: 1, predicted: 0
number of samples: 7
AUC 0.3333333333333333
pos_get 3
total recall stop_at 1
@@@ C - Repeat number: 4
@@@ D - common_header:  {'F71-slebresne@apache.org', 'F25', 'F71-vijay2win@gmail.com', 'F71-yukim@apache.org', 'F3-byte[]', 'F3-BitSet', 'F22', 'F41', 'F71-jbellis@apache.org', 'F15-private', 'F104', 'F101', 'F71-jake@apache.org', 'F3-String', 'F116', 'F71-goffinet@apache.org', 'F123', 'F3-RandomStringGenerator', 'F3-int', 'F71-johan@apache.org', 'F105', 'F77', 'F65', 'F71-eevans@sym-link.com', 'F3-ByteBuffer', 'F15-NA', 'category', 'F3-boolean', 'F72', 'F3-EncryptionOptions', 'F117', 'F71-xedin@apache.org', 'F126', 'F71-aleksey@apache.org', 'F71-jakers@gmail.com', 'F3-InetAddress', 'F110', 'F71-povel.y@gmail.com', 'F15-public', 'F68', 'F3-long', 'F71-dbrosius@apache.org', 'F71-brandonwilliams@apache.org', 'F115', 'F3-NA', 'F71-eevans@apache.org', 'F120', 'F15-protected', 'F71-sylvain@datastax.com', 'F3-input', 'F71-gdusbabek@apache.org'}
     F72  F25  ... F71-slebresne@apache.org F71-goffinet@apache.org
1   7543  158  ...                        1                       0
2   6974   51  ...                        0                       0
3  11584  832  ...                        1                       0

[3 rows x 50 columns]
;.;
        F72       F25  ...  F71-slebresne@apache.org  F71-goffinet@apache.org
0  0.123427  0.137004  ...                       1.0                      0.0
1  0.000000  0.000000  ...                       0.0                      0.0
2  1.000000  1.000000  ...                       1.0                      0.0

[3 rows x 50 columns]
training_x: (10, 50)
training_y: 10
testset_x: (7, 50)
testset_y: 7
              precision    recall  f1-score   support

           0       0.75      0.75      0.75         4
           1       0.67      0.67      0.67         3

    accuracy                           0.71         7
   macro avg       0.71      0.71      0.71         7
weighted avg       0.71      0.71      0.71         7

accuracy: 0.7142857142857143
0.6666666666666666
@@@ tn: 3, fp: 1, fn: 1, tp: 2
@@@ LIME - Creating explainer
@@@ LIME - Random Sampling of Instances
iter: 0, sample_no: 5, actual label: 1, predicted: 1
iter: 1, sample_no: 4, actual label: 0, predicted: 0
iter: 2, sample_no: 5, actual label: 1, predicted: 1
iter: 3, sample_no: 1, actual label: 0, predicted: 0
iter: 4, sample_no: 6, actual label: 0, predicted: 1
iter: 5, sample_no: 1, actual label: 0, predicted: 0
iter: 6, sample_no: 3, actual label: 0, predicted: 0
iter: 7, sample_no: 5, actual label: 1, predicted: 1
iter: 8, sample_no: 5, actual label: 1, predicted: 1
iter: 9, sample_no: 3, actual label: 0, predicted: 0
iter: 10, sample_no: 5, actual label: 1, predicted: 1
iter: 11, sample_no: 3, actual label: 0, predicted: 0
iter: 12, sample_no: 1, actual label: 0, predicted: 0
iter: 13, sample_no: 2, actual label: 1, predicted: 1
iter: 14, sample_no: 3, actual label: 0, predicted: 0
iter: 15, sample_no: 1, actual label: 0, predicted: 0
iter: 16, sample_no: 6, actual label: 0, predicted: 1
iter: 17, sample_no: 2, actual label: 1, predicted: 1
iter: 18, sample_no: 5, actual label: 1, predicted: 1
iter: 19, sample_no: 5, actual label: 1, predicted: 1
iter: 20, sample_no: 6, actual label: 0, predicted: 1
iter: 21, sample_no: 1, actual label: 0, predicted: 0
iter: 22, sample_no: 4, actual label: 0, predicted: 0
iter: 23, sample_no: 0, actual label: 1, predicted: 0
iter: 24, sample_no: 1, actual label: 0, predicted: 0
number of samples: 7
AUC 0.3333333333333333
pos_get 3
total recall stop_at 1
@@@ C - Repeat number: 5
@@@ D - common_header:  {'F71-slebresne@apache.org', 'F25', 'F71-vijay2win@gmail.com', 'F71-yukim@apache.org', 'F3-byte[]', 'F3-BitSet', 'F22', 'F41', 'F71-jbellis@apache.org', 'F15-private', 'F104', 'F101', 'F71-jake@apache.org', 'F3-String', 'F116', 'F71-goffinet@apache.org', 'F123', 'F3-RandomStringGenerator', 'F3-int', 'F71-johan@apache.org', 'F105', 'F77', 'F65', 'F71-eevans@sym-link.com', 'F3-ByteBuffer', 'F15-NA', 'category', 'F3-boolean', 'F72', 'F3-EncryptionOptions', 'F117', 'F71-xedin@apache.org', 'F126', 'F71-aleksey@apache.org', 'F71-jakers@gmail.com', 'F3-InetAddress', 'F110', 'F71-povel.y@gmail.com', 'F15-public', 'F68', 'F3-long', 'F71-dbrosius@apache.org', 'F71-brandonwilliams@apache.org', 'F115', 'F3-NA', 'F71-eevans@apache.org', 'F120', 'F15-protected', 'F71-sylvain@datastax.com', 'F3-input', 'F71-gdusbabek@apache.org'}
     F72  F25  ... F71-slebresne@apache.org F71-goffinet@apache.org
1   7543  158  ...                        1                       0
2   6974   51  ...                        0                       0
3  11584  832  ...                        1                       0

[3 rows x 50 columns]
;.;
        F72       F25  ...  F71-slebresne@apache.org  F71-goffinet@apache.org
0  0.123427  0.137004  ...                       1.0                      0.0
1  0.000000  0.000000  ...                       0.0                      0.0
2  1.000000  1.000000  ...                       1.0                      0.0

[3 rows x 50 columns]
training_x: (10, 50)
training_y: 10
testset_x: (7, 50)
testset_y: 7
              precision    recall  f1-score   support

           0       0.75      0.75      0.75         4
           1       0.67      0.67      0.67         3

    accuracy                           0.71         7
   macro avg       0.71      0.71      0.71         7
weighted avg       0.71      0.71      0.71         7

accuracy: 0.7142857142857143
0.6666666666666666
@@@ tn: 3, fp: 1, fn: 1, tp: 2
@@@ LIME - Creating explainer
@@@ LIME - Random Sampling of Instances
iter: 0, sample_no: 6, actual label: 0, predicted: 1
iter: 1, sample_no: 3, actual label: 0, predicted: 0
iter: 2, sample_no: 4, actual label: 0, predicted: 0
iter: 3, sample_no: 1, actual label: 0, predicted: 0
iter: 4, sample_no: 1, actual label: 0, predicted: 0
iter: 5, sample_no: 2, actual label: 1, predicted: 1
iter: 6, sample_no: 4, actual label: 0, predicted: 0
iter: 7, sample_no: 5, actual label: 1, predicted: 1
iter: 8, sample_no: 0, actual label: 1, predicted: 0
iter: 9, sample_no: 2, actual label: 1, predicted: 1
iter: 10, sample_no: 6, actual label: 0, predicted: 1
iter: 11, sample_no: 2, actual label: 1, predicted: 1
iter: 12, sample_no: 3, actual label: 0, predicted: 0
iter: 13, sample_no: 1, actual label: 0, predicted: 0
iter: 14, sample_no: 4, actual label: 0, predicted: 0
iter: 15, sample_no: 0, actual label: 1, predicted: 0
iter: 16, sample_no: 3, actual label: 0, predicted: 0
iter: 17, sample_no: 3, actual label: 0, predicted: 0
iter: 18, sample_no: 5, actual label: 1, predicted: 1
iter: 19, sample_no: 1, actual label: 0, predicted: 0
iter: 20, sample_no: 4, actual label: 0, predicted: 0
iter: 21, sample_no: 1, actual label: 0, predicted: 0
iter: 22, sample_no: 0, actual label: 1, predicted: 0
iter: 23, sample_no: 6, actual label: 0, predicted: 1
iter: 24, sample_no: 4, actual label: 0, predicted: 0
number of samples: 7
AUC 0.3333333333333333
pos_get 3
total recall stop_at 1
@@@ C - Repeat number: 6
@@@ D - common_header:  {'F71-slebresne@apache.org', 'F25', 'F71-vijay2win@gmail.com', 'F71-yukim@apache.org', 'F3-byte[]', 'F3-BitSet', 'F22', 'F41', 'F71-jbellis@apache.org', 'F15-private', 'F104', 'F101', 'F71-jake@apache.org', 'F3-String', 'F116', 'F71-goffinet@apache.org', 'F123', 'F3-RandomStringGenerator', 'F3-int', 'F71-johan@apache.org', 'F105', 'F77', 'F65', 'F71-eevans@sym-link.com', 'F3-ByteBuffer', 'F15-NA', 'category', 'F3-boolean', 'F72', 'F3-EncryptionOptions', 'F117', 'F71-xedin@apache.org', 'F126', 'F71-aleksey@apache.org', 'F71-jakers@gmail.com', 'F3-InetAddress', 'F110', 'F71-povel.y@gmail.com', 'F15-public', 'F68', 'F3-long', 'F71-dbrosius@apache.org', 'F71-brandonwilliams@apache.org', 'F115', 'F3-NA', 'F71-eevans@apache.org', 'F120', 'F15-protected', 'F71-sylvain@datastax.com', 'F3-input', 'F71-gdusbabek@apache.org'}
     F72  F25  ... F71-slebresne@apache.org F71-goffinet@apache.org
1   7543  158  ...                        1                       0
2   6974   51  ...                        0                       0
3  11584  832  ...                        1                       0

[3 rows x 50 columns]
;.;
        F72       F25  ...  F71-slebresne@apache.org  F71-goffinet@apache.org
0  0.123427  0.137004  ...                       1.0                      0.0
1  0.000000  0.000000  ...                       0.0                      0.0
2  1.000000  1.000000  ...                       1.0                      0.0

[3 rows x 50 columns]
training_x: (10, 50)
training_y: 10
testset_x: (7, 50)
testset_y: 7
              precision    recall  f1-score   support

           0       0.75      0.75      0.75         4
           1       0.67      0.67      0.67         3

    accuracy                           0.71         7
   macro avg       0.71      0.71      0.71         7
weighted avg       0.71      0.71      0.71         7

accuracy: 0.7142857142857143
0.6666666666666666
@@@ tn: 3, fp: 1, fn: 1, tp: 2
@@@ LIME - Creating explainer
@@@ LIME - Random Sampling of Instances
iter: 0, sample_no: 3, actual label: 0, predicted: 0
iter: 1, sample_no: 6, actual label: 0, predicted: 1
iter: 2, sample_no: 1, actual label: 0, predicted: 0
iter: 3, sample_no: 0, actual label: 1, predicted: 0
iter: 4, sample_no: 0, actual label: 1, predicted: 0
iter: 5, sample_no: 5, actual label: 1, predicted: 1
iter: 6, sample_no: 1, actual label: 0, predicted: 0
iter: 7, sample_no: 3, actual label: 0, predicted: 0
iter: 8, sample_no: 4, actual label: 0, predicted: 0
iter: 9, sample_no: 1, actual label: 0, predicted: 0
iter: 10, sample_no: 2, actual label: 1, predicted: 1
iter: 11, sample_no: 3, actual label: 0, predicted: 0
iter: 12, sample_no: 2, actual label: 1, predicted: 1
iter: 13, sample_no: 0, actual label: 1, predicted: 0
iter: 14, sample_no: 3, actual label: 0, predicted: 0
iter: 15, sample_no: 2, actual label: 1, predicted: 1
iter: 16, sample_no: 6, actual label: 0, predicted: 1
iter: 17, sample_no: 3, actual label: 0, predicted: 0
iter: 18, sample_no: 4, actual label: 0, predicted: 0
iter: 19, sample_no: 0, actual label: 1, predicted: 0
iter: 20, sample_no: 2, actual label: 1, predicted: 1
iter: 21, sample_no: 3, actual label: 0, predicted: 0
iter: 22, sample_no: 4, actual label: 0, predicted: 0
iter: 23, sample_no: 4, actual label: 0, predicted: 0
iter: 24, sample_no: 4, actual label: 0, predicted: 0
number of samples: 7
AUC 0.3333333333333333
pos_get 3
total recall stop_at 1
@@@ C - Repeat number: 7
@@@ D - common_header:  {'F71-slebresne@apache.org', 'F25', 'F71-vijay2win@gmail.com', 'F71-yukim@apache.org', 'F3-byte[]', 'F3-BitSet', 'F22', 'F41', 'F71-jbellis@apache.org', 'F15-private', 'F104', 'F101', 'F71-jake@apache.org', 'F3-String', 'F116', 'F71-goffinet@apache.org', 'F123', 'F3-RandomStringGenerator', 'F3-int', 'F71-johan@apache.org', 'F105', 'F77', 'F65', 'F71-eevans@sym-link.com', 'F3-ByteBuffer', 'F15-NA', 'category', 'F3-boolean', 'F72', 'F3-EncryptionOptions', 'F117', 'F71-xedin@apache.org', 'F126', 'F71-aleksey@apache.org', 'F71-jakers@gmail.com', 'F3-InetAddress', 'F110', 'F71-povel.y@gmail.com', 'F15-public', 'F68', 'F3-long', 'F71-dbrosius@apache.org', 'F71-brandonwilliams@apache.org', 'F115', 'F3-NA', 'F71-eevans@apache.org', 'F120', 'F15-protected', 'F71-sylvain@datastax.com', 'F3-input', 'F71-gdusbabek@apache.org'}
     F72  F25  ... F71-slebresne@apache.org F71-goffinet@apache.org
1   7543  158  ...                        1                       0
2   6974   51  ...                        0                       0
3  11584  832  ...                        1                       0

[3 rows x 50 columns]
;.;
        F72       F25  ...  F71-slebresne@apache.org  F71-goffinet@apache.org
0  0.123427  0.137004  ...                       1.0                      0.0
1  0.000000  0.000000  ...                       0.0                      0.0
2  1.000000  1.000000  ...                       1.0                      0.0

[3 rows x 50 columns]
training_x: (10, 50)
training_y: 10
testset_x: (7, 50)
testset_y: 7
              precision    recall  f1-score   support

           0       0.75      0.75      0.75         4
           1       0.67      0.67      0.67         3

    accuracy                           0.71         7
   macro avg       0.71      0.71      0.71         7
weighted avg       0.71      0.71      0.71         7

accuracy: 0.7142857142857143
0.6666666666666666
@@@ tn: 3, fp: 1, fn: 1, tp: 2
@@@ LIME - Creating explainer
@@@ LIME - Random Sampling of Instances
iter: 0, sample_no: 5, actual label: 1, predicted: 1
iter: 1, sample_no: 1, actual label: 0, predicted: 0
iter: 2, sample_no: 5, actual label: 1, predicted: 1
iter: 3, sample_no: 4, actual label: 0, predicted: 0
iter: 4, sample_no: 6, actual label: 0, predicted: 1
iter: 5, sample_no: 1, actual label: 0, predicted: 0
iter: 6, sample_no: 6, actual label: 0, predicted: 1
iter: 7, sample_no: 2, actual label: 1, predicted: 1
iter: 8, sample_no: 2, actual label: 1, predicted: 1
iter: 9, sample_no: 4, actual label: 0, predicted: 0
iter: 10, sample_no: 1, actual label: 0, predicted: 0
iter: 11, sample_no: 5, actual label: 1, predicted: 1
iter: 12, sample_no: 4, actual label: 0, predicted: 0
iter: 13, sample_no: 3, actual label: 0, predicted: 0
iter: 14, sample_no: 0, actual label: 1, predicted: 0
iter: 15, sample_no: 5, actual label: 1, predicted: 1
iter: 16, sample_no: 4, actual label: 0, predicted: 0
iter: 17, sample_no: 1, actual label: 0, predicted: 0
iter: 18, sample_no: 0, actual label: 1, predicted: 0
iter: 19, sample_no: 2, actual label: 1, predicted: 1
iter: 20, sample_no: 6, actual label: 0, predicted: 1
iter: 21, sample_no: 4, actual label: 0, predicted: 0
iter: 22, sample_no: 6, actual label: 0, predicted: 1
iter: 23, sample_no: 6, actual label: 0, predicted: 1
iter: 24, sample_no: 4, actual label: 0, predicted: 0
number of samples: 7
AUC 0.3333333333333333
pos_get 3
total recall stop_at 1
@@@ C - Repeat number: 8
@@@ D - common_header:  {'F71-slebresne@apache.org', 'F25', 'F71-vijay2win@gmail.com', 'F71-yukim@apache.org', 'F3-byte[]', 'F3-BitSet', 'F22', 'F41', 'F71-jbellis@apache.org', 'F15-private', 'F104', 'F101', 'F71-jake@apache.org', 'F3-String', 'F116', 'F71-goffinet@apache.org', 'F123', 'F3-RandomStringGenerator', 'F3-int', 'F71-johan@apache.org', 'F105', 'F77', 'F65', 'F71-eevans@sym-link.com', 'F3-ByteBuffer', 'F15-NA', 'category', 'F3-boolean', 'F72', 'F3-EncryptionOptions', 'F117', 'F71-xedin@apache.org', 'F126', 'F71-aleksey@apache.org', 'F71-jakers@gmail.com', 'F3-InetAddress', 'F110', 'F71-povel.y@gmail.com', 'F15-public', 'F68', 'F3-long', 'F71-dbrosius@apache.org', 'F71-brandonwilliams@apache.org', 'F115', 'F3-NA', 'F71-eevans@apache.org', 'F120', 'F15-protected', 'F71-sylvain@datastax.com', 'F3-input', 'F71-gdusbabek@apache.org'}
     F72  F25  ... F71-slebresne@apache.org F71-goffinet@apache.org
1   7543  158  ...                        1                       0
2   6974   51  ...                        0                       0
3  11584  832  ...                        1                       0

[3 rows x 50 columns]
;.;
        F72       F25  ...  F71-slebresne@apache.org  F71-goffinet@apache.org
0  0.123427  0.137004  ...                       1.0                      0.0
1  0.000000  0.000000  ...                       0.0                      0.0
2  1.000000  1.000000  ...                       1.0                      0.0

[3 rows x 50 columns]
training_x: (10, 50)
training_y: 10
testset_x: (7, 50)
testset_y: 7
              precision    recall  f1-score   support

           0       0.75      0.75      0.75         4
           1       0.67      0.67      0.67         3

    accuracy                           0.71         7
   macro avg       0.71      0.71      0.71         7
weighted avg       0.71      0.71      0.71         7

accuracy: 0.7142857142857143
0.6666666666666666
@@@ tn: 3, fp: 1, fn: 1, tp: 2
@@@ LIME - Creating explainer
@@@ LIME - Random Sampling of Instances
iter: 0, sample_no: 0, actual label: 1, predicted: 0
iter: 1, sample_no: 0, actual label: 1, predicted: 0
iter: 2, sample_no: 1, actual label: 0, predicted: 0
iter: 3, sample_no: 3, actual label: 0, predicted: 0
iter: 4, sample_no: 0, actual label: 1, predicted: 0
iter: 5, sample_no: 5, actual label: 1, predicted: 1
iter: 6, sample_no: 6, actual label: 0, predicted: 1
iter: 7, sample_no: 0, actual label: 1, predicted: 0
iter: 8, sample_no: 6, actual label: 0, predicted: 1
iter: 9, sample_no: 3, actual label: 0, predicted: 0
iter: 10, sample_no: 5, actual label: 1, predicted: 1
iter: 11, sample_no: 5, actual label: 1, predicted: 1
iter: 12, sample_no: 1, actual label: 0, predicted: 0
iter: 13, sample_no: 0, actual label: 1, predicted: 0
iter: 14, sample_no: 6, actual label: 0, predicted: 1
iter: 15, sample_no: 3, actual label: 0, predicted: 0
iter: 16, sample_no: 3, actual label: 0, predicted: 0
iter: 17, sample_no: 0, actual label: 1, predicted: 0
iter: 18, sample_no: 4, actual label: 0, predicted: 0
iter: 19, sample_no: 3, actual label: 0, predicted: 0
iter: 20, sample_no: 3, actual label: 0, predicted: 0
iter: 21, sample_no: 4, actual label: 0, predicted: 0
iter: 22, sample_no: 3, actual label: 0, predicted: 0
iter: 23, sample_no: 1, actual label: 0, predicted: 0
iter: 24, sample_no: 2, actual label: 1, predicted: 1
number of samples: 7
AUC 0.3333333333333333
pos_get 3
total recall stop_at 1
@@@ C - Repeat number: 9
@@@ D - common_header:  {'F71-slebresne@apache.org', 'F25', 'F71-vijay2win@gmail.com', 'F71-yukim@apache.org', 'F3-byte[]', 'F3-BitSet', 'F22', 'F41', 'F71-jbellis@apache.org', 'F15-private', 'F104', 'F101', 'F71-jake@apache.org', 'F3-String', 'F116', 'F71-goffinet@apache.org', 'F123', 'F3-RandomStringGenerator', 'F3-int', 'F71-johan@apache.org', 'F105', 'F77', 'F65', 'F71-eevans@sym-link.com', 'F3-ByteBuffer', 'F15-NA', 'category', 'F3-boolean', 'F72', 'F3-EncryptionOptions', 'F117', 'F71-xedin@apache.org', 'F126', 'F71-aleksey@apache.org', 'F71-jakers@gmail.com', 'F3-InetAddress', 'F110', 'F71-povel.y@gmail.com', 'F15-public', 'F68', 'F3-long', 'F71-dbrosius@apache.org', 'F71-brandonwilliams@apache.org', 'F115', 'F3-NA', 'F71-eevans@apache.org', 'F120', 'F15-protected', 'F71-sylvain@datastax.com', 'F3-input', 'F71-gdusbabek@apache.org'}
     F72  F25  ... F71-slebresne@apache.org F71-goffinet@apache.org
1   7543  158  ...                        1                       0
2   6974   51  ...                        0                       0
3  11584  832  ...                        1                       0

[3 rows x 50 columns]
;.;
        F72       F25  ...  F71-slebresne@apache.org  F71-goffinet@apache.org
0  0.123427  0.137004  ...                       1.0                      0.0
1  0.000000  0.000000  ...                       0.0                      0.0
2  1.000000  1.000000  ...                       1.0                      0.0

[3 rows x 50 columns]
training_x: (10, 50)
training_y: 10
testset_x: (7, 50)
testset_y: 7
              precision    recall  f1-score   support

           0       0.75      0.75      0.75         4
           1       0.67      0.67      0.67         3

    accuracy                           0.71         7
   macro avg       0.71      0.71      0.71         7
weighted avg       0.71      0.71      0.71         7

accuracy: 0.7142857142857143
0.6666666666666666
@@@ tn: 3, fp: 1, fn: 1, tp: 2
@@@ LIME - Creating explainer
@@@ LIME - Random Sampling of Instances
iter: 0, sample_no: 1, actual label: 0, predicted: 0
iter: 1, sample_no: 6, actual label: 0, predicted: 1
iter: 2, sample_no: 0, actual label: 1, predicted: 0
iter: 3, sample_no: 0, actual label: 1, predicted: 0
iter: 4, sample_no: 6, actual label: 0, predicted: 1
iter: 5, sample_no: 5, actual label: 1, predicted: 1
iter: 6, sample_no: 4, actual label: 0, predicted: 0
iter: 7, sample_no: 4, actual label: 0, predicted: 0
iter: 8, sample_no: 3, actual label: 0, predicted: 0
iter: 9, sample_no: 3, actual label: 0, predicted: 0
iter: 10, sample_no: 0, actual label: 1, predicted: 0
iter: 11, sample_no: 0, actual label: 1, predicted: 0
iter: 12, sample_no: 0, actual label: 1, predicted: 0
iter: 13, sample_no: 1, actual label: 0, predicted: 0
iter: 14, sample_no: 2, actual label: 1, predicted: 1
iter: 15, sample_no: 6, actual label: 0, predicted: 1
iter: 16, sample_no: 1, actual label: 0, predicted: 0
iter: 17, sample_no: 2, actual label: 1, predicted: 1
iter: 18, sample_no: 1, actual label: 0, predicted: 0
iter: 19, sample_no: 3, actual label: 0, predicted: 0
iter: 20, sample_no: 5, actual label: 1, predicted: 1
iter: 21, sample_no: 5, actual label: 1, predicted: 1
iter: 22, sample_no: 3, actual label: 0, predicted: 0
iter: 23, sample_no: 1, actual label: 0, predicted: 0
iter: 24, sample_no: 6, actual label: 0, predicted: 1
number of samples: 7
AUC 0.3333333333333333
pos_get 3
total recall stop_at 1
@@@ C - Repeat number: 10
@@@ D - common_header:  {'F71-slebresne@apache.org', 'F25', 'F71-vijay2win@gmail.com', 'F71-yukim@apache.org', 'F3-byte[]', 'F3-BitSet', 'F22', 'F41', 'F71-jbellis@apache.org', 'F15-private', 'F104', 'F101', 'F71-jake@apache.org', 'F3-String', 'F116', 'F71-goffinet@apache.org', 'F123', 'F3-RandomStringGenerator', 'F3-int', 'F71-johan@apache.org', 'F105', 'F77', 'F65', 'F71-eevans@sym-link.com', 'F3-ByteBuffer', 'F15-NA', 'category', 'F3-boolean', 'F72', 'F3-EncryptionOptions', 'F117', 'F71-xedin@apache.org', 'F126', 'F71-aleksey@apache.org', 'F71-jakers@gmail.com', 'F3-InetAddress', 'F110', 'F71-povel.y@gmail.com', 'F15-public', 'F68', 'F3-long', 'F71-dbrosius@apache.org', 'F71-brandonwilliams@apache.org', 'F115', 'F3-NA', 'F71-eevans@apache.org', 'F120', 'F15-protected', 'F71-sylvain@datastax.com', 'F3-input', 'F71-gdusbabek@apache.org'}
     F72  F25  ... F71-slebresne@apache.org F71-goffinet@apache.org
1   7543  158  ...                        1                       0
2   6974   51  ...                        0                       0
3  11584  832  ...                        1                       0

[3 rows x 50 columns]
;.;
        F72       F25  ...  F71-slebresne@apache.org  F71-goffinet@apache.org
0  0.123427  0.137004  ...                       1.0                      0.0
1  0.000000  0.000000  ...                       0.0                      0.0
2  1.000000  1.000000  ...                       1.0                      0.0

[3 rows x 50 columns]
training_x: (10, 50)
training_y: 10
testset_x: (7, 50)
testset_y: 7
              precision    recall  f1-score   support

           0       0.75      0.75      0.75         4
           1       0.67      0.67      0.67         3

    accuracy                           0.71         7
   macro avg       0.71      0.71      0.71         7
weighted avg       0.71      0.71      0.71         7

accuracy: 0.7142857142857143
0.6666666666666666
@@@ tn: 3, fp: 1, fn: 1, tp: 2
@@@ LIME - Creating explainer
@@@ LIME - Random Sampling of Instances
iter: 0, sample_no: 4, actual label: 0, predicted: 0
iter: 1, sample_no: 3, actual label: 0, predicted: 0
iter: 2, sample_no: 2, actual label: 1, predicted: 1
iter: 3, sample_no: 4, actual label: 0, predicted: 0
iter: 4, sample_no: 3, actual label: 0, predicted: 0
iter: 5, sample_no: 5, actual label: 1, predicted: 1
iter: 6, sample_no: 5, actual label: 1, predicted: 1
iter: 7, sample_no: 1, actual label: 0, predicted: 0
iter: 8, sample_no: 1, actual label: 0, predicted: 0
iter: 9, sample_no: 5, actual label: 1, predicted: 1
iter: 10, sample_no: 1, actual label: 0, predicted: 0
iter: 11, sample_no: 6, actual label: 0, predicted: 1
iter: 12, sample_no: 6, actual label: 0, predicted: 1
iter: 13, sample_no: 6, actual label: 0, predicted: 1
iter: 14, sample_no: 5, actual label: 1, predicted: 1
iter: 15, sample_no: 4, actual label: 0, predicted: 0
iter: 16, sample_no: 4, actual label: 0, predicted: 0
iter: 17, sample_no: 5, actual label: 1, predicted: 1
iter: 18, sample_no: 3, actual label: 0, predicted: 0
iter: 19, sample_no: 5, actual label: 1, predicted: 1
iter: 20, sample_no: 2, actual label: 1, predicted: 1
iter: 21, sample_no: 6, actual label: 0, predicted: 1
iter: 22, sample_no: 6, actual label: 0, predicted: 1
iter: 23, sample_no: 0, actual label: 1, predicted: 0
iter: 24, sample_no: 5, actual label: 1, predicted: 1
number of samples: 7
AUC 0.3333333333333333
pos_get 3
total recall stop_at 1
----------threshold stop at----------: 1
AUC [0.3333333333333333, 0.3333333333333333, 0.3333333333333333, 0.3333333333333333, 0.3333333333333333, 0.3333333333333333, 0.3333333333333333, 0.3333333333333333, 0.3333333333333333, 0.3333333333333333]
AUC_median 0.3333333333333333
AUC_iqr 0.0
cost [1, 1, 1, 1, 1, 1, 1, 1, 1, 1]
COST_med 1.0
COST_iqr 0.0
f1_pos_list [np.float64(0.6666666666666666), np.float64(0.6666666666666666), np.float64(0.6666666666666666), np.float64(0.6666666666666666), np.float64(0.6666666666666666), np.float64(0.6666666666666666), np.float64(0.6666666666666666), np.float64(0.6666666666666666), np.float64(0.6666666666666666), np.float64(0.6666666666666666)]
f1_pos_med 0.6666666666666666
total_tn 30
total_fp 10
total_fn 10
total_tp 20
p= 0.6666666666666666
r= 0.6666666666666666
f= 0.6666666666666666
