@@@ A - classifier: SVC(class_weight='balanced', kernel='linear', probability=True)
@@@ B - threshold stop at: 1
@@@ C - Repeat number: 1
@@@ D - common_header:  {'F117', 'F3-StringProperty', 'F3-((ThroughputController)el).getMaxThroughput()', 'F72', 'F3-InterleaveControl.IGNORE_SUB_CONTROLLERS', 'F65', 'F3-TestElementProperty', 'F71-oros@apache.org', 'F3-JMeterTreeNode', 'F3-long', 'F71-alf@apache.org', 'F77', 'F105', 'F120', 'F71-pmouawad@apache.org', 'F3-NA', 'F71-woolfel@apache.org', 'F71-mstover1@apache.org', 'F3-TextMessage', 'F71-mkostrze@apache.org', 'F68', 'F104', 'F71-sebb@apache.org', 'F116', 'F71-jsalvata@apache.org', 'F25', 'F15-protected', 'F110', 'F71-mblankestijn@apache.org', 'F71-seade@apache.org', 'F71-milamber@apache.org', 'F3-boolean', 'F71-jeremy_a@apache.org', 'F15-public', 'category', 'F71-dims@apache.org', 'F3-byte[]', 'F3-int', 'F3-CollectionProperty', 'F126', 'F115', 'F3-Date', 'F3-GenericController', 'F101', 'F22', 'F41', 'F15-private', 'F15-NA', 'F71-dev-null@apache.org', 'F123', 'F71-thads@apache.org', 'F3-String', 'F3-String[]', 'F3-JMeterFileFilter'}
     F72   F25  ... F71-sebb@apache.org F71-mstover1@apache.org
1  13325  3497  ...                   1                       0
2  13325  3497  ...                   1                       1
3   7508  1056  ...                   1                       0

[3 rows x 53 columns]
;.;
        F72       F25  ...  F71-sebb@apache.org  F71-mstover1@apache.org
0  1.000000  1.000000  ...                  0.0                      0.0
1  1.000000  1.000000  ...                  0.0                      1.0
2  0.257373  0.261645  ...                  0.0                      0.0

[3 rows x 53 columns]
training_x: (5, 53)
training_y: 5
testset_x: (13, 53)
testset_y: 13
              precision    recall  f1-score   support

           0       0.55      0.86      0.67         7
           1       0.50      0.17      0.25         6

    accuracy                           0.54        13
   macro avg       0.52      0.51      0.46        13
weighted avg       0.52      0.54      0.47        13

accuracy: 0.5384615384615384
0.25
@@@ tn: 6, fp: 1, fn: 5, tp: 1
@@@ LIME - Creating explainer
@@@ LIME - Random Sampling of Instances
iter: 0, sample_no: 0, actual label: 1, predicted: 0
iter: 1, sample_no: 12, actual label: 0, predicted: 0
iter: 2, sample_no: 3, actual label: 1, predicted: 1
iter: 3, sample_no: 6, actual label: 1, predicted: 0
iter: 4, sample_no: 0, actual label: 1, predicted: 0
iter: 5, sample_no: 5, actual label: 0, predicted: 0
iter: 6, sample_no: 5, actual label: 0, predicted: 0
iter: 7, sample_no: 12, actual label: 0, predicted: 0
iter: 8, sample_no: 8, actual label: 1, predicted: 0
iter: 9, sample_no: 3, actual label: 1, predicted: 1
iter: 10, sample_no: 4, actual label: 0, predicted: 0
iter: 11, sample_no: 1, actual label: 1, predicted: 0
iter: 12, sample_no: 2, actual label: 0, predicted: 0
iter: 13, sample_no: 9, actual label: 0, predicted: 1
iter: 14, sample_no: 8, actual label: 1, predicted: 0
iter: 15, sample_no: 0, actual label: 1, predicted: 0
iter: 16, sample_no: 0, actual label: 1, predicted: 0
iter: 17, sample_no: 5, actual label: 0, predicted: 0
iter: 18, sample_no: 8, actual label: 1, predicted: 0
iter: 19, sample_no: 0, actual label: 1, predicted: 0
iter: 20, sample_no: 1, actual label: 1, predicted: 0
iter: 21, sample_no: 2, actual label: 0, predicted: 0
iter: 22, sample_no: 12, actual label: 0, predicted: 0
iter: 23, sample_no: 0, actual label: 1, predicted: 0
iter: 24, sample_no: 11, actual label: 0, predicted: 0
number of samples: 13
AUC 0.3571428571428571
pos_get 6
total recall stop_at 1
@@@ C - Repeat number: 2
@@@ D - common_header:  {'F117', 'F3-StringProperty', 'F3-((ThroughputController)el).getMaxThroughput()', 'F72', 'F3-InterleaveControl.IGNORE_SUB_CONTROLLERS', 'F65', 'F3-TestElementProperty', 'F71-oros@apache.org', 'F3-JMeterTreeNode', 'F3-long', 'F71-alf@apache.org', 'F77', 'F105', 'F120', 'F71-pmouawad@apache.org', 'F3-NA', 'F71-woolfel@apache.org', 'F71-mstover1@apache.org', 'F3-TextMessage', 'F71-mkostrze@apache.org', 'F68', 'F104', 'F71-sebb@apache.org', 'F116', 'F71-jsalvata@apache.org', 'F25', 'F15-protected', 'F110', 'F71-mblankestijn@apache.org', 'F71-seade@apache.org', 'F71-milamber@apache.org', 'F3-boolean', 'F71-jeremy_a@apache.org', 'F15-public', 'category', 'F71-dims@apache.org', 'F3-byte[]', 'F3-int', 'F3-CollectionProperty', 'F126', 'F115', 'F3-Date', 'F3-GenericController', 'F101', 'F22', 'F41', 'F15-private', 'F15-NA', 'F71-dev-null@apache.org', 'F123', 'F71-thads@apache.org', 'F3-String', 'F3-String[]', 'F3-JMeterFileFilter'}
     F72   F25  ... F71-sebb@apache.org F71-mstover1@apache.org
1  13325  3497  ...                   1                       0
2  13325  3497  ...                   1                       1
3   7508  1056  ...                   1                       0

[3 rows x 53 columns]
;.;
        F72       F25  ...  F71-sebb@apache.org  F71-mstover1@apache.org
0  1.000000  1.000000  ...                  0.0                      0.0
1  1.000000  1.000000  ...                  0.0                      1.0
2  0.257373  0.261645  ...                  0.0                      0.0

[3 rows x 53 columns]
training_x: (5, 53)
training_y: 5
testset_x: (13, 53)
testset_y: 13
              precision    recall  f1-score   support

           0       0.55      0.86      0.67         7
           1       0.50      0.17      0.25         6

    accuracy                           0.54        13
   macro avg       0.52      0.51      0.46        13
weighted avg       0.52      0.54      0.47        13

accuracy: 0.5384615384615384
0.25
@@@ tn: 6, fp: 1, fn: 5, tp: 1
@@@ LIME - Creating explainer
@@@ LIME - Random Sampling of Instances
iter: 0, sample_no: 3, actual label: 1, predicted: 1
iter: 1, sample_no: 1, actual label: 1, predicted: 0
iter: 2, sample_no: 7, actual label: 0, predicted: 0
iter: 3, sample_no: 9, actual label: 0, predicted: 1
iter: 4, sample_no: 0, actual label: 1, predicted: 0
iter: 5, sample_no: 5, actual label: 0, predicted: 0
iter: 6, sample_no: 1, actual label: 1, predicted: 0
iter: 7, sample_no: 5, actual label: 0, predicted: 0
iter: 8, sample_no: 10, actual label: 1, predicted: 0
iter: 9, sample_no: 11, actual label: 0, predicted: 0
iter: 10, sample_no: 5, actual label: 0, predicted: 0
iter: 11, sample_no: 10, actual label: 1, predicted: 0
iter: 12, sample_no: 3, actual label: 1, predicted: 1
iter: 13, sample_no: 8, actual label: 1, predicted: 0
iter: 14, sample_no: 6, actual label: 1, predicted: 0
iter: 15, sample_no: 0, actual label: 1, predicted: 0
iter: 16, sample_no: 3, actual label: 1, predicted: 1
iter: 17, sample_no: 2, actual label: 0, predicted: 0
iter: 18, sample_no: 0, actual label: 1, predicted: 0
iter: 19, sample_no: 9, actual label: 0, predicted: 1
iter: 20, sample_no: 10, actual label: 1, predicted: 0
iter: 21, sample_no: 2, actual label: 0, predicted: 0
iter: 22, sample_no: 4, actual label: 0, predicted: 0
iter: 23, sample_no: 12, actual label: 0, predicted: 0
iter: 24, sample_no: 0, actual label: 1, predicted: 0
number of samples: 13
AUC 0.3571428571428571
pos_get 6
total recall stop_at 1
@@@ C - Repeat number: 3
@@@ D - common_header:  {'F117', 'F3-StringProperty', 'F3-((ThroughputController)el).getMaxThroughput()', 'F72', 'F3-InterleaveControl.IGNORE_SUB_CONTROLLERS', 'F65', 'F3-TestElementProperty', 'F71-oros@apache.org', 'F3-JMeterTreeNode', 'F3-long', 'F71-alf@apache.org', 'F77', 'F105', 'F120', 'F71-pmouawad@apache.org', 'F3-NA', 'F71-woolfel@apache.org', 'F71-mstover1@apache.org', 'F3-TextMessage', 'F71-mkostrze@apache.org', 'F68', 'F104', 'F71-sebb@apache.org', 'F116', 'F71-jsalvata@apache.org', 'F25', 'F15-protected', 'F110', 'F71-mblankestijn@apache.org', 'F71-seade@apache.org', 'F71-milamber@apache.org', 'F3-boolean', 'F71-jeremy_a@apache.org', 'F15-public', 'category', 'F71-dims@apache.org', 'F3-byte[]', 'F3-int', 'F3-CollectionProperty', 'F126', 'F115', 'F3-Date', 'F3-GenericController', 'F101', 'F22', 'F41', 'F15-private', 'F15-NA', 'F71-dev-null@apache.org', 'F123', 'F71-thads@apache.org', 'F3-String', 'F3-String[]', 'F3-JMeterFileFilter'}
     F72   F25  ... F71-sebb@apache.org F71-mstover1@apache.org
1  13325  3497  ...                   1                       0
2  13325  3497  ...                   1                       1
3   7508  1056  ...                   1                       0

[3 rows x 53 columns]
;.;
        F72       F25  ...  F71-sebb@apache.org  F71-mstover1@apache.org
0  1.000000  1.000000  ...                  0.0                      0.0
1  1.000000  1.000000  ...                  0.0                      1.0
2  0.257373  0.261645  ...                  0.0                      0.0

[3 rows x 53 columns]
training_x: (5, 53)
training_y: 5
testset_x: (13, 53)
testset_y: 13
              precision    recall  f1-score   support

           0       0.55      0.86      0.67         7
           1       0.50      0.17      0.25         6

    accuracy                           0.54        13
   macro avg       0.52      0.51      0.46        13
weighted avg       0.52      0.54      0.47        13

accuracy: 0.5384615384615384
0.25
@@@ tn: 6, fp: 1, fn: 5, tp: 1
@@@ LIME - Creating explainer
@@@ LIME - Random Sampling of Instances
iter: 0, sample_no: 3, actual label: 1, predicted: 1
iter: 1, sample_no: 10, actual label: 1, predicted: 0
iter: 2, sample_no: 11, actual label: 0, predicted: 0
iter: 3, sample_no: 6, actual label: 1, predicted: 0
iter: 4, sample_no: 6, actual label: 1, predicted: 0
iter: 5, sample_no: 10, actual label: 1, predicted: 0
iter: 6, sample_no: 10, actual label: 1, predicted: 0
iter: 7, sample_no: 5, actual label: 0, predicted: 0
iter: 8, sample_no: 2, actual label: 0, predicted: 0
iter: 9, sample_no: 5, actual label: 0, predicted: 0
iter: 10, sample_no: 2, actual label: 0, predicted: 0
iter: 11, sample_no: 9, actual label: 0, predicted: 1
iter: 12, sample_no: 6, actual label: 1, predicted: 0
iter: 13, sample_no: 4, actual label: 0, predicted: 0
iter: 14, sample_no: 0, actual label: 1, predicted: 0
iter: 15, sample_no: 7, actual label: 0, predicted: 0
iter: 16, sample_no: 5, actual label: 0, predicted: 0
iter: 17, sample_no: 10, actual label: 1, predicted: 0
iter: 18, sample_no: 8, actual label: 1, predicted: 0
iter: 19, sample_no: 4, actual label: 0, predicted: 0
iter: 20, sample_no: 4, actual label: 0, predicted: 0
iter: 21, sample_no: 12, actual label: 0, predicted: 0
iter: 22, sample_no: 7, actual label: 0, predicted: 0
iter: 23, sample_no: 9, actual label: 0, predicted: 1
iter: 24, sample_no: 5, actual label: 0, predicted: 0
number of samples: 13
AUC 0.3571428571428571
pos_get 6
total recall stop_at 1
@@@ C - Repeat number: 4
@@@ D - common_header:  {'F117', 'F3-StringProperty', 'F3-((ThroughputController)el).getMaxThroughput()', 'F72', 'F3-InterleaveControl.IGNORE_SUB_CONTROLLERS', 'F65', 'F3-TestElementProperty', 'F71-oros@apache.org', 'F3-JMeterTreeNode', 'F3-long', 'F71-alf@apache.org', 'F77', 'F105', 'F120', 'F71-pmouawad@apache.org', 'F3-NA', 'F71-woolfel@apache.org', 'F71-mstover1@apache.org', 'F3-TextMessage', 'F71-mkostrze@apache.org', 'F68', 'F104', 'F71-sebb@apache.org', 'F116', 'F71-jsalvata@apache.org', 'F25', 'F15-protected', 'F110', 'F71-mblankestijn@apache.org', 'F71-seade@apache.org', 'F71-milamber@apache.org', 'F3-boolean', 'F71-jeremy_a@apache.org', 'F15-public', 'category', 'F71-dims@apache.org', 'F3-byte[]', 'F3-int', 'F3-CollectionProperty', 'F126', 'F115', 'F3-Date', 'F3-GenericController', 'F101', 'F22', 'F41', 'F15-private', 'F15-NA', 'F71-dev-null@apache.org', 'F123', 'F71-thads@apache.org', 'F3-String', 'F3-String[]', 'F3-JMeterFileFilter'}
     F72   F25  ... F71-sebb@apache.org F71-mstover1@apache.org
1  13325  3497  ...                   1                       0
2  13325  3497  ...                   1                       1
3   7508  1056  ...                   1                       0

[3 rows x 53 columns]
;.;
        F72       F25  ...  F71-sebb@apache.org  F71-mstover1@apache.org
0  1.000000  1.000000  ...                  0.0                      0.0
1  1.000000  1.000000  ...                  0.0                      1.0
2  0.257373  0.261645  ...                  0.0                      0.0

[3 rows x 53 columns]
training_x: (5, 53)
training_y: 5
testset_x: (13, 53)
testset_y: 13
              precision    recall  f1-score   support

           0       0.55      0.86      0.67         7
           1       0.50      0.17      0.25         6

    accuracy                           0.54        13
   macro avg       0.52      0.51      0.46        13
weighted avg       0.52      0.54      0.47        13

accuracy: 0.5384615384615384
0.25
@@@ tn: 6, fp: 1, fn: 5, tp: 1
@@@ LIME - Creating explainer
@@@ LIME - Random Sampling of Instances
iter: 0, sample_no: 5, actual label: 0, predicted: 0
iter: 1, sample_no: 11, actual label: 0, predicted: 0
iter: 2, sample_no: 7, actual label: 0, predicted: 0
iter: 3, sample_no: 0, actual label: 1, predicted: 0
iter: 4, sample_no: 7, actual label: 0, predicted: 0
iter: 5, sample_no: 0, actual label: 1, predicted: 0
iter: 6, sample_no: 1, actual label: 1, predicted: 0
iter: 7, sample_no: 4, actual label: 0, predicted: 0
iter: 8, sample_no: 8, actual label: 1, predicted: 0
iter: 9, sample_no: 1, actual label: 1, predicted: 0
iter: 10, sample_no: 0, actual label: 1, predicted: 0
iter: 11, sample_no: 10, actual label: 1, predicted: 0
iter: 12, sample_no: 5, actual label: 0, predicted: 0
iter: 13, sample_no: 7, actual label: 0, predicted: 0
iter: 14, sample_no: 0, actual label: 1, predicted: 0
iter: 15, sample_no: 7, actual label: 0, predicted: 0
iter: 16, sample_no: 7, actual label: 0, predicted: 0
iter: 17, sample_no: 6, actual label: 1, predicted: 0
iter: 18, sample_no: 2, actual label: 0, predicted: 0
iter: 19, sample_no: 4, actual label: 0, predicted: 0
iter: 20, sample_no: 3, actual label: 1, predicted: 1
iter: 21, sample_no: 5, actual label: 0, predicted: 0
iter: 22, sample_no: 11, actual label: 0, predicted: 0
iter: 23, sample_no: 0, actual label: 1, predicted: 0
iter: 24, sample_no: 2, actual label: 0, predicted: 0
number of samples: 13
AUC 0.3571428571428571
pos_get 6
total recall stop_at 1
@@@ C - Repeat number: 5
@@@ D - common_header:  {'F117', 'F3-StringProperty', 'F3-((ThroughputController)el).getMaxThroughput()', 'F72', 'F3-InterleaveControl.IGNORE_SUB_CONTROLLERS', 'F65', 'F3-TestElementProperty', 'F71-oros@apache.org', 'F3-JMeterTreeNode', 'F3-long', 'F71-alf@apache.org', 'F77', 'F105', 'F120', 'F71-pmouawad@apache.org', 'F3-NA', 'F71-woolfel@apache.org', 'F71-mstover1@apache.org', 'F3-TextMessage', 'F71-mkostrze@apache.org', 'F68', 'F104', 'F71-sebb@apache.org', 'F116', 'F71-jsalvata@apache.org', 'F25', 'F15-protected', 'F110', 'F71-mblankestijn@apache.org', 'F71-seade@apache.org', 'F71-milamber@apache.org', 'F3-boolean', 'F71-jeremy_a@apache.org', 'F15-public', 'category', 'F71-dims@apache.org', 'F3-byte[]', 'F3-int', 'F3-CollectionProperty', 'F126', 'F115', 'F3-Date', 'F3-GenericController', 'F101', 'F22', 'F41', 'F15-private', 'F15-NA', 'F71-dev-null@apache.org', 'F123', 'F71-thads@apache.org', 'F3-String', 'F3-String[]', 'F3-JMeterFileFilter'}
     F72   F25  ... F71-sebb@apache.org F71-mstover1@apache.org
1  13325  3497  ...                   1                       0
2  13325  3497  ...                   1                       1
3   7508  1056  ...                   1                       0

[3 rows x 53 columns]
;.;
        F72       F25  ...  F71-sebb@apache.org  F71-mstover1@apache.org
0  1.000000  1.000000  ...                  0.0                      0.0
1  1.000000  1.000000  ...                  0.0                      1.0
2  0.257373  0.261645  ...                  0.0                      0.0

[3 rows x 53 columns]
training_x: (5, 53)
training_y: 5
testset_x: (13, 53)
testset_y: 13
              precision    recall  f1-score   support

           0       0.55      0.86      0.67         7
           1       0.50      0.17      0.25         6

    accuracy                           0.54        13
   macro avg       0.52      0.51      0.46        13
weighted avg       0.52      0.54      0.47        13

accuracy: 0.5384615384615384
0.25
@@@ tn: 6, fp: 1, fn: 5, tp: 1
@@@ LIME - Creating explainer
@@@ LIME - Random Sampling of Instances
iter: 0, sample_no: 6, actual label: 1, predicted: 0
iter: 1, sample_no: 7, actual label: 0, predicted: 0
iter: 2, sample_no: 4, actual label: 0, predicted: 0
iter: 3, sample_no: 9, actual label: 0, predicted: 1
iter: 4, sample_no: 12, actual label: 0, predicted: 0
iter: 5, sample_no: 0, actual label: 1, predicted: 0
iter: 6, sample_no: 9, actual label: 0, predicted: 1
iter: 7, sample_no: 7, actual label: 0, predicted: 0
iter: 8, sample_no: 8, actual label: 1, predicted: 0
iter: 9, sample_no: 8, actual label: 1, predicted: 0
iter: 10, sample_no: 7, actual label: 0, predicted: 0
iter: 11, sample_no: 10, actual label: 1, predicted: 0
iter: 12, sample_no: 12, actual label: 0, predicted: 0
iter: 13, sample_no: 4, actual label: 0, predicted: 0
iter: 14, sample_no: 2, actual label: 0, predicted: 0
iter: 15, sample_no: 11, actual label: 0, predicted: 0
iter: 16, sample_no: 9, actual label: 0, predicted: 1
iter: 17, sample_no: 0, actual label: 1, predicted: 0
iter: 18, sample_no: 10, actual label: 1, predicted: 0
iter: 19, sample_no: 3, actual label: 1, predicted: 1
iter: 20, sample_no: 0, actual label: 1, predicted: 0
iter: 21, sample_no: 8, actual label: 1, predicted: 0
iter: 22, sample_no: 5, actual label: 0, predicted: 0
iter: 23, sample_no: 4, actual label: 0, predicted: 0
iter: 24, sample_no: 5, actual label: 0, predicted: 0
number of samples: 13
AUC 0.3571428571428571
pos_get 6
total recall stop_at 1
@@@ C - Repeat number: 6
@@@ D - common_header:  {'F117', 'F3-StringProperty', 'F3-((ThroughputController)el).getMaxThroughput()', 'F72', 'F3-InterleaveControl.IGNORE_SUB_CONTROLLERS', 'F65', 'F3-TestElementProperty', 'F71-oros@apache.org', 'F3-JMeterTreeNode', 'F3-long', 'F71-alf@apache.org', 'F77', 'F105', 'F120', 'F71-pmouawad@apache.org', 'F3-NA', 'F71-woolfel@apache.org', 'F71-mstover1@apache.org', 'F3-TextMessage', 'F71-mkostrze@apache.org', 'F68', 'F104', 'F71-sebb@apache.org', 'F116', 'F71-jsalvata@apache.org', 'F25', 'F15-protected', 'F110', 'F71-mblankestijn@apache.org', 'F71-seade@apache.org', 'F71-milamber@apache.org', 'F3-boolean', 'F71-jeremy_a@apache.org', 'F15-public', 'category', 'F71-dims@apache.org', 'F3-byte[]', 'F3-int', 'F3-CollectionProperty', 'F126', 'F115', 'F3-Date', 'F3-GenericController', 'F101', 'F22', 'F41', 'F15-private', 'F15-NA', 'F71-dev-null@apache.org', 'F123', 'F71-thads@apache.org', 'F3-String', 'F3-String[]', 'F3-JMeterFileFilter'}
     F72   F25  ... F71-sebb@apache.org F71-mstover1@apache.org
1  13325  3497  ...                   1                       0
2  13325  3497  ...                   1                       1
3   7508  1056  ...                   1                       0

[3 rows x 53 columns]
;.;
        F72       F25  ...  F71-sebb@apache.org  F71-mstover1@apache.org
0  1.000000  1.000000  ...                  0.0                      0.0
1  1.000000  1.000000  ...                  0.0                      1.0
2  0.257373  0.261645  ...                  0.0                      0.0

[3 rows x 53 columns]
training_x: (5, 53)
training_y: 5
testset_x: (13, 53)
testset_y: 13
              precision    recall  f1-score   support

           0       0.55      0.86      0.67         7
           1       0.50      0.17      0.25         6

    accuracy                           0.54        13
   macro avg       0.52      0.51      0.46        13
weighted avg       0.52      0.54      0.47        13

accuracy: 0.5384615384615384
0.25
@@@ tn: 6, fp: 1, fn: 5, tp: 1
@@@ LIME - Creating explainer
@@@ LIME - Random Sampling of Instances
iter: 0, sample_no: 3, actual label: 1, predicted: 1
iter: 1, sample_no: 9, actual label: 0, predicted: 1
iter: 2, sample_no: 2, actual label: 0, predicted: 0
iter: 3, sample_no: 5, actual label: 0, predicted: 0
iter: 4, sample_no: 2, actual label: 0, predicted: 0
iter: 5, sample_no: 2, actual label: 0, predicted: 0
iter: 6, sample_no: 11, actual label: 0, predicted: 0
iter: 7, sample_no: 0, actual label: 1, predicted: 0
iter: 8, sample_no: 6, actual label: 1, predicted: 0
iter: 9, sample_no: 9, actual label: 0, predicted: 1
iter: 10, sample_no: 4, actual label: 0, predicted: 0
iter: 11, sample_no: 4, actual label: 0, predicted: 0
iter: 12, sample_no: 4, actual label: 0, predicted: 0
iter: 13, sample_no: 5, actual label: 0, predicted: 0
iter: 14, sample_no: 8, actual label: 1, predicted: 0
iter: 15, sample_no: 2, actual label: 0, predicted: 0
iter: 16, sample_no: 1, actual label: 1, predicted: 0
iter: 17, sample_no: 12, actual label: 0, predicted: 0
iter: 18, sample_no: 3, actual label: 1, predicted: 1
iter: 19, sample_no: 1, actual label: 1, predicted: 0
iter: 20, sample_no: 9, actual label: 0, predicted: 1
iter: 21, sample_no: 1, actual label: 1, predicted: 0
iter: 22, sample_no: 11, actual label: 0, predicted: 0
iter: 23, sample_no: 5, actual label: 0, predicted: 0
iter: 24, sample_no: 4, actual label: 0, predicted: 0
number of samples: 13
AUC 0.3571428571428571
pos_get 6
total recall stop_at 1
@@@ C - Repeat number: 7
@@@ D - common_header:  {'F117', 'F3-StringProperty', 'F3-((ThroughputController)el).getMaxThroughput()', 'F72', 'F3-InterleaveControl.IGNORE_SUB_CONTROLLERS', 'F65', 'F3-TestElementProperty', 'F71-oros@apache.org', 'F3-JMeterTreeNode', 'F3-long', 'F71-alf@apache.org', 'F77', 'F105', 'F120', 'F71-pmouawad@apache.org', 'F3-NA', 'F71-woolfel@apache.org', 'F71-mstover1@apache.org', 'F3-TextMessage', 'F71-mkostrze@apache.org', 'F68', 'F104', 'F71-sebb@apache.org', 'F116', 'F71-jsalvata@apache.org', 'F25', 'F15-protected', 'F110', 'F71-mblankestijn@apache.org', 'F71-seade@apache.org', 'F71-milamber@apache.org', 'F3-boolean', 'F71-jeremy_a@apache.org', 'F15-public', 'category', 'F71-dims@apache.org', 'F3-byte[]', 'F3-int', 'F3-CollectionProperty', 'F126', 'F115', 'F3-Date', 'F3-GenericController', 'F101', 'F22', 'F41', 'F15-private', 'F15-NA', 'F71-dev-null@apache.org', 'F123', 'F71-thads@apache.org', 'F3-String', 'F3-String[]', 'F3-JMeterFileFilter'}
     F72   F25  ... F71-sebb@apache.org F71-mstover1@apache.org
1  13325  3497  ...                   1                       0
2  13325  3497  ...                   1                       1
3   7508  1056  ...                   1                       0

[3 rows x 53 columns]
;.;
        F72       F25  ...  F71-sebb@apache.org  F71-mstover1@apache.org
0  1.000000  1.000000  ...                  0.0                      0.0
1  1.000000  1.000000  ...                  0.0                      1.0
2  0.257373  0.261645  ...                  0.0                      0.0

[3 rows x 53 columns]
training_x: (5, 53)
training_y: 5
testset_x: (13, 53)
testset_y: 13
              precision    recall  f1-score   support

           0       0.55      0.86      0.67         7
           1       0.50      0.17      0.25         6

    accuracy                           0.54        13
   macro avg       0.52      0.51      0.46        13
weighted avg       0.52      0.54      0.47        13

accuracy: 0.5384615384615384
0.25
@@@ tn: 6, fp: 1, fn: 5, tp: 1
@@@ LIME - Creating explainer
@@@ LIME - Random Sampling of Instances
iter: 0, sample_no: 8, actual label: 1, predicted: 0
iter: 1, sample_no: 6, actual label: 1, predicted: 0
iter: 2, sample_no: 12, actual label: 0, predicted: 0
iter: 3, sample_no: 5, actual label: 0, predicted: 0
iter: 4, sample_no: 7, actual label: 0, predicted: 0
iter: 5, sample_no: 9, actual label: 0, predicted: 1
iter: 6, sample_no: 12, actual label: 0, predicted: 0
iter: 7, sample_no: 9, actual label: 0, predicted: 1
iter: 8, sample_no: 7, actual label: 0, predicted: 0
iter: 9, sample_no: 2, actual label: 0, predicted: 0
iter: 10, sample_no: 8, actual label: 1, predicted: 0
iter: 11, sample_no: 10, actual label: 1, predicted: 0
iter: 12, sample_no: 5, actual label: 0, predicted: 0
iter: 13, sample_no: 12, actual label: 0, predicted: 0
iter: 14, sample_no: 9, actual label: 0, predicted: 1
iter: 15, sample_no: 1, actual label: 1, predicted: 0
iter: 16, sample_no: 11, actual label: 0, predicted: 0
iter: 17, sample_no: 1, actual label: 1, predicted: 0
iter: 18, sample_no: 8, actual label: 1, predicted: 0
iter: 19, sample_no: 1, actual label: 1, predicted: 0
iter: 20, sample_no: 1, actual label: 1, predicted: 0
iter: 21, sample_no: 6, actual label: 1, predicted: 0
iter: 22, sample_no: 1, actual label: 1, predicted: 0
iter: 23, sample_no: 11, actual label: 0, predicted: 0
iter: 24, sample_no: 11, actual label: 0, predicted: 0
number of samples: 13
AUC 0.3571428571428571
pos_get 6
total recall stop_at 1
@@@ C - Repeat number: 8
@@@ D - common_header:  {'F117', 'F3-StringProperty', 'F3-((ThroughputController)el).getMaxThroughput()', 'F72', 'F3-InterleaveControl.IGNORE_SUB_CONTROLLERS', 'F65', 'F3-TestElementProperty', 'F71-oros@apache.org', 'F3-JMeterTreeNode', 'F3-long', 'F71-alf@apache.org', 'F77', 'F105', 'F120', 'F71-pmouawad@apache.org', 'F3-NA', 'F71-woolfel@apache.org', 'F71-mstover1@apache.org', 'F3-TextMessage', 'F71-mkostrze@apache.org', 'F68', 'F104', 'F71-sebb@apache.org', 'F116', 'F71-jsalvata@apache.org', 'F25', 'F15-protected', 'F110', 'F71-mblankestijn@apache.org', 'F71-seade@apache.org', 'F71-milamber@apache.org', 'F3-boolean', 'F71-jeremy_a@apache.org', 'F15-public', 'category', 'F71-dims@apache.org', 'F3-byte[]', 'F3-int', 'F3-CollectionProperty', 'F126', 'F115', 'F3-Date', 'F3-GenericController', 'F101', 'F22', 'F41', 'F15-private', 'F15-NA', 'F71-dev-null@apache.org', 'F123', 'F71-thads@apache.org', 'F3-String', 'F3-String[]', 'F3-JMeterFileFilter'}
     F72   F25  ... F71-sebb@apache.org F71-mstover1@apache.org
1  13325  3497  ...                   1                       0
2  13325  3497  ...                   1                       1
3   7508  1056  ...                   1                       0

[3 rows x 53 columns]
;.;
        F72       F25  ...  F71-sebb@apache.org  F71-mstover1@apache.org
0  1.000000  1.000000  ...                  0.0                      0.0
1  1.000000  1.000000  ...                  0.0                      1.0
2  0.257373  0.261645  ...                  0.0                      0.0

[3 rows x 53 columns]
training_x: (5, 53)
training_y: 5
testset_x: (13, 53)
testset_y: 13
              precision    recall  f1-score   support

           0       0.55      0.86      0.67         7
           1       0.50      0.17      0.25         6

    accuracy                           0.54        13
   macro avg       0.52      0.51      0.46        13
weighted avg       0.52      0.54      0.47        13

accuracy: 0.5384615384615384
0.25
@@@ tn: 6, fp: 1, fn: 5, tp: 1
@@@ LIME - Creating explainer
@@@ LIME - Random Sampling of Instances
iter: 0, sample_no: 0, actual label: 1, predicted: 0
iter: 1, sample_no: 3, actual label: 1, predicted: 1
iter: 2, sample_no: 5, actual label: 0, predicted: 0
iter: 3, sample_no: 8, actual label: 1, predicted: 0
iter: 4, sample_no: 7, actual label: 0, predicted: 0
iter: 5, sample_no: 11, actual label: 0, predicted: 0
iter: 6, sample_no: 4, actual label: 0, predicted: 0
iter: 7, sample_no: 6, actual label: 1, predicted: 0
iter: 8, sample_no: 8, actual label: 1, predicted: 0
iter: 9, sample_no: 4, actual label: 0, predicted: 0
iter: 10, sample_no: 6, actual label: 1, predicted: 0
iter: 11, sample_no: 11, actual label: 0, predicted: 0
iter: 12, sample_no: 4, actual label: 0, predicted: 0
iter: 13, sample_no: 10, actual label: 1, predicted: 0
iter: 14, sample_no: 5, actual label: 0, predicted: 0
iter: 15, sample_no: 10, actual label: 1, predicted: 0
iter: 16, sample_no: 0, actual label: 1, predicted: 0
iter: 17, sample_no: 1, actual label: 1, predicted: 0
iter: 18, sample_no: 9, actual label: 0, predicted: 1
iter: 19, sample_no: 1, actual label: 1, predicted: 0
iter: 20, sample_no: 10, actual label: 1, predicted: 0
iter: 21, sample_no: 9, actual label: 0, predicted: 1
iter: 22, sample_no: 12, actual label: 0, predicted: 0
iter: 23, sample_no: 5, actual label: 0, predicted: 0
iter: 24, sample_no: 9, actual label: 0, predicted: 1
number of samples: 13
AUC 0.3571428571428571
pos_get 6
total recall stop_at 1
@@@ C - Repeat number: 9
@@@ D - common_header:  {'F117', 'F3-StringProperty', 'F3-((ThroughputController)el).getMaxThroughput()', 'F72', 'F3-InterleaveControl.IGNORE_SUB_CONTROLLERS', 'F65', 'F3-TestElementProperty', 'F71-oros@apache.org', 'F3-JMeterTreeNode', 'F3-long', 'F71-alf@apache.org', 'F77', 'F105', 'F120', 'F71-pmouawad@apache.org', 'F3-NA', 'F71-woolfel@apache.org', 'F71-mstover1@apache.org', 'F3-TextMessage', 'F71-mkostrze@apache.org', 'F68', 'F104', 'F71-sebb@apache.org', 'F116', 'F71-jsalvata@apache.org', 'F25', 'F15-protected', 'F110', 'F71-mblankestijn@apache.org', 'F71-seade@apache.org', 'F71-milamber@apache.org', 'F3-boolean', 'F71-jeremy_a@apache.org', 'F15-public', 'category', 'F71-dims@apache.org', 'F3-byte[]', 'F3-int', 'F3-CollectionProperty', 'F126', 'F115', 'F3-Date', 'F3-GenericController', 'F101', 'F22', 'F41', 'F15-private', 'F15-NA', 'F71-dev-null@apache.org', 'F123', 'F71-thads@apache.org', 'F3-String', 'F3-String[]', 'F3-JMeterFileFilter'}
     F72   F25  ... F71-sebb@apache.org F71-mstover1@apache.org
1  13325  3497  ...                   1                       0
2  13325  3497  ...                   1                       1
3   7508  1056  ...                   1                       0

[3 rows x 53 columns]
;.;
        F72       F25  ...  F71-sebb@apache.org  F71-mstover1@apache.org
0  1.000000  1.000000  ...                  0.0                      0.0
1  1.000000  1.000000  ...                  0.0                      1.0
2  0.257373  0.261645  ...                  0.0                      0.0

[3 rows x 53 columns]
training_x: (5, 53)
training_y: 5
testset_x: (13, 53)
testset_y: 13
              precision    recall  f1-score   support

           0       0.55      0.86      0.67         7
           1       0.50      0.17      0.25         6

    accuracy                           0.54        13
   macro avg       0.52      0.51      0.46        13
weighted avg       0.52      0.54      0.47        13

accuracy: 0.5384615384615384
0.25
@@@ tn: 6, fp: 1, fn: 5, tp: 1
@@@ LIME - Creating explainer
@@@ LIME - Random Sampling of Instances
iter: 0, sample_no: 9, actual label: 0, predicted: 1
iter: 1, sample_no: 7, actual label: 0, predicted: 0
iter: 2, sample_no: 9, actual label: 0, predicted: 1
iter: 3, sample_no: 6, actual label: 1, predicted: 0
iter: 4, sample_no: 5, actual label: 0, predicted: 0
iter: 5, sample_no: 12, actual label: 0, predicted: 0
iter: 6, sample_no: 9, actual label: 0, predicted: 1
iter: 7, sample_no: 11, actual label: 0, predicted: 0
iter: 8, sample_no: 6, actual label: 1, predicted: 0
iter: 9, sample_no: 4, actual label: 0, predicted: 0
iter: 10, sample_no: 1, actual label: 1, predicted: 0
iter: 11, sample_no: 3, actual label: 1, predicted: 1
iter: 12, sample_no: 6, actual label: 1, predicted: 0
iter: 13, sample_no: 7, actual label: 0, predicted: 0
iter: 14, sample_no: 3, actual label: 1, predicted: 1
iter: 15, sample_no: 6, actual label: 1, predicted: 0
iter: 16, sample_no: 11, actual label: 0, predicted: 0
iter: 17, sample_no: 9, actual label: 0, predicted: 1
iter: 18, sample_no: 11, actual label: 0, predicted: 0
iter: 19, sample_no: 6, actual label: 1, predicted: 0
iter: 20, sample_no: 8, actual label: 1, predicted: 0
iter: 21, sample_no: 8, actual label: 1, predicted: 0
iter: 22, sample_no: 6, actual label: 1, predicted: 0
iter: 23, sample_no: 11, actual label: 0, predicted: 0
iter: 24, sample_no: 1, actual label: 1, predicted: 0
number of samples: 13
AUC 0.3571428571428571
pos_get 6
total recall stop_at 1
@@@ C - Repeat number: 10
@@@ D - common_header:  {'F117', 'F3-StringProperty', 'F3-((ThroughputController)el).getMaxThroughput()', 'F72', 'F3-InterleaveControl.IGNORE_SUB_CONTROLLERS', 'F65', 'F3-TestElementProperty', 'F71-oros@apache.org', 'F3-JMeterTreeNode', 'F3-long', 'F71-alf@apache.org', 'F77', 'F105', 'F120', 'F71-pmouawad@apache.org', 'F3-NA', 'F71-woolfel@apache.org', 'F71-mstover1@apache.org', 'F3-TextMessage', 'F71-mkostrze@apache.org', 'F68', 'F104', 'F71-sebb@apache.org', 'F116', 'F71-jsalvata@apache.org', 'F25', 'F15-protected', 'F110', 'F71-mblankestijn@apache.org', 'F71-seade@apache.org', 'F71-milamber@apache.org', 'F3-boolean', 'F71-jeremy_a@apache.org', 'F15-public', 'category', 'F71-dims@apache.org', 'F3-byte[]', 'F3-int', 'F3-CollectionProperty', 'F126', 'F115', 'F3-Date', 'F3-GenericController', 'F101', 'F22', 'F41', 'F15-private', 'F15-NA', 'F71-dev-null@apache.org', 'F123', 'F71-thads@apache.org', 'F3-String', 'F3-String[]', 'F3-JMeterFileFilter'}
     F72   F25  ... F71-sebb@apache.org F71-mstover1@apache.org
1  13325  3497  ...                   1                       0
2  13325  3497  ...                   1                       1
3   7508  1056  ...                   1                       0

[3 rows x 53 columns]
;.;
        F72       F25  ...  F71-sebb@apache.org  F71-mstover1@apache.org
0  1.000000  1.000000  ...                  0.0                      0.0
1  1.000000  1.000000  ...                  0.0                      1.0
2  0.257373  0.261645  ...                  0.0                      0.0

[3 rows x 53 columns]
training_x: (5, 53)
training_y: 5
testset_x: (13, 53)
testset_y: 13
              precision    recall  f1-score   support

           0       0.55      0.86      0.67         7
           1       0.50      0.17      0.25         6

    accuracy                           0.54        13
   macro avg       0.52      0.51      0.46        13
weighted avg       0.52      0.54      0.47        13

accuracy: 0.5384615384615384
0.25
@@@ tn: 6, fp: 1, fn: 5, tp: 1
@@@ LIME - Creating explainer
@@@ LIME - Random Sampling of Instances
iter: 0, sample_no: 12, actual label: 0, predicted: 0
iter: 1, sample_no: 9, actual label: 0, predicted: 1
iter: 2, sample_no: 8, actual label: 1, predicted: 0
iter: 3, sample_no: 7, actual label: 0, predicted: 0
iter: 4, sample_no: 0, actual label: 1, predicted: 0
iter: 5, sample_no: 4, actual label: 0, predicted: 0
iter: 6, sample_no: 12, actual label: 0, predicted: 0
iter: 7, sample_no: 2, actual label: 0, predicted: 0
iter: 8, sample_no: 10, actual label: 1, predicted: 0
iter: 9, sample_no: 6, actual label: 1, predicted: 0
iter: 10, sample_no: 10, actual label: 1, predicted: 0
iter: 11, sample_no: 10, actual label: 1, predicted: 0
iter: 12, sample_no: 6, actual label: 1, predicted: 0
iter: 13, sample_no: 5, actual label: 0, predicted: 0
iter: 14, sample_no: 7, actual label: 0, predicted: 0
iter: 15, sample_no: 8, actual label: 1, predicted: 0
iter: 16, sample_no: 7, actual label: 0, predicted: 0
iter: 17, sample_no: 12, actual label: 0, predicted: 0
iter: 18, sample_no: 9, actual label: 0, predicted: 1
iter: 19, sample_no: 4, actual label: 0, predicted: 0
iter: 20, sample_no: 9, actual label: 0, predicted: 1
iter: 21, sample_no: 2, actual label: 0, predicted: 0
iter: 22, sample_no: 12, actual label: 0, predicted: 0
iter: 23, sample_no: 2, actual label: 0, predicted: 0
iter: 24, sample_no: 8, actual label: 1, predicted: 0
number of samples: 13
AUC 0.3571428571428571
pos_get 6
total recall stop_at 1
----------threshold stop at----------: 1
AUC [0.3571428571428571, 0.3571428571428571, 0.3571428571428571, 0.3571428571428571, 0.3571428571428571, 0.3571428571428571, 0.3571428571428571, 0.3571428571428571, 0.3571428571428571, 0.3571428571428571]
AUC_median 0.3571428571428571
AUC_iqr 0.0
cost [1, 1, 1, 1, 1, 1, 1, 1, 1, 1]
COST_med 1.0
COST_iqr 0.0
f1_pos_list [np.float64(0.25), np.float64(0.25), np.float64(0.25), np.float64(0.25), np.float64(0.25), np.float64(0.25), np.float64(0.25), np.float64(0.25), np.float64(0.25), np.float64(0.25)]
f1_pos_med 0.25
total_tn 60
total_fp 10
total_fn 50
total_tp 10
p= 0.5
r= 0.16666666666666666
f= 0.25
