@@@ A - classifier: SVC(class_weight='balanced', kernel='linear', probability=True)
@@@ B - threshold stop at: 1
@@@ C - Repeat number: 1
@@@ D - common_header:  {'F3-TransactionController', 'F71-bpendleton@apache.org', 'F105', 'F3-boolean', 'F15-public', 'F3-int', 'F3-SQLException', 'F71-bakksjo@apache.org', 'F15-NA', 'F123', 'F3-char', 'F120', 'F110', 'F104', 'F115', 'F71-djd@apache.org', 'F117', 'F71-dag@apache.org', 'F65', 'F71-kahatlen@apache.org', 'F3-Integer', 'F71-suresht@apache.org', 'F3-byte[]', 'F71-mamta@apache.org', 'F71-lilywei@apache.org', 'F41', 'F3-Long', 'F71-kmarsden@apache.org', 'F71-oysteing@apache.org', 'F71-mikem@apache.org', 'F3-NA', 'F3-QualifiedIdentifier', 'F25', 'F22', 'F3-InputStream', 'F3-PrintWriter', 'F15-private', 'F71-rhillegas@apache.org', 'F68', 'F71-davidvc@apache.org', 'F71-dyre@apache.org', 'F3-int[]', 'F71-bandaram@apache.org', 'F116', 'F71-kristwaa@apache.org', 'F3-long', 'F71-fuzzylogic@apache.org', 'F71-coar@apache.org', 'F71-myrnavl@apache.org', 'F3-null', 'F126', 'F72', 'F101', 'F77', 'F3-String', 'F71-bernt@apache.org', 'category', 'F15-protected', 'F3-ResultSet', 'F3-Connection', 'F3-PrintStream'}
    F72   F25  ... F71-bpendleton@apache.org F71-coar@apache.org
1  3644  2104  ...                         0                   0
2  3346  1938  ...                         0                   0
3  3346  1938  ...                         0                   0

[3 rows x 60 columns]
;.;
        F72       F25  ...  F71-bpendleton@apache.org  F71-coar@apache.org
0  0.416807  0.597897  ...                        0.0                  0.0
1  0.378101  0.550725  ...                        0.0                  0.0
2  0.378101  0.550725  ...                        0.0                  0.0

[3 rows x 60 columns]
training_x: (2479, 60)
training_y: 2479
testset_x: (98, 60)
testset_y: 98
              precision    recall  f1-score   support

           0       0.99      1.00      0.99        82
           1       1.00      0.94      0.97        16

    accuracy                           0.99        98
   macro avg       0.99      0.97      0.98        98
weighted avg       0.99      0.99      0.99        98

accuracy: 0.9897959183673469
0.967741935483871
@@@ tn: 82, fp: 0, fn: 1, tp: 15
@@@ LIME - Creating explainer
@@@ LIME - Random Sampling of Instances
iter: 0, sample_no: 64, actual label: 0, predicted: 0
iter: 1, sample_no: 1, actual label: 0, predicted: 0
iter: 2, sample_no: 60, actual label: 0, predicted: 0
iter: 3, sample_no: 5, actual label: 1, predicted: 1
iter: 4, sample_no: 68, actual label: 0, predicted: 0
iter: 5, sample_no: 38, actual label: 0, predicted: 0
iter: 6, sample_no: 86, actual label: 0, predicted: 0
iter: 7, sample_no: 41, actual label: 0, predicted: 0
iter: 8, sample_no: 38, actual label: 0, predicted: 0
iter: 9, sample_no: 48, actual label: 1, predicted: 1
iter: 10, sample_no: 94, actual label: 0, predicted: 0
iter: 11, sample_no: 64, actual label: 0, predicted: 0
iter: 12, sample_no: 5, actual label: 1, predicted: 1
iter: 13, sample_no: 7, actual label: 1, predicted: 1
iter: 14, sample_no: 20, actual label: 0, predicted: 0
iter: 15, sample_no: 17, actual label: 1, predicted: 1
iter: 16, sample_no: 23, actual label: 0, predicted: 0
iter: 17, sample_no: 40, actual label: 0, predicted: 0
iter: 18, sample_no: 9, actual label: 0, predicted: 0
iter: 19, sample_no: 79, actual label: 0, predicted: 0
iter: 20, sample_no: 25, actual label: 0, predicted: 0
iter: 21, sample_no: 5, actual label: 1, predicted: 1
iter: 22, sample_no: 30, actual label: 0, predicted: 0
iter: 23, sample_no: 61, actual label: 0, predicted: 0
iter: 24, sample_no: 16, actual label: 0, predicted: 0
number of samples: 98
AUC 0.9733231707317074
pos_get 16
total recall stop_at 1.0
@@@ C - Repeat number: 2
@@@ D - common_header:  {'F3-TransactionController', 'F71-bpendleton@apache.org', 'F105', 'F3-boolean', 'F15-public', 'F3-int', 'F3-SQLException', 'F71-bakksjo@apache.org', 'F15-NA', 'F123', 'F3-char', 'F120', 'F110', 'F104', 'F115', 'F71-djd@apache.org', 'F117', 'F71-dag@apache.org', 'F65', 'F71-kahatlen@apache.org', 'F3-Integer', 'F71-suresht@apache.org', 'F3-byte[]', 'F71-mamta@apache.org', 'F71-lilywei@apache.org', 'F41', 'F3-Long', 'F71-kmarsden@apache.org', 'F71-oysteing@apache.org', 'F71-mikem@apache.org', 'F3-NA', 'F3-QualifiedIdentifier', 'F25', 'F22', 'F3-InputStream', 'F3-PrintWriter', 'F15-private', 'F71-rhillegas@apache.org', 'F68', 'F71-davidvc@apache.org', 'F71-dyre@apache.org', 'F3-int[]', 'F71-bandaram@apache.org', 'F116', 'F71-kristwaa@apache.org', 'F3-long', 'F71-fuzzylogic@apache.org', 'F71-coar@apache.org', 'F71-myrnavl@apache.org', 'F3-null', 'F126', 'F72', 'F101', 'F77', 'F3-String', 'F71-bernt@apache.org', 'category', 'F15-protected', 'F3-ResultSet', 'F3-Connection', 'F3-PrintStream'}
    F72   F25  ... F71-bpendleton@apache.org F71-coar@apache.org
1  3644  2104  ...                         0                   0
2  3346  1938  ...                         0                   0
3  3346  1938  ...                         0                   0

[3 rows x 60 columns]
;.;
        F72       F25  ...  F71-bpendleton@apache.org  F71-coar@apache.org
0  0.416807  0.597897  ...                        0.0                  0.0
1  0.378101  0.550725  ...                        0.0                  0.0
2  0.378101  0.550725  ...                        0.0                  0.0

[3 rows x 60 columns]
training_x: (2479, 60)
training_y: 2479
testset_x: (98, 60)
testset_y: 98
              precision    recall  f1-score   support

           0       0.99      1.00      0.99        82
           1       1.00      0.94      0.97        16

    accuracy                           0.99        98
   macro avg       0.99      0.97      0.98        98
weighted avg       0.99      0.99      0.99        98

accuracy: 0.9897959183673469
0.967741935483871
@@@ tn: 82, fp: 0, fn: 1, tp: 15
@@@ LIME - Creating explainer
@@@ LIME - Random Sampling of Instances
iter: 0, sample_no: 35, actual label: 0, predicted: 0
iter: 1, sample_no: 6, actual label: 1, predicted: 1
iter: 2, sample_no: 51, actual label: 0, predicted: 0
iter: 3, sample_no: 91, actual label: 1, predicted: 1
iter: 4, sample_no: 58, actual label: 0, predicted: 0
iter: 5, sample_no: 68, actual label: 0, predicted: 0
iter: 6, sample_no: 17, actual label: 1, predicted: 1
iter: 7, sample_no: 92, actual label: 0, predicted: 0
iter: 8, sample_no: 51, actual label: 0, predicted: 0
iter: 9, sample_no: 21, actual label: 0, predicted: 0
iter: 10, sample_no: 34, actual label: 0, predicted: 0
iter: 11, sample_no: 17, actual label: 1, predicted: 1
iter: 12, sample_no: 21, actual label: 0, predicted: 0
iter: 13, sample_no: 56, actual label: 0, predicted: 0
iter: 14, sample_no: 46, actual label: 0, predicted: 0
iter: 15, sample_no: 4, actual label: 0, predicted: 0
iter: 16, sample_no: 50, actual label: 0, predicted: 0
iter: 17, sample_no: 37, actual label: 0, predicted: 0
iter: 18, sample_no: 20, actual label: 0, predicted: 0
iter: 19, sample_no: 9, actual label: 0, predicted: 0
iter: 20, sample_no: 6, actual label: 1, predicted: 1
iter: 21, sample_no: 57, actual label: 0, predicted: 0
iter: 22, sample_no: 25, actual label: 0, predicted: 0
iter: 23, sample_no: 76, actual label: 0, predicted: 0
iter: 24, sample_no: 12, actual label: 0, predicted: 0
number of samples: 98
AUC 0.9733231707317074
pos_get 16
total recall stop_at 1.0
@@@ C - Repeat number: 3
@@@ D - common_header:  {'F3-TransactionController', 'F71-bpendleton@apache.org', 'F105', 'F3-boolean', 'F15-public', 'F3-int', 'F3-SQLException', 'F71-bakksjo@apache.org', 'F15-NA', 'F123', 'F3-char', 'F120', 'F110', 'F104', 'F115', 'F71-djd@apache.org', 'F117', 'F71-dag@apache.org', 'F65', 'F71-kahatlen@apache.org', 'F3-Integer', 'F71-suresht@apache.org', 'F3-byte[]', 'F71-mamta@apache.org', 'F71-lilywei@apache.org', 'F41', 'F3-Long', 'F71-kmarsden@apache.org', 'F71-oysteing@apache.org', 'F71-mikem@apache.org', 'F3-NA', 'F3-QualifiedIdentifier', 'F25', 'F22', 'F3-InputStream', 'F3-PrintWriter', 'F15-private', 'F71-rhillegas@apache.org', 'F68', 'F71-davidvc@apache.org', 'F71-dyre@apache.org', 'F3-int[]', 'F71-bandaram@apache.org', 'F116', 'F71-kristwaa@apache.org', 'F3-long', 'F71-fuzzylogic@apache.org', 'F71-coar@apache.org', 'F71-myrnavl@apache.org', 'F3-null', 'F126', 'F72', 'F101', 'F77', 'F3-String', 'F71-bernt@apache.org', 'category', 'F15-protected', 'F3-ResultSet', 'F3-Connection', 'F3-PrintStream'}
    F72   F25  ... F71-bpendleton@apache.org F71-coar@apache.org
1  3644  2104  ...                         0                   0
2  3346  1938  ...                         0                   0
3  3346  1938  ...                         0                   0

[3 rows x 60 columns]
;.;
        F72       F25  ...  F71-bpendleton@apache.org  F71-coar@apache.org
0  0.416807  0.597897  ...                        0.0                  0.0
1  0.378101  0.550725  ...                        0.0                  0.0
2  0.378101  0.550725  ...                        0.0                  0.0

[3 rows x 60 columns]
training_x: (2479, 60)
training_y: 2479
testset_x: (98, 60)
testset_y: 98
              precision    recall  f1-score   support

           0       0.99      1.00      0.99        82
           1       1.00      0.94      0.97        16

    accuracy                           0.99        98
   macro avg       0.99      0.97      0.98        98
weighted avg       0.99      0.99      0.99        98

accuracy: 0.9897959183673469
0.967741935483871
@@@ tn: 82, fp: 0, fn: 1, tp: 15
@@@ LIME - Creating explainer
@@@ LIME - Random Sampling of Instances
iter: 0, sample_no: 30, actual label: 0, predicted: 0
iter: 1, sample_no: 59, actual label: 0, predicted: 0
iter: 2, sample_no: 65, actual label: 0, predicted: 0
iter: 3, sample_no: 4, actual label: 0, predicted: 0
iter: 4, sample_no: 94, actual label: 0, predicted: 0
iter: 5, sample_no: 42, actual label: 0, predicted: 0
iter: 6, sample_no: 9, actual label: 0, predicted: 0
iter: 7, sample_no: 2, actual label: 0, predicted: 0
iter: 8, sample_no: 11, actual label: 0, predicted: 0
iter: 9, sample_no: 46, actual label: 0, predicted: 0
iter: 10, sample_no: 87, actual label: 0, predicted: 0
iter: 11, sample_no: 35, actual label: 0, predicted: 0
iter: 12, sample_no: 50, actual label: 0, predicted: 0
iter: 13, sample_no: 38, actual label: 0, predicted: 0
iter: 14, sample_no: 53, actual label: 0, predicted: 0
iter: 15, sample_no: 64, actual label: 0, predicted: 0
iter: 16, sample_no: 55, actual label: 0, predicted: 0
iter: 17, sample_no: 58, actual label: 0, predicted: 0
iter: 18, sample_no: 82, actual label: 0, predicted: 0
iter: 19, sample_no: 57, actual label: 0, predicted: 0
iter: 20, sample_no: 27, actual label: 0, predicted: 0
iter: 21, sample_no: 90, actual label: 0, predicted: 0
iter: 22, sample_no: 60, actual label: 0, predicted: 0
iter: 23, sample_no: 42, actual label: 0, predicted: 0
iter: 24, sample_no: 51, actual label: 0, predicted: 0
number of samples: 98
AUC 0.9733231707317074
pos_get 16
total recall stop_at 1.0
@@@ C - Repeat number: 4
@@@ D - common_header:  {'F3-TransactionController', 'F71-bpendleton@apache.org', 'F105', 'F3-boolean', 'F15-public', 'F3-int', 'F3-SQLException', 'F71-bakksjo@apache.org', 'F15-NA', 'F123', 'F3-char', 'F120', 'F110', 'F104', 'F115', 'F71-djd@apache.org', 'F117', 'F71-dag@apache.org', 'F65', 'F71-kahatlen@apache.org', 'F3-Integer', 'F71-suresht@apache.org', 'F3-byte[]', 'F71-mamta@apache.org', 'F71-lilywei@apache.org', 'F41', 'F3-Long', 'F71-kmarsden@apache.org', 'F71-oysteing@apache.org', 'F71-mikem@apache.org', 'F3-NA', 'F3-QualifiedIdentifier', 'F25', 'F22', 'F3-InputStream', 'F3-PrintWriter', 'F15-private', 'F71-rhillegas@apache.org', 'F68', 'F71-davidvc@apache.org', 'F71-dyre@apache.org', 'F3-int[]', 'F71-bandaram@apache.org', 'F116', 'F71-kristwaa@apache.org', 'F3-long', 'F71-fuzzylogic@apache.org', 'F71-coar@apache.org', 'F71-myrnavl@apache.org', 'F3-null', 'F126', 'F72', 'F101', 'F77', 'F3-String', 'F71-bernt@apache.org', 'category', 'F15-protected', 'F3-ResultSet', 'F3-Connection', 'F3-PrintStream'}
    F72   F25  ... F71-bpendleton@apache.org F71-coar@apache.org
1  3644  2104  ...                         0                   0
2  3346  1938  ...                         0                   0
3  3346  1938  ...                         0                   0

[3 rows x 60 columns]
;.;
        F72       F25  ...  F71-bpendleton@apache.org  F71-coar@apache.org
0  0.416807  0.597897  ...                        0.0                  0.0
1  0.378101  0.550725  ...                        0.0                  0.0
2  0.378101  0.550725  ...                        0.0                  0.0

[3 rows x 60 columns]
training_x: (2479, 60)
training_y: 2479
testset_x: (98, 60)
testset_y: 98
              precision    recall  f1-score   support

           0       0.99      1.00      0.99        82
           1       1.00      0.94      0.97        16

    accuracy                           0.99        98
   macro avg       0.99      0.97      0.98        98
weighted avg       0.99      0.99      0.99        98

accuracy: 0.9897959183673469
0.967741935483871
@@@ tn: 82, fp: 0, fn: 1, tp: 15
@@@ LIME - Creating explainer
@@@ LIME - Random Sampling of Instances
iter: 0, sample_no: 69, actual label: 0, predicted: 0
iter: 1, sample_no: 25, actual label: 0, predicted: 0
iter: 2, sample_no: 48, actual label: 1, predicted: 1
iter: 3, sample_no: 68, actual label: 0, predicted: 0
iter: 4, sample_no: 34, actual label: 0, predicted: 0
iter: 5, sample_no: 85, actual label: 0, predicted: 0
iter: 6, sample_no: 43, actual label: 1, predicted: 1
iter: 7, sample_no: 33, actual label: 0, predicted: 0
iter: 8, sample_no: 75, actual label: 0, predicted: 0
iter: 9, sample_no: 65, actual label: 0, predicted: 0
iter: 10, sample_no: 92, actual label: 0, predicted: 0
iter: 11, sample_no: 61, actual label: 0, predicted: 0
iter: 12, sample_no: 52, actual label: 0, predicted: 0
iter: 13, sample_no: 10, actual label: 0, predicted: 0
iter: 14, sample_no: 9, actual label: 0, predicted: 0
iter: 15, sample_no: 78, actual label: 0, predicted: 0
iter: 16, sample_no: 53, actual label: 0, predicted: 0
iter: 17, sample_no: 83, actual label: 1, predicted: 1
iter: 18, sample_no: 21, actual label: 0, predicted: 0
iter: 19, sample_no: 40, actual label: 0, predicted: 0
iter: 20, sample_no: 69, actual label: 0, predicted: 0
iter: 21, sample_no: 15, actual label: 0, predicted: 0
iter: 22, sample_no: 59, actual label: 0, predicted: 0
iter: 23, sample_no: 54, actual label: 0, predicted: 0
iter: 24, sample_no: 61, actual label: 0, predicted: 0
number of samples: 98
AUC 0.9733231707317074
pos_get 16
total recall stop_at 1.0
@@@ C - Repeat number: 5
@@@ D - common_header:  {'F3-TransactionController', 'F71-bpendleton@apache.org', 'F105', 'F3-boolean', 'F15-public', 'F3-int', 'F3-SQLException', 'F71-bakksjo@apache.org', 'F15-NA', 'F123', 'F3-char', 'F120', 'F110', 'F104', 'F115', 'F71-djd@apache.org', 'F117', 'F71-dag@apache.org', 'F65', 'F71-kahatlen@apache.org', 'F3-Integer', 'F71-suresht@apache.org', 'F3-byte[]', 'F71-mamta@apache.org', 'F71-lilywei@apache.org', 'F41', 'F3-Long', 'F71-kmarsden@apache.org', 'F71-oysteing@apache.org', 'F71-mikem@apache.org', 'F3-NA', 'F3-QualifiedIdentifier', 'F25', 'F22', 'F3-InputStream', 'F3-PrintWriter', 'F15-private', 'F71-rhillegas@apache.org', 'F68', 'F71-davidvc@apache.org', 'F71-dyre@apache.org', 'F3-int[]', 'F71-bandaram@apache.org', 'F116', 'F71-kristwaa@apache.org', 'F3-long', 'F71-fuzzylogic@apache.org', 'F71-coar@apache.org', 'F71-myrnavl@apache.org', 'F3-null', 'F126', 'F72', 'F101', 'F77', 'F3-String', 'F71-bernt@apache.org', 'category', 'F15-protected', 'F3-ResultSet', 'F3-Connection', 'F3-PrintStream'}
    F72   F25  ... F71-bpendleton@apache.org F71-coar@apache.org
1  3644  2104  ...                         0                   0
2  3346  1938  ...                         0                   0
3  3346  1938  ...                         0                   0

[3 rows x 60 columns]
;.;
        F72       F25  ...  F71-bpendleton@apache.org  F71-coar@apache.org
0  0.416807  0.597897  ...                        0.0                  0.0
1  0.378101  0.550725  ...                        0.0                  0.0
2  0.378101  0.550725  ...                        0.0                  0.0

[3 rows x 60 columns]
training_x: (2479, 60)
training_y: 2479
testset_x: (98, 60)
testset_y: 98
              precision    recall  f1-score   support

           0       0.99      1.00      0.99        82
           1       1.00      0.94      0.97        16

    accuracy                           0.99        98
   macro avg       0.99      0.97      0.98        98
weighted avg       0.99      0.99      0.99        98

accuracy: 0.9897959183673469
0.967741935483871
@@@ tn: 82, fp: 0, fn: 1, tp: 15
@@@ LIME - Creating explainer
@@@ LIME - Random Sampling of Instances
iter: 0, sample_no: 6, actual label: 1, predicted: 1
iter: 1, sample_no: 44, actual label: 1, predicted: 1
iter: 2, sample_no: 34, actual label: 0, predicted: 0
iter: 3, sample_no: 85, actual label: 0, predicted: 0
iter: 4, sample_no: 35, actual label: 0, predicted: 0
iter: 5, sample_no: 6, actual label: 1, predicted: 1
iter: 6, sample_no: 64, actual label: 0, predicted: 0
iter: 7, sample_no: 29, actual label: 0, predicted: 0
iter: 8, sample_no: 66, actual label: 0, predicted: 0
iter: 9, sample_no: 70, actual label: 0, predicted: 0
iter: 10, sample_no: 84, actual label: 0, predicted: 0
iter: 11, sample_no: 73, actual label: 0, predicted: 0
iter: 12, sample_no: 60, actual label: 0, predicted: 0
iter: 13, sample_no: 85, actual label: 0, predicted: 0
iter: 14, sample_no: 40, actual label: 0, predicted: 0
iter: 15, sample_no: 47, actual label: 1, predicted: 1
iter: 16, sample_no: 20, actual label: 0, predicted: 0
iter: 17, sample_no: 34, actual label: 0, predicted: 0
iter: 18, sample_no: 14, actual label: 0, predicted: 0
iter: 19, sample_no: 82, actual label: 0, predicted: 0
iter: 20, sample_no: 8, actual label: 1, predicted: 1
iter: 21, sample_no: 2, actual label: 0, predicted: 0
iter: 22, sample_no: 20, actual label: 0, predicted: 0
iter: 23, sample_no: 76, actual label: 0, predicted: 0
iter: 24, sample_no: 20, actual label: 0, predicted: 0
number of samples: 98
AUC 0.9733231707317074
pos_get 16
total recall stop_at 1.0
@@@ C - Repeat number: 6
@@@ D - common_header:  {'F3-TransactionController', 'F71-bpendleton@apache.org', 'F105', 'F3-boolean', 'F15-public', 'F3-int', 'F3-SQLException', 'F71-bakksjo@apache.org', 'F15-NA', 'F123', 'F3-char', 'F120', 'F110', 'F104', 'F115', 'F71-djd@apache.org', 'F117', 'F71-dag@apache.org', 'F65', 'F71-kahatlen@apache.org', 'F3-Integer', 'F71-suresht@apache.org', 'F3-byte[]', 'F71-mamta@apache.org', 'F71-lilywei@apache.org', 'F41', 'F3-Long', 'F71-kmarsden@apache.org', 'F71-oysteing@apache.org', 'F71-mikem@apache.org', 'F3-NA', 'F3-QualifiedIdentifier', 'F25', 'F22', 'F3-InputStream', 'F3-PrintWriter', 'F15-private', 'F71-rhillegas@apache.org', 'F68', 'F71-davidvc@apache.org', 'F71-dyre@apache.org', 'F3-int[]', 'F71-bandaram@apache.org', 'F116', 'F71-kristwaa@apache.org', 'F3-long', 'F71-fuzzylogic@apache.org', 'F71-coar@apache.org', 'F71-myrnavl@apache.org', 'F3-null', 'F126', 'F72', 'F101', 'F77', 'F3-String', 'F71-bernt@apache.org', 'category', 'F15-protected', 'F3-ResultSet', 'F3-Connection', 'F3-PrintStream'}
    F72   F25  ... F71-bpendleton@apache.org F71-coar@apache.org
1  3644  2104  ...                         0                   0
2  3346  1938  ...                         0                   0
3  3346  1938  ...                         0                   0

[3 rows x 60 columns]
;.;
        F72       F25  ...  F71-bpendleton@apache.org  F71-coar@apache.org
0  0.416807  0.597897  ...                        0.0                  0.0
1  0.378101  0.550725  ...                        0.0                  0.0
2  0.378101  0.550725  ...                        0.0                  0.0

[3 rows x 60 columns]
training_x: (2479, 60)
training_y: 2479
testset_x: (98, 60)
testset_y: 98
              precision    recall  f1-score   support

           0       0.99      1.00      0.99        82
           1       1.00      0.94      0.97        16

    accuracy                           0.99        98
   macro avg       0.99      0.97      0.98        98
weighted avg       0.99      0.99      0.99        98

accuracy: 0.9897959183673469
0.967741935483871
@@@ tn: 82, fp: 0, fn: 1, tp: 15
@@@ LIME - Creating explainer
@@@ LIME - Random Sampling of Instances
iter: 0, sample_no: 51, actual label: 0, predicted: 0
iter: 1, sample_no: 78, actual label: 0, predicted: 0
iter: 2, sample_no: 65, actual label: 0, predicted: 0
iter: 3, sample_no: 6, actual label: 1, predicted: 1
iter: 4, sample_no: 9, actual label: 0, predicted: 0
iter: 5, sample_no: 46, actual label: 0, predicted: 0
iter: 6, sample_no: 48, actual label: 1, predicted: 1
iter: 7, sample_no: 1, actual label: 0, predicted: 0
iter: 8, sample_no: 86, actual label: 0, predicted: 0
iter: 9, sample_no: 88, actual label: 0, predicted: 0
iter: 10, sample_no: 63, actual label: 0, predicted: 0
iter: 11, sample_no: 70, actual label: 0, predicted: 0
iter: 12, sample_no: 59, actual label: 0, predicted: 0
iter: 13, sample_no: 25, actual label: 0, predicted: 0
iter: 14, sample_no: 9, actual label: 0, predicted: 0
iter: 15, sample_no: 69, actual label: 0, predicted: 0
iter: 16, sample_no: 91, actual label: 1, predicted: 1
iter: 17, sample_no: 10, actual label: 0, predicted: 0
iter: 18, sample_no: 43, actual label: 1, predicted: 1
iter: 19, sample_no: 18, actual label: 1, predicted: 1
iter: 20, sample_no: 33, actual label: 0, predicted: 0
iter: 21, sample_no: 36, actual label: 0, predicted: 0
iter: 22, sample_no: 16, actual label: 0, predicted: 0
iter: 23, sample_no: 14, actual label: 0, predicted: 0
iter: 24, sample_no: 56, actual label: 0, predicted: 0
number of samples: 98
AUC 0.9733231707317074
pos_get 16
total recall stop_at 1.0
@@@ C - Repeat number: 7
@@@ D - common_header:  {'F3-TransactionController', 'F71-bpendleton@apache.org', 'F105', 'F3-boolean', 'F15-public', 'F3-int', 'F3-SQLException', 'F71-bakksjo@apache.org', 'F15-NA', 'F123', 'F3-char', 'F120', 'F110', 'F104', 'F115', 'F71-djd@apache.org', 'F117', 'F71-dag@apache.org', 'F65', 'F71-kahatlen@apache.org', 'F3-Integer', 'F71-suresht@apache.org', 'F3-byte[]', 'F71-mamta@apache.org', 'F71-lilywei@apache.org', 'F41', 'F3-Long', 'F71-kmarsden@apache.org', 'F71-oysteing@apache.org', 'F71-mikem@apache.org', 'F3-NA', 'F3-QualifiedIdentifier', 'F25', 'F22', 'F3-InputStream', 'F3-PrintWriter', 'F15-private', 'F71-rhillegas@apache.org', 'F68', 'F71-davidvc@apache.org', 'F71-dyre@apache.org', 'F3-int[]', 'F71-bandaram@apache.org', 'F116', 'F71-kristwaa@apache.org', 'F3-long', 'F71-fuzzylogic@apache.org', 'F71-coar@apache.org', 'F71-myrnavl@apache.org', 'F3-null', 'F126', 'F72', 'F101', 'F77', 'F3-String', 'F71-bernt@apache.org', 'category', 'F15-protected', 'F3-ResultSet', 'F3-Connection', 'F3-PrintStream'}
    F72   F25  ... F71-bpendleton@apache.org F71-coar@apache.org
1  3644  2104  ...                         0                   0
2  3346  1938  ...                         0                   0
3  3346  1938  ...                         0                   0

[3 rows x 60 columns]
;.;
        F72       F25  ...  F71-bpendleton@apache.org  F71-coar@apache.org
0  0.416807  0.597897  ...                        0.0                  0.0
1  0.378101  0.550725  ...                        0.0                  0.0
2  0.378101  0.550725  ...                        0.0                  0.0

[3 rows x 60 columns]
training_x: (2479, 60)
training_y: 2479
testset_x: (98, 60)
testset_y: 98
              precision    recall  f1-score   support

           0       0.99      1.00      0.99        82
           1       1.00      0.94      0.97        16

    accuracy                           0.99        98
   macro avg       0.99      0.97      0.98        98
weighted avg       0.99      0.99      0.99        98

accuracy: 0.9897959183673469
0.967741935483871
@@@ tn: 82, fp: 0, fn: 1, tp: 15
@@@ LIME - Creating explainer
@@@ LIME - Random Sampling of Instances
iter: 0, sample_no: 45, actual label: 1, predicted: 1
iter: 1, sample_no: 68, actual label: 0, predicted: 0
iter: 2, sample_no: 6, actual label: 1, predicted: 1
iter: 3, sample_no: 72, actual label: 0, predicted: 0
iter: 4, sample_no: 64, actual label: 0, predicted: 0
iter: 5, sample_no: 14, actual label: 0, predicted: 0
iter: 6, sample_no: 41, actual label: 0, predicted: 0
iter: 7, sample_no: 65, actual label: 0, predicted: 0
iter: 8, sample_no: 28, actual label: 0, predicted: 0
iter: 9, sample_no: 88, actual label: 0, predicted: 0
iter: 10, sample_no: 28, actual label: 0, predicted: 0
iter: 11, sample_no: 5, actual label: 1, predicted: 1
iter: 12, sample_no: 82, actual label: 0, predicted: 0
iter: 13, sample_no: 94, actual label: 0, predicted: 0
iter: 14, sample_no: 77, actual label: 0, predicted: 0
iter: 15, sample_no: 21, actual label: 0, predicted: 0
iter: 16, sample_no: 46, actual label: 0, predicted: 0
iter: 17, sample_no: 65, actual label: 0, predicted: 0
iter: 18, sample_no: 51, actual label: 0, predicted: 0
iter: 19, sample_no: 48, actual label: 1, predicted: 1
iter: 20, sample_no: 42, actual label: 0, predicted: 0
iter: 21, sample_no: 88, actual label: 0, predicted: 0
iter: 22, sample_no: 75, actual label: 0, predicted: 0
iter: 23, sample_no: 64, actual label: 0, predicted: 0
iter: 24, sample_no: 91, actual label: 1, predicted: 1
number of samples: 98
AUC 0.9733231707317074
pos_get 16
total recall stop_at 1.0
@@@ C - Repeat number: 8
@@@ D - common_header:  {'F3-TransactionController', 'F71-bpendleton@apache.org', 'F105', 'F3-boolean', 'F15-public', 'F3-int', 'F3-SQLException', 'F71-bakksjo@apache.org', 'F15-NA', 'F123', 'F3-char', 'F120', 'F110', 'F104', 'F115', 'F71-djd@apache.org', 'F117', 'F71-dag@apache.org', 'F65', 'F71-kahatlen@apache.org', 'F3-Integer', 'F71-suresht@apache.org', 'F3-byte[]', 'F71-mamta@apache.org', 'F71-lilywei@apache.org', 'F41', 'F3-Long', 'F71-kmarsden@apache.org', 'F71-oysteing@apache.org', 'F71-mikem@apache.org', 'F3-NA', 'F3-QualifiedIdentifier', 'F25', 'F22', 'F3-InputStream', 'F3-PrintWriter', 'F15-private', 'F71-rhillegas@apache.org', 'F68', 'F71-davidvc@apache.org', 'F71-dyre@apache.org', 'F3-int[]', 'F71-bandaram@apache.org', 'F116', 'F71-kristwaa@apache.org', 'F3-long', 'F71-fuzzylogic@apache.org', 'F71-coar@apache.org', 'F71-myrnavl@apache.org', 'F3-null', 'F126', 'F72', 'F101', 'F77', 'F3-String', 'F71-bernt@apache.org', 'category', 'F15-protected', 'F3-ResultSet', 'F3-Connection', 'F3-PrintStream'}
    F72   F25  ... F71-bpendleton@apache.org F71-coar@apache.org
1  3644  2104  ...                         0                   0
2  3346  1938  ...                         0                   0
3  3346  1938  ...                         0                   0

[3 rows x 60 columns]
;.;
        F72       F25  ...  F71-bpendleton@apache.org  F71-coar@apache.org
0  0.416807  0.597897  ...                        0.0                  0.0
1  0.378101  0.550725  ...                        0.0                  0.0
2  0.378101  0.550725  ...                        0.0                  0.0

[3 rows x 60 columns]
training_x: (2479, 60)
training_y: 2479
testset_x: (98, 60)
testset_y: 98
              precision    recall  f1-score   support

           0       0.99      1.00      0.99        82
           1       1.00      0.94      0.97        16

    accuracy                           0.99        98
   macro avg       0.99      0.97      0.98        98
weighted avg       0.99      0.99      0.99        98

accuracy: 0.9897959183673469
0.967741935483871
@@@ tn: 82, fp: 0, fn: 1, tp: 15
@@@ LIME - Creating explainer
@@@ LIME - Random Sampling of Instances
iter: 0, sample_no: 96, actual label: 0, predicted: 0
iter: 1, sample_no: 32, actual label: 1, predicted: 1
iter: 2, sample_no: 24, actual label: 0, predicted: 0
iter: 3, sample_no: 41, actual label: 0, predicted: 0
iter: 4, sample_no: 56, actual label: 0, predicted: 0
iter: 5, sample_no: 96, actual label: 0, predicted: 0
iter: 6, sample_no: 52, actual label: 0, predicted: 0
iter: 7, sample_no: 84, actual label: 0, predicted: 0
iter: 8, sample_no: 55, actual label: 0, predicted: 0
iter: 9, sample_no: 61, actual label: 0, predicted: 0
iter: 10, sample_no: 64, actual label: 0, predicted: 0
iter: 11, sample_no: 88, actual label: 0, predicted: 0
iter: 12, sample_no: 64, actual label: 0, predicted: 0
iter: 13, sample_no: 58, actual label: 0, predicted: 0
iter: 14, sample_no: 28, actual label: 0, predicted: 0
iter: 15, sample_no: 85, actual label: 0, predicted: 0
iter: 16, sample_no: 85, actual label: 0, predicted: 0
iter: 17, sample_no: 37, actual label: 0, predicted: 0
iter: 18, sample_no: 71, actual label: 0, predicted: 0
iter: 19, sample_no: 24, actual label: 0, predicted: 0
iter: 20, sample_no: 37, actual label: 0, predicted: 0
iter: 21, sample_no: 75, actual label: 0, predicted: 0
iter: 22, sample_no: 76, actual label: 0, predicted: 0
iter: 23, sample_no: 61, actual label: 0, predicted: 0
iter: 24, sample_no: 32, actual label: 1, predicted: 1
number of samples: 98
AUC 0.9733231707317074
pos_get 16
total recall stop_at 1.0
@@@ C - Repeat number: 9
@@@ D - common_header:  {'F3-TransactionController', 'F71-bpendleton@apache.org', 'F105', 'F3-boolean', 'F15-public', 'F3-int', 'F3-SQLException', 'F71-bakksjo@apache.org', 'F15-NA', 'F123', 'F3-char', 'F120', 'F110', 'F104', 'F115', 'F71-djd@apache.org', 'F117', 'F71-dag@apache.org', 'F65', 'F71-kahatlen@apache.org', 'F3-Integer', 'F71-suresht@apache.org', 'F3-byte[]', 'F71-mamta@apache.org', 'F71-lilywei@apache.org', 'F41', 'F3-Long', 'F71-kmarsden@apache.org', 'F71-oysteing@apache.org', 'F71-mikem@apache.org', 'F3-NA', 'F3-QualifiedIdentifier', 'F25', 'F22', 'F3-InputStream', 'F3-PrintWriter', 'F15-private', 'F71-rhillegas@apache.org', 'F68', 'F71-davidvc@apache.org', 'F71-dyre@apache.org', 'F3-int[]', 'F71-bandaram@apache.org', 'F116', 'F71-kristwaa@apache.org', 'F3-long', 'F71-fuzzylogic@apache.org', 'F71-coar@apache.org', 'F71-myrnavl@apache.org', 'F3-null', 'F126', 'F72', 'F101', 'F77', 'F3-String', 'F71-bernt@apache.org', 'category', 'F15-protected', 'F3-ResultSet', 'F3-Connection', 'F3-PrintStream'}
    F72   F25  ... F71-bpendleton@apache.org F71-coar@apache.org
1  3644  2104  ...                         0                   0
2  3346  1938  ...                         0                   0
3  3346  1938  ...                         0                   0

[3 rows x 60 columns]
;.;
        F72       F25  ...  F71-bpendleton@apache.org  F71-coar@apache.org
0  0.416807  0.597897  ...                        0.0                  0.0
1  0.378101  0.550725  ...                        0.0                  0.0
2  0.378101  0.550725  ...                        0.0                  0.0

[3 rows x 60 columns]
training_x: (2479, 60)
training_y: 2479
testset_x: (98, 60)
testset_y: 98
              precision    recall  f1-score   support

           0       0.99      1.00      0.99        82
           1       1.00      0.94      0.97        16

    accuracy                           0.99        98
   macro avg       0.99      0.97      0.98        98
weighted avg       0.99      0.99      0.99        98

accuracy: 0.9897959183673469
0.967741935483871
@@@ tn: 82, fp: 0, fn: 1, tp: 15
@@@ LIME - Creating explainer
@@@ LIME - Random Sampling of Instances
iter: 0, sample_no: 57, actual label: 0, predicted: 0
iter: 1, sample_no: 90, actual label: 0, predicted: 0
iter: 2, sample_no: 42, actual label: 0, predicted: 0
iter: 3, sample_no: 85, actual label: 0, predicted: 0
iter: 4, sample_no: 43, actual label: 1, predicted: 1
iter: 5, sample_no: 52, actual label: 0, predicted: 0
iter: 6, sample_no: 17, actual label: 1, predicted: 1
iter: 7, sample_no: 42, actual label: 0, predicted: 0
iter: 8, sample_no: 58, actual label: 0, predicted: 0
iter: 9, sample_no: 50, actual label: 0, predicted: 0
iter: 10, sample_no: 87, actual label: 0, predicted: 0
iter: 11, sample_no: 4, actual label: 0, predicted: 0
iter: 12, sample_no: 82, actual label: 0, predicted: 0
iter: 13, sample_no: 15, actual label: 0, predicted: 0
iter: 14, sample_no: 32, actual label: 1, predicted: 1
iter: 15, sample_no: 66, actual label: 0, predicted: 0
iter: 16, sample_no: 45, actual label: 1, predicted: 1
iter: 17, sample_no: 44, actual label: 1, predicted: 1
iter: 18, sample_no: 9, actual label: 0, predicted: 0
iter: 19, sample_no: 46, actual label: 0, predicted: 0
iter: 20, sample_no: 51, actual label: 0, predicted: 0
iter: 21, sample_no: 25, actual label: 0, predicted: 0
iter: 22, sample_no: 72, actual label: 0, predicted: 0
iter: 23, sample_no: 45, actual label: 1, predicted: 1
iter: 24, sample_no: 43, actual label: 1, predicted: 1
number of samples: 98
AUC 0.9733231707317074
pos_get 16
total recall stop_at 1.0
@@@ C - Repeat number: 10
@@@ D - common_header:  {'F3-TransactionController', 'F71-bpendleton@apache.org', 'F105', 'F3-boolean', 'F15-public', 'F3-int', 'F3-SQLException', 'F71-bakksjo@apache.org', 'F15-NA', 'F123', 'F3-char', 'F120', 'F110', 'F104', 'F115', 'F71-djd@apache.org', 'F117', 'F71-dag@apache.org', 'F65', 'F71-kahatlen@apache.org', 'F3-Integer', 'F71-suresht@apache.org', 'F3-byte[]', 'F71-mamta@apache.org', 'F71-lilywei@apache.org', 'F41', 'F3-Long', 'F71-kmarsden@apache.org', 'F71-oysteing@apache.org', 'F71-mikem@apache.org', 'F3-NA', 'F3-QualifiedIdentifier', 'F25', 'F22', 'F3-InputStream', 'F3-PrintWriter', 'F15-private', 'F71-rhillegas@apache.org', 'F68', 'F71-davidvc@apache.org', 'F71-dyre@apache.org', 'F3-int[]', 'F71-bandaram@apache.org', 'F116', 'F71-kristwaa@apache.org', 'F3-long', 'F71-fuzzylogic@apache.org', 'F71-coar@apache.org', 'F71-myrnavl@apache.org', 'F3-null', 'F126', 'F72', 'F101', 'F77', 'F3-String', 'F71-bernt@apache.org', 'category', 'F15-protected', 'F3-ResultSet', 'F3-Connection', 'F3-PrintStream'}
    F72   F25  ... F71-bpendleton@apache.org F71-coar@apache.org
1  3644  2104  ...                         0                   0
2  3346  1938  ...                         0                   0
3  3346  1938  ...                         0                   0

[3 rows x 60 columns]
;.;
        F72       F25  ...  F71-bpendleton@apache.org  F71-coar@apache.org
0  0.416807  0.597897  ...                        0.0                  0.0
1  0.378101  0.550725  ...                        0.0                  0.0
2  0.378101  0.550725  ...                        0.0                  0.0

[3 rows x 60 columns]
training_x: (2479, 60)
training_y: 2479
testset_x: (98, 60)
testset_y: 98
              precision    recall  f1-score   support

           0       0.99      1.00      0.99        82
           1       1.00      0.94      0.97        16

    accuracy                           0.99        98
   macro avg       0.99      0.97      0.98        98
weighted avg       0.99      0.99      0.99        98

accuracy: 0.9897959183673469
0.967741935483871
@@@ tn: 82, fp: 0, fn: 1, tp: 15
@@@ LIME - Creating explainer
@@@ LIME - Random Sampling of Instances
iter: 0, sample_no: 28, actual label: 0, predicted: 0
iter: 1, sample_no: 53, actual label: 0, predicted: 0
iter: 2, sample_no: 14, actual label: 0, predicted: 0
iter: 3, sample_no: 27, actual label: 0, predicted: 0
iter: 4, sample_no: 29, actual label: 0, predicted: 0
iter: 5, sample_no: 64, actual label: 0, predicted: 0
iter: 6, sample_no: 0, actual label: 1, predicted: 0
iter: 7, sample_no: 73, actual label: 0, predicted: 0
iter: 8, sample_no: 86, actual label: 0, predicted: 0
iter: 9, sample_no: 83, actual label: 1, predicted: 1
iter: 10, sample_no: 53, actual label: 0, predicted: 0
iter: 11, sample_no: 66, actual label: 0, predicted: 0
iter: 12, sample_no: 46, actual label: 0, predicted: 0
iter: 13, sample_no: 37, actual label: 0, predicted: 0
iter: 14, sample_no: 16, actual label: 0, predicted: 0
iter: 15, sample_no: 11, actual label: 0, predicted: 0
iter: 16, sample_no: 52, actual label: 0, predicted: 0
iter: 17, sample_no: 34, actual label: 0, predicted: 0
iter: 18, sample_no: 3, actual label: 0, predicted: 0
iter: 19, sample_no: 12, actual label: 0, predicted: 0
iter: 20, sample_no: 74, actual label: 0, predicted: 0
iter: 21, sample_no: 96, actual label: 0, predicted: 0
iter: 22, sample_no: 10, actual label: 0, predicted: 0
iter: 23, sample_no: 80, actual label: 0, predicted: 0
iter: 24, sample_no: 7, actual label: 1, predicted: 1
number of samples: 98
AUC 0.9733231707317074
pos_get 16
total recall stop_at 1.0
----------threshold stop at----------: 1
AUC [0.9733231707317074, 0.9733231707317074, 0.9733231707317074, 0.9733231707317074, 0.9733231707317074, 0.9733231707317074, 0.9733231707317074, 0.9733231707317074, 0.9733231707317074, 0.9733231707317074]
AUC_median 0.9733231707317074
AUC_iqr 0.0
cost [0.5204081632653061, 0.5204081632653061, 0.5204081632653061, 0.5204081632653061, 0.5204081632653061, 0.5204081632653061, 0.5204081632653061, 0.5204081632653061, 0.5204081632653061, 0.5204081632653061]
COST_med 0.5204081632653061
COST_iqr 0.0
f1_pos_list [np.float64(0.967741935483871), np.float64(0.967741935483871), np.float64(0.967741935483871), np.float64(0.967741935483871), np.float64(0.967741935483871), np.float64(0.967741935483871), np.float64(0.967741935483871), np.float64(0.967741935483871), np.float64(0.967741935483871), np.float64(0.967741935483871)]
f1_pos_med 0.967741935483871
total_tn 820
total_fp 0
total_fn 10
total_tp 150
p= 1.0
r= 0.9375
f= 0.967741935483871
