@@@ A - classifier: SVC(class_weight='balanced', kernel='linear', probability=True)
@@@ B - threshold stop at: 1
@@@ C - Repeat number: 1
will not use leaked features
@@@ D - common_header:  {'F3-CharSequence', 'F71-chrism@apache.org', 'F71-markrmiller@apache.org', 'F71-romseygeek@apache.org', 'F71-uschindler@apache.org', 'F71-mikemccand@apache.org', 'F71-shaie@apache.org', 'F3-int', 'F3-Class', 'F3-String', 'F101', 'F71-erick@apache.org', 'F3-long[]', 'F3-long', 'F3-FileInputStream', 'F15-protected', 'F123', 'F71-jpountz@apache.org', 'F68', 'category', 'F3-Among[]', 'F71-rmuir@apache.org', 'F77', 'F15-public', 'F65', 'F71-noble@apache.org', 'F3-CharStream', 'F71-simonw@apache.org', 'F71-hossman@apache.org', 'F3-char[]', 'F3-boolean', 'F3-int[]', 'F25', 'F72', 'F105', 'F3-char', 'F3-Path', 'F3-ValueSource', 'F104', 'F71-ryan@apache.org', 'F71-yonik@apache.org', 'F71-rjernst@apache.org', 'F3-NA', 'F22', 'F71-shalin@apache.org', 'F41', 'F126', 'F15-NA', 'F71-sarowe@apache.org', 'F71-anshum@apache.org', 'F15-private'}
     F72   F25  ... F71-erick@apache.org F71-uschindler@apache.org
1   4679    97  ...                    0                         1
2   4679    97  ...                    0                         1
3  19865  2075  ...                    0                         1

[3 rows x 50 columns]
;.;
        F72       F25  ...  F71-erick@apache.org  F71-uschindler@apache.org
0  0.035424  0.023909  ...                   0.0                        1.0
1  0.035424  0.023909  ...                   0.0                        1.0
2  0.747947  0.511462  ...                   0.0                        1.0

[3 rows x 50 columns]
training_x: (3259, 50)
training_y: 3259
testset_x: (3425, 50)
testset_y: 3425
              precision    recall  f1-score   support

           0       0.79      0.75      0.77      2257
           1       0.56      0.61      0.59      1168

    accuracy                           0.70      3425
   macro avg       0.67      0.68      0.68      3425
weighted avg       0.71      0.70      0.71      3425

accuracy: 0.703941605839416
0.5854456255110384
@@@ tn: 1695, fp: 562, fn: 452, tp: 716
@@@ LIME - Creating explainer
@@@ LIME - Random Sampling of Instances
iter: 0, sample_no: 3392, actual label: 1, predicted: 1
iter: 1, sample_no: 345, actual label: 0, predicted: 0
iter: 2, sample_no: 2927, actual label: 1, predicted: 0
iter: 3, sample_no: 2734, actual label: 1, predicted: 1
iter: 4, sample_no: 3233, actual label: 0, predicted: 1
iter: 5, sample_no: 927, actual label: 0, predicted: 1
iter: 6, sample_no: 218, actual label: 1, predicted: 1
iter: 7, sample_no: 2987, actual label: 1, predicted: 1
iter: 8, sample_no: 2759, actual label: 0, predicted: 0
iter: 9, sample_no: 1868, actual label: 0, predicted: 1
iter: 10, sample_no: 452, actual label: 0, predicted: 0
iter: 11, sample_no: 2271, actual label: 0, predicted: 0
iter: 12, sample_no: 417, actual label: 1, predicted: 1
iter: 13, sample_no: 2275, actual label: 1, predicted: 0
iter: 14, sample_no: 276, actual label: 1, predicted: 1
iter: 15, sample_no: 678, actual label: 0, predicted: 0
iter: 16, sample_no: 3190, actual label: 1, predicted: 1
iter: 17, sample_no: 601, actual label: 1, predicted: 1
iter: 18, sample_no: 975, actual label: 0, predicted: 0
iter: 19, sample_no: 315, actual label: 1, predicted: 1
iter: 20, sample_no: 616, actual label: 1, predicted: 1
iter: 21, sample_no: 2101, actual label: 0, predicted: 0
iter: 22, sample_no: 1139, actual label: 1, predicted: 0
iter: 23, sample_no: 2867, actual label: 0, predicted: 0
iter: 24, sample_no: 252, actual label: 0, predicted: 0
number of samples: 3425
AUC 0.7398273104678899
pos_get 1168
total recall stop_at 1.0
@@@ C - Repeat number: 2
will not use leaked features
@@@ D - common_header:  {'F3-CharSequence', 'F71-chrism@apache.org', 'F71-markrmiller@apache.org', 'F71-romseygeek@apache.org', 'F71-uschindler@apache.org', 'F71-mikemccand@apache.org', 'F71-shaie@apache.org', 'F3-int', 'F3-Class', 'F3-String', 'F101', 'F71-erick@apache.org', 'F3-long[]', 'F3-long', 'F3-FileInputStream', 'F15-protected', 'F123', 'F71-jpountz@apache.org', 'F68', 'category', 'F3-Among[]', 'F71-rmuir@apache.org', 'F77', 'F15-public', 'F65', 'F71-noble@apache.org', 'F3-CharStream', 'F71-simonw@apache.org', 'F71-hossman@apache.org', 'F3-char[]', 'F3-boolean', 'F3-int[]', 'F25', 'F72', 'F105', 'F3-char', 'F3-Path', 'F3-ValueSource', 'F104', 'F71-ryan@apache.org', 'F71-yonik@apache.org', 'F71-rjernst@apache.org', 'F3-NA', 'F22', 'F71-shalin@apache.org', 'F41', 'F126', 'F15-NA', 'F71-sarowe@apache.org', 'F71-anshum@apache.org', 'F15-private'}
     F72   F25  ... F71-erick@apache.org F71-uschindler@apache.org
1   4679    97  ...                    0                         1
2   4679    97  ...                    0                         1
3  19865  2075  ...                    0                         1

[3 rows x 50 columns]
;.;
        F72       F25  ...  F71-erick@apache.org  F71-uschindler@apache.org
0  0.035424  0.023909  ...                   0.0                        1.0
1  0.035424  0.023909  ...                   0.0                        1.0
2  0.747947  0.511462  ...                   0.0                        1.0

[3 rows x 50 columns]
training_x: (3259, 50)
training_y: 3259
testset_x: (3425, 50)
testset_y: 3425
              precision    recall  f1-score   support

           0       0.79      0.75      0.77      2257
           1       0.56      0.61      0.59      1168

    accuracy                           0.70      3425
   macro avg       0.67      0.68      0.68      3425
weighted avg       0.71      0.70      0.71      3425

accuracy: 0.703941605839416
0.5854456255110384
@@@ tn: 1695, fp: 562, fn: 452, tp: 716
@@@ LIME - Creating explainer
@@@ LIME - Random Sampling of Instances
iter: 0, sample_no: 2801, actual label: 1, predicted: 0
iter: 1, sample_no: 2248, actual label: 0, predicted: 1
iter: 2, sample_no: 1767, actual label: 1, predicted: 0
iter: 3, sample_no: 1666, actual label: 0, predicted: 0
iter: 4, sample_no: 1372, actual label: 0, predicted: 0
iter: 5, sample_no: 2283, actual label: 0, predicted: 1
iter: 6, sample_no: 3011, actual label: 1, predicted: 1
iter: 7, sample_no: 1850, actual label: 0, predicted: 1
iter: 8, sample_no: 3068, actual label: 0, predicted: 1
iter: 9, sample_no: 727, actual label: 0, predicted: 0
iter: 10, sample_no: 2865, actual label: 0, predicted: 0
iter: 11, sample_no: 1235, actual label: 1, predicted: 1
iter: 12, sample_no: 298, actual label: 0, predicted: 0
iter: 13, sample_no: 1175, actual label: 0, predicted: 0
iter: 14, sample_no: 976, actual label: 0, predicted: 0
iter: 15, sample_no: 2399, actual label: 1, predicted: 0
iter: 16, sample_no: 730, actual label: 0, predicted: 0
iter: 17, sample_no: 1622, actual label: 0, predicted: 1
iter: 18, sample_no: 259, actual label: 0, predicted: 0
iter: 19, sample_no: 2437, actual label: 1, predicted: 0
iter: 20, sample_no: 2231, actual label: 0, predicted: 0
iter: 21, sample_no: 628, actual label: 1, predicted: 1
iter: 22, sample_no: 2417, actual label: 0, predicted: 0
iter: 23, sample_no: 2882, actual label: 0, predicted: 0
iter: 24, sample_no: 3105, actual label: 0, predicted: 0
number of samples: 3425
AUC 0.7398375525761558
pos_get 1168
total recall stop_at 1.0
@@@ C - Repeat number: 3
will not use leaked features
@@@ D - common_header:  {'F3-CharSequence', 'F71-chrism@apache.org', 'F71-markrmiller@apache.org', 'F71-romseygeek@apache.org', 'F71-uschindler@apache.org', 'F71-mikemccand@apache.org', 'F71-shaie@apache.org', 'F3-int', 'F3-Class', 'F3-String', 'F101', 'F71-erick@apache.org', 'F3-long[]', 'F3-long', 'F3-FileInputStream', 'F15-protected', 'F123', 'F71-jpountz@apache.org', 'F68', 'category', 'F3-Among[]', 'F71-rmuir@apache.org', 'F77', 'F15-public', 'F65', 'F71-noble@apache.org', 'F3-CharStream', 'F71-simonw@apache.org', 'F71-hossman@apache.org', 'F3-char[]', 'F3-boolean', 'F3-int[]', 'F25', 'F72', 'F105', 'F3-char', 'F3-Path', 'F3-ValueSource', 'F104', 'F71-ryan@apache.org', 'F71-yonik@apache.org', 'F71-rjernst@apache.org', 'F3-NA', 'F22', 'F71-shalin@apache.org', 'F41', 'F126', 'F15-NA', 'F71-sarowe@apache.org', 'F71-anshum@apache.org', 'F15-private'}
     F72   F25  ... F71-erick@apache.org F71-uschindler@apache.org
1   4679    97  ...                    0                         1
2   4679    97  ...                    0                         1
3  19865  2075  ...                    0                         1

[3 rows x 50 columns]
;.;
        F72       F25  ...  F71-erick@apache.org  F71-uschindler@apache.org
0  0.035424  0.023909  ...                   0.0                        1.0
1  0.035424  0.023909  ...                   0.0                        1.0
2  0.747947  0.511462  ...                   0.0                        1.0

[3 rows x 50 columns]
training_x: (3259, 50)
training_y: 3259
testset_x: (3425, 50)
testset_y: 3425
              precision    recall  f1-score   support

           0       0.79      0.75      0.77      2257
           1       0.56      0.61      0.59      1168

    accuracy                           0.70      3425
   macro avg       0.67      0.68      0.68      3425
weighted avg       0.71      0.70      0.71      3425

accuracy: 0.703941605839416
0.5854456255110384
@@@ tn: 1695, fp: 562, fn: 452, tp: 716
@@@ LIME - Creating explainer
@@@ LIME - Random Sampling of Instances
iter: 0, sample_no: 2462, actual label: 0, predicted: 0
iter: 1, sample_no: 1680, actual label: 0, predicted: 0
iter: 2, sample_no: 1217, actual label: 0, predicted: 1
iter: 3, sample_no: 1900, actual label: 0, predicted: 0
iter: 4, sample_no: 1335, actual label: 0, predicted: 0
iter: 5, sample_no: 978, actual label: 1, predicted: 0
iter: 6, sample_no: 3300, actual label: 1, predicted: 1
iter: 7, sample_no: 1751, actual label: 0, predicted: 0
iter: 8, sample_no: 2407, actual label: 0, predicted: 0
iter: 9, sample_no: 3113, actual label: 1, predicted: 0
iter: 10, sample_no: 3395, actual label: 1, predicted: 1
iter: 11, sample_no: 2228, actual label: 0, predicted: 0
iter: 12, sample_no: 42, actual label: 0, predicted: 0
iter: 13, sample_no: 1877, actual label: 0, predicted: 0
iter: 14, sample_no: 2439, actual label: 0, predicted: 1
iter: 15, sample_no: 1349, actual label: 0, predicted: 1
iter: 16, sample_no: 3206, actual label: 0, predicted: 0
iter: 17, sample_no: 2306, actual label: 0, predicted: 1
iter: 18, sample_no: 2568, actual label: 0, predicted: 0
iter: 19, sample_no: 1646, actual label: 0, predicted: 0
iter: 20, sample_no: 1871, actual label: 0, predicted: 1
iter: 21, sample_no: 1185, actual label: 0, predicted: 0
iter: 22, sample_no: 24, actual label: 0, predicted: 0
iter: 23, sample_no: 1178, actual label: 0, predicted: 1
iter: 24, sample_no: 481, actual label: 0, predicted: 0
number of samples: 3425
AUC 0.739825413781174
pos_get 1168
total recall stop_at 1.0
@@@ C - Repeat number: 4
will not use leaked features
@@@ D - common_header:  {'F3-CharSequence', 'F71-chrism@apache.org', 'F71-markrmiller@apache.org', 'F71-romseygeek@apache.org', 'F71-uschindler@apache.org', 'F71-mikemccand@apache.org', 'F71-shaie@apache.org', 'F3-int', 'F3-Class', 'F3-String', 'F101', 'F71-erick@apache.org', 'F3-long[]', 'F3-long', 'F3-FileInputStream', 'F15-protected', 'F123', 'F71-jpountz@apache.org', 'F68', 'category', 'F3-Among[]', 'F71-rmuir@apache.org', 'F77', 'F15-public', 'F65', 'F71-noble@apache.org', 'F3-CharStream', 'F71-simonw@apache.org', 'F71-hossman@apache.org', 'F3-char[]', 'F3-boolean', 'F3-int[]', 'F25', 'F72', 'F105', 'F3-char', 'F3-Path', 'F3-ValueSource', 'F104', 'F71-ryan@apache.org', 'F71-yonik@apache.org', 'F71-rjernst@apache.org', 'F3-NA', 'F22', 'F71-shalin@apache.org', 'F41', 'F126', 'F15-NA', 'F71-sarowe@apache.org', 'F71-anshum@apache.org', 'F15-private'}
     F72   F25  ... F71-erick@apache.org F71-uschindler@apache.org
1   4679    97  ...                    0                         1
2   4679    97  ...                    0                         1
3  19865  2075  ...                    0                         1

[3 rows x 50 columns]
;.;
        F72       F25  ...  F71-erick@apache.org  F71-uschindler@apache.org
0  0.035424  0.023909  ...                   0.0                        1.0
1  0.035424  0.023909  ...                   0.0                        1.0
2  0.747947  0.511462  ...                   0.0                        1.0

[3 rows x 50 columns]
training_x: (3259, 50)
training_y: 3259
testset_x: (3425, 50)
testset_y: 3425
              precision    recall  f1-score   support

           0       0.79      0.75      0.77      2257
           1       0.56      0.61      0.59      1168

    accuracy                           0.70      3425
   macro avg       0.67      0.68      0.68      3425
weighted avg       0.71      0.70      0.71      3425

accuracy: 0.703941605839416
0.5854456255110384
@@@ tn: 1695, fp: 562, fn: 452, tp: 716
@@@ LIME - Creating explainer
@@@ LIME - Random Sampling of Instances
iter: 0, sample_no: 2885, actual label: 0, predicted: 1
iter: 1, sample_no: 2511, actual label: 0, predicted: 0
iter: 2, sample_no: 2095, actual label: 0, predicted: 0
iter: 3, sample_no: 1338, actual label: 0, predicted: 0
iter: 4, sample_no: 2880, actual label: 1, predicted: 0
iter: 5, sample_no: 2466, actual label: 0, predicted: 0
iter: 6, sample_no: 3359, actual label: 1, predicted: 1
iter: 7, sample_no: 1992, actual label: 1, predicted: 0
iter: 8, sample_no: 3094, actual label: 0, predicted: 0
iter: 9, sample_no: 2105, actual label: 0, predicted: 0
iter: 10, sample_no: 319, actual label: 0, predicted: 0
iter: 11, sample_no: 2840, actual label: 0, predicted: 0
iter: 12, sample_no: 1311, actual label: 0, predicted: 0
iter: 13, sample_no: 1047, actual label: 0, predicted: 0
iter: 14, sample_no: 2195, actual label: 0, predicted: 0
iter: 15, sample_no: 2107, actual label: 0, predicted: 0
iter: 16, sample_no: 1837, actual label: 0, predicted: 0
iter: 17, sample_no: 1579, actual label: 0, predicted: 0
iter: 18, sample_no: 2145, actual label: 0, predicted: 0
iter: 19, sample_no: 203, actual label: 1, predicted: 1
iter: 20, sample_no: 1036, actual label: 0, predicted: 0
iter: 21, sample_no: 2355, actual label: 0, predicted: 0
iter: 22, sample_no: 2800, actual label: 1, predicted: 0
iter: 23, sample_no: 2563, actual label: 0, predicted: 0
iter: 24, sample_no: 2828, actual label: 0, predicted: 0
number of samples: 3425
AUC 0.7398273104678899
pos_get 1168
total recall stop_at 1.0
@@@ C - Repeat number: 5
will not use leaked features
@@@ D - common_header:  {'F3-CharSequence', 'F71-chrism@apache.org', 'F71-markrmiller@apache.org', 'F71-romseygeek@apache.org', 'F71-uschindler@apache.org', 'F71-mikemccand@apache.org', 'F71-shaie@apache.org', 'F3-int', 'F3-Class', 'F3-String', 'F101', 'F71-erick@apache.org', 'F3-long[]', 'F3-long', 'F3-FileInputStream', 'F15-protected', 'F123', 'F71-jpountz@apache.org', 'F68', 'category', 'F3-Among[]', 'F71-rmuir@apache.org', 'F77', 'F15-public', 'F65', 'F71-noble@apache.org', 'F3-CharStream', 'F71-simonw@apache.org', 'F71-hossman@apache.org', 'F3-char[]', 'F3-boolean', 'F3-int[]', 'F25', 'F72', 'F105', 'F3-char', 'F3-Path', 'F3-ValueSource', 'F104', 'F71-ryan@apache.org', 'F71-yonik@apache.org', 'F71-rjernst@apache.org', 'F3-NA', 'F22', 'F71-shalin@apache.org', 'F41', 'F126', 'F15-NA', 'F71-sarowe@apache.org', 'F71-anshum@apache.org', 'F15-private'}
     F72   F25  ... F71-erick@apache.org F71-uschindler@apache.org
1   4679    97  ...                    0                         1
2   4679    97  ...                    0                         1
3  19865  2075  ...                    0                         1

[3 rows x 50 columns]
;.;
        F72       F25  ...  F71-erick@apache.org  F71-uschindler@apache.org
0  0.035424  0.023909  ...                   0.0                        1.0
1  0.035424  0.023909  ...                   0.0                        1.0
2  0.747947  0.511462  ...                   0.0                        1.0

[3 rows x 50 columns]
training_x: (3259, 50)
training_y: 3259
testset_x: (3425, 50)
testset_y: 3425
              precision    recall  f1-score   support

           0       0.79      0.75      0.77      2257
           1       0.56      0.61      0.59      1168

    accuracy                           0.70      3425
   macro avg       0.67      0.68      0.68      3425
weighted avg       0.71      0.70      0.71      3425

accuracy: 0.703941605839416
0.5854456255110384
@@@ tn: 1695, fp: 562, fn: 452, tp: 716
@@@ LIME - Creating explainer
@@@ LIME - Random Sampling of Instances
iter: 0, sample_no: 1926, actual label: 0, predicted: 0
iter: 1, sample_no: 3326, actual label: 1, predicted: 1
iter: 2, sample_no: 3412, actual label: 1, predicted: 1
iter: 3, sample_no: 1615, actual label: 0, predicted: 0
iter: 4, sample_no: 2092, actual label: 0, predicted: 0
iter: 5, sample_no: 1646, actual label: 0, predicted: 0
iter: 6, sample_no: 3272, actual label: 0, predicted: 0
iter: 7, sample_no: 1405, actual label: 1, predicted: 0
iter: 8, sample_no: 3159, actual label: 0, predicted: 0
iter: 9, sample_no: 2610, actual label: 0, predicted: 0
iter: 10, sample_no: 729, actual label: 0, predicted: 0
iter: 11, sample_no: 1104, actual label: 1, predicted: 0
iter: 12, sample_no: 1694, actual label: 0, predicted: 0
iter: 13, sample_no: 2205, actual label: 0, predicted: 0
iter: 14, sample_no: 2466, actual label: 0, predicted: 0
iter: 15, sample_no: 928, actual label: 0, predicted: 1
iter: 16, sample_no: 2640, actual label: 1, predicted: 1
iter: 17, sample_no: 2044, actual label: 0, predicted: 1
iter: 18, sample_no: 1602, actual label: 1, predicted: 0
iter: 19, sample_no: 2242, actual label: 0, predicted: 0
iter: 20, sample_no: 2127, actual label: 0, predicted: 0
iter: 21, sample_no: 797, actual label: 0, predicted: 0
iter: 22, sample_no: 521, actual label: 0, predicted: 1
iter: 23, sample_no: 1802, actual label: 0, predicted: 0
iter: 24, sample_no: 2765, actual label: 0, predicted: 1
number of samples: 3425
AUC 0.739828638148591
pos_get 1168
total recall stop_at 1.0
@@@ C - Repeat number: 6
will not use leaked features
@@@ D - common_header:  {'F3-CharSequence', 'F71-chrism@apache.org', 'F71-markrmiller@apache.org', 'F71-romseygeek@apache.org', 'F71-uschindler@apache.org', 'F71-mikemccand@apache.org', 'F71-shaie@apache.org', 'F3-int', 'F3-Class', 'F3-String', 'F101', 'F71-erick@apache.org', 'F3-long[]', 'F3-long', 'F3-FileInputStream', 'F15-protected', 'F123', 'F71-jpountz@apache.org', 'F68', 'category', 'F3-Among[]', 'F71-rmuir@apache.org', 'F77', 'F15-public', 'F65', 'F71-noble@apache.org', 'F3-CharStream', 'F71-simonw@apache.org', 'F71-hossman@apache.org', 'F3-char[]', 'F3-boolean', 'F3-int[]', 'F25', 'F72', 'F105', 'F3-char', 'F3-Path', 'F3-ValueSource', 'F104', 'F71-ryan@apache.org', 'F71-yonik@apache.org', 'F71-rjernst@apache.org', 'F3-NA', 'F22', 'F71-shalin@apache.org', 'F41', 'F126', 'F15-NA', 'F71-sarowe@apache.org', 'F71-anshum@apache.org', 'F15-private'}
     F72   F25  ... F71-erick@apache.org F71-uschindler@apache.org
1   4679    97  ...                    0                         1
2   4679    97  ...                    0                         1
3  19865  2075  ...                    0                         1

[3 rows x 50 columns]
;.;
        F72       F25  ...  F71-erick@apache.org  F71-uschindler@apache.org
0  0.035424  0.023909  ...                   0.0                        1.0
1  0.035424  0.023909  ...                   0.0                        1.0
2  0.747947  0.511462  ...                   0.0                        1.0

[3 rows x 50 columns]
training_x: (3259, 50)
training_y: 3259
testset_x: (3425, 50)
testset_y: 3425
              precision    recall  f1-score   support

           0       0.79      0.75      0.77      2257
           1       0.56      0.61      0.59      1168

    accuracy                           0.70      3425
   macro avg       0.67      0.68      0.68      3425
weighted avg       0.71      0.70      0.71      3425

accuracy: 0.703941605839416
0.5854456255110384
@@@ tn: 1695, fp: 562, fn: 452, tp: 716
@@@ LIME - Creating explainer
@@@ LIME - Random Sampling of Instances
iter: 0, sample_no: 2611, actual label: 0, predicted: 0
iter: 1, sample_no: 895, actual label: 0, predicted: 0
iter: 2, sample_no: 1429, actual label: 1, predicted: 0
iter: 3, sample_no: 1753, actual label: 0, predicted: 0
iter: 4, sample_no: 3378, actual label: 1, predicted: 1
iter: 5, sample_no: 340, actual label: 1, predicted: 1
iter: 6, sample_no: 2047, actual label: 0, predicted: 0
iter: 7, sample_no: 1905, actual label: 0, predicted: 0
iter: 8, sample_no: 2391, actual label: 0, predicted: 0
iter: 9, sample_no: 3013, actual label: 0, predicted: 0
iter: 10, sample_no: 2537, actual label: 0, predicted: 0
iter: 11, sample_no: 111, actual label: 1, predicted: 1
iter: 12, sample_no: 2174, actual label: 1, predicted: 0
iter: 13, sample_no: 476, actual label: 0, predicted: 0
iter: 14, sample_no: 455, actual label: 0, predicted: 1
iter: 15, sample_no: 609, actual label: 1, predicted: 1
iter: 16, sample_no: 2605, actual label: 1, predicted: 0
iter: 17, sample_no: 978, actual label: 1, predicted: 0
iter: 18, sample_no: 119, actual label: 0, predicted: 0
iter: 19, sample_no: 939, actual label: 0, predicted: 0
iter: 20, sample_no: 696, actual label: 0, predicted: 1
iter: 21, sample_no: 2931, actual label: 0, predicted: 0
iter: 22, sample_no: 1054, actual label: 0, predicted: 0
iter: 23, sample_no: 1347, actual label: 0, predicted: 1
iter: 24, sample_no: 1846, actual label: 0, predicted: 1
number of samples: 3425
AUC 0.7398333798653808
pos_get 1168
total recall stop_at 1.0
@@@ C - Repeat number: 7
will not use leaked features
@@@ D - common_header:  {'F3-CharSequence', 'F71-chrism@apache.org', 'F71-markrmiller@apache.org', 'F71-romseygeek@apache.org', 'F71-uschindler@apache.org', 'F71-mikemccand@apache.org', 'F71-shaie@apache.org', 'F3-int', 'F3-Class', 'F3-String', 'F101', 'F71-erick@apache.org', 'F3-long[]', 'F3-long', 'F3-FileInputStream', 'F15-protected', 'F123', 'F71-jpountz@apache.org', 'F68', 'category', 'F3-Among[]', 'F71-rmuir@apache.org', 'F77', 'F15-public', 'F65', 'F71-noble@apache.org', 'F3-CharStream', 'F71-simonw@apache.org', 'F71-hossman@apache.org', 'F3-char[]', 'F3-boolean', 'F3-int[]', 'F25', 'F72', 'F105', 'F3-char', 'F3-Path', 'F3-ValueSource', 'F104', 'F71-ryan@apache.org', 'F71-yonik@apache.org', 'F71-rjernst@apache.org', 'F3-NA', 'F22', 'F71-shalin@apache.org', 'F41', 'F126', 'F15-NA', 'F71-sarowe@apache.org', 'F71-anshum@apache.org', 'F15-private'}
     F72   F25  ... F71-erick@apache.org F71-uschindler@apache.org
1   4679    97  ...                    0                         1
2   4679    97  ...                    0                         1
3  19865  2075  ...                    0                         1

[3 rows x 50 columns]
;.;
        F72       F25  ...  F71-erick@apache.org  F71-uschindler@apache.org
0  0.035424  0.023909  ...                   0.0                        1.0
1  0.035424  0.023909  ...                   0.0                        1.0
2  0.747947  0.511462  ...                   0.0                        1.0

[3 rows x 50 columns]
training_x: (3259, 50)
training_y: 3259
testset_x: (3425, 50)
testset_y: 3425
              precision    recall  f1-score   support

           0       0.79      0.75      0.77      2257
           1       0.56      0.61      0.59      1168

    accuracy                           0.70      3425
   macro avg       0.67      0.68      0.68      3425
weighted avg       0.71      0.70      0.71      3425

accuracy: 0.703941605839416
0.5854456255110384
@@@ tn: 1695, fp: 562, fn: 452, tp: 716
@@@ LIME - Creating explainer
@@@ LIME - Random Sampling of Instances
iter: 0, sample_no: 1709, actual label: 0, predicted: 0
iter: 1, sample_no: 2708, actual label: 1, predicted: 0
iter: 2, sample_no: 2645, actual label: 1, predicted: 1
iter: 3, sample_no: 498, actual label: 0, predicted: 0
iter: 4, sample_no: 2382, actual label: 0, predicted: 1
iter: 5, sample_no: 1464, actual label: 0, predicted: 0
iter: 6, sample_no: 3331, actual label: 1, predicted: 1
iter: 7, sample_no: 1153, actual label: 1, predicted: 1
iter: 8, sample_no: 3270, actual label: 1, predicted: 1
iter: 9, sample_no: 2780, actual label: 1, predicted: 0
iter: 10, sample_no: 238, actual label: 1, predicted: 1
iter: 11, sample_no: 817, actual label: 1, predicted: 1
iter: 12, sample_no: 182, actual label: 1, predicted: 1
iter: 13, sample_no: 240, actual label: 0, predicted: 1
iter: 14, sample_no: 1314, actual label: 0, predicted: 0
iter: 15, sample_no: 1422, actual label: 1, predicted: 0
iter: 16, sample_no: 1587, actual label: 0, predicted: 0
iter: 17, sample_no: 1271, actual label: 0, predicted: 1
iter: 18, sample_no: 3422, actual label: 1, predicted: 1
iter: 19, sample_no: 311, actual label: 1, predicted: 0
iter: 20, sample_no: 454, actual label: 0, predicted: 1
iter: 21, sample_no: 126, actual label: 1, predicted: 1
iter: 22, sample_no: 2376, actual label: 0, predicted: 0
iter: 23, sample_no: 832, actual label: 0, predicted: 1
iter: 24, sample_no: 1792, actual label: 0, predicted: 0
number of samples: 3425
AUC 0.7398242757691444
pos_get 1168
total recall stop_at 1.0
@@@ C - Repeat number: 8
will not use leaked features
@@@ D - common_header:  {'F3-CharSequence', 'F71-chrism@apache.org', 'F71-markrmiller@apache.org', 'F71-romseygeek@apache.org', 'F71-uschindler@apache.org', 'F71-mikemccand@apache.org', 'F71-shaie@apache.org', 'F3-int', 'F3-Class', 'F3-String', 'F101', 'F71-erick@apache.org', 'F3-long[]', 'F3-long', 'F3-FileInputStream', 'F15-protected', 'F123', 'F71-jpountz@apache.org', 'F68', 'category', 'F3-Among[]', 'F71-rmuir@apache.org', 'F77', 'F15-public', 'F65', 'F71-noble@apache.org', 'F3-CharStream', 'F71-simonw@apache.org', 'F71-hossman@apache.org', 'F3-char[]', 'F3-boolean', 'F3-int[]', 'F25', 'F72', 'F105', 'F3-char', 'F3-Path', 'F3-ValueSource', 'F104', 'F71-ryan@apache.org', 'F71-yonik@apache.org', 'F71-rjernst@apache.org', 'F3-NA', 'F22', 'F71-shalin@apache.org', 'F41', 'F126', 'F15-NA', 'F71-sarowe@apache.org', 'F71-anshum@apache.org', 'F15-private'}
     F72   F25  ... F71-erick@apache.org F71-uschindler@apache.org
1   4679    97  ...                    0                         1
2   4679    97  ...                    0                         1
3  19865  2075  ...                    0                         1

[3 rows x 50 columns]
;.;
        F72       F25  ...  F71-erick@apache.org  F71-uschindler@apache.org
0  0.035424  0.023909  ...                   0.0                        1.0
1  0.035424  0.023909  ...                   0.0                        1.0
2  0.747947  0.511462  ...                   0.0                        1.0

[3 rows x 50 columns]
training_x: (3259, 50)
training_y: 3259
testset_x: (3425, 50)
testset_y: 3425
              precision    recall  f1-score   support

           0       0.79      0.75      0.77      2257
           1       0.56      0.61      0.59      1168

    accuracy                           0.70      3425
   macro avg       0.67      0.68      0.68      3425
weighted avg       0.71      0.70      0.71      3425

accuracy: 0.703941605839416
0.5854456255110384
@@@ tn: 1695, fp: 562, fn: 452, tp: 716
@@@ LIME - Creating explainer
@@@ LIME - Random Sampling of Instances
iter: 0, sample_no: 1504, actual label: 0, predicted: 0
iter: 1, sample_no: 2468, actual label: 0, predicted: 0
iter: 2, sample_no: 1941, actual label: 0, predicted: 0
iter: 3, sample_no: 2441, actual label: 1, predicted: 0
iter: 4, sample_no: 3363, actual label: 1, predicted: 1
iter: 5, sample_no: 1895, actual label: 0, predicted: 0
iter: 6, sample_no: 2418, actual label: 1, predicted: 1
iter: 7, sample_no: 1292, actual label: 0, predicted: 0
iter: 8, sample_no: 2632, actual label: 0, predicted: 1
iter: 9, sample_no: 1498, actual label: 0, predicted: 0
iter: 10, sample_no: 198, actual label: 1, predicted: 1
iter: 11, sample_no: 210, actual label: 1, predicted: 1
iter: 12, sample_no: 1335, actual label: 0, predicted: 0
iter: 13, sample_no: 1458, actual label: 1, predicted: 1
iter: 14, sample_no: 1619, actual label: 0, predicted: 0
iter: 15, sample_no: 2020, actual label: 0, predicted: 0
iter: 16, sample_no: 1603, actual label: 1, predicted: 0
iter: 17, sample_no: 121, actual label: 1, predicted: 1
iter: 18, sample_no: 80, actual label: 0, predicted: 1
iter: 19, sample_no: 2239, actual label: 0, predicted: 0
iter: 20, sample_no: 2817, actual label: 0, predicted: 0
iter: 21, sample_no: 2698, actual label: 1, predicted: 1
iter: 22, sample_no: 1627, actual label: 1, predicted: 1
iter: 23, sample_no: 43, actual label: 0, predicted: 0
iter: 24, sample_no: 245, actual label: 1, predicted: 1
number of samples: 3425
AUC 0.7398311038413217
pos_get 1168
total recall stop_at 1.0
@@@ C - Repeat number: 9
will not use leaked features
@@@ D - common_header:  {'F3-CharSequence', 'F71-chrism@apache.org', 'F71-markrmiller@apache.org', 'F71-romseygeek@apache.org', 'F71-uschindler@apache.org', 'F71-mikemccand@apache.org', 'F71-shaie@apache.org', 'F3-int', 'F3-Class', 'F3-String', 'F101', 'F71-erick@apache.org', 'F3-long[]', 'F3-long', 'F3-FileInputStream', 'F15-protected', 'F123', 'F71-jpountz@apache.org', 'F68', 'category', 'F3-Among[]', 'F71-rmuir@apache.org', 'F77', 'F15-public', 'F65', 'F71-noble@apache.org', 'F3-CharStream', 'F71-simonw@apache.org', 'F71-hossman@apache.org', 'F3-char[]', 'F3-boolean', 'F3-int[]', 'F25', 'F72', 'F105', 'F3-char', 'F3-Path', 'F3-ValueSource', 'F104', 'F71-ryan@apache.org', 'F71-yonik@apache.org', 'F71-rjernst@apache.org', 'F3-NA', 'F22', 'F71-shalin@apache.org', 'F41', 'F126', 'F15-NA', 'F71-sarowe@apache.org', 'F71-anshum@apache.org', 'F15-private'}
     F72   F25  ... F71-erick@apache.org F71-uschindler@apache.org
1   4679    97  ...                    0                         1
2   4679    97  ...                    0                         1
3  19865  2075  ...                    0                         1

[3 rows x 50 columns]
;.;
        F72       F25  ...  F71-erick@apache.org  F71-uschindler@apache.org
0  0.035424  0.023909  ...                   0.0                        1.0
1  0.035424  0.023909  ...                   0.0                        1.0
2  0.747947  0.511462  ...                   0.0                        1.0

[3 rows x 50 columns]
training_x: (3259, 50)
training_y: 3259
testset_x: (3425, 50)
testset_y: 3425
              precision    recall  f1-score   support

           0       0.79      0.75      0.77      2257
           1       0.56      0.61      0.59      1168

    accuracy                           0.70      3425
   macro avg       0.67      0.68      0.68      3425
weighted avg       0.71      0.70      0.71      3425

accuracy: 0.703941605839416
0.5854456255110384
@@@ tn: 1695, fp: 562, fn: 452, tp: 716
@@@ LIME - Creating explainer
@@@ LIME - Random Sampling of Instances
iter: 0, sample_no: 2105, actual label: 0, predicted: 0
iter: 1, sample_no: 1261, actual label: 0, predicted: 1
iter: 2, sample_no: 3, actual label: 1, predicted: 1
iter: 3, sample_no: 2528, actual label: 0, predicted: 0
iter: 4, sample_no: 2045, actual label: 0, predicted: 1
iter: 5, sample_no: 3182, actual label: 0, predicted: 0
iter: 6, sample_no: 2944, actual label: 1, predicted: 0
iter: 7, sample_no: 225, actual label: 0, predicted: 0
iter: 8, sample_no: 908, actual label: 0, predicted: 0
iter: 9, sample_no: 2880, actual label: 1, predicted: 0
iter: 10, sample_no: 1143, actual label: 1, predicted: 0
iter: 11, sample_no: 2361, actual label: 1, predicted: 0
iter: 12, sample_no: 1407, actual label: 1, predicted: 0
iter: 13, sample_no: 3054, actual label: 0, predicted: 1
iter: 14, sample_no: 1925, actual label: 0, predicted: 0
iter: 15, sample_no: 2102, actual label: 0, predicted: 0
iter: 16, sample_no: 2697, actual label: 1, predicted: 1
iter: 17, sample_no: 1395, actual label: 0, predicted: 0
iter: 18, sample_no: 1190, actual label: 0, predicted: 0
iter: 19, sample_no: 850, actual label: 0, predicted: 1
iter: 20, sample_no: 179, actual label: 0, predicted: 0
iter: 21, sample_no: 2425, actual label: 0, predicted: 0
iter: 22, sample_no: 2901, actual label: 0, predicted: 0
iter: 23, sample_no: 858, actual label: 0, predicted: 1
iter: 24, sample_no: 87, actual label: 1, predicted: 1
number of samples: 3425
AUC 0.7398109989621331
pos_get 1168
total recall stop_at 1.0
@@@ C - Repeat number: 10
will not use leaked features
@@@ D - common_header:  {'F3-CharSequence', 'F71-chrism@apache.org', 'F71-markrmiller@apache.org', 'F71-romseygeek@apache.org', 'F71-uschindler@apache.org', 'F71-mikemccand@apache.org', 'F71-shaie@apache.org', 'F3-int', 'F3-Class', 'F3-String', 'F101', 'F71-erick@apache.org', 'F3-long[]', 'F3-long', 'F3-FileInputStream', 'F15-protected', 'F123', 'F71-jpountz@apache.org', 'F68', 'category', 'F3-Among[]', 'F71-rmuir@apache.org', 'F77', 'F15-public', 'F65', 'F71-noble@apache.org', 'F3-CharStream', 'F71-simonw@apache.org', 'F71-hossman@apache.org', 'F3-char[]', 'F3-boolean', 'F3-int[]', 'F25', 'F72', 'F105', 'F3-char', 'F3-Path', 'F3-ValueSource', 'F104', 'F71-ryan@apache.org', 'F71-yonik@apache.org', 'F71-rjernst@apache.org', 'F3-NA', 'F22', 'F71-shalin@apache.org', 'F41', 'F126', 'F15-NA', 'F71-sarowe@apache.org', 'F71-anshum@apache.org', 'F15-private'}
     F72   F25  ... F71-erick@apache.org F71-uschindler@apache.org
1   4679    97  ...                    0                         1
2   4679    97  ...                    0                         1
3  19865  2075  ...                    0                         1

[3 rows x 50 columns]
;.;
        F72       F25  ...  F71-erick@apache.org  F71-uschindler@apache.org
0  0.035424  0.023909  ...                   0.0                        1.0
1  0.035424  0.023909  ...                   0.0                        1.0
2  0.747947  0.511462  ...                   0.0                        1.0

[3 rows x 50 columns]
training_x: (3259, 50)
training_y: 3259
testset_x: (3425, 50)
testset_y: 3425
              precision    recall  f1-score   support

           0       0.79      0.75      0.77      2257
           1       0.56      0.61      0.59      1168

    accuracy                           0.70      3425
   macro avg       0.67      0.68      0.68      3425
weighted avg       0.71      0.70      0.71      3425

accuracy: 0.703941605839416
0.5854456255110384
@@@ tn: 1695, fp: 562, fn: 452, tp: 716
@@@ LIME - Creating explainer
@@@ LIME - Random Sampling of Instances
iter: 0, sample_no: 1692, actual label: 0, predicted: 0
iter: 1, sample_no: 2596, actual label: 0, predicted: 1
iter: 2, sample_no: 1474, actual label: 1, predicted: 0
iter: 3, sample_no: 1346, actual label: 0, predicted: 1
iter: 4, sample_no: 2750, actual label: 0, predicted: 0
iter: 5, sample_no: 1963, actual label: 1, predicted: 0
iter: 6, sample_no: 2465, actual label: 0, predicted: 0
iter: 7, sample_no: 2405, actual label: 0, predicted: 0
iter: 8, sample_no: 838, actual label: 0, predicted: 0
iter: 9, sample_no: 1037, actual label: 0, predicted: 0
iter: 10, sample_no: 560, actual label: 0, predicted: 1
iter: 11, sample_no: 2360, actual label: 0, predicted: 1
iter: 12, sample_no: 1579, actual label: 0, predicted: 0
iter: 13, sample_no: 2701, actual label: 1, predicted: 1
iter: 14, sample_no: 133, actual label: 0, predicted: 0
iter: 15, sample_no: 1682, actual label: 0, predicted: 0
iter: 16, sample_no: 3050, actual label: 0, predicted: 1
iter: 17, sample_no: 2112, actual label: 0, predicted: 0
iter: 18, sample_no: 2847, actual label: 0, predicted: 0
iter: 19, sample_no: 3252, actual label: 1, predicted: 1
iter: 20, sample_no: 614, actual label: 1, predicted: 1
iter: 21, sample_no: 3006, actual label: 0, predicted: 0
iter: 22, sample_no: 16, actual label: 1, predicted: 1
iter: 23, sample_no: 2376, actual label: 0, predicted: 0
iter: 24, sample_no: 3001, actual label: 0, predicted: 0
number of samples: 3425
AUC 0.7398354662207682
pos_get 1168
total recall stop_at 1.0
----------threshold stop at----------: 1
AUC [0.7398273104678899, 0.7398375525761558, 0.739825413781174, 0.7398273104678899, 0.739828638148591, 0.7398333798653808, 0.7398242757691444, 0.7398311038413217, 0.7398109989621331, 0.7398354662207682]
AUC_median 0.7398279743082404
AUC_iqr 6.922906513051608e-06
cost [0.9988321167883212, 0.9988321167883212, 0.9988321167883212, 0.9988321167883212, 0.9988321167883212, 0.9988321167883212, 0.9988321167883212, 0.9988321167883212, 0.9988321167883212, 0.9988321167883212]
COST_med 0.9988321167883212
COST_iqr 0.0
f1_pos_list [np.float64(0.5854456255110384), np.float64(0.5854456255110384), np.float64(0.5854456255110384), np.float64(0.5854456255110384), np.float64(0.5854456255110384), np.float64(0.5854456255110384), np.float64(0.5854456255110384), np.float64(0.5854456255110384), np.float64(0.5854456255110384), np.float64(0.5854456255110384)]
f1_pos_med 0.5854456255110384
total_tn 16950
total_fp 5620
total_fn 4520
total_tp 7160
p= 0.5602503912363067
r= 0.613013698630137
f= 0.5854456255110384
