@@@ A - classifier: SVC(class_weight='balanced', kernel='linear', probability=True)
@@@ B - threshold stop at: 1
@@@ C - Repeat number: 1
will not use leaked features
@@@ D - common_header:  {'F71-anshum@apache.org', 'F104', 'F15-public', 'F123', 'F71-chrism@apache.org', 'F71-ryan@apache.org', 'F3-long[]', 'F71-shalin@apache.org', 'category', 'F77', 'F3-FileInputStream', 'F3-int', 'F3-ValueSource', 'F3-NA', 'F3-Class', 'F126', 'F72', 'F3-String', 'F71-noble@apache.org', 'F41', 'F105', 'F15-private', 'F3-char', 'F15-NA', 'F71-rmuir@apache.org', 'F22', 'F65', 'F3-CharSequence', 'F71-mikemccand@apache.org', 'F71-yonik@apache.org', 'F3-int[]', 'F3-Among[]', 'F71-simonw@apache.org', 'F71-hossman@apache.org', 'F3-char[]', 'F101', 'F71-romseygeek@apache.org', 'F25', 'F71-erick@apache.org', 'F71-jpountz@apache.org', 'F71-shaie@apache.org', 'F71-uschindler@apache.org', 'F3-long', 'F3-boolean', 'F15-protected', 'F3-CharStream', 'F71-markrmiller@apache.org', 'F68', 'F3-Path', 'F71-sarowe@apache.org', 'F71-rjernst@apache.org'}
     F72   F25  ... F71-erick@apache.org F71-uschindler@apache.org
1   4679    97  ...                    0                         1
2   4679    97  ...                    0                         1
3  19865  2075  ...                    0                         1

[3 rows x 50 columns]
;.;
        F72       F25  ...  F71-erick@apache.org  F71-uschindler@apache.org
0  0.035424  0.023909  ...                   0.0                        1.0
1  0.035424  0.023909  ...                   0.0                        1.0
2  0.747947  0.511462  ...                   0.0                        1.0

[3 rows x 50 columns]
training_x: (3259, 50)
training_y: 3259
testset_x: (393, 50)
testset_y: 393
              precision    recall  f1-score   support

           0       0.65      0.88      0.74       251
           1       0.42      0.15      0.23       142

    accuracy                           0.62       393
   macro avg       0.53      0.52      0.49       393
weighted avg       0.56      0.62      0.56       393

accuracy: 0.6157760814249363
0.22564102564102564
@@@ tn: 220, fp: 31, fn: 120, tp: 22
@@@ LIME - Creating explainer
@@@ LIME - Random Sampling of Instances
iter: 0, sample_no: 320, actual label: 0, predicted: 0
iter: 1, sample_no: 345, actual label: 0, predicted: 0
iter: 2, sample_no: 224, actual label: 0, predicted: 0
iter: 3, sample_no: 286, actual label: 0, predicted: 0
iter: 4, sample_no: 276, actual label: 1, predicted: 1
iter: 5, sample_no: 280, actual label: 0, predicted: 1
iter: 6, sample_no: 307, actual label: 0, predicted: 0
iter: 7, sample_no: 276, actual label: 1, predicted: 1
iter: 8, sample_no: 151, actual label: 1, predicted: 0
iter: 9, sample_no: 204, actual label: 0, predicted: 0
iter: 10, sample_no: 123, actual label: 0, predicted: 0
iter: 11, sample_no: 186, actual label: 0, predicted: 0
iter: 12, sample_no: 173, actual label: 1, predicted: 1
iter: 13, sample_no: 44, actual label: 0, predicted: 1
iter: 14, sample_no: 254, actual label: 0, predicted: 0
iter: 15, sample_no: 296, actual label: 0, predicted: 1
iter: 16, sample_no: 144, actual label: 1, predicted: 0
iter: 17, sample_no: 256, actual label: 0, predicted: 0
iter: 18, sample_no: 83, actual label: 0, predicted: 0
iter: 19, sample_no: 108, actual label: 0, predicted: 0
iter: 20, sample_no: 123, actual label: 0, predicted: 0
iter: 21, sample_no: 251, actual label: 0, predicted: 0
iter: 22, sample_no: 242, actual label: 0, predicted: 0
iter: 23, sample_no: 102, actual label: 1, predicted: 0
iter: 24, sample_no: 307, actual label: 0, predicted: 0
number of samples: 393
AUC 0.6221592503226531
pos_get 142
total recall stop_at 1
@@@ C - Repeat number: 2
will not use leaked features
@@@ D - common_header:  {'F71-anshum@apache.org', 'F104', 'F15-public', 'F123', 'F71-chrism@apache.org', 'F71-ryan@apache.org', 'F3-long[]', 'F71-shalin@apache.org', 'category', 'F77', 'F3-FileInputStream', 'F3-int', 'F3-ValueSource', 'F3-NA', 'F3-Class', 'F126', 'F72', 'F3-String', 'F71-noble@apache.org', 'F41', 'F105', 'F15-private', 'F3-char', 'F15-NA', 'F71-rmuir@apache.org', 'F22', 'F65', 'F3-CharSequence', 'F71-mikemccand@apache.org', 'F71-yonik@apache.org', 'F3-int[]', 'F3-Among[]', 'F71-simonw@apache.org', 'F71-hossman@apache.org', 'F3-char[]', 'F101', 'F71-romseygeek@apache.org', 'F25', 'F71-erick@apache.org', 'F71-jpountz@apache.org', 'F71-shaie@apache.org', 'F71-uschindler@apache.org', 'F3-long', 'F3-boolean', 'F15-protected', 'F3-CharStream', 'F71-markrmiller@apache.org', 'F68', 'F3-Path', 'F71-sarowe@apache.org', 'F71-rjernst@apache.org'}
     F72   F25  ... F71-erick@apache.org F71-uschindler@apache.org
1   4679    97  ...                    0                         1
2   4679    97  ...                    0                         1
3  19865  2075  ...                    0                         1

[3 rows x 50 columns]
;.;
        F72       F25  ...  F71-erick@apache.org  F71-uschindler@apache.org
0  0.035424  0.023909  ...                   0.0                        1.0
1  0.035424  0.023909  ...                   0.0                        1.0
2  0.747947  0.511462  ...                   0.0                        1.0

[3 rows x 50 columns]
training_x: (3259, 50)
training_y: 3259
testset_x: (393, 50)
testset_y: 393
              precision    recall  f1-score   support

           0       0.65      0.88      0.74       251
           1       0.42      0.15      0.23       142

    accuracy                           0.62       393
   macro avg       0.53      0.52      0.49       393
weighted avg       0.56      0.62      0.56       393

accuracy: 0.6157760814249363
0.22564102564102564
@@@ tn: 220, fp: 31, fn: 120, tp: 22
@@@ LIME - Creating explainer
@@@ LIME - Random Sampling of Instances
iter: 0, sample_no: 241, actual label: 0, predicted: 0
iter: 1, sample_no: 338, actual label: 1, predicted: 0
iter: 2, sample_no: 191, actual label: 0, predicted: 0
iter: 3, sample_no: 306, actual label: 0, predicted: 0
iter: 4, sample_no: 68, actual label: 0, predicted: 0
iter: 5, sample_no: 44, actual label: 0, predicted: 1
iter: 6, sample_no: 172, actual label: 1, predicted: 0
iter: 7, sample_no: 145, actual label: 1, predicted: 0
iter: 8, sample_no: 64, actual label: 0, predicted: 0
iter: 9, sample_no: 306, actual label: 0, predicted: 0
iter: 10, sample_no: 251, actual label: 0, predicted: 0
iter: 11, sample_no: 9, actual label: 1, predicted: 0
iter: 12, sample_no: 46, actual label: 0, predicted: 0
iter: 13, sample_no: 13, actual label: 0, predicted: 0
iter: 14, sample_no: 25, actual label: 1, predicted: 0
iter: 15, sample_no: 72, actual label: 0, predicted: 0
iter: 16, sample_no: 277, actual label: 1, predicted: 1
iter: 17, sample_no: 44, actual label: 0, predicted: 1
iter: 18, sample_no: 251, actual label: 0, predicted: 0
iter: 19, sample_no: 109, actual label: 1, predicted: 0
iter: 20, sample_no: 123, actual label: 0, predicted: 0
iter: 21, sample_no: 20, actual label: 0, predicted: 0
iter: 22, sample_no: 271, actual label: 1, predicted: 0
iter: 23, sample_no: 214, actual label: 0, predicted: 0
iter: 24, sample_no: 90, actual label: 0, predicted: 0
number of samples: 393
AUC 0.6221873071095898
pos_get 142
total recall stop_at 1
@@@ C - Repeat number: 3
will not use leaked features
@@@ D - common_header:  {'F71-anshum@apache.org', 'F104', 'F15-public', 'F123', 'F71-chrism@apache.org', 'F71-ryan@apache.org', 'F3-long[]', 'F71-shalin@apache.org', 'category', 'F77', 'F3-FileInputStream', 'F3-int', 'F3-ValueSource', 'F3-NA', 'F3-Class', 'F126', 'F72', 'F3-String', 'F71-noble@apache.org', 'F41', 'F105', 'F15-private', 'F3-char', 'F15-NA', 'F71-rmuir@apache.org', 'F22', 'F65', 'F3-CharSequence', 'F71-mikemccand@apache.org', 'F71-yonik@apache.org', 'F3-int[]', 'F3-Among[]', 'F71-simonw@apache.org', 'F71-hossman@apache.org', 'F3-char[]', 'F101', 'F71-romseygeek@apache.org', 'F25', 'F71-erick@apache.org', 'F71-jpountz@apache.org', 'F71-shaie@apache.org', 'F71-uschindler@apache.org', 'F3-long', 'F3-boolean', 'F15-protected', 'F3-CharStream', 'F71-markrmiller@apache.org', 'F68', 'F3-Path', 'F71-sarowe@apache.org', 'F71-rjernst@apache.org'}
     F72   F25  ... F71-erick@apache.org F71-uschindler@apache.org
1   4679    97  ...                    0                         1
2   4679    97  ...                    0                         1
3  19865  2075  ...                    0                         1

[3 rows x 50 columns]
;.;
        F72       F25  ...  F71-erick@apache.org  F71-uschindler@apache.org
0  0.035424  0.023909  ...                   0.0                        1.0
1  0.035424  0.023909  ...                   0.0                        1.0
2  0.747947  0.511462  ...                   0.0                        1.0

[3 rows x 50 columns]
training_x: (3259, 50)
training_y: 3259
testset_x: (393, 50)
testset_y: 393
              precision    recall  f1-score   support

           0       0.65      0.88      0.74       251
           1       0.42      0.15      0.23       142

    accuracy                           0.62       393
   macro avg       0.53      0.52      0.49       393
weighted avg       0.56      0.62      0.56       393

accuracy: 0.6157760814249363
0.22564102564102564
@@@ tn: 220, fp: 31, fn: 120, tp: 22
@@@ LIME - Creating explainer
@@@ LIME - Random Sampling of Instances
iter: 0, sample_no: 131, actual label: 1, predicted: 0
iter: 1, sample_no: 187, actual label: 0, predicted: 0
iter: 2, sample_no: 316, actual label: 1, predicted: 0
iter: 3, sample_no: 228, actual label: 0, predicted: 0
iter: 4, sample_no: 283, actual label: 0, predicted: 1
iter: 5, sample_no: 372, actual label: 0, predicted: 0
iter: 6, sample_no: 317, actual label: 0, predicted: 0
iter: 7, sample_no: 85, actual label: 0, predicted: 0
iter: 8, sample_no: 298, actual label: 1, predicted: 0
iter: 9, sample_no: 250, actual label: 0, predicted: 0
iter: 10, sample_no: 49, actual label: 0, predicted: 0
iter: 11, sample_no: 18, actual label: 0, predicted: 0
iter: 12, sample_no: 206, actual label: 0, predicted: 0
iter: 13, sample_no: 299, actual label: 0, predicted: 0
iter: 14, sample_no: 234, actual label: 0, predicted: 0
iter: 15, sample_no: 154, actual label: 1, predicted: 0
iter: 16, sample_no: 302, actual label: 1, predicted: 0
iter: 17, sample_no: 323, actual label: 0, predicted: 0
iter: 18, sample_no: 183, actual label: 0, predicted: 0
iter: 19, sample_no: 246, actual label: 0, predicted: 0
iter: 20, sample_no: 323, actual label: 0, predicted: 0
iter: 21, sample_no: 78, actual label: 0, predicted: 1
iter: 22, sample_no: 23, actual label: 1, predicted: 0
iter: 23, sample_no: 57, actual label: 0, predicted: 0
iter: 24, sample_no: 312, actual label: 1, predicted: 0
number of samples: 393
AUC 0.6221592503226531
pos_get 142
total recall stop_at 1
@@@ C - Repeat number: 4
will not use leaked features
@@@ D - common_header:  {'F71-anshum@apache.org', 'F104', 'F15-public', 'F123', 'F71-chrism@apache.org', 'F71-ryan@apache.org', 'F3-long[]', 'F71-shalin@apache.org', 'category', 'F77', 'F3-FileInputStream', 'F3-int', 'F3-ValueSource', 'F3-NA', 'F3-Class', 'F126', 'F72', 'F3-String', 'F71-noble@apache.org', 'F41', 'F105', 'F15-private', 'F3-char', 'F15-NA', 'F71-rmuir@apache.org', 'F22', 'F65', 'F3-CharSequence', 'F71-mikemccand@apache.org', 'F71-yonik@apache.org', 'F3-int[]', 'F3-Among[]', 'F71-simonw@apache.org', 'F71-hossman@apache.org', 'F3-char[]', 'F101', 'F71-romseygeek@apache.org', 'F25', 'F71-erick@apache.org', 'F71-jpountz@apache.org', 'F71-shaie@apache.org', 'F71-uschindler@apache.org', 'F3-long', 'F3-boolean', 'F15-protected', 'F3-CharStream', 'F71-markrmiller@apache.org', 'F68', 'F3-Path', 'F71-sarowe@apache.org', 'F71-rjernst@apache.org'}
     F72   F25  ... F71-erick@apache.org F71-uschindler@apache.org
1   4679    97  ...                    0                         1
2   4679    97  ...                    0                         1
3  19865  2075  ...                    0                         1

[3 rows x 50 columns]
;.;
        F72       F25  ...  F71-erick@apache.org  F71-uschindler@apache.org
0  0.035424  0.023909  ...                   0.0                        1.0
1  0.035424  0.023909  ...                   0.0                        1.0
2  0.747947  0.511462  ...                   0.0                        1.0

[3 rows x 50 columns]
training_x: (3259, 50)
training_y: 3259
testset_x: (393, 50)
testset_y: 393
              precision    recall  f1-score   support

           0       0.65      0.88      0.74       251
           1       0.42      0.15      0.23       142

    accuracy                           0.62       393
   macro avg       0.53      0.52      0.49       393
weighted avg       0.56      0.62      0.56       393

accuracy: 0.6157760814249363
0.22564102564102564
@@@ tn: 220, fp: 31, fn: 120, tp: 22
@@@ LIME - Creating explainer
@@@ LIME - Random Sampling of Instances
iter: 0, sample_no: 325, actual label: 1, predicted: 0
iter: 1, sample_no: 336, actual label: 0, predicted: 0
iter: 2, sample_no: 258, actual label: 0, predicted: 0
iter: 3, sample_no: 98, actual label: 1, predicted: 0
iter: 4, sample_no: 320, actual label: 0, predicted: 0
iter: 5, sample_no: 69, actual label: 0, predicted: 0
iter: 6, sample_no: 349, actual label: 0, predicted: 0
iter: 7, sample_no: 368, actual label: 0, predicted: 0
iter: 8, sample_no: 43, actual label: 0, predicted: 1
iter: 9, sample_no: 345, actual label: 0, predicted: 0
iter: 10, sample_no: 63, actual label: 1, predicted: 0
iter: 11, sample_no: 217, actual label: 0, predicted: 0
iter: 12, sample_no: 182, actual label: 0, predicted: 0
iter: 13, sample_no: 78, actual label: 0, predicted: 1
iter: 14, sample_no: 328, actual label: 1, predicted: 1
iter: 15, sample_no: 266, actual label: 0, predicted: 0
iter: 16, sample_no: 201, actual label: 0, predicted: 0
iter: 17, sample_no: 60, actual label: 0, predicted: 0
iter: 18, sample_no: 385, actual label: 1, predicted: 0
iter: 19, sample_no: 223, actual label: 0, predicted: 0
iter: 20, sample_no: 114, actual label: 0, predicted: 0
iter: 21, sample_no: 307, actual label: 0, predicted: 0
iter: 22, sample_no: 77, actual label: 0, predicted: 1
iter: 23, sample_no: 312, actual label: 1, predicted: 0
iter: 24, sample_no: 143, actual label: 1, predicted: 0
number of samples: 393
AUC 0.6221592503226531
pos_get 142
total recall stop_at 1
@@@ C - Repeat number: 5
will not use leaked features
@@@ D - common_header:  {'F71-anshum@apache.org', 'F104', 'F15-public', 'F123', 'F71-chrism@apache.org', 'F71-ryan@apache.org', 'F3-long[]', 'F71-shalin@apache.org', 'category', 'F77', 'F3-FileInputStream', 'F3-int', 'F3-ValueSource', 'F3-NA', 'F3-Class', 'F126', 'F72', 'F3-String', 'F71-noble@apache.org', 'F41', 'F105', 'F15-private', 'F3-char', 'F15-NA', 'F71-rmuir@apache.org', 'F22', 'F65', 'F3-CharSequence', 'F71-mikemccand@apache.org', 'F71-yonik@apache.org', 'F3-int[]', 'F3-Among[]', 'F71-simonw@apache.org', 'F71-hossman@apache.org', 'F3-char[]', 'F101', 'F71-romseygeek@apache.org', 'F25', 'F71-erick@apache.org', 'F71-jpountz@apache.org', 'F71-shaie@apache.org', 'F71-uschindler@apache.org', 'F3-long', 'F3-boolean', 'F15-protected', 'F3-CharStream', 'F71-markrmiller@apache.org', 'F68', 'F3-Path', 'F71-sarowe@apache.org', 'F71-rjernst@apache.org'}
     F72   F25  ... F71-erick@apache.org F71-uschindler@apache.org
1   4679    97  ...                    0                         1
2   4679    97  ...                    0                         1
3  19865  2075  ...                    0                         1

[3 rows x 50 columns]
;.;
        F72       F25  ...  F71-erick@apache.org  F71-uschindler@apache.org
0  0.035424  0.023909  ...                   0.0                        1.0
1  0.035424  0.023909  ...                   0.0                        1.0
2  0.747947  0.511462  ...                   0.0                        1.0

[3 rows x 50 columns]
training_x: (3259, 50)
training_y: 3259
testset_x: (393, 50)
testset_y: 393
              precision    recall  f1-score   support

           0       0.65      0.88      0.74       251
           1       0.42      0.15      0.23       142

    accuracy                           0.62       393
   macro avg       0.53      0.52      0.49       393
weighted avg       0.56      0.62      0.56       393

accuracy: 0.6157760814249363
0.22564102564102564
@@@ tn: 220, fp: 31, fn: 120, tp: 22
@@@ LIME - Creating explainer
@@@ LIME - Random Sampling of Instances
iter: 0, sample_no: 390, actual label: 0, predicted: 0
iter: 1, sample_no: 254, actual label: 0, predicted: 0
iter: 2, sample_no: 340, actual label: 0, predicted: 1
iter: 3, sample_no: 79, actual label: 0, predicted: 1
iter: 4, sample_no: 44, actual label: 0, predicted: 1
iter: 5, sample_no: 110, actual label: 0, predicted: 0
iter: 6, sample_no: 200, actual label: 0, predicted: 0
iter: 7, sample_no: 381, actual label: 0, predicted: 0
iter: 8, sample_no: 87, actual label: 0, predicted: 0
iter: 9, sample_no: 50, actual label: 0, predicted: 0
iter: 10, sample_no: 217, actual label: 0, predicted: 0
iter: 11, sample_no: 80, actual label: 0, predicted: 0
iter: 12, sample_no: 158, actual label: 1, predicted: 0
iter: 13, sample_no: 157, actual label: 1, predicted: 0
iter: 14, sample_no: 139, actual label: 1, predicted: 0
iter: 15, sample_no: 172, actual label: 1, predicted: 0
iter: 16, sample_no: 15, actual label: 0, predicted: 0
iter: 17, sample_no: 168, actual label: 0, predicted: 0
iter: 18, sample_no: 165, actual label: 1, predicted: 0
iter: 19, sample_no: 185, actual label: 0, predicted: 0
iter: 20, sample_no: 82, actual label: 0, predicted: 0
iter: 21, sample_no: 98, actual label: 1, predicted: 0
iter: 22, sample_no: 187, actual label: 0, predicted: 0
iter: 23, sample_no: 29, actual label: 0, predicted: 1
iter: 24, sample_no: 124, actual label: 0, predicted: 0
number of samples: 393
AUC 0.6221592503226531
pos_get 142
total recall stop_at 1
@@@ C - Repeat number: 6
will not use leaked features
@@@ D - common_header:  {'F71-anshum@apache.org', 'F104', 'F15-public', 'F123', 'F71-chrism@apache.org', 'F71-ryan@apache.org', 'F3-long[]', 'F71-shalin@apache.org', 'category', 'F77', 'F3-FileInputStream', 'F3-int', 'F3-ValueSource', 'F3-NA', 'F3-Class', 'F126', 'F72', 'F3-String', 'F71-noble@apache.org', 'F41', 'F105', 'F15-private', 'F3-char', 'F15-NA', 'F71-rmuir@apache.org', 'F22', 'F65', 'F3-CharSequence', 'F71-mikemccand@apache.org', 'F71-yonik@apache.org', 'F3-int[]', 'F3-Among[]', 'F71-simonw@apache.org', 'F71-hossman@apache.org', 'F3-char[]', 'F101', 'F71-romseygeek@apache.org', 'F25', 'F71-erick@apache.org', 'F71-jpountz@apache.org', 'F71-shaie@apache.org', 'F71-uschindler@apache.org', 'F3-long', 'F3-boolean', 'F15-protected', 'F3-CharStream', 'F71-markrmiller@apache.org', 'F68', 'F3-Path', 'F71-sarowe@apache.org', 'F71-rjernst@apache.org'}
     F72   F25  ... F71-erick@apache.org F71-uschindler@apache.org
1   4679    97  ...                    0                         1
2   4679    97  ...                    0                         1
3  19865  2075  ...                    0                         1

[3 rows x 50 columns]
;.;
        F72       F25  ...  F71-erick@apache.org  F71-uschindler@apache.org
0  0.035424  0.023909  ...                   0.0                        1.0
1  0.035424  0.023909  ...                   0.0                        1.0
2  0.747947  0.511462  ...                   0.0                        1.0

[3 rows x 50 columns]
training_x: (3259, 50)
training_y: 3259
testset_x: (393, 50)
testset_y: 393
              precision    recall  f1-score   support

           0       0.65      0.88      0.74       251
           1       0.42      0.15      0.23       142

    accuracy                           0.62       393
   macro avg       0.53      0.52      0.49       393
weighted avg       0.56      0.62      0.56       393

accuracy: 0.6157760814249363
0.22564102564102564
@@@ tn: 220, fp: 31, fn: 120, tp: 22
@@@ LIME - Creating explainer
@@@ LIME - Random Sampling of Instances
iter: 0, sample_no: 51, actual label: 0, predicted: 0
iter: 1, sample_no: 383, actual label: 0, predicted: 0
iter: 2, sample_no: 306, actual label: 0, predicted: 0
iter: 3, sample_no: 188, actual label: 0, predicted: 0
iter: 4, sample_no: 321, actual label: 0, predicted: 0
iter: 5, sample_no: 73, actual label: 0, predicted: 0
iter: 6, sample_no: 22, actual label: 1, predicted: 0
iter: 7, sample_no: 276, actual label: 1, predicted: 1
iter: 8, sample_no: 44, actual label: 0, predicted: 1
iter: 9, sample_no: 22, actual label: 1, predicted: 0
iter: 10, sample_no: 332, actual label: 1, predicted: 1
iter: 11, sample_no: 381, actual label: 0, predicted: 0
iter: 12, sample_no: 241, actual label: 0, predicted: 0
iter: 13, sample_no: 303, actual label: 0, predicted: 0
iter: 14, sample_no: 372, actual label: 0, predicted: 0
iter: 15, sample_no: 268, actual label: 0, predicted: 0
iter: 16, sample_no: 308, actual label: 0, predicted: 0
iter: 17, sample_no: 174, actual label: 1, predicted: 0
iter: 18, sample_no: 230, actual label: 0, predicted: 0
iter: 19, sample_no: 303, actual label: 0, predicted: 0
iter: 20, sample_no: 225, actual label: 0, predicted: 0
iter: 21, sample_no: 138, actual label: 1, predicted: 0
iter: 22, sample_no: 224, actual label: 0, predicted: 0
iter: 23, sample_no: 183, actual label: 0, predicted: 0
iter: 24, sample_no: 321, actual label: 0, predicted: 0
number of samples: 393
AUC 0.6221592503226531
pos_get 142
total recall stop_at 1
@@@ C - Repeat number: 7
will not use leaked features
@@@ D - common_header:  {'F71-anshum@apache.org', 'F104', 'F15-public', 'F123', 'F71-chrism@apache.org', 'F71-ryan@apache.org', 'F3-long[]', 'F71-shalin@apache.org', 'category', 'F77', 'F3-FileInputStream', 'F3-int', 'F3-ValueSource', 'F3-NA', 'F3-Class', 'F126', 'F72', 'F3-String', 'F71-noble@apache.org', 'F41', 'F105', 'F15-private', 'F3-char', 'F15-NA', 'F71-rmuir@apache.org', 'F22', 'F65', 'F3-CharSequence', 'F71-mikemccand@apache.org', 'F71-yonik@apache.org', 'F3-int[]', 'F3-Among[]', 'F71-simonw@apache.org', 'F71-hossman@apache.org', 'F3-char[]', 'F101', 'F71-romseygeek@apache.org', 'F25', 'F71-erick@apache.org', 'F71-jpountz@apache.org', 'F71-shaie@apache.org', 'F71-uschindler@apache.org', 'F3-long', 'F3-boolean', 'F15-protected', 'F3-CharStream', 'F71-markrmiller@apache.org', 'F68', 'F3-Path', 'F71-sarowe@apache.org', 'F71-rjernst@apache.org'}
     F72   F25  ... F71-erick@apache.org F71-uschindler@apache.org
1   4679    97  ...                    0                         1
2   4679    97  ...                    0                         1
3  19865  2075  ...                    0                         1

[3 rows x 50 columns]
;.;
        F72       F25  ...  F71-erick@apache.org  F71-uschindler@apache.org
0  0.035424  0.023909  ...                   0.0                        1.0
1  0.035424  0.023909  ...                   0.0                        1.0
2  0.747947  0.511462  ...                   0.0                        1.0

[3 rows x 50 columns]
training_x: (3259, 50)
training_y: 3259
testset_x: (393, 50)
testset_y: 393
              precision    recall  f1-score   support

           0       0.65      0.88      0.74       251
           1       0.42      0.15      0.23       142

    accuracy                           0.62       393
   macro avg       0.53      0.52      0.49       393
weighted avg       0.56      0.62      0.56       393

accuracy: 0.6157760814249363
0.22564102564102564
@@@ tn: 220, fp: 31, fn: 120, tp: 22
@@@ LIME - Creating explainer
@@@ LIME - Random Sampling of Instances
iter: 0, sample_no: 173, actual label: 1, predicted: 1
iter: 1, sample_no: 148, actual label: 1, predicted: 0
iter: 2, sample_no: 85, actual label: 0, predicted: 0
iter: 3, sample_no: 116, actual label: 0, predicted: 0
iter: 4, sample_no: 36, actual label: 0, predicted: 0
iter: 5, sample_no: 43, actual label: 0, predicted: 1
iter: 6, sample_no: 365, actual label: 0, predicted: 0
iter: 7, sample_no: 317, actual label: 0, predicted: 0
iter: 8, sample_no: 375, actual label: 1, predicted: 0
iter: 9, sample_no: 4, actual label: 1, predicted: 0
iter: 10, sample_no: 353, actual label: 1, predicted: 0
iter: 11, sample_no: 94, actual label: 1, predicted: 0
iter: 12, sample_no: 178, actual label: 1, predicted: 0
iter: 13, sample_no: 359, actual label: 0, predicted: 0
iter: 14, sample_no: 194, actual label: 0, predicted: 0
iter: 15, sample_no: 221, actual label: 0, predicted: 0
iter: 16, sample_no: 113, actual label: 0, predicted: 0
iter: 17, sample_no: 95, actual label: 1, predicted: 0
iter: 18, sample_no: 156, actual label: 1, predicted: 0
iter: 19, sample_no: 161, actual label: 1, predicted: 0
iter: 20, sample_no: 63, actual label: 1, predicted: 0
iter: 21, sample_no: 294, actual label: 1, predicted: 0
iter: 22, sample_no: 256, actual label: 0, predicted: 0
iter: 23, sample_no: 289, actual label: 0, predicted: 0
iter: 24, sample_no: 136, actual label: 1, predicted: 0
number of samples: 393
AUC 0.6221873071095898
pos_get 142
total recall stop_at 1
@@@ C - Repeat number: 8
will not use leaked features
@@@ D - common_header:  {'F71-anshum@apache.org', 'F104', 'F15-public', 'F123', 'F71-chrism@apache.org', 'F71-ryan@apache.org', 'F3-long[]', 'F71-shalin@apache.org', 'category', 'F77', 'F3-FileInputStream', 'F3-int', 'F3-ValueSource', 'F3-NA', 'F3-Class', 'F126', 'F72', 'F3-String', 'F71-noble@apache.org', 'F41', 'F105', 'F15-private', 'F3-char', 'F15-NA', 'F71-rmuir@apache.org', 'F22', 'F65', 'F3-CharSequence', 'F71-mikemccand@apache.org', 'F71-yonik@apache.org', 'F3-int[]', 'F3-Among[]', 'F71-simonw@apache.org', 'F71-hossman@apache.org', 'F3-char[]', 'F101', 'F71-romseygeek@apache.org', 'F25', 'F71-erick@apache.org', 'F71-jpountz@apache.org', 'F71-shaie@apache.org', 'F71-uschindler@apache.org', 'F3-long', 'F3-boolean', 'F15-protected', 'F3-CharStream', 'F71-markrmiller@apache.org', 'F68', 'F3-Path', 'F71-sarowe@apache.org', 'F71-rjernst@apache.org'}
     F72   F25  ... F71-erick@apache.org F71-uschindler@apache.org
1   4679    97  ...                    0                         1
2   4679    97  ...                    0                         1
3  19865  2075  ...                    0                         1

[3 rows x 50 columns]
;.;
        F72       F25  ...  F71-erick@apache.org  F71-uschindler@apache.org
0  0.035424  0.023909  ...                   0.0                        1.0
1  0.035424  0.023909  ...                   0.0                        1.0
2  0.747947  0.511462  ...                   0.0                        1.0

[3 rows x 50 columns]
training_x: (3259, 50)
training_y: 3259
testset_x: (393, 50)
testset_y: 393
              precision    recall  f1-score   support

           0       0.65      0.88      0.74       251
           1       0.42      0.15      0.23       142

    accuracy                           0.62       393
   macro avg       0.53      0.52      0.49       393
weighted avg       0.56      0.62      0.56       393

accuracy: 0.6157760814249363
0.22564102564102564
@@@ tn: 220, fp: 31, fn: 120, tp: 22
@@@ LIME - Creating explainer
@@@ LIME - Random Sampling of Instances
iter: 0, sample_no: 109, actual label: 1, predicted: 0
iter: 1, sample_no: 234, actual label: 0, predicted: 0
iter: 2, sample_no: 46, actual label: 0, predicted: 0
iter: 3, sample_no: 90, actual label: 0, predicted: 0
iter: 4, sample_no: 235, actual label: 0, predicted: 0
iter: 5, sample_no: 71, actual label: 1, predicted: 0
iter: 6, sample_no: 345, actual label: 0, predicted: 0
iter: 7, sample_no: 9, actual label: 1, predicted: 0
iter: 8, sample_no: 188, actual label: 0, predicted: 0
iter: 9, sample_no: 284, actual label: 0, predicted: 0
iter: 10, sample_no: 383, actual label: 0, predicted: 0
iter: 11, sample_no: 235, actual label: 0, predicted: 0
iter: 12, sample_no: 31, actual label: 0, predicted: 1
iter: 13, sample_no: 379, actual label: 1, predicted: 0
iter: 14, sample_no: 149, actual label: 1, predicted: 0
iter: 15, sample_no: 294, actual label: 1, predicted: 0
iter: 16, sample_no: 185, actual label: 0, predicted: 0
iter: 17, sample_no: 381, actual label: 0, predicted: 0
iter: 18, sample_no: 326, actual label: 1, predicted: 0
iter: 19, sample_no: 364, actual label: 0, predicted: 0
iter: 20, sample_no: 326, actual label: 1, predicted: 0
iter: 21, sample_no: 53, actual label: 0, predicted: 1
iter: 22, sample_no: 272, actual label: 0, predicted: 0
iter: 23, sample_no: 67, actual label: 0, predicted: 0
iter: 24, sample_no: 257, actual label: 0, predicted: 0
number of samples: 393
AUC 0.6221592503226531
pos_get 142
total recall stop_at 1
@@@ C - Repeat number: 9
will not use leaked features
@@@ D - common_header:  {'F71-anshum@apache.org', 'F104', 'F15-public', 'F123', 'F71-chrism@apache.org', 'F71-ryan@apache.org', 'F3-long[]', 'F71-shalin@apache.org', 'category', 'F77', 'F3-FileInputStream', 'F3-int', 'F3-ValueSource', 'F3-NA', 'F3-Class', 'F126', 'F72', 'F3-String', 'F71-noble@apache.org', 'F41', 'F105', 'F15-private', 'F3-char', 'F15-NA', 'F71-rmuir@apache.org', 'F22', 'F65', 'F3-CharSequence', 'F71-mikemccand@apache.org', 'F71-yonik@apache.org', 'F3-int[]', 'F3-Among[]', 'F71-simonw@apache.org', 'F71-hossman@apache.org', 'F3-char[]', 'F101', 'F71-romseygeek@apache.org', 'F25', 'F71-erick@apache.org', 'F71-jpountz@apache.org', 'F71-shaie@apache.org', 'F71-uschindler@apache.org', 'F3-long', 'F3-boolean', 'F15-protected', 'F3-CharStream', 'F71-markrmiller@apache.org', 'F68', 'F3-Path', 'F71-sarowe@apache.org', 'F71-rjernst@apache.org'}
     F72   F25  ... F71-erick@apache.org F71-uschindler@apache.org
1   4679    97  ...                    0                         1
2   4679    97  ...                    0                         1
3  19865  2075  ...                    0                         1

[3 rows x 50 columns]
;.;
        F72       F25  ...  F71-erick@apache.org  F71-uschindler@apache.org
0  0.035424  0.023909  ...                   0.0                        1.0
1  0.035424  0.023909  ...                   0.0                        1.0
2  0.747947  0.511462  ...                   0.0                        1.0

[3 rows x 50 columns]
training_x: (3259, 50)
training_y: 3259
testset_x: (393, 50)
testset_y: 393
              precision    recall  f1-score   support

           0       0.65      0.88      0.74       251
           1       0.42      0.15      0.23       142

    accuracy                           0.62       393
   macro avg       0.53      0.52      0.49       393
weighted avg       0.56      0.62      0.56       393

accuracy: 0.6157760814249363
0.22564102564102564
@@@ tn: 220, fp: 31, fn: 120, tp: 22
@@@ LIME - Creating explainer
@@@ LIME - Random Sampling of Instances
iter: 0, sample_no: 57, actual label: 0, predicted: 0
iter: 1, sample_no: 237, actual label: 0, predicted: 0
iter: 2, sample_no: 3, actual label: 1, predicted: 0
iter: 3, sample_no: 282, actual label: 1, predicted: 0
iter: 4, sample_no: 382, actual label: 0, predicted: 0
iter: 5, sample_no: 204, actual label: 0, predicted: 0
iter: 6, sample_no: 206, actual label: 0, predicted: 0
iter: 7, sample_no: 107, actual label: 1, predicted: 0
iter: 8, sample_no: 320, actual label: 0, predicted: 0
iter: 9, sample_no: 67, actual label: 0, predicted: 0
iter: 10, sample_no: 369, actual label: 0, predicted: 0
iter: 11, sample_no: 348, actual label: 0, predicted: 0
iter: 12, sample_no: 113, actual label: 0, predicted: 0
iter: 13, sample_no: 208, actual label: 0, predicted: 0
iter: 14, sample_no: 41, actual label: 0, predicted: 1
iter: 15, sample_no: 225, actual label: 0, predicted: 0
iter: 16, sample_no: 148, actual label: 1, predicted: 0
iter: 17, sample_no: 317, actual label: 0, predicted: 0
iter: 18, sample_no: 166, actual label: 1, predicted: 0
iter: 19, sample_no: 147, actual label: 1, predicted: 0
iter: 20, sample_no: 305, actual label: 0, predicted: 0
iter: 21, sample_no: 162, actual label: 1, predicted: 0
iter: 22, sample_no: 20, actual label: 0, predicted: 0
iter: 23, sample_no: 213, actual label: 0, predicted: 0
iter: 24, sample_no: 326, actual label: 1, predicted: 0
number of samples: 393
AUC 0.6221873071095898
pos_get 142
total recall stop_at 1
@@@ C - Repeat number: 10
will not use leaked features
@@@ D - common_header:  {'F71-anshum@apache.org', 'F104', 'F15-public', 'F123', 'F71-chrism@apache.org', 'F71-ryan@apache.org', 'F3-long[]', 'F71-shalin@apache.org', 'category', 'F77', 'F3-FileInputStream', 'F3-int', 'F3-ValueSource', 'F3-NA', 'F3-Class', 'F126', 'F72', 'F3-String', 'F71-noble@apache.org', 'F41', 'F105', 'F15-private', 'F3-char', 'F15-NA', 'F71-rmuir@apache.org', 'F22', 'F65', 'F3-CharSequence', 'F71-mikemccand@apache.org', 'F71-yonik@apache.org', 'F3-int[]', 'F3-Among[]', 'F71-simonw@apache.org', 'F71-hossman@apache.org', 'F3-char[]', 'F101', 'F71-romseygeek@apache.org', 'F25', 'F71-erick@apache.org', 'F71-jpountz@apache.org', 'F71-shaie@apache.org', 'F71-uschindler@apache.org', 'F3-long', 'F3-boolean', 'F15-protected', 'F3-CharStream', 'F71-markrmiller@apache.org', 'F68', 'F3-Path', 'F71-sarowe@apache.org', 'F71-rjernst@apache.org'}
     F72   F25  ... F71-erick@apache.org F71-uschindler@apache.org
1   4679    97  ...                    0                         1
2   4679    97  ...                    0                         1
3  19865  2075  ...                    0                         1

[3 rows x 50 columns]
;.;
        F72       F25  ...  F71-erick@apache.org  F71-uschindler@apache.org
0  0.035424  0.023909  ...                   0.0                        1.0
1  0.035424  0.023909  ...                   0.0                        1.0
2  0.747947  0.511462  ...                   0.0                        1.0

[3 rows x 50 columns]
training_x: (3259, 50)
training_y: 3259
testset_x: (393, 50)
testset_y: 393
              precision    recall  f1-score   support

           0       0.65      0.88      0.74       251
           1       0.42      0.15      0.23       142

    accuracy                           0.62       393
   macro avg       0.53      0.52      0.49       393
weighted avg       0.56      0.62      0.56       393

accuracy: 0.6157760814249363
0.22564102564102564
@@@ tn: 220, fp: 31, fn: 120, tp: 22
@@@ LIME - Creating explainer
@@@ LIME - Random Sampling of Instances
iter: 0, sample_no: 156, actual label: 1, predicted: 0
iter: 1, sample_no: 36, actual label: 0, predicted: 0
iter: 2, sample_no: 19, actual label: 0, predicted: 0
iter: 3, sample_no: 82, actual label: 0, predicted: 0
iter: 4, sample_no: 75, actual label: 0, predicted: 0
iter: 5, sample_no: 122, actual label: 0, predicted: 0
iter: 6, sample_no: 370, actual label: 1, predicted: 0
iter: 7, sample_no: 221, actual label: 0, predicted: 0
iter: 8, sample_no: 140, actual label: 1, predicted: 0
iter: 9, sample_no: 296, actual label: 0, predicted: 1
iter: 10, sample_no: 145, actual label: 1, predicted: 0
iter: 11, sample_no: 111, actual label: 1, predicted: 0
iter: 12, sample_no: 172, actual label: 1, predicted: 0
iter: 13, sample_no: 214, actual label: 0, predicted: 0
iter: 14, sample_no: 333, actual label: 1, predicted: 1
iter: 15, sample_no: 351, actual label: 1, predicted: 0
iter: 16, sample_no: 340, actual label: 0, predicted: 1
iter: 17, sample_no: 120, actual label: 1, predicted: 1
iter: 18, sample_no: 55, actual label: 0, predicted: 0
iter: 19, sample_no: 166, actual label: 1, predicted: 0
iter: 20, sample_no: 82, actual label: 0, predicted: 0
iter: 21, sample_no: 312, actual label: 1, predicted: 0
iter: 22, sample_no: 315, actual label: 0, predicted: 0
iter: 23, sample_no: 140, actual label: 1, predicted: 0
iter: 24, sample_no: 300, actual label: 0, predicted: 0
number of samples: 393
AUC 0.6221311935357163
pos_get 142
total recall stop_at 1
----------threshold stop at----------: 1
AUC [0.6221592503226531, 0.6221873071095898, 0.6221592503226531, 0.6221592503226531, 0.6221592503226531, 0.6221592503226531, 0.6221873071095898, 0.6221592503226531, 0.6221873071095898, 0.6221311935357163]
AUC_median 0.6221592503226531
AUC_iqr 2.1042590202524636e-05
cost [1, 1, 1, 1, 1, 1, 1, 1, 1, 1]
COST_med 1.0
COST_iqr 0.0
f1_pos_list [np.float64(0.22564102564102564), np.float64(0.22564102564102564), np.float64(0.22564102564102564), np.float64(0.22564102564102564), np.float64(0.22564102564102564), np.float64(0.22564102564102564), np.float64(0.22564102564102564), np.float64(0.22564102564102564), np.float64(0.22564102564102564), np.float64(0.22564102564102564)]
f1_pos_med 0.22564102564102564
total_tn 2200
total_fp 310
total_fn 1200
total_tp 220
p= 0.41509433962264153
r= 0.15492957746478872
f= 0.22564102564102562
