@@@ A - classifier: SVC(class_weight='balanced', kernel='linear', probability=True)
@@@ B - threshold stop at: 1
@@@ C - Repeat number: 1
will not use leaked features
@@@ D - common_header:  {'F71-dbrosius@apache.org', 'F3-ByteBuffer', 'F25', 'F15-private', 'F71-yukim@apache.org', 'F71-gdusbabek@apache.org', 'F3-char', 'F71-vijay2win@gmail.com', 'F3-PrintStream', 'F3-ListenableFutureTask', 'F71-benedict@apache.org', 'F3-SSTableReader', 'F3-arg0.name().toByteBuffer()', 'F3-int', 'F22', 'F3-String[]', 'F71-johan@apache.org', 'F105', 'F15-public', 'F71-aleksey@apache.org', 'F68', 'F126', 'F3-boolean', 'F41', 'F71-jakers@gmail.com', 'F3-Class', 'F71-xedin@apache.org', 'F3-long', 'F65', 'F71-jmckenzie@apache.org', 'F101', 'F71-tyler@datastax.com', 'F71-jake@apache.org', 'F3-BitSet', 'F15-NA', 'F3-DecoratedKey', 'F71-brandonwilliams@apache.org', 'F123', 'F15-protected', 'F77', 'F3-String', 'F71-marcuse@apache.org', 'F72', 'F3-input', 'F71-jbellis@apache.org', 'F71-eevans@apache.org', 'F71-slebresne@apache.org', 'F3-byte[]', 'F71-sylvain@datastax.com', 'F104', 'F3-Thread', 'F71-dbrosius@mebigfatguy.com', 'F3-InetAddress', 'category', 'F3-NA', 'F3-EncryptionOptions'}
     F72   F25  ... F71-tyler@datastax.com F71-slebresne@apache.org
1  10814  1620  ...                      1                        0
2  10814  1620  ...                      1                        0
3  10896  1629  ...                      0                        0

[3 rows x 55 columns]
;.;
        F72       F25  ...  F71-tyler@datastax.com  F71-slebresne@apache.org
0  0.743258  0.700389  ...                     1.0                       0.0
1  0.743258  0.700389  ...                     1.0                       0.0
2  0.750369  0.704280  ...                     0.0                       0.0

[3 rows x 55 columns]
training_x: (2584, 55)
training_y: 2584
testset_x: (2601, 55)
testset_y: 2601
              precision    recall  f1-score   support

           0       0.95      0.74      0.83      2245
           1       0.31      0.77      0.45       356

    accuracy                           0.74      2601
   macro avg       0.63      0.75      0.64      2601
weighted avg       0.86      0.74      0.78      2601

accuracy: 0.7397154940407535
0.446443172526574
@@@ tn: 1651, fp: 594, fn: 83, tp: 273
@@@ LIME - Creating explainer
@@@ LIME - Random Sampling of Instances
iter: 0, sample_no: 2303, actual label: 1, predicted: 1
iter: 1, sample_no: 783, actual label: 0, predicted: 1
iter: 2, sample_no: 2275, actual label: 1, predicted: 1
iter: 3, sample_no: 912, actual label: 0, predicted: 1
iter: 4, sample_no: 1042, actual label: 0, predicted: 1
iter: 5, sample_no: 1436, actual label: 0, predicted: 1
iter: 6, sample_no: 589, actual label: 0, predicted: 0
iter: 7, sample_no: 2226, actual label: 0, predicted: 0
iter: 8, sample_no: 1234, actual label: 0, predicted: 0
iter: 9, sample_no: 271, actual label: 0, predicted: 0
iter: 10, sample_no: 1544, actual label: 0, predicted: 0
iter: 11, sample_no: 1561, actual label: 0, predicted: 1
iter: 12, sample_no: 1706, actual label: 0, predicted: 0
iter: 13, sample_no: 1579, actual label: 0, predicted: 1
iter: 14, sample_no: 771, actual label: 0, predicted: 1
iter: 15, sample_no: 2195, actual label: 0, predicted: 0
iter: 16, sample_no: 1912, actual label: 0, predicted: 0
iter: 17, sample_no: 2204, actual label: 0, predicted: 0
iter: 18, sample_no: 1337, actual label: 0, predicted: 0
iter: 19, sample_no: 2181, actual label: 0, predicted: 0
iter: 20, sample_no: 1592, actual label: 0, predicted: 0
iter: 21, sample_no: 382, actual label: 0, predicted: 0
iter: 22, sample_no: 1194, actual label: 0, predicted: 1
iter: 23, sample_no: 957, actual label: 1, predicted: 0
iter: 24, sample_no: 1353, actual label: 0, predicted: 1
number of samples: 2601
AUC 0.8590782262706138
pos_get 356
total recall stop_at 1.0
@@@ C - Repeat number: 2
will not use leaked features
@@@ D - common_header:  {'F71-dbrosius@apache.org', 'F3-ByteBuffer', 'F25', 'F15-private', 'F71-yukim@apache.org', 'F71-gdusbabek@apache.org', 'F3-char', 'F71-vijay2win@gmail.com', 'F3-PrintStream', 'F3-ListenableFutureTask', 'F71-benedict@apache.org', 'F3-SSTableReader', 'F3-arg0.name().toByteBuffer()', 'F3-int', 'F22', 'F3-String[]', 'F71-johan@apache.org', 'F105', 'F15-public', 'F71-aleksey@apache.org', 'F68', 'F126', 'F3-boolean', 'F41', 'F71-jakers@gmail.com', 'F3-Class', 'F71-xedin@apache.org', 'F3-long', 'F65', 'F71-jmckenzie@apache.org', 'F101', 'F71-tyler@datastax.com', 'F71-jake@apache.org', 'F3-BitSet', 'F15-NA', 'F3-DecoratedKey', 'F71-brandonwilliams@apache.org', 'F123', 'F15-protected', 'F77', 'F3-String', 'F71-marcuse@apache.org', 'F72', 'F3-input', 'F71-jbellis@apache.org', 'F71-eevans@apache.org', 'F71-slebresne@apache.org', 'F3-byte[]', 'F71-sylvain@datastax.com', 'F104', 'F3-Thread', 'F71-dbrosius@mebigfatguy.com', 'F3-InetAddress', 'category', 'F3-NA', 'F3-EncryptionOptions'}
     F72   F25  ... F71-tyler@datastax.com F71-slebresne@apache.org
1  10814  1620  ...                      1                        0
2  10814  1620  ...                      1                        0
3  10896  1629  ...                      0                        0

[3 rows x 55 columns]
;.;
        F72       F25  ...  F71-tyler@datastax.com  F71-slebresne@apache.org
0  0.743258  0.700389  ...                     1.0                       0.0
1  0.743258  0.700389  ...                     1.0                       0.0
2  0.750369  0.704280  ...                     0.0                       0.0

[3 rows x 55 columns]
training_x: (2584, 55)
training_y: 2584
testset_x: (2601, 55)
testset_y: 2601
              precision    recall  f1-score   support

           0       0.95      0.74      0.83      2245
           1       0.31      0.77      0.45       356

    accuracy                           0.74      2601
   macro avg       0.63      0.75      0.64      2601
weighted avg       0.86      0.74      0.78      2601

accuracy: 0.7397154940407535
0.446443172526574
@@@ tn: 1651, fp: 594, fn: 83, tp: 273
@@@ LIME - Creating explainer
@@@ LIME - Random Sampling of Instances
iter: 0, sample_no: 1197, actual label: 0, predicted: 1
iter: 1, sample_no: 2457, actual label: 0, predicted: 0
iter: 2, sample_no: 594, actual label: 0, predicted: 0
iter: 3, sample_no: 765, actual label: 0, predicted: 1
iter: 4, sample_no: 86, actual label: 0, predicted: 0
iter: 5, sample_no: 250, actual label: 0, predicted: 0
iter: 6, sample_no: 1107, actual label: 0, predicted: 0
iter: 7, sample_no: 794, actual label: 0, predicted: 0
iter: 8, sample_no: 841, actual label: 0, predicted: 0
iter: 9, sample_no: 495, actual label: 0, predicted: 0
iter: 10, sample_no: 514, actual label: 0, predicted: 0
iter: 11, sample_no: 1157, actual label: 0, predicted: 0
iter: 12, sample_no: 2280, actual label: 1, predicted: 1
iter: 13, sample_no: 2381, actual label: 0, predicted: 0
iter: 14, sample_no: 1500, actual label: 0, predicted: 0
iter: 15, sample_no: 519, actual label: 0, predicted: 0
iter: 16, sample_no: 1101, actual label: 0, predicted: 0
iter: 17, sample_no: 2281, actual label: 1, predicted: 1
iter: 18, sample_no: 561, actual label: 0, predicted: 0
iter: 19, sample_no: 712, actual label: 0, predicted: 0
iter: 20, sample_no: 1855, actual label: 0, predicted: 0
iter: 21, sample_no: 636, actual label: 0, predicted: 0
iter: 22, sample_no: 980, actual label: 0, predicted: 0
iter: 23, sample_no: 128, actual label: 0, predicted: 0
iter: 24, sample_no: 2380, actual label: 0, predicted: 1
number of samples: 2601
AUC 0.8591063787192513
pos_get 356
total recall stop_at 1.0
@@@ C - Repeat number: 3
will not use leaked features
@@@ D - common_header:  {'F71-dbrosius@apache.org', 'F3-ByteBuffer', 'F25', 'F15-private', 'F71-yukim@apache.org', 'F71-gdusbabek@apache.org', 'F3-char', 'F71-vijay2win@gmail.com', 'F3-PrintStream', 'F3-ListenableFutureTask', 'F71-benedict@apache.org', 'F3-SSTableReader', 'F3-arg0.name().toByteBuffer()', 'F3-int', 'F22', 'F3-String[]', 'F71-johan@apache.org', 'F105', 'F15-public', 'F71-aleksey@apache.org', 'F68', 'F126', 'F3-boolean', 'F41', 'F71-jakers@gmail.com', 'F3-Class', 'F71-xedin@apache.org', 'F3-long', 'F65', 'F71-jmckenzie@apache.org', 'F101', 'F71-tyler@datastax.com', 'F71-jake@apache.org', 'F3-BitSet', 'F15-NA', 'F3-DecoratedKey', 'F71-brandonwilliams@apache.org', 'F123', 'F15-protected', 'F77', 'F3-String', 'F71-marcuse@apache.org', 'F72', 'F3-input', 'F71-jbellis@apache.org', 'F71-eevans@apache.org', 'F71-slebresne@apache.org', 'F3-byte[]', 'F71-sylvain@datastax.com', 'F104', 'F3-Thread', 'F71-dbrosius@mebigfatguy.com', 'F3-InetAddress', 'category', 'F3-NA', 'F3-EncryptionOptions'}
     F72   F25  ... F71-tyler@datastax.com F71-slebresne@apache.org
1  10814  1620  ...                      1                        0
2  10814  1620  ...                      1                        0
3  10896  1629  ...                      0                        0

[3 rows x 55 columns]
;.;
        F72       F25  ...  F71-tyler@datastax.com  F71-slebresne@apache.org
0  0.743258  0.700389  ...                     1.0                       0.0
1  0.743258  0.700389  ...                     1.0                       0.0
2  0.750369  0.704280  ...                     0.0                       0.0

[3 rows x 55 columns]
training_x: (2584, 55)
training_y: 2584
testset_x: (2601, 55)
testset_y: 2601
              precision    recall  f1-score   support

           0       0.95      0.74      0.83      2245
           1       0.31      0.77      0.45       356

    accuracy                           0.74      2601
   macro avg       0.63      0.75      0.64      2601
weighted avg       0.86      0.74      0.78      2601

accuracy: 0.7397154940407535
0.446443172526574
@@@ tn: 1651, fp: 594, fn: 83, tp: 273
@@@ LIME - Creating explainer
@@@ LIME - Random Sampling of Instances
iter: 0, sample_no: 2462, actual label: 1, predicted: 1
iter: 1, sample_no: 2026, actual label: 0, predicted: 0
iter: 2, sample_no: 2005, actual label: 0, predicted: 0
iter: 3, sample_no: 2040, actual label: 0, predicted: 0
iter: 4, sample_no: 1466, actual label: 0, predicted: 1
iter: 5, sample_no: 1643, actual label: 0, predicted: 0
iter: 6, sample_no: 1441, actual label: 0, predicted: 1
iter: 7, sample_no: 482, actual label: 0, predicted: 0
iter: 8, sample_no: 869, actual label: 0, predicted: 0
iter: 9, sample_no: 2131, actual label: 0, predicted: 0
iter: 10, sample_no: 2562, actual label: 0, predicted: 1
iter: 11, sample_no: 2238, actual label: 0, predicted: 0
iter: 12, sample_no: 1958, actual label: 0, predicted: 0
iter: 13, sample_no: 1890, actual label: 1, predicted: 1
iter: 14, sample_no: 1824, actual label: 0, predicted: 0
iter: 15, sample_no: 1261, actual label: 1, predicted: 1
iter: 16, sample_no: 744, actual label: 0, predicted: 0
iter: 17, sample_no: 487, actual label: 0, predicted: 0
iter: 18, sample_no: 970, actual label: 1, predicted: 1
iter: 19, sample_no: 2552, actual label: 0, predicted: 0
iter: 20, sample_no: 2481, actual label: 0, predicted: 0
iter: 21, sample_no: 2053, actual label: 0, predicted: 0
iter: 22, sample_no: 1129, actual label: 0, predicted: 1
iter: 23, sample_no: 139, actual label: 0, predicted: 0
iter: 24, sample_no: 1953, actual label: 0, predicted: 0
number of samples: 2601
AUC 0.8591001226195542
pos_get 356
total recall stop_at 1.0
@@@ C - Repeat number: 4
will not use leaked features
@@@ D - common_header:  {'F71-dbrosius@apache.org', 'F3-ByteBuffer', 'F25', 'F15-private', 'F71-yukim@apache.org', 'F71-gdusbabek@apache.org', 'F3-char', 'F71-vijay2win@gmail.com', 'F3-PrintStream', 'F3-ListenableFutureTask', 'F71-benedict@apache.org', 'F3-SSTableReader', 'F3-arg0.name().toByteBuffer()', 'F3-int', 'F22', 'F3-String[]', 'F71-johan@apache.org', 'F105', 'F15-public', 'F71-aleksey@apache.org', 'F68', 'F126', 'F3-boolean', 'F41', 'F71-jakers@gmail.com', 'F3-Class', 'F71-xedin@apache.org', 'F3-long', 'F65', 'F71-jmckenzie@apache.org', 'F101', 'F71-tyler@datastax.com', 'F71-jake@apache.org', 'F3-BitSet', 'F15-NA', 'F3-DecoratedKey', 'F71-brandonwilliams@apache.org', 'F123', 'F15-protected', 'F77', 'F3-String', 'F71-marcuse@apache.org', 'F72', 'F3-input', 'F71-jbellis@apache.org', 'F71-eevans@apache.org', 'F71-slebresne@apache.org', 'F3-byte[]', 'F71-sylvain@datastax.com', 'F104', 'F3-Thread', 'F71-dbrosius@mebigfatguy.com', 'F3-InetAddress', 'category', 'F3-NA', 'F3-EncryptionOptions'}
     F72   F25  ... F71-tyler@datastax.com F71-slebresne@apache.org
1  10814  1620  ...                      1                        0
2  10814  1620  ...                      1                        0
3  10896  1629  ...                      0                        0

[3 rows x 55 columns]
;.;
        F72       F25  ...  F71-tyler@datastax.com  F71-slebresne@apache.org
0  0.743258  0.700389  ...                     1.0                       0.0
1  0.743258  0.700389  ...                     1.0                       0.0
2  0.750369  0.704280  ...                     0.0                       0.0

[3 rows x 55 columns]
training_x: (2584, 55)
training_y: 2584
testset_x: (2601, 55)
testset_y: 2601
              precision    recall  f1-score   support

           0       0.95      0.74      0.83      2245
           1       0.31      0.77      0.45       356

    accuracy                           0.74      2601
   macro avg       0.63      0.75      0.64      2601
weighted avg       0.86      0.74      0.78      2601

accuracy: 0.7397154940407535
0.446443172526574
@@@ tn: 1651, fp: 594, fn: 83, tp: 273
@@@ LIME - Creating explainer
@@@ LIME - Random Sampling of Instances
iter: 0, sample_no: 1576, actual label: 0, predicted: 0
iter: 1, sample_no: 1101, actual label: 0, predicted: 0
iter: 2, sample_no: 2227, actual label: 0, predicted: 0
iter: 3, sample_no: 309, actual label: 0, predicted: 0
iter: 4, sample_no: 1059, actual label: 0, predicted: 1
iter: 5, sample_no: 2010, actual label: 0, predicted: 0
iter: 6, sample_no: 2273, actual label: 1, predicted: 1
iter: 7, sample_no: 1352, actual label: 0, predicted: 1
iter: 8, sample_no: 239, actual label: 0, predicted: 0
iter: 9, sample_no: 1257, actual label: 0, predicted: 0
iter: 10, sample_no: 1928, actual label: 0, predicted: 0
iter: 11, sample_no: 2598, actual label: 1, predicted: 1
iter: 12, sample_no: 154, actual label: 0, predicted: 0
iter: 13, sample_no: 1856, actual label: 0, predicted: 0
iter: 14, sample_no: 1870, actual label: 0, predicted: 0
iter: 15, sample_no: 166, actual label: 0, predicted: 0
iter: 16, sample_no: 2570, actual label: 1, predicted: 1
iter: 17, sample_no: 932, actual label: 0, predicted: 0
iter: 18, sample_no: 341, actual label: 0, predicted: 0
iter: 19, sample_no: 1056, actual label: 0, predicted: 0
iter: 20, sample_no: 281, actual label: 0, predicted: 1
iter: 21, sample_no: 1830, actual label: 0, predicted: 0
iter: 22, sample_no: 701, actual label: 0, predicted: 0
iter: 23, sample_no: 1523, actual label: 0, predicted: 0
iter: 24, sample_no: 1624, actual label: 1, predicted: 1
number of samples: 2601
AUC 0.8591195165286153
pos_get 356
total recall stop_at 1.0
@@@ C - Repeat number: 5
will not use leaked features
@@@ D - common_header:  {'F71-dbrosius@apache.org', 'F3-ByteBuffer', 'F25', 'F15-private', 'F71-yukim@apache.org', 'F71-gdusbabek@apache.org', 'F3-char', 'F71-vijay2win@gmail.com', 'F3-PrintStream', 'F3-ListenableFutureTask', 'F71-benedict@apache.org', 'F3-SSTableReader', 'F3-arg0.name().toByteBuffer()', 'F3-int', 'F22', 'F3-String[]', 'F71-johan@apache.org', 'F105', 'F15-public', 'F71-aleksey@apache.org', 'F68', 'F126', 'F3-boolean', 'F41', 'F71-jakers@gmail.com', 'F3-Class', 'F71-xedin@apache.org', 'F3-long', 'F65', 'F71-jmckenzie@apache.org', 'F101', 'F71-tyler@datastax.com', 'F71-jake@apache.org', 'F3-BitSet', 'F15-NA', 'F3-DecoratedKey', 'F71-brandonwilliams@apache.org', 'F123', 'F15-protected', 'F77', 'F3-String', 'F71-marcuse@apache.org', 'F72', 'F3-input', 'F71-jbellis@apache.org', 'F71-eevans@apache.org', 'F71-slebresne@apache.org', 'F3-byte[]', 'F71-sylvain@datastax.com', 'F104', 'F3-Thread', 'F71-dbrosius@mebigfatguy.com', 'F3-InetAddress', 'category', 'F3-NA', 'F3-EncryptionOptions'}
     F72   F25  ... F71-tyler@datastax.com F71-slebresne@apache.org
1  10814  1620  ...                      1                        0
2  10814  1620  ...                      1                        0
3  10896  1629  ...                      0                        0

[3 rows x 55 columns]
;.;
        F72       F25  ...  F71-tyler@datastax.com  F71-slebresne@apache.org
0  0.743258  0.700389  ...                     1.0                       0.0
1  0.743258  0.700389  ...                     1.0                       0.0
2  0.750369  0.704280  ...                     0.0                       0.0

[3 rows x 55 columns]
training_x: (2584, 55)
training_y: 2584
testset_x: (2601, 55)
testset_y: 2601
              precision    recall  f1-score   support

           0       0.95      0.74      0.83      2245
           1       0.31      0.77      0.45       356

    accuracy                           0.74      2601
   macro avg       0.63      0.75      0.64      2601
weighted avg       0.86      0.74      0.78      2601

accuracy: 0.7397154940407535
0.446443172526574
@@@ tn: 1651, fp: 594, fn: 83, tp: 273
@@@ LIME - Creating explainer
@@@ LIME - Random Sampling of Instances
iter: 0, sample_no: 1926, actual label: 0, predicted: 0
iter: 1, sample_no: 1663, actual label: 0, predicted: 0
iter: 2, sample_no: 1624, actual label: 1, predicted: 1
iter: 3, sample_no: 529, actual label: 0, predicted: 0
iter: 4, sample_no: 2512, actual label: 0, predicted: 0
iter: 5, sample_no: 1452, actual label: 1, predicted: 1
iter: 6, sample_no: 1254, actual label: 0, predicted: 0
iter: 7, sample_no: 2188, actual label: 0, predicted: 0
iter: 8, sample_no: 210, actual label: 0, predicted: 1
iter: 9, sample_no: 1437, actual label: 1, predicted: 1
iter: 10, sample_no: 207, actual label: 0, predicted: 1
iter: 11, sample_no: 597, actual label: 0, predicted: 0
iter: 12, sample_no: 2561, actual label: 0, predicted: 1
iter: 13, sample_no: 1907, actual label: 0, predicted: 0
iter: 14, sample_no: 709, actual label: 0, predicted: 0
iter: 15, sample_no: 853, actual label: 0, predicted: 0
iter: 16, sample_no: 1638, actual label: 1, predicted: 1
iter: 17, sample_no: 2328, actual label: 0, predicted: 1
iter: 18, sample_no: 106, actual label: 0, predicted: 0
iter: 19, sample_no: 2168, actual label: 0, predicted: 0
iter: 20, sample_no: 2209, actual label: 0, predicted: 0
iter: 21, sample_no: 802, actual label: 0, predicted: 0
iter: 22, sample_no: 862, actual label: 0, predicted: 1
iter: 23, sample_no: 2110, actual label: 0, predicted: 0
iter: 24, sample_no: 631, actual label: 0, predicted: 0
number of samples: 2601
AUC 0.8590882360301293
pos_get 356
total recall stop_at 1.0
@@@ C - Repeat number: 6
will not use leaked features
@@@ D - common_header:  {'F71-dbrosius@apache.org', 'F3-ByteBuffer', 'F25', 'F15-private', 'F71-yukim@apache.org', 'F71-gdusbabek@apache.org', 'F3-char', 'F71-vijay2win@gmail.com', 'F3-PrintStream', 'F3-ListenableFutureTask', 'F71-benedict@apache.org', 'F3-SSTableReader', 'F3-arg0.name().toByteBuffer()', 'F3-int', 'F22', 'F3-String[]', 'F71-johan@apache.org', 'F105', 'F15-public', 'F71-aleksey@apache.org', 'F68', 'F126', 'F3-boolean', 'F41', 'F71-jakers@gmail.com', 'F3-Class', 'F71-xedin@apache.org', 'F3-long', 'F65', 'F71-jmckenzie@apache.org', 'F101', 'F71-tyler@datastax.com', 'F71-jake@apache.org', 'F3-BitSet', 'F15-NA', 'F3-DecoratedKey', 'F71-brandonwilliams@apache.org', 'F123', 'F15-protected', 'F77', 'F3-String', 'F71-marcuse@apache.org', 'F72', 'F3-input', 'F71-jbellis@apache.org', 'F71-eevans@apache.org', 'F71-slebresne@apache.org', 'F3-byte[]', 'F71-sylvain@datastax.com', 'F104', 'F3-Thread', 'F71-dbrosius@mebigfatguy.com', 'F3-InetAddress', 'category', 'F3-NA', 'F3-EncryptionOptions'}
     F72   F25  ... F71-tyler@datastax.com F71-slebresne@apache.org
1  10814  1620  ...                      1                        0
2  10814  1620  ...                      1                        0
3  10896  1629  ...                      0                        0

[3 rows x 55 columns]
;.;
        F72       F25  ...  F71-tyler@datastax.com  F71-slebresne@apache.org
0  0.743258  0.700389  ...                     1.0                       0.0
1  0.743258  0.700389  ...                     1.0                       0.0
2  0.750369  0.704280  ...                     0.0                       0.0

[3 rows x 55 columns]
training_x: (2584, 55)
training_y: 2584
testset_x: (2601, 55)
testset_y: 2601
              precision    recall  f1-score   support

           0       0.95      0.74      0.83      2245
           1       0.31      0.77      0.45       356

    accuracy                           0.74      2601
   macro avg       0.63      0.75      0.64      2601
weighted avg       0.86      0.74      0.78      2601

accuracy: 0.7397154940407535
0.446443172526574
@@@ tn: 1651, fp: 594, fn: 83, tp: 273
@@@ LIME - Creating explainer
@@@ LIME - Random Sampling of Instances
iter: 0, sample_no: 1361, actual label: 0, predicted: 1
iter: 1, sample_no: 1683, actual label: 0, predicted: 0
iter: 2, sample_no: 2296, actual label: 1, predicted: 1
iter: 3, sample_no: 198, actual label: 0, predicted: 0
iter: 4, sample_no: 852, actual label: 0, predicted: 1
iter: 5, sample_no: 939, actual label: 0, predicted: 1
iter: 6, sample_no: 257, actual label: 0, predicted: 0
iter: 7, sample_no: 1289, actual label: 0, predicted: 1
iter: 8, sample_no: 776, actual label: 1, predicted: 1
iter: 9, sample_no: 2112, actual label: 0, predicted: 0
iter: 10, sample_no: 1058, actual label: 0, predicted: 1
iter: 11, sample_no: 1029, actual label: 0, predicted: 1
iter: 12, sample_no: 1828, actual label: 0, predicted: 0
iter: 13, sample_no: 1720, actual label: 0, predicted: 0
iter: 14, sample_no: 2087, actual label: 0, predicted: 0
iter: 15, sample_no: 431, actual label: 0, predicted: 0
iter: 16, sample_no: 288, actual label: 0, predicted: 0
iter: 17, sample_no: 10, actual label: 0, predicted: 1
iter: 18, sample_no: 1350, actual label: 0, predicted: 1
iter: 19, sample_no: 2106, actual label: 0, predicted: 0
iter: 20, sample_no: 809, actual label: 0, predicted: 0
iter: 21, sample_no: 1677, actual label: 0, predicted: 0
iter: 22, sample_no: 1630, actual label: 1, predicted: 1
iter: 23, sample_no: 870, actual label: 0, predicted: 1
iter: 24, sample_no: 486, actual label: 0, predicted: 0
number of samples: 2601
AUC 0.8591188909186457
pos_get 356
total recall stop_at 1.0
@@@ C - Repeat number: 7
will not use leaked features
@@@ D - common_header:  {'F71-dbrosius@apache.org', 'F3-ByteBuffer', 'F25', 'F15-private', 'F71-yukim@apache.org', 'F71-gdusbabek@apache.org', 'F3-char', 'F71-vijay2win@gmail.com', 'F3-PrintStream', 'F3-ListenableFutureTask', 'F71-benedict@apache.org', 'F3-SSTableReader', 'F3-arg0.name().toByteBuffer()', 'F3-int', 'F22', 'F3-String[]', 'F71-johan@apache.org', 'F105', 'F15-public', 'F71-aleksey@apache.org', 'F68', 'F126', 'F3-boolean', 'F41', 'F71-jakers@gmail.com', 'F3-Class', 'F71-xedin@apache.org', 'F3-long', 'F65', 'F71-jmckenzie@apache.org', 'F101', 'F71-tyler@datastax.com', 'F71-jake@apache.org', 'F3-BitSet', 'F15-NA', 'F3-DecoratedKey', 'F71-brandonwilliams@apache.org', 'F123', 'F15-protected', 'F77', 'F3-String', 'F71-marcuse@apache.org', 'F72', 'F3-input', 'F71-jbellis@apache.org', 'F71-eevans@apache.org', 'F71-slebresne@apache.org', 'F3-byte[]', 'F71-sylvain@datastax.com', 'F104', 'F3-Thread', 'F71-dbrosius@mebigfatguy.com', 'F3-InetAddress', 'category', 'F3-NA', 'F3-EncryptionOptions'}
     F72   F25  ... F71-tyler@datastax.com F71-slebresne@apache.org
1  10814  1620  ...                      1                        0
2  10814  1620  ...                      1                        0
3  10896  1629  ...                      0                        0

[3 rows x 55 columns]
;.;
        F72       F25  ...  F71-tyler@datastax.com  F71-slebresne@apache.org
0  0.743258  0.700389  ...                     1.0                       0.0
1  0.743258  0.700389  ...                     1.0                       0.0
2  0.750369  0.704280  ...                     0.0                       0.0

[3 rows x 55 columns]
training_x: (2584, 55)
training_y: 2584
testset_x: (2601, 55)
testset_y: 2601
              precision    recall  f1-score   support

           0       0.95      0.74      0.83      2245
           1       0.31      0.77      0.45       356

    accuracy                           0.74      2601
   macro avg       0.63      0.75      0.64      2601
weighted avg       0.86      0.74      0.78      2601

accuracy: 0.7397154940407535
0.446443172526574
@@@ tn: 1651, fp: 594, fn: 83, tp: 273
@@@ LIME - Creating explainer
@@@ LIME - Random Sampling of Instances
iter: 0, sample_no: 1709, actual label: 0, predicted: 0
iter: 1, sample_no: 1512, actual label: 0, predicted: 1
iter: 2, sample_no: 1395, actual label: 0, predicted: 0
iter: 3, sample_no: 133, actual label: 0, predicted: 0
iter: 4, sample_no: 1771, actual label: 0, predicted: 0
iter: 5, sample_no: 911, actual label: 1, predicted: 1
iter: 6, sample_no: 675, actual label: 0, predicted: 0
iter: 7, sample_no: 2362, actual label: 1, predicted: 1
iter: 8, sample_no: 2127, actual label: 0, predicted: 0
iter: 9, sample_no: 2491, actual label: 0, predicted: 1
iter: 10, sample_no: 931, actual label: 0, predicted: 1
iter: 11, sample_no: 1050, actual label: 0, predicted: 0
iter: 12, sample_no: 2427, actual label: 0, predicted: 1
iter: 13, sample_no: 481, actual label: 0, predicted: 0
iter: 14, sample_no: 1839, actual label: 0, predicted: 0
iter: 15, sample_no: 1120, actual label: 0, predicted: 1
iter: 16, sample_no: 2495, actual label: 0, predicted: 1
iter: 17, sample_no: 1298, actual label: 0, predicted: 1
iter: 18, sample_no: 789, actual label: 0, predicted: 0
iter: 19, sample_no: 205, actual label: 0, predicted: 1
iter: 20, sample_no: 1532, actual label: 1, predicted: 0
iter: 21, sample_no: 739, actual label: 1, predicted: 1
iter: 22, sample_no: 48, actual label: 0, predicted: 1
iter: 23, sample_no: 2086, actual label: 0, predicted: 0
iter: 24, sample_no: 1831, actual label: 0, predicted: 0
number of samples: 2601
AUC 0.859080103100523
pos_get 356
total recall stop_at 1.0
@@@ C - Repeat number: 8
will not use leaked features
@@@ D - common_header:  {'F71-dbrosius@apache.org', 'F3-ByteBuffer', 'F25', 'F15-private', 'F71-yukim@apache.org', 'F71-gdusbabek@apache.org', 'F3-char', 'F71-vijay2win@gmail.com', 'F3-PrintStream', 'F3-ListenableFutureTask', 'F71-benedict@apache.org', 'F3-SSTableReader', 'F3-arg0.name().toByteBuffer()', 'F3-int', 'F22', 'F3-String[]', 'F71-johan@apache.org', 'F105', 'F15-public', 'F71-aleksey@apache.org', 'F68', 'F126', 'F3-boolean', 'F41', 'F71-jakers@gmail.com', 'F3-Class', 'F71-xedin@apache.org', 'F3-long', 'F65', 'F71-jmckenzie@apache.org', 'F101', 'F71-tyler@datastax.com', 'F71-jake@apache.org', 'F3-BitSet', 'F15-NA', 'F3-DecoratedKey', 'F71-brandonwilliams@apache.org', 'F123', 'F15-protected', 'F77', 'F3-String', 'F71-marcuse@apache.org', 'F72', 'F3-input', 'F71-jbellis@apache.org', 'F71-eevans@apache.org', 'F71-slebresne@apache.org', 'F3-byte[]', 'F71-sylvain@datastax.com', 'F104', 'F3-Thread', 'F71-dbrosius@mebigfatguy.com', 'F3-InetAddress', 'category', 'F3-NA', 'F3-EncryptionOptions'}
     F72   F25  ... F71-tyler@datastax.com F71-slebresne@apache.org
1  10814  1620  ...                      1                        0
2  10814  1620  ...                      1                        0
3  10896  1629  ...                      0                        0

[3 rows x 55 columns]
;.;
        F72       F25  ...  F71-tyler@datastax.com  F71-slebresne@apache.org
0  0.743258  0.700389  ...                     1.0                       0.0
1  0.743258  0.700389  ...                     1.0                       0.0
2  0.750369  0.704280  ...                     0.0                       0.0

[3 rows x 55 columns]
training_x: (2584, 55)
training_y: 2584
testset_x: (2601, 55)
testset_y: 2601
              precision    recall  f1-score   support

           0       0.95      0.74      0.83      2245
           1       0.31      0.77      0.45       356

    accuracy                           0.74      2601
   macro avg       0.63      0.75      0.64      2601
weighted avg       0.86      0.74      0.78      2601

accuracy: 0.7397154940407535
0.446443172526574
@@@ tn: 1651, fp: 594, fn: 83, tp: 273
@@@ LIME - Creating explainer
@@@ LIME - Random Sampling of Instances
iter: 0, sample_no: 1504, actual label: 1, predicted: 0
iter: 1, sample_no: 1711, actual label: 0, predicted: 0
iter: 2, sample_no: 585, actual label: 0, predicted: 0
iter: 3, sample_no: 1721, actual label: 0, predicted: 0
iter: 4, sample_no: 1440, actual label: 0, predicted: 0
iter: 5, sample_no: 1579, actual label: 0, predicted: 1
iter: 6, sample_no: 125, actual label: 0, predicted: 0
iter: 7, sample_no: 1935, actual label: 0, predicted: 0
iter: 8, sample_no: 836, actual label: 0, predicted: 1
iter: 9, sample_no: 1878, actual label: 0, predicted: 0
iter: 10, sample_no: 115, actual label: 0, predicted: 0
iter: 11, sample_no: 475, actual label: 0, predicted: 0
iter: 12, sample_no: 2121, actual label: 0, predicted: 0
iter: 13, sample_no: 275, actual label: 0, predicted: 0
iter: 14, sample_no: 2532, actual label: 0, predicted: 1
iter: 15, sample_no: 697, actual label: 0, predicted: 0
iter: 16, sample_no: 2564, actual label: 0, predicted: 1
iter: 17, sample_no: 1236, actual label: 0, predicted: 0
iter: 18, sample_no: 686, actual label: 0, predicted: 0
iter: 19, sample_no: 1231, actual label: 0, predicted: 1
iter: 20, sample_no: 2202, actual label: 0, predicted: 0
iter: 21, sample_no: 1919, actual label: 0, predicted: 0
iter: 22, sample_no: 819, actual label: 0, predicted: 0
iter: 23, sample_no: 1170, actual label: 0, predicted: 1
iter: 24, sample_no: 979, actual label: 0, predicted: 0
number of samples: 2601
AUC 0.859093240909887
pos_get 356
total recall stop_at 1.0
@@@ C - Repeat number: 9
will not use leaked features
@@@ D - common_header:  {'F71-dbrosius@apache.org', 'F3-ByteBuffer', 'F25', 'F15-private', 'F71-yukim@apache.org', 'F71-gdusbabek@apache.org', 'F3-char', 'F71-vijay2win@gmail.com', 'F3-PrintStream', 'F3-ListenableFutureTask', 'F71-benedict@apache.org', 'F3-SSTableReader', 'F3-arg0.name().toByteBuffer()', 'F3-int', 'F22', 'F3-String[]', 'F71-johan@apache.org', 'F105', 'F15-public', 'F71-aleksey@apache.org', 'F68', 'F126', 'F3-boolean', 'F41', 'F71-jakers@gmail.com', 'F3-Class', 'F71-xedin@apache.org', 'F3-long', 'F65', 'F71-jmckenzie@apache.org', 'F101', 'F71-tyler@datastax.com', 'F71-jake@apache.org', 'F3-BitSet', 'F15-NA', 'F3-DecoratedKey', 'F71-brandonwilliams@apache.org', 'F123', 'F15-protected', 'F77', 'F3-String', 'F71-marcuse@apache.org', 'F72', 'F3-input', 'F71-jbellis@apache.org', 'F71-eevans@apache.org', 'F71-slebresne@apache.org', 'F3-byte[]', 'F71-sylvain@datastax.com', 'F104', 'F3-Thread', 'F71-dbrosius@mebigfatguy.com', 'F3-InetAddress', 'category', 'F3-NA', 'F3-EncryptionOptions'}
     F72   F25  ... F71-tyler@datastax.com F71-slebresne@apache.org
1  10814  1620  ...                      1                        0
2  10814  1620  ...                      1                        0
3  10896  1629  ...                      0                        0

[3 rows x 55 columns]
;.;
        F72       F25  ...  F71-tyler@datastax.com  F71-slebresne@apache.org
0  0.743258  0.700389  ...                     1.0                       0.0
1  0.743258  0.700389  ...                     1.0                       0.0
2  0.750369  0.704280  ...                     0.0                       0.0

[3 rows x 55 columns]
training_x: (2584, 55)
training_y: 2584
testset_x: (2601, 55)
testset_y: 2601
              precision    recall  f1-score   support

           0       0.95      0.74      0.83      2245
           1       0.31      0.77      0.45       356

    accuracy                           0.74      2601
   macro avg       0.63      0.75      0.64      2601
weighted avg       0.86      0.74      0.78      2601

accuracy: 0.7397154940407535
0.446443172526574
@@@ tn: 1651, fp: 594, fn: 83, tp: 273
@@@ LIME - Creating explainer
@@@ LIME - Random Sampling of Instances
iter: 0, sample_no: 2105, actual label: 0, predicted: 0
iter: 1, sample_no: 188, actual label: 1, predicted: 1
iter: 2, sample_no: 1281, actual label: 0, predicted: 1
iter: 3, sample_no: 1198, actual label: 0, predicted: 1
iter: 4, sample_no: 1168, actual label: 0, predicted: 1
iter: 5, sample_no: 1771, actual label: 0, predicted: 0
iter: 6, sample_no: 2592, actual label: 0, predicted: 1
iter: 7, sample_no: 1417, actual label: 0, predicted: 1
iter: 8, sample_no: 227, actual label: 0, predicted: 0
iter: 9, sample_no: 237, actual label: 0, predicted: 0
iter: 10, sample_no: 624, actual label: 0, predicted: 0
iter: 11, sample_no: 1020, actual label: 0, predicted: 1
iter: 12, sample_no: 1946, actual label: 0, predicted: 0
iter: 13, sample_no: 1157, actual label: 0, predicted: 0
iter: 14, sample_no: 2424, actual label: 0, predicted: 1
iter: 15, sample_no: 1265, actual label: 0, predicted: 0
iter: 16, sample_no: 2127, actual label: 0, predicted: 0
iter: 17, sample_no: 151, actual label: 0, predicted: 0
iter: 18, sample_no: 1541, actual label: 0, predicted: 0
iter: 19, sample_no: 2334, actual label: 1, predicted: 1
iter: 20, sample_no: 2214, actual label: 0, predicted: 0
iter: 21, sample_no: 1991, actual label: 0, predicted: 0
iter: 22, sample_no: 1295, actual label: 0, predicted: 1
iter: 23, sample_no: 2461, actual label: 1, predicted: 1
iter: 24, sample_no: 2081, actual label: 0, predicted: 0
number of samples: 2601
AUC 0.8590938665198569
pos_get 356
total recall stop_at 1.0
@@@ C - Repeat number: 10
will not use leaked features
@@@ D - common_header:  {'F71-dbrosius@apache.org', 'F3-ByteBuffer', 'F25', 'F15-private', 'F71-yukim@apache.org', 'F71-gdusbabek@apache.org', 'F3-char', 'F71-vijay2win@gmail.com', 'F3-PrintStream', 'F3-ListenableFutureTask', 'F71-benedict@apache.org', 'F3-SSTableReader', 'F3-arg0.name().toByteBuffer()', 'F3-int', 'F22', 'F3-String[]', 'F71-johan@apache.org', 'F105', 'F15-public', 'F71-aleksey@apache.org', 'F68', 'F126', 'F3-boolean', 'F41', 'F71-jakers@gmail.com', 'F3-Class', 'F71-xedin@apache.org', 'F3-long', 'F65', 'F71-jmckenzie@apache.org', 'F101', 'F71-tyler@datastax.com', 'F71-jake@apache.org', 'F3-BitSet', 'F15-NA', 'F3-DecoratedKey', 'F71-brandonwilliams@apache.org', 'F123', 'F15-protected', 'F77', 'F3-String', 'F71-marcuse@apache.org', 'F72', 'F3-input', 'F71-jbellis@apache.org', 'F71-eevans@apache.org', 'F71-slebresne@apache.org', 'F3-byte[]', 'F71-sylvain@datastax.com', 'F104', 'F3-Thread', 'F71-dbrosius@mebigfatguy.com', 'F3-InetAddress', 'category', 'F3-NA', 'F3-EncryptionOptions'}
     F72   F25  ... F71-tyler@datastax.com F71-slebresne@apache.org
1  10814  1620  ...                      1                        0
2  10814  1620  ...                      1                        0
3  10896  1629  ...                      0                        0

[3 rows x 55 columns]
;.;
        F72       F25  ...  F71-tyler@datastax.com  F71-slebresne@apache.org
0  0.743258  0.700389  ...                     1.0                       0.0
1  0.743258  0.700389  ...                     1.0                       0.0
2  0.750369  0.704280  ...                     0.0                       0.0

[3 rows x 55 columns]
training_x: (2584, 55)
training_y: 2584
testset_x: (2601, 55)
testset_y: 2601
              precision    recall  f1-score   support

           0       0.95      0.74      0.83      2245
           1       0.31      0.77      0.45       356

    accuracy                           0.74      2601
   macro avg       0.63      0.75      0.64      2601
weighted avg       0.86      0.74      0.78      2601

accuracy: 0.7397154940407535
0.446443172526574
@@@ tn: 1651, fp: 594, fn: 83, tp: 273
@@@ LIME - Creating explainer
@@@ LIME - Random Sampling of Instances
iter: 0, sample_no: 1692, actual label: 0, predicted: 0
iter: 1, sample_no: 1530, actual label: 0, predicted: 0
iter: 2, sample_no: 257, actual label: 0, predicted: 0
iter: 3, sample_no: 1988, actual label: 0, predicted: 0
iter: 4, sample_no: 659, actual label: 0, predicted: 0
iter: 5, sample_no: 98, actual label: 0, predicted: 0
iter: 6, sample_no: 804, actual label: 0, predicted: 1
iter: 7, sample_no: 738, actual label: 1, predicted: 1
iter: 8, sample_no: 1113, actual label: 0, predicted: 1
iter: 9, sample_no: 2548, actual label: 1, predicted: 0
iter: 10, sample_no: 1364, actual label: 1, predicted: 1
iter: 11, sample_no: 638, actual label: 0, predicted: 0
iter: 12, sample_no: 456, actual label: 0, predicted: 0
iter: 13, sample_no: 1674, actual label: 0, predicted: 0
iter: 14, sample_no: 2133, actual label: 0, predicted: 0
iter: 15, sample_no: 678, actual label: 0, predicted: 0
iter: 16, sample_no: 2013, actual label: 0, predicted: 0
iter: 17, sample_no: 714, actual label: 0, predicted: 0
iter: 18, sample_no: 1126, actual label: 0, predicted: 1
iter: 19, sample_no: 2187, actual label: 0, predicted: 0
iter: 20, sample_no: 1856, actual label: 0, predicted: 0
iter: 21, sample_no: 1926, actual label: 0, predicted: 0
iter: 22, sample_no: 1902, actual label: 0, predicted: 0
iter: 23, sample_no: 646, actual label: 0, predicted: 0
iter: 24, sample_no: 1149, actual label: 0, predicted: 1
number of samples: 2601
AUC 0.8590869848101901
pos_get 356
total recall stop_at 1.0
----------threshold stop at----------: 1
AUC [0.8590782262706138, 0.8591063787192513, 0.8591001226195542, 0.8591195165286153, 0.8590882360301293, 0.8591188909186457, 0.859080103100523, 0.859093240909887, 0.8590938665198569, 0.8590869848101901]
AUC_median 0.859093553714872
AUC_iqr 1.7517079152096215e-05
cost [0.7078046905036525, 0.7078046905036525, 0.7078046905036525, 0.7078046905036525, 0.7078046905036525, 0.7078046905036525, 0.7078046905036525, 0.7078046905036525, 0.7078046905036525, 0.7078046905036525]
COST_med 0.7078046905036525
COST_iqr 0.0
f1_pos_list [np.float64(0.446443172526574), np.float64(0.446443172526574), np.float64(0.446443172526574), np.float64(0.446443172526574), np.float64(0.446443172526574), np.float64(0.446443172526574), np.float64(0.446443172526574), np.float64(0.446443172526574), np.float64(0.446443172526574), np.float64(0.446443172526574)]
f1_pos_med 0.446443172526574
total_tn 16510
total_fp 5940
total_fn 830
total_tp 2730
p= 0.314878892733564
r= 0.7668539325842697
f= 0.44644317252657395
