@@@ A - classifier: SVC(class_weight='balanced', kernel='linear', probability=True)
@@@ B - threshold stop at: 1
@@@ C - Repeat number: 1
@@@ D - common_header:  {'F3-null', 'F3-NA', 'F71-funkman@apache.org', 'F115', 'F71-pero@apache.org', 'F65', 'F3-Class<?>[]', 'F3-String', 'F105', 'F71-remm@apache.org', 'F3-byte[]', 'F71-rjung@apache.org', 'F71-jhook@apache.org', 'F126', 'F15-public', 'F3-ObjectName', 'F120', 'F116', 'F25', 'F117', 'F3-Object', 'F71-jfclere@apache.org', 'F3-String[]', 'F3-FileInputStream', 'F3-Session', 'F15-private', 'category', 'F3-boolean', 'F41', 'F3-int', 'F110', 'F71-kkolinko@apache.org', 'F68', 'F71-fhanik@apache.org', 'F3-InputStream', 'F71-kfujino@apache.org', 'F71-timw@apache.org', 'F71-billbarker@apache.org', 'F77', 'F123', 'F71-markt@apache.org', 'F101', 'F71-schultz@apache.org', 'F72', 'F15-NA', 'F71-mturk@apache.org', 'F3-Integer', 'F22', 'F71-slaurent@apache.org', 'F71-costin@apache.org', 'F104', 'F71-idarwin@apache.org', 'F3-Object[]', 'F15-protected', 'F3-long', 'F3-ELContext'}
     F72   F25  ... F71-schultz@apache.org F71-slaurent@apache.org
1  17993  2411  ...                      0                       0
2  17993  2411  ...                      0                       0
3  17993  2411  ...                      0                       0

[3 rows x 55 columns]
;.;
       F72       F25  ...  F71-schultz@apache.org  F71-slaurent@apache.org
0  0.99015  0.975679  ...                     0.0                      0.0
1  0.99015  0.975679  ...                     0.0                      0.0
2  0.99015  0.975679  ...                     0.0                      0.0

[3 rows x 55 columns]
training_x: (1219, 55)
training_y: 1219
testset_x: (226, 55)
testset_y: 226
              precision    recall  f1-score   support

           0       0.56      0.20      0.30       132
           1       0.41      0.78      0.54        94

    accuracy                           0.44       226
   macro avg       0.49      0.49      0.42       226
weighted avg       0.50      0.44      0.40       226

accuracy: 0.4424778761061947
0.5367647058823529
@@@ tn: 27, fp: 105, fn: 21, tp: 73
@@@ LIME - Creating explainer
@@@ LIME - Random Sampling of Instances
iter: 0, sample_no: 64, actual label: 1, predicted: 1
iter: 1, sample_no: 49, actual label: 1, predicted: 1
iter: 2, sample_no: 29, actual label: 1, predicted: 0
iter: 3, sample_no: 154, actual label: 0, predicted: 1
iter: 4, sample_no: 176, actual label: 0, predicted: 1
iter: 5, sample_no: 32, actual label: 0, predicted: 0
iter: 6, sample_no: 198, actual label: 1, predicted: 1
iter: 7, sample_no: 91, actual label: 1, predicted: 1
iter: 8, sample_no: 208, actual label: 0, predicted: 1
iter: 9, sample_no: 103, actual label: 1, predicted: 1
iter: 10, sample_no: 180, actual label: 1, predicted: 1
iter: 11, sample_no: 218, actual label: 0, predicted: 1
iter: 12, sample_no: 79, actual label: 0, predicted: 1
iter: 13, sample_no: 12, actual label: 0, predicted: 1
iter: 14, sample_no: 44, actual label: 1, predicted: 1
iter: 15, sample_no: 173, actual label: 0, predicted: 1
iter: 16, sample_no: 36, actual label: 0, predicted: 1
iter: 17, sample_no: 47, actual label: 1, predicted: 1
iter: 18, sample_no: 32, actual label: 0, predicted: 0
iter: 19, sample_no: 14, actual label: 1, predicted: 1
iter: 20, sample_no: 11, actual label: 0, predicted: 1
iter: 21, sample_no: 159, actual label: 0, predicted: 1
iter: 22, sample_no: 214, actual label: 0, predicted: 1
iter: 23, sample_no: 98, actual label: 0, predicted: 1
iter: 24, sample_no: 155, actual label: 0, predicted: 1
number of samples: 226
AUC 0.5118874919406835
pos_get 94
total recall stop_at 1
@@@ C - Repeat number: 2
@@@ D - common_header:  {'F3-null', 'F3-NA', 'F71-funkman@apache.org', 'F115', 'F71-pero@apache.org', 'F65', 'F3-Class<?>[]', 'F3-String', 'F105', 'F71-remm@apache.org', 'F3-byte[]', 'F71-rjung@apache.org', 'F71-jhook@apache.org', 'F126', 'F15-public', 'F3-ObjectName', 'F120', 'F116', 'F25', 'F117', 'F3-Object', 'F71-jfclere@apache.org', 'F3-String[]', 'F3-FileInputStream', 'F3-Session', 'F15-private', 'category', 'F3-boolean', 'F41', 'F3-int', 'F110', 'F71-kkolinko@apache.org', 'F68', 'F71-fhanik@apache.org', 'F3-InputStream', 'F71-kfujino@apache.org', 'F71-timw@apache.org', 'F71-billbarker@apache.org', 'F77', 'F123', 'F71-markt@apache.org', 'F101', 'F71-schultz@apache.org', 'F72', 'F15-NA', 'F71-mturk@apache.org', 'F3-Integer', 'F22', 'F71-slaurent@apache.org', 'F71-costin@apache.org', 'F104', 'F71-idarwin@apache.org', 'F3-Object[]', 'F15-protected', 'F3-long', 'F3-ELContext'}
     F72   F25  ... F71-schultz@apache.org F71-slaurent@apache.org
1  17993  2411  ...                      0                       0
2  17993  2411  ...                      0                       0
3  17993  2411  ...                      0                       0

[3 rows x 55 columns]
;.;
       F72       F25  ...  F71-schultz@apache.org  F71-slaurent@apache.org
0  0.99015  0.975679  ...                     0.0                      0.0
1  0.99015  0.975679  ...                     0.0                      0.0
2  0.99015  0.975679  ...                     0.0                      0.0

[3 rows x 55 columns]
training_x: (1219, 55)
training_y: 1219
testset_x: (226, 55)
testset_y: 226
              precision    recall  f1-score   support

           0       0.56      0.20      0.30       132
           1       0.41      0.78      0.54        94

    accuracy                           0.44       226
   macro avg       0.49      0.49      0.42       226
weighted avg       0.50      0.44      0.40       226

accuracy: 0.4424778761061947
0.5367647058823529
@@@ tn: 27, fp: 105, fn: 21, tp: 73
@@@ LIME - Creating explainer
@@@ LIME - Random Sampling of Instances
iter: 0, sample_no: 163, actual label: 0, predicted: 1
iter: 1, sample_no: 3, actual label: 0, predicted: 1
iter: 2, sample_no: 213, actual label: 1, predicted: 1
iter: 3, sample_no: 1, actual label: 0, predicted: 1
iter: 4, sample_no: 197, actual label: 1, predicted: 1
iter: 5, sample_no: 184, actual label: 1, predicted: 1
iter: 6, sample_no: 84, actual label: 0, predicted: 1
iter: 7, sample_no: 13, actual label: 0, predicted: 0
iter: 8, sample_no: 30, actual label: 0, predicted: 0
iter: 9, sample_no: 105, actual label: 1, predicted: 0
iter: 10, sample_no: 1, actual label: 0, predicted: 1
iter: 11, sample_no: 113, actual label: 0, predicted: 0
iter: 12, sample_no: 109, actual label: 1, predicted: 1
iter: 13, sample_no: 157, actual label: 0, predicted: 1
iter: 14, sample_no: 170, actual label: 1, predicted: 1
iter: 15, sample_no: 107, actual label: 1, predicted: 1
iter: 16, sample_no: 56, actual label: 0, predicted: 1
iter: 17, sample_no: 84, actual label: 0, predicted: 1
iter: 18, sample_no: 52, actual label: 1, predicted: 0
iter: 19, sample_no: 150, actual label: 1, predicted: 1
iter: 20, sample_no: 109, actual label: 1, predicted: 1
iter: 21, sample_no: 185, actual label: 1, predicted: 0
iter: 22, sample_no: 24, actual label: 0, predicted: 0
iter: 23, sample_no: 173, actual label: 0, predicted: 1
iter: 24, sample_no: 154, actual label: 0, predicted: 1
number of samples: 226
AUC 0.5118874919406835
pos_get 94
total recall stop_at 1
@@@ C - Repeat number: 3
@@@ D - common_header:  {'F3-null', 'F3-NA', 'F71-funkman@apache.org', 'F115', 'F71-pero@apache.org', 'F65', 'F3-Class<?>[]', 'F3-String', 'F105', 'F71-remm@apache.org', 'F3-byte[]', 'F71-rjung@apache.org', 'F71-jhook@apache.org', 'F126', 'F15-public', 'F3-ObjectName', 'F120', 'F116', 'F25', 'F117', 'F3-Object', 'F71-jfclere@apache.org', 'F3-String[]', 'F3-FileInputStream', 'F3-Session', 'F15-private', 'category', 'F3-boolean', 'F41', 'F3-int', 'F110', 'F71-kkolinko@apache.org', 'F68', 'F71-fhanik@apache.org', 'F3-InputStream', 'F71-kfujino@apache.org', 'F71-timw@apache.org', 'F71-billbarker@apache.org', 'F77', 'F123', 'F71-markt@apache.org', 'F101', 'F71-schultz@apache.org', 'F72', 'F15-NA', 'F71-mturk@apache.org', 'F3-Integer', 'F22', 'F71-slaurent@apache.org', 'F71-costin@apache.org', 'F104', 'F71-idarwin@apache.org', 'F3-Object[]', 'F15-protected', 'F3-long', 'F3-ELContext'}
     F72   F25  ... F71-schultz@apache.org F71-slaurent@apache.org
1  17993  2411  ...                      0                       0
2  17993  2411  ...                      0                       0
3  17993  2411  ...                      0                       0

[3 rows x 55 columns]
;.;
       F72       F25  ...  F71-schultz@apache.org  F71-slaurent@apache.org
0  0.99015  0.975679  ...                     0.0                      0.0
1  0.99015  0.975679  ...                     0.0                      0.0
2  0.99015  0.975679  ...                     0.0                      0.0

[3 rows x 55 columns]
training_x: (1219, 55)
training_y: 1219
testset_x: (226, 55)
testset_y: 226
              precision    recall  f1-score   support

           0       0.56      0.20      0.30       132
           1       0.41      0.78      0.54        94

    accuracy                           0.44       226
   macro avg       0.49      0.49      0.42       226
weighted avg       0.50      0.44      0.40       226

accuracy: 0.4424778761061947
0.5367647058823529
@@@ tn: 27, fp: 105, fn: 21, tp: 73
@@@ LIME - Creating explainer
@@@ LIME - Random Sampling of Instances
iter: 0, sample_no: 158, actual label: 0, predicted: 1
iter: 1, sample_no: 174, actual label: 0, predicted: 1
iter: 2, sample_no: 75, actual label: 1, predicted: 1
iter: 3, sample_no: 46, actual label: 0, predicted: 1
iter: 4, sample_no: 215, actual label: 1, predicted: 1
iter: 5, sample_no: 120, actual label: 0, predicted: 1
iter: 6, sample_no: 47, actual label: 1, predicted: 1
iter: 7, sample_no: 148, actual label: 0, predicted: 0
iter: 8, sample_no: 85, actual label: 0, predicted: 1
iter: 9, sample_no: 160, actual label: 0, predicted: 1
iter: 10, sample_no: 194, actual label: 0, predicted: 0
iter: 11, sample_no: 121, actual label: 0, predicted: 1
iter: 12, sample_no: 119, actual label: 0, predicted: 0
iter: 13, sample_no: 23, actual label: 0, predicted: 0
iter: 14, sample_no: 55, actual label: 0, predicted: 0
iter: 15, sample_no: 46, actual label: 0, predicted: 1
iter: 16, sample_no: 102, actual label: 1, predicted: 1
iter: 17, sample_no: 221, actual label: 0, predicted: 1
iter: 18, sample_no: 66, actual label: 1, predicted: 1
iter: 19, sample_no: 97, actual label: 0, predicted: 1
iter: 20, sample_no: 40, actual label: 1, predicted: 1
iter: 21, sample_no: 98, actual label: 0, predicted: 1
iter: 22, sample_no: 25, actual label: 1, predicted: 0
iter: 23, sample_no: 38, actual label: 1, predicted: 1
iter: 24, sample_no: 94, actual label: 0, predicted: 1
number of samples: 226
AUC 0.5118874919406835
pos_get 94
total recall stop_at 1
@@@ C - Repeat number: 4
@@@ D - common_header:  {'F3-null', 'F3-NA', 'F71-funkman@apache.org', 'F115', 'F71-pero@apache.org', 'F65', 'F3-Class<?>[]', 'F3-String', 'F105', 'F71-remm@apache.org', 'F3-byte[]', 'F71-rjung@apache.org', 'F71-jhook@apache.org', 'F126', 'F15-public', 'F3-ObjectName', 'F120', 'F116', 'F25', 'F117', 'F3-Object', 'F71-jfclere@apache.org', 'F3-String[]', 'F3-FileInputStream', 'F3-Session', 'F15-private', 'category', 'F3-boolean', 'F41', 'F3-int', 'F110', 'F71-kkolinko@apache.org', 'F68', 'F71-fhanik@apache.org', 'F3-InputStream', 'F71-kfujino@apache.org', 'F71-timw@apache.org', 'F71-billbarker@apache.org', 'F77', 'F123', 'F71-markt@apache.org', 'F101', 'F71-schultz@apache.org', 'F72', 'F15-NA', 'F71-mturk@apache.org', 'F3-Integer', 'F22', 'F71-slaurent@apache.org', 'F71-costin@apache.org', 'F104', 'F71-idarwin@apache.org', 'F3-Object[]', 'F15-protected', 'F3-long', 'F3-ELContext'}
     F72   F25  ... F71-schultz@apache.org F71-slaurent@apache.org
1  17993  2411  ...                      0                       0
2  17993  2411  ...                      0                       0
3  17993  2411  ...                      0                       0

[3 rows x 55 columns]
;.;
       F72       F25  ...  F71-schultz@apache.org  F71-slaurent@apache.org
0  0.99015  0.975679  ...                     0.0                      0.0
1  0.99015  0.975679  ...                     0.0                      0.0
2  0.99015  0.975679  ...                     0.0                      0.0

[3 rows x 55 columns]
training_x: (1219, 55)
training_y: 1219
testset_x: (226, 55)
testset_y: 226
              precision    recall  f1-score   support

           0       0.56      0.20      0.30       132
           1       0.41      0.78      0.54        94

    accuracy                           0.44       226
   macro avg       0.49      0.49      0.42       226
weighted avg       0.50      0.44      0.40       226

accuracy: 0.4424778761061947
0.5367647058823529
@@@ tn: 27, fp: 105, fn: 21, tp: 73
@@@ LIME - Creating explainer
@@@ LIME - Random Sampling of Instances
iter: 0, sample_no: 69, actual label: 1, predicted: 1
iter: 1, sample_no: 168, actual label: 0, predicted: 1
iter: 2, sample_no: 192, actual label: 1, predicted: 0
iter: 3, sample_no: 131, actual label: 0, predicted: 1
iter: 4, sample_no: 199, actual label: 1, predicted: 1
iter: 5, sample_no: 26, actual label: 0, predicted: 0
iter: 6, sample_no: 46, actual label: 0, predicted: 1
iter: 7, sample_no: 104, actual label: 1, predicted: 1
iter: 8, sample_no: 155, actual label: 0, predicted: 1
iter: 9, sample_no: 68, actual label: 1, predicted: 1
iter: 10, sample_no: 147, actual label: 1, predicted: 1
iter: 11, sample_no: 107, actual label: 1, predicted: 1
iter: 12, sample_no: 3, actual label: 0, predicted: 1
iter: 13, sample_no: 166, actual label: 0, predicted: 1
iter: 14, sample_no: 167, actual label: 0, predicted: 1
iter: 15, sample_no: 111, actual label: 1, predicted: 1
iter: 16, sample_no: 85, actual label: 0, predicted: 1
iter: 17, sample_no: 35, actual label: 0, predicted: 1
iter: 18, sample_no: 89, actual label: 0, predicted: 1
iter: 19, sample_no: 121, actual label: 0, predicted: 1
iter: 20, sample_no: 120, actual label: 0, predicted: 1
iter: 21, sample_no: 90, actual label: 1, predicted: 1
iter: 22, sample_no: 20, actual label: 0, predicted: 0
iter: 23, sample_no: 88, actual label: 0, predicted: 1
iter: 24, sample_no: 96, actual label: 1, predicted: 1
number of samples: 226
AUC 0.5118874919406835
pos_get 94
total recall stop_at 1
@@@ C - Repeat number: 5
@@@ D - common_header:  {'F3-null', 'F3-NA', 'F71-funkman@apache.org', 'F115', 'F71-pero@apache.org', 'F65', 'F3-Class<?>[]', 'F3-String', 'F105', 'F71-remm@apache.org', 'F3-byte[]', 'F71-rjung@apache.org', 'F71-jhook@apache.org', 'F126', 'F15-public', 'F3-ObjectName', 'F120', 'F116', 'F25', 'F117', 'F3-Object', 'F71-jfclere@apache.org', 'F3-String[]', 'F3-FileInputStream', 'F3-Session', 'F15-private', 'category', 'F3-boolean', 'F41', 'F3-int', 'F110', 'F71-kkolinko@apache.org', 'F68', 'F71-fhanik@apache.org', 'F3-InputStream', 'F71-kfujino@apache.org', 'F71-timw@apache.org', 'F71-billbarker@apache.org', 'F77', 'F123', 'F71-markt@apache.org', 'F101', 'F71-schultz@apache.org', 'F72', 'F15-NA', 'F71-mturk@apache.org', 'F3-Integer', 'F22', 'F71-slaurent@apache.org', 'F71-costin@apache.org', 'F104', 'F71-idarwin@apache.org', 'F3-Object[]', 'F15-protected', 'F3-long', 'F3-ELContext'}
     F72   F25  ... F71-schultz@apache.org F71-slaurent@apache.org
1  17993  2411  ...                      0                       0
2  17993  2411  ...                      0                       0
3  17993  2411  ...                      0                       0

[3 rows x 55 columns]
;.;
       F72       F25  ...  F71-schultz@apache.org  F71-slaurent@apache.org
0  0.99015  0.975679  ...                     0.0                      0.0
1  0.99015  0.975679  ...                     0.0                      0.0
2  0.99015  0.975679  ...                     0.0                      0.0

[3 rows x 55 columns]
training_x: (1219, 55)
training_y: 1219
testset_x: (226, 55)
testset_y: 226
              precision    recall  f1-score   support

           0       0.56      0.20      0.30       132
           1       0.41      0.78      0.54        94

    accuracy                           0.44       226
   macro avg       0.49      0.49      0.42       226
weighted avg       0.50      0.44      0.40       226

accuracy: 0.4424778761061947
0.5367647058823529
@@@ tn: 27, fp: 105, fn: 21, tp: 73
@@@ LIME - Creating explainer
@@@ LIME - Random Sampling of Instances
iter: 0, sample_no: 134, actual label: 0, predicted: 1
iter: 1, sample_no: 179, actual label: 0, predicted: 1
iter: 2, sample_no: 188, actual label: 1, predicted: 1
iter: 3, sample_no: 77, actual label: 0, predicted: 1
iter: 4, sample_no: 152, actual label: 0, predicted: 1
iter: 5, sample_no: 18, actual label: 0, predicted: 0
iter: 6, sample_no: 216, actual label: 0, predicted: 1
iter: 7, sample_no: 121, actual label: 0, predicted: 1
iter: 8, sample_no: 91, actual label: 1, predicted: 1
iter: 9, sample_no: 200, actual label: 1, predicted: 1
iter: 10, sample_no: 64, actual label: 1, predicted: 1
iter: 11, sample_no: 19, actual label: 1, predicted: 0
iter: 12, sample_no: 3, actual label: 0, predicted: 1
iter: 13, sample_no: 3, actual label: 0, predicted: 1
iter: 14, sample_no: 18, actual label: 0, predicted: 0
iter: 15, sample_no: 55, actual label: 0, predicted: 0
iter: 16, sample_no: 178, actual label: 0, predicted: 1
iter: 17, sample_no: 169, actual label: 1, predicted: 1
iter: 18, sample_no: 93, actual label: 0, predicted: 1
iter: 19, sample_no: 207, actual label: 0, predicted: 1
iter: 20, sample_no: 27, actual label: 0, predicted: 0
iter: 21, sample_no: 12, actual label: 0, predicted: 1
iter: 22, sample_no: 164, actual label: 0, predicted: 1
iter: 23, sample_no: 143, actual label: 1, predicted: 1
iter: 24, sample_no: 140, actual label: 1, predicted: 0
number of samples: 226
AUC 0.5118471953578337
pos_get 94
total recall stop_at 1
@@@ C - Repeat number: 6
@@@ D - common_header:  {'F3-null', 'F3-NA', 'F71-funkman@apache.org', 'F115', 'F71-pero@apache.org', 'F65', 'F3-Class<?>[]', 'F3-String', 'F105', 'F71-remm@apache.org', 'F3-byte[]', 'F71-rjung@apache.org', 'F71-jhook@apache.org', 'F126', 'F15-public', 'F3-ObjectName', 'F120', 'F116', 'F25', 'F117', 'F3-Object', 'F71-jfclere@apache.org', 'F3-String[]', 'F3-FileInputStream', 'F3-Session', 'F15-private', 'category', 'F3-boolean', 'F41', 'F3-int', 'F110', 'F71-kkolinko@apache.org', 'F68', 'F71-fhanik@apache.org', 'F3-InputStream', 'F71-kfujino@apache.org', 'F71-timw@apache.org', 'F71-billbarker@apache.org', 'F77', 'F123', 'F71-markt@apache.org', 'F101', 'F71-schultz@apache.org', 'F72', 'F15-NA', 'F71-mturk@apache.org', 'F3-Integer', 'F22', 'F71-slaurent@apache.org', 'F71-costin@apache.org', 'F104', 'F71-idarwin@apache.org', 'F3-Object[]', 'F15-protected', 'F3-long', 'F3-ELContext'}
     F72   F25  ... F71-schultz@apache.org F71-slaurent@apache.org
1  17993  2411  ...                      0                       0
2  17993  2411  ...                      0                       0
3  17993  2411  ...                      0                       0

[3 rows x 55 columns]
;.;
       F72       F25  ...  F71-schultz@apache.org  F71-slaurent@apache.org
0  0.99015  0.975679  ...                     0.0                      0.0
1  0.99015  0.975679  ...                     0.0                      0.0
2  0.99015  0.975679  ...                     0.0                      0.0

[3 rows x 55 columns]
training_x: (1219, 55)
training_y: 1219
testset_x: (226, 55)
testset_y: 226
              precision    recall  f1-score   support

           0       0.56      0.20      0.30       132
           1       0.41      0.78      0.54        94

    accuracy                           0.44       226
   macro avg       0.49      0.49      0.42       226
weighted avg       0.50      0.44      0.40       226

accuracy: 0.4424778761061947
0.5367647058823529
@@@ tn: 27, fp: 105, fn: 21, tp: 73
@@@ LIME - Creating explainer
@@@ LIME - Random Sampling of Instances
iter: 0, sample_no: 51, actual label: 0, predicted: 1
iter: 1, sample_no: 57, actual label: 0, predicted: 0
iter: 2, sample_no: 153, actual label: 0, predicted: 1
iter: 3, sample_no: 215, actual label: 1, predicted: 1
iter: 4, sample_no: 170, actual label: 1, predicted: 1
iter: 5, sample_no: 169, actual label: 1, predicted: 1
iter: 6, sample_no: 92, actual label: 1, predicted: 1
iter: 7, sample_no: 219, actual label: 0, predicted: 1
iter: 8, sample_no: 170, actual label: 1, predicted: 1
iter: 9, sample_no: 181, actual label: 1, predicted: 0
iter: 10, sample_no: 34, actual label: 1, predicted: 1
iter: 11, sample_no: 49, actual label: 1, predicted: 1
iter: 12, sample_no: 36, actual label: 0, predicted: 1
iter: 13, sample_no: 23, actual label: 0, predicted: 0
iter: 14, sample_no: 31, actual label: 0, predicted: 0
iter: 15, sample_no: 212, actual label: 1, predicted: 1
iter: 16, sample_no: 144, actual label: 1, predicted: 1
iter: 17, sample_no: 53, actual label: 0, predicted: 1
iter: 18, sample_no: 106, actual label: 1, predicted: 0
iter: 19, sample_no: 203, actual label: 1, predicted: 1
iter: 20, sample_no: 82, actual label: 0, predicted: 1
iter: 21, sample_no: 58, actual label: 0, predicted: 1
iter: 22, sample_no: 154, actual label: 0, predicted: 1
iter: 23, sample_no: 200, actual label: 1, predicted: 1
iter: 24, sample_no: 3, actual label: 0, predicted: 1
number of samples: 226
AUC 0.5119277885235332
pos_get 94
total recall stop_at 1
@@@ C - Repeat number: 7
@@@ D - common_header:  {'F3-null', 'F3-NA', 'F71-funkman@apache.org', 'F115', 'F71-pero@apache.org', 'F65', 'F3-Class<?>[]', 'F3-String', 'F105', 'F71-remm@apache.org', 'F3-byte[]', 'F71-rjung@apache.org', 'F71-jhook@apache.org', 'F126', 'F15-public', 'F3-ObjectName', 'F120', 'F116', 'F25', 'F117', 'F3-Object', 'F71-jfclere@apache.org', 'F3-String[]', 'F3-FileInputStream', 'F3-Session', 'F15-private', 'category', 'F3-boolean', 'F41', 'F3-int', 'F110', 'F71-kkolinko@apache.org', 'F68', 'F71-fhanik@apache.org', 'F3-InputStream', 'F71-kfujino@apache.org', 'F71-timw@apache.org', 'F71-billbarker@apache.org', 'F77', 'F123', 'F71-markt@apache.org', 'F101', 'F71-schultz@apache.org', 'F72', 'F15-NA', 'F71-mturk@apache.org', 'F3-Integer', 'F22', 'F71-slaurent@apache.org', 'F71-costin@apache.org', 'F104', 'F71-idarwin@apache.org', 'F3-Object[]', 'F15-protected', 'F3-long', 'F3-ELContext'}
     F72   F25  ... F71-schultz@apache.org F71-slaurent@apache.org
1  17993  2411  ...                      0                       0
2  17993  2411  ...                      0                       0
3  17993  2411  ...                      0                       0

[3 rows x 55 columns]
;.;
       F72       F25  ...  F71-schultz@apache.org  F71-slaurent@apache.org
0  0.99015  0.975679  ...                     0.0                      0.0
1  0.99015  0.975679  ...                     0.0                      0.0
2  0.99015  0.975679  ...                     0.0                      0.0

[3 rows x 55 columns]
training_x: (1219, 55)
training_y: 1219
testset_x: (226, 55)
testset_y: 226
              precision    recall  f1-score   support

           0       0.56      0.20      0.30       132
           1       0.41      0.78      0.54        94

    accuracy                           0.44       226
   macro avg       0.49      0.49      0.42       226
weighted avg       0.50      0.44      0.40       226

accuracy: 0.4424778761061947
0.5367647058823529
@@@ tn: 27, fp: 105, fn: 21, tp: 73
@@@ LIME - Creating explainer
@@@ LIME - Random Sampling of Instances
iter: 0, sample_no: 173, actual label: 0, predicted: 1
iter: 1, sample_no: 98, actual label: 0, predicted: 1
iter: 2, sample_no: 209, actual label: 0, predicted: 1
iter: 3, sample_no: 146, actual label: 1, predicted: 1
iter: 4, sample_no: 195, actual label: 0, predicted: 0
iter: 5, sample_no: 66, actual label: 1, predicted: 1
iter: 6, sample_no: 179, actual label: 0, predicted: 1
iter: 7, sample_no: 105, actual label: 1, predicted: 0
iter: 8, sample_no: 58, actual label: 0, predicted: 1
iter: 9, sample_no: 79, actual label: 0, predicted: 1
iter: 10, sample_no: 66, actual label: 1, predicted: 1
iter: 11, sample_no: 81, actual label: 0, predicted: 1
iter: 12, sample_no: 37, actual label: 1, predicted: 1
iter: 13, sample_no: 113, actual label: 0, predicted: 0
iter: 14, sample_no: 8, actual label: 0, predicted: 1
iter: 15, sample_no: 77, actual label: 0, predicted: 1
iter: 16, sample_no: 69, actual label: 1, predicted: 1
iter: 17, sample_no: 46, actual label: 0, predicted: 1
iter: 18, sample_no: 32, actual label: 0, predicted: 0
iter: 19, sample_no: 175, actual label: 0, predicted: 1
iter: 20, sample_no: 202, actual label: 1, predicted: 1
iter: 21, sample_no: 51, actual label: 0, predicted: 1
iter: 22, sample_no: 155, actual label: 0, predicted: 1
iter: 23, sample_no: 216, actual label: 0, predicted: 1
iter: 24, sample_no: 214, actual label: 0, predicted: 1
number of samples: 226
AUC 0.5118874919406835
pos_get 94
total recall stop_at 1
@@@ C - Repeat number: 8
@@@ D - common_header:  {'F3-null', 'F3-NA', 'F71-funkman@apache.org', 'F115', 'F71-pero@apache.org', 'F65', 'F3-Class<?>[]', 'F3-String', 'F105', 'F71-remm@apache.org', 'F3-byte[]', 'F71-rjung@apache.org', 'F71-jhook@apache.org', 'F126', 'F15-public', 'F3-ObjectName', 'F120', 'F116', 'F25', 'F117', 'F3-Object', 'F71-jfclere@apache.org', 'F3-String[]', 'F3-FileInputStream', 'F3-Session', 'F15-private', 'category', 'F3-boolean', 'F41', 'F3-int', 'F110', 'F71-kkolinko@apache.org', 'F68', 'F71-fhanik@apache.org', 'F3-InputStream', 'F71-kfujino@apache.org', 'F71-timw@apache.org', 'F71-billbarker@apache.org', 'F77', 'F123', 'F71-markt@apache.org', 'F101', 'F71-schultz@apache.org', 'F72', 'F15-NA', 'F71-mturk@apache.org', 'F3-Integer', 'F22', 'F71-slaurent@apache.org', 'F71-costin@apache.org', 'F104', 'F71-idarwin@apache.org', 'F3-Object[]', 'F15-protected', 'F3-long', 'F3-ELContext'}
     F72   F25  ... F71-schultz@apache.org F71-slaurent@apache.org
1  17993  2411  ...                      0                       0
2  17993  2411  ...                      0                       0
3  17993  2411  ...                      0                       0

[3 rows x 55 columns]
;.;
       F72       F25  ...  F71-schultz@apache.org  F71-slaurent@apache.org
0  0.99015  0.975679  ...                     0.0                      0.0
1  0.99015  0.975679  ...                     0.0                      0.0
2  0.99015  0.975679  ...                     0.0                      0.0

[3 rows x 55 columns]
training_x: (1219, 55)
training_y: 1219
testset_x: (226, 55)
testset_y: 226
              precision    recall  f1-score   support

           0       0.56      0.20      0.30       132
           1       0.41      0.78      0.54        94

    accuracy                           0.44       226
   macro avg       0.49      0.49      0.42       226
weighted avg       0.50      0.44      0.40       226

accuracy: 0.4424778761061947
0.5367647058823529
@@@ tn: 27, fp: 105, fn: 21, tp: 73
@@@ LIME - Creating explainer
@@@ LIME - Random Sampling of Instances
iter: 0, sample_no: 224, actual label: 1, predicted: 1
iter: 1, sample_no: 82, actual label: 0, predicted: 1
iter: 2, sample_no: 21, actual label: 1, predicted: 0
iter: 3, sample_no: 171, actual label: 1, predicted: 1
iter: 4, sample_no: 12, actual label: 0, predicted: 1
iter: 5, sample_no: 192, actual label: 1, predicted: 0
iter: 6, sample_no: 194, actual label: 0, predicted: 0
iter: 7, sample_no: 35, actual label: 0, predicted: 1
iter: 8, sample_no: 136, actual label: 0, predicted: 1
iter: 9, sample_no: 59, actual label: 0, predicted: 1
iter: 10, sample_no: 87, actual label: 0, predicted: 1
iter: 11, sample_no: 102, actual label: 1, predicted: 1
iter: 12, sample_no: 15, actual label: 1, predicted: 1
iter: 13, sample_no: 224, actual label: 1, predicted: 1
iter: 14, sample_no: 177, actual label: 0, predicted: 1
iter: 15, sample_no: 88, actual label: 0, predicted: 1
iter: 16, sample_no: 204, actual label: 1, predicted: 1
iter: 17, sample_no: 134, actual label: 0, predicted: 1
iter: 18, sample_no: 3, actual label: 0, predicted: 1
iter: 19, sample_no: 183, actual label: 1, predicted: 1
iter: 20, sample_no: 58, actual label: 0, predicted: 1
iter: 21, sample_no: 57, actual label: 0, predicted: 0
iter: 22, sample_no: 171, actual label: 1, predicted: 1
iter: 23, sample_no: 42, actual label: 0, predicted: 1
iter: 24, sample_no: 26, actual label: 0, predicted: 0
number of samples: 226
AUC 0.5119277885235332
pos_get 94
total recall stop_at 1
@@@ C - Repeat number: 9
@@@ D - common_header:  {'F3-null', 'F3-NA', 'F71-funkman@apache.org', 'F115', 'F71-pero@apache.org', 'F65', 'F3-Class<?>[]', 'F3-String', 'F105', 'F71-remm@apache.org', 'F3-byte[]', 'F71-rjung@apache.org', 'F71-jhook@apache.org', 'F126', 'F15-public', 'F3-ObjectName', 'F120', 'F116', 'F25', 'F117', 'F3-Object', 'F71-jfclere@apache.org', 'F3-String[]', 'F3-FileInputStream', 'F3-Session', 'F15-private', 'category', 'F3-boolean', 'F41', 'F3-int', 'F110', 'F71-kkolinko@apache.org', 'F68', 'F71-fhanik@apache.org', 'F3-InputStream', 'F71-kfujino@apache.org', 'F71-timw@apache.org', 'F71-billbarker@apache.org', 'F77', 'F123', 'F71-markt@apache.org', 'F101', 'F71-schultz@apache.org', 'F72', 'F15-NA', 'F71-mturk@apache.org', 'F3-Integer', 'F22', 'F71-slaurent@apache.org', 'F71-costin@apache.org', 'F104', 'F71-idarwin@apache.org', 'F3-Object[]', 'F15-protected', 'F3-long', 'F3-ELContext'}
     F72   F25  ... F71-schultz@apache.org F71-slaurent@apache.org
1  17993  2411  ...                      0                       0
2  17993  2411  ...                      0                       0
3  17993  2411  ...                      0                       0

[3 rows x 55 columns]
;.;
       F72       F25  ...  F71-schultz@apache.org  F71-slaurent@apache.org
0  0.99015  0.975679  ...                     0.0                      0.0
1  0.99015  0.975679  ...                     0.0                      0.0
2  0.99015  0.975679  ...                     0.0                      0.0

[3 rows x 55 columns]
training_x: (1219, 55)
training_y: 1219
testset_x: (226, 55)
testset_y: 226
              precision    recall  f1-score   support

           0       0.56      0.20      0.30       132
           1       0.41      0.78      0.54        94

    accuracy                           0.44       226
   macro avg       0.49      0.49      0.42       226
weighted avg       0.50      0.44      0.40       226

accuracy: 0.4424778761061947
0.5367647058823529
@@@ tn: 27, fp: 105, fn: 21, tp: 73
@@@ LIME - Creating explainer
@@@ LIME - Random Sampling of Instances
iter: 0, sample_no: 57, actual label: 0, predicted: 0
iter: 1, sample_no: 225, actual label: 1, predicted: 1
iter: 2, sample_no: 178, actual label: 0, predicted: 1
iter: 3, sample_no: 21, actual label: 1, predicted: 0
iter: 4, sample_no: 220, actual label: 1, predicted: 1
iter: 5, sample_no: 117, actual label: 0, predicted: 1
iter: 6, sample_no: 134, actual label: 0, predicted: 1
iter: 7, sample_no: 47, actual label: 1, predicted: 1
iter: 8, sample_no: 54, actual label: 0, predicted: 0
iter: 9, sample_no: 46, actual label: 0, predicted: 1
iter: 10, sample_no: 18, actual label: 0, predicted: 0
iter: 11, sample_no: 55, actual label: 0, predicted: 0
iter: 12, sample_no: 218, actual label: 0, predicted: 1
iter: 13, sample_no: 152, actual label: 0, predicted: 1
iter: 14, sample_no: 57, actual label: 0, predicted: 0
iter: 15, sample_no: 156, actual label: 0, predicted: 1
iter: 16, sample_no: 101, actual label: 1, predicted: 1
iter: 17, sample_no: 124, actual label: 0, predicted: 1
iter: 18, sample_no: 32, actual label: 0, predicted: 0
iter: 19, sample_no: 15, actual label: 1, predicted: 1
iter: 20, sample_no: 116, actual label: 1, predicted: 0
iter: 21, sample_no: 151, actual label: 0, predicted: 1
iter: 22, sample_no: 175, actual label: 0, predicted: 1
iter: 23, sample_no: 224, actual label: 1, predicted: 1
iter: 24, sample_no: 53, actual label: 0, predicted: 1
number of samples: 226
AUC 0.5118874919406835
pos_get 94
total recall stop_at 1
@@@ C - Repeat number: 10
@@@ D - common_header:  {'F3-null', 'F3-NA', 'F71-funkman@apache.org', 'F115', 'F71-pero@apache.org', 'F65', 'F3-Class<?>[]', 'F3-String', 'F105', 'F71-remm@apache.org', 'F3-byte[]', 'F71-rjung@apache.org', 'F71-jhook@apache.org', 'F126', 'F15-public', 'F3-ObjectName', 'F120', 'F116', 'F25', 'F117', 'F3-Object', 'F71-jfclere@apache.org', 'F3-String[]', 'F3-FileInputStream', 'F3-Session', 'F15-private', 'category', 'F3-boolean', 'F41', 'F3-int', 'F110', 'F71-kkolinko@apache.org', 'F68', 'F71-fhanik@apache.org', 'F3-InputStream', 'F71-kfujino@apache.org', 'F71-timw@apache.org', 'F71-billbarker@apache.org', 'F77', 'F123', 'F71-markt@apache.org', 'F101', 'F71-schultz@apache.org', 'F72', 'F15-NA', 'F71-mturk@apache.org', 'F3-Integer', 'F22', 'F71-slaurent@apache.org', 'F71-costin@apache.org', 'F104', 'F71-idarwin@apache.org', 'F3-Object[]', 'F15-protected', 'F3-long', 'F3-ELContext'}
     F72   F25  ... F71-schultz@apache.org F71-slaurent@apache.org
1  17993  2411  ...                      0                       0
2  17993  2411  ...                      0                       0
3  17993  2411  ...                      0                       0

[3 rows x 55 columns]
;.;
       F72       F25  ...  F71-schultz@apache.org  F71-slaurent@apache.org
0  0.99015  0.975679  ...                     0.0                      0.0
1  0.99015  0.975679  ...                     0.0                      0.0
2  0.99015  0.975679  ...                     0.0                      0.0

[3 rows x 55 columns]
training_x: (1219, 55)
training_y: 1219
testset_x: (226, 55)
testset_y: 226
              precision    recall  f1-score   support

           0       0.56      0.20      0.30       132
           1       0.41      0.78      0.54        94

    accuracy                           0.44       226
   macro avg       0.49      0.49      0.42       226
weighted avg       0.50      0.44      0.40       226

accuracy: 0.4424778761061947
0.5367647058823529
@@@ tn: 27, fp: 105, fn: 21, tp: 73
@@@ LIME - Creating explainer
@@@ LIME - Random Sampling of Instances
iter: 0, sample_no: 156, actual label: 0, predicted: 1
iter: 1, sample_no: 60, actual label: 0, predicted: 1
iter: 2, sample_no: 170, actual label: 1, predicted: 1
iter: 3, sample_no: 55, actual label: 0, predicted: 0
iter: 4, sample_no: 183, actual label: 1, predicted: 1
iter: 5, sample_no: 198, actual label: 1, predicted: 1
iter: 6, sample_no: 44, actual label: 1, predicted: 1
iter: 7, sample_no: 194, actual label: 0, predicted: 0
iter: 8, sample_no: 137, actual label: 1, predicted: 1
iter: 9, sample_no: 157, actual label: 0, predicted: 1
iter: 10, sample_no: 145, actual label: 1, predicted: 1
iter: 11, sample_no: 171, actual label: 1, predicted: 1
iter: 12, sample_no: 146, actual label: 1, predicted: 1
iter: 13, sample_no: 170, actual label: 1, predicted: 1
iter: 14, sample_no: 195, actual label: 0, predicted: 0
iter: 15, sample_no: 38, actual label: 1, predicted: 1
iter: 16, sample_no: 41, actual label: 0, predicted: 1
iter: 17, sample_no: 158, actual label: 0, predicted: 1
iter: 18, sample_no: 155, actual label: 0, predicted: 1
iter: 19, sample_no: 167, actual label: 0, predicted: 1
iter: 20, sample_no: 156, actual label: 0, predicted: 1
iter: 21, sample_no: 210, actual label: 0, predicted: 1
iter: 22, sample_no: 57, actual label: 0, predicted: 0
iter: 23, sample_no: 95, actual label: 0, predicted: 1
iter: 24, sample_no: 106, actual label: 1, predicted: 0
number of samples: 226
AUC 0.511968085106383
pos_get 94
total recall stop_at 1
----------threshold stop at----------: 1
AUC [0.5118874919406835, 0.5118874919406835, 0.5118874919406835, 0.5118874919406835, 0.5118471953578337, 0.5119277885235332, 0.5118874919406835, 0.5119277885235332, 0.5118874919406835, 0.511968085106383]
AUC_median 0.5118874919406835
AUC_iqr 3.022243713723949e-05
cost [1, 1, 1, 1, 1, 1, 1, 1, 1, 1]
COST_med 1.0
COST_iqr 0.0
f1_pos_list [np.float64(0.5367647058823529), np.float64(0.5367647058823529), np.float64(0.5367647058823529), np.float64(0.5367647058823529), np.float64(0.5367647058823529), np.float64(0.5367647058823529), np.float64(0.5367647058823529), np.float64(0.5367647058823529), np.float64(0.5367647058823529), np.float64(0.5367647058823529)]
f1_pos_med 0.5367647058823529
total_tn 270
total_fp 1050
total_fn 210
total_tp 730
p= 0.4101123595505618
r= 0.776595744680851
f= 0.536764705882353
