@@@ A - classifier: SVC(class_weight='balanced', kernel='linear', probability=True)
@@@ B - threshold stop at: 1
@@@ C - Repeat number: 1
@@@ D - common_header:  {'F115', 'F3-String', 'F3-getUrl()', 'F3-Object', 'F71-twdsilva@gmail.com', 'F71-stoens@apache.org', 'F71-jamestaylor@apache.org', 'category', 'F3-Properties', 'F3-Connection', 'F126', 'F71-tdsilva@salesforce.com', 'F71-ramkrishna.s.vasudevan@gmail.com', 'F3-PhoenixArray', 'F15-private', 'F22', 'F71-enis@apache.org', 'F71-ramkrishna.s.vasudevan@intel.com', 'F71-elilevine@apache.org', 'F3-PreparedStatement', 'F3-null', 'F3-TEST_PROPERTIES', 'F71-jzhong@JZhongs-MacBook-Pro.local', 'F72', 'F25', 'F3-List<ParseNode>', 'F120', 'F3-NA', 'F15-protected', 'F71-ndimiduk@apache.org', 'F15-NA', 'F71-jtaylor@salesforce.com', 'F3-SortOrder.DESC', 'F77', 'F65', 'F105', 'F3-int', 'F110', 'F3-byte[]', 'F41', 'F71-maryannxue@apache.org', 'F68', 'F71-rajeshbabu@apache.org', 'F123', 'F3-BitSet', 'F3-PDataType', 'F3-boolean', 'F117', 'F71-mujtaba@apache.org', 'F3-input', 'F71-samarth.jain@salesforce.com', 'F15-public', 'F104', 'F101', 'F3-SortOrder.ASC', 'F116', 'F71-gabrielr@ngdata.com', 'F71-jeffreyz@apache.org', 'F3-long', 'F71-wei.xue@intel.com'}
    F72  F25  ... F71-mujtaba@apache.org F71-wei.xue@intel.com
1  1702  497  ...                      0                     0
2  1585  416  ...                      0                     0
3  1585  416  ...                      0                     0

[3 rows x 59 columns]
;.;
        F72       F25  ...  F71-mujtaba@apache.org  F71-wei.xue@intel.com
0  0.745370  0.810767  ...                     0.0                    0.0
1  0.637037  0.678630  ...                     0.0                    0.0
2  0.637037  0.678630  ...                     0.0                    0.0

[3 rows x 59 columns]
training_x: (2235, 59)
training_y: 2235
testset_x: (214, 59)
testset_y: 214
              precision    recall  f1-score   support

           0       0.99      0.89      0.94       166
           1       0.72      0.98      0.83        48

    accuracy                           0.91       214
   macro avg       0.86      0.94      0.89       214
weighted avg       0.93      0.91      0.92       214

accuracy: 0.9112149532710281
0.831858407079646
@@@ tn: 148, fp: 18, fn: 1, tp: 47
@@@ LIME - Creating explainer
@@@ LIME - Random Sampling of Instances
iter: 0, sample_no: 64, actual label: 0, predicted: 0
iter: 1, sample_no: 142, actual label: 0, predicted: 0
iter: 2, sample_no: 12, actual label: 0, predicted: 0
iter: 3, sample_no: 82, actual label: 0, predicted: 1
iter: 4, sample_no: 105, actual label: 0, predicted: 0
iter: 5, sample_no: 122, actual label: 0, predicted: 0
iter: 6, sample_no: 64, actual label: 0, predicted: 0
iter: 7, sample_no: 110, actual label: 0, predicted: 0
iter: 8, sample_no: 24, actual label: 0, predicted: 1
iter: 9, sample_no: 155, actual label: 0, predicted: 0
iter: 10, sample_no: 76, actual label: 0, predicted: 0
iter: 11, sample_no: 69, actual label: 1, predicted: 1
iter: 12, sample_no: 174, actual label: 0, predicted: 0
iter: 13, sample_no: 45, actual label: 0, predicted: 0
iter: 14, sample_no: 92, actual label: 1, predicted: 1
iter: 15, sample_no: 194, actual label: 0, predicted: 0
iter: 16, sample_no: 207, actual label: 1, predicted: 1
iter: 17, sample_no: 206, actual label: 0, predicted: 0
iter: 18, sample_no: 19, actual label: 0, predicted: 0
iter: 19, sample_no: 138, actual label: 1, predicted: 1
iter: 20, sample_no: 67, actual label: 0, predicted: 0
iter: 21, sample_no: 120, actual label: 0, predicted: 0
iter: 22, sample_no: 159, actual label: 0, predicted: 0
iter: 23, sample_no: 10, actual label: 1, predicted: 1
iter: 24, sample_no: 123, actual label: 0, predicted: 0
number of samples: 214
AUC 0.9868850401606426
pos_get 48
total recall stop_at 1.0
@@@ C - Repeat number: 2
@@@ D - common_header:  {'F115', 'F3-String', 'F3-getUrl()', 'F3-Object', 'F71-twdsilva@gmail.com', 'F71-stoens@apache.org', 'F71-jamestaylor@apache.org', 'category', 'F3-Properties', 'F3-Connection', 'F126', 'F71-tdsilva@salesforce.com', 'F71-ramkrishna.s.vasudevan@gmail.com', 'F3-PhoenixArray', 'F15-private', 'F22', 'F71-enis@apache.org', 'F71-ramkrishna.s.vasudevan@intel.com', 'F71-elilevine@apache.org', 'F3-PreparedStatement', 'F3-null', 'F3-TEST_PROPERTIES', 'F71-jzhong@JZhongs-MacBook-Pro.local', 'F72', 'F25', 'F3-List<ParseNode>', 'F120', 'F3-NA', 'F15-protected', 'F71-ndimiduk@apache.org', 'F15-NA', 'F71-jtaylor@salesforce.com', 'F3-SortOrder.DESC', 'F77', 'F65', 'F105', 'F3-int', 'F110', 'F3-byte[]', 'F41', 'F71-maryannxue@apache.org', 'F68', 'F71-rajeshbabu@apache.org', 'F123', 'F3-BitSet', 'F3-PDataType', 'F3-boolean', 'F117', 'F71-mujtaba@apache.org', 'F3-input', 'F71-samarth.jain@salesforce.com', 'F15-public', 'F104', 'F101', 'F3-SortOrder.ASC', 'F116', 'F71-gabrielr@ngdata.com', 'F71-jeffreyz@apache.org', 'F3-long', 'F71-wei.xue@intel.com'}
    F72  F25  ... F71-mujtaba@apache.org F71-wei.xue@intel.com
1  1702  497  ...                      0                     0
2  1585  416  ...                      0                     0
3  1585  416  ...                      0                     0

[3 rows x 59 columns]
;.;
        F72       F25  ...  F71-mujtaba@apache.org  F71-wei.xue@intel.com
0  0.745370  0.810767  ...                     0.0                    0.0
1  0.637037  0.678630  ...                     0.0                    0.0
2  0.637037  0.678630  ...                     0.0                    0.0

[3 rows x 59 columns]
training_x: (2235, 59)
training_y: 2235
testset_x: (214, 59)
testset_y: 214
              precision    recall  f1-score   support

           0       0.99      0.89      0.94       166
           1       0.72      0.98      0.83        48

    accuracy                           0.91       214
   macro avg       0.86      0.94      0.89       214
weighted avg       0.93      0.91      0.92       214

accuracy: 0.9112149532710281
0.831858407079646
@@@ tn: 148, fp: 18, fn: 1, tp: 47
@@@ LIME - Creating explainer
@@@ LIME - Random Sampling of Instances
iter: 0, sample_no: 163, actual label: 0, predicted: 0
iter: 1, sample_no: 143, actual label: 0, predicted: 0
iter: 2, sample_no: 174, actual label: 0, predicted: 0
iter: 3, sample_no: 212, actual label: 0, predicted: 0
iter: 4, sample_no: 177, actual label: 0, predicted: 0
iter: 5, sample_no: 142, actual label: 0, predicted: 0
iter: 6, sample_no: 103, actual label: 0, predicted: 1
iter: 7, sample_no: 197, actual label: 0, predicted: 0
iter: 8, sample_no: 122, actual label: 0, predicted: 0
iter: 9, sample_no: 207, actual label: 1, predicted: 1
iter: 10, sample_no: 117, actual label: 0, predicted: 1
iter: 11, sample_no: 210, actual label: 0, predicted: 0
iter: 12, sample_no: 68, actual label: 1, predicted: 1
iter: 13, sample_no: 119, actual label: 0, predicted: 1
iter: 14, sample_no: 180, actual label: 0, predicted: 0
iter: 15, sample_no: 86, actual label: 1, predicted: 1
iter: 16, sample_no: 18, actual label: 0, predicted: 0
iter: 17, sample_no: 9, actual label: 1, predicted: 1
iter: 18, sample_no: 67, actual label: 0, predicted: 0
iter: 19, sample_no: 87, actual label: 0, predicted: 0
iter: 20, sample_no: 123, actual label: 0, predicted: 0
iter: 21, sample_no: 140, actual label: 1, predicted: 1
iter: 22, sample_no: 103, actual label: 0, predicted: 1
iter: 23, sample_no: 169, actual label: 0, predicted: 0
iter: 24, sample_no: 170, actual label: 0, predicted: 0
number of samples: 214
AUC 0.9868222891566265
pos_get 48
total recall stop_at 1.0
@@@ C - Repeat number: 3
@@@ D - common_header:  {'F115', 'F3-String', 'F3-getUrl()', 'F3-Object', 'F71-twdsilva@gmail.com', 'F71-stoens@apache.org', 'F71-jamestaylor@apache.org', 'category', 'F3-Properties', 'F3-Connection', 'F126', 'F71-tdsilva@salesforce.com', 'F71-ramkrishna.s.vasudevan@gmail.com', 'F3-PhoenixArray', 'F15-private', 'F22', 'F71-enis@apache.org', 'F71-ramkrishna.s.vasudevan@intel.com', 'F71-elilevine@apache.org', 'F3-PreparedStatement', 'F3-null', 'F3-TEST_PROPERTIES', 'F71-jzhong@JZhongs-MacBook-Pro.local', 'F72', 'F25', 'F3-List<ParseNode>', 'F120', 'F3-NA', 'F15-protected', 'F71-ndimiduk@apache.org', 'F15-NA', 'F71-jtaylor@salesforce.com', 'F3-SortOrder.DESC', 'F77', 'F65', 'F105', 'F3-int', 'F110', 'F3-byte[]', 'F41', 'F71-maryannxue@apache.org', 'F68', 'F71-rajeshbabu@apache.org', 'F123', 'F3-BitSet', 'F3-PDataType', 'F3-boolean', 'F117', 'F71-mujtaba@apache.org', 'F3-input', 'F71-samarth.jain@salesforce.com', 'F15-public', 'F104', 'F101', 'F3-SortOrder.ASC', 'F116', 'F71-gabrielr@ngdata.com', 'F71-jeffreyz@apache.org', 'F3-long', 'F71-wei.xue@intel.com'}
    F72  F25  ... F71-mujtaba@apache.org F71-wei.xue@intel.com
1  1702  497  ...                      0                     0
2  1585  416  ...                      0                     0
3  1585  416  ...                      0                     0

[3 rows x 59 columns]
;.;
        F72       F25  ...  F71-mujtaba@apache.org  F71-wei.xue@intel.com
0  0.745370  0.810767  ...                     0.0                    0.0
1  0.637037  0.678630  ...                     0.0                    0.0
2  0.637037  0.678630  ...                     0.0                    0.0

[3 rows x 59 columns]
training_x: (2235, 59)
training_y: 2235
testset_x: (214, 59)
testset_y: 214
              precision    recall  f1-score   support

           0       0.99      0.89      0.94       166
           1       0.72      0.98      0.83        48

    accuracy                           0.91       214
   macro avg       0.86      0.94      0.89       214
weighted avg       0.93      0.91      0.92       214

accuracy: 0.9112149532710281
0.831858407079646
@@@ tn: 148, fp: 18, fn: 1, tp: 47
@@@ LIME - Creating explainer
@@@ LIME - Random Sampling of Instances
iter: 0, sample_no: 158, actual label: 0, predicted: 0
iter: 1, sample_no: 185, actual label: 1, predicted: 1
iter: 2, sample_no: 154, actual label: 0, predicted: 0
iter: 3, sample_no: 27, actual label: 0, predicted: 0
iter: 4, sample_no: 53, actual label: 0, predicted: 0
iter: 5, sample_no: 55, actual label: 0, predicted: 0
iter: 6, sample_no: 164, actual label: 0, predicted: 0
iter: 7, sample_no: 190, actual label: 0, predicted: 0
iter: 8, sample_no: 146, actual label: 0, predicted: 0
iter: 9, sample_no: 131, actual label: 0, predicted: 0
iter: 10, sample_no: 132, actual label: 0, predicted: 0
iter: 11, sample_no: 145, actual label: 0, predicted: 0
iter: 12, sample_no: 35, actual label: 0, predicted: 0
iter: 13, sample_no: 68, actual label: 1, predicted: 1
iter: 14, sample_no: 34, actual label: 0, predicted: 0
iter: 15, sample_no: 98, actual label: 1, predicted: 1
iter: 16, sample_no: 55, actual label: 0, predicted: 0
iter: 17, sample_no: 25, actual label: 0, predicted: 0
iter: 18, sample_no: 115, actual label: 0, predicted: 0
iter: 19, sample_no: 202, actual label: 0, predicted: 0
iter: 20, sample_no: 71, actual label: 0, predicted: 0
iter: 21, sample_no: 98, actual label: 1, predicted: 1
iter: 22, sample_no: 165, actual label: 0, predicted: 0
iter: 23, sample_no: 176, actual label: 0, predicted: 0
iter: 24, sample_no: 38, actual label: 0, predicted: 0
number of samples: 214
AUC 0.9868850401606426
pos_get 48
total recall stop_at 1.0
@@@ C - Repeat number: 4
@@@ D - common_header:  {'F115', 'F3-String', 'F3-getUrl()', 'F3-Object', 'F71-twdsilva@gmail.com', 'F71-stoens@apache.org', 'F71-jamestaylor@apache.org', 'category', 'F3-Properties', 'F3-Connection', 'F126', 'F71-tdsilva@salesforce.com', 'F71-ramkrishna.s.vasudevan@gmail.com', 'F3-PhoenixArray', 'F15-private', 'F22', 'F71-enis@apache.org', 'F71-ramkrishna.s.vasudevan@intel.com', 'F71-elilevine@apache.org', 'F3-PreparedStatement', 'F3-null', 'F3-TEST_PROPERTIES', 'F71-jzhong@JZhongs-MacBook-Pro.local', 'F72', 'F25', 'F3-List<ParseNode>', 'F120', 'F3-NA', 'F15-protected', 'F71-ndimiduk@apache.org', 'F15-NA', 'F71-jtaylor@salesforce.com', 'F3-SortOrder.DESC', 'F77', 'F65', 'F105', 'F3-int', 'F110', 'F3-byte[]', 'F41', 'F71-maryannxue@apache.org', 'F68', 'F71-rajeshbabu@apache.org', 'F123', 'F3-BitSet', 'F3-PDataType', 'F3-boolean', 'F117', 'F71-mujtaba@apache.org', 'F3-input', 'F71-samarth.jain@salesforce.com', 'F15-public', 'F104', 'F101', 'F3-SortOrder.ASC', 'F116', 'F71-gabrielr@ngdata.com', 'F71-jeffreyz@apache.org', 'F3-long', 'F71-wei.xue@intel.com'}
    F72  F25  ... F71-mujtaba@apache.org F71-wei.xue@intel.com
1  1702  497  ...                      0                     0
2  1585  416  ...                      0                     0
3  1585  416  ...                      0                     0

[3 rows x 59 columns]
;.;
        F72       F25  ...  F71-mujtaba@apache.org  F71-wei.xue@intel.com
0  0.745370  0.810767  ...                     0.0                    0.0
1  0.637037  0.678630  ...                     0.0                    0.0
2  0.637037  0.678630  ...                     0.0                    0.0

[3 rows x 59 columns]
training_x: (2235, 59)
training_y: 2235
testset_x: (214, 59)
testset_y: 214
              precision    recall  f1-score   support

           0       0.99      0.89      0.94       166
           1       0.72      0.98      0.83        48

    accuracy                           0.91       214
   macro avg       0.86      0.94      0.89       214
weighted avg       0.93      0.91      0.92       214

accuracy: 0.9112149532710281
0.831858407079646
@@@ tn: 148, fp: 18, fn: 1, tp: 47
@@@ LIME - Creating explainer
@@@ LIME - Random Sampling of Instances
iter: 0, sample_no: 69, actual label: 1, predicted: 1
iter: 1, sample_no: 155, actual label: 0, predicted: 0
iter: 2, sample_no: 195, actual label: 0, predicted: 0
iter: 3, sample_no: 170, actual label: 0, predicted: 0
iter: 4, sample_no: 83, actual label: 0, predicted: 0
iter: 5, sample_no: 41, actual label: 1, predicted: 1
iter: 6, sample_no: 8, actual label: 1, predicted: 1
iter: 7, sample_no: 170, actual label: 0, predicted: 0
iter: 8, sample_no: 178, actual label: 0, predicted: 0
iter: 9, sample_no: 84, actual label: 0, predicted: 0
iter: 10, sample_no: 42, actual label: 0, predicted: 0
iter: 11, sample_no: 211, actual label: 1, predicted: 1
iter: 12, sample_no: 93, actual label: 0, predicted: 0
iter: 13, sample_no: 203, actual label: 0, predicted: 0
iter: 14, sample_no: 156, actual label: 0, predicted: 0
iter: 15, sample_no: 196, actual label: 0, predicted: 0
iter: 16, sample_no: 180, actual label: 0, predicted: 0
iter: 17, sample_no: 193, actual label: 0, predicted: 0
iter: 18, sample_no: 151, actual label: 0, predicted: 0
iter: 19, sample_no: 201, actual label: 0, predicted: 0
iter: 20, sample_no: 137, actual label: 0, predicted: 0
iter: 21, sample_no: 119, actual label: 0, predicted: 1
iter: 22, sample_no: 116, actual label: 0, predicted: 1
iter: 23, sample_no: 42, actual label: 0, predicted: 0
iter: 24, sample_no: 147, actual label: 0, predicted: 0
number of samples: 214
AUC 0.9868222891566265
pos_get 48
total recall stop_at 1.0
@@@ C - Repeat number: 5
@@@ D - common_header:  {'F115', 'F3-String', 'F3-getUrl()', 'F3-Object', 'F71-twdsilva@gmail.com', 'F71-stoens@apache.org', 'F71-jamestaylor@apache.org', 'category', 'F3-Properties', 'F3-Connection', 'F126', 'F71-tdsilva@salesforce.com', 'F71-ramkrishna.s.vasudevan@gmail.com', 'F3-PhoenixArray', 'F15-private', 'F22', 'F71-enis@apache.org', 'F71-ramkrishna.s.vasudevan@intel.com', 'F71-elilevine@apache.org', 'F3-PreparedStatement', 'F3-null', 'F3-TEST_PROPERTIES', 'F71-jzhong@JZhongs-MacBook-Pro.local', 'F72', 'F25', 'F3-List<ParseNode>', 'F120', 'F3-NA', 'F15-protected', 'F71-ndimiduk@apache.org', 'F15-NA', 'F71-jtaylor@salesforce.com', 'F3-SortOrder.DESC', 'F77', 'F65', 'F105', 'F3-int', 'F110', 'F3-byte[]', 'F41', 'F71-maryannxue@apache.org', 'F68', 'F71-rajeshbabu@apache.org', 'F123', 'F3-BitSet', 'F3-PDataType', 'F3-boolean', 'F117', 'F71-mujtaba@apache.org', 'F3-input', 'F71-samarth.jain@salesforce.com', 'F15-public', 'F104', 'F101', 'F3-SortOrder.ASC', 'F116', 'F71-gabrielr@ngdata.com', 'F71-jeffreyz@apache.org', 'F3-long', 'F71-wei.xue@intel.com'}
    F72  F25  ... F71-mujtaba@apache.org F71-wei.xue@intel.com
1  1702  497  ...                      0                     0
2  1585  416  ...                      0                     0
3  1585  416  ...                      0                     0

[3 rows x 59 columns]
;.;
        F72       F25  ...  F71-mujtaba@apache.org  F71-wei.xue@intel.com
0  0.745370  0.810767  ...                     0.0                    0.0
1  0.637037  0.678630  ...                     0.0                    0.0
2  0.637037  0.678630  ...                     0.0                    0.0

[3 rows x 59 columns]
training_x: (2235, 59)
training_y: 2235
testset_x: (214, 59)
testset_y: 214
              precision    recall  f1-score   support

           0       0.99      0.89      0.94       166
           1       0.72      0.98      0.83        48

    accuracy                           0.91       214
   macro avg       0.86      0.94      0.89       214
weighted avg       0.93      0.91      0.92       214

accuracy: 0.9112149532710281
0.831858407079646
@@@ tn: 148, fp: 18, fn: 1, tp: 47
@@@ LIME - Creating explainer
@@@ LIME - Random Sampling of Instances
iter: 0, sample_no: 134, actual label: 0, predicted: 0
iter: 1, sample_no: 178, actual label: 0, predicted: 0
iter: 2, sample_no: 133, actual label: 0, predicted: 0
iter: 3, sample_no: 145, actual label: 0, predicted: 0
iter: 4, sample_no: 182, actual label: 0, predicted: 0
iter: 5, sample_no: 48, actual label: 0, predicted: 1
iter: 6, sample_no: 128, actual label: 0, predicted: 0
iter: 7, sample_no: 212, actual label: 0, predicted: 0
iter: 8, sample_no: 168, actual label: 0, predicted: 0
iter: 9, sample_no: 176, actual label: 0, predicted: 0
iter: 10, sample_no: 205, actual label: 0, predicted: 0
iter: 11, sample_no: 142, actual label: 0, predicted: 0
iter: 12, sample_no: 140, actual label: 1, predicted: 1
iter: 13, sample_no: 27, actual label: 0, predicted: 0
iter: 14, sample_no: 59, actual label: 0, predicted: 1
iter: 15, sample_no: 0, actual label: 1, predicted: 1
iter: 16, sample_no: 208, actual label: 1, predicted: 1
iter: 17, sample_no: 157, actual label: 0, predicted: 0
iter: 18, sample_no: 17, actual label: 0, predicted: 1
iter: 19, sample_no: 110, actual label: 0, predicted: 0
iter: 20, sample_no: 153, actual label: 0, predicted: 0
iter: 21, sample_no: 105, actual label: 0, predicted: 0
iter: 22, sample_no: 9, actual label: 1, predicted: 1
iter: 23, sample_no: 191, actual label: 0, predicted: 0
iter: 24, sample_no: 57, actual label: 0, predicted: 0
number of samples: 214
AUC 0.9868222891566265
pos_get 48
total recall stop_at 1.0
@@@ C - Repeat number: 6
@@@ D - common_header:  {'F115', 'F3-String', 'F3-getUrl()', 'F3-Object', 'F71-twdsilva@gmail.com', 'F71-stoens@apache.org', 'F71-jamestaylor@apache.org', 'category', 'F3-Properties', 'F3-Connection', 'F126', 'F71-tdsilva@salesforce.com', 'F71-ramkrishna.s.vasudevan@gmail.com', 'F3-PhoenixArray', 'F15-private', 'F22', 'F71-enis@apache.org', 'F71-ramkrishna.s.vasudevan@intel.com', 'F71-elilevine@apache.org', 'F3-PreparedStatement', 'F3-null', 'F3-TEST_PROPERTIES', 'F71-jzhong@JZhongs-MacBook-Pro.local', 'F72', 'F25', 'F3-List<ParseNode>', 'F120', 'F3-NA', 'F15-protected', 'F71-ndimiduk@apache.org', 'F15-NA', 'F71-jtaylor@salesforce.com', 'F3-SortOrder.DESC', 'F77', 'F65', 'F105', 'F3-int', 'F110', 'F3-byte[]', 'F41', 'F71-maryannxue@apache.org', 'F68', 'F71-rajeshbabu@apache.org', 'F123', 'F3-BitSet', 'F3-PDataType', 'F3-boolean', 'F117', 'F71-mujtaba@apache.org', 'F3-input', 'F71-samarth.jain@salesforce.com', 'F15-public', 'F104', 'F101', 'F3-SortOrder.ASC', 'F116', 'F71-gabrielr@ngdata.com', 'F71-jeffreyz@apache.org', 'F3-long', 'F71-wei.xue@intel.com'}
    F72  F25  ... F71-mujtaba@apache.org F71-wei.xue@intel.com
1  1702  497  ...                      0                     0
2  1585  416  ...                      0                     0
3  1585  416  ...                      0                     0

[3 rows x 59 columns]
;.;
        F72       F25  ...  F71-mujtaba@apache.org  F71-wei.xue@intel.com
0  0.745370  0.810767  ...                     0.0                    0.0
1  0.637037  0.678630  ...                     0.0                    0.0
2  0.637037  0.678630  ...                     0.0                    0.0

[3 rows x 59 columns]
training_x: (2235, 59)
training_y: 2235
testset_x: (214, 59)
testset_y: 214
              precision    recall  f1-score   support

           0       0.99      0.89      0.94       166
           1       0.72      0.98      0.83        48

    accuracy                           0.91       214
   macro avg       0.86      0.94      0.89       214
weighted avg       0.93      0.91      0.92       214

accuracy: 0.9112149532710281
0.831858407079646
@@@ tn: 148, fp: 18, fn: 1, tp: 47
@@@ LIME - Creating explainer
@@@ LIME - Random Sampling of Instances
iter: 0, sample_no: 51, actual label: 0, predicted: 0
iter: 1, sample_no: 183, actual label: 0, predicted: 0
iter: 2, sample_no: 82, actual label: 0, predicted: 1
iter: 3, sample_no: 123, actual label: 0, predicted: 0
iter: 4, sample_no: 20, actual label: 1, predicted: 1
iter: 5, sample_no: 148, actual label: 0, predicted: 0
iter: 6, sample_no: 1, actual label: 1, predicted: 1
iter: 7, sample_no: 88, actual label: 0, predicted: 0
iter: 8, sample_no: 25, actual label: 0, predicted: 0
iter: 9, sample_no: 80, actual label: 0, predicted: 0
iter: 10, sample_no: 199, actual label: 0, predicted: 0
iter: 11, sample_no: 119, actual label: 0, predicted: 1
iter: 12, sample_no: 124, actual label: 0, predicted: 0
iter: 13, sample_no: 65, actual label: 0, predicted: 0
iter: 14, sample_no: 90, actual label: 0, predicted: 0
iter: 15, sample_no: 97, actual label: 0, predicted: 0
iter: 16, sample_no: 146, actual label: 0, predicted: 0
iter: 17, sample_no: 106, actual label: 0, predicted: 0
iter: 18, sample_no: 182, actual label: 0, predicted: 0
iter: 19, sample_no: 54, actual label: 0, predicted: 0
iter: 20, sample_no: 211, actual label: 1, predicted: 1
iter: 21, sample_no: 198, actual label: 0, predicted: 0
iter: 22, sample_no: 25, actual label: 0, predicted: 0
iter: 23, sample_no: 18, actual label: 0, predicted: 0
iter: 24, sample_no: 44, actual label: 0, predicted: 0
number of samples: 214
AUC 0.9868222891566265
pos_get 48
total recall stop_at 1.0
@@@ C - Repeat number: 7
@@@ D - common_header:  {'F115', 'F3-String', 'F3-getUrl()', 'F3-Object', 'F71-twdsilva@gmail.com', 'F71-stoens@apache.org', 'F71-jamestaylor@apache.org', 'category', 'F3-Properties', 'F3-Connection', 'F126', 'F71-tdsilva@salesforce.com', 'F71-ramkrishna.s.vasudevan@gmail.com', 'F3-PhoenixArray', 'F15-private', 'F22', 'F71-enis@apache.org', 'F71-ramkrishna.s.vasudevan@intel.com', 'F71-elilevine@apache.org', 'F3-PreparedStatement', 'F3-null', 'F3-TEST_PROPERTIES', 'F71-jzhong@JZhongs-MacBook-Pro.local', 'F72', 'F25', 'F3-List<ParseNode>', 'F120', 'F3-NA', 'F15-protected', 'F71-ndimiduk@apache.org', 'F15-NA', 'F71-jtaylor@salesforce.com', 'F3-SortOrder.DESC', 'F77', 'F65', 'F105', 'F3-int', 'F110', 'F3-byte[]', 'F41', 'F71-maryannxue@apache.org', 'F68', 'F71-rajeshbabu@apache.org', 'F123', 'F3-BitSet', 'F3-PDataType', 'F3-boolean', 'F117', 'F71-mujtaba@apache.org', 'F3-input', 'F71-samarth.jain@salesforce.com', 'F15-public', 'F104', 'F101', 'F3-SortOrder.ASC', 'F116', 'F71-gabrielr@ngdata.com', 'F71-jeffreyz@apache.org', 'F3-long', 'F71-wei.xue@intel.com'}
    F72  F25  ... F71-mujtaba@apache.org F71-wei.xue@intel.com
1  1702  497  ...                      0                     0
2  1585  416  ...                      0                     0
3  1585  416  ...                      0                     0

[3 rows x 59 columns]
;.;
        F72       F25  ...  F71-mujtaba@apache.org  F71-wei.xue@intel.com
0  0.745370  0.810767  ...                     0.0                    0.0
1  0.637037  0.678630  ...                     0.0                    0.0
2  0.637037  0.678630  ...                     0.0                    0.0

[3 rows x 59 columns]
training_x: (2235, 59)
training_y: 2235
testset_x: (214, 59)
testset_y: 214
              precision    recall  f1-score   support

           0       0.99      0.89      0.94       166
           1       0.72      0.98      0.83        48

    accuracy                           0.91       214
   macro avg       0.86      0.94      0.89       214
weighted avg       0.93      0.91      0.92       214

accuracy: 0.9112149532710281
0.831858407079646
@@@ tn: 148, fp: 18, fn: 1, tp: 47
@@@ LIME - Creating explainer
@@@ LIME - Random Sampling of Instances
iter: 0, sample_no: 173, actual label: 1, predicted: 1
iter: 1, sample_no: 133, actual label: 0, predicted: 0
iter: 2, sample_no: 150, actual label: 0, predicted: 0
iter: 3, sample_no: 106, actual label: 0, predicted: 0
iter: 4, sample_no: 183, actual label: 0, predicted: 0
iter: 5, sample_no: 20, actual label: 1, predicted: 1
iter: 6, sample_no: 137, actual label: 0, predicted: 0
iter: 7, sample_no: 16, actual label: 0, predicted: 0
iter: 8, sample_no: 27, actual label: 0, predicted: 0
iter: 9, sample_no: 91, actual label: 1, predicted: 1
iter: 10, sample_no: 133, actual label: 0, predicted: 0
iter: 11, sample_no: 70, actual label: 0, predicted: 0
iter: 12, sample_no: 164, actual label: 0, predicted: 0
iter: 13, sample_no: 140, actual label: 1, predicted: 1
iter: 14, sample_no: 184, actual label: 1, predicted: 1
iter: 15, sample_no: 98, actual label: 1, predicted: 1
iter: 16, sample_no: 213, actual label: 0, predicted: 0
iter: 17, sample_no: 179, actual label: 0, predicted: 0
iter: 18, sample_no: 185, actual label: 1, predicted: 1
iter: 19, sample_no: 156, actual label: 0, predicted: 0
iter: 20, sample_no: 14, actual label: 1, predicted: 1
iter: 21, sample_no: 172, actual label: 0, predicted: 0
iter: 22, sample_no: 33, actual label: 0, predicted: 1
iter: 23, sample_no: 148, actual label: 0, predicted: 0
iter: 24, sample_no: 98, actual label: 1, predicted: 1
number of samples: 214
AUC 0.9868222891566265
pos_get 48
total recall stop_at 1.0
@@@ C - Repeat number: 8
@@@ D - common_header:  {'F115', 'F3-String', 'F3-getUrl()', 'F3-Object', 'F71-twdsilva@gmail.com', 'F71-stoens@apache.org', 'F71-jamestaylor@apache.org', 'category', 'F3-Properties', 'F3-Connection', 'F126', 'F71-tdsilva@salesforce.com', 'F71-ramkrishna.s.vasudevan@gmail.com', 'F3-PhoenixArray', 'F15-private', 'F22', 'F71-enis@apache.org', 'F71-ramkrishna.s.vasudevan@intel.com', 'F71-elilevine@apache.org', 'F3-PreparedStatement', 'F3-null', 'F3-TEST_PROPERTIES', 'F71-jzhong@JZhongs-MacBook-Pro.local', 'F72', 'F25', 'F3-List<ParseNode>', 'F120', 'F3-NA', 'F15-protected', 'F71-ndimiduk@apache.org', 'F15-NA', 'F71-jtaylor@salesforce.com', 'F3-SortOrder.DESC', 'F77', 'F65', 'F105', 'F3-int', 'F110', 'F3-byte[]', 'F41', 'F71-maryannxue@apache.org', 'F68', 'F71-rajeshbabu@apache.org', 'F123', 'F3-BitSet', 'F3-PDataType', 'F3-boolean', 'F117', 'F71-mujtaba@apache.org', 'F3-input', 'F71-samarth.jain@salesforce.com', 'F15-public', 'F104', 'F101', 'F3-SortOrder.ASC', 'F116', 'F71-gabrielr@ngdata.com', 'F71-jeffreyz@apache.org', 'F3-long', 'F71-wei.xue@intel.com'}
    F72  F25  ... F71-mujtaba@apache.org F71-wei.xue@intel.com
1  1702  497  ...                      0                     0
2  1585  416  ...                      0                     0
3  1585  416  ...                      0                     0

[3 rows x 59 columns]
;.;
        F72       F25  ...  F71-mujtaba@apache.org  F71-wei.xue@intel.com
0  0.745370  0.810767  ...                     0.0                    0.0
1  0.637037  0.678630  ...                     0.0                    0.0
2  0.637037  0.678630  ...                     0.0                    0.0

[3 rows x 59 columns]
training_x: (2235, 59)
training_y: 2235
testset_x: (214, 59)
testset_y: 214
              precision    recall  f1-score   support

           0       0.99      0.89      0.94       166
           1       0.72      0.98      0.83        48

    accuracy                           0.91       214
   macro avg       0.86      0.94      0.89       214
weighted avg       0.93      0.91      0.92       214

accuracy: 0.9112149532710281
0.831858407079646
@@@ tn: 148, fp: 18, fn: 1, tp: 47
@@@ LIME - Creating explainer
@@@ LIME - Random Sampling of Instances
iter: 0, sample_no: 139, actual label: 1, predicted: 1
iter: 1, sample_no: 89, actual label: 1, predicted: 1
iter: 2, sample_no: 82, actual label: 0, predicted: 1
iter: 3, sample_no: 13, actual label: 0, predicted: 1
iter: 4, sample_no: 102, actual label: 0, predicted: 0
iter: 5, sample_no: 181, actual label: 0, predicted: 0
iter: 6, sample_no: 156, actual label: 0, predicted: 0
iter: 7, sample_no: 27, actual label: 0, predicted: 0
iter: 8, sample_no: 181, actual label: 0, predicted: 0
iter: 9, sample_no: 207, actual label: 1, predicted: 1
iter: 10, sample_no: 161, actual label: 0, predicted: 0
iter: 11, sample_no: 159, actual label: 0, predicted: 0
iter: 12, sample_no: 140, actual label: 1, predicted: 1
iter: 13, sample_no: 204, actual label: 0, predicted: 0
iter: 14, sample_no: 57, actual label: 0, predicted: 0
iter: 15, sample_no: 106, actual label: 0, predicted: 0
iter: 16, sample_no: 112, actual label: 1, predicted: 1
iter: 17, sample_no: 179, actual label: 0, predicted: 0
iter: 18, sample_no: 5, actual label: 0, predicted: 0
iter: 19, sample_no: 120, actual label: 0, predicted: 0
iter: 20, sample_no: 157, actual label: 0, predicted: 0
iter: 21, sample_no: 14, actual label: 1, predicted: 1
iter: 22, sample_no: 86, actual label: 1, predicted: 1
iter: 23, sample_no: 39, actual label: 1, predicted: 1
iter: 24, sample_no: 100, actual label: 1, predicted: 1
number of samples: 214
AUC 0.9868222891566265
pos_get 48
total recall stop_at 1.0
@@@ C - Repeat number: 9
@@@ D - common_header:  {'F115', 'F3-String', 'F3-getUrl()', 'F3-Object', 'F71-twdsilva@gmail.com', 'F71-stoens@apache.org', 'F71-jamestaylor@apache.org', 'category', 'F3-Properties', 'F3-Connection', 'F126', 'F71-tdsilva@salesforce.com', 'F71-ramkrishna.s.vasudevan@gmail.com', 'F3-PhoenixArray', 'F15-private', 'F22', 'F71-enis@apache.org', 'F71-ramkrishna.s.vasudevan@intel.com', 'F71-elilevine@apache.org', 'F3-PreparedStatement', 'F3-null', 'F3-TEST_PROPERTIES', 'F71-jzhong@JZhongs-MacBook-Pro.local', 'F72', 'F25', 'F3-List<ParseNode>', 'F120', 'F3-NA', 'F15-protected', 'F71-ndimiduk@apache.org', 'F15-NA', 'F71-jtaylor@salesforce.com', 'F3-SortOrder.DESC', 'F77', 'F65', 'F105', 'F3-int', 'F110', 'F3-byte[]', 'F41', 'F71-maryannxue@apache.org', 'F68', 'F71-rajeshbabu@apache.org', 'F123', 'F3-BitSet', 'F3-PDataType', 'F3-boolean', 'F117', 'F71-mujtaba@apache.org', 'F3-input', 'F71-samarth.jain@salesforce.com', 'F15-public', 'F104', 'F101', 'F3-SortOrder.ASC', 'F116', 'F71-gabrielr@ngdata.com', 'F71-jeffreyz@apache.org', 'F3-long', 'F71-wei.xue@intel.com'}
    F72  F25  ... F71-mujtaba@apache.org F71-wei.xue@intel.com
1  1702  497  ...                      0                     0
2  1585  416  ...                      0                     0
3  1585  416  ...                      0                     0

[3 rows x 59 columns]
;.;
        F72       F25  ...  F71-mujtaba@apache.org  F71-wei.xue@intel.com
0  0.745370  0.810767  ...                     0.0                    0.0
1  0.637037  0.678630  ...                     0.0                    0.0
2  0.637037  0.678630  ...                     0.0                    0.0

[3 rows x 59 columns]
training_x: (2235, 59)
training_y: 2235
testset_x: (214, 59)
testset_y: 214
              precision    recall  f1-score   support

           0       0.99      0.89      0.94       166
           1       0.72      0.98      0.83        48

    accuracy                           0.91       214
   macro avg       0.86      0.94      0.89       214
weighted avg       0.93      0.91      0.92       214

accuracy: 0.9112149532710281
0.831858407079646
@@@ tn: 148, fp: 18, fn: 1, tp: 47
@@@ LIME - Creating explainer
@@@ LIME - Random Sampling of Instances
iter: 0, sample_no: 57, actual label: 0, predicted: 0
iter: 1, sample_no: 173, actual label: 1, predicted: 1
iter: 2, sample_no: 11, actual label: 0, predicted: 0
iter: 3, sample_no: 208, actual label: 1, predicted: 1
iter: 4, sample_no: 122, actual label: 0, predicted: 0
iter: 5, sample_no: 174, actual label: 0, predicted: 0
iter: 6, sample_no: 135, actual label: 0, predicted: 0
iter: 7, sample_no: 45, actual label: 0, predicted: 0
iter: 8, sample_no: 27, actual label: 0, predicted: 0
iter: 9, sample_no: 143, actual label: 0, predicted: 0
iter: 10, sample_no: 203, actual label: 0, predicted: 0
iter: 11, sample_no: 196, actual label: 0, predicted: 0
iter: 12, sample_no: 213, actual label: 0, predicted: 0
iter: 13, sample_no: 91, actual label: 1, predicted: 1
iter: 14, sample_no: 163, actual label: 0, predicted: 0
iter: 15, sample_no: 88, actual label: 0, predicted: 0
iter: 16, sample_no: 154, actual label: 0, predicted: 0
iter: 17, sample_no: 205, actual label: 0, predicted: 0
iter: 18, sample_no: 123, actual label: 0, predicted: 0
iter: 19, sample_no: 175, actual label: 1, predicted: 1
iter: 20, sample_no: 96, actual label: 0, predicted: 0
iter: 21, sample_no: 29, actual label: 1, predicted: 1
iter: 22, sample_no: 91, actual label: 1, predicted: 1
iter: 23, sample_no: 92, actual label: 1, predicted: 1
iter: 24, sample_no: 143, actual label: 0, predicted: 0
number of samples: 214
AUC 0.9868222891566265
pos_get 48
total recall stop_at 1.0
@@@ C - Repeat number: 10
@@@ D - common_header:  {'F115', 'F3-String', 'F3-getUrl()', 'F3-Object', 'F71-twdsilva@gmail.com', 'F71-stoens@apache.org', 'F71-jamestaylor@apache.org', 'category', 'F3-Properties', 'F3-Connection', 'F126', 'F71-tdsilva@salesforce.com', 'F71-ramkrishna.s.vasudevan@gmail.com', 'F3-PhoenixArray', 'F15-private', 'F22', 'F71-enis@apache.org', 'F71-ramkrishna.s.vasudevan@intel.com', 'F71-elilevine@apache.org', 'F3-PreparedStatement', 'F3-null', 'F3-TEST_PROPERTIES', 'F71-jzhong@JZhongs-MacBook-Pro.local', 'F72', 'F25', 'F3-List<ParseNode>', 'F120', 'F3-NA', 'F15-protected', 'F71-ndimiduk@apache.org', 'F15-NA', 'F71-jtaylor@salesforce.com', 'F3-SortOrder.DESC', 'F77', 'F65', 'F105', 'F3-int', 'F110', 'F3-byte[]', 'F41', 'F71-maryannxue@apache.org', 'F68', 'F71-rajeshbabu@apache.org', 'F123', 'F3-BitSet', 'F3-PDataType', 'F3-boolean', 'F117', 'F71-mujtaba@apache.org', 'F3-input', 'F71-samarth.jain@salesforce.com', 'F15-public', 'F104', 'F101', 'F3-SortOrder.ASC', 'F116', 'F71-gabrielr@ngdata.com', 'F71-jeffreyz@apache.org', 'F3-long', 'F71-wei.xue@intel.com'}
    F72  F25  ... F71-mujtaba@apache.org F71-wei.xue@intel.com
1  1702  497  ...                      0                     0
2  1585  416  ...                      0                     0
3  1585  416  ...                      0                     0

[3 rows x 59 columns]
;.;
        F72       F25  ...  F71-mujtaba@apache.org  F71-wei.xue@intel.com
0  0.745370  0.810767  ...                     0.0                    0.0
1  0.637037  0.678630  ...                     0.0                    0.0
2  0.637037  0.678630  ...                     0.0                    0.0

[3 rows x 59 columns]
training_x: (2235, 59)
training_y: 2235
testset_x: (214, 59)
testset_y: 214
              precision    recall  f1-score   support

           0       0.99      0.89      0.94       166
           1       0.72      0.98      0.83        48

    accuracy                           0.91       214
   macro avg       0.86      0.94      0.89       214
weighted avg       0.93      0.91      0.92       214

accuracy: 0.9112149532710281
0.831858407079646
@@@ tn: 148, fp: 18, fn: 1, tp: 47
@@@ LIME - Creating explainer
@@@ LIME - Random Sampling of Instances
iter: 0, sample_no: 156, actual label: 0, predicted: 0
iter: 1, sample_no: 120, actual label: 0, predicted: 0
iter: 2, sample_no: 24, actual label: 0, predicted: 1
iter: 3, sample_no: 151, actual label: 0, predicted: 0
iter: 4, sample_no: 12, actual label: 0, predicted: 0
iter: 5, sample_no: 0, actual label: 1, predicted: 1
iter: 6, sample_no: 137, actual label: 0, predicted: 0
iter: 7, sample_no: 106, actual label: 0, predicted: 0
iter: 8, sample_no: 207, actual label: 1, predicted: 1
iter: 9, sample_no: 185, actual label: 1, predicted: 1
iter: 10, sample_no: 86, actual label: 1, predicted: 1
iter: 11, sample_no: 157, actual label: 0, predicted: 0
iter: 12, sample_no: 156, actual label: 0, predicted: 0
iter: 13, sample_no: 93, actual label: 0, predicted: 0
iter: 14, sample_no: 157, actual label: 0, predicted: 0
iter: 15, sample_no: 209, actual label: 0, predicted: 0
iter: 16, sample_no: 85, actual label: 0, predicted: 0
iter: 17, sample_no: 29, actual label: 1, predicted: 1
iter: 18, sample_no: 43, actual label: 0, predicted: 0
iter: 19, sample_no: 58, actual label: 0, predicted: 0
iter: 20, sample_no: 120, actual label: 0, predicted: 0
iter: 21, sample_no: 53, actual label: 0, predicted: 0
iter: 22, sample_no: 185, actual label: 1, predicted: 1
iter: 23, sample_no: 78, actual label: 1, predicted: 1
iter: 24, sample_no: 163, actual label: 0, predicted: 0
number of samples: 214
AUC 0.9868850401606426
pos_get 48
total recall stop_at 1.0
----------threshold stop at----------: 1
AUC [0.9868850401606426, 0.9868222891566265, 0.9868850401606426, 0.9868222891566265, 0.9868222891566265, 0.9868222891566265, 0.9868222891566265, 0.9868222891566265, 0.9868222891566265, 0.9868850401606426]
AUC_median 0.9868222891566265
AUC_iqr 4.7063253012069595e-05
cost [0.3317757009345794, 0.3317757009345794, 0.3317757009345794, 0.3317757009345794, 0.3317757009345794, 0.3317757009345794, 0.3317757009345794, 0.3317757009345794, 0.3317757009345794, 0.3317757009345794]
COST_med 0.3317757009345794
COST_iqr 0.0
f1_pos_list [np.float64(0.831858407079646), np.float64(0.831858407079646), np.float64(0.831858407079646), np.float64(0.831858407079646), np.float64(0.831858407079646), np.float64(0.831858407079646), np.float64(0.831858407079646), np.float64(0.831858407079646), np.float64(0.831858407079646), np.float64(0.831858407079646)]
f1_pos_med 0.831858407079646
total_tn 1480
total_fp 180
total_fn 10
total_tp 470
p= 0.7230769230769231
r= 0.9791666666666666
f= 0.831858407079646
