@@@ A - classifier: SVC(class_weight='balanced', kernel='linear', probability=True)
@@@ B - threshold stop at: 1
@@@ C - Repeat number: 1
@@@ D - common_header:  {'F3-char', 'F77', 'category', 'F71-ryan@apache.org', 'F3-int[]', 'F3-byte[]', 'F3-CharStream', 'F104', 'F3-long', 'F101', 'F15-private', 'F71-buschmi@apache.org', 'F71-erick@apache.org', 'F71-yonik@apache.org', 'F3-Bits', 'F3-char[]', 'F68', 'F126', 'F71-gsingers@apache.org', 'F115', 'F120', 'F3-CharSequence', 'F3-String', 'F123', 'F116', 'F3-boolean', 'F3-Among[]', 'F71-simonw@apache.org', 'F3-FileInputStream', 'F15-public', 'F72', 'F3-Class', 'F41', 'F71-shaie@apache.org', 'F15-protected', 'F117', 'F3-NA', 'F110', 'F15-NA', 'F71-chrism@apache.org', 'F71-shalin@apache.org', 'F71-noble@apache.org', 'F71-uschindler@apache.org', 'F65', 'F3-getBoost()', 'F105', 'F71-mikemccand@apache.org', 'F3-OutputStream', 'F71-rmuir@apache.org', 'F71-markrmiller@apache.org', 'F25', 'F3-int', 'F22', 'F71-sarowe@apache.org', 'F71-hossman@apache.org', 'F71-ehatcher@apache.org'}
     F72   F25  ... F71-erick@apache.org F71-uschindler@apache.org
1  12763   203  ...                    0                         1
2  12763   203  ...                    0                         1
3  26421  4122  ...                    0                         1

[3 rows x 55 columns]
;.;
        F72       F25  ...  F71-erick@apache.org  F71-uschindler@apache.org
0  0.125552  0.044612  ...                   0.0                        1.0
1  0.125552  0.044612  ...                   0.0                        1.0
2  1.000000  1.000000  ...                   0.0                        1.0

[3 rows x 55 columns]
training_x: (2138, 55)
training_y: 2138
testset_x: (993, 55)
testset_y: 993
              precision    recall  f1-score   support

           0       0.56      0.41      0.47       507
           1       0.52      0.66      0.58       486

    accuracy                           0.53       993
   macro avg       0.54      0.53      0.53       993
weighted avg       0.54      0.53      0.52       993

accuracy: 0.5317220543806647
0.579185520361991
@@@ tn: 208, fp: 299, fn: 166, tp: 320
@@@ LIME - Creating explainer
@@@ LIME - Random Sampling of Instances
iter: 0, sample_no: 320, actual label: 0, predicted: 1
iter: 1, sample_no: 781, actual label: 0, predicted: 1
iter: 2, sample_no: 468, actual label: 1, predicted: 1
iter: 3, sample_no: 87, actual label: 1, predicted: 0
iter: 4, sample_no: 442, actual label: 0, predicted: 0
iter: 5, sample_no: 223, actual label: 0, predicted: 1
iter: 6, sample_no: 570, actual label: 0, predicted: 0
iter: 7, sample_no: 332, actual label: 0, predicted: 1
iter: 8, sample_no: 468, actual label: 1, predicted: 1
iter: 9, sample_no: 398, actual label: 1, predicted: 1
iter: 10, sample_no: 716, actual label: 0, predicted: 1
iter: 11, sample_no: 511, actual label: 0, predicted: 1
iter: 12, sample_no: 298, actual label: 0, predicted: 1
iter: 13, sample_no: 657, actual label: 0, predicted: 0
iter: 14, sample_no: 508, actual label: 1, predicted: 1
iter: 15, sample_no: 420, actual label: 0, predicted: 1
iter: 16, sample_no: 356, actual label: 1, predicted: 1
iter: 17, sample_no: 171, actual label: 1, predicted: 0
iter: 18, sample_no: 88, actual label: 1, predicted: 0
iter: 19, sample_no: 675, actual label: 1, predicted: 0
iter: 20, sample_no: 779, actual label: 0, predicted: 0
iter: 21, sample_no: 321, actual label: 1, predicted: 1
iter: 22, sample_no: 832, actual label: 1, predicted: 1
iter: 23, sample_no: 627, actual label: 0, predicted: 0
iter: 24, sample_no: 251, actual label: 1, predicted: 1
number of samples: 993
AUC 0.5705960178894651
pos_get 486
total recall stop_at 1
@@@ C - Repeat number: 2
@@@ D - common_header:  {'F3-char', 'F77', 'category', 'F71-ryan@apache.org', 'F3-int[]', 'F3-byte[]', 'F3-CharStream', 'F104', 'F3-long', 'F101', 'F15-private', 'F71-buschmi@apache.org', 'F71-erick@apache.org', 'F71-yonik@apache.org', 'F3-Bits', 'F3-char[]', 'F68', 'F126', 'F71-gsingers@apache.org', 'F115', 'F120', 'F3-CharSequence', 'F3-String', 'F123', 'F116', 'F3-boolean', 'F3-Among[]', 'F71-simonw@apache.org', 'F3-FileInputStream', 'F15-public', 'F72', 'F3-Class', 'F41', 'F71-shaie@apache.org', 'F15-protected', 'F117', 'F3-NA', 'F110', 'F15-NA', 'F71-chrism@apache.org', 'F71-shalin@apache.org', 'F71-noble@apache.org', 'F71-uschindler@apache.org', 'F65', 'F3-getBoost()', 'F105', 'F71-mikemccand@apache.org', 'F3-OutputStream', 'F71-rmuir@apache.org', 'F71-markrmiller@apache.org', 'F25', 'F3-int', 'F22', 'F71-sarowe@apache.org', 'F71-hossman@apache.org', 'F71-ehatcher@apache.org'}
     F72   F25  ... F71-erick@apache.org F71-uschindler@apache.org
1  12763   203  ...                    0                         1
2  12763   203  ...                    0                         1
3  26421  4122  ...                    0                         1

[3 rows x 55 columns]
;.;
        F72       F25  ...  F71-erick@apache.org  F71-uschindler@apache.org
0  0.125552  0.044612  ...                   0.0                        1.0
1  0.125552  0.044612  ...                   0.0                        1.0
2  1.000000  1.000000  ...                   0.0                        1.0

[3 rows x 55 columns]
training_x: (2138, 55)
training_y: 2138
testset_x: (993, 55)
testset_y: 993
              precision    recall  f1-score   support

           0       0.56      0.41      0.47       507
           1       0.52      0.66      0.58       486

    accuracy                           0.53       993
   macro avg       0.54      0.53      0.53       993
weighted avg       0.54      0.53      0.52       993

accuracy: 0.5317220543806647
0.579185520361991
@@@ tn: 208, fp: 299, fn: 166, tp: 320
@@@ LIME - Creating explainer
@@@ LIME - Random Sampling of Instances
iter: 0, sample_no: 419, actual label: 1, predicted: 1
iter: 1, sample_no: 754, actual label: 0, predicted: 1
iter: 2, sample_no: 260, actual label: 1, predicted: 0
iter: 3, sample_no: 644, actual label: 0, predicted: 0
iter: 4, sample_no: 516, actual label: 0, predicted: 1
iter: 5, sample_no: 447, actual label: 0, predicted: 0
iter: 6, sample_no: 437, actual label: 0, predicted: 0
iter: 7, sample_no: 245, actual label: 1, predicted: 1
iter: 8, sample_no: 618, actual label: 1, predicted: 0
iter: 9, sample_no: 58, actual label: 0, predicted: 1
iter: 10, sample_no: 137, actual label: 1, predicted: 1
iter: 11, sample_no: 326, actual label: 0, predicted: 1
iter: 12, sample_no: 400, actual label: 1, predicted: 1
iter: 13, sample_no: 679, actual label: 1, predicted: 1
iter: 14, sample_no: 454, actual label: 1, predicted: 0
iter: 15, sample_no: 237, actual label: 0, predicted: 1
iter: 16, sample_no: 624, actual label: 0, predicted: 0
iter: 17, sample_no: 380, actual label: 1, predicted: 1
iter: 18, sample_no: 270, actual label: 0, predicted: 1
iter: 19, sample_no: 725, actual label: 1, predicted: 0
iter: 20, sample_no: 469, actual label: 1, predicted: 1
iter: 21, sample_no: 679, actual label: 1, predicted: 1
iter: 22, sample_no: 325, actual label: 0, predicted: 1
iter: 23, sample_no: 640, actual label: 0, predicted: 0
iter: 24, sample_no: 523, actual label: 1, predicted: 0
number of samples: 993
AUC 0.5707218285565864
pos_get 486
total recall stop_at 1
@@@ C - Repeat number: 3
@@@ D - common_header:  {'F3-char', 'F77', 'category', 'F71-ryan@apache.org', 'F3-int[]', 'F3-byte[]', 'F3-CharStream', 'F104', 'F3-long', 'F101', 'F15-private', 'F71-buschmi@apache.org', 'F71-erick@apache.org', 'F71-yonik@apache.org', 'F3-Bits', 'F3-char[]', 'F68', 'F126', 'F71-gsingers@apache.org', 'F115', 'F120', 'F3-CharSequence', 'F3-String', 'F123', 'F116', 'F3-boolean', 'F3-Among[]', 'F71-simonw@apache.org', 'F3-FileInputStream', 'F15-public', 'F72', 'F3-Class', 'F41', 'F71-shaie@apache.org', 'F15-protected', 'F117', 'F3-NA', 'F110', 'F15-NA', 'F71-chrism@apache.org', 'F71-shalin@apache.org', 'F71-noble@apache.org', 'F71-uschindler@apache.org', 'F65', 'F3-getBoost()', 'F105', 'F71-mikemccand@apache.org', 'F3-OutputStream', 'F71-rmuir@apache.org', 'F71-markrmiller@apache.org', 'F25', 'F3-int', 'F22', 'F71-sarowe@apache.org', 'F71-hossman@apache.org', 'F71-ehatcher@apache.org'}
     F72   F25  ... F71-erick@apache.org F71-uschindler@apache.org
1  12763   203  ...                    0                         1
2  12763   203  ...                    0                         1
3  26421  4122  ...                    0                         1

[3 rows x 55 columns]
;.;
        F72       F25  ...  F71-erick@apache.org  F71-uschindler@apache.org
0  0.125552  0.044612  ...                   0.0                        1.0
1  0.125552  0.044612  ...                   0.0                        1.0
2  1.000000  1.000000  ...                   0.0                        1.0

[3 rows x 55 columns]
training_x: (2138, 55)
training_y: 2138
testset_x: (993, 55)
testset_y: 993
              precision    recall  f1-score   support

           0       0.56      0.41      0.47       507
           1       0.52      0.66      0.58       486

    accuracy                           0.53       993
   macro avg       0.54      0.53      0.53       993
weighted avg       0.54      0.53      0.52       993

accuracy: 0.5317220543806647
0.579185520361991
@@@ tn: 208, fp: 299, fn: 166, tp: 320
@@@ LIME - Creating explainer
@@@ LIME - Random Sampling of Instances
iter: 0, sample_no: 414, actual label: 1, predicted: 1
iter: 1, sample_no: 460, actual label: 1, predicted: 1
iter: 2, sample_no: 392, actual label: 1, predicted: 1
iter: 3, sample_no: 984, actual label: 1, predicted: 1
iter: 4, sample_no: 975, actual label: 0, predicted: 1
iter: 5, sample_no: 429, actual label: 1, predicted: 0
iter: 6, sample_no: 410, actual label: 1, predicted: 1
iter: 7, sample_no: 902, actual label: 0, predicted: 1
iter: 8, sample_no: 119, actual label: 1, predicted: 1
iter: 9, sample_no: 613, actual label: 1, predicted: 0
iter: 10, sample_no: 830, actual label: 0, predicted: 1
iter: 11, sample_no: 774, actual label: 0, predicted: 1
iter: 12, sample_no: 979, actual label: 1, predicted: 1
iter: 13, sample_no: 59, actual label: 1, predicted: 1
iter: 14, sample_no: 33, actual label: 1, predicted: 0
iter: 15, sample_no: 812, actual label: 0, predicted: 0
iter: 16, sample_no: 824, actual label: 0, predicted: 1
iter: 17, sample_no: 573, actual label: 0, predicted: 1
iter: 18, sample_no: 589, actual label: 0, predicted: 1
iter: 19, sample_no: 71, actual label: 0, predicted: 1
iter: 20, sample_no: 875, actual label: 0, predicted: 1
iter: 21, sample_no: 978, actual label: 1, predicted: 1
iter: 22, sample_no: 403, actual label: 0, predicted: 1
iter: 23, sample_no: 158, actual label: 1, predicted: 0
iter: 24, sample_no: 45, actual label: 0, predicted: 1
number of samples: 993
AUC 0.570600076298082
pos_get 486
total recall stop_at 1
@@@ C - Repeat number: 4
@@@ D - common_header:  {'F3-char', 'F77', 'category', 'F71-ryan@apache.org', 'F3-int[]', 'F3-byte[]', 'F3-CharStream', 'F104', 'F3-long', 'F101', 'F15-private', 'F71-buschmi@apache.org', 'F71-erick@apache.org', 'F71-yonik@apache.org', 'F3-Bits', 'F3-char[]', 'F68', 'F126', 'F71-gsingers@apache.org', 'F115', 'F120', 'F3-CharSequence', 'F3-String', 'F123', 'F116', 'F3-boolean', 'F3-Among[]', 'F71-simonw@apache.org', 'F3-FileInputStream', 'F15-public', 'F72', 'F3-Class', 'F41', 'F71-shaie@apache.org', 'F15-protected', 'F117', 'F3-NA', 'F110', 'F15-NA', 'F71-chrism@apache.org', 'F71-shalin@apache.org', 'F71-noble@apache.org', 'F71-uschindler@apache.org', 'F65', 'F3-getBoost()', 'F105', 'F71-mikemccand@apache.org', 'F3-OutputStream', 'F71-rmuir@apache.org', 'F71-markrmiller@apache.org', 'F25', 'F3-int', 'F22', 'F71-sarowe@apache.org', 'F71-hossman@apache.org', 'F71-ehatcher@apache.org'}
     F72   F25  ... F71-erick@apache.org F71-uschindler@apache.org
1  12763   203  ...                    0                         1
2  12763   203  ...                    0                         1
3  26421  4122  ...                    0                         1

[3 rows x 55 columns]
;.;
        F72       F25  ...  F71-erick@apache.org  F71-uschindler@apache.org
0  0.125552  0.044612  ...                   0.0                        1.0
1  0.125552  0.044612  ...                   0.0                        1.0
2  1.000000  1.000000  ...                   0.0                        1.0

[3 rows x 55 columns]
training_x: (2138, 55)
training_y: 2138
testset_x: (993, 55)
testset_y: 993
              precision    recall  f1-score   support

           0       0.56      0.41      0.47       507
           1       0.52      0.66      0.58       486

    accuracy                           0.53       993
   macro avg       0.54      0.53      0.53       993
weighted avg       0.54      0.53      0.52       993

accuracy: 0.5317220543806647
0.579185520361991
@@@ tn: 208, fp: 299, fn: 166, tp: 320
@@@ LIME - Creating explainer
@@@ LIME - Random Sampling of Instances
iter: 0, sample_no: 837, actual label: 0, predicted: 0
iter: 1, sample_no: 908, actual label: 1, predicted: 1
iter: 2, sample_no: 480, actual label: 1, predicted: 1
iter: 3, sample_no: 582, actual label: 1, predicted: 0
iter: 4, sample_no: 82, actual label: 0, predicted: 0
iter: 5, sample_no: 592, actual label: 0, predicted: 1
iter: 6, sample_no: 104, actual label: 0, predicted: 0
iter: 7, sample_no: 522, actual label: 1, predicted: 1
iter: 8, sample_no: 178, actual label: 1, predicted: 1
iter: 9, sample_no: 639, actual label: 0, predicted: 0
iter: 10, sample_no: 685, actual label: 0, predicted: 0
iter: 11, sample_no: 266, actual label: 1, predicted: 1
iter: 12, sample_no: 235, actual label: 0, predicted: 1
iter: 13, sample_no: 610, actual label: 1, predicted: 0
iter: 14, sample_no: 739, actual label: 1, predicted: 1
iter: 15, sample_no: 774, actual label: 0, predicted: 1
iter: 16, sample_no: 144, actual label: 1, predicted: 1
iter: 17, sample_no: 179, actual label: 0, predicted: 1
iter: 18, sample_no: 848, actual label: 1, predicted: 1
iter: 19, sample_no: 769, actual label: 1, predicted: 1
iter: 20, sample_no: 817, actual label: 0, predicted: 0
iter: 21, sample_no: 534, actual label: 0, predicted: 1
iter: 22, sample_no: 627, actual label: 0, predicted: 0
iter: 23, sample_no: 851, actual label: 1, predicted: 1
iter: 24, sample_no: 278, actual label: 0, predicted: 1
number of samples: 993
AUC 0.5705960178894651
pos_get 486
total recall stop_at 1
@@@ C - Repeat number: 5
@@@ D - common_header:  {'F3-char', 'F77', 'category', 'F71-ryan@apache.org', 'F3-int[]', 'F3-byte[]', 'F3-CharStream', 'F104', 'F3-long', 'F101', 'F15-private', 'F71-buschmi@apache.org', 'F71-erick@apache.org', 'F71-yonik@apache.org', 'F3-Bits', 'F3-char[]', 'F68', 'F126', 'F71-gsingers@apache.org', 'F115', 'F120', 'F3-CharSequence', 'F3-String', 'F123', 'F116', 'F3-boolean', 'F3-Among[]', 'F71-simonw@apache.org', 'F3-FileInputStream', 'F15-public', 'F72', 'F3-Class', 'F41', 'F71-shaie@apache.org', 'F15-protected', 'F117', 'F3-NA', 'F110', 'F15-NA', 'F71-chrism@apache.org', 'F71-shalin@apache.org', 'F71-noble@apache.org', 'F71-uschindler@apache.org', 'F65', 'F3-getBoost()', 'F105', 'F71-mikemccand@apache.org', 'F3-OutputStream', 'F71-rmuir@apache.org', 'F71-markrmiller@apache.org', 'F25', 'F3-int', 'F22', 'F71-sarowe@apache.org', 'F71-hossman@apache.org', 'F71-ehatcher@apache.org'}
     F72   F25  ... F71-erick@apache.org F71-uschindler@apache.org
1  12763   203  ...                    0                         1
2  12763   203  ...                    0                         1
3  26421  4122  ...                    0                         1

[3 rows x 55 columns]
;.;
        F72       F25  ...  F71-erick@apache.org  F71-uschindler@apache.org
0  0.125552  0.044612  ...                   0.0                        1.0
1  0.125552  0.044612  ...                   0.0                        1.0
2  1.000000  1.000000  ...                   0.0                        1.0

[3 rows x 55 columns]
training_x: (2138, 55)
training_y: 2138
testset_x: (993, 55)
testset_y: 993
              precision    recall  f1-score   support

           0       0.56      0.41      0.47       507
           1       0.52      0.66      0.58       486

    accuracy                           0.53       993
   macro avg       0.54      0.53      0.53       993
weighted avg       0.54      0.53      0.52       993

accuracy: 0.5317220543806647
0.579185520361991
@@@ tn: 208, fp: 299, fn: 166, tp: 320
@@@ LIME - Creating explainer
@@@ LIME - Random Sampling of Instances
iter: 0, sample_no: 902, actual label: 0, predicted: 1
iter: 1, sample_no: 532, actual label: 1, predicted: 1
iter: 2, sample_no: 950, actual label: 1, predicted: 0
iter: 3, sample_no: 1, actual label: 0, predicted: 1
iter: 4, sample_no: 960, actual label: 1, predicted: 1
iter: 5, sample_no: 427, actual label: 0, predicted: 1
iter: 6, sample_no: 15, actual label: 0, predicted: 0
iter: 7, sample_no: 33, actual label: 1, predicted: 0
iter: 8, sample_no: 117, actual label: 1, predicted: 1
iter: 9, sample_no: 429, actual label: 1, predicted: 0
iter: 10, sample_no: 174, actual label: 0, predicted: 1
iter: 11, sample_no: 936, actual label: 0, predicted: 0
iter: 12, sample_no: 834, actual label: 1, predicted: 1
iter: 13, sample_no: 394, actual label: 1, predicted: 1
iter: 14, sample_no: 373, actual label: 0, predicted: 1
iter: 15, sample_no: 934, actual label: 1, predicted: 1
iter: 16, sample_no: 318, actual label: 0, predicted: 1
iter: 17, sample_no: 556, actual label: 1, predicted: 0
iter: 18, sample_no: 201, actual label: 1, predicted: 0
iter: 19, sample_no: 634, actual label: 1, predicted: 0
iter: 20, sample_no: 265, actual label: 1, predicted: 1
iter: 21, sample_no: 20, actual label: 0, predicted: 0
iter: 22, sample_no: 611, actual label: 1, predicted: 0
iter: 23, sample_no: 191, actual label: 0, predicted: 1
iter: 24, sample_no: 180, actual label: 1, predicted: 1
number of samples: 993
AUC 0.5706487772014838
pos_get 486
total recall stop_at 1
@@@ C - Repeat number: 6
@@@ D - common_header:  {'F3-char', 'F77', 'category', 'F71-ryan@apache.org', 'F3-int[]', 'F3-byte[]', 'F3-CharStream', 'F104', 'F3-long', 'F101', 'F15-private', 'F71-buschmi@apache.org', 'F71-erick@apache.org', 'F71-yonik@apache.org', 'F3-Bits', 'F3-char[]', 'F68', 'F126', 'F71-gsingers@apache.org', 'F115', 'F120', 'F3-CharSequence', 'F3-String', 'F123', 'F116', 'F3-boolean', 'F3-Among[]', 'F71-simonw@apache.org', 'F3-FileInputStream', 'F15-public', 'F72', 'F3-Class', 'F41', 'F71-shaie@apache.org', 'F15-protected', 'F117', 'F3-NA', 'F110', 'F15-NA', 'F71-chrism@apache.org', 'F71-shalin@apache.org', 'F71-noble@apache.org', 'F71-uschindler@apache.org', 'F65', 'F3-getBoost()', 'F105', 'F71-mikemccand@apache.org', 'F3-OutputStream', 'F71-rmuir@apache.org', 'F71-markrmiller@apache.org', 'F25', 'F3-int', 'F22', 'F71-sarowe@apache.org', 'F71-hossman@apache.org', 'F71-ehatcher@apache.org'}
     F72   F25  ... F71-erick@apache.org F71-uschindler@apache.org
1  12763   203  ...                    0                         1
2  12763   203  ...                    0                         1
3  26421  4122  ...                    0                         1

[3 rows x 55 columns]
;.;
        F72       F25  ...  F71-erick@apache.org  F71-uschindler@apache.org
0  0.125552  0.044612  ...                   0.0                        1.0
1  0.125552  0.044612  ...                   0.0                        1.0
2  1.000000  1.000000  ...                   0.0                        1.0

[3 rows x 55 columns]
training_x: (2138, 55)
training_y: 2138
testset_x: (993, 55)
testset_y: 993
              precision    recall  f1-score   support

           0       0.56      0.41      0.47       507
           1       0.52      0.66      0.58       486

    accuracy                           0.53       993
   macro avg       0.54      0.53      0.53       993
weighted avg       0.54      0.53      0.52       993

accuracy: 0.5317220543806647
0.579185520361991
@@@ tn: 208, fp: 299, fn: 166, tp: 320
@@@ LIME - Creating explainer
@@@ LIME - Random Sampling of Instances
iter: 0, sample_no: 563, actual label: 1, predicted: 1
iter: 1, sample_no: 755, actual label: 1, predicted: 0
iter: 2, sample_no: 295, actual label: 0, predicted: 1
iter: 3, sample_no: 822, actual label: 0, predicted: 0
iter: 4, sample_no: 976, actual label: 0, predicted: 1
iter: 5, sample_no: 30, actual label: 1, predicted: 0
iter: 6, sample_no: 921, actual label: 0, predicted: 0
iter: 7, sample_no: 885, actual label: 0, predicted: 1
iter: 8, sample_no: 982, actual label: 1, predicted: 0
iter: 9, sample_no: 586, actual label: 1, predicted: 0
iter: 10, sample_no: 420, actual label: 0, predicted: 1
iter: 11, sample_no: 624, actual label: 0, predicted: 0
iter: 12, sample_no: 714, actual label: 0, predicted: 0
iter: 13, sample_no: 769, actual label: 1, predicted: 1
iter: 14, sample_no: 278, actual label: 0, predicted: 1
iter: 15, sample_no: 765, actual label: 0, predicted: 1
iter: 16, sample_no: 404, actual label: 0, predicted: 1
iter: 17, sample_no: 479, actual label: 1, predicted: 1
iter: 18, sample_no: 257, actual label: 1, predicted: 1
iter: 19, sample_no: 619, actual label: 0, predicted: 0
iter: 20, sample_no: 968, actual label: 0, predicted: 0
iter: 21, sample_no: 528, actual label: 1, predicted: 0
iter: 22, sample_no: 411, actual label: 0, predicted: 1
iter: 23, sample_no: 70, actual label: 0, predicted: 1
iter: 24, sample_no: 958, actual label: 0, predicted: 1
number of samples: 993
AUC 0.570600076298082
pos_get 486
total recall stop_at 1
@@@ C - Repeat number: 7
@@@ D - common_header:  {'F3-char', 'F77', 'category', 'F71-ryan@apache.org', 'F3-int[]', 'F3-byte[]', 'F3-CharStream', 'F104', 'F3-long', 'F101', 'F15-private', 'F71-buschmi@apache.org', 'F71-erick@apache.org', 'F71-yonik@apache.org', 'F3-Bits', 'F3-char[]', 'F68', 'F126', 'F71-gsingers@apache.org', 'F115', 'F120', 'F3-CharSequence', 'F3-String', 'F123', 'F116', 'F3-boolean', 'F3-Among[]', 'F71-simonw@apache.org', 'F3-FileInputStream', 'F15-public', 'F72', 'F3-Class', 'F41', 'F71-shaie@apache.org', 'F15-protected', 'F117', 'F3-NA', 'F110', 'F15-NA', 'F71-chrism@apache.org', 'F71-shalin@apache.org', 'F71-noble@apache.org', 'F71-uschindler@apache.org', 'F65', 'F3-getBoost()', 'F105', 'F71-mikemccand@apache.org', 'F3-OutputStream', 'F71-rmuir@apache.org', 'F71-markrmiller@apache.org', 'F25', 'F3-int', 'F22', 'F71-sarowe@apache.org', 'F71-hossman@apache.org', 'F71-ehatcher@apache.org'}
     F72   F25  ... F71-erick@apache.org F71-uschindler@apache.org
1  12763   203  ...                    0                         1
2  12763   203  ...                    0                         1
3  26421  4122  ...                    0                         1

[3 rows x 55 columns]
;.;
        F72       F25  ...  F71-erick@apache.org  F71-uschindler@apache.org
0  0.125552  0.044612  ...                   0.0                        1.0
1  0.125552  0.044612  ...                   0.0                        1.0
2  1.000000  1.000000  ...                   0.0                        1.0

[3 rows x 55 columns]
training_x: (2138, 55)
training_y: 2138
testset_x: (993, 55)
testset_y: 993
              precision    recall  f1-score   support

           0       0.56      0.41      0.47       507
           1       0.52      0.66      0.58       486

    accuracy                           0.53       993
   macro avg       0.54      0.53      0.53       993
weighted avg       0.54      0.53      0.52       993

accuracy: 0.5317220543806647
0.579185520361991
@@@ tn: 208, fp: 299, fn: 166, tp: 320
@@@ LIME - Creating explainer
@@@ LIME - Random Sampling of Instances
iter: 0, sample_no: 685, actual label: 0, predicted: 0
iter: 1, sample_no: 289, actual label: 0, predicted: 1
iter: 2, sample_no: 867, actual label: 0, predicted: 0
iter: 3, sample_no: 243, actual label: 1, predicted: 1
iter: 4, sample_no: 924, actual label: 1, predicted: 1
iter: 5, sample_no: 374, actual label: 1, predicted: 1
iter: 6, sample_no: 494, actual label: 1, predicted: 1
iter: 7, sample_no: 612, actual label: 0, predicted: 0
iter: 8, sample_no: 190, actual label: 0, predicted: 1
iter: 9, sample_no: 804, actual label: 1, predicted: 0
iter: 10, sample_no: 802, actual label: 1, predicted: 0
iter: 11, sample_no: 619, actual label: 0, predicted: 0
iter: 12, sample_no: 815, actual label: 0, predicted: 0
iter: 13, sample_no: 236, actual label: 0, predicted: 1
iter: 14, sample_no: 890, actual label: 0, predicted: 1
iter: 15, sample_no: 183, actual label: 0, predicted: 1
iter: 16, sample_no: 126, actual label: 0, predicted: 1
iter: 17, sample_no: 228, actual label: 0, predicted: 1
iter: 18, sample_no: 685, actual label: 0, predicted: 0
iter: 19, sample_no: 347, actual label: 1, predicted: 1
iter: 20, sample_no: 983, actual label: 1, predicted: 1
iter: 21, sample_no: 708, actual label: 0, predicted: 1
iter: 22, sample_no: 952, actual label: 1, predicted: 1
iter: 23, sample_no: 932, actual label: 1, predicted: 1
iter: 24, sample_no: 913, actual label: 0, predicted: 0
number of samples: 993
AUC 0.5706670400402594
pos_get 486
total recall stop_at 1
@@@ C - Repeat number: 8
@@@ D - common_header:  {'F3-char', 'F77', 'category', 'F71-ryan@apache.org', 'F3-int[]', 'F3-byte[]', 'F3-CharStream', 'F104', 'F3-long', 'F101', 'F15-private', 'F71-buschmi@apache.org', 'F71-erick@apache.org', 'F71-yonik@apache.org', 'F3-Bits', 'F3-char[]', 'F68', 'F126', 'F71-gsingers@apache.org', 'F115', 'F120', 'F3-CharSequence', 'F3-String', 'F123', 'F116', 'F3-boolean', 'F3-Among[]', 'F71-simonw@apache.org', 'F3-FileInputStream', 'F15-public', 'F72', 'F3-Class', 'F41', 'F71-shaie@apache.org', 'F15-protected', 'F117', 'F3-NA', 'F110', 'F15-NA', 'F71-chrism@apache.org', 'F71-shalin@apache.org', 'F71-noble@apache.org', 'F71-uschindler@apache.org', 'F65', 'F3-getBoost()', 'F105', 'F71-mikemccand@apache.org', 'F3-OutputStream', 'F71-rmuir@apache.org', 'F71-markrmiller@apache.org', 'F25', 'F3-int', 'F22', 'F71-sarowe@apache.org', 'F71-hossman@apache.org', 'F71-ehatcher@apache.org'}
     F72   F25  ... F71-erick@apache.org F71-uschindler@apache.org
1  12763   203  ...                    0                         1
2  12763   203  ...                    0                         1
3  26421  4122  ...                    0                         1

[3 rows x 55 columns]
;.;
        F72       F25  ...  F71-erick@apache.org  F71-uschindler@apache.org
0  0.125552  0.044612  ...                   0.0                        1.0
1  0.125552  0.044612  ...                   0.0                        1.0
2  1.000000  1.000000  ...                   0.0                        1.0

[3 rows x 55 columns]
training_x: (2138, 55)
training_y: 2138
testset_x: (993, 55)
testset_y: 993
              precision    recall  f1-score   support

           0       0.56      0.41      0.47       507
           1       0.52      0.66      0.58       486

    accuracy                           0.53       993
   macro avg       0.54      0.53      0.53       993
weighted avg       0.54      0.53      0.52       993

accuracy: 0.5317220543806647
0.579185520361991
@@@ tn: 208, fp: 299, fn: 166, tp: 320
@@@ LIME - Creating explainer
@@@ LIME - Random Sampling of Instances
iter: 0, sample_no: 480, actual label: 1, predicted: 1
iter: 1, sample_no: 512, actual label: 0, predicted: 1
iter: 2, sample_no: 129, actual label: 1, predicted: 1
iter: 3, sample_no: 33, actual label: 1, predicted: 0
iter: 4, sample_no: 603, actual label: 0, predicted: 0
iter: 5, sample_no: 931, actual label: 1, predicted: 1
iter: 6, sample_no: 249, actual label: 1, predicted: 0
iter: 7, sample_no: 669, actual label: 0, predicted: 0
iter: 8, sample_no: 747, actual label: 1, predicted: 0
iter: 9, sample_no: 883, actual label: 0, predicted: 1
iter: 10, sample_no: 938, actual label: 1, predicted: 1
iter: 11, sample_no: 916, actual label: 0, predicted: 0
iter: 12, sample_no: 521, actual label: 0, predicted: 1
iter: 13, sample_no: 21, actual label: 1, predicted: 1
iter: 14, sample_no: 720, actual label: 0, predicted: 0
iter: 15, sample_no: 424, actual label: 1, predicted: 0
iter: 16, sample_no: 47, actual label: 0, predicted: 1
iter: 17, sample_no: 943, actual label: 0, predicted: 1
iter: 18, sample_no: 875, actual label: 0, predicted: 1
iter: 19, sample_no: 116, actual label: 0, predicted: 1
iter: 20, sample_no: 659, actual label: 0, predicted: 0
iter: 21, sample_no: 734, actual label: 1, predicted: 0
iter: 22, sample_no: 751, actual label: 0, predicted: 0
iter: 23, sample_no: 274, actual label: 0, predicted: 1
iter: 24, sample_no: 303, actual label: 0, predicted: 1
number of samples: 993
AUC 0.5705716674377642
pos_get 486
total recall stop_at 1
@@@ C - Repeat number: 9
@@@ D - common_header:  {'F3-char', 'F77', 'category', 'F71-ryan@apache.org', 'F3-int[]', 'F3-byte[]', 'F3-CharStream', 'F104', 'F3-long', 'F101', 'F15-private', 'F71-buschmi@apache.org', 'F71-erick@apache.org', 'F71-yonik@apache.org', 'F3-Bits', 'F3-char[]', 'F68', 'F126', 'F71-gsingers@apache.org', 'F115', 'F120', 'F3-CharSequence', 'F3-String', 'F123', 'F116', 'F3-boolean', 'F3-Among[]', 'F71-simonw@apache.org', 'F3-FileInputStream', 'F15-public', 'F72', 'F3-Class', 'F41', 'F71-shaie@apache.org', 'F15-protected', 'F117', 'F3-NA', 'F110', 'F15-NA', 'F71-chrism@apache.org', 'F71-shalin@apache.org', 'F71-noble@apache.org', 'F71-uschindler@apache.org', 'F65', 'F3-getBoost()', 'F105', 'F71-mikemccand@apache.org', 'F3-OutputStream', 'F71-rmuir@apache.org', 'F71-markrmiller@apache.org', 'F25', 'F3-int', 'F22', 'F71-sarowe@apache.org', 'F71-hossman@apache.org', 'F71-ehatcher@apache.org'}
     F72   F25  ... F71-erick@apache.org F71-uschindler@apache.org
1  12763   203  ...                    0                         1
2  12763   203  ...                    0                         1
3  26421  4122  ...                    0                         1

[3 rows x 55 columns]
;.;
        F72       F25  ...  F71-erick@apache.org  F71-uschindler@apache.org
0  0.125552  0.044612  ...                   0.0                        1.0
1  0.125552  0.044612  ...                   0.0                        1.0
2  1.000000  1.000000  ...                   0.0                        1.0

[3 rows x 55 columns]
training_x: (2138, 55)
training_y: 2138
testset_x: (993, 55)
testset_y: 993
              precision    recall  f1-score   support

           0       0.56      0.41      0.47       507
           1       0.52      0.66      0.58       486

    accuracy                           0.53       993
   macro avg       0.54      0.53      0.53       993
weighted avg       0.54      0.53      0.52       993

accuracy: 0.5317220543806647
0.579185520361991
@@@ tn: 208, fp: 299, fn: 166, tp: 320
@@@ LIME - Creating explainer
@@@ LIME - Random Sampling of Instances
iter: 0, sample_no: 57, actual label: 0, predicted: 1
iter: 1, sample_no: 454, actual label: 1, predicted: 0
iter: 2, sample_no: 267, actual label: 0, predicted: 1
iter: 3, sample_no: 205, actual label: 1, predicted: 1
iter: 4, sample_no: 903, actual label: 0, predicted: 1
iter: 5, sample_no: 716, actual label: 0, predicted: 1
iter: 6, sample_no: 505, actual label: 1, predicted: 1
iter: 7, sample_no: 240, actual label: 1, predicted: 0
iter: 8, sample_no: 986, actual label: 0, predicted: 1
iter: 9, sample_no: 826, actual label: 0, predicted: 1
iter: 10, sample_no: 596, actual label: 0, predicted: 0
iter: 11, sample_no: 105, actual label: 0, predicted: 1
iter: 12, sample_no: 713, actual label: 0, predicted: 0
iter: 13, sample_no: 782, actual label: 0, predicted: 1
iter: 14, sample_no: 705, actual label: 0, predicted: 1
iter: 15, sample_no: 126, actual label: 0, predicted: 1
iter: 16, sample_no: 865, actual label: 0, predicted: 1
iter: 17, sample_no: 204, actual label: 1, predicted: 1
iter: 18, sample_no: 739, actual label: 1, predicted: 1
iter: 19, sample_no: 645, actual label: 0, predicted: 0
iter: 20, sample_no: 705, actual label: 0, predicted: 1
iter: 21, sample_no: 487, actual label: 1, predicted: 1
iter: 22, sample_no: 7, actual label: 0, predicted: 1
iter: 23, sample_no: 415, actual label: 1, predicted: 1
iter: 24, sample_no: 574, actual label: 0, predicted: 0
number of samples: 993
AUC 0.570665010835951
pos_get 486
total recall stop_at 1
@@@ C - Repeat number: 10
@@@ D - common_header:  {'F3-char', 'F77', 'category', 'F71-ryan@apache.org', 'F3-int[]', 'F3-byte[]', 'F3-CharStream', 'F104', 'F3-long', 'F101', 'F15-private', 'F71-buschmi@apache.org', 'F71-erick@apache.org', 'F71-yonik@apache.org', 'F3-Bits', 'F3-char[]', 'F68', 'F126', 'F71-gsingers@apache.org', 'F115', 'F120', 'F3-CharSequence', 'F3-String', 'F123', 'F116', 'F3-boolean', 'F3-Among[]', 'F71-simonw@apache.org', 'F3-FileInputStream', 'F15-public', 'F72', 'F3-Class', 'F41', 'F71-shaie@apache.org', 'F15-protected', 'F117', 'F3-NA', 'F110', 'F15-NA', 'F71-chrism@apache.org', 'F71-shalin@apache.org', 'F71-noble@apache.org', 'F71-uschindler@apache.org', 'F65', 'F3-getBoost()', 'F105', 'F71-mikemccand@apache.org', 'F3-OutputStream', 'F71-rmuir@apache.org', 'F71-markrmiller@apache.org', 'F25', 'F3-int', 'F22', 'F71-sarowe@apache.org', 'F71-hossman@apache.org', 'F71-ehatcher@apache.org'}
     F72   F25  ... F71-erick@apache.org F71-uschindler@apache.org
1  12763   203  ...                    0                         1
2  12763   203  ...                    0                         1
3  26421  4122  ...                    0                         1

[3 rows x 55 columns]
;.;
        F72       F25  ...  F71-erick@apache.org  F71-uschindler@apache.org
0  0.125552  0.044612  ...                   0.0                        1.0
1  0.125552  0.044612  ...                   0.0                        1.0
2  1.000000  1.000000  ...                   0.0                        1.0

[3 rows x 55 columns]
training_x: (2138, 55)
training_y: 2138
testset_x: (993, 55)
testset_y: 993
              precision    recall  f1-score   support

           0       0.56      0.41      0.47       507
           1       0.52      0.66      0.58       486

    accuracy                           0.53       993
   macro avg       0.54      0.53      0.53       993
weighted avg       0.54      0.53      0.52       993

accuracy: 0.5317220543806647
0.579185520361991
@@@ tn: 208, fp: 299, fn: 166, tp: 320
@@@ LIME - Creating explainer
@@@ LIME - Random Sampling of Instances
iter: 0, sample_no: 668, actual label: 0, predicted: 0
iter: 1, sample_no: 988, actual label: 1, predicted: 1
iter: 2, sample_no: 381, actual label: 0, predicted: 1
iter: 3, sample_no: 284, actual label: 0, predicted: 1
iter: 4, sample_no: 343, actual label: 1, predicted: 1
iter: 5, sample_no: 736, actual label: 1, predicted: 1
iter: 6, sample_no: 568, actual label: 1, predicted: 1
iter: 7, sample_no: 756, actual label: 1, predicted: 1
iter: 8, sample_no: 670, actual label: 0, predicted: 1
iter: 9, sample_no: 677, actual label: 0, predicted: 0
iter: 10, sample_no: 267, actual label: 0, predicted: 1
iter: 11, sample_no: 247, actual label: 1, predicted: 1
iter: 12, sample_no: 891, actual label: 0, predicted: 1
iter: 13, sample_no: 711, actual label: 1, predicted: 0
iter: 14, sample_no: 685, actual label: 0, predicted: 0
iter: 15, sample_no: 769, actual label: 1, predicted: 1
iter: 16, sample_no: 222, actual label: 1, predicted: 1
iter: 17, sample_no: 142, actual label: 1, predicted: 0
iter: 18, sample_no: 857, actual label: 0, predicted: 0
iter: 19, sample_no: 839, actual label: 1, predicted: 0
iter: 20, sample_no: 527, actual label: 1, predicted: 0
iter: 21, sample_no: 498, actual label: 0, predicted: 0
iter: 22, sample_no: 343, actual label: 1, predicted: 1
iter: 23, sample_no: 317, actual label: 0, predicted: 1
iter: 24, sample_no: 783, actual label: 0, predicted: 1
number of samples: 993
AUC 0.5706325435670165
pos_get 486
total recall stop_at 1
----------threshold stop at----------: 1
AUC [0.5705960178894651, 0.5707218285565864, 0.570600076298082, 0.5705960178894651, 0.5706487772014838, 0.570600076298082, 0.5706670400402594, 0.5705716674377642, 0.570665010835951, 0.5706325435670165]
AUC_median 0.5706163099325492
AUC_iqr 6.391993571486232e-05
cost [1, 1, 1, 1, 1, 1, 1, 1, 1, 1]
COST_med 1.0
COST_iqr 0.0
f1_pos_list [np.float64(0.579185520361991), np.float64(0.579185520361991), np.float64(0.579185520361991), np.float64(0.579185520361991), np.float64(0.579185520361991), np.float64(0.579185520361991), np.float64(0.579185520361991), np.float64(0.579185520361991), np.float64(0.579185520361991), np.float64(0.579185520361991)]
f1_pos_med 0.579185520361991
total_tn 2080
total_fp 2990
total_fn 1660
total_tp 3200
p= 0.5169628432956381
r= 0.6584362139917695
f= 0.5791855203619909
