@@@ A - classifier: SVC(class_weight='balanced', kernel='linear', probability=True)
@@@ B - threshold stop at: 1
@@@ C - Repeat number: 1
@@@ D - common_header:  {'F71-bandaram@apache.org', 'F123', 'F3-int', 'F15-NA', 'F71-bernt@apache.org', 'F71-myrnavl@apache.org', 'F25', 'F71-davidvc@apache.org', 'F3-InputStream', 'F3-ResultSet', 'F3-Connection', 'F71-djd@apache.org', 'F105', 'F71-fuzzylogic@apache.org', 'category', 'F71-bpendleton@apache.org', 'F65', 'F101', 'F22', 'F77', 'F71-kmarsden@apache.org', 'F71-rhillegas@apache.org', 'F71-mikem@apache.org', 'F71-coar@apache.org', 'F68', 'F115', 'F71-bakksjo@apache.org', 'F117', 'F3-int[]', 'F71-dag@apache.org', 'F71-kahatlen@apache.org', 'F41', 'F72', 'F3-SQLException', 'F3-ExecRow', 'F126', 'F3-QualifiedIdentifier', 'F15-protected', 'F120', 'F3-NA', 'F3-long', 'F110', 'F3-boolean', 'F3-null', 'F3-byte[]', 'F104', 'F116', 'F71-mamta@apache.org', 'F71-suresht@apache.org', 'F3-String', 'F15-public', 'F71-kristwaa@apache.org', 'F71-oysteing@apache.org', 'F3-TransactionController', 'F3-PrintWriter', 'F15-private'}
    F72   F25  ... F71-bpendleton@apache.org F71-coar@apache.org
1  8134  3064  ...                         0                   0
2  8134  3064  ...                         0                   1
3  8134  3064  ...                         0                   1

[3 rows x 55 columns]
;.;
   F72  F25  ...  F71-bpendleton@apache.org  F71-coar@apache.org
0  1.0  1.0  ...                        0.0                  0.0
1  1.0  1.0  ...                        0.0                  1.0
2  1.0  1.0  ...                        0.0                  1.0

[3 rows x 55 columns]
training_x: (413, 55)
training_y: 413
testset_x: (45, 55)
testset_y: 45
              precision    recall  f1-score   support

           0       0.72      0.88      0.79        33
           1       0.20      0.08      0.12        12

    accuracy                           0.67        45
   macro avg       0.46      0.48      0.46        45
weighted avg       0.59      0.67      0.61        45

accuracy: 0.6666666666666666
0.11764705882352941
@@@ tn: 29, fp: 4, fn: 11, tp: 1
@@@ LIME - Creating explainer
@@@ LIME - Random Sampling of Instances
iter: 0, sample_no: 0, actual label: 0, predicted: 0
iter: 1, sample_no: 34, actual label: 1, predicted: 0
iter: 2, sample_no: 39, actual label: 0, predicted: 0
iter: 3, sample_no: 22, actual label: 0, predicted: 0
iter: 4, sample_no: 23, actual label: 0, predicted: 0
iter: 5, sample_no: 3, actual label: 0, predicted: 0
iter: 6, sample_no: 14, actual label: 0, predicted: 0
iter: 7, sample_no: 1, actual label: 0, predicted: 0
iter: 8, sample_no: 16, actual label: 0, predicted: 0
iter: 9, sample_no: 7, actual label: 0, predicted: 0
iter: 10, sample_no: 32, actual label: 0, predicted: 0
iter: 11, sample_no: 18, actual label: 1, predicted: 0
iter: 12, sample_no: 33, actual label: 0, predicted: 1
iter: 13, sample_no: 27, actual label: 0, predicted: 0
iter: 14, sample_no: 7, actual label: 0, predicted: 0
iter: 15, sample_no: 1, actual label: 0, predicted: 0
iter: 16, sample_no: 34, actual label: 1, predicted: 0
iter: 17, sample_no: 37, actual label: 0, predicted: 0
iter: 18, sample_no: 3, actual label: 0, predicted: 0
iter: 19, sample_no: 30, actual label: 1, predicted: 0
iter: 20, sample_no: 34, actual label: 1, predicted: 0
iter: 21, sample_no: 23, actual label: 0, predicted: 0
iter: 22, sample_no: 43, actual label: 0, predicted: 0
iter: 23, sample_no: 8, actual label: 0, predicted: 0
iter: 24, sample_no: 10, actual label: 0, predicted: 0
number of samples: 45
AUC 0.6388888888888888
pos_get 12
total recall stop_at 1.0
@@@ C - Repeat number: 2
@@@ D - common_header:  {'F71-bandaram@apache.org', 'F123', 'F3-int', 'F15-NA', 'F71-bernt@apache.org', 'F71-myrnavl@apache.org', 'F25', 'F71-davidvc@apache.org', 'F3-InputStream', 'F3-ResultSet', 'F3-Connection', 'F71-djd@apache.org', 'F105', 'F71-fuzzylogic@apache.org', 'category', 'F71-bpendleton@apache.org', 'F65', 'F101', 'F22', 'F77', 'F71-kmarsden@apache.org', 'F71-rhillegas@apache.org', 'F71-mikem@apache.org', 'F71-coar@apache.org', 'F68', 'F115', 'F71-bakksjo@apache.org', 'F117', 'F3-int[]', 'F71-dag@apache.org', 'F71-kahatlen@apache.org', 'F41', 'F72', 'F3-SQLException', 'F3-ExecRow', 'F126', 'F3-QualifiedIdentifier', 'F15-protected', 'F120', 'F3-NA', 'F3-long', 'F110', 'F3-boolean', 'F3-null', 'F3-byte[]', 'F104', 'F116', 'F71-mamta@apache.org', 'F71-suresht@apache.org', 'F3-String', 'F15-public', 'F71-kristwaa@apache.org', 'F71-oysteing@apache.org', 'F3-TransactionController', 'F3-PrintWriter', 'F15-private'}
    F72   F25  ... F71-bpendleton@apache.org F71-coar@apache.org
1  8134  3064  ...                         0                   0
2  8134  3064  ...                         0                   1
3  8134  3064  ...                         0                   1

[3 rows x 55 columns]
;.;
   F72  F25  ...  F71-bpendleton@apache.org  F71-coar@apache.org
0  1.0  1.0  ...                        0.0                  0.0
1  1.0  1.0  ...                        0.0                  1.0
2  1.0  1.0  ...                        0.0                  1.0

[3 rows x 55 columns]
training_x: (413, 55)
training_y: 413
testset_x: (45, 55)
testset_y: 45
              precision    recall  f1-score   support

           0       0.72      0.88      0.79        33
           1       0.20      0.08      0.12        12

    accuracy                           0.67        45
   macro avg       0.46      0.48      0.46        45
weighted avg       0.59      0.67      0.61        45

accuracy: 0.6666666666666666
0.11764705882352941
@@@ tn: 29, fp: 4, fn: 11, tp: 1
@@@ LIME - Creating explainer
@@@ LIME - Random Sampling of Instances
iter: 0, sample_no: 35, actual label: 1, predicted: 0
iter: 1, sample_no: 20, actual label: 1, predicted: 0
iter: 2, sample_no: 44, actual label: 0, predicted: 1
iter: 3, sample_no: 19, actual label: 0, predicted: 1
iter: 4, sample_no: 20, actual label: 1, predicted: 0
iter: 5, sample_no: 15, actual label: 1, predicted: 1
iter: 6, sample_no: 40, actual label: 1, predicted: 0
iter: 7, sample_no: 37, actual label: 0, predicted: 0
iter: 8, sample_no: 32, actual label: 0, predicted: 0
iter: 9, sample_no: 21, actual label: 0, predicted: 1
iter: 10, sample_no: 22, actual label: 0, predicted: 0
iter: 11, sample_no: 28, actual label: 0, predicted: 0
iter: 12, sample_no: 14, actual label: 0, predicted: 0
iter: 13, sample_no: 3, actual label: 0, predicted: 0
iter: 14, sample_no: 25, actual label: 1, predicted: 0
iter: 15, sample_no: 13, actual label: 1, predicted: 0
iter: 16, sample_no: 8, actual label: 0, predicted: 0
iter: 17, sample_no: 26, actual label: 0, predicted: 0
iter: 18, sample_no: 10, actual label: 0, predicted: 0
iter: 19, sample_no: 23, actual label: 0, predicted: 0
iter: 20, sample_no: 6, actual label: 0, predicted: 0
iter: 21, sample_no: 5, actual label: 0, predicted: 0
iter: 22, sample_no: 34, actual label: 1, predicted: 0
iter: 23, sample_no: 42, actual label: 0, predicted: 0
iter: 24, sample_no: 24, actual label: 1, predicted: 0
number of samples: 45
AUC 0.6388888888888888
pos_get 12
total recall stop_at 1.0
@@@ C - Repeat number: 3
@@@ D - common_header:  {'F71-bandaram@apache.org', 'F123', 'F3-int', 'F15-NA', 'F71-bernt@apache.org', 'F71-myrnavl@apache.org', 'F25', 'F71-davidvc@apache.org', 'F3-InputStream', 'F3-ResultSet', 'F3-Connection', 'F71-djd@apache.org', 'F105', 'F71-fuzzylogic@apache.org', 'category', 'F71-bpendleton@apache.org', 'F65', 'F101', 'F22', 'F77', 'F71-kmarsden@apache.org', 'F71-rhillegas@apache.org', 'F71-mikem@apache.org', 'F71-coar@apache.org', 'F68', 'F115', 'F71-bakksjo@apache.org', 'F117', 'F3-int[]', 'F71-dag@apache.org', 'F71-kahatlen@apache.org', 'F41', 'F72', 'F3-SQLException', 'F3-ExecRow', 'F126', 'F3-QualifiedIdentifier', 'F15-protected', 'F120', 'F3-NA', 'F3-long', 'F110', 'F3-boolean', 'F3-null', 'F3-byte[]', 'F104', 'F116', 'F71-mamta@apache.org', 'F71-suresht@apache.org', 'F3-String', 'F15-public', 'F71-kristwaa@apache.org', 'F71-oysteing@apache.org', 'F3-TransactionController', 'F3-PrintWriter', 'F15-private'}
    F72   F25  ... F71-bpendleton@apache.org F71-coar@apache.org
1  8134  3064  ...                         0                   0
2  8134  3064  ...                         0                   1
3  8134  3064  ...                         0                   1

[3 rows x 55 columns]
;.;
   F72  F25  ...  F71-bpendleton@apache.org  F71-coar@apache.org
0  1.0  1.0  ...                        0.0                  0.0
1  1.0  1.0  ...                        0.0                  1.0
2  1.0  1.0  ...                        0.0                  1.0

[3 rows x 55 columns]
training_x: (413, 55)
training_y: 413
testset_x: (45, 55)
testset_y: 45
              precision    recall  f1-score   support

           0       0.72      0.88      0.79        33
           1       0.20      0.08      0.12        12

    accuracy                           0.67        45
   macro avg       0.46      0.48      0.46        45
weighted avg       0.59      0.67      0.61        45

accuracy: 0.6666666666666666
0.11764705882352941
@@@ tn: 29, fp: 4, fn: 11, tp: 1
@@@ LIME - Creating explainer
@@@ LIME - Random Sampling of Instances
iter: 0, sample_no: 30, actual label: 1, predicted: 0
iter: 1, sample_no: 6, actual label: 0, predicted: 0
iter: 2, sample_no: 27, actual label: 0, predicted: 0
iter: 3, sample_no: 40, actual label: 1, predicted: 0
iter: 4, sample_no: 16, actual label: 0, predicted: 0
iter: 5, sample_no: 38, actual label: 0, predicted: 0
iter: 6, sample_no: 33, actual label: 0, predicted: 1
iter: 7, sample_no: 32, actual label: 0, predicted: 0
iter: 8, sample_no: 41, actual label: 0, predicted: 0
iter: 9, sample_no: 24, actual label: 1, predicted: 0
iter: 10, sample_no: 40, actual label: 1, predicted: 0
iter: 11, sample_no: 25, actual label: 1, predicted: 0
iter: 12, sample_no: 40, actual label: 1, predicted: 0
iter: 13, sample_no: 27, actual label: 0, predicted: 0
iter: 14, sample_no: 11, actual label: 0, predicted: 0
iter: 15, sample_no: 5, actual label: 0, predicted: 0
iter: 16, sample_no: 28, actual label: 0, predicted: 0
iter: 17, sample_no: 23, actual label: 0, predicted: 0
iter: 18, sample_no: 5, actual label: 0, predicted: 0
iter: 19, sample_no: 18, actual label: 1, predicted: 0
iter: 20, sample_no: 42, actual label: 0, predicted: 0
iter: 21, sample_no: 30, actual label: 1, predicted: 0
iter: 22, sample_no: 6, actual label: 0, predicted: 0
iter: 23, sample_no: 38, actual label: 0, predicted: 0
iter: 24, sample_no: 30, actual label: 1, predicted: 0
number of samples: 45
AUC 0.6388888888888888
pos_get 12
total recall stop_at 1.0
@@@ C - Repeat number: 4
@@@ D - common_header:  {'F71-bandaram@apache.org', 'F123', 'F3-int', 'F15-NA', 'F71-bernt@apache.org', 'F71-myrnavl@apache.org', 'F25', 'F71-davidvc@apache.org', 'F3-InputStream', 'F3-ResultSet', 'F3-Connection', 'F71-djd@apache.org', 'F105', 'F71-fuzzylogic@apache.org', 'category', 'F71-bpendleton@apache.org', 'F65', 'F101', 'F22', 'F77', 'F71-kmarsden@apache.org', 'F71-rhillegas@apache.org', 'F71-mikem@apache.org', 'F71-coar@apache.org', 'F68', 'F115', 'F71-bakksjo@apache.org', 'F117', 'F3-int[]', 'F71-dag@apache.org', 'F71-kahatlen@apache.org', 'F41', 'F72', 'F3-SQLException', 'F3-ExecRow', 'F126', 'F3-QualifiedIdentifier', 'F15-protected', 'F120', 'F3-NA', 'F3-long', 'F110', 'F3-boolean', 'F3-null', 'F3-byte[]', 'F104', 'F116', 'F71-mamta@apache.org', 'F71-suresht@apache.org', 'F3-String', 'F15-public', 'F71-kristwaa@apache.org', 'F71-oysteing@apache.org', 'F3-TransactionController', 'F3-PrintWriter', 'F15-private'}
    F72   F25  ... F71-bpendleton@apache.org F71-coar@apache.org
1  8134  3064  ...                         0                   0
2  8134  3064  ...                         0                   1
3  8134  3064  ...                         0                   1

[3 rows x 55 columns]
;.;
   F72  F25  ...  F71-bpendleton@apache.org  F71-coar@apache.org
0  1.0  1.0  ...                        0.0                  0.0
1  1.0  1.0  ...                        0.0                  1.0
2  1.0  1.0  ...                        0.0                  1.0

[3 rows x 55 columns]
training_x: (413, 55)
training_y: 413
testset_x: (45, 55)
testset_y: 45
              precision    recall  f1-score   support

           0       0.72      0.88      0.79        33
           1       0.20      0.08      0.12        12

    accuracy                           0.67        45
   macro avg       0.46      0.48      0.46        45
weighted avg       0.59      0.67      0.61        45

accuracy: 0.6666666666666666
0.11764705882352941
@@@ tn: 29, fp: 4, fn: 11, tp: 1
@@@ LIME - Creating explainer
@@@ LIME - Random Sampling of Instances
iter: 0, sample_no: 5, actual label: 0, predicted: 0
iter: 1, sample_no: 33, actual label: 0, predicted: 1
iter: 2, sample_no: 32, actual label: 0, predicted: 0
iter: 3, sample_no: 37, actual label: 0, predicted: 0
iter: 4, sample_no: 43, actual label: 0, predicted: 0
iter: 5, sample_no: 36, actual label: 0, predicted: 0
iter: 6, sample_no: 34, actual label: 1, predicted: 0
iter: 7, sample_no: 13, actual label: 1, predicted: 0
iter: 8, sample_no: 18, actual label: 1, predicted: 0
iter: 9, sample_no: 22, actual label: 0, predicted: 0
iter: 10, sample_no: 4, actual label: 0, predicted: 0
iter: 11, sample_no: 25, actual label: 1, predicted: 0
iter: 12, sample_no: 41, actual label: 0, predicted: 0
iter: 13, sample_no: 19, actual label: 0, predicted: 1
iter: 14, sample_no: 7, actual label: 0, predicted: 0
iter: 15, sample_no: 30, actual label: 1, predicted: 0
iter: 16, sample_no: 12, actual label: 0, predicted: 0
iter: 17, sample_no: 24, actual label: 1, predicted: 0
iter: 18, sample_no: 27, actual label: 0, predicted: 0
iter: 19, sample_no: 27, actual label: 0, predicted: 0
iter: 20, sample_no: 28, actual label: 0, predicted: 0
iter: 21, sample_no: 23, actual label: 0, predicted: 0
iter: 22, sample_no: 10, actual label: 0, predicted: 0
iter: 23, sample_no: 44, actual label: 0, predicted: 1
iter: 24, sample_no: 23, actual label: 0, predicted: 0
number of samples: 45
AUC 0.6388888888888888
pos_get 12
total recall stop_at 1.0
@@@ C - Repeat number: 5
@@@ D - common_header:  {'F71-bandaram@apache.org', 'F123', 'F3-int', 'F15-NA', 'F71-bernt@apache.org', 'F71-myrnavl@apache.org', 'F25', 'F71-davidvc@apache.org', 'F3-InputStream', 'F3-ResultSet', 'F3-Connection', 'F71-djd@apache.org', 'F105', 'F71-fuzzylogic@apache.org', 'category', 'F71-bpendleton@apache.org', 'F65', 'F101', 'F22', 'F77', 'F71-kmarsden@apache.org', 'F71-rhillegas@apache.org', 'F71-mikem@apache.org', 'F71-coar@apache.org', 'F68', 'F115', 'F71-bakksjo@apache.org', 'F117', 'F3-int[]', 'F71-dag@apache.org', 'F71-kahatlen@apache.org', 'F41', 'F72', 'F3-SQLException', 'F3-ExecRow', 'F126', 'F3-QualifiedIdentifier', 'F15-protected', 'F120', 'F3-NA', 'F3-long', 'F110', 'F3-boolean', 'F3-null', 'F3-byte[]', 'F104', 'F116', 'F71-mamta@apache.org', 'F71-suresht@apache.org', 'F3-String', 'F15-public', 'F71-kristwaa@apache.org', 'F71-oysteing@apache.org', 'F3-TransactionController', 'F3-PrintWriter', 'F15-private'}
    F72   F25  ... F71-bpendleton@apache.org F71-coar@apache.org
1  8134  3064  ...                         0                   0
2  8134  3064  ...                         0                   1
3  8134  3064  ...                         0                   1

[3 rows x 55 columns]
;.;
   F72  F25  ...  F71-bpendleton@apache.org  F71-coar@apache.org
0  1.0  1.0  ...                        0.0                  0.0
1  1.0  1.0  ...                        0.0                  1.0
2  1.0  1.0  ...                        0.0                  1.0

[3 rows x 55 columns]
training_x: (413, 55)
training_y: 413
testset_x: (45, 55)
testset_y: 45
              precision    recall  f1-score   support

           0       0.72      0.88      0.79        33
           1       0.20      0.08      0.12        12

    accuracy                           0.67        45
   macro avg       0.46      0.48      0.46        45
weighted avg       0.59      0.67      0.61        45

accuracy: 0.6666666666666666
0.11764705882352941
@@@ tn: 29, fp: 4, fn: 11, tp: 1
@@@ LIME - Creating explainer
@@@ LIME - Random Sampling of Instances
iter: 0, sample_no: 6, actual label: 0, predicted: 0
iter: 1, sample_no: 28, actual label: 0, predicted: 0
iter: 2, sample_no: 3, actual label: 0, predicted: 0
iter: 3, sample_no: 4, actual label: 0, predicted: 0
iter: 4, sample_no: 23, actual label: 0, predicted: 0
iter: 5, sample_no: 22, actual label: 0, predicted: 0
iter: 6, sample_no: 29, actual label: 1, predicted: 0
iter: 7, sample_no: 16, actual label: 0, predicted: 0
iter: 8, sample_no: 21, actual label: 0, predicted: 1
iter: 9, sample_no: 15, actual label: 1, predicted: 1
iter: 10, sample_no: 20, actual label: 1, predicted: 0
iter: 11, sample_no: 35, actual label: 1, predicted: 0
iter: 12, sample_no: 35, actual label: 1, predicted: 0
iter: 13, sample_no: 7, actual label: 0, predicted: 0
iter: 14, sample_no: 19, actual label: 0, predicted: 1
iter: 15, sample_no: 11, actual label: 0, predicted: 0
iter: 16, sample_no: 25, actual label: 1, predicted: 0
iter: 17, sample_no: 7, actual label: 0, predicted: 0
iter: 18, sample_no: 25, actual label: 1, predicted: 0
iter: 19, sample_no: 38, actual label: 0, predicted: 0
iter: 20, sample_no: 3, actual label: 0, predicted: 0
iter: 21, sample_no: 30, actual label: 1, predicted: 0
iter: 22, sample_no: 33, actual label: 0, predicted: 1
iter: 23, sample_no: 10, actual label: 0, predicted: 0
iter: 24, sample_no: 12, actual label: 0, predicted: 0
number of samples: 45
AUC 0.6388888888888888
pos_get 12
total recall stop_at 1.0
@@@ C - Repeat number: 6
@@@ D - common_header:  {'F71-bandaram@apache.org', 'F123', 'F3-int', 'F15-NA', 'F71-bernt@apache.org', 'F71-myrnavl@apache.org', 'F25', 'F71-davidvc@apache.org', 'F3-InputStream', 'F3-ResultSet', 'F3-Connection', 'F71-djd@apache.org', 'F105', 'F71-fuzzylogic@apache.org', 'category', 'F71-bpendleton@apache.org', 'F65', 'F101', 'F22', 'F77', 'F71-kmarsden@apache.org', 'F71-rhillegas@apache.org', 'F71-mikem@apache.org', 'F71-coar@apache.org', 'F68', 'F115', 'F71-bakksjo@apache.org', 'F117', 'F3-int[]', 'F71-dag@apache.org', 'F71-kahatlen@apache.org', 'F41', 'F72', 'F3-SQLException', 'F3-ExecRow', 'F126', 'F3-QualifiedIdentifier', 'F15-protected', 'F120', 'F3-NA', 'F3-long', 'F110', 'F3-boolean', 'F3-null', 'F3-byte[]', 'F104', 'F116', 'F71-mamta@apache.org', 'F71-suresht@apache.org', 'F3-String', 'F15-public', 'F71-kristwaa@apache.org', 'F71-oysteing@apache.org', 'F3-TransactionController', 'F3-PrintWriter', 'F15-private'}
    F72   F25  ... F71-bpendleton@apache.org F71-coar@apache.org
1  8134  3064  ...                         0                   0
2  8134  3064  ...                         0                   1
3  8134  3064  ...                         0                   1

[3 rows x 55 columns]
;.;
   F72  F25  ...  F71-bpendleton@apache.org  F71-coar@apache.org
0  1.0  1.0  ...                        0.0                  0.0
1  1.0  1.0  ...                        0.0                  1.0
2  1.0  1.0  ...                        0.0                  1.0

[3 rows x 55 columns]
training_x: (413, 55)
training_y: 413
testset_x: (45, 55)
testset_y: 45
              precision    recall  f1-score   support

           0       0.72      0.88      0.79        33
           1       0.20      0.08      0.12        12

    accuracy                           0.67        45
   macro avg       0.46      0.48      0.46        45
weighted avg       0.59      0.67      0.61        45

accuracy: 0.6666666666666666
0.11764705882352941
@@@ tn: 29, fp: 4, fn: 11, tp: 1
@@@ LIME - Creating explainer
@@@ LIME - Random Sampling of Instances
iter: 0, sample_no: 17, actual label: 0, predicted: 0
iter: 1, sample_no: 2, actual label: 0, predicted: 0
iter: 2, sample_no: 0, actual label: 0, predicted: 0
iter: 3, sample_no: 37, actual label: 0, predicted: 0
iter: 4, sample_no: 34, actual label: 1, predicted: 0
iter: 5, sample_no: 11, actual label: 0, predicted: 0
iter: 6, sample_no: 31, actual label: 1, predicted: 0
iter: 7, sample_no: 32, actual label: 0, predicted: 0
iter: 8, sample_no: 2, actual label: 0, predicted: 0
iter: 9, sample_no: 36, actual label: 0, predicted: 0
iter: 10, sample_no: 15, actual label: 1, predicted: 1
iter: 11, sample_no: 41, actual label: 0, predicted: 0
iter: 12, sample_no: 6, actual label: 0, predicted: 0
iter: 13, sample_no: 17, actual label: 0, predicted: 0
iter: 14, sample_no: 27, actual label: 0, predicted: 0
iter: 15, sample_no: 33, actual label: 0, predicted: 1
iter: 16, sample_no: 11, actual label: 0, predicted: 0
iter: 17, sample_no: 26, actual label: 0, predicted: 0
iter: 18, sample_no: 43, actual label: 0, predicted: 0
iter: 19, sample_no: 22, actual label: 0, predicted: 0
iter: 20, sample_no: 36, actual label: 0, predicted: 0
iter: 21, sample_no: 13, actual label: 1, predicted: 0
iter: 22, sample_no: 37, actual label: 0, predicted: 0
iter: 23, sample_no: 41, actual label: 0, predicted: 0
iter: 24, sample_no: 30, actual label: 1, predicted: 0
number of samples: 45
AUC 0.6388888888888888
pos_get 12
total recall stop_at 1.0
@@@ C - Repeat number: 7
@@@ D - common_header:  {'F71-bandaram@apache.org', 'F123', 'F3-int', 'F15-NA', 'F71-bernt@apache.org', 'F71-myrnavl@apache.org', 'F25', 'F71-davidvc@apache.org', 'F3-InputStream', 'F3-ResultSet', 'F3-Connection', 'F71-djd@apache.org', 'F105', 'F71-fuzzylogic@apache.org', 'category', 'F71-bpendleton@apache.org', 'F65', 'F101', 'F22', 'F77', 'F71-kmarsden@apache.org', 'F71-rhillegas@apache.org', 'F71-mikem@apache.org', 'F71-coar@apache.org', 'F68', 'F115', 'F71-bakksjo@apache.org', 'F117', 'F3-int[]', 'F71-dag@apache.org', 'F71-kahatlen@apache.org', 'F41', 'F72', 'F3-SQLException', 'F3-ExecRow', 'F126', 'F3-QualifiedIdentifier', 'F15-protected', 'F120', 'F3-NA', 'F3-long', 'F110', 'F3-boolean', 'F3-null', 'F3-byte[]', 'F104', 'F116', 'F71-mamta@apache.org', 'F71-suresht@apache.org', 'F3-String', 'F15-public', 'F71-kristwaa@apache.org', 'F71-oysteing@apache.org', 'F3-TransactionController', 'F3-PrintWriter', 'F15-private'}
    F72   F25  ... F71-bpendleton@apache.org F71-coar@apache.org
1  8134  3064  ...                         0                   0
2  8134  3064  ...                         0                   1
3  8134  3064  ...                         0                   1

[3 rows x 55 columns]
;.;
   F72  F25  ...  F71-bpendleton@apache.org  F71-coar@apache.org
0  1.0  1.0  ...                        0.0                  0.0
1  1.0  1.0  ...                        0.0                  1.0
2  1.0  1.0  ...                        0.0                  1.0

[3 rows x 55 columns]
training_x: (413, 55)
training_y: 413
testset_x: (45, 55)
testset_y: 45
              precision    recall  f1-score   support

           0       0.72      0.88      0.79        33
           1       0.20      0.08      0.12        12

    accuracy                           0.67        45
   macro avg       0.46      0.48      0.46        45
weighted avg       0.59      0.67      0.61        45

accuracy: 0.6666666666666666
0.11764705882352941
@@@ tn: 29, fp: 4, fn: 11, tp: 1
@@@ LIME - Creating explainer
@@@ LIME - Random Sampling of Instances
iter: 0, sample_no: 40, actual label: 1, predicted: 0
iter: 1, sample_no: 40, actual label: 1, predicted: 0
iter: 2, sample_no: 30, actual label: 1, predicted: 0
iter: 3, sample_no: 9, actual label: 0, predicted: 0
iter: 4, sample_no: 38, actual label: 0, predicted: 0
iter: 5, sample_no: 4, actual label: 0, predicted: 0
iter: 6, sample_no: 17, actual label: 0, predicted: 0
iter: 7, sample_no: 22, actual label: 0, predicted: 0
iter: 8, sample_no: 11, actual label: 0, predicted: 0
iter: 9, sample_no: 21, actual label: 0, predicted: 1
iter: 10, sample_no: 6, actual label: 0, predicted: 0
iter: 11, sample_no: 24, actual label: 1, predicted: 0
iter: 12, sample_no: 12, actual label: 0, predicted: 0
iter: 13, sample_no: 15, actual label: 1, predicted: 1
iter: 14, sample_no: 40, actual label: 1, predicted: 0
iter: 15, sample_no: 23, actual label: 0, predicted: 0
iter: 16, sample_no: 2, actual label: 0, predicted: 0
iter: 17, sample_no: 1, actual label: 0, predicted: 0
iter: 18, sample_no: 7, actual label: 0, predicted: 0
iter: 19, sample_no: 16, actual label: 0, predicted: 0
iter: 20, sample_no: 6, actual label: 0, predicted: 0
iter: 21, sample_no: 38, actual label: 0, predicted: 0
iter: 22, sample_no: 23, actual label: 0, predicted: 0
iter: 23, sample_no: 13, actual label: 1, predicted: 0
iter: 24, sample_no: 11, actual label: 0, predicted: 0
number of samples: 45
AUC 0.6388888888888888
pos_get 12
total recall stop_at 1.0
@@@ C - Repeat number: 8
@@@ D - common_header:  {'F71-bandaram@apache.org', 'F123', 'F3-int', 'F15-NA', 'F71-bernt@apache.org', 'F71-myrnavl@apache.org', 'F25', 'F71-davidvc@apache.org', 'F3-InputStream', 'F3-ResultSet', 'F3-Connection', 'F71-djd@apache.org', 'F105', 'F71-fuzzylogic@apache.org', 'category', 'F71-bpendleton@apache.org', 'F65', 'F101', 'F22', 'F77', 'F71-kmarsden@apache.org', 'F71-rhillegas@apache.org', 'F71-mikem@apache.org', 'F71-coar@apache.org', 'F68', 'F115', 'F71-bakksjo@apache.org', 'F117', 'F3-int[]', 'F71-dag@apache.org', 'F71-kahatlen@apache.org', 'F41', 'F72', 'F3-SQLException', 'F3-ExecRow', 'F126', 'F3-QualifiedIdentifier', 'F15-protected', 'F120', 'F3-NA', 'F3-long', 'F110', 'F3-boolean', 'F3-null', 'F3-byte[]', 'F104', 'F116', 'F71-mamta@apache.org', 'F71-suresht@apache.org', 'F3-String', 'F15-public', 'F71-kristwaa@apache.org', 'F71-oysteing@apache.org', 'F3-TransactionController', 'F3-PrintWriter', 'F15-private'}
    F72   F25  ... F71-bpendleton@apache.org F71-coar@apache.org
1  8134  3064  ...                         0                   0
2  8134  3064  ...                         0                   1
3  8134  3064  ...                         0                   1

[3 rows x 55 columns]
;.;
   F72  F25  ...  F71-bpendleton@apache.org  F71-coar@apache.org
0  1.0  1.0  ...                        0.0                  0.0
1  1.0  1.0  ...                        0.0                  1.0
2  1.0  1.0  ...                        0.0                  1.0

[3 rows x 55 columns]
training_x: (413, 55)
training_y: 413
testset_x: (45, 55)
testset_y: 45
              precision    recall  f1-score   support

           0       0.72      0.88      0.79        33
           1       0.20      0.08      0.12        12

    accuracy                           0.67        45
   macro avg       0.46      0.48      0.46        45
weighted avg       0.59      0.67      0.61        45

accuracy: 0.6666666666666666
0.11764705882352941
@@@ tn: 29, fp: 4, fn: 11, tp: 1
@@@ LIME - Creating explainer
@@@ LIME - Random Sampling of Instances
iter: 0, sample_no: 32, actual label: 0, predicted: 0
iter: 1, sample_no: 1, actual label: 0, predicted: 0
iter: 2, sample_no: 5, actual label: 0, predicted: 0
iter: 3, sample_no: 40, actual label: 1, predicted: 0
iter: 4, sample_no: 21, actual label: 0, predicted: 1
iter: 5, sample_no: 4, actual label: 0, predicted: 0
iter: 6, sample_no: 43, actual label: 0, predicted: 0
iter: 7, sample_no: 41, actual label: 0, predicted: 0
iter: 8, sample_no: 32, actual label: 0, predicted: 0
iter: 9, sample_no: 20, actual label: 1, predicted: 0
iter: 10, sample_no: 3, actual label: 0, predicted: 0
iter: 11, sample_no: 38, actual label: 0, predicted: 0
iter: 12, sample_no: 18, actual label: 1, predicted: 0
iter: 13, sample_no: 8, actual label: 0, predicted: 0
iter: 14, sample_no: 18, actual label: 1, predicted: 0
iter: 15, sample_no: 6, actual label: 0, predicted: 0
iter: 16, sample_no: 25, actual label: 1, predicted: 0
iter: 17, sample_no: 7, actual label: 0, predicted: 0
iter: 18, sample_no: 17, actual label: 0, predicted: 0
iter: 19, sample_no: 4, actual label: 0, predicted: 0
iter: 20, sample_no: 23, actual label: 0, predicted: 0
iter: 21, sample_no: 42, actual label: 0, predicted: 0
iter: 22, sample_no: 10, actual label: 0, predicted: 0
iter: 23, sample_no: 3, actual label: 0, predicted: 0
iter: 24, sample_no: 7, actual label: 0, predicted: 0
number of samples: 45
AUC 0.6388888888888888
pos_get 12
total recall stop_at 1.0
@@@ C - Repeat number: 9
@@@ D - common_header:  {'F71-bandaram@apache.org', 'F123', 'F3-int', 'F15-NA', 'F71-bernt@apache.org', 'F71-myrnavl@apache.org', 'F25', 'F71-davidvc@apache.org', 'F3-InputStream', 'F3-ResultSet', 'F3-Connection', 'F71-djd@apache.org', 'F105', 'F71-fuzzylogic@apache.org', 'category', 'F71-bpendleton@apache.org', 'F65', 'F101', 'F22', 'F77', 'F71-kmarsden@apache.org', 'F71-rhillegas@apache.org', 'F71-mikem@apache.org', 'F71-coar@apache.org', 'F68', 'F115', 'F71-bakksjo@apache.org', 'F117', 'F3-int[]', 'F71-dag@apache.org', 'F71-kahatlen@apache.org', 'F41', 'F72', 'F3-SQLException', 'F3-ExecRow', 'F126', 'F3-QualifiedIdentifier', 'F15-protected', 'F120', 'F3-NA', 'F3-long', 'F110', 'F3-boolean', 'F3-null', 'F3-byte[]', 'F104', 'F116', 'F71-mamta@apache.org', 'F71-suresht@apache.org', 'F3-String', 'F15-public', 'F71-kristwaa@apache.org', 'F71-oysteing@apache.org', 'F3-TransactionController', 'F3-PrintWriter', 'F15-private'}
    F72   F25  ... F71-bpendleton@apache.org F71-coar@apache.org
1  8134  3064  ...                         0                   0
2  8134  3064  ...                         0                   1
3  8134  3064  ...                         0                   1

[3 rows x 55 columns]
;.;
   F72  F25  ...  F71-bpendleton@apache.org  F71-coar@apache.org
0  1.0  1.0  ...                        0.0                  0.0
1  1.0  1.0  ...                        0.0                  1.0
2  1.0  1.0  ...                        0.0                  1.0

[3 rows x 55 columns]
training_x: (413, 55)
training_y: 413
testset_x: (45, 55)
testset_y: 45
              precision    recall  f1-score   support

           0       0.72      0.88      0.79        33
           1       0.20      0.08      0.12        12

    accuracy                           0.67        45
   macro avg       0.46      0.48      0.46        45
weighted avg       0.59      0.67      0.61        45

accuracy: 0.6666666666666666
0.11764705882352941
@@@ tn: 29, fp: 4, fn: 11, tp: 1
@@@ LIME - Creating explainer
@@@ LIME - Random Sampling of Instances
iter: 0, sample_no: 37, actual label: 0, predicted: 0
iter: 1, sample_no: 19, actual label: 0, predicted: 1
iter: 2, sample_no: 40, actual label: 1, predicted: 0
iter: 3, sample_no: 1, actual label: 0, predicted: 0
iter: 4, sample_no: 4, actual label: 0, predicted: 0
iter: 5, sample_no: 37, actual label: 0, predicted: 0
iter: 6, sample_no: 3, actual label: 0, predicted: 0
iter: 7, sample_no: 41, actual label: 0, predicted: 0
iter: 8, sample_no: 20, actual label: 1, predicted: 0
iter: 9, sample_no: 37, actual label: 0, predicted: 0
iter: 10, sample_no: 29, actual label: 1, predicted: 0
iter: 11, sample_no: 10, actual label: 0, predicted: 0
iter: 12, sample_no: 37, actual label: 0, predicted: 0
iter: 13, sample_no: 15, actual label: 1, predicted: 1
iter: 14, sample_no: 36, actual label: 0, predicted: 0
iter: 15, sample_no: 19, actual label: 0, predicted: 1
iter: 16, sample_no: 43, actual label: 0, predicted: 0
iter: 17, sample_no: 25, actual label: 1, predicted: 0
iter: 18, sample_no: 29, actual label: 1, predicted: 0
iter: 19, sample_no: 10, actual label: 0, predicted: 0
iter: 20, sample_no: 10, actual label: 0, predicted: 0
iter: 21, sample_no: 25, actual label: 1, predicted: 0
iter: 22, sample_no: 19, actual label: 0, predicted: 1
iter: 23, sample_no: 22, actual label: 0, predicted: 0
iter: 24, sample_no: 3, actual label: 0, predicted: 0
number of samples: 45
AUC 0.6388888888888888
pos_get 12
total recall stop_at 1.0
@@@ C - Repeat number: 10
@@@ D - common_header:  {'F71-bandaram@apache.org', 'F123', 'F3-int', 'F15-NA', 'F71-bernt@apache.org', 'F71-myrnavl@apache.org', 'F25', 'F71-davidvc@apache.org', 'F3-InputStream', 'F3-ResultSet', 'F3-Connection', 'F71-djd@apache.org', 'F105', 'F71-fuzzylogic@apache.org', 'category', 'F71-bpendleton@apache.org', 'F65', 'F101', 'F22', 'F77', 'F71-kmarsden@apache.org', 'F71-rhillegas@apache.org', 'F71-mikem@apache.org', 'F71-coar@apache.org', 'F68', 'F115', 'F71-bakksjo@apache.org', 'F117', 'F3-int[]', 'F71-dag@apache.org', 'F71-kahatlen@apache.org', 'F41', 'F72', 'F3-SQLException', 'F3-ExecRow', 'F126', 'F3-QualifiedIdentifier', 'F15-protected', 'F120', 'F3-NA', 'F3-long', 'F110', 'F3-boolean', 'F3-null', 'F3-byte[]', 'F104', 'F116', 'F71-mamta@apache.org', 'F71-suresht@apache.org', 'F3-String', 'F15-public', 'F71-kristwaa@apache.org', 'F71-oysteing@apache.org', 'F3-TransactionController', 'F3-PrintWriter', 'F15-private'}
    F72   F25  ... F71-bpendleton@apache.org F71-coar@apache.org
1  8134  3064  ...                         0                   0
2  8134  3064  ...                         0                   1
3  8134  3064  ...                         0                   1

[3 rows x 55 columns]
;.;
   F72  F25  ...  F71-bpendleton@apache.org  F71-coar@apache.org
0  1.0  1.0  ...                        0.0                  0.0
1  1.0  1.0  ...                        0.0                  1.0
2  1.0  1.0  ...                        0.0                  1.0

[3 rows x 55 columns]
training_x: (413, 55)
training_y: 413
testset_x: (45, 55)
testset_y: 45
              precision    recall  f1-score   support

           0       0.72      0.88      0.79        33
           1       0.20      0.08      0.12        12

    accuracy                           0.67        45
   macro avg       0.46      0.48      0.46        45
weighted avg       0.59      0.67      0.61        45

accuracy: 0.6666666666666666
0.11764705882352941
@@@ tn: 29, fp: 4, fn: 11, tp: 1
@@@ LIME - Creating explainer
@@@ LIME - Random Sampling of Instances
iter: 0, sample_no: 28, actual label: 0, predicted: 0
iter: 1, sample_no: 31, actual label: 1, predicted: 0
iter: 2, sample_no: 41, actual label: 0, predicted: 0
iter: 3, sample_no: 39, actual label: 0, predicted: 0
iter: 4, sample_no: 9, actual label: 0, predicted: 0
iter: 5, sample_no: 27, actual label: 0, predicted: 0
iter: 6, sample_no: 42, actual label: 0, predicted: 0
iter: 7, sample_no: 33, actual label: 0, predicted: 1
iter: 8, sample_no: 17, actual label: 0, predicted: 0
iter: 9, sample_no: 15, actual label: 1, predicted: 1
iter: 10, sample_no: 43, actual label: 0, predicted: 0
iter: 11, sample_no: 19, actual label: 0, predicted: 1
iter: 12, sample_no: 12, actual label: 0, predicted: 0
iter: 13, sample_no: 12, actual label: 0, predicted: 0
iter: 14, sample_no: 32, actual label: 0, predicted: 0
iter: 15, sample_no: 5, actual label: 0, predicted: 0
iter: 16, sample_no: 8, actual label: 0, predicted: 0
iter: 17, sample_no: 16, actual label: 0, predicted: 0
iter: 18, sample_no: 21, actual label: 0, predicted: 1
iter: 19, sample_no: 38, actual label: 0, predicted: 0
iter: 20, sample_no: 32, actual label: 0, predicted: 0
iter: 21, sample_no: 41, actual label: 0, predicted: 0
iter: 22, sample_no: 43, actual label: 0, predicted: 0
iter: 23, sample_no: 19, actual label: 0, predicted: 1
iter: 24, sample_no: 30, actual label: 1, predicted: 0
number of samples: 45
AUC 0.6388888888888888
pos_get 12
total recall stop_at 1.0
----------threshold stop at----------: 1
AUC [0.6388888888888888, 0.6388888888888888, 0.6388888888888888, 0.6388888888888888, 0.6388888888888888, 0.6388888888888888, 0.6388888888888888, 0.6388888888888888, 0.6388888888888888, 0.6388888888888888]
AUC_median 0.6388888888888888
AUC_iqr 0.0
cost [0.6888888888888889, 0.6888888888888889, 0.6888888888888889, 0.6888888888888889, 0.6888888888888889, 0.6888888888888889, 0.6888888888888889, 0.6888888888888889, 0.6888888888888889, 0.6888888888888889]
COST_med 0.6888888888888889
COST_iqr 0.0
f1_pos_list [np.float64(0.11764705882352941), np.float64(0.11764705882352941), np.float64(0.11764705882352941), np.float64(0.11764705882352941), np.float64(0.11764705882352941), np.float64(0.11764705882352941), np.float64(0.11764705882352941), np.float64(0.11764705882352941), np.float64(0.11764705882352941), np.float64(0.11764705882352941)]
f1_pos_med 0.11764705882352941
total_tn 290
total_fp 40
total_fn 110
total_tp 10
p= 0.2
r= 0.08333333333333333
f= 0.11764705882352941
