@@@ A - classifier: DummyClassifier(constant=1, strategy='constant')
@@@ B - threshold stop at: 1
@@@ C - Repeat number: 1
@@@ D - common_header:  {'F3-long', 'F3-Class', 'F120', 'F123', 'F71-yonik@apache.org', 'F72', 'F71-shalin@apache.org', 'F3-Bits', 'F41', 'F71-noble@apache.org', 'F3-CharStream', 'F77', 'F71-rmuir@apache.org', 'F117', 'F3-CharSequence', 'F15-public', 'F22', 'F110', 'F71-gsingers@apache.org', 'F15-NA', 'F3-String', 'F68', 'F3-byte[]', 'F116', 'F101', 'F71-chrism@apache.org', 'F65', 'F25', 'F15-private', 'F71-hossman@apache.org', 'F71-mikemccand@apache.org', 'F3-FileInputStream', 'F71-ehatcher@apache.org', 'F71-simonw@apache.org', 'F3-int[]', 'F104', 'F3-getBoost()', 'F3-Among[]', 'F3-char', 'F71-uschindler@apache.org', 'F71-shaie@apache.org', 'F71-ryan@apache.org', 'category', 'F71-erick@apache.org', 'F126', 'F71-markrmiller@apache.org', 'F3-char[]', 'F15-protected', 'F3-OutputStream', 'F105', 'F3-NA', 'F115', 'F3-int', 'F71-sarowe@apache.org', 'F71-buschmi@apache.org', 'F3-boolean'}
     F72   F25  ... F71-erick@apache.org F71-uschindler@apache.org
1  22821  1931  ...                    0                         1
2  22821  1931  ...                    0                         1
3  10803    20  ...                    0                         1

[3 rows x 55 columns]
;.;
   F72  F25  ...  F71-erick@apache.org  F71-uschindler@apache.org
0  1.0  1.0  ...                   0.0                        1.0
1  1.0  1.0  ...                   0.0                        1.0
2  0.0  0.0  ...                   0.0                        1.0

[3 rows x 55 columns]
training_x: (12, 55)
training_y: 12
testset_x: (18, 55)
testset_y: 18
              precision    recall  f1-score   support

           0       0.00      0.00      0.00        11
           1       0.39      1.00      0.56         7

    accuracy                           0.39        18
   macro avg       0.19      0.50      0.28        18
weighted avg       0.15      0.39      0.22        18

accuracy: 0.3888888888888889
0.56
@@@ tn: 0, fp: 11, fn: 0, tp: 7
@@@ LIME - Creating explainer
@@@ LIME - Random Sampling of Instances
iter: 0, sample_no: 4, actual label: 0, predicted: 1
iter: 1, sample_no: 0, actual label: 0, predicted: 1
iter: 2, sample_no: 8, actual label: 0, predicted: 1
iter: 3, sample_no: 8, actual label: 0, predicted: 1
iter: 4, sample_no: 6, actual label: 0, predicted: 1
iter: 5, sample_no: 4, actual label: 0, predicted: 1
iter: 6, sample_no: 10, actual label: 1, predicted: 1
iter: 7, sample_no: 0, actual label: 0, predicted: 1
iter: 8, sample_no: 1, actual label: 1, predicted: 1
iter: 9, sample_no: 5, actual label: 1, predicted: 1
iter: 10, sample_no: 17, actual label: 0, predicted: 1
iter: 11, sample_no: 5, actual label: 1, predicted: 1
iter: 12, sample_no: 17, actual label: 0, predicted: 1
iter: 13, sample_no: 3, actual label: 0, predicted: 1
iter: 14, sample_no: 3, actual label: 0, predicted: 1
iter: 15, sample_no: 9, actual label: 0, predicted: 1
iter: 16, sample_no: 9, actual label: 0, predicted: 1
iter: 17, sample_no: 17, actual label: 0, predicted: 1
iter: 18, sample_no: 3, actual label: 0, predicted: 1
iter: 19, sample_no: 0, actual label: 0, predicted: 1
iter: 20, sample_no: 5, actual label: 1, predicted: 1
iter: 21, sample_no: 15, actual label: 1, predicted: 1
iter: 22, sample_no: 11, actual label: 0, predicted: 1
iter: 23, sample_no: 1, actual label: 1, predicted: 1
iter: 24, sample_no: 5, actual label: 1, predicted: 1
number of samples: 18
AUC 0.5
pos_get 7
total recall stop_at 1
@@@ C - Repeat number: 2
@@@ D - common_header:  {'F3-long', 'F3-Class', 'F120', 'F123', 'F71-yonik@apache.org', 'F72', 'F71-shalin@apache.org', 'F3-Bits', 'F41', 'F71-noble@apache.org', 'F3-CharStream', 'F77', 'F71-rmuir@apache.org', 'F117', 'F3-CharSequence', 'F15-public', 'F22', 'F110', 'F71-gsingers@apache.org', 'F15-NA', 'F3-String', 'F68', 'F3-byte[]', 'F116', 'F101', 'F71-chrism@apache.org', 'F65', 'F25', 'F15-private', 'F71-hossman@apache.org', 'F71-mikemccand@apache.org', 'F3-FileInputStream', 'F71-ehatcher@apache.org', 'F71-simonw@apache.org', 'F3-int[]', 'F104', 'F3-getBoost()', 'F3-Among[]', 'F3-char', 'F71-uschindler@apache.org', 'F71-shaie@apache.org', 'F71-ryan@apache.org', 'category', 'F71-erick@apache.org', 'F126', 'F71-markrmiller@apache.org', 'F3-char[]', 'F15-protected', 'F3-OutputStream', 'F105', 'F3-NA', 'F115', 'F3-int', 'F71-sarowe@apache.org', 'F71-buschmi@apache.org', 'F3-boolean'}
     F72   F25  ... F71-erick@apache.org F71-uschindler@apache.org
1  22821  1931  ...                    0                         1
2  22821  1931  ...                    0                         1
3  10803    20  ...                    0                         1

[3 rows x 55 columns]
;.;
   F72  F25  ...  F71-erick@apache.org  F71-uschindler@apache.org
0  1.0  1.0  ...                   0.0                        1.0
1  1.0  1.0  ...                   0.0                        1.0
2  0.0  0.0  ...                   0.0                        1.0

[3 rows x 55 columns]
training_x: (12, 55)
training_y: 12
testset_x: (18, 55)
testset_y: 18
              precision    recall  f1-score   support

           0       0.00      0.00      0.00        11
           1       0.39      1.00      0.56         7

    accuracy                           0.39        18
   macro avg       0.19      0.50      0.28        18
weighted avg       0.15      0.39      0.22        18

accuracy: 0.3888888888888889
0.56
@@@ tn: 0, fp: 11, fn: 0, tp: 7
@@@ LIME - Creating explainer
@@@ LIME - Random Sampling of Instances
iter: 0, sample_no: 3, actual label: 0, predicted: 1
iter: 1, sample_no: 5, actual label: 1, predicted: 1
iter: 2, sample_no: 17, actual label: 0, predicted: 1
iter: 3, sample_no: 3, actual label: 0, predicted: 1
iter: 4, sample_no: 14, actual label: 1, predicted: 1
iter: 5, sample_no: 8, actual label: 0, predicted: 1
iter: 6, sample_no: 5, actual label: 1, predicted: 1
iter: 7, sample_no: 2, actual label: 1, predicted: 1
iter: 8, sample_no: 16, actual label: 0, predicted: 1
iter: 9, sample_no: 2, actual label: 1, predicted: 1
iter: 10, sample_no: 7, actual label: 1, predicted: 1
iter: 11, sample_no: 7, actual label: 1, predicted: 1
iter: 12, sample_no: 1, actual label: 1, predicted: 1
iter: 13, sample_no: 9, actual label: 0, predicted: 1
iter: 14, sample_no: 2, actual label: 1, predicted: 1
iter: 15, sample_no: 14, actual label: 1, predicted: 1
iter: 16, sample_no: 0, actual label: 0, predicted: 1
iter: 17, sample_no: 7, actual label: 1, predicted: 1
iter: 18, sample_no: 9, actual label: 0, predicted: 1
iter: 19, sample_no: 8, actual label: 0, predicted: 1
iter: 20, sample_no: 2, actual label: 1, predicted: 1
iter: 21, sample_no: 10, actual label: 1, predicted: 1
iter: 22, sample_no: 15, actual label: 1, predicted: 1
iter: 23, sample_no: 12, actual label: 0, predicted: 1
iter: 24, sample_no: 16, actual label: 0, predicted: 1
number of samples: 18
AUC 0.5
pos_get 7
total recall stop_at 1
@@@ C - Repeat number: 3
@@@ D - common_header:  {'F3-long', 'F3-Class', 'F120', 'F123', 'F71-yonik@apache.org', 'F72', 'F71-shalin@apache.org', 'F3-Bits', 'F41', 'F71-noble@apache.org', 'F3-CharStream', 'F77', 'F71-rmuir@apache.org', 'F117', 'F3-CharSequence', 'F15-public', 'F22', 'F110', 'F71-gsingers@apache.org', 'F15-NA', 'F3-String', 'F68', 'F3-byte[]', 'F116', 'F101', 'F71-chrism@apache.org', 'F65', 'F25', 'F15-private', 'F71-hossman@apache.org', 'F71-mikemccand@apache.org', 'F3-FileInputStream', 'F71-ehatcher@apache.org', 'F71-simonw@apache.org', 'F3-int[]', 'F104', 'F3-getBoost()', 'F3-Among[]', 'F3-char', 'F71-uschindler@apache.org', 'F71-shaie@apache.org', 'F71-ryan@apache.org', 'category', 'F71-erick@apache.org', 'F126', 'F71-markrmiller@apache.org', 'F3-char[]', 'F15-protected', 'F3-OutputStream', 'F105', 'F3-NA', 'F115', 'F3-int', 'F71-sarowe@apache.org', 'F71-buschmi@apache.org', 'F3-boolean'}
     F72   F25  ... F71-erick@apache.org F71-uschindler@apache.org
1  22821  1931  ...                    0                         1
2  22821  1931  ...                    0                         1
3  10803    20  ...                    0                         1

[3 rows x 55 columns]
;.;
   F72  F25  ...  F71-erick@apache.org  F71-uschindler@apache.org
0  1.0  1.0  ...                   0.0                        1.0
1  1.0  1.0  ...                   0.0                        1.0
2  0.0  0.0  ...                   0.0                        1.0

[3 rows x 55 columns]
training_x: (12, 55)
training_y: 12
testset_x: (18, 55)
testset_y: 18
              precision    recall  f1-score   support

           0       0.00      0.00      0.00        11
           1       0.39      1.00      0.56         7

    accuracy                           0.39        18
   macro avg       0.19      0.50      0.28        18
weighted avg       0.15      0.39      0.22        18

accuracy: 0.3888888888888889
0.56
@@@ tn: 0, fp: 11, fn: 0, tp: 7
@@@ LIME - Creating explainer
@@@ LIME - Random Sampling of Instances
iter: 0, sample_no: 11, actual label: 0, predicted: 1
iter: 1, sample_no: 3, actual label: 0, predicted: 1
iter: 2, sample_no: 8, actual label: 0, predicted: 1
iter: 3, sample_no: 17, actual label: 0, predicted: 1
iter: 4, sample_no: 10, actual label: 1, predicted: 1
iter: 5, sample_no: 16, actual label: 0, predicted: 1
iter: 6, sample_no: 6, actual label: 0, predicted: 1
iter: 7, sample_no: 7, actual label: 1, predicted: 1
iter: 8, sample_no: 6, actual label: 0, predicted: 1
iter: 9, sample_no: 14, actual label: 1, predicted: 1
iter: 10, sample_no: 15, actual label: 1, predicted: 1
iter: 11, sample_no: 8, actual label: 0, predicted: 1
iter: 12, sample_no: 6, actual label: 0, predicted: 1
iter: 13, sample_no: 12, actual label: 0, predicted: 1
iter: 14, sample_no: 7, actual label: 1, predicted: 1
iter: 15, sample_no: 9, actual label: 0, predicted: 1
iter: 16, sample_no: 17, actual label: 0, predicted: 1
iter: 17, sample_no: 0, actual label: 0, predicted: 1
iter: 18, sample_no: 2, actual label: 1, predicted: 1
iter: 19, sample_no: 15, actual label: 1, predicted: 1
iter: 20, sample_no: 15, actual label: 1, predicted: 1
iter: 21, sample_no: 15, actual label: 1, predicted: 1
iter: 22, sample_no: 2, actual label: 1, predicted: 1
iter: 23, sample_no: 0, actual label: 0, predicted: 1
iter: 24, sample_no: 8, actual label: 0, predicted: 1
number of samples: 18
AUC 0.5
pos_get 7
total recall stop_at 1
@@@ C - Repeat number: 4
@@@ D - common_header:  {'F3-long', 'F3-Class', 'F120', 'F123', 'F71-yonik@apache.org', 'F72', 'F71-shalin@apache.org', 'F3-Bits', 'F41', 'F71-noble@apache.org', 'F3-CharStream', 'F77', 'F71-rmuir@apache.org', 'F117', 'F3-CharSequence', 'F15-public', 'F22', 'F110', 'F71-gsingers@apache.org', 'F15-NA', 'F3-String', 'F68', 'F3-byte[]', 'F116', 'F101', 'F71-chrism@apache.org', 'F65', 'F25', 'F15-private', 'F71-hossman@apache.org', 'F71-mikemccand@apache.org', 'F3-FileInputStream', 'F71-ehatcher@apache.org', 'F71-simonw@apache.org', 'F3-int[]', 'F104', 'F3-getBoost()', 'F3-Among[]', 'F3-char', 'F71-uschindler@apache.org', 'F71-shaie@apache.org', 'F71-ryan@apache.org', 'category', 'F71-erick@apache.org', 'F126', 'F71-markrmiller@apache.org', 'F3-char[]', 'F15-protected', 'F3-OutputStream', 'F105', 'F3-NA', 'F115', 'F3-int', 'F71-sarowe@apache.org', 'F71-buschmi@apache.org', 'F3-boolean'}
     F72   F25  ... F71-erick@apache.org F71-uschindler@apache.org
1  22821  1931  ...                    0                         1
2  22821  1931  ...                    0                         1
3  10803    20  ...                    0                         1

[3 rows x 55 columns]
;.;
   F72  F25  ...  F71-erick@apache.org  F71-uschindler@apache.org
0  1.0  1.0  ...                   0.0                        1.0
1  1.0  1.0  ...                   0.0                        1.0
2  0.0  0.0  ...                   0.0                        1.0

[3 rows x 55 columns]
training_x: (12, 55)
training_y: 12
testset_x: (18, 55)
testset_y: 18
              precision    recall  f1-score   support

           0       0.00      0.00      0.00        11
           1       0.39      1.00      0.56         7

    accuracy                           0.39        18
   macro avg       0.19      0.50      0.28        18
weighted avg       0.15      0.39      0.22        18

accuracy: 0.3888888888888889
0.56
@@@ tn: 0, fp: 11, fn: 0, tp: 7
@@@ LIME - Creating explainer
@@@ LIME - Random Sampling of Instances
iter: 0, sample_no: 5, actual label: 1, predicted: 1
iter: 1, sample_no: 9, actual label: 0, predicted: 1
iter: 2, sample_no: 1, actual label: 1, predicted: 1
iter: 3, sample_no: 15, actual label: 1, predicted: 1
iter: 4, sample_no: 0, actual label: 0, predicted: 1
iter: 5, sample_no: 14, actual label: 1, predicted: 1
iter: 6, sample_no: 2, actual label: 1, predicted: 1
iter: 7, sample_no: 12, actual label: 0, predicted: 1
iter: 8, sample_no: 0, actual label: 0, predicted: 1
iter: 9, sample_no: 17, actual label: 0, predicted: 1
iter: 10, sample_no: 12, actual label: 0, predicted: 1
iter: 11, sample_no: 11, actual label: 0, predicted: 1
iter: 12, sample_no: 4, actual label: 0, predicted: 1
iter: 13, sample_no: 16, actual label: 0, predicted: 1
iter: 14, sample_no: 5, actual label: 1, predicted: 1
iter: 15, sample_no: 16, actual label: 0, predicted: 1
iter: 16, sample_no: 15, actual label: 1, predicted: 1
iter: 17, sample_no: 14, actual label: 1, predicted: 1
iter: 18, sample_no: 4, actual label: 0, predicted: 1
iter: 19, sample_no: 4, actual label: 0, predicted: 1
iter: 20, sample_no: 15, actual label: 1, predicted: 1
iter: 21, sample_no: 9, actual label: 0, predicted: 1
iter: 22, sample_no: 17, actual label: 0, predicted: 1
iter: 23, sample_no: 16, actual label: 0, predicted: 1
iter: 24, sample_no: 4, actual label: 0, predicted: 1
number of samples: 18
AUC 0.5
pos_get 7
total recall stop_at 1
@@@ C - Repeat number: 5
@@@ D - common_header:  {'F3-long', 'F3-Class', 'F120', 'F123', 'F71-yonik@apache.org', 'F72', 'F71-shalin@apache.org', 'F3-Bits', 'F41', 'F71-noble@apache.org', 'F3-CharStream', 'F77', 'F71-rmuir@apache.org', 'F117', 'F3-CharSequence', 'F15-public', 'F22', 'F110', 'F71-gsingers@apache.org', 'F15-NA', 'F3-String', 'F68', 'F3-byte[]', 'F116', 'F101', 'F71-chrism@apache.org', 'F65', 'F25', 'F15-private', 'F71-hossman@apache.org', 'F71-mikemccand@apache.org', 'F3-FileInputStream', 'F71-ehatcher@apache.org', 'F71-simonw@apache.org', 'F3-int[]', 'F104', 'F3-getBoost()', 'F3-Among[]', 'F3-char', 'F71-uschindler@apache.org', 'F71-shaie@apache.org', 'F71-ryan@apache.org', 'category', 'F71-erick@apache.org', 'F126', 'F71-markrmiller@apache.org', 'F3-char[]', 'F15-protected', 'F3-OutputStream', 'F105', 'F3-NA', 'F115', 'F3-int', 'F71-sarowe@apache.org', 'F71-buschmi@apache.org', 'F3-boolean'}
     F72   F25  ... F71-erick@apache.org F71-uschindler@apache.org
1  22821  1931  ...                    0                         1
2  22821  1931  ...                    0                         1
3  10803    20  ...                    0                         1

[3 rows x 55 columns]
;.;
   F72  F25  ...  F71-erick@apache.org  F71-uschindler@apache.org
0  1.0  1.0  ...                   0.0                        1.0
1  1.0  1.0  ...                   0.0                        1.0
2  0.0  0.0  ...                   0.0                        1.0

[3 rows x 55 columns]
training_x: (12, 55)
training_y: 12
testset_x: (18, 55)
testset_y: 18
              precision    recall  f1-score   support

           0       0.00      0.00      0.00        11
           1       0.39      1.00      0.56         7

    accuracy                           0.39        18
   macro avg       0.19      0.50      0.28        18
weighted avg       0.15      0.39      0.22        18

accuracy: 0.3888888888888889
0.56
@@@ tn: 0, fp: 11, fn: 0, tp: 7
@@@ LIME - Creating explainer
@@@ LIME - Random Sampling of Instances
iter: 0, sample_no: 7, actual label: 1, predicted: 1
iter: 1, sample_no: 12, actual label: 0, predicted: 1
iter: 2, sample_no: 0, actual label: 0, predicted: 1
iter: 3, sample_no: 7, actual label: 1, predicted: 1
iter: 4, sample_no: 13, actual label: 0, predicted: 1
iter: 5, sample_no: 6, actual label: 0, predicted: 1
iter: 6, sample_no: 17, actual label: 0, predicted: 1
iter: 7, sample_no: 5, actual label: 1, predicted: 1
iter: 8, sample_no: 5, actual label: 1, predicted: 1
iter: 9, sample_no: 3, actual label: 0, predicted: 1
iter: 10, sample_no: 1, actual label: 1, predicted: 1
iter: 11, sample_no: 8, actual label: 0, predicted: 1
iter: 12, sample_no: 14, actual label: 1, predicted: 1
iter: 13, sample_no: 6, actual label: 0, predicted: 1
iter: 14, sample_no: 1, actual label: 1, predicted: 1
iter: 15, sample_no: 2, actual label: 1, predicted: 1
iter: 16, sample_no: 4, actual label: 0, predicted: 1
iter: 17, sample_no: 14, actual label: 1, predicted: 1
iter: 18, sample_no: 13, actual label: 0, predicted: 1
iter: 19, sample_no: 9, actual label: 0, predicted: 1
iter: 20, sample_no: 14, actual label: 1, predicted: 1
iter: 21, sample_no: 13, actual label: 0, predicted: 1
iter: 22, sample_no: 17, actual label: 0, predicted: 1
iter: 23, sample_no: 4, actual label: 0, predicted: 1
iter: 24, sample_no: 3, actual label: 0, predicted: 1
number of samples: 18
AUC 0.5
pos_get 7
total recall stop_at 1
@@@ C - Repeat number: 6
@@@ D - common_header:  {'F3-long', 'F3-Class', 'F120', 'F123', 'F71-yonik@apache.org', 'F72', 'F71-shalin@apache.org', 'F3-Bits', 'F41', 'F71-noble@apache.org', 'F3-CharStream', 'F77', 'F71-rmuir@apache.org', 'F117', 'F3-CharSequence', 'F15-public', 'F22', 'F110', 'F71-gsingers@apache.org', 'F15-NA', 'F3-String', 'F68', 'F3-byte[]', 'F116', 'F101', 'F71-chrism@apache.org', 'F65', 'F25', 'F15-private', 'F71-hossman@apache.org', 'F71-mikemccand@apache.org', 'F3-FileInputStream', 'F71-ehatcher@apache.org', 'F71-simonw@apache.org', 'F3-int[]', 'F104', 'F3-getBoost()', 'F3-Among[]', 'F3-char', 'F71-uschindler@apache.org', 'F71-shaie@apache.org', 'F71-ryan@apache.org', 'category', 'F71-erick@apache.org', 'F126', 'F71-markrmiller@apache.org', 'F3-char[]', 'F15-protected', 'F3-OutputStream', 'F105', 'F3-NA', 'F115', 'F3-int', 'F71-sarowe@apache.org', 'F71-buschmi@apache.org', 'F3-boolean'}
     F72   F25  ... F71-erick@apache.org F71-uschindler@apache.org
1  22821  1931  ...                    0                         1
2  22821  1931  ...                    0                         1
3  10803    20  ...                    0                         1

[3 rows x 55 columns]
;.;
   F72  F25  ...  F71-erick@apache.org  F71-uschindler@apache.org
0  1.0  1.0  ...                   0.0                        1.0
1  1.0  1.0  ...                   0.0                        1.0
2  0.0  0.0  ...                   0.0                        1.0

[3 rows x 55 columns]
training_x: (12, 55)
training_y: 12
testset_x: (18, 55)
testset_y: 18
              precision    recall  f1-score   support

           0       0.00      0.00      0.00        11
           1       0.39      1.00      0.56         7

    accuracy                           0.39        18
   macro avg       0.19      0.50      0.28        18
weighted avg       0.15      0.39      0.22        18

accuracy: 0.3888888888888889
0.56
@@@ tn: 0, fp: 11, fn: 0, tp: 7
@@@ LIME - Creating explainer
@@@ LIME - Random Sampling of Instances
iter: 0, sample_no: 0, actual label: 0, predicted: 1
iter: 1, sample_no: 9, actual label: 0, predicted: 1
iter: 2, sample_no: 3, actual label: 0, predicted: 1
iter: 3, sample_no: 0, actual label: 0, predicted: 1
iter: 4, sample_no: 13, actual label: 0, predicted: 1
iter: 5, sample_no: 7, actual label: 1, predicted: 1
iter: 6, sample_no: 5, actual label: 1, predicted: 1
iter: 7, sample_no: 9, actual label: 0, predicted: 1
iter: 8, sample_no: 8, actual label: 0, predicted: 1
iter: 9, sample_no: 8, actual label: 0, predicted: 1
iter: 10, sample_no: 13, actual label: 0, predicted: 1
iter: 11, sample_no: 7, actual label: 1, predicted: 1
iter: 12, sample_no: 4, actual label: 0, predicted: 1
iter: 13, sample_no: 9, actual label: 0, predicted: 1
iter: 14, sample_no: 14, actual label: 1, predicted: 1
iter: 15, sample_no: 4, actual label: 0, predicted: 1
iter: 16, sample_no: 7, actual label: 1, predicted: 1
iter: 17, sample_no: 4, actual label: 0, predicted: 1
iter: 18, sample_no: 8, actual label: 0, predicted: 1
iter: 19, sample_no: 11, actual label: 0, predicted: 1
iter: 20, sample_no: 16, actual label: 0, predicted: 1
iter: 21, sample_no: 6, actual label: 0, predicted: 1
iter: 22, sample_no: 0, actual label: 0, predicted: 1
iter: 23, sample_no: 16, actual label: 0, predicted: 1
iter: 24, sample_no: 6, actual label: 0, predicted: 1
number of samples: 18
AUC 0.5
pos_get 7
total recall stop_at 1
@@@ C - Repeat number: 7
@@@ D - common_header:  {'F3-long', 'F3-Class', 'F120', 'F123', 'F71-yonik@apache.org', 'F72', 'F71-shalin@apache.org', 'F3-Bits', 'F41', 'F71-noble@apache.org', 'F3-CharStream', 'F77', 'F71-rmuir@apache.org', 'F117', 'F3-CharSequence', 'F15-public', 'F22', 'F110', 'F71-gsingers@apache.org', 'F15-NA', 'F3-String', 'F68', 'F3-byte[]', 'F116', 'F101', 'F71-chrism@apache.org', 'F65', 'F25', 'F15-private', 'F71-hossman@apache.org', 'F71-mikemccand@apache.org', 'F3-FileInputStream', 'F71-ehatcher@apache.org', 'F71-simonw@apache.org', 'F3-int[]', 'F104', 'F3-getBoost()', 'F3-Among[]', 'F3-char', 'F71-uschindler@apache.org', 'F71-shaie@apache.org', 'F71-ryan@apache.org', 'category', 'F71-erick@apache.org', 'F126', 'F71-markrmiller@apache.org', 'F3-char[]', 'F15-protected', 'F3-OutputStream', 'F105', 'F3-NA', 'F115', 'F3-int', 'F71-sarowe@apache.org', 'F71-buschmi@apache.org', 'F3-boolean'}
     F72   F25  ... F71-erick@apache.org F71-uschindler@apache.org
1  22821  1931  ...                    0                         1
2  22821  1931  ...                    0                         1
3  10803    20  ...                    0                         1

[3 rows x 55 columns]
;.;
   F72  F25  ...  F71-erick@apache.org  F71-uschindler@apache.org
0  1.0  1.0  ...                   0.0                        1.0
1  1.0  1.0  ...                   0.0                        1.0
2  0.0  0.0  ...                   0.0                        1.0

[3 rows x 55 columns]
training_x: (12, 55)
training_y: 12
testset_x: (18, 55)
testset_y: 18
              precision    recall  f1-score   support

           0       0.00      0.00      0.00        11
           1       0.39      1.00      0.56         7

    accuracy                           0.39        18
   macro avg       0.19      0.50      0.28        18
weighted avg       0.15      0.39      0.22        18

accuracy: 0.3888888888888889
0.56
@@@ tn: 0, fp: 11, fn: 0, tp: 7
@@@ LIME - Creating explainer
@@@ LIME - Random Sampling of Instances
iter: 0, sample_no: 10, actual label: 1, predicted: 1
iter: 1, sample_no: 3, actual label: 0, predicted: 1
iter: 2, sample_no: 6, actual label: 0, predicted: 1
iter: 3, sample_no: 14, actual label: 1, predicted: 1
iter: 4, sample_no: 5, actual label: 1, predicted: 1
iter: 5, sample_no: 1, actual label: 1, predicted: 1
iter: 6, sample_no: 8, actual label: 0, predicted: 1
iter: 7, sample_no: 3, actual label: 0, predicted: 1
iter: 8, sample_no: 6, actual label: 0, predicted: 1
iter: 9, sample_no: 8, actual label: 0, predicted: 1
iter: 10, sample_no: 3, actual label: 0, predicted: 1
iter: 11, sample_no: 9, actual label: 0, predicted: 1
iter: 12, sample_no: 14, actual label: 1, predicted: 1
iter: 13, sample_no: 1, actual label: 1, predicted: 1
iter: 14, sample_no: 1, actual label: 1, predicted: 1
iter: 15, sample_no: 13, actual label: 0, predicted: 1
iter: 16, sample_no: 1, actual label: 1, predicted: 1
iter: 17, sample_no: 2, actual label: 1, predicted: 1
iter: 18, sample_no: 7, actual label: 1, predicted: 1
iter: 19, sample_no: 12, actual label: 0, predicted: 1
iter: 20, sample_no: 3, actual label: 0, predicted: 1
iter: 21, sample_no: 5, actual label: 1, predicted: 1
iter: 22, sample_no: 13, actual label: 0, predicted: 1
iter: 23, sample_no: 11, actual label: 0, predicted: 1
iter: 24, sample_no: 4, actual label: 0, predicted: 1
number of samples: 18
AUC 0.5
pos_get 7
total recall stop_at 1
@@@ C - Repeat number: 8
@@@ D - common_header:  {'F3-long', 'F3-Class', 'F120', 'F123', 'F71-yonik@apache.org', 'F72', 'F71-shalin@apache.org', 'F3-Bits', 'F41', 'F71-noble@apache.org', 'F3-CharStream', 'F77', 'F71-rmuir@apache.org', 'F117', 'F3-CharSequence', 'F15-public', 'F22', 'F110', 'F71-gsingers@apache.org', 'F15-NA', 'F3-String', 'F68', 'F3-byte[]', 'F116', 'F101', 'F71-chrism@apache.org', 'F65', 'F25', 'F15-private', 'F71-hossman@apache.org', 'F71-mikemccand@apache.org', 'F3-FileInputStream', 'F71-ehatcher@apache.org', 'F71-simonw@apache.org', 'F3-int[]', 'F104', 'F3-getBoost()', 'F3-Among[]', 'F3-char', 'F71-uschindler@apache.org', 'F71-shaie@apache.org', 'F71-ryan@apache.org', 'category', 'F71-erick@apache.org', 'F126', 'F71-markrmiller@apache.org', 'F3-char[]', 'F15-protected', 'F3-OutputStream', 'F105', 'F3-NA', 'F115', 'F3-int', 'F71-sarowe@apache.org', 'F71-buschmi@apache.org', 'F3-boolean'}
     F72   F25  ... F71-erick@apache.org F71-uschindler@apache.org
1  22821  1931  ...                    0                         1
2  22821  1931  ...                    0                         1
3  10803    20  ...                    0                         1

[3 rows x 55 columns]
;.;
   F72  F25  ...  F71-erick@apache.org  F71-uschindler@apache.org
0  1.0  1.0  ...                   0.0                        1.0
1  1.0  1.0  ...                   0.0                        1.0
2  0.0  0.0  ...                   0.0                        1.0

[3 rows x 55 columns]
training_x: (12, 55)
training_y: 12
testset_x: (18, 55)
testset_y: 18
              precision    recall  f1-score   support

           0       0.00      0.00      0.00        11
           1       0.39      1.00      0.56         7

    accuracy                           0.39        18
   macro avg       0.19      0.50      0.28        18
weighted avg       0.15      0.39      0.22        18

accuracy: 0.3888888888888889
0.56
@@@ tn: 0, fp: 11, fn: 0, tp: 7
@@@ LIME - Creating explainer
@@@ LIME - Random Sampling of Instances
iter: 0, sample_no: 16, actual label: 0, predicted: 1
iter: 1, sample_no: 9, actual label: 0, predicted: 1
iter: 2, sample_no: 3, actual label: 0, predicted: 1
iter: 3, sample_no: 11, actual label: 0, predicted: 1
iter: 4, sample_no: 2, actual label: 1, predicted: 1
iter: 5, sample_no: 4, actual label: 0, predicted: 1
iter: 6, sample_no: 16, actual label: 0, predicted: 1
iter: 7, sample_no: 11, actual label: 0, predicted: 1
iter: 8, sample_no: 6, actual label: 0, predicted: 1
iter: 9, sample_no: 17, actual label: 0, predicted: 1
iter: 10, sample_no: 1, actual label: 1, predicted: 1
iter: 11, sample_no: 0, actual label: 0, predicted: 1
iter: 12, sample_no: 17, actual label: 0, predicted: 1
iter: 13, sample_no: 6, actual label: 0, predicted: 1
iter: 14, sample_no: 11, actual label: 0, predicted: 1
iter: 15, sample_no: 2, actual label: 1, predicted: 1
iter: 16, sample_no: 0, actual label: 0, predicted: 1
iter: 17, sample_no: 12, actual label: 0, predicted: 1
iter: 18, sample_no: 3, actual label: 0, predicted: 1
iter: 19, sample_no: 6, actual label: 0, predicted: 1
iter: 20, sample_no: 1, actual label: 1, predicted: 1
iter: 21, sample_no: 14, actual label: 1, predicted: 1
iter: 22, sample_no: 12, actual label: 0, predicted: 1
iter: 23, sample_no: 1, actual label: 1, predicted: 1
iter: 24, sample_no: 12, actual label: 0, predicted: 1
number of samples: 18
AUC 0.5
pos_get 7
total recall stop_at 1
@@@ C - Repeat number: 9
@@@ D - common_header:  {'F3-long', 'F3-Class', 'F120', 'F123', 'F71-yonik@apache.org', 'F72', 'F71-shalin@apache.org', 'F3-Bits', 'F41', 'F71-noble@apache.org', 'F3-CharStream', 'F77', 'F71-rmuir@apache.org', 'F117', 'F3-CharSequence', 'F15-public', 'F22', 'F110', 'F71-gsingers@apache.org', 'F15-NA', 'F3-String', 'F68', 'F3-byte[]', 'F116', 'F101', 'F71-chrism@apache.org', 'F65', 'F25', 'F15-private', 'F71-hossman@apache.org', 'F71-mikemccand@apache.org', 'F3-FileInputStream', 'F71-ehatcher@apache.org', 'F71-simonw@apache.org', 'F3-int[]', 'F104', 'F3-getBoost()', 'F3-Among[]', 'F3-char', 'F71-uschindler@apache.org', 'F71-shaie@apache.org', 'F71-ryan@apache.org', 'category', 'F71-erick@apache.org', 'F126', 'F71-markrmiller@apache.org', 'F3-char[]', 'F15-protected', 'F3-OutputStream', 'F105', 'F3-NA', 'F115', 'F3-int', 'F71-sarowe@apache.org', 'F71-buschmi@apache.org', 'F3-boolean'}
     F72   F25  ... F71-erick@apache.org F71-uschindler@apache.org
1  22821  1931  ...                    0                         1
2  22821  1931  ...                    0                         1
3  10803    20  ...                    0                         1

[3 rows x 55 columns]
;.;
   F72  F25  ...  F71-erick@apache.org  F71-uschindler@apache.org
0  1.0  1.0  ...                   0.0                        1.0
1  1.0  1.0  ...                   0.0                        1.0
2  0.0  0.0  ...                   0.0                        1.0

[3 rows x 55 columns]
training_x: (12, 55)
training_y: 12
testset_x: (18, 55)
testset_y: 18
              precision    recall  f1-score   support

           0       0.00      0.00      0.00        11
           1       0.39      1.00      0.56         7

    accuracy                           0.39        18
   macro avg       0.19      0.50      0.28        18
weighted avg       0.15      0.39      0.22        18

accuracy: 0.3888888888888889
0.56
@@@ tn: 0, fp: 11, fn: 0, tp: 7
@@@ LIME - Creating explainer
@@@ LIME - Random Sampling of Instances
iter: 0, sample_no: 5, actual label: 1, predicted: 1
iter: 1, sample_no: 3, actual label: 0, predicted: 1
iter: 2, sample_no: 15, actual label: 1, predicted: 1
iter: 3, sample_no: 10, actual label: 1, predicted: 1
iter: 4, sample_no: 4, actual label: 0, predicted: 1
iter: 5, sample_no: 12, actual label: 0, predicted: 1
iter: 6, sample_no: 14, actual label: 1, predicted: 1
iter: 7, sample_no: 7, actual label: 1, predicted: 1
iter: 8, sample_no: 15, actual label: 1, predicted: 1
iter: 9, sample_no: 10, actual label: 1, predicted: 1
iter: 10, sample_no: 13, actual label: 0, predicted: 1
iter: 11, sample_no: 6, actual label: 0, predicted: 1
iter: 12, sample_no: 9, actual label: 0, predicted: 1
iter: 13, sample_no: 0, actual label: 0, predicted: 1
iter: 14, sample_no: 11, actual label: 0, predicted: 1
iter: 15, sample_no: 3, actual label: 0, predicted: 1
iter: 16, sample_no: 2, actual label: 1, predicted: 1
iter: 17, sample_no: 3, actual label: 0, predicted: 1
iter: 18, sample_no: 11, actual label: 0, predicted: 1
iter: 19, sample_no: 4, actual label: 0, predicted: 1
iter: 20, sample_no: 9, actual label: 0, predicted: 1
iter: 21, sample_no: 15, actual label: 1, predicted: 1
iter: 22, sample_no: 2, actual label: 1, predicted: 1
iter: 23, sample_no: 6, actual label: 0, predicted: 1
iter: 24, sample_no: 2, actual label: 1, predicted: 1
number of samples: 18
AUC 0.5
pos_get 7
total recall stop_at 1
@@@ C - Repeat number: 10
@@@ D - common_header:  {'F3-long', 'F3-Class', 'F120', 'F123', 'F71-yonik@apache.org', 'F72', 'F71-shalin@apache.org', 'F3-Bits', 'F41', 'F71-noble@apache.org', 'F3-CharStream', 'F77', 'F71-rmuir@apache.org', 'F117', 'F3-CharSequence', 'F15-public', 'F22', 'F110', 'F71-gsingers@apache.org', 'F15-NA', 'F3-String', 'F68', 'F3-byte[]', 'F116', 'F101', 'F71-chrism@apache.org', 'F65', 'F25', 'F15-private', 'F71-hossman@apache.org', 'F71-mikemccand@apache.org', 'F3-FileInputStream', 'F71-ehatcher@apache.org', 'F71-simonw@apache.org', 'F3-int[]', 'F104', 'F3-getBoost()', 'F3-Among[]', 'F3-char', 'F71-uschindler@apache.org', 'F71-shaie@apache.org', 'F71-ryan@apache.org', 'category', 'F71-erick@apache.org', 'F126', 'F71-markrmiller@apache.org', 'F3-char[]', 'F15-protected', 'F3-OutputStream', 'F105', 'F3-NA', 'F115', 'F3-int', 'F71-sarowe@apache.org', 'F71-buschmi@apache.org', 'F3-boolean'}
     F72   F25  ... F71-erick@apache.org F71-uschindler@apache.org
1  22821  1931  ...                    0                         1
2  22821  1931  ...                    0                         1
3  10803    20  ...                    0                         1

[3 rows x 55 columns]
;.;
   F72  F25  ...  F71-erick@apache.org  F71-uschindler@apache.org
0  1.0  1.0  ...                   0.0                        1.0
1  1.0  1.0  ...                   0.0                        1.0
2  0.0  0.0  ...                   0.0                        1.0

[3 rows x 55 columns]
training_x: (12, 55)
training_y: 12
testset_x: (18, 55)
testset_y: 18
              precision    recall  f1-score   support

           0       0.00      0.00      0.00        11
           1       0.39      1.00      0.56         7

    accuracy                           0.39        18
   macro avg       0.19      0.50      0.28        18
weighted avg       0.15      0.39      0.22        18

accuracy: 0.3888888888888889
0.56
@@@ tn: 0, fp: 11, fn: 0, tp: 7
@@@ LIME - Creating explainer
@@@ LIME - Random Sampling of Instances
iter: 0, sample_no: 11, actual label: 0, predicted: 1
iter: 1, sample_no: 3, actual label: 0, predicted: 1
iter: 2, sample_no: 5, actual label: 1, predicted: 1
iter: 3, sample_no: 2, actual label: 1, predicted: 1
iter: 4, sample_no: 14, actual label: 1, predicted: 1
iter: 5, sample_no: 12, actual label: 0, predicted: 1
iter: 6, sample_no: 2, actual label: 1, predicted: 1
iter: 7, sample_no: 14, actual label: 1, predicted: 1
iter: 8, sample_no: 5, actual label: 1, predicted: 1
iter: 9, sample_no: 4, actual label: 0, predicted: 1
iter: 10, sample_no: 3, actual label: 0, predicted: 1
iter: 11, sample_no: 15, actual label: 1, predicted: 1
iter: 12, sample_no: 15, actual label: 1, predicted: 1
iter: 13, sample_no: 12, actual label: 0, predicted: 1
iter: 14, sample_no: 7, actual label: 1, predicted: 1
iter: 15, sample_no: 9, actual label: 0, predicted: 1
iter: 16, sample_no: 15, actual label: 1, predicted: 1
iter: 17, sample_no: 12, actual label: 0, predicted: 1
iter: 18, sample_no: 1, actual label: 1, predicted: 1
iter: 19, sample_no: 16, actual label: 0, predicted: 1
iter: 20, sample_no: 17, actual label: 0, predicted: 1
iter: 21, sample_no: 13, actual label: 0, predicted: 1
iter: 22, sample_no: 9, actual label: 0, predicted: 1
iter: 23, sample_no: 2, actual label: 1, predicted: 1
iter: 24, sample_no: 8, actual label: 0, predicted: 1
number of samples: 18
AUC 0.5
pos_get 7
total recall stop_at 1
----------threshold stop at----------: 1
AUC [0.5, 0.5, 0.5, 0.5, 0.5, 0.5, 0.5, 0.5, 0.5, 0.5]
AUC_median 0.5
AUC_iqr 0.0
cost [1, 1, 1, 1, 1, 1, 1, 1, 1, 1]
COST_med 1.0
COST_iqr 0.0
f1_pos_list [np.float64(0.56), np.float64(0.56), np.float64(0.56), np.float64(0.56), np.float64(0.56), np.float64(0.56), np.float64(0.56), np.float64(0.56), np.float64(0.56), np.float64(0.56)]
f1_pos_med 0.56
total_tn 0
total_fp 110
total_fn 0
total_tp 70
p= 0.3888888888888889
r= 1.0
f= 0.56
