@@@ A - classifier: DummyClassifier(constant=1, strategy='constant')
@@@ B - threshold stop at: 1
@@@ C - Repeat number: 1
@@@ D - common_header:  {'F104', 'F3-getUrl()', 'F3-PhoenixArray', 'F110', 'F77', 'F71-samarth.jain@salesforce.com', 'F15-public', 'F116', 'F71-jamestaylor@apache.org', 'F126', 'F25', 'F71-ndimiduk@apache.org', 'F71-ramkrishna.s.vasudevan@gmail.com', 'F71-ramkrishna.s.vasudevan@intel.com', 'F71-elilevine@apache.org', 'F71-maryannxue@apache.org', 'F71-gabrielr@ngdata.com', 'F123', 'F3-List<ParseNode>', 'F65', 'F3-Object', 'F3-PDataType', 'F101', 'F3-SortOrder.ASC', 'F15-NA', 'F117', 'F3-TEST_PROPERTIES', 'F15-private', 'F3-input', 'F120', 'F71-jeffreyz@apache.org', 'F3-null', 'F3-byte[]', 'F15-protected', 'category', 'F3-String', 'F68', 'F22', 'F71-enis@apache.org', 'F115', 'F3-long', 'F71-stoens@apache.org', 'F3-Properties', 'F3-BitSet', 'F71-wei.xue@intel.com', 'F41', 'F71-jtaylor@salesforce.com', 'F3-boolean', 'F71-jzhong@JZhongs-MacBook-Pro.local', 'F3-int', 'F71-tdsilva@salesforce.com', 'F105', 'F3-PreparedStatement', 'F72', 'F3-SortOrder.DESC', 'F71-rajeshbabu@apache.org', 'F71-mujtaba@apache.org', 'F3-Connection', 'F71-twdsilva@gmail.com', 'F3-NA'}
    F72  F25  ... F71-mujtaba@apache.org F71-wei.xue@intel.com
1  1702  497  ...                      0                     0
2  1585  416  ...                      0                     0
3  1585  416  ...                      0                     0

[3 rows x 59 columns]
;.;
        F72       F25  ...  F71-mujtaba@apache.org  F71-wei.xue@intel.com
0  0.745370  0.810767  ...                     0.0                    0.0
1  0.637037  0.678630  ...                     0.0                    0.0
2  0.637037  0.678630  ...                     0.0                    0.0

[3 rows x 59 columns]
training_x: (2235, 59)
training_y: 2235
testset_x: (214, 59)
testset_y: 214
              precision    recall  f1-score   support

           0       0.00      0.00      0.00       166
           1       0.22      1.00      0.37        48

    accuracy                           0.22       214
   macro avg       0.11      0.50      0.18       214
weighted avg       0.05      0.22      0.08       214

accuracy: 0.22429906542056074
0.366412213740458
@@@ tn: 0, fp: 166, fn: 0, tp: 48
@@@ LIME - Creating explainer
@@@ LIME - Random Sampling of Instances
iter: 0, sample_no: 68, actual label: 1, predicted: 1
iter: 1, sample_no: 132, actual label: 0, predicted: 1
iter: 2, sample_no: 162, actual label: 0, predicted: 1
iter: 3, sample_no: 184, actual label: 1, predicted: 1
iter: 4, sample_no: 104, actual label: 0, predicted: 1
iter: 5, sample_no: 141, actual label: 0, predicted: 1
iter: 6, sample_no: 132, actual label: 0, predicted: 1
iter: 7, sample_no: 80, actual label: 0, predicted: 1
iter: 8, sample_no: 187, actual label: 1, predicted: 1
iter: 9, sample_no: 118, actual label: 0, predicted: 1
iter: 10, sample_no: 0, actual label: 1, predicted: 1
iter: 11, sample_no: 184, actual label: 1, predicted: 1
iter: 12, sample_no: 111, actual label: 1, predicted: 1
iter: 13, sample_no: 15, actual label: 1, predicted: 1
iter: 14, sample_no: 33, actual label: 0, predicted: 1
iter: 15, sample_no: 182, actual label: 0, predicted: 1
iter: 16, sample_no: 4, actual label: 0, predicted: 1
iter: 17, sample_no: 40, actual label: 1, predicted: 1
iter: 18, sample_no: 6, actual label: 0, predicted: 1
iter: 19, sample_no: 191, actual label: 0, predicted: 1
iter: 20, sample_no: 173, actual label: 1, predicted: 1
iter: 21, sample_no: 201, actual label: 0, predicted: 1
iter: 22, sample_no: 177, actual label: 0, predicted: 1
iter: 23, sample_no: 53, actual label: 0, predicted: 1
iter: 24, sample_no: 125, actual label: 0, predicted: 1
number of samples: 214
AUC 0.5
pos_get 48
total recall stop_at 1
@@@ C - Repeat number: 2
@@@ D - common_header:  {'F104', 'F3-getUrl()', 'F3-PhoenixArray', 'F110', 'F77', 'F71-samarth.jain@salesforce.com', 'F15-public', 'F116', 'F71-jamestaylor@apache.org', 'F126', 'F25', 'F71-ndimiduk@apache.org', 'F71-ramkrishna.s.vasudevan@gmail.com', 'F71-ramkrishna.s.vasudevan@intel.com', 'F71-elilevine@apache.org', 'F71-maryannxue@apache.org', 'F71-gabrielr@ngdata.com', 'F123', 'F3-List<ParseNode>', 'F65', 'F3-Object', 'F3-PDataType', 'F101', 'F3-SortOrder.ASC', 'F15-NA', 'F117', 'F3-TEST_PROPERTIES', 'F15-private', 'F3-input', 'F120', 'F71-jeffreyz@apache.org', 'F3-null', 'F3-byte[]', 'F15-protected', 'category', 'F3-String', 'F68', 'F22', 'F71-enis@apache.org', 'F115', 'F3-long', 'F71-stoens@apache.org', 'F3-Properties', 'F3-BitSet', 'F71-wei.xue@intel.com', 'F41', 'F71-jtaylor@salesforce.com', 'F3-boolean', 'F71-jzhong@JZhongs-MacBook-Pro.local', 'F3-int', 'F71-tdsilva@salesforce.com', 'F105', 'F3-PreparedStatement', 'F72', 'F3-SortOrder.DESC', 'F71-rajeshbabu@apache.org', 'F71-mujtaba@apache.org', 'F3-Connection', 'F71-twdsilva@gmail.com', 'F3-NA'}
    F72  F25  ... F71-mujtaba@apache.org F71-wei.xue@intel.com
1  1702  497  ...                      0                     0
2  1585  416  ...                      0                     0
3  1585  416  ...                      0                     0

[3 rows x 59 columns]
;.;
        F72       F25  ...  F71-mujtaba@apache.org  F71-wei.xue@intel.com
0  0.745370  0.810767  ...                     0.0                    0.0
1  0.637037  0.678630  ...                     0.0                    0.0
2  0.637037  0.678630  ...                     0.0                    0.0

[3 rows x 59 columns]
training_x: (2235, 59)
training_y: 2235
testset_x: (214, 59)
testset_y: 214
              precision    recall  f1-score   support

           0       0.00      0.00      0.00       166
           1       0.22      1.00      0.37        48

    accuracy                           0.22       214
   macro avg       0.11      0.50      0.18       214
weighted avg       0.05      0.22      0.08       214

accuracy: 0.22429906542056074
0.366412213740458
@@@ tn: 0, fp: 166, fn: 0, tp: 48
@@@ LIME - Creating explainer
@@@ LIME - Random Sampling of Instances
iter: 0, sample_no: 20, actual label: 1, predicted: 1
iter: 1, sample_no: 189, actual label: 0, predicted: 1
iter: 2, sample_no: 132, actual label: 0, predicted: 1
iter: 3, sample_no: 139, actual label: 1, predicted: 1
iter: 4, sample_no: 83, actual label: 0, predicted: 1
iter: 5, sample_no: 43, actual label: 0, predicted: 1
iter: 6, sample_no: 80, actual label: 0, predicted: 1
iter: 7, sample_no: 128, actual label: 0, predicted: 1
iter: 8, sample_no: 80, actual label: 0, predicted: 1
iter: 9, sample_no: 80, actual label: 0, predicted: 1
iter: 10, sample_no: 97, actual label: 0, predicted: 1
iter: 11, sample_no: 184, actual label: 1, predicted: 1
iter: 12, sample_no: 86, actual label: 1, predicted: 1
iter: 13, sample_no: 18, actual label: 0, predicted: 1
iter: 14, sample_no: 11, actual label: 0, predicted: 1
iter: 15, sample_no: 20, actual label: 1, predicted: 1
iter: 16, sample_no: 176, actual label: 0, predicted: 1
iter: 17, sample_no: 74, actual label: 1, predicted: 1
iter: 18, sample_no: 71, actual label: 0, predicted: 1
iter: 19, sample_no: 59, actual label: 0, predicted: 1
iter: 20, sample_no: 210, actual label: 0, predicted: 1
iter: 21, sample_no: 207, actual label: 1, predicted: 1
iter: 22, sample_no: 17, actual label: 0, predicted: 1
iter: 23, sample_no: 68, actual label: 1, predicted: 1
iter: 24, sample_no: 71, actual label: 0, predicted: 1
number of samples: 214
AUC 0.5
pos_get 48
total recall stop_at 1
@@@ C - Repeat number: 3
@@@ D - common_header:  {'F104', 'F3-getUrl()', 'F3-PhoenixArray', 'F110', 'F77', 'F71-samarth.jain@salesforce.com', 'F15-public', 'F116', 'F71-jamestaylor@apache.org', 'F126', 'F25', 'F71-ndimiduk@apache.org', 'F71-ramkrishna.s.vasudevan@gmail.com', 'F71-ramkrishna.s.vasudevan@intel.com', 'F71-elilevine@apache.org', 'F71-maryannxue@apache.org', 'F71-gabrielr@ngdata.com', 'F123', 'F3-List<ParseNode>', 'F65', 'F3-Object', 'F3-PDataType', 'F101', 'F3-SortOrder.ASC', 'F15-NA', 'F117', 'F3-TEST_PROPERTIES', 'F15-private', 'F3-input', 'F120', 'F71-jeffreyz@apache.org', 'F3-null', 'F3-byte[]', 'F15-protected', 'category', 'F3-String', 'F68', 'F22', 'F71-enis@apache.org', 'F115', 'F3-long', 'F71-stoens@apache.org', 'F3-Properties', 'F3-BitSet', 'F71-wei.xue@intel.com', 'F41', 'F71-jtaylor@salesforce.com', 'F3-boolean', 'F71-jzhong@JZhongs-MacBook-Pro.local', 'F3-int', 'F71-tdsilva@salesforce.com', 'F105', 'F3-PreparedStatement', 'F72', 'F3-SortOrder.DESC', 'F71-rajeshbabu@apache.org', 'F71-mujtaba@apache.org', 'F3-Connection', 'F71-twdsilva@gmail.com', 'F3-NA'}
    F72  F25  ... F71-mujtaba@apache.org F71-wei.xue@intel.com
1  1702  497  ...                      0                     0
2  1585  416  ...                      0                     0
3  1585  416  ...                      0                     0

[3 rows x 59 columns]
;.;
        F72       F25  ...  F71-mujtaba@apache.org  F71-wei.xue@intel.com
0  0.745370  0.810767  ...                     0.0                    0.0
1  0.637037  0.678630  ...                     0.0                    0.0
2  0.637037  0.678630  ...                     0.0                    0.0

[3 rows x 59 columns]
training_x: (2235, 59)
training_y: 2235
testset_x: (214, 59)
testset_y: 214
              precision    recall  f1-score   support

           0       0.00      0.00      0.00       166
           1       0.22      1.00      0.37        48

    accuracy                           0.22       214
   macro avg       0.11      0.50      0.18       214
weighted avg       0.05      0.22      0.08       214

accuracy: 0.22429906542056074
0.366412213740458
@@@ tn: 0, fp: 166, fn: 0, tp: 48
@@@ LIME - Creating explainer
@@@ LIME - Random Sampling of Instances
iter: 0, sample_no: 203, actual label: 0, predicted: 1
iter: 1, sample_no: 161, actual label: 0, predicted: 1
iter: 2, sample_no: 156, actual label: 0, predicted: 1
iter: 3, sample_no: 132, actual label: 0, predicted: 1
iter: 4, sample_no: 83, actual label: 0, predicted: 1
iter: 5, sample_no: 206, actual label: 0, predicted: 1
iter: 6, sample_no: 18, actual label: 0, predicted: 1
iter: 7, sample_no: 28, actual label: 0, predicted: 1
iter: 8, sample_no: 85, actual label: 0, predicted: 1
iter: 9, sample_no: 166, actual label: 1, predicted: 1
iter: 10, sample_no: 150, actual label: 0, predicted: 1
iter: 11, sample_no: 169, actual label: 0, predicted: 1
iter: 12, sample_no: 199, actual label: 0, predicted: 1
iter: 13, sample_no: 185, actual label: 1, predicted: 1
iter: 14, sample_no: 123, actual label: 0, predicted: 1
iter: 15, sample_no: 119, actual label: 0, predicted: 1
iter: 16, sample_no: 71, actual label: 0, predicted: 1
iter: 17, sample_no: 164, actual label: 0, predicted: 1
iter: 18, sample_no: 158, actual label: 0, predicted: 1
iter: 19, sample_no: 176, actual label: 0, predicted: 1
iter: 20, sample_no: 17, actual label: 0, predicted: 1
iter: 21, sample_no: 65, actual label: 0, predicted: 1
iter: 22, sample_no: 190, actual label: 0, predicted: 1
iter: 23, sample_no: 23, actual label: 0, predicted: 1
iter: 24, sample_no: 116, actual label: 0, predicted: 1
number of samples: 214
AUC 0.5
pos_get 48
total recall stop_at 1
@@@ C - Repeat number: 4
@@@ D - common_header:  {'F104', 'F3-getUrl()', 'F3-PhoenixArray', 'F110', 'F77', 'F71-samarth.jain@salesforce.com', 'F15-public', 'F116', 'F71-jamestaylor@apache.org', 'F126', 'F25', 'F71-ndimiduk@apache.org', 'F71-ramkrishna.s.vasudevan@gmail.com', 'F71-ramkrishna.s.vasudevan@intel.com', 'F71-elilevine@apache.org', 'F71-maryannxue@apache.org', 'F71-gabrielr@ngdata.com', 'F123', 'F3-List<ParseNode>', 'F65', 'F3-Object', 'F3-PDataType', 'F101', 'F3-SortOrder.ASC', 'F15-NA', 'F117', 'F3-TEST_PROPERTIES', 'F15-private', 'F3-input', 'F120', 'F71-jeffreyz@apache.org', 'F3-null', 'F3-byte[]', 'F15-protected', 'category', 'F3-String', 'F68', 'F22', 'F71-enis@apache.org', 'F115', 'F3-long', 'F71-stoens@apache.org', 'F3-Properties', 'F3-BitSet', 'F71-wei.xue@intel.com', 'F41', 'F71-jtaylor@salesforce.com', 'F3-boolean', 'F71-jzhong@JZhongs-MacBook-Pro.local', 'F3-int', 'F71-tdsilva@salesforce.com', 'F105', 'F3-PreparedStatement', 'F72', 'F3-SortOrder.DESC', 'F71-rajeshbabu@apache.org', 'F71-mujtaba@apache.org', 'F3-Connection', 'F71-twdsilva@gmail.com', 'F3-NA'}
    F72  F25  ... F71-mujtaba@apache.org F71-wei.xue@intel.com
1  1702  497  ...                      0                     0
2  1585  416  ...                      0                     0
3  1585  416  ...                      0                     0

[3 rows x 59 columns]
;.;
        F72       F25  ...  F71-mujtaba@apache.org  F71-wei.xue@intel.com
0  0.745370  0.810767  ...                     0.0                    0.0
1  0.637037  0.678630  ...                     0.0                    0.0
2  0.637037  0.678630  ...                     0.0                    0.0

[3 rows x 59 columns]
training_x: (2235, 59)
training_y: 2235
testset_x: (214, 59)
testset_y: 214
              precision    recall  f1-score   support

           0       0.00      0.00      0.00       166
           1       0.22      1.00      0.37        48

    accuracy                           0.22       214
   macro avg       0.11      0.50      0.18       214
weighted avg       0.05      0.22      0.08       214

accuracy: 0.22429906542056074
0.366412213740458
@@@ tn: 0, fp: 166, fn: 0, tp: 48
@@@ LIME - Creating explainer
@@@ LIME - Random Sampling of Instances
iter: 0, sample_no: 189, actual label: 0, predicted: 1
iter: 1, sample_no: 15, actual label: 1, predicted: 1
iter: 2, sample_no: 18, actual label: 0, predicted: 1
iter: 3, sample_no: 126, actual label: 0, predicted: 1
iter: 4, sample_no: 158, actual label: 0, predicted: 1
iter: 5, sample_no: 115, actual label: 0, predicted: 1
iter: 6, sample_no: 201, actual label: 0, predicted: 1
iter: 7, sample_no: 158, actual label: 0, predicted: 1
iter: 8, sample_no: 93, actual label: 0, predicted: 1
iter: 9, sample_no: 198, actual label: 0, predicted: 1
iter: 10, sample_no: 205, actual label: 0, predicted: 1
iter: 11, sample_no: 132, actual label: 0, predicted: 1
iter: 12, sample_no: 96, actual label: 0, predicted: 1
iter: 13, sample_no: 107, actual label: 0, predicted: 1
iter: 14, sample_no: 55, actual label: 0, predicted: 1
iter: 15, sample_no: 147, actual label: 0, predicted: 1
iter: 16, sample_no: 97, actual label: 0, predicted: 1
iter: 17, sample_no: 0, actual label: 1, predicted: 1
iter: 18, sample_no: 73, actual label: 0, predicted: 1
iter: 19, sample_no: 125, actual label: 0, predicted: 1
iter: 20, sample_no: 78, actual label: 1, predicted: 1
iter: 21, sample_no: 32, actual label: 0, predicted: 1
iter: 22, sample_no: 123, actual label: 0, predicted: 1
iter: 23, sample_no: 103, actual label: 0, predicted: 1
iter: 24, sample_no: 133, actual label: 0, predicted: 1
number of samples: 214
AUC 0.5
pos_get 48
total recall stop_at 1
@@@ C - Repeat number: 5
@@@ D - common_header:  {'F104', 'F3-getUrl()', 'F3-PhoenixArray', 'F110', 'F77', 'F71-samarth.jain@salesforce.com', 'F15-public', 'F116', 'F71-jamestaylor@apache.org', 'F126', 'F25', 'F71-ndimiduk@apache.org', 'F71-ramkrishna.s.vasudevan@gmail.com', 'F71-ramkrishna.s.vasudevan@intel.com', 'F71-elilevine@apache.org', 'F71-maryannxue@apache.org', 'F71-gabrielr@ngdata.com', 'F123', 'F3-List<ParseNode>', 'F65', 'F3-Object', 'F3-PDataType', 'F101', 'F3-SortOrder.ASC', 'F15-NA', 'F117', 'F3-TEST_PROPERTIES', 'F15-private', 'F3-input', 'F120', 'F71-jeffreyz@apache.org', 'F3-null', 'F3-byte[]', 'F15-protected', 'category', 'F3-String', 'F68', 'F22', 'F71-enis@apache.org', 'F115', 'F3-long', 'F71-stoens@apache.org', 'F3-Properties', 'F3-BitSet', 'F71-wei.xue@intel.com', 'F41', 'F71-jtaylor@salesforce.com', 'F3-boolean', 'F71-jzhong@JZhongs-MacBook-Pro.local', 'F3-int', 'F71-tdsilva@salesforce.com', 'F105', 'F3-PreparedStatement', 'F72', 'F3-SortOrder.DESC', 'F71-rajeshbabu@apache.org', 'F71-mujtaba@apache.org', 'F3-Connection', 'F71-twdsilva@gmail.com', 'F3-NA'}
    F72  F25  ... F71-mujtaba@apache.org F71-wei.xue@intel.com
1  1702  497  ...                      0                     0
2  1585  416  ...                      0                     0
3  1585  416  ...                      0                     0

[3 rows x 59 columns]
;.;
        F72       F25  ...  F71-mujtaba@apache.org  F71-wei.xue@intel.com
0  0.745370  0.810767  ...                     0.0                    0.0
1  0.637037  0.678630  ...                     0.0                    0.0
2  0.637037  0.678630  ...                     0.0                    0.0

[3 rows x 59 columns]
training_x: (2235, 59)
training_y: 2235
testset_x: (214, 59)
testset_y: 214
              precision    recall  f1-score   support

           0       0.00      0.00      0.00       166
           1       0.22      1.00      0.37        48

    accuracy                           0.22       214
   macro avg       0.11      0.50      0.18       214
weighted avg       0.05      0.22      0.08       214

accuracy: 0.22429906542056074
0.366412213740458
@@@ tn: 0, fp: 166, fn: 0, tp: 48
@@@ LIME - Creating explainer
@@@ LIME - Random Sampling of Instances
iter: 0, sample_no: 135, actual label: 0, predicted: 1
iter: 1, sample_no: 94, actual label: 0, predicted: 1
iter: 2, sample_no: 161, actual label: 0, predicted: 1
iter: 3, sample_no: 9, actual label: 1, predicted: 1
iter: 4, sample_no: 16, actual label: 0, predicted: 1
iter: 5, sample_no: 190, actual label: 0, predicted: 1
iter: 6, sample_no: 73, actual label: 0, predicted: 1
iter: 7, sample_no: 144, actual label: 0, predicted: 1
iter: 8, sample_no: 175, actual label: 1, predicted: 1
iter: 9, sample_no: 40, actual label: 1, predicted: 1
iter: 10, sample_no: 157, actual label: 0, predicted: 1
iter: 11, sample_no: 211, actual label: 1, predicted: 1
iter: 12, sample_no: 198, actual label: 0, predicted: 1
iter: 13, sample_no: 143, actual label: 0, predicted: 1
iter: 14, sample_no: 142, actual label: 0, predicted: 1
iter: 15, sample_no: 71, actual label: 0, predicted: 1
iter: 16, sample_no: 192, actual label: 0, predicted: 1
iter: 17, sample_no: 162, actual label: 0, predicted: 1
iter: 18, sample_no: 213, actual label: 0, predicted: 1
iter: 19, sample_no: 190, actual label: 0, predicted: 1
iter: 20, sample_no: 102, actual label: 0, predicted: 1
iter: 21, sample_no: 71, actual label: 0, predicted: 1
iter: 22, sample_no: 161, actual label: 0, predicted: 1
iter: 23, sample_no: 133, actual label: 0, predicted: 1
iter: 24, sample_no: 179, actual label: 0, predicted: 1
number of samples: 214
AUC 0.5
pos_get 48
total recall stop_at 1
@@@ C - Repeat number: 6
@@@ D - common_header:  {'F104', 'F3-getUrl()', 'F3-PhoenixArray', 'F110', 'F77', 'F71-samarth.jain@salesforce.com', 'F15-public', 'F116', 'F71-jamestaylor@apache.org', 'F126', 'F25', 'F71-ndimiduk@apache.org', 'F71-ramkrishna.s.vasudevan@gmail.com', 'F71-ramkrishna.s.vasudevan@intel.com', 'F71-elilevine@apache.org', 'F71-maryannxue@apache.org', 'F71-gabrielr@ngdata.com', 'F123', 'F3-List<ParseNode>', 'F65', 'F3-Object', 'F3-PDataType', 'F101', 'F3-SortOrder.ASC', 'F15-NA', 'F117', 'F3-TEST_PROPERTIES', 'F15-private', 'F3-input', 'F120', 'F71-jeffreyz@apache.org', 'F3-null', 'F3-byte[]', 'F15-protected', 'category', 'F3-String', 'F68', 'F22', 'F71-enis@apache.org', 'F115', 'F3-long', 'F71-stoens@apache.org', 'F3-Properties', 'F3-BitSet', 'F71-wei.xue@intel.com', 'F41', 'F71-jtaylor@salesforce.com', 'F3-boolean', 'F71-jzhong@JZhongs-MacBook-Pro.local', 'F3-int', 'F71-tdsilva@salesforce.com', 'F105', 'F3-PreparedStatement', 'F72', 'F3-SortOrder.DESC', 'F71-rajeshbabu@apache.org', 'F71-mujtaba@apache.org', 'F3-Connection', 'F71-twdsilva@gmail.com', 'F3-NA'}
    F72  F25  ... F71-mujtaba@apache.org F71-wei.xue@intel.com
1  1702  497  ...                      0                     0
2  1585  416  ...                      0                     0
3  1585  416  ...                      0                     0

[3 rows x 59 columns]
;.;
        F72       F25  ...  F71-mujtaba@apache.org  F71-wei.xue@intel.com
0  0.745370  0.810767  ...                     0.0                    0.0
1  0.637037  0.678630  ...                     0.0                    0.0
2  0.637037  0.678630  ...                     0.0                    0.0

[3 rows x 59 columns]
training_x: (2235, 59)
training_y: 2235
testset_x: (214, 59)
testset_y: 214
              precision    recall  f1-score   support

           0       0.00      0.00      0.00       166
           1       0.22      1.00      0.37        48

    accuracy                           0.22       214
   macro avg       0.11      0.50      0.18       214
weighted avg       0.05      0.22      0.08       214

accuracy: 0.22429906542056074
0.366412213740458
@@@ tn: 0, fp: 166, fn: 0, tp: 48
@@@ LIME - Creating explainer
@@@ LIME - Random Sampling of Instances
iter: 0, sample_no: 0, actual label: 1, predicted: 1
iter: 1, sample_no: 154, actual label: 0, predicted: 1
iter: 2, sample_no: 69, actual label: 1, predicted: 1
iter: 3, sample_no: 190, actual label: 0, predicted: 1
iter: 4, sample_no: 6, actual label: 0, predicted: 1
iter: 5, sample_no: 114, actual label: 1, predicted: 1
iter: 6, sample_no: 154, actual label: 0, predicted: 1
iter: 7, sample_no: 173, actual label: 1, predicted: 1
iter: 8, sample_no: 144, actual label: 0, predicted: 1
iter: 9, sample_no: 198, actual label: 0, predicted: 1
iter: 10, sample_no: 196, actual label: 0, predicted: 1
iter: 11, sample_no: 135, actual label: 0, predicted: 1
iter: 12, sample_no: 116, actual label: 0, predicted: 1
iter: 13, sample_no: 87, actual label: 0, predicted: 1
iter: 14, sample_no: 91, actual label: 1, predicted: 1
iter: 15, sample_no: 59, actual label: 0, predicted: 1
iter: 16, sample_no: 40, actual label: 1, predicted: 1
iter: 17, sample_no: 65, actual label: 0, predicted: 1
iter: 18, sample_no: 123, actual label: 0, predicted: 1
iter: 19, sample_no: 203, actual label: 0, predicted: 1
iter: 20, sample_no: 88, actual label: 0, predicted: 1
iter: 21, sample_no: 67, actual label: 0, predicted: 1
iter: 22, sample_no: 100, actual label: 1, predicted: 1
iter: 23, sample_no: 38, actual label: 0, predicted: 1
iter: 24, sample_no: 130, actual label: 0, predicted: 1
number of samples: 214
AUC 0.5
pos_get 48
total recall stop_at 1
@@@ C - Repeat number: 7
@@@ D - common_header:  {'F104', 'F3-getUrl()', 'F3-PhoenixArray', 'F110', 'F77', 'F71-samarth.jain@salesforce.com', 'F15-public', 'F116', 'F71-jamestaylor@apache.org', 'F126', 'F25', 'F71-ndimiduk@apache.org', 'F71-ramkrishna.s.vasudevan@gmail.com', 'F71-ramkrishna.s.vasudevan@intel.com', 'F71-elilevine@apache.org', 'F71-maryannxue@apache.org', 'F71-gabrielr@ngdata.com', 'F123', 'F3-List<ParseNode>', 'F65', 'F3-Object', 'F3-PDataType', 'F101', 'F3-SortOrder.ASC', 'F15-NA', 'F117', 'F3-TEST_PROPERTIES', 'F15-private', 'F3-input', 'F120', 'F71-jeffreyz@apache.org', 'F3-null', 'F3-byte[]', 'F15-protected', 'category', 'F3-String', 'F68', 'F22', 'F71-enis@apache.org', 'F115', 'F3-long', 'F71-stoens@apache.org', 'F3-Properties', 'F3-BitSet', 'F71-wei.xue@intel.com', 'F41', 'F71-jtaylor@salesforce.com', 'F3-boolean', 'F71-jzhong@JZhongs-MacBook-Pro.local', 'F3-int', 'F71-tdsilva@salesforce.com', 'F105', 'F3-PreparedStatement', 'F72', 'F3-SortOrder.DESC', 'F71-rajeshbabu@apache.org', 'F71-mujtaba@apache.org', 'F3-Connection', 'F71-twdsilva@gmail.com', 'F3-NA'}
    F72  F25  ... F71-mujtaba@apache.org F71-wei.xue@intel.com
1  1702  497  ...                      0                     0
2  1585  416  ...                      0                     0
3  1585  416  ...                      0                     0

[3 rows x 59 columns]
;.;
        F72       F25  ...  F71-mujtaba@apache.org  F71-wei.xue@intel.com
0  0.745370  0.810767  ...                     0.0                    0.0
1  0.637037  0.678630  ...                     0.0                    0.0
2  0.637037  0.678630  ...                     0.0                    0.0

[3 rows x 59 columns]
training_x: (2235, 59)
training_y: 2235
testset_x: (214, 59)
testset_y: 214
              precision    recall  f1-score   support

           0       0.00      0.00      0.00       166
           1       0.22      1.00      0.37        48

    accuracy                           0.22       214
   macro avg       0.11      0.50      0.18       214
weighted avg       0.05      0.22      0.08       214

accuracy: 0.22429906542056074
0.366412213740458
@@@ tn: 0, fp: 166, fn: 0, tp: 48
@@@ LIME - Creating explainer
@@@ LIME - Random Sampling of Instances
iter: 0, sample_no: 170, actual label: 0, predicted: 1
iter: 1, sample_no: 133, actual label: 0, predicted: 1
iter: 2, sample_no: 143, actual label: 0, predicted: 1
iter: 3, sample_no: 21, actual label: 1, predicted: 1
iter: 4, sample_no: 59, actual label: 0, predicted: 1
iter: 5, sample_no: 191, actual label: 0, predicted: 1
iter: 6, sample_no: 51, actual label: 0, predicted: 1
iter: 7, sample_no: 68, actual label: 1, predicted: 1
iter: 8, sample_no: 125, actual label: 0, predicted: 1
iter: 9, sample_no: 56, actual label: 0, predicted: 1
iter: 10, sample_no: 25, actual label: 0, predicted: 1
iter: 11, sample_no: 147, actual label: 0, predicted: 1
iter: 12, sample_no: 29, actual label: 1, predicted: 1
iter: 13, sample_no: 39, actual label: 1, predicted: 1
iter: 14, sample_no: 37, actual label: 1, predicted: 1
iter: 15, sample_no: 162, actual label: 0, predicted: 1
iter: 16, sample_no: 175, actual label: 1, predicted: 1
iter: 17, sample_no: 47, actual label: 0, predicted: 1
iter: 18, sample_no: 209, actual label: 0, predicted: 1
iter: 19, sample_no: 43, actual label: 0, predicted: 1
iter: 20, sample_no: 173, actual label: 1, predicted: 1
iter: 21, sample_no: 210, actual label: 0, predicted: 1
iter: 22, sample_no: 80, actual label: 0, predicted: 1
iter: 23, sample_no: 119, actual label: 0, predicted: 1
iter: 24, sample_no: 66, actual label: 0, predicted: 1
number of samples: 214
AUC 0.5
pos_get 48
total recall stop_at 1
@@@ C - Repeat number: 8
@@@ D - common_header:  {'F104', 'F3-getUrl()', 'F3-PhoenixArray', 'F110', 'F77', 'F71-samarth.jain@salesforce.com', 'F15-public', 'F116', 'F71-jamestaylor@apache.org', 'F126', 'F25', 'F71-ndimiduk@apache.org', 'F71-ramkrishna.s.vasudevan@gmail.com', 'F71-ramkrishna.s.vasudevan@intel.com', 'F71-elilevine@apache.org', 'F71-maryannxue@apache.org', 'F71-gabrielr@ngdata.com', 'F123', 'F3-List<ParseNode>', 'F65', 'F3-Object', 'F3-PDataType', 'F101', 'F3-SortOrder.ASC', 'F15-NA', 'F117', 'F3-TEST_PROPERTIES', 'F15-private', 'F3-input', 'F120', 'F71-jeffreyz@apache.org', 'F3-null', 'F3-byte[]', 'F15-protected', 'category', 'F3-String', 'F68', 'F22', 'F71-enis@apache.org', 'F115', 'F3-long', 'F71-stoens@apache.org', 'F3-Properties', 'F3-BitSet', 'F71-wei.xue@intel.com', 'F41', 'F71-jtaylor@salesforce.com', 'F3-boolean', 'F71-jzhong@JZhongs-MacBook-Pro.local', 'F3-int', 'F71-tdsilva@salesforce.com', 'F105', 'F3-PreparedStatement', 'F72', 'F3-SortOrder.DESC', 'F71-rajeshbabu@apache.org', 'F71-mujtaba@apache.org', 'F3-Connection', 'F71-twdsilva@gmail.com', 'F3-NA'}
    F72  F25  ... F71-mujtaba@apache.org F71-wei.xue@intel.com
1  1702  497  ...                      0                     0
2  1585  416  ...                      0                     0
3  1585  416  ...                      0                     0

[3 rows x 59 columns]
;.;
        F72       F25  ...  F71-mujtaba@apache.org  F71-wei.xue@intel.com
0  0.745370  0.810767  ...                     0.0                    0.0
1  0.637037  0.678630  ...                     0.0                    0.0
2  0.637037  0.678630  ...                     0.0                    0.0

[3 rows x 59 columns]
training_x: (2235, 59)
training_y: 2235
testset_x: (214, 59)
testset_y: 214
              precision    recall  f1-score   support

           0       0.00      0.00      0.00       166
           1       0.22      1.00      0.37        48

    accuracy                           0.22       214
   macro avg       0.11      0.50      0.18       214
weighted avg       0.05      0.22      0.08       214

accuracy: 0.22429906542056074
0.366412213740458
@@@ tn: 0, fp: 166, fn: 0, tp: 48
@@@ LIME - Creating explainer
@@@ LIME - Random Sampling of Instances
iter: 0, sample_no: 176, actual label: 0, predicted: 1
iter: 1, sample_no: 17, actual label: 0, predicted: 1
iter: 2, sample_no: 16, actual label: 0, predicted: 1
iter: 3, sample_no: 90, actual label: 0, predicted: 1
iter: 4, sample_no: 67, actual label: 0, predicted: 1
iter: 5, sample_no: 73, actual label: 0, predicted: 1
iter: 6, sample_no: 92, actual label: 1, predicted: 1
iter: 7, sample_no: 126, actual label: 0, predicted: 1
iter: 8, sample_no: 208, actual label: 1, predicted: 1
iter: 9, sample_no: 26, actual label: 0, predicted: 1
iter: 10, sample_no: 75, actual label: 0, predicted: 1
iter: 11, sample_no: 195, actual label: 0, predicted: 1
iter: 12, sample_no: 162, actual label: 0, predicted: 1
iter: 13, sample_no: 130, actual label: 0, predicted: 1
iter: 14, sample_no: 135, actual label: 0, predicted: 1
iter: 15, sample_no: 180, actual label: 0, predicted: 1
iter: 16, sample_no: 191, actual label: 0, predicted: 1
iter: 17, sample_no: 188, actual label: 1, predicted: 1
iter: 18, sample_no: 123, actual label: 0, predicted: 1
iter: 19, sample_no: 57, actual label: 0, predicted: 1
iter: 20, sample_no: 37, actual label: 1, predicted: 1
iter: 21, sample_no: 169, actual label: 0, predicted: 1
iter: 22, sample_no: 23, actual label: 0, predicted: 1
iter: 23, sample_no: 208, actual label: 1, predicted: 1
iter: 24, sample_no: 39, actual label: 1, predicted: 1
number of samples: 214
AUC 0.5
pos_get 48
total recall stop_at 1
@@@ C - Repeat number: 9
@@@ D - common_header:  {'F104', 'F3-getUrl()', 'F3-PhoenixArray', 'F110', 'F77', 'F71-samarth.jain@salesforce.com', 'F15-public', 'F116', 'F71-jamestaylor@apache.org', 'F126', 'F25', 'F71-ndimiduk@apache.org', 'F71-ramkrishna.s.vasudevan@gmail.com', 'F71-ramkrishna.s.vasudevan@intel.com', 'F71-elilevine@apache.org', 'F71-maryannxue@apache.org', 'F71-gabrielr@ngdata.com', 'F123', 'F3-List<ParseNode>', 'F65', 'F3-Object', 'F3-PDataType', 'F101', 'F3-SortOrder.ASC', 'F15-NA', 'F117', 'F3-TEST_PROPERTIES', 'F15-private', 'F3-input', 'F120', 'F71-jeffreyz@apache.org', 'F3-null', 'F3-byte[]', 'F15-protected', 'category', 'F3-String', 'F68', 'F22', 'F71-enis@apache.org', 'F115', 'F3-long', 'F71-stoens@apache.org', 'F3-Properties', 'F3-BitSet', 'F71-wei.xue@intel.com', 'F41', 'F71-jtaylor@salesforce.com', 'F3-boolean', 'F71-jzhong@JZhongs-MacBook-Pro.local', 'F3-int', 'F71-tdsilva@salesforce.com', 'F105', 'F3-PreparedStatement', 'F72', 'F3-SortOrder.DESC', 'F71-rajeshbabu@apache.org', 'F71-mujtaba@apache.org', 'F3-Connection', 'F71-twdsilva@gmail.com', 'F3-NA'}
    F72  F25  ... F71-mujtaba@apache.org F71-wei.xue@intel.com
1  1702  497  ...                      0                     0
2  1585  416  ...                      0                     0
3  1585  416  ...                      0                     0

[3 rows x 59 columns]
;.;
        F72       F25  ...  F71-mujtaba@apache.org  F71-wei.xue@intel.com
0  0.745370  0.810767  ...                     0.0                    0.0
1  0.637037  0.678630  ...                     0.0                    0.0
2  0.637037  0.678630  ...                     0.0                    0.0

[3 rows x 59 columns]
training_x: (2235, 59)
training_y: 2235
testset_x: (214, 59)
testset_y: 214
              precision    recall  f1-score   support

           0       0.00      0.00      0.00       166
           1       0.22      1.00      0.37        48

    accuracy                           0.22       214
   macro avg       0.11      0.50      0.18       214
weighted avg       0.05      0.22      0.08       214

accuracy: 0.22429906542056074
0.366412213740458
@@@ tn: 0, fp: 166, fn: 0, tp: 48
@@@ LIME - Creating explainer
@@@ LIME - Random Sampling of Instances
iter: 0, sample_no: 57, actual label: 0, predicted: 1
iter: 1, sample_no: 173, actual label: 1, predicted: 1
iter: 2, sample_no: 11, actual label: 0, predicted: 1
iter: 3, sample_no: 208, actual label: 1, predicted: 1
iter: 4, sample_no: 122, actual label: 0, predicted: 1
iter: 5, sample_no: 174, actual label: 0, predicted: 1
iter: 6, sample_no: 135, actual label: 0, predicted: 1
iter: 7, sample_no: 45, actual label: 0, predicted: 1
iter: 8, sample_no: 27, actual label: 0, predicted: 1
iter: 9, sample_no: 143, actual label: 0, predicted: 1
iter: 10, sample_no: 203, actual label: 0, predicted: 1
iter: 11, sample_no: 196, actual label: 0, predicted: 1
iter: 12, sample_no: 213, actual label: 0, predicted: 1
iter: 13, sample_no: 91, actual label: 1, predicted: 1
iter: 14, sample_no: 163, actual label: 0, predicted: 1
iter: 15, sample_no: 88, actual label: 0, predicted: 1
iter: 16, sample_no: 154, actual label: 0, predicted: 1
iter: 17, sample_no: 205, actual label: 0, predicted: 1
iter: 18, sample_no: 123, actual label: 0, predicted: 1
iter: 19, sample_no: 175, actual label: 1, predicted: 1
iter: 20, sample_no: 96, actual label: 0, predicted: 1
iter: 21, sample_no: 29, actual label: 1, predicted: 1
iter: 22, sample_no: 91, actual label: 1, predicted: 1
iter: 23, sample_no: 92, actual label: 1, predicted: 1
iter: 24, sample_no: 143, actual label: 0, predicted: 1
number of samples: 214
AUC 0.5
pos_get 48
total recall stop_at 1
@@@ C - Repeat number: 10
@@@ D - common_header:  {'F104', 'F3-getUrl()', 'F3-PhoenixArray', 'F110', 'F77', 'F71-samarth.jain@salesforce.com', 'F15-public', 'F116', 'F71-jamestaylor@apache.org', 'F126', 'F25', 'F71-ndimiduk@apache.org', 'F71-ramkrishna.s.vasudevan@gmail.com', 'F71-ramkrishna.s.vasudevan@intel.com', 'F71-elilevine@apache.org', 'F71-maryannxue@apache.org', 'F71-gabrielr@ngdata.com', 'F123', 'F3-List<ParseNode>', 'F65', 'F3-Object', 'F3-PDataType', 'F101', 'F3-SortOrder.ASC', 'F15-NA', 'F117', 'F3-TEST_PROPERTIES', 'F15-private', 'F3-input', 'F120', 'F71-jeffreyz@apache.org', 'F3-null', 'F3-byte[]', 'F15-protected', 'category', 'F3-String', 'F68', 'F22', 'F71-enis@apache.org', 'F115', 'F3-long', 'F71-stoens@apache.org', 'F3-Properties', 'F3-BitSet', 'F71-wei.xue@intel.com', 'F41', 'F71-jtaylor@salesforce.com', 'F3-boolean', 'F71-jzhong@JZhongs-MacBook-Pro.local', 'F3-int', 'F71-tdsilva@salesforce.com', 'F105', 'F3-PreparedStatement', 'F72', 'F3-SortOrder.DESC', 'F71-rajeshbabu@apache.org', 'F71-mujtaba@apache.org', 'F3-Connection', 'F71-twdsilva@gmail.com', 'F3-NA'}
    F72  F25  ... F71-mujtaba@apache.org F71-wei.xue@intel.com
1  1702  497  ...                      0                     0
2  1585  416  ...                      0                     0
3  1585  416  ...                      0                     0

[3 rows x 59 columns]
;.;
        F72       F25  ...  F71-mujtaba@apache.org  F71-wei.xue@intel.com
0  0.745370  0.810767  ...                     0.0                    0.0
1  0.637037  0.678630  ...                     0.0                    0.0
2  0.637037  0.678630  ...                     0.0                    0.0

[3 rows x 59 columns]
training_x: (2235, 59)
training_y: 2235
testset_x: (214, 59)
testset_y: 214
              precision    recall  f1-score   support

           0       0.00      0.00      0.00       166
           1       0.22      1.00      0.37        48

    accuracy                           0.22       214
   macro avg       0.11      0.50      0.18       214
weighted avg       0.05      0.22      0.08       214

accuracy: 0.22429906542056074
0.366412213740458
@@@ tn: 0, fp: 166, fn: 0, tp: 48
@@@ LIME - Creating explainer
@@@ LIME - Random Sampling of Instances
iter: 0, sample_no: 156, actual label: 0, predicted: 1
iter: 1, sample_no: 120, actual label: 0, predicted: 1
iter: 2, sample_no: 24, actual label: 0, predicted: 1
iter: 3, sample_no: 151, actual label: 0, predicted: 1
iter: 4, sample_no: 12, actual label: 0, predicted: 1
iter: 5, sample_no: 0, actual label: 1, predicted: 1
iter: 6, sample_no: 137, actual label: 0, predicted: 1
iter: 7, sample_no: 106, actual label: 0, predicted: 1
iter: 8, sample_no: 207, actual label: 1, predicted: 1
iter: 9, sample_no: 185, actual label: 1, predicted: 1
iter: 10, sample_no: 86, actual label: 1, predicted: 1
iter: 11, sample_no: 157, actual label: 0, predicted: 1
iter: 12, sample_no: 156, actual label: 0, predicted: 1
iter: 13, sample_no: 93, actual label: 0, predicted: 1
iter: 14, sample_no: 157, actual label: 0, predicted: 1
iter: 15, sample_no: 209, actual label: 0, predicted: 1
iter: 16, sample_no: 85, actual label: 0, predicted: 1
iter: 17, sample_no: 29, actual label: 1, predicted: 1
iter: 18, sample_no: 43, actual label: 0, predicted: 1
iter: 19, sample_no: 58, actual label: 0, predicted: 1
iter: 20, sample_no: 120, actual label: 0, predicted: 1
iter: 21, sample_no: 53, actual label: 0, predicted: 1
iter: 22, sample_no: 185, actual label: 1, predicted: 1
iter: 23, sample_no: 78, actual label: 1, predicted: 1
iter: 24, sample_no: 163, actual label: 0, predicted: 1
number of samples: 214
AUC 0.5
pos_get 48
total recall stop_at 1
----------threshold stop at----------: 1
AUC [0.5, 0.5, 0.5, 0.5, 0.5, 0.5, 0.5, 0.5, 0.5, 0.5]
AUC_median 0.5
AUC_iqr 0.0
cost [1, 1, 1, 1, 1, 1, 1, 1, 1, 1]
COST_med 1.0
COST_iqr 0.0
f1_pos_list [np.float64(0.366412213740458), np.float64(0.366412213740458), np.float64(0.366412213740458), np.float64(0.366412213740458), np.float64(0.366412213740458), np.float64(0.366412213740458), np.float64(0.366412213740458), np.float64(0.366412213740458), np.float64(0.366412213740458), np.float64(0.366412213740458)]
f1_pos_med 0.366412213740458
total_tn 0
total_fp 1660
total_fn 0
total_tp 480
p= 0.22429906542056074
r= 1.0
f= 0.366412213740458
