@@@ A - classifier: DummyClassifier(constant=1, strategy='constant')
@@@ B - threshold stop at: 1
@@@ C - Repeat number: 1
@@@ D - common_header:  {'F3-List', 'F15-public', 'F3-NA', 'F3-Object', 'F71-us@thomas-daily.de', 'F126', 'F41', 'F115', 'F65', 'F77', 'F3-String', 'F104', 'F3-value', 'F101', 'F120', 'F123', 'category', 'F72', 'F110', 'F116', 'F15-NA', 'F117', 'F15-private', 'F3-int', 'F3-operator.val()', 'F68', 'F22', 'F25', 'F105', 'F3-MappedClass', 'F3-Class'}
    F72  F25  F65  F68  ...  F77 F41 F126 F71-us@thomas-daily.de
1  2252  918  120  166  ...  470   9    1                      1
2  2252  918  120  166  ...  277   9    1                      1
3  2252  918  120  166  ...  417   9    1                      1

[3 rows x 30 columns]
;.;
        F72       F25  F65  ...       F41      F126  F71-us@thomas-daily.de
0  0.979123  0.926856  1.0  ...  0.026393  0.005076                     1.0
1  0.979123  0.926856  1.0  ...  0.026393  0.005076                     1.0
2  0.979123  0.926856  1.0  ...  0.026393  0.005076                     1.0

[3 rows x 30 columns]
training_x: (212, 30)
training_y: 212
testset_x: (35, 30)
testset_y: 35
              precision    recall  f1-score   support

           1       1.00      1.00      1.00        35

    accuracy                           1.00        35
   macro avg       1.00      1.00      1.00        35
weighted avg       1.00      1.00      1.00        35

accuracy: 1.0
[1.]
@@@ LIME - Creating explainer
@@@ LIME - Random Sampling of Instances
iter: 0, sample_no: 4, actual label: 1, predicted: 1
iter: 1, sample_no: 1, actual label: 1, predicted: 1
iter: 2, sample_no: 27, actual label: 1, predicted: 1
iter: 3, sample_no: 33, actual label: 1, predicted: 1
iter: 4, sample_no: 19, actual label: 1, predicted: 1
iter: 5, sample_no: 0, actual label: 1, predicted: 1
iter: 6, sample_no: 7, actual label: 1, predicted: 1
iter: 7, sample_no: 9, actual label: 1, predicted: 1
iter: 8, sample_no: 6, actual label: 1, predicted: 1
iter: 9, sample_no: 20, actual label: 1, predicted: 1
iter: 10, sample_no: 24, actual label: 1, predicted: 1
iter: 11, sample_no: 6, actual label: 1, predicted: 1
iter: 12, sample_no: 19, actual label: 1, predicted: 1
iter: 13, sample_no: 9, actual label: 1, predicted: 1
iter: 14, sample_no: 0, actual label: 1, predicted: 1
iter: 15, sample_no: 22, actual label: 1, predicted: 1
iter: 16, sample_no: 25, actual label: 1, predicted: 1
iter: 17, sample_no: 19, actual label: 1, predicted: 1
iter: 18, sample_no: 1, actual label: 1, predicted: 1
iter: 19, sample_no: 5, actual label: 1, predicted: 1
iter: 20, sample_no: 14, actual label: 1, predicted: 1
iter: 21, sample_no: 18, actual label: 1, predicted: 1
iter: 22, sample_no: 12, actual label: 1, predicted: 1
iter: 23, sample_no: 26, actual label: 1, predicted: 1
iter: 24, sample_no: 14, actual label: 1, predicted: 1
number of samples: 35
AUC nan
pos_get 35
total recall stop_at 1
Traceback (most recent call last):
  File "/home/leona/Masters/ES/SA_retrospective/src/baseline.py", line 217, in <module>
    rate, auc, f1_pos, tn, fp, fn, tp = main(path, stop_at=stopat_id,
                                        ^^^^^^^^^^^^^^^^^^^^^^^^^^^^^
  File "/home/leona/Masters/ES/SA_retrospective/src/baseline.py", line 174, in main
    return rate[stop], auc, f1_score_pos, tn, fp, fn, tp
                                              ^^
UnboundLocalError: cannot access local variable 'fp' where it is not associated with a value
