@@@ A - classifier: DummyClassifier(constant=1, strategy='constant')
@@@ B - threshold stop at: 1
@@@ C - Repeat number: 1
@@@ D - common_header:  {'F71-o.v.nenashev@gmail.com', 'F3-File', 'F71-daniel-beck@github.com', 'F72', 'F116', 'F3-Level', 'category', 'F15-NA', 'F3-null', 'F123', 'F71-stephen.alan.connolly@gmail.com', 'F71-jglick@71c3de6d-444a-0410-be80-ed276b4c234a', 'F3-Class', 'F71-s.sogabe@gmail.com', 'F71-nicolas.deloof@gmail.com', 'F3-byte[]', 'F41', 'F15-public', 'F71-kutzi@gmx.de', 'F105', 'F3-ANTLRHashString', 'F71-kohsuke@71c3de6d-444a-0410-be80-ed276b4c234a', 'F101', 'F65', 'F3-int', 'F117', 'F120', 'F3-Object[]', 'F71-jglick@cloudbees.com', 'F110', 'F104', 'F15-private', 'F15-protected', 'F3-TaskListener', 'F115', 'F22', 'F3-String', 'F3-NA', 'F126', 'F71-dhoover@google.com', 'F3-long', 'F71-kk@kohsuke.org', 'F71-mindless@71c3de6d-444a-0410-be80-ed276b4c234a', 'F77', 'F71-nigel.magnay@gmail.com', 'F25', 'F3-Integer', 'F68', 'F3-InputStream', 'F71-ogondza@redhat.com'}
     F72   F25  ... F71-kk@kohsuke.org F71-nigel.magnay@gmail.com
1  25951  3191  ...                  1                          1
2  25951  3191  ...                  1                          1
3  25951  3191  ...                  1                          1

[3 rows x 49 columns]
;.;
   F72  F25  ...  F71-kk@kohsuke.org  F71-nigel.magnay@gmail.com
0  1.0  1.0  ...                 1.0                         1.0
1  1.0  1.0  ...                 1.0                         1.0
2  1.0  1.0  ...                 1.0                         1.0

[3 rows x 49 columns]
training_x: (822, 49)
training_y: 822
testset_x: (23, 49)
testset_y: 23
              precision    recall  f1-score   support

           0       0.00      0.00      0.00        13
           1       0.43      1.00      0.61        10

    accuracy                           0.43        23
   macro avg       0.22      0.50      0.30        23
weighted avg       0.19      0.43      0.26        23

accuracy: 0.43478260869565216
0.6060606060606061
@@@ tn: 0, fp: 13, fn: 0, tp: 10
@@@ LIME - Creating explainer
@@@ LIME - Random Sampling of Instances
iter: 0, sample_no: 4, actual label: 0, predicted: 1
iter: 1, sample_no: 7, actual label: 1, predicted: 1
iter: 2, sample_no: 20, actual label: 0, predicted: 1
iter: 3, sample_no: 4, actual label: 0, predicted: 1
iter: 4, sample_no: 8, actual label: 0, predicted: 1
iter: 5, sample_no: 8, actual label: 0, predicted: 1
iter: 6, sample_no: 14, actual label: 1, predicted: 1
iter: 7, sample_no: 11, actual label: 0, predicted: 1
iter: 8, sample_no: 2, actual label: 1, predicted: 1
iter: 9, sample_no: 6, actual label: 0, predicted: 1
iter: 10, sample_no: 9, actual label: 1, predicted: 1
iter: 11, sample_no: 14, actual label: 1, predicted: 1
iter: 12, sample_no: 21, actual label: 0, predicted: 1
iter: 13, sample_no: 21, actual label: 0, predicted: 1
iter: 14, sample_no: 1, actual label: 1, predicted: 1
iter: 15, sample_no: 17, actual label: 0, predicted: 1
iter: 16, sample_no: 22, actual label: 1, predicted: 1
iter: 17, sample_no: 18, actual label: 1, predicted: 1
iter: 18, sample_no: 14, actual label: 1, predicted: 1
iter: 19, sample_no: 16, actual label: 0, predicted: 1
iter: 20, sample_no: 0, actual label: 0, predicted: 1
iter: 21, sample_no: 19, actual label: 1, predicted: 1
iter: 22, sample_no: 4, actual label: 0, predicted: 1
iter: 23, sample_no: 6, actual label: 0, predicted: 1
iter: 24, sample_no: 16, actual label: 0, predicted: 1
number of samples: 23
AUC 0.5
pos_get 10
total recall stop_at 1
@@@ C - Repeat number: 2
@@@ D - common_header:  {'F71-o.v.nenashev@gmail.com', 'F3-File', 'F71-daniel-beck@github.com', 'F72', 'F116', 'F3-Level', 'category', 'F15-NA', 'F3-null', 'F123', 'F71-stephen.alan.connolly@gmail.com', 'F71-jglick@71c3de6d-444a-0410-be80-ed276b4c234a', 'F3-Class', 'F71-s.sogabe@gmail.com', 'F71-nicolas.deloof@gmail.com', 'F3-byte[]', 'F41', 'F15-public', 'F71-kutzi@gmx.de', 'F105', 'F3-ANTLRHashString', 'F71-kohsuke@71c3de6d-444a-0410-be80-ed276b4c234a', 'F101', 'F65', 'F3-int', 'F117', 'F120', 'F3-Object[]', 'F71-jglick@cloudbees.com', 'F110', 'F104', 'F15-private', 'F15-protected', 'F3-TaskListener', 'F115', 'F22', 'F3-String', 'F3-NA', 'F126', 'F71-dhoover@google.com', 'F3-long', 'F71-kk@kohsuke.org', 'F71-mindless@71c3de6d-444a-0410-be80-ed276b4c234a', 'F77', 'F71-nigel.magnay@gmail.com', 'F25', 'F3-Integer', 'F68', 'F3-InputStream', 'F71-ogondza@redhat.com'}
     F72   F25  ... F71-kk@kohsuke.org F71-nigel.magnay@gmail.com
1  25951  3191  ...                  1                          1
2  25951  3191  ...                  1                          1
3  25951  3191  ...                  1                          1

[3 rows x 49 columns]
;.;
   F72  F25  ...  F71-kk@kohsuke.org  F71-nigel.magnay@gmail.com
0  1.0  1.0  ...                 1.0                         1.0
1  1.0  1.0  ...                 1.0                         1.0
2  1.0  1.0  ...                 1.0                         1.0

[3 rows x 49 columns]
training_x: (822, 49)
training_y: 822
testset_x: (23, 49)
testset_y: 23
              precision    recall  f1-score   support

           0       0.00      0.00      0.00        13
           1       0.43      1.00      0.61        10

    accuracy                           0.43        23
   macro avg       0.22      0.50      0.30        23
weighted avg       0.19      0.43      0.26        23

accuracy: 0.43478260869565216
0.6060606060606061
@@@ tn: 0, fp: 13, fn: 0, tp: 10
@@@ LIME - Creating explainer
@@@ LIME - Random Sampling of Instances
iter: 0, sample_no: 20, actual label: 0, predicted: 1
iter: 1, sample_no: 0, actual label: 0, predicted: 1
iter: 2, sample_no: 0, actual label: 0, predicted: 1
iter: 3, sample_no: 16, actual label: 0, predicted: 1
iter: 4, sample_no: 3, actual label: 0, predicted: 1
iter: 5, sample_no: 20, actual label: 0, predicted: 1
iter: 6, sample_no: 0, actual label: 0, predicted: 1
iter: 7, sample_no: 19, actual label: 1, predicted: 1
iter: 8, sample_no: 13, actual label: 0, predicted: 1
iter: 9, sample_no: 15, actual label: 1, predicted: 1
iter: 10, sample_no: 20, actual label: 0, predicted: 1
iter: 11, sample_no: 6, actual label: 0, predicted: 1
iter: 12, sample_no: 4, actual label: 0, predicted: 1
iter: 13, sample_no: 13, actual label: 0, predicted: 1
iter: 14, sample_no: 11, actual label: 0, predicted: 1
iter: 15, sample_no: 13, actual label: 0, predicted: 1
iter: 16, sample_no: 11, actual label: 0, predicted: 1
iter: 17, sample_no: 6, actual label: 0, predicted: 1
iter: 18, sample_no: 22, actual label: 1, predicted: 1
iter: 19, sample_no: 19, actual label: 1, predicted: 1
iter: 20, sample_no: 12, actual label: 0, predicted: 1
iter: 21, sample_no: 2, actual label: 1, predicted: 1
iter: 22, sample_no: 12, actual label: 0, predicted: 1
iter: 23, sample_no: 16, actual label: 0, predicted: 1
iter: 24, sample_no: 5, actual label: 1, predicted: 1
number of samples: 23
AUC 0.5
pos_get 10
total recall stop_at 1
@@@ C - Repeat number: 3
@@@ D - common_header:  {'F71-o.v.nenashev@gmail.com', 'F3-File', 'F71-daniel-beck@github.com', 'F72', 'F116', 'F3-Level', 'category', 'F15-NA', 'F3-null', 'F123', 'F71-stephen.alan.connolly@gmail.com', 'F71-jglick@71c3de6d-444a-0410-be80-ed276b4c234a', 'F3-Class', 'F71-s.sogabe@gmail.com', 'F71-nicolas.deloof@gmail.com', 'F3-byte[]', 'F41', 'F15-public', 'F71-kutzi@gmx.de', 'F105', 'F3-ANTLRHashString', 'F71-kohsuke@71c3de6d-444a-0410-be80-ed276b4c234a', 'F101', 'F65', 'F3-int', 'F117', 'F120', 'F3-Object[]', 'F71-jglick@cloudbees.com', 'F110', 'F104', 'F15-private', 'F15-protected', 'F3-TaskListener', 'F115', 'F22', 'F3-String', 'F3-NA', 'F126', 'F71-dhoover@google.com', 'F3-long', 'F71-kk@kohsuke.org', 'F71-mindless@71c3de6d-444a-0410-be80-ed276b4c234a', 'F77', 'F71-nigel.magnay@gmail.com', 'F25', 'F3-Integer', 'F68', 'F3-InputStream', 'F71-ogondza@redhat.com'}
     F72   F25  ... F71-kk@kohsuke.org F71-nigel.magnay@gmail.com
1  25951  3191  ...                  1                          1
2  25951  3191  ...                  1                          1
3  25951  3191  ...                  1                          1

[3 rows x 49 columns]
;.;
   F72  F25  ...  F71-kk@kohsuke.org  F71-nigel.magnay@gmail.com
0  1.0  1.0  ...                 1.0                         1.0
1  1.0  1.0  ...                 1.0                         1.0
2  1.0  1.0  ...                 1.0                         1.0

[3 rows x 49 columns]
training_x: (822, 49)
training_y: 822
testset_x: (23, 49)
testset_y: 23
              precision    recall  f1-score   support

           0       0.00      0.00      0.00        13
           1       0.43      1.00      0.61        10

    accuracy                           0.43        23
   macro avg       0.22      0.50      0.30        23
weighted avg       0.19      0.43      0.26        23

accuracy: 0.43478260869565216
0.6060606060606061
@@@ tn: 0, fp: 13, fn: 0, tp: 10
@@@ LIME - Creating explainer
@@@ LIME - Random Sampling of Instances
iter: 0, sample_no: 11, actual label: 0, predicted: 1
iter: 1, sample_no: 11, actual label: 0, predicted: 1
iter: 2, sample_no: 6, actual label: 0, predicted: 1
iter: 3, sample_no: 13, actual label: 0, predicted: 1
iter: 4, sample_no: 2, actual label: 1, predicted: 1
iter: 5, sample_no: 18, actual label: 1, predicted: 1
iter: 6, sample_no: 8, actual label: 0, predicted: 1
iter: 7, sample_no: 7, actual label: 1, predicted: 1
iter: 8, sample_no: 15, actual label: 1, predicted: 1
iter: 9, sample_no: 5, actual label: 1, predicted: 1
iter: 10, sample_no: 8, actual label: 0, predicted: 1
iter: 11, sample_no: 14, actual label: 1, predicted: 1
iter: 12, sample_no: 15, actual label: 1, predicted: 1
iter: 13, sample_no: 5, actual label: 1, predicted: 1
iter: 14, sample_no: 15, actual label: 1, predicted: 1
iter: 15, sample_no: 7, actual label: 1, predicted: 1
iter: 16, sample_no: 7, actual label: 1, predicted: 1
iter: 17, sample_no: 11, actual label: 0, predicted: 1
iter: 18, sample_no: 7, actual label: 1, predicted: 1
iter: 19, sample_no: 13, actual label: 0, predicted: 1
iter: 20, sample_no: 10, actual label: 0, predicted: 1
iter: 21, sample_no: 21, actual label: 0, predicted: 1
iter: 22, sample_no: 22, actual label: 1, predicted: 1
iter: 23, sample_no: 15, actual label: 1, predicted: 1
iter: 24, sample_no: 1, actual label: 1, predicted: 1
number of samples: 23
AUC 0.5
pos_get 10
total recall stop_at 1
@@@ C - Repeat number: 4
@@@ D - common_header:  {'F71-o.v.nenashev@gmail.com', 'F3-File', 'F71-daniel-beck@github.com', 'F72', 'F116', 'F3-Level', 'category', 'F15-NA', 'F3-null', 'F123', 'F71-stephen.alan.connolly@gmail.com', 'F71-jglick@71c3de6d-444a-0410-be80-ed276b4c234a', 'F3-Class', 'F71-s.sogabe@gmail.com', 'F71-nicolas.deloof@gmail.com', 'F3-byte[]', 'F41', 'F15-public', 'F71-kutzi@gmx.de', 'F105', 'F3-ANTLRHashString', 'F71-kohsuke@71c3de6d-444a-0410-be80-ed276b4c234a', 'F101', 'F65', 'F3-int', 'F117', 'F120', 'F3-Object[]', 'F71-jglick@cloudbees.com', 'F110', 'F104', 'F15-private', 'F15-protected', 'F3-TaskListener', 'F115', 'F22', 'F3-String', 'F3-NA', 'F126', 'F71-dhoover@google.com', 'F3-long', 'F71-kk@kohsuke.org', 'F71-mindless@71c3de6d-444a-0410-be80-ed276b4c234a', 'F77', 'F71-nigel.magnay@gmail.com', 'F25', 'F3-Integer', 'F68', 'F3-InputStream', 'F71-ogondza@redhat.com'}
     F72   F25  ... F71-kk@kohsuke.org F71-nigel.magnay@gmail.com
1  25951  3191  ...                  1                          1
2  25951  3191  ...                  1                          1
3  25951  3191  ...                  1                          1

[3 rows x 49 columns]
;.;
   F72  F25  ...  F71-kk@kohsuke.org  F71-nigel.magnay@gmail.com
0  1.0  1.0  ...                 1.0                         1.0
1  1.0  1.0  ...                 1.0                         1.0
2  1.0  1.0  ...                 1.0                         1.0

[3 rows x 49 columns]
training_x: (822, 49)
training_y: 822
testset_x: (23, 49)
testset_y: 23
              precision    recall  f1-score   support

           0       0.00      0.00      0.00        13
           1       0.43      1.00      0.61        10

    accuracy                           0.43        23
   macro avg       0.22      0.50      0.30        23
weighted avg       0.19      0.43      0.26        23

accuracy: 0.43478260869565216
0.6060606060606061
@@@ tn: 0, fp: 13, fn: 0, tp: 10
@@@ LIME - Creating explainer
@@@ LIME - Random Sampling of Instances
iter: 0, sample_no: 5, actual label: 1, predicted: 1
iter: 1, sample_no: 0, actual label: 0, predicted: 1
iter: 2, sample_no: 17, actual label: 0, predicted: 1
iter: 3, sample_no: 13, actual label: 0, predicted: 1
iter: 4, sample_no: 10, actual label: 0, predicted: 1
iter: 5, sample_no: 15, actual label: 1, predicted: 1
iter: 6, sample_no: 18, actual label: 1, predicted: 1
iter: 7, sample_no: 0, actual label: 0, predicted: 1
iter: 8, sample_no: 2, actual label: 1, predicted: 1
iter: 9, sample_no: 18, actual label: 1, predicted: 1
iter: 10, sample_no: 14, actual label: 1, predicted: 1
iter: 11, sample_no: 6, actual label: 0, predicted: 1
iter: 12, sample_no: 22, actual label: 1, predicted: 1
iter: 13, sample_no: 6, actual label: 0, predicted: 1
iter: 14, sample_no: 21, actual label: 0, predicted: 1
iter: 15, sample_no: 10, actual label: 0, predicted: 1
iter: 16, sample_no: 5, actual label: 1, predicted: 1
iter: 17, sample_no: 3, actual label: 0, predicted: 1
iter: 18, sample_no: 8, actual label: 0, predicted: 1
iter: 19, sample_no: 8, actual label: 0, predicted: 1
iter: 20, sample_no: 7, actual label: 1, predicted: 1
iter: 21, sample_no: 20, actual label: 0, predicted: 1
iter: 22, sample_no: 14, actual label: 1, predicted: 1
iter: 23, sample_no: 20, actual label: 0, predicted: 1
iter: 24, sample_no: 21, actual label: 0, predicted: 1
number of samples: 23
AUC 0.5
pos_get 10
total recall stop_at 1
@@@ C - Repeat number: 5
@@@ D - common_header:  {'F71-o.v.nenashev@gmail.com', 'F3-File', 'F71-daniel-beck@github.com', 'F72', 'F116', 'F3-Level', 'category', 'F15-NA', 'F3-null', 'F123', 'F71-stephen.alan.connolly@gmail.com', 'F71-jglick@71c3de6d-444a-0410-be80-ed276b4c234a', 'F3-Class', 'F71-s.sogabe@gmail.com', 'F71-nicolas.deloof@gmail.com', 'F3-byte[]', 'F41', 'F15-public', 'F71-kutzi@gmx.de', 'F105', 'F3-ANTLRHashString', 'F71-kohsuke@71c3de6d-444a-0410-be80-ed276b4c234a', 'F101', 'F65', 'F3-int', 'F117', 'F120', 'F3-Object[]', 'F71-jglick@cloudbees.com', 'F110', 'F104', 'F15-private', 'F15-protected', 'F3-TaskListener', 'F115', 'F22', 'F3-String', 'F3-NA', 'F126', 'F71-dhoover@google.com', 'F3-long', 'F71-kk@kohsuke.org', 'F71-mindless@71c3de6d-444a-0410-be80-ed276b4c234a', 'F77', 'F71-nigel.magnay@gmail.com', 'F25', 'F3-Integer', 'F68', 'F3-InputStream', 'F71-ogondza@redhat.com'}
     F72   F25  ... F71-kk@kohsuke.org F71-nigel.magnay@gmail.com
1  25951  3191  ...                  1                          1
2  25951  3191  ...                  1                          1
3  25951  3191  ...                  1                          1

[3 rows x 49 columns]
;.;
   F72  F25  ...  F71-kk@kohsuke.org  F71-nigel.magnay@gmail.com
0  1.0  1.0  ...                 1.0                         1.0
1  1.0  1.0  ...                 1.0                         1.0
2  1.0  1.0  ...                 1.0                         1.0

[3 rows x 49 columns]
training_x: (822, 49)
training_y: 822
testset_x: (23, 49)
testset_y: 23
              precision    recall  f1-score   support

           0       0.00      0.00      0.00        13
           1       0.43      1.00      0.61        10

    accuracy                           0.43        23
   macro avg       0.22      0.50      0.30        23
weighted avg       0.19      0.43      0.26        23

accuracy: 0.43478260869565216
0.6060606060606061
@@@ tn: 0, fp: 13, fn: 0, tp: 10
@@@ LIME - Creating explainer
@@@ LIME - Random Sampling of Instances
iter: 0, sample_no: 7, actual label: 1, predicted: 1
iter: 1, sample_no: 3, actual label: 0, predicted: 1
iter: 2, sample_no: 7, actual label: 1, predicted: 1
iter: 3, sample_no: 1, actual label: 1, predicted: 1
iter: 4, sample_no: 3, actual label: 0, predicted: 1
iter: 5, sample_no: 10, actual label: 0, predicted: 1
iter: 6, sample_no: 19, actual label: 1, predicted: 1
iter: 7, sample_no: 7, actual label: 1, predicted: 1
iter: 8, sample_no: 20, actual label: 0, predicted: 1
iter: 9, sample_no: 2, actual label: 1, predicted: 1
iter: 10, sample_no: 11, actual label: 0, predicted: 1
iter: 11, sample_no: 15, actual label: 1, predicted: 1
iter: 12, sample_no: 12, actual label: 0, predicted: 1
iter: 13, sample_no: 10, actual label: 0, predicted: 1
iter: 14, sample_no: 13, actual label: 0, predicted: 1
iter: 15, sample_no: 15, actual label: 1, predicted: 1
iter: 16, sample_no: 17, actual label: 0, predicted: 1
iter: 17, sample_no: 10, actual label: 0, predicted: 1
iter: 18, sample_no: 12, actual label: 0, predicted: 1
iter: 19, sample_no: 14, actual label: 1, predicted: 1
iter: 20, sample_no: 19, actual label: 1, predicted: 1
iter: 21, sample_no: 4, actual label: 0, predicted: 1
iter: 22, sample_no: 4, actual label: 0, predicted: 1
iter: 23, sample_no: 7, actual label: 1, predicted: 1
iter: 24, sample_no: 21, actual label: 0, predicted: 1
number of samples: 23
AUC 0.5
pos_get 10
total recall stop_at 1
@@@ C - Repeat number: 6
@@@ D - common_header:  {'F71-o.v.nenashev@gmail.com', 'F3-File', 'F71-daniel-beck@github.com', 'F72', 'F116', 'F3-Level', 'category', 'F15-NA', 'F3-null', 'F123', 'F71-stephen.alan.connolly@gmail.com', 'F71-jglick@71c3de6d-444a-0410-be80-ed276b4c234a', 'F3-Class', 'F71-s.sogabe@gmail.com', 'F71-nicolas.deloof@gmail.com', 'F3-byte[]', 'F41', 'F15-public', 'F71-kutzi@gmx.de', 'F105', 'F3-ANTLRHashString', 'F71-kohsuke@71c3de6d-444a-0410-be80-ed276b4c234a', 'F101', 'F65', 'F3-int', 'F117', 'F120', 'F3-Object[]', 'F71-jglick@cloudbees.com', 'F110', 'F104', 'F15-private', 'F15-protected', 'F3-TaskListener', 'F115', 'F22', 'F3-String', 'F3-NA', 'F126', 'F71-dhoover@google.com', 'F3-long', 'F71-kk@kohsuke.org', 'F71-mindless@71c3de6d-444a-0410-be80-ed276b4c234a', 'F77', 'F71-nigel.magnay@gmail.com', 'F25', 'F3-Integer', 'F68', 'F3-InputStream', 'F71-ogondza@redhat.com'}
     F72   F25  ... F71-kk@kohsuke.org F71-nigel.magnay@gmail.com
1  25951  3191  ...                  1                          1
2  25951  3191  ...                  1                          1
3  25951  3191  ...                  1                          1

[3 rows x 49 columns]
;.;
   F72  F25  ...  F71-kk@kohsuke.org  F71-nigel.magnay@gmail.com
0  1.0  1.0  ...                 1.0                         1.0
1  1.0  1.0  ...                 1.0                         1.0
2  1.0  1.0  ...                 1.0                         1.0

[3 rows x 49 columns]
training_x: (822, 49)
training_y: 822
testset_x: (23, 49)
testset_y: 23
              precision    recall  f1-score   support

           0       0.00      0.00      0.00        13
           1       0.43      1.00      0.61        10

    accuracy                           0.43        23
   macro avg       0.22      0.50      0.30        23
weighted avg       0.19      0.43      0.26        23

accuracy: 0.43478260869565216
0.6060606060606061
@@@ tn: 0, fp: 13, fn: 0, tp: 10
@@@ LIME - Creating explainer
@@@ LIME - Random Sampling of Instances
iter: 0, sample_no: 0, actual label: 0, predicted: 1
iter: 1, sample_no: 7, actual label: 1, predicted: 1
iter: 2, sample_no: 11, actual label: 0, predicted: 1
iter: 3, sample_no: 18, actual label: 1, predicted: 1
iter: 4, sample_no: 0, actual label: 0, predicted: 1
iter: 5, sample_no: 5, actual label: 1, predicted: 1
iter: 6, sample_no: 20, actual label: 0, predicted: 1
iter: 7, sample_no: 6, actual label: 0, predicted: 1
iter: 8, sample_no: 17, actual label: 0, predicted: 1
iter: 9, sample_no: 12, actual label: 0, predicted: 1
iter: 10, sample_no: 2, actual label: 1, predicted: 1
iter: 11, sample_no: 10, actual label: 0, predicted: 1
iter: 12, sample_no: 18, actual label: 1, predicted: 1
iter: 13, sample_no: 16, actual label: 0, predicted: 1
iter: 14, sample_no: 11, actual label: 0, predicted: 1
iter: 15, sample_no: 7, actual label: 1, predicted: 1
iter: 16, sample_no: 2, actual label: 1, predicted: 1
iter: 17, sample_no: 17, actual label: 0, predicted: 1
iter: 18, sample_no: 20, actual label: 0, predicted: 1
iter: 19, sample_no: 13, actual label: 0, predicted: 1
iter: 20, sample_no: 7, actual label: 1, predicted: 1
iter: 21, sample_no: 12, actual label: 0, predicted: 1
iter: 22, sample_no: 11, actual label: 0, predicted: 1
iter: 23, sample_no: 3, actual label: 0, predicted: 1
iter: 24, sample_no: 6, actual label: 0, predicted: 1
number of samples: 23
AUC 0.5
pos_get 10
total recall stop_at 1
@@@ C - Repeat number: 7
@@@ D - common_header:  {'F71-o.v.nenashev@gmail.com', 'F3-File', 'F71-daniel-beck@github.com', 'F72', 'F116', 'F3-Level', 'category', 'F15-NA', 'F3-null', 'F123', 'F71-stephen.alan.connolly@gmail.com', 'F71-jglick@71c3de6d-444a-0410-be80-ed276b4c234a', 'F3-Class', 'F71-s.sogabe@gmail.com', 'F71-nicolas.deloof@gmail.com', 'F3-byte[]', 'F41', 'F15-public', 'F71-kutzi@gmx.de', 'F105', 'F3-ANTLRHashString', 'F71-kohsuke@71c3de6d-444a-0410-be80-ed276b4c234a', 'F101', 'F65', 'F3-int', 'F117', 'F120', 'F3-Object[]', 'F71-jglick@cloudbees.com', 'F110', 'F104', 'F15-private', 'F15-protected', 'F3-TaskListener', 'F115', 'F22', 'F3-String', 'F3-NA', 'F126', 'F71-dhoover@google.com', 'F3-long', 'F71-kk@kohsuke.org', 'F71-mindless@71c3de6d-444a-0410-be80-ed276b4c234a', 'F77', 'F71-nigel.magnay@gmail.com', 'F25', 'F3-Integer', 'F68', 'F3-InputStream', 'F71-ogondza@redhat.com'}
     F72   F25  ... F71-kk@kohsuke.org F71-nigel.magnay@gmail.com
1  25951  3191  ...                  1                          1
2  25951  3191  ...                  1                          1
3  25951  3191  ...                  1                          1

[3 rows x 49 columns]
;.;
   F72  F25  ...  F71-kk@kohsuke.org  F71-nigel.magnay@gmail.com
0  1.0  1.0  ...                 1.0                         1.0
1  1.0  1.0  ...                 1.0                         1.0
2  1.0  1.0  ...                 1.0                         1.0

[3 rows x 49 columns]
training_x: (822, 49)
training_y: 822
testset_x: (23, 49)
testset_y: 23
              precision    recall  f1-score   support

           0       0.00      0.00      0.00        13
           1       0.43      1.00      0.61        10

    accuracy                           0.43        23
   macro avg       0.22      0.50      0.30        23
weighted avg       0.19      0.43      0.26        23

accuracy: 0.43478260869565216
0.6060606060606061
@@@ tn: 0, fp: 13, fn: 0, tp: 10
@@@ LIME - Creating explainer
@@@ LIME - Random Sampling of Instances
iter: 0, sample_no: 10, actual label: 0, predicted: 1
iter: 1, sample_no: 4, actual label: 0, predicted: 1
iter: 2, sample_no: 21, actual label: 0, predicted: 1
iter: 3, sample_no: 21, actual label: 0, predicted: 1
iter: 4, sample_no: 5, actual label: 1, predicted: 1
iter: 5, sample_no: 12, actual label: 0, predicted: 1
iter: 6, sample_no: 15, actual label: 1, predicted: 1
iter: 7, sample_no: 18, actual label: 1, predicted: 1
iter: 8, sample_no: 3, actual label: 0, predicted: 1
iter: 9, sample_no: 0, actual label: 0, predicted: 1
iter: 10, sample_no: 18, actual label: 1, predicted: 1
iter: 11, sample_no: 2, actual label: 1, predicted: 1
iter: 12, sample_no: 1, actual label: 1, predicted: 1
iter: 13, sample_no: 4, actual label: 0, predicted: 1
iter: 14, sample_no: 21, actual label: 0, predicted: 1
iter: 15, sample_no: 13, actual label: 0, predicted: 1
iter: 16, sample_no: 2, actual label: 1, predicted: 1
iter: 17, sample_no: 5, actual label: 1, predicted: 1
iter: 18, sample_no: 11, actual label: 0, predicted: 1
iter: 19, sample_no: 14, actual label: 1, predicted: 1
iter: 20, sample_no: 13, actual label: 0, predicted: 1
iter: 21, sample_no: 22, actual label: 1, predicted: 1
iter: 22, sample_no: 20, actual label: 0, predicted: 1
iter: 23, sample_no: 16, actual label: 0, predicted: 1
iter: 24, sample_no: 19, actual label: 1, predicted: 1
number of samples: 23
AUC 0.5
pos_get 10
total recall stop_at 1
@@@ C - Repeat number: 8
@@@ D - common_header:  {'F71-o.v.nenashev@gmail.com', 'F3-File', 'F71-daniel-beck@github.com', 'F72', 'F116', 'F3-Level', 'category', 'F15-NA', 'F3-null', 'F123', 'F71-stephen.alan.connolly@gmail.com', 'F71-jglick@71c3de6d-444a-0410-be80-ed276b4c234a', 'F3-Class', 'F71-s.sogabe@gmail.com', 'F71-nicolas.deloof@gmail.com', 'F3-byte[]', 'F41', 'F15-public', 'F71-kutzi@gmx.de', 'F105', 'F3-ANTLRHashString', 'F71-kohsuke@71c3de6d-444a-0410-be80-ed276b4c234a', 'F101', 'F65', 'F3-int', 'F117', 'F120', 'F3-Object[]', 'F71-jglick@cloudbees.com', 'F110', 'F104', 'F15-private', 'F15-protected', 'F3-TaskListener', 'F115', 'F22', 'F3-String', 'F3-NA', 'F126', 'F71-dhoover@google.com', 'F3-long', 'F71-kk@kohsuke.org', 'F71-mindless@71c3de6d-444a-0410-be80-ed276b4c234a', 'F77', 'F71-nigel.magnay@gmail.com', 'F25', 'F3-Integer', 'F68', 'F3-InputStream', 'F71-ogondza@redhat.com'}
     F72   F25  ... F71-kk@kohsuke.org F71-nigel.magnay@gmail.com
1  25951  3191  ...                  1                          1
2  25951  3191  ...                  1                          1
3  25951  3191  ...                  1                          1

[3 rows x 49 columns]
;.;
   F72  F25  ...  F71-kk@kohsuke.org  F71-nigel.magnay@gmail.com
0  1.0  1.0  ...                 1.0                         1.0
1  1.0  1.0  ...                 1.0                         1.0
2  1.0  1.0  ...                 1.0                         1.0

[3 rows x 49 columns]
training_x: (822, 49)
training_y: 822
testset_x: (23, 49)
testset_y: 23
              precision    recall  f1-score   support

           0       0.00      0.00      0.00        13
           1       0.43      1.00      0.61        10

    accuracy                           0.43        23
   macro avg       0.22      0.50      0.30        23
weighted avg       0.19      0.43      0.26        23

accuracy: 0.43478260869565216
0.6060606060606061
@@@ tn: 0, fp: 13, fn: 0, tp: 10
@@@ LIME - Creating explainer
@@@ LIME - Random Sampling of Instances
iter: 0, sample_no: 16, actual label: 0, predicted: 1
iter: 1, sample_no: 11, actual label: 0, predicted: 1
iter: 2, sample_no: 19, actual label: 1, predicted: 1
iter: 3, sample_no: 6, actual label: 0, predicted: 1
iter: 4, sample_no: 8, actual label: 0, predicted: 1
iter: 5, sample_no: 6, actual label: 0, predicted: 1
iter: 6, sample_no: 14, actual label: 1, predicted: 1
iter: 7, sample_no: 22, actual label: 1, predicted: 1
iter: 8, sample_no: 1, actual label: 1, predicted: 1
iter: 9, sample_no: 8, actual label: 0, predicted: 1
iter: 10, sample_no: 7, actual label: 1, predicted: 1
iter: 11, sample_no: 0, actual label: 0, predicted: 1
iter: 12, sample_no: 9, actual label: 1, predicted: 1
iter: 13, sample_no: 6, actual label: 0, predicted: 1
iter: 14, sample_no: 6, actual label: 0, predicted: 1
iter: 15, sample_no: 17, actual label: 0, predicted: 1
iter: 16, sample_no: 22, actual label: 1, predicted: 1
iter: 17, sample_no: 11, actual label: 0, predicted: 1
iter: 18, sample_no: 19, actual label: 1, predicted: 1
iter: 19, sample_no: 2, actual label: 1, predicted: 1
iter: 20, sample_no: 15, actual label: 1, predicted: 1
iter: 21, sample_no: 10, actual label: 0, predicted: 1
iter: 22, sample_no: 17, actual label: 0, predicted: 1
iter: 23, sample_no: 9, actual label: 1, predicted: 1
iter: 24, sample_no: 12, actual label: 0, predicted: 1
number of samples: 23
AUC 0.5
pos_get 10
total recall stop_at 1
@@@ C - Repeat number: 9
@@@ D - common_header:  {'F71-o.v.nenashev@gmail.com', 'F3-File', 'F71-daniel-beck@github.com', 'F72', 'F116', 'F3-Level', 'category', 'F15-NA', 'F3-null', 'F123', 'F71-stephen.alan.connolly@gmail.com', 'F71-jglick@71c3de6d-444a-0410-be80-ed276b4c234a', 'F3-Class', 'F71-s.sogabe@gmail.com', 'F71-nicolas.deloof@gmail.com', 'F3-byte[]', 'F41', 'F15-public', 'F71-kutzi@gmx.de', 'F105', 'F3-ANTLRHashString', 'F71-kohsuke@71c3de6d-444a-0410-be80-ed276b4c234a', 'F101', 'F65', 'F3-int', 'F117', 'F120', 'F3-Object[]', 'F71-jglick@cloudbees.com', 'F110', 'F104', 'F15-private', 'F15-protected', 'F3-TaskListener', 'F115', 'F22', 'F3-String', 'F3-NA', 'F126', 'F71-dhoover@google.com', 'F3-long', 'F71-kk@kohsuke.org', 'F71-mindless@71c3de6d-444a-0410-be80-ed276b4c234a', 'F77', 'F71-nigel.magnay@gmail.com', 'F25', 'F3-Integer', 'F68', 'F3-InputStream', 'F71-ogondza@redhat.com'}
     F72   F25  ... F71-kk@kohsuke.org F71-nigel.magnay@gmail.com
1  25951  3191  ...                  1                          1
2  25951  3191  ...                  1                          1
3  25951  3191  ...                  1                          1

[3 rows x 49 columns]
;.;
   F72  F25  ...  F71-kk@kohsuke.org  F71-nigel.magnay@gmail.com
0  1.0  1.0  ...                 1.0                         1.0
1  1.0  1.0  ...                 1.0                         1.0
2  1.0  1.0  ...                 1.0                         1.0

[3 rows x 49 columns]
training_x: (822, 49)
training_y: 822
testset_x: (23, 49)
testset_y: 23
              precision    recall  f1-score   support

           0       0.00      0.00      0.00        13
           1       0.43      1.00      0.61        10

    accuracy                           0.43        23
   macro avg       0.22      0.50      0.30        23
weighted avg       0.19      0.43      0.26        23

accuracy: 0.43478260869565216
0.6060606060606061
@@@ tn: 0, fp: 13, fn: 0, tp: 10
@@@ LIME - Creating explainer
@@@ LIME - Random Sampling of Instances
iter: 0, sample_no: 5, actual label: 1, predicted: 1
iter: 1, sample_no: 6, actual label: 0, predicted: 1
iter: 2, sample_no: 4, actual label: 0, predicted: 1
iter: 3, sample_no: 10, actual label: 0, predicted: 1
iter: 4, sample_no: 16, actual label: 0, predicted: 1
iter: 5, sample_no: 19, actual label: 1, predicted: 1
iter: 6, sample_no: 0, actual label: 0, predicted: 1
iter: 7, sample_no: 12, actual label: 0, predicted: 1
iter: 8, sample_no: 18, actual label: 1, predicted: 1
iter: 9, sample_no: 12, actual label: 0, predicted: 1
iter: 10, sample_no: 0, actual label: 0, predicted: 1
iter: 11, sample_no: 12, actual label: 0, predicted: 1
iter: 12, sample_no: 12, actual label: 0, predicted: 1
iter: 13, sample_no: 16, actual label: 0, predicted: 1
iter: 14, sample_no: 11, actual label: 0, predicted: 1
iter: 15, sample_no: 13, actual label: 0, predicted: 1
iter: 16, sample_no: 8, actual label: 0, predicted: 1
iter: 17, sample_no: 10, actual label: 0, predicted: 1
iter: 18, sample_no: 17, actual label: 0, predicted: 1
iter: 19, sample_no: 7, actual label: 1, predicted: 1
iter: 20, sample_no: 0, actual label: 0, predicted: 1
iter: 21, sample_no: 3, actual label: 0, predicted: 1
iter: 22, sample_no: 9, actual label: 1, predicted: 1
iter: 23, sample_no: 2, actual label: 1, predicted: 1
iter: 24, sample_no: 6, actual label: 0, predicted: 1
number of samples: 23
AUC 0.5
pos_get 10
total recall stop_at 1
@@@ C - Repeat number: 10
@@@ D - common_header:  {'F71-o.v.nenashev@gmail.com', 'F3-File', 'F71-daniel-beck@github.com', 'F72', 'F116', 'F3-Level', 'category', 'F15-NA', 'F3-null', 'F123', 'F71-stephen.alan.connolly@gmail.com', 'F71-jglick@71c3de6d-444a-0410-be80-ed276b4c234a', 'F3-Class', 'F71-s.sogabe@gmail.com', 'F71-nicolas.deloof@gmail.com', 'F3-byte[]', 'F41', 'F15-public', 'F71-kutzi@gmx.de', 'F105', 'F3-ANTLRHashString', 'F71-kohsuke@71c3de6d-444a-0410-be80-ed276b4c234a', 'F101', 'F65', 'F3-int', 'F117', 'F120', 'F3-Object[]', 'F71-jglick@cloudbees.com', 'F110', 'F104', 'F15-private', 'F15-protected', 'F3-TaskListener', 'F115', 'F22', 'F3-String', 'F3-NA', 'F126', 'F71-dhoover@google.com', 'F3-long', 'F71-kk@kohsuke.org', 'F71-mindless@71c3de6d-444a-0410-be80-ed276b4c234a', 'F77', 'F71-nigel.magnay@gmail.com', 'F25', 'F3-Integer', 'F68', 'F3-InputStream', 'F71-ogondza@redhat.com'}
     F72   F25  ... F71-kk@kohsuke.org F71-nigel.magnay@gmail.com
1  25951  3191  ...                  1                          1
2  25951  3191  ...                  1                          1
3  25951  3191  ...                  1                          1

[3 rows x 49 columns]
;.;
   F72  F25  ...  F71-kk@kohsuke.org  F71-nigel.magnay@gmail.com
0  1.0  1.0  ...                 1.0                         1.0
1  1.0  1.0  ...                 1.0                         1.0
2  1.0  1.0  ...                 1.0                         1.0

[3 rows x 49 columns]
training_x: (822, 49)
training_y: 822
testset_x: (23, 49)
testset_y: 23
              precision    recall  f1-score   support

           0       0.00      0.00      0.00        13
           1       0.43      1.00      0.61        10

    accuracy                           0.43        23
   macro avg       0.22      0.50      0.30        23
weighted avg       0.19      0.43      0.26        23

accuracy: 0.43478260869565216
0.6060606060606061
@@@ tn: 0, fp: 13, fn: 0, tp: 10
@@@ LIME - Creating explainer
@@@ LIME - Random Sampling of Instances
iter: 0, sample_no: 21, actual label: 0, predicted: 1
iter: 1, sample_no: 15, actual label: 1, predicted: 1
iter: 2, sample_no: 17, actual label: 0, predicted: 1
iter: 3, sample_no: 1, actual label: 1, predicted: 1
iter: 4, sample_no: 17, actual label: 0, predicted: 1
iter: 5, sample_no: 16, actual label: 0, predicted: 1
iter: 6, sample_no: 12, actual label: 0, predicted: 1
iter: 7, sample_no: 22, actual label: 1, predicted: 1
iter: 8, sample_no: 15, actual label: 1, predicted: 1
iter: 9, sample_no: 21, actual label: 0, predicted: 1
iter: 10, sample_no: 11, actual label: 0, predicted: 1
iter: 11, sample_no: 2, actual label: 1, predicted: 1
iter: 12, sample_no: 17, actual label: 0, predicted: 1
iter: 13, sample_no: 13, actual label: 0, predicted: 1
iter: 14, sample_no: 22, actual label: 1, predicted: 1
iter: 15, sample_no: 18, actual label: 1, predicted: 1
iter: 16, sample_no: 9, actual label: 1, predicted: 1
iter: 17, sample_no: 15, actual label: 1, predicted: 1
iter: 18, sample_no: 2, actual label: 1, predicted: 1
iter: 19, sample_no: 10, actual label: 0, predicted: 1
iter: 20, sample_no: 0, actual label: 0, predicted: 1
iter: 21, sample_no: 11, actual label: 0, predicted: 1
iter: 22, sample_no: 4, actual label: 0, predicted: 1
iter: 23, sample_no: 20, actual label: 0, predicted: 1
iter: 24, sample_no: 0, actual label: 0, predicted: 1
number of samples: 23
AUC 0.5
pos_get 10
total recall stop_at 1
----------threshold stop at----------: 1
AUC [0.5, 0.5, 0.5, 0.5, 0.5, 0.5, 0.5, 0.5, 0.5, 0.5]
AUC_median 0.5
AUC_iqr 0.0
cost [1, 1, 1, 1, 1, 1, 1, 1, 1, 1]
COST_med 1.0
COST_iqr 0.0
f1_pos_list [np.float64(0.6060606060606061), np.float64(0.6060606060606061), np.float64(0.6060606060606061), np.float64(0.6060606060606061), np.float64(0.6060606060606061), np.float64(0.6060606060606061), np.float64(0.6060606060606061), np.float64(0.6060606060606061), np.float64(0.6060606060606061), np.float64(0.6060606060606061)]
f1_pos_med 0.6060606060606061
total_tn 0
total_fp 130
total_fn 0
total_tp 100
p= 0.43478260869565216
r= 1.0
f= 0.6060606060606061
