@@@ A - classifier: DummyClassifier(constant=1, strategy='constant')
@@@ B - threshold stop at: 1
@@@ C - Repeat number: 1
@@@ D - common_header:  {'F3-Object', 'F41', 'F15-NA', 'F71-jeremy_a@apache.org', 'F120', 'F3-HashTree', 'F71-thads@apache.org', 'F71-woolfel@apache.org', 'F71-rjung@apache.org', 'F71-undera@apache.org', 'F22', 'F104', 'F3-TestElementProperty', 'F126', 'F71-pmouawad@apache.org', 'F15-protected', 'F3-InterleaveControl.IGNORE_SUB_CONTROLLERS', 'F71-oros@apache.org', 'F3-GenericController', 'F72', 'F3-CollectionProperty', 'F77', 'F3-int', 'F71-dims@apache.org', 'F71-sebb@apache.org', 'F71-mstover1@apache.org', 'F71-jsalvata@apache.org', 'F15-private', 'F116', 'F3-byte[]', 'F68', 'F3-NA', 'F65', 'F123', 'F3-boolean', 'F71-dev-null@apache.org', 'F71-mblankestijn@apache.org', 'category', 'F3-HttpRequestBase', 'F115', 'F3-long', 'F71-alf@apache.org', 'F71-pmouawad@unknown', 'F25', 'F71-fschumacher@apache.org', 'F15-public', 'F3-JMeterTreeNode', 'F71-seade@apache.org', 'F71-fschumacher@unknown', 'F71-milamber@apache.org', 'F101', 'F3-String', 'F3-StringProperty', 'F3-String[]', 'F3-Arguments', 'F110', 'F105', 'F117', 'F3-MenuIcon'}
     F72   F25  ... F71-undera@apache.org F71-pmouawad@unknown
1  11856  3757  ...                     0                    0
2  11856  3757  ...                     0                    0
3  11856  3757  ...                     0                    0

[3 rows x 58 columns]
;.;
        F72       F25  ...  F71-undera@apache.org  F71-pmouawad@unknown
0  0.825454  0.798343  ...                    0.0                   0.0
1  0.825454  0.798343  ...                    0.0                   0.0
2  0.825454  0.798343  ...                    0.0                   0.0

[3 rows x 58 columns]
training_x: (604, 58)
training_y: 604
testset_x: (13, 58)
testset_y: 13
              precision    recall  f1-score   support

           0       0.00      0.00      0.00        12
           1       0.08      1.00      0.14         1

    accuracy                           0.08        13
   macro avg       0.04      0.50      0.07        13
weighted avg       0.01      0.08      0.01        13

accuracy: 0.07692307692307693
0.14285714285714285
@@@ tn: 0, fp: 12, fn: 0, tp: 1
@@@ LIME - Creating explainer
@@@ LIME - Random Sampling of Instances
iter: 0, sample_no: 4, actual label: 0, predicted: 1
iter: 1, sample_no: 2, actual label: 0, predicted: 1
iter: 2, sample_no: 1, actual label: 0, predicted: 1
iter: 3, sample_no: 11, actual label: 0, predicted: 1
iter: 4, sample_no: 11, actual label: 0, predicted: 1
iter: 5, sample_no: 12, actual label: 0, predicted: 1
iter: 6, sample_no: 7, actual label: 0, predicted: 1
iter: 7, sample_no: 5, actual label: 0, predicted: 1
iter: 8, sample_no: 11, actual label: 0, predicted: 1
iter: 9, sample_no: 5, actual label: 0, predicted: 1
iter: 10, sample_no: 11, actual label: 0, predicted: 1
iter: 11, sample_no: 3, actual label: 0, predicted: 1
iter: 12, sample_no: 7, actual label: 0, predicted: 1
iter: 13, sample_no: 11, actual label: 0, predicted: 1
iter: 14, sample_no: 10, actual label: 0, predicted: 1
iter: 15, sample_no: 0, actual label: 0, predicted: 1
iter: 16, sample_no: 8, actual label: 1, predicted: 1
iter: 17, sample_no: 6, actual label: 0, predicted: 1
iter: 18, sample_no: 6, actual label: 0, predicted: 1
iter: 19, sample_no: 3, actual label: 0, predicted: 1
iter: 20, sample_no: 2, actual label: 0, predicted: 1
iter: 21, sample_no: 10, actual label: 0, predicted: 1
iter: 22, sample_no: 0, actual label: 0, predicted: 1
iter: 23, sample_no: 5, actual label: 0, predicted: 1
iter: 24, sample_no: 9, actual label: 0, predicted: 1
number of samples: 13
AUC 0.5
pos_get 1
total recall stop_at 1.0
@@@ C - Repeat number: 2
@@@ D - common_header:  {'F3-Object', 'F41', 'F15-NA', 'F71-jeremy_a@apache.org', 'F120', 'F3-HashTree', 'F71-thads@apache.org', 'F71-woolfel@apache.org', 'F71-rjung@apache.org', 'F71-undera@apache.org', 'F22', 'F104', 'F3-TestElementProperty', 'F126', 'F71-pmouawad@apache.org', 'F15-protected', 'F3-InterleaveControl.IGNORE_SUB_CONTROLLERS', 'F71-oros@apache.org', 'F3-GenericController', 'F72', 'F3-CollectionProperty', 'F77', 'F3-int', 'F71-dims@apache.org', 'F71-sebb@apache.org', 'F71-mstover1@apache.org', 'F71-jsalvata@apache.org', 'F15-private', 'F116', 'F3-byte[]', 'F68', 'F3-NA', 'F65', 'F123', 'F3-boolean', 'F71-dev-null@apache.org', 'F71-mblankestijn@apache.org', 'category', 'F3-HttpRequestBase', 'F115', 'F3-long', 'F71-alf@apache.org', 'F71-pmouawad@unknown', 'F25', 'F71-fschumacher@apache.org', 'F15-public', 'F3-JMeterTreeNode', 'F71-seade@apache.org', 'F71-fschumacher@unknown', 'F71-milamber@apache.org', 'F101', 'F3-String', 'F3-StringProperty', 'F3-String[]', 'F3-Arguments', 'F110', 'F105', 'F117', 'F3-MenuIcon'}
     F72   F25  ... F71-undera@apache.org F71-pmouawad@unknown
1  11856  3757  ...                     0                    0
2  11856  3757  ...                     0                    0
3  11856  3757  ...                     0                    0

[3 rows x 58 columns]
;.;
        F72       F25  ...  F71-undera@apache.org  F71-pmouawad@unknown
0  0.825454  0.798343  ...                    0.0                   0.0
1  0.825454  0.798343  ...                    0.0                   0.0
2  0.825454  0.798343  ...                    0.0                   0.0

[3 rows x 58 columns]
training_x: (604, 58)
training_y: 604
testset_x: (13, 58)
testset_y: 13
              precision    recall  f1-score   support

           0       0.00      0.00      0.00        12
           1       0.08      1.00      0.14         1

    accuracy                           0.08        13
   macro avg       0.04      0.50      0.07        13
weighted avg       0.01      0.08      0.01        13

accuracy: 0.07692307692307693
0.14285714285714285
@@@ tn: 0, fp: 12, fn: 0, tp: 1
@@@ LIME - Creating explainer
@@@ LIME - Random Sampling of Instances
iter: 0, sample_no: 4, actual label: 0, predicted: 1
iter: 1, sample_no: 1, actual label: 0, predicted: 1
iter: 2, sample_no: 8, actual label: 1, predicted: 1
iter: 3, sample_no: 3, actual label: 0, predicted: 1
iter: 4, sample_no: 2, actual label: 0, predicted: 1
iter: 5, sample_no: 10, actual label: 0, predicted: 1
iter: 6, sample_no: 12, actual label: 0, predicted: 1
iter: 7, sample_no: 3, actual label: 0, predicted: 1
iter: 8, sample_no: 4, actual label: 0, predicted: 1
iter: 9, sample_no: 9, actual label: 0, predicted: 1
iter: 10, sample_no: 3, actual label: 0, predicted: 1
iter: 11, sample_no: 7, actual label: 0, predicted: 1
iter: 12, sample_no: 4, actual label: 0, predicted: 1
iter: 13, sample_no: 12, actual label: 0, predicted: 1
iter: 14, sample_no: 6, actual label: 0, predicted: 1
iter: 15, sample_no: 12, actual label: 0, predicted: 1
iter: 16, sample_no: 10, actual label: 0, predicted: 1
iter: 17, sample_no: 3, actual label: 0, predicted: 1
iter: 18, sample_no: 4, actual label: 0, predicted: 1
iter: 19, sample_no: 6, actual label: 0, predicted: 1
iter: 20, sample_no: 11, actual label: 0, predicted: 1
iter: 21, sample_no: 5, actual label: 0, predicted: 1
iter: 22, sample_no: 8, actual label: 1, predicted: 1
iter: 23, sample_no: 0, actual label: 0, predicted: 1
iter: 24, sample_no: 2, actual label: 0, predicted: 1
number of samples: 13
AUC 0.5
pos_get 1
total recall stop_at 1.0
@@@ C - Repeat number: 3
@@@ D - common_header:  {'F3-Object', 'F41', 'F15-NA', 'F71-jeremy_a@apache.org', 'F120', 'F3-HashTree', 'F71-thads@apache.org', 'F71-woolfel@apache.org', 'F71-rjung@apache.org', 'F71-undera@apache.org', 'F22', 'F104', 'F3-TestElementProperty', 'F126', 'F71-pmouawad@apache.org', 'F15-protected', 'F3-InterleaveControl.IGNORE_SUB_CONTROLLERS', 'F71-oros@apache.org', 'F3-GenericController', 'F72', 'F3-CollectionProperty', 'F77', 'F3-int', 'F71-dims@apache.org', 'F71-sebb@apache.org', 'F71-mstover1@apache.org', 'F71-jsalvata@apache.org', 'F15-private', 'F116', 'F3-byte[]', 'F68', 'F3-NA', 'F65', 'F123', 'F3-boolean', 'F71-dev-null@apache.org', 'F71-mblankestijn@apache.org', 'category', 'F3-HttpRequestBase', 'F115', 'F3-long', 'F71-alf@apache.org', 'F71-pmouawad@unknown', 'F25', 'F71-fschumacher@apache.org', 'F15-public', 'F3-JMeterTreeNode', 'F71-seade@apache.org', 'F71-fschumacher@unknown', 'F71-milamber@apache.org', 'F101', 'F3-String', 'F3-StringProperty', 'F3-String[]', 'F3-Arguments', 'F110', 'F105', 'F117', 'F3-MenuIcon'}
     F72   F25  ... F71-undera@apache.org F71-pmouawad@unknown
1  11856  3757  ...                     0                    0
2  11856  3757  ...                     0                    0
3  11856  3757  ...                     0                    0

[3 rows x 58 columns]
;.;
        F72       F25  ...  F71-undera@apache.org  F71-pmouawad@unknown
0  0.825454  0.798343  ...                    0.0                   0.0
1  0.825454  0.798343  ...                    0.0                   0.0
2  0.825454  0.798343  ...                    0.0                   0.0

[3 rows x 58 columns]
training_x: (604, 58)
training_y: 604
testset_x: (13, 58)
testset_y: 13
              precision    recall  f1-score   support

           0       0.00      0.00      0.00        12
           1       0.08      1.00      0.14         1

    accuracy                           0.08        13
   macro avg       0.04      0.50      0.07        13
weighted avg       0.01      0.08      0.01        13

accuracy: 0.07692307692307693
0.14285714285714285
@@@ tn: 0, fp: 12, fn: 0, tp: 1
@@@ LIME - Creating explainer
@@@ LIME - Random Sampling of Instances
iter: 0, sample_no: 11, actual label: 0, predicted: 1
iter: 1, sample_no: 7, actual label: 0, predicted: 1
iter: 2, sample_no: 3, actual label: 0, predicted: 1
iter: 3, sample_no: 2, actual label: 0, predicted: 1
iter: 4, sample_no: 6, actual label: 0, predicted: 1
iter: 5, sample_no: 5, actual label: 0, predicted: 1
iter: 6, sample_no: 7, actual label: 0, predicted: 1
iter: 7, sample_no: 11, actual label: 0, predicted: 1
iter: 8, sample_no: 11, actual label: 0, predicted: 1
iter: 9, sample_no: 12, actual label: 0, predicted: 1
iter: 10, sample_no: 2, actual label: 0, predicted: 1
iter: 11, sample_no: 8, actual label: 1, predicted: 1
iter: 12, sample_no: 7, actual label: 0, predicted: 1
iter: 13, sample_no: 10, actual label: 0, predicted: 1
iter: 14, sample_no: 9, actual label: 0, predicted: 1
iter: 15, sample_no: 11, actual label: 0, predicted: 1
iter: 16, sample_no: 8, actual label: 1, predicted: 1
iter: 17, sample_no: 6, actual label: 0, predicted: 1
iter: 18, sample_no: 11, actual label: 0, predicted: 1
iter: 19, sample_no: 11, actual label: 0, predicted: 1
iter: 20, sample_no: 9, actual label: 0, predicted: 1
iter: 21, sample_no: 9, actual label: 0, predicted: 1
iter: 22, sample_no: 3, actual label: 0, predicted: 1
iter: 23, sample_no: 8, actual label: 1, predicted: 1
iter: 24, sample_no: 2, actual label: 0, predicted: 1
number of samples: 13
AUC 0.5
pos_get 1
total recall stop_at 1.0
@@@ C - Repeat number: 4
@@@ D - common_header:  {'F3-Object', 'F41', 'F15-NA', 'F71-jeremy_a@apache.org', 'F120', 'F3-HashTree', 'F71-thads@apache.org', 'F71-woolfel@apache.org', 'F71-rjung@apache.org', 'F71-undera@apache.org', 'F22', 'F104', 'F3-TestElementProperty', 'F126', 'F71-pmouawad@apache.org', 'F15-protected', 'F3-InterleaveControl.IGNORE_SUB_CONTROLLERS', 'F71-oros@apache.org', 'F3-GenericController', 'F72', 'F3-CollectionProperty', 'F77', 'F3-int', 'F71-dims@apache.org', 'F71-sebb@apache.org', 'F71-mstover1@apache.org', 'F71-jsalvata@apache.org', 'F15-private', 'F116', 'F3-byte[]', 'F68', 'F3-NA', 'F65', 'F123', 'F3-boolean', 'F71-dev-null@apache.org', 'F71-mblankestijn@apache.org', 'category', 'F3-HttpRequestBase', 'F115', 'F3-long', 'F71-alf@apache.org', 'F71-pmouawad@unknown', 'F25', 'F71-fschumacher@apache.org', 'F15-public', 'F3-JMeterTreeNode', 'F71-seade@apache.org', 'F71-fschumacher@unknown', 'F71-milamber@apache.org', 'F101', 'F3-String', 'F3-StringProperty', 'F3-String[]', 'F3-Arguments', 'F110', 'F105', 'F117', 'F3-MenuIcon'}
     F72   F25  ... F71-undera@apache.org F71-pmouawad@unknown
1  11856  3757  ...                     0                    0
2  11856  3757  ...                     0                    0
3  11856  3757  ...                     0                    0

[3 rows x 58 columns]
;.;
        F72       F25  ...  F71-undera@apache.org  F71-pmouawad@unknown
0  0.825454  0.798343  ...                    0.0                   0.0
1  0.825454  0.798343  ...                    0.0                   0.0
2  0.825454  0.798343  ...                    0.0                   0.0

[3 rows x 58 columns]
training_x: (604, 58)
training_y: 604
testset_x: (13, 58)
testset_y: 13
              precision    recall  f1-score   support

           0       0.00      0.00      0.00        12
           1       0.08      1.00      0.14         1

    accuracy                           0.08        13
   macro avg       0.04      0.50      0.07        13
weighted avg       0.01      0.08      0.01        13

accuracy: 0.07692307692307693
0.14285714285714285
@@@ tn: 0, fp: 12, fn: 0, tp: 1
@@@ LIME - Creating explainer
@@@ LIME - Random Sampling of Instances
iter: 0, sample_no: 5, actual label: 0, predicted: 1
iter: 1, sample_no: 3, actual label: 0, predicted: 1
iter: 2, sample_no: 2, actual label: 0, predicted: 1
iter: 3, sample_no: 3, actual label: 0, predicted: 1
iter: 4, sample_no: 3, actual label: 0, predicted: 1
iter: 5, sample_no: 4, actual label: 0, predicted: 1
iter: 6, sample_no: 12, actual label: 0, predicted: 1
iter: 7, sample_no: 7, actual label: 0, predicted: 1
iter: 8, sample_no: 9, actual label: 0, predicted: 1
iter: 9, sample_no: 7, actual label: 0, predicted: 1
iter: 10, sample_no: 7, actual label: 0, predicted: 1
iter: 11, sample_no: 2, actual label: 0, predicted: 1
iter: 12, sample_no: 2, actual label: 0, predicted: 1
iter: 13, sample_no: 1, actual label: 0, predicted: 1
iter: 14, sample_no: 9, actual label: 0, predicted: 1
iter: 15, sample_no: 1, actual label: 0, predicted: 1
iter: 16, sample_no: 2, actual label: 0, predicted: 1
iter: 17, sample_no: 9, actual label: 0, predicted: 1
iter: 18, sample_no: 2, actual label: 0, predicted: 1
iter: 19, sample_no: 1, actual label: 0, predicted: 1
iter: 20, sample_no: 7, actual label: 0, predicted: 1
iter: 21, sample_no: 9, actual label: 0, predicted: 1
iter: 22, sample_no: 9, actual label: 0, predicted: 1
iter: 23, sample_no: 5, actual label: 0, predicted: 1
iter: 24, sample_no: 6, actual label: 0, predicted: 1
number of samples: 13
AUC 0.5
pos_get 1
total recall stop_at 1.0
@@@ C - Repeat number: 5
@@@ D - common_header:  {'F3-Object', 'F41', 'F15-NA', 'F71-jeremy_a@apache.org', 'F120', 'F3-HashTree', 'F71-thads@apache.org', 'F71-woolfel@apache.org', 'F71-rjung@apache.org', 'F71-undera@apache.org', 'F22', 'F104', 'F3-TestElementProperty', 'F126', 'F71-pmouawad@apache.org', 'F15-protected', 'F3-InterleaveControl.IGNORE_SUB_CONTROLLERS', 'F71-oros@apache.org', 'F3-GenericController', 'F72', 'F3-CollectionProperty', 'F77', 'F3-int', 'F71-dims@apache.org', 'F71-sebb@apache.org', 'F71-mstover1@apache.org', 'F71-jsalvata@apache.org', 'F15-private', 'F116', 'F3-byte[]', 'F68', 'F3-NA', 'F65', 'F123', 'F3-boolean', 'F71-dev-null@apache.org', 'F71-mblankestijn@apache.org', 'category', 'F3-HttpRequestBase', 'F115', 'F3-long', 'F71-alf@apache.org', 'F71-pmouawad@unknown', 'F25', 'F71-fschumacher@apache.org', 'F15-public', 'F3-JMeterTreeNode', 'F71-seade@apache.org', 'F71-fschumacher@unknown', 'F71-milamber@apache.org', 'F101', 'F3-String', 'F3-StringProperty', 'F3-String[]', 'F3-Arguments', 'F110', 'F105', 'F117', 'F3-MenuIcon'}
     F72   F25  ... F71-undera@apache.org F71-pmouawad@unknown
1  11856  3757  ...                     0                    0
2  11856  3757  ...                     0                    0
3  11856  3757  ...                     0                    0

[3 rows x 58 columns]
;.;
        F72       F25  ...  F71-undera@apache.org  F71-pmouawad@unknown
0  0.825454  0.798343  ...                    0.0                   0.0
1  0.825454  0.798343  ...                    0.0                   0.0
2  0.825454  0.798343  ...                    0.0                   0.0

[3 rows x 58 columns]
training_x: (604, 58)
training_y: 604
testset_x: (13, 58)
testset_y: 13
              precision    recall  f1-score   support

           0       0.00      0.00      0.00        12
           1       0.08      1.00      0.14         1

    accuracy                           0.08        13
   macro avg       0.04      0.50      0.07        13
weighted avg       0.01      0.08      0.01        13

accuracy: 0.07692307692307693
0.14285714285714285
@@@ tn: 0, fp: 12, fn: 0, tp: 1
@@@ LIME - Creating explainer
@@@ LIME - Random Sampling of Instances
iter: 0, sample_no: 7, actual label: 0, predicted: 1
iter: 1, sample_no: 3, actual label: 0, predicted: 1
iter: 2, sample_no: 11, actual label: 0, predicted: 1
iter: 3, sample_no: 5, actual label: 0, predicted: 1
iter: 4, sample_no: 2, actual label: 0, predicted: 1
iter: 5, sample_no: 10, actual label: 0, predicted: 1
iter: 6, sample_no: 8, actual label: 1, predicted: 1
iter: 7, sample_no: 9, actual label: 0, predicted: 1
iter: 8, sample_no: 0, actual label: 0, predicted: 1
iter: 9, sample_no: 11, actual label: 0, predicted: 1
iter: 10, sample_no: 11, actual label: 0, predicted: 1
iter: 11, sample_no: 0, actual label: 0, predicted: 1
iter: 12, sample_no: 6, actual label: 0, predicted: 1
iter: 13, sample_no: 6, actual label: 0, predicted: 1
iter: 14, sample_no: 10, actual label: 0, predicted: 1
iter: 15, sample_no: 7, actual label: 0, predicted: 1
iter: 16, sample_no: 11, actual label: 0, predicted: 1
iter: 17, sample_no: 6, actual label: 0, predicted: 1
iter: 18, sample_no: 4, actual label: 0, predicted: 1
iter: 19, sample_no: 9, actual label: 0, predicted: 1
iter: 20, sample_no: 4, actual label: 0, predicted: 1
iter: 21, sample_no: 10, actual label: 0, predicted: 1
iter: 22, sample_no: 3, actual label: 0, predicted: 1
iter: 23, sample_no: 11, actual label: 0, predicted: 1
iter: 24, sample_no: 11, actual label: 0, predicted: 1
number of samples: 13
AUC 0.5
pos_get 1
total recall stop_at 1.0
@@@ C - Repeat number: 6
@@@ D - common_header:  {'F3-Object', 'F41', 'F15-NA', 'F71-jeremy_a@apache.org', 'F120', 'F3-HashTree', 'F71-thads@apache.org', 'F71-woolfel@apache.org', 'F71-rjung@apache.org', 'F71-undera@apache.org', 'F22', 'F104', 'F3-TestElementProperty', 'F126', 'F71-pmouawad@apache.org', 'F15-protected', 'F3-InterleaveControl.IGNORE_SUB_CONTROLLERS', 'F71-oros@apache.org', 'F3-GenericController', 'F72', 'F3-CollectionProperty', 'F77', 'F3-int', 'F71-dims@apache.org', 'F71-sebb@apache.org', 'F71-mstover1@apache.org', 'F71-jsalvata@apache.org', 'F15-private', 'F116', 'F3-byte[]', 'F68', 'F3-NA', 'F65', 'F123', 'F3-boolean', 'F71-dev-null@apache.org', 'F71-mblankestijn@apache.org', 'category', 'F3-HttpRequestBase', 'F115', 'F3-long', 'F71-alf@apache.org', 'F71-pmouawad@unknown', 'F25', 'F71-fschumacher@apache.org', 'F15-public', 'F3-JMeterTreeNode', 'F71-seade@apache.org', 'F71-fschumacher@unknown', 'F71-milamber@apache.org', 'F101', 'F3-String', 'F3-StringProperty', 'F3-String[]', 'F3-Arguments', 'F110', 'F105', 'F117', 'F3-MenuIcon'}
     F72   F25  ... F71-undera@apache.org F71-pmouawad@unknown
1  11856  3757  ...                     0                    0
2  11856  3757  ...                     0                    0
3  11856  3757  ...                     0                    0

[3 rows x 58 columns]
;.;
        F72       F25  ...  F71-undera@apache.org  F71-pmouawad@unknown
0  0.825454  0.798343  ...                    0.0                   0.0
1  0.825454  0.798343  ...                    0.0                   0.0
2  0.825454  0.798343  ...                    0.0                   0.0

[3 rows x 58 columns]
training_x: (604, 58)
training_y: 604
testset_x: (13, 58)
testset_y: 13
              precision    recall  f1-score   support

           0       0.00      0.00      0.00        12
           1       0.08      1.00      0.14         1

    accuracy                           0.08        13
   macro avg       0.04      0.50      0.07        13
weighted avg       0.01      0.08      0.01        13

accuracy: 0.07692307692307693
0.14285714285714285
@@@ tn: 0, fp: 12, fn: 0, tp: 1
@@@ LIME - Creating explainer
@@@ LIME - Random Sampling of Instances
iter: 0, sample_no: 0, actual label: 0, predicted: 1
iter: 1, sample_no: 2, actual label: 0, predicted: 1
iter: 2, sample_no: 5, actual label: 0, predicted: 1
iter: 3, sample_no: 12, actual label: 0, predicted: 1
iter: 4, sample_no: 12, actual label: 0, predicted: 1
iter: 5, sample_no: 7, actual label: 0, predicted: 1
iter: 6, sample_no: 2, actual label: 0, predicted: 1
iter: 7, sample_no: 6, actual label: 0, predicted: 1
iter: 8, sample_no: 12, actual label: 0, predicted: 1
iter: 9, sample_no: 11, actual label: 0, predicted: 1
iter: 10, sample_no: 12, actual label: 0, predicted: 1
iter: 11, sample_no: 5, actual label: 0, predicted: 1
iter: 12, sample_no: 9, actual label: 0, predicted: 1
iter: 13, sample_no: 5, actual label: 0, predicted: 1
iter: 14, sample_no: 10, actual label: 0, predicted: 1
iter: 15, sample_no: 1, actual label: 0, predicted: 1
iter: 16, sample_no: 12, actual label: 0, predicted: 1
iter: 17, sample_no: 10, actual label: 0, predicted: 1
iter: 18, sample_no: 7, actual label: 0, predicted: 1
iter: 19, sample_no: 5, actual label: 0, predicted: 1
iter: 20, sample_no: 9, actual label: 0, predicted: 1
iter: 21, sample_no: 2, actual label: 0, predicted: 1
iter: 22, sample_no: 7, actual label: 0, predicted: 1
iter: 23, sample_no: 12, actual label: 0, predicted: 1
iter: 24, sample_no: 10, actual label: 0, predicted: 1
number of samples: 13
AUC 0.5
pos_get 1
total recall stop_at 1.0
@@@ C - Repeat number: 7
@@@ D - common_header:  {'F3-Object', 'F41', 'F15-NA', 'F71-jeremy_a@apache.org', 'F120', 'F3-HashTree', 'F71-thads@apache.org', 'F71-woolfel@apache.org', 'F71-rjung@apache.org', 'F71-undera@apache.org', 'F22', 'F104', 'F3-TestElementProperty', 'F126', 'F71-pmouawad@apache.org', 'F15-protected', 'F3-InterleaveControl.IGNORE_SUB_CONTROLLERS', 'F71-oros@apache.org', 'F3-GenericController', 'F72', 'F3-CollectionProperty', 'F77', 'F3-int', 'F71-dims@apache.org', 'F71-sebb@apache.org', 'F71-mstover1@apache.org', 'F71-jsalvata@apache.org', 'F15-private', 'F116', 'F3-byte[]', 'F68', 'F3-NA', 'F65', 'F123', 'F3-boolean', 'F71-dev-null@apache.org', 'F71-mblankestijn@apache.org', 'category', 'F3-HttpRequestBase', 'F115', 'F3-long', 'F71-alf@apache.org', 'F71-pmouawad@unknown', 'F25', 'F71-fschumacher@apache.org', 'F15-public', 'F3-JMeterTreeNode', 'F71-seade@apache.org', 'F71-fschumacher@unknown', 'F71-milamber@apache.org', 'F101', 'F3-String', 'F3-StringProperty', 'F3-String[]', 'F3-Arguments', 'F110', 'F105', 'F117', 'F3-MenuIcon'}
     F72   F25  ... F71-undera@apache.org F71-pmouawad@unknown
1  11856  3757  ...                     0                    0
2  11856  3757  ...                     0                    0
3  11856  3757  ...                     0                    0

[3 rows x 58 columns]
;.;
        F72       F25  ...  F71-undera@apache.org  F71-pmouawad@unknown
0  0.825454  0.798343  ...                    0.0                   0.0
1  0.825454  0.798343  ...                    0.0                   0.0
2  0.825454  0.798343  ...                    0.0                   0.0

[3 rows x 58 columns]
training_x: (604, 58)
training_y: 604
testset_x: (13, 58)
testset_y: 13
              precision    recall  f1-score   support

           0       0.00      0.00      0.00        12
           1       0.08      1.00      0.14         1

    accuracy                           0.08        13
   macro avg       0.04      0.50      0.07        13
weighted avg       0.01      0.08      0.01        13

accuracy: 0.07692307692307693
0.14285714285714285
@@@ tn: 0, fp: 12, fn: 0, tp: 1
@@@ LIME - Creating explainer
@@@ LIME - Random Sampling of Instances
iter: 0, sample_no: 10, actual label: 0, predicted: 1
iter: 1, sample_no: 9, actual label: 0, predicted: 1
iter: 2, sample_no: 7, actual label: 0, predicted: 1
iter: 3, sample_no: 8, actual label: 1, predicted: 1
iter: 4, sample_no: 9, actual label: 0, predicted: 1
iter: 5, sample_no: 3, actual label: 0, predicted: 1
iter: 6, sample_no: 9, actual label: 0, predicted: 1
iter: 7, sample_no: 8, actual label: 1, predicted: 1
iter: 8, sample_no: 8, actual label: 1, predicted: 1
iter: 9, sample_no: 0, actual label: 0, predicted: 1
iter: 10, sample_no: 9, actual label: 0, predicted: 1
iter: 11, sample_no: 6, actual label: 0, predicted: 1
iter: 12, sample_no: 0, actual label: 0, predicted: 1
iter: 13, sample_no: 1, actual label: 0, predicted: 1
iter: 14, sample_no: 2, actual label: 0, predicted: 1
iter: 15, sample_no: 5, actual label: 0, predicted: 1
iter: 16, sample_no: 0, actual label: 0, predicted: 1
iter: 17, sample_no: 12, actual label: 0, predicted: 1
iter: 18, sample_no: 8, actual label: 1, predicted: 1
iter: 19, sample_no: 6, actual label: 0, predicted: 1
iter: 20, sample_no: 0, actual label: 0, predicted: 1
iter: 21, sample_no: 6, actual label: 0, predicted: 1
iter: 22, sample_no: 6, actual label: 0, predicted: 1
iter: 23, sample_no: 8, actual label: 1, predicted: 1
iter: 24, sample_no: 8, actual label: 1, predicted: 1
number of samples: 13
AUC 0.5
pos_get 1
total recall stop_at 1.0
@@@ C - Repeat number: 8
@@@ D - common_header:  {'F3-Object', 'F41', 'F15-NA', 'F71-jeremy_a@apache.org', 'F120', 'F3-HashTree', 'F71-thads@apache.org', 'F71-woolfel@apache.org', 'F71-rjung@apache.org', 'F71-undera@apache.org', 'F22', 'F104', 'F3-TestElementProperty', 'F126', 'F71-pmouawad@apache.org', 'F15-protected', 'F3-InterleaveControl.IGNORE_SUB_CONTROLLERS', 'F71-oros@apache.org', 'F3-GenericController', 'F72', 'F3-CollectionProperty', 'F77', 'F3-int', 'F71-dims@apache.org', 'F71-sebb@apache.org', 'F71-mstover1@apache.org', 'F71-jsalvata@apache.org', 'F15-private', 'F116', 'F3-byte[]', 'F68', 'F3-NA', 'F65', 'F123', 'F3-boolean', 'F71-dev-null@apache.org', 'F71-mblankestijn@apache.org', 'category', 'F3-HttpRequestBase', 'F115', 'F3-long', 'F71-alf@apache.org', 'F71-pmouawad@unknown', 'F25', 'F71-fschumacher@apache.org', 'F15-public', 'F3-JMeterTreeNode', 'F71-seade@apache.org', 'F71-fschumacher@unknown', 'F71-milamber@apache.org', 'F101', 'F3-String', 'F3-StringProperty', 'F3-String[]', 'F3-Arguments', 'F110', 'F105', 'F117', 'F3-MenuIcon'}
     F72   F25  ... F71-undera@apache.org F71-pmouawad@unknown
1  11856  3757  ...                     0                    0
2  11856  3757  ...                     0                    0
3  11856  3757  ...                     0                    0

[3 rows x 58 columns]
;.;
        F72       F25  ...  F71-undera@apache.org  F71-pmouawad@unknown
0  0.825454  0.798343  ...                    0.0                   0.0
1  0.825454  0.798343  ...                    0.0                   0.0
2  0.825454  0.798343  ...                    0.0                   0.0

[3 rows x 58 columns]
training_x: (604, 58)
training_y: 604
testset_x: (13, 58)
testset_y: 13
              precision    recall  f1-score   support

           0       0.00      0.00      0.00        12
           1       0.08      1.00      0.14         1

    accuracy                           0.08        13
   macro avg       0.04      0.50      0.07        13
weighted avg       0.01      0.08      0.01        13

accuracy: 0.07692307692307693
0.14285714285714285
@@@ tn: 0, fp: 12, fn: 0, tp: 1
@@@ LIME - Creating explainer
@@@ LIME - Random Sampling of Instances
iter: 0, sample_no: 0, actual label: 0, predicted: 1
iter: 1, sample_no: 0, actual label: 0, predicted: 1
iter: 2, sample_no: 7, actual label: 0, predicted: 1
iter: 3, sample_no: 11, actual label: 0, predicted: 1
iter: 4, sample_no: 8, actual label: 1, predicted: 1
iter: 5, sample_no: 0, actual label: 0, predicted: 1
iter: 6, sample_no: 0, actual label: 0, predicted: 1
iter: 7, sample_no: 9, actual label: 0, predicted: 1
iter: 8, sample_no: 6, actual label: 0, predicted: 1
iter: 9, sample_no: 5, actual label: 0, predicted: 1
iter: 10, sample_no: 8, actual label: 1, predicted: 1
iter: 11, sample_no: 7, actual label: 0, predicted: 1
iter: 12, sample_no: 0, actual label: 0, predicted: 1
iter: 13, sample_no: 7, actual label: 0, predicted: 1
iter: 14, sample_no: 11, actual label: 0, predicted: 1
iter: 15, sample_no: 8, actual label: 1, predicted: 1
iter: 16, sample_no: 11, actual label: 0, predicted: 1
iter: 17, sample_no: 4, actual label: 0, predicted: 1
iter: 18, sample_no: 0, actual label: 0, predicted: 1
iter: 19, sample_no: 6, actual label: 0, predicted: 1
iter: 20, sample_no: 11, actual label: 0, predicted: 1
iter: 21, sample_no: 0, actual label: 0, predicted: 1
iter: 22, sample_no: 3, actual label: 0, predicted: 1
iter: 23, sample_no: 8, actual label: 1, predicted: 1
iter: 24, sample_no: 2, actual label: 0, predicted: 1
number of samples: 13
AUC 0.5
pos_get 1
total recall stop_at 1.0
@@@ C - Repeat number: 9
@@@ D - common_header:  {'F3-Object', 'F41', 'F15-NA', 'F71-jeremy_a@apache.org', 'F120', 'F3-HashTree', 'F71-thads@apache.org', 'F71-woolfel@apache.org', 'F71-rjung@apache.org', 'F71-undera@apache.org', 'F22', 'F104', 'F3-TestElementProperty', 'F126', 'F71-pmouawad@apache.org', 'F15-protected', 'F3-InterleaveControl.IGNORE_SUB_CONTROLLERS', 'F71-oros@apache.org', 'F3-GenericController', 'F72', 'F3-CollectionProperty', 'F77', 'F3-int', 'F71-dims@apache.org', 'F71-sebb@apache.org', 'F71-mstover1@apache.org', 'F71-jsalvata@apache.org', 'F15-private', 'F116', 'F3-byte[]', 'F68', 'F3-NA', 'F65', 'F123', 'F3-boolean', 'F71-dev-null@apache.org', 'F71-mblankestijn@apache.org', 'category', 'F3-HttpRequestBase', 'F115', 'F3-long', 'F71-alf@apache.org', 'F71-pmouawad@unknown', 'F25', 'F71-fschumacher@apache.org', 'F15-public', 'F3-JMeterTreeNode', 'F71-seade@apache.org', 'F71-fschumacher@unknown', 'F71-milamber@apache.org', 'F101', 'F3-String', 'F3-StringProperty', 'F3-String[]', 'F3-Arguments', 'F110', 'F105', 'F117', 'F3-MenuIcon'}
     F72   F25  ... F71-undera@apache.org F71-pmouawad@unknown
1  11856  3757  ...                     0                    0
2  11856  3757  ...                     0                    0
3  11856  3757  ...                     0                    0

[3 rows x 58 columns]
;.;
        F72       F25  ...  F71-undera@apache.org  F71-pmouawad@unknown
0  0.825454  0.798343  ...                    0.0                   0.0
1  0.825454  0.798343  ...                    0.0                   0.0
2  0.825454  0.798343  ...                    0.0                   0.0

[3 rows x 58 columns]
training_x: (604, 58)
training_y: 604
testset_x: (13, 58)
testset_y: 13
              precision    recall  f1-score   support

           0       0.00      0.00      0.00        12
           1       0.08      1.00      0.14         1

    accuracy                           0.08        13
   macro avg       0.04      0.50      0.07        13
weighted avg       0.01      0.08      0.01        13

accuracy: 0.07692307692307693
0.14285714285714285
@@@ tn: 0, fp: 12, fn: 0, tp: 1
@@@ LIME - Creating explainer
@@@ LIME - Random Sampling of Instances
iter: 0, sample_no: 9, actual label: 0, predicted: 1
iter: 1, sample_no: 1, actual label: 0, predicted: 1
iter: 2, sample_no: 3, actual label: 0, predicted: 1
iter: 3, sample_no: 4, actual label: 0, predicted: 1
iter: 4, sample_no: 0, actual label: 0, predicted: 1
iter: 5, sample_no: 11, actual label: 0, predicted: 1
iter: 6, sample_no: 4, actual label: 0, predicted: 1
iter: 7, sample_no: 4, actual label: 0, predicted: 1
iter: 8, sample_no: 0, actual label: 0, predicted: 1
iter: 9, sample_no: 4, actual label: 0, predicted: 1
iter: 10, sample_no: 2, actual label: 0, predicted: 1
iter: 11, sample_no: 8, actual label: 1, predicted: 1
iter: 12, sample_no: 12, actual label: 0, predicted: 1
iter: 13, sample_no: 6, actual label: 0, predicted: 1
iter: 14, sample_no: 4, actual label: 0, predicted: 1
iter: 15, sample_no: 1, actual label: 0, predicted: 1
iter: 16, sample_no: 11, actual label: 0, predicted: 1
iter: 17, sample_no: 6, actual label: 0, predicted: 1
iter: 18, sample_no: 2, actual label: 0, predicted: 1
iter: 19, sample_no: 0, actual label: 0, predicted: 1
iter: 20, sample_no: 6, actual label: 0, predicted: 1
iter: 21, sample_no: 5, actual label: 0, predicted: 1
iter: 22, sample_no: 8, actual label: 1, predicted: 1
iter: 23, sample_no: 10, actual label: 0, predicted: 1
iter: 24, sample_no: 5, actual label: 0, predicted: 1
number of samples: 13
AUC 0.5
pos_get 1
total recall stop_at 1.0
@@@ C - Repeat number: 10
@@@ D - common_header:  {'F3-Object', 'F41', 'F15-NA', 'F71-jeremy_a@apache.org', 'F120', 'F3-HashTree', 'F71-thads@apache.org', 'F71-woolfel@apache.org', 'F71-rjung@apache.org', 'F71-undera@apache.org', 'F22', 'F104', 'F3-TestElementProperty', 'F126', 'F71-pmouawad@apache.org', 'F15-protected', 'F3-InterleaveControl.IGNORE_SUB_CONTROLLERS', 'F71-oros@apache.org', 'F3-GenericController', 'F72', 'F3-CollectionProperty', 'F77', 'F3-int', 'F71-dims@apache.org', 'F71-sebb@apache.org', 'F71-mstover1@apache.org', 'F71-jsalvata@apache.org', 'F15-private', 'F116', 'F3-byte[]', 'F68', 'F3-NA', 'F65', 'F123', 'F3-boolean', 'F71-dev-null@apache.org', 'F71-mblankestijn@apache.org', 'category', 'F3-HttpRequestBase', 'F115', 'F3-long', 'F71-alf@apache.org', 'F71-pmouawad@unknown', 'F25', 'F71-fschumacher@apache.org', 'F15-public', 'F3-JMeterTreeNode', 'F71-seade@apache.org', 'F71-fschumacher@unknown', 'F71-milamber@apache.org', 'F101', 'F3-String', 'F3-StringProperty', 'F3-String[]', 'F3-Arguments', 'F110', 'F105', 'F117', 'F3-MenuIcon'}
     F72   F25  ... F71-undera@apache.org F71-pmouawad@unknown
1  11856  3757  ...                     0                    0
2  11856  3757  ...                     0                    0
3  11856  3757  ...                     0                    0

[3 rows x 58 columns]
;.;
        F72       F25  ...  F71-undera@apache.org  F71-pmouawad@unknown
0  0.825454  0.798343  ...                    0.0                   0.0
1  0.825454  0.798343  ...                    0.0                   0.0
2  0.825454  0.798343  ...                    0.0                   0.0

[3 rows x 58 columns]
training_x: (604, 58)
training_y: 604
testset_x: (13, 58)
testset_y: 13
              precision    recall  f1-score   support

           0       0.00      0.00      0.00        12
           1       0.08      1.00      0.14         1

    accuracy                           0.08        13
   macro avg       0.04      0.50      0.07        13
weighted avg       0.01      0.08      0.01        13

accuracy: 0.07692307692307693
0.14285714285714285
@@@ tn: 0, fp: 12, fn: 0, tp: 1
@@@ LIME - Creating explainer
@@@ LIME - Random Sampling of Instances
iter: 0, sample_no: 5, actual label: 0, predicted: 1
iter: 1, sample_no: 5, actual label: 0, predicted: 1
iter: 2, sample_no: 6, actual label: 0, predicted: 1
iter: 3, sample_no: 3, actual label: 0, predicted: 1
iter: 4, sample_no: 3, actual label: 0, predicted: 1
iter: 5, sample_no: 4, actual label: 0, predicted: 1
iter: 6, sample_no: 3, actual label: 0, predicted: 1
iter: 7, sample_no: 6, actual label: 0, predicted: 1
iter: 8, sample_no: 0, actual label: 0, predicted: 1
iter: 9, sample_no: 10, actual label: 0, predicted: 1
iter: 10, sample_no: 5, actual label: 0, predicted: 1
iter: 11, sample_no: 10, actual label: 0, predicted: 1
iter: 12, sample_no: 11, actual label: 0, predicted: 1
iter: 13, sample_no: 1, actual label: 0, predicted: 1
iter: 14, sample_no: 2, actual label: 0, predicted: 1
iter: 15, sample_no: 12, actual label: 0, predicted: 1
iter: 16, sample_no: 8, actual label: 1, predicted: 1
iter: 17, sample_no: 5, actual label: 0, predicted: 1
iter: 18, sample_no: 8, actual label: 1, predicted: 1
iter: 19, sample_no: 6, actual label: 0, predicted: 1
iter: 20, sample_no: 0, actual label: 0, predicted: 1
iter: 21, sample_no: 9, actual label: 0, predicted: 1
iter: 22, sample_no: 4, actual label: 0, predicted: 1
iter: 23, sample_no: 2, actual label: 0, predicted: 1
iter: 24, sample_no: 3, actual label: 0, predicted: 1
number of samples: 13
AUC 0.5
pos_get 1
total recall stop_at 1.0
----------threshold stop at----------: 1
AUC [0.5, 0.5, 0.5, 0.5, 0.5, 0.5, 0.5, 0.5, 0.5, 0.5]
AUC_median 0.5
AUC_iqr 0.0
cost [0.8461538461538461, 0.8461538461538461, 0.8461538461538461, 0.8461538461538461, 0.8461538461538461, 0.8461538461538461, 0.8461538461538461, 0.8461538461538461, 0.8461538461538461, 0.8461538461538461]
COST_med 0.8461538461538461
COST_iqr 0.0
f1_pos_list [np.float64(0.14285714285714285), np.float64(0.14285714285714285), np.float64(0.14285714285714285), np.float64(0.14285714285714285), np.float64(0.14285714285714285), np.float64(0.14285714285714285), np.float64(0.14285714285714285), np.float64(0.14285714285714285), np.float64(0.14285714285714285), np.float64(0.14285714285714285)]
f1_pos_med 0.14285714285714285
total_tn 0
total_fp 120
total_fn 0
total_tp 10
p= 0.07692307692307693
r= 1.0
f= 0.14285714285714288
