@@@ A - classifier: DummyClassifier(constant=1, strategy='constant')
@@@ B - threshold stop at: 1
@@@ C - Repeat number: 1
@@@ D - common_header:  {'F71-kmarsden@apache.org', 'F71-rhillegas@apache.org', 'F3-long', 'category', 'F71-bakksjo@apache.org', 'F65', 'F105', 'F3-TransactionController', 'F115', 'F71-dag@apache.org', 'F68', 'F71-djd@apache.org', 'F71-oysteing@apache.org', 'F101', 'F71-bpendleton@apache.org', 'F71-myrnavl@apache.org', 'F3-boolean', 'F3-ResultSet', 'F71-kristwaa@apache.org', 'F15-NA', 'F71-mikem@apache.org', 'F41', 'F120', 'F110', 'F71-mamta@apache.org', 'F71-davidvc@apache.org', 'F22', 'F3-null', 'F71-kahatlen@apache.org', 'F3-int[]', 'F123', 'F3-PrintWriter', 'F25', 'F116', 'F3-Connection', 'F15-public', 'F3-int', 'F71-coar@apache.org', 'F15-private', 'F126', 'F3-byte[]', 'F104', 'F3-NA', 'F15-protected', 'F3-InputStream', 'F71-suresht@apache.org', 'F71-fuzzylogic@apache.org', 'F3-QualifiedIdentifier', 'F77', 'F72', 'F3-ExecRow', 'F3-SQLException', 'F3-String', 'F117', 'F71-bernt@apache.org', 'F71-bandaram@apache.org'}
    F72   F25  ... F71-bpendleton@apache.org F71-coar@apache.org
1  8134  3064  ...                         0                   0
2  8134  3064  ...                         0                   1
3  8134  3064  ...                         0                   1

[3 rows x 55 columns]
;.;
   F72  F25  ...  F71-bpendleton@apache.org  F71-coar@apache.org
0  1.0  1.0  ...                        0.0                  0.0
1  1.0  1.0  ...                        0.0                  1.0
2  1.0  1.0  ...                        0.0                  1.0

[3 rows x 55 columns]
training_x: (413, 55)
training_y: 413
testset_x: (45, 55)
testset_y: 45
              precision    recall  f1-score   support

           0       0.00      0.00      0.00        33
           1       0.27      1.00      0.42        12

    accuracy                           0.27        45
   macro avg       0.13      0.50      0.21        45
weighted avg       0.07      0.27      0.11        45

accuracy: 0.26666666666666666
0.42105263157894735
@@@ tn: 0, fp: 33, fn: 0, tp: 12
@@@ LIME - Creating explainer
@@@ LIME - Random Sampling of Instances
iter: 0, sample_no: 4, actual label: 0, predicted: 1
iter: 1, sample_no: 1, actual label: 0, predicted: 1
iter: 2, sample_no: 22, actual label: 0, predicted: 1
iter: 3, sample_no: 20, actual label: 1, predicted: 1
iter: 4, sample_no: 4, actual label: 0, predicted: 1
iter: 5, sample_no: 9, actual label: 0, predicted: 1
iter: 6, sample_no: 23, actual label: 0, predicted: 1
iter: 7, sample_no: 12, actual label: 0, predicted: 1
iter: 8, sample_no: 20, actual label: 1, predicted: 1
iter: 9, sample_no: 9, actual label: 0, predicted: 1
iter: 10, sample_no: 17, actual label: 0, predicted: 1
iter: 11, sample_no: 5, actual label: 0, predicted: 1
iter: 12, sample_no: 3, actual label: 0, predicted: 1
iter: 13, sample_no: 41, actual label: 0, predicted: 1
iter: 14, sample_no: 17, actual label: 0, predicted: 1
iter: 15, sample_no: 32, actual label: 0, predicted: 1
iter: 16, sample_no: 22, actual label: 0, predicted: 1
iter: 17, sample_no: 44, actual label: 0, predicted: 1
iter: 18, sample_no: 40, actual label: 1, predicted: 1
iter: 19, sample_no: 9, actual label: 0, predicted: 1
iter: 20, sample_no: 16, actual label: 0, predicted: 1
iter: 21, sample_no: 0, actual label: 0, predicted: 1
iter: 22, sample_no: 15, actual label: 1, predicted: 1
iter: 23, sample_no: 16, actual label: 0, predicted: 1
iter: 24, sample_no: 11, actual label: 0, predicted: 1
number of samples: 45
AUC 0.5
pos_get 12
total recall stop_at 1.0
@@@ C - Repeat number: 2
@@@ D - common_header:  {'F71-kmarsden@apache.org', 'F71-rhillegas@apache.org', 'F3-long', 'category', 'F71-bakksjo@apache.org', 'F65', 'F105', 'F3-TransactionController', 'F115', 'F71-dag@apache.org', 'F68', 'F71-djd@apache.org', 'F71-oysteing@apache.org', 'F101', 'F71-bpendleton@apache.org', 'F71-myrnavl@apache.org', 'F3-boolean', 'F3-ResultSet', 'F71-kristwaa@apache.org', 'F15-NA', 'F71-mikem@apache.org', 'F41', 'F120', 'F110', 'F71-mamta@apache.org', 'F71-davidvc@apache.org', 'F22', 'F3-null', 'F71-kahatlen@apache.org', 'F3-int[]', 'F123', 'F3-PrintWriter', 'F25', 'F116', 'F3-Connection', 'F15-public', 'F3-int', 'F71-coar@apache.org', 'F15-private', 'F126', 'F3-byte[]', 'F104', 'F3-NA', 'F15-protected', 'F3-InputStream', 'F71-suresht@apache.org', 'F71-fuzzylogic@apache.org', 'F3-QualifiedIdentifier', 'F77', 'F72', 'F3-ExecRow', 'F3-SQLException', 'F3-String', 'F117', 'F71-bernt@apache.org', 'F71-bandaram@apache.org'}
    F72   F25  ... F71-bpendleton@apache.org F71-coar@apache.org
1  8134  3064  ...                         0                   0
2  8134  3064  ...                         0                   1
3  8134  3064  ...                         0                   1

[3 rows x 55 columns]
;.;
   F72  F25  ...  F71-bpendleton@apache.org  F71-coar@apache.org
0  1.0  1.0  ...                        0.0                  0.0
1  1.0  1.0  ...                        0.0                  1.0
2  1.0  1.0  ...                        0.0                  1.0

[3 rows x 55 columns]
training_x: (413, 55)
training_y: 413
testset_x: (45, 55)
testset_y: 45
              precision    recall  f1-score   support

           0       0.00      0.00      0.00        33
           1       0.27      1.00      0.42        12

    accuracy                           0.27        45
   macro avg       0.13      0.50      0.21        45
weighted avg       0.07      0.27      0.11        45

accuracy: 0.26666666666666666
0.42105263157894735
@@@ tn: 0, fp: 33, fn: 0, tp: 12
@@@ LIME - Creating explainer
@@@ LIME - Random Sampling of Instances
iter: 0, sample_no: 20, actual label: 1, predicted: 1
iter: 1, sample_no: 19, actual label: 0, predicted: 1
iter: 2, sample_no: 15, actual label: 1, predicted: 1
iter: 3, sample_no: 15, actual label: 1, predicted: 1
iter: 4, sample_no: 1, actual label: 0, predicted: 1
iter: 5, sample_no: 4, actual label: 0, predicted: 1
iter: 6, sample_no: 35, actual label: 1, predicted: 1
iter: 7, sample_no: 28, actual label: 0, predicted: 1
iter: 8, sample_no: 4, actual label: 0, predicted: 1
iter: 9, sample_no: 19, actual label: 0, predicted: 1
iter: 10, sample_no: 40, actual label: 1, predicted: 1
iter: 11, sample_no: 9, actual label: 0, predicted: 1
iter: 12, sample_no: 12, actual label: 0, predicted: 1
iter: 13, sample_no: 39, actual label: 0, predicted: 1
iter: 14, sample_no: 43, actual label: 0, predicted: 1
iter: 15, sample_no: 29, actual label: 1, predicted: 1
iter: 16, sample_no: 13, actual label: 1, predicted: 1
iter: 17, sample_no: 3, actual label: 0, predicted: 1
iter: 18, sample_no: 10, actual label: 0, predicted: 1
iter: 19, sample_no: 2, actual label: 0, predicted: 1
iter: 20, sample_no: 0, actual label: 0, predicted: 1
iter: 21, sample_no: 4, actual label: 0, predicted: 1
iter: 22, sample_no: 19, actual label: 0, predicted: 1
iter: 23, sample_no: 26, actual label: 0, predicted: 1
iter: 24, sample_no: 41, actual label: 0, predicted: 1
number of samples: 45
AUC 0.5
pos_get 12
total recall stop_at 1.0
@@@ C - Repeat number: 3
@@@ D - common_header:  {'F71-kmarsden@apache.org', 'F71-rhillegas@apache.org', 'F3-long', 'category', 'F71-bakksjo@apache.org', 'F65', 'F105', 'F3-TransactionController', 'F115', 'F71-dag@apache.org', 'F68', 'F71-djd@apache.org', 'F71-oysteing@apache.org', 'F101', 'F71-bpendleton@apache.org', 'F71-myrnavl@apache.org', 'F3-boolean', 'F3-ResultSet', 'F71-kristwaa@apache.org', 'F15-NA', 'F71-mikem@apache.org', 'F41', 'F120', 'F110', 'F71-mamta@apache.org', 'F71-davidvc@apache.org', 'F22', 'F3-null', 'F71-kahatlen@apache.org', 'F3-int[]', 'F123', 'F3-PrintWriter', 'F25', 'F116', 'F3-Connection', 'F15-public', 'F3-int', 'F71-coar@apache.org', 'F15-private', 'F126', 'F3-byte[]', 'F104', 'F3-NA', 'F15-protected', 'F3-InputStream', 'F71-suresht@apache.org', 'F71-fuzzylogic@apache.org', 'F3-QualifiedIdentifier', 'F77', 'F72', 'F3-ExecRow', 'F3-SQLException', 'F3-String', 'F117', 'F71-bernt@apache.org', 'F71-bandaram@apache.org'}
    F72   F25  ... F71-bpendleton@apache.org F71-coar@apache.org
1  8134  3064  ...                         0                   0
2  8134  3064  ...                         0                   1
3  8134  3064  ...                         0                   1

[3 rows x 55 columns]
;.;
   F72  F25  ...  F71-bpendleton@apache.org  F71-coar@apache.org
0  1.0  1.0  ...                        0.0                  0.0
1  1.0  1.0  ...                        0.0                  1.0
2  1.0  1.0  ...                        0.0                  1.0

[3 rows x 55 columns]
training_x: (413, 55)
training_y: 413
testset_x: (45, 55)
testset_y: 45
              precision    recall  f1-score   support

           0       0.00      0.00      0.00        33
           1       0.27      1.00      0.42        12

    accuracy                           0.27        45
   macro avg       0.13      0.50      0.21        45
weighted avg       0.07      0.27      0.11        45

accuracy: 0.26666666666666666
0.42105263157894735
@@@ tn: 0, fp: 33, fn: 0, tp: 12
@@@ LIME - Creating explainer
@@@ LIME - Random Sampling of Instances
iter: 0, sample_no: 11, actual label: 0, predicted: 1
iter: 1, sample_no: 8, actual label: 0, predicted: 1
iter: 2, sample_no: 43, actual label: 0, predicted: 1
iter: 3, sample_no: 5, actual label: 0, predicted: 1
iter: 4, sample_no: 20, actual label: 1, predicted: 1
iter: 5, sample_no: 10, actual label: 0, predicted: 1
iter: 6, sample_no: 24, actual label: 1, predicted: 1
iter: 7, sample_no: 20, actual label: 1, predicted: 1
iter: 8, sample_no: 21, actual label: 0, predicted: 1
iter: 9, sample_no: 1, actual label: 0, predicted: 1
iter: 10, sample_no: 23, actual label: 0, predicted: 1
iter: 11, sample_no: 33, actual label: 0, predicted: 1
iter: 12, sample_no: 29, actual label: 1, predicted: 1
iter: 13, sample_no: 21, actual label: 0, predicted: 1
iter: 14, sample_no: 12, actual label: 0, predicted: 1
iter: 15, sample_no: 0, actual label: 0, predicted: 1
iter: 16, sample_no: 23, actual label: 0, predicted: 1
iter: 17, sample_no: 10, actual label: 0, predicted: 1
iter: 18, sample_no: 38, actual label: 0, predicted: 1
iter: 19, sample_no: 17, actual label: 0, predicted: 1
iter: 20, sample_no: 32, actual label: 0, predicted: 1
iter: 21, sample_no: 35, actual label: 1, predicted: 1
iter: 22, sample_no: 26, actual label: 0, predicted: 1
iter: 23, sample_no: 13, actual label: 1, predicted: 1
iter: 24, sample_no: 23, actual label: 0, predicted: 1
number of samples: 45
AUC 0.5
pos_get 12
total recall stop_at 1.0
@@@ C - Repeat number: 4
@@@ D - common_header:  {'F71-kmarsden@apache.org', 'F71-rhillegas@apache.org', 'F3-long', 'category', 'F71-bakksjo@apache.org', 'F65', 'F105', 'F3-TransactionController', 'F115', 'F71-dag@apache.org', 'F68', 'F71-djd@apache.org', 'F71-oysteing@apache.org', 'F101', 'F71-bpendleton@apache.org', 'F71-myrnavl@apache.org', 'F3-boolean', 'F3-ResultSet', 'F71-kristwaa@apache.org', 'F15-NA', 'F71-mikem@apache.org', 'F41', 'F120', 'F110', 'F71-mamta@apache.org', 'F71-davidvc@apache.org', 'F22', 'F3-null', 'F71-kahatlen@apache.org', 'F3-int[]', 'F123', 'F3-PrintWriter', 'F25', 'F116', 'F3-Connection', 'F15-public', 'F3-int', 'F71-coar@apache.org', 'F15-private', 'F126', 'F3-byte[]', 'F104', 'F3-NA', 'F15-protected', 'F3-InputStream', 'F71-suresht@apache.org', 'F71-fuzzylogic@apache.org', 'F3-QualifiedIdentifier', 'F77', 'F72', 'F3-ExecRow', 'F3-SQLException', 'F3-String', 'F117', 'F71-bernt@apache.org', 'F71-bandaram@apache.org'}
    F72   F25  ... F71-bpendleton@apache.org F71-coar@apache.org
1  8134  3064  ...                         0                   0
2  8134  3064  ...                         0                   1
3  8134  3064  ...                         0                   1

[3 rows x 55 columns]
;.;
   F72  F25  ...  F71-bpendleton@apache.org  F71-coar@apache.org
0  1.0  1.0  ...                        0.0                  0.0
1  1.0  1.0  ...                        0.0                  1.0
2  1.0  1.0  ...                        0.0                  1.0

[3 rows x 55 columns]
training_x: (413, 55)
training_y: 413
testset_x: (45, 55)
testset_y: 45
              precision    recall  f1-score   support

           0       0.00      0.00      0.00        33
           1       0.27      1.00      0.42        12

    accuracy                           0.27        45
   macro avg       0.13      0.50      0.21        45
weighted avg       0.07      0.27      0.11        45

accuracy: 0.26666666666666666
0.42105263157894735
@@@ tn: 0, fp: 33, fn: 0, tp: 12
@@@ LIME - Creating explainer
@@@ LIME - Random Sampling of Instances
iter: 0, sample_no: 5, actual label: 0, predicted: 1
iter: 1, sample_no: 33, actual label: 0, predicted: 1
iter: 2, sample_no: 32, actual label: 0, predicted: 1
iter: 3, sample_no: 37, actual label: 0, predicted: 1
iter: 4, sample_no: 43, actual label: 0, predicted: 1
iter: 5, sample_no: 36, actual label: 0, predicted: 1
iter: 6, sample_no: 34, actual label: 1, predicted: 1
iter: 7, sample_no: 13, actual label: 1, predicted: 1
iter: 8, sample_no: 18, actual label: 1, predicted: 1
iter: 9, sample_no: 22, actual label: 0, predicted: 1
iter: 10, sample_no: 4, actual label: 0, predicted: 1
iter: 11, sample_no: 25, actual label: 1, predicted: 1
iter: 12, sample_no: 41, actual label: 0, predicted: 1
iter: 13, sample_no: 19, actual label: 0, predicted: 1
iter: 14, sample_no: 7, actual label: 0, predicted: 1
iter: 15, sample_no: 30, actual label: 1, predicted: 1
iter: 16, sample_no: 12, actual label: 0, predicted: 1
iter: 17, sample_no: 24, actual label: 1, predicted: 1
iter: 18, sample_no: 27, actual label: 0, predicted: 1
iter: 19, sample_no: 27, actual label: 0, predicted: 1
iter: 20, sample_no: 28, actual label: 0, predicted: 1
iter: 21, sample_no: 23, actual label: 0, predicted: 1
iter: 22, sample_no: 10, actual label: 0, predicted: 1
iter: 23, sample_no: 44, actual label: 0, predicted: 1
iter: 24, sample_no: 23, actual label: 0, predicted: 1
number of samples: 45
AUC 0.5
pos_get 12
total recall stop_at 1.0
@@@ C - Repeat number: 5
@@@ D - common_header:  {'F71-kmarsden@apache.org', 'F71-rhillegas@apache.org', 'F3-long', 'category', 'F71-bakksjo@apache.org', 'F65', 'F105', 'F3-TransactionController', 'F115', 'F71-dag@apache.org', 'F68', 'F71-djd@apache.org', 'F71-oysteing@apache.org', 'F101', 'F71-bpendleton@apache.org', 'F71-myrnavl@apache.org', 'F3-boolean', 'F3-ResultSet', 'F71-kristwaa@apache.org', 'F15-NA', 'F71-mikem@apache.org', 'F41', 'F120', 'F110', 'F71-mamta@apache.org', 'F71-davidvc@apache.org', 'F22', 'F3-null', 'F71-kahatlen@apache.org', 'F3-int[]', 'F123', 'F3-PrintWriter', 'F25', 'F116', 'F3-Connection', 'F15-public', 'F3-int', 'F71-coar@apache.org', 'F15-private', 'F126', 'F3-byte[]', 'F104', 'F3-NA', 'F15-protected', 'F3-InputStream', 'F71-suresht@apache.org', 'F71-fuzzylogic@apache.org', 'F3-QualifiedIdentifier', 'F77', 'F72', 'F3-ExecRow', 'F3-SQLException', 'F3-String', 'F117', 'F71-bernt@apache.org', 'F71-bandaram@apache.org'}
    F72   F25  ... F71-bpendleton@apache.org F71-coar@apache.org
1  8134  3064  ...                         0                   0
2  8134  3064  ...                         0                   1
3  8134  3064  ...                         0                   1

[3 rows x 55 columns]
;.;
   F72  F25  ...  F71-bpendleton@apache.org  F71-coar@apache.org
0  1.0  1.0  ...                        0.0                  0.0
1  1.0  1.0  ...                        0.0                  1.0
2  1.0  1.0  ...                        0.0                  1.0

[3 rows x 55 columns]
training_x: (413, 55)
training_y: 413
testset_x: (45, 55)
testset_y: 45
              precision    recall  f1-score   support

           0       0.00      0.00      0.00        33
           1       0.27      1.00      0.42        12

    accuracy                           0.27        45
   macro avg       0.13      0.50      0.21        45
weighted avg       0.07      0.27      0.11        45

accuracy: 0.26666666666666666
0.42105263157894735
@@@ tn: 0, fp: 33, fn: 0, tp: 12
@@@ LIME - Creating explainer
@@@ LIME - Random Sampling of Instances
iter: 0, sample_no: 7, actual label: 0, predicted: 1
iter: 1, sample_no: 25, actual label: 1, predicted: 1
iter: 2, sample_no: 24, actual label: 1, predicted: 1
iter: 3, sample_no: 27, actual label: 0, predicted: 1
iter: 4, sample_no: 38, actual label: 0, predicted: 1
iter: 5, sample_no: 16, actual label: 0, predicted: 1
iter: 6, sample_no: 43, actual label: 0, predicted: 1
iter: 7, sample_no: 35, actual label: 1, predicted: 1
iter: 8, sample_no: 14, actual label: 0, predicted: 1
iter: 9, sample_no: 10, actual label: 0, predicted: 1
iter: 10, sample_no: 16, actual label: 0, predicted: 1
iter: 11, sample_no: 41, actual label: 0, predicted: 1
iter: 12, sample_no: 36, actual label: 0, predicted: 1
iter: 13, sample_no: 4, actual label: 0, predicted: 1
iter: 14, sample_no: 40, actual label: 1, predicted: 1
iter: 15, sample_no: 22, actual label: 0, predicted: 1
iter: 16, sample_no: 36, actual label: 0, predicted: 1
iter: 17, sample_no: 9, actual label: 0, predicted: 1
iter: 18, sample_no: 12, actual label: 0, predicted: 1
iter: 19, sample_no: 11, actual label: 0, predicted: 1
iter: 20, sample_no: 14, actual label: 0, predicted: 1
iter: 21, sample_no: 27, actual label: 0, predicted: 1
iter: 22, sample_no: 30, actual label: 1, predicted: 1
iter: 23, sample_no: 9, actual label: 0, predicted: 1
iter: 24, sample_no: 23, actual label: 0, predicted: 1
number of samples: 45
AUC 0.5
pos_get 12
total recall stop_at 1.0
@@@ C - Repeat number: 6
@@@ D - common_header:  {'F71-kmarsden@apache.org', 'F71-rhillegas@apache.org', 'F3-long', 'category', 'F71-bakksjo@apache.org', 'F65', 'F105', 'F3-TransactionController', 'F115', 'F71-dag@apache.org', 'F68', 'F71-djd@apache.org', 'F71-oysteing@apache.org', 'F101', 'F71-bpendleton@apache.org', 'F71-myrnavl@apache.org', 'F3-boolean', 'F3-ResultSet', 'F71-kristwaa@apache.org', 'F15-NA', 'F71-mikem@apache.org', 'F41', 'F120', 'F110', 'F71-mamta@apache.org', 'F71-davidvc@apache.org', 'F22', 'F3-null', 'F71-kahatlen@apache.org', 'F3-int[]', 'F123', 'F3-PrintWriter', 'F25', 'F116', 'F3-Connection', 'F15-public', 'F3-int', 'F71-coar@apache.org', 'F15-private', 'F126', 'F3-byte[]', 'F104', 'F3-NA', 'F15-protected', 'F3-InputStream', 'F71-suresht@apache.org', 'F71-fuzzylogic@apache.org', 'F3-QualifiedIdentifier', 'F77', 'F72', 'F3-ExecRow', 'F3-SQLException', 'F3-String', 'F117', 'F71-bernt@apache.org', 'F71-bandaram@apache.org'}
    F72   F25  ... F71-bpendleton@apache.org F71-coar@apache.org
1  8134  3064  ...                         0                   0
2  8134  3064  ...                         0                   1
3  8134  3064  ...                         0                   1

[3 rows x 55 columns]
;.;
   F72  F25  ...  F71-bpendleton@apache.org  F71-coar@apache.org
0  1.0  1.0  ...                        0.0                  0.0
1  1.0  1.0  ...                        0.0                  1.0
2  1.0  1.0  ...                        0.0                  1.0

[3 rows x 55 columns]
training_x: (413, 55)
training_y: 413
testset_x: (45, 55)
testset_y: 45
              precision    recall  f1-score   support

           0       0.00      0.00      0.00        33
           1       0.27      1.00      0.42        12

    accuracy                           0.27        45
   macro avg       0.13      0.50      0.21        45
weighted avg       0.07      0.27      0.11        45

accuracy: 0.26666666666666666
0.42105263157894735
@@@ tn: 0, fp: 33, fn: 0, tp: 12
@@@ LIME - Creating explainer
@@@ LIME - Random Sampling of Instances
iter: 0, sample_no: 0, actual label: 0, predicted: 1
iter: 1, sample_no: 39, actual label: 0, predicted: 1
iter: 2, sample_no: 19, actual label: 0, predicted: 1
iter: 3, sample_no: 38, actual label: 0, predicted: 1
iter: 4, sample_no: 4, actual label: 0, predicted: 1
iter: 5, sample_no: 26, actual label: 0, predicted: 1
iter: 6, sample_no: 36, actual label: 0, predicted: 1
iter: 7, sample_no: 39, actual label: 0, predicted: 1
iter: 8, sample_no: 0, actual label: 0, predicted: 1
iter: 9, sample_no: 37, actual label: 0, predicted: 1
iter: 10, sample_no: 34, actual label: 1, predicted: 1
iter: 11, sample_no: 27, actual label: 0, predicted: 1
iter: 12, sample_no: 6, actual label: 0, predicted: 1
iter: 13, sample_no: 14, actual label: 0, predicted: 1
iter: 14, sample_no: 31, actual label: 1, predicted: 1
iter: 15, sample_no: 22, actual label: 0, predicted: 1
iter: 16, sample_no: 8, actual label: 0, predicted: 1
iter: 17, sample_no: 40, actual label: 1, predicted: 1
iter: 18, sample_no: 12, actual label: 0, predicted: 1
iter: 19, sample_no: 2, actual label: 0, predicted: 1
iter: 20, sample_no: 30, actual label: 1, predicted: 1
iter: 21, sample_no: 14, actual label: 0, predicted: 1
iter: 22, sample_no: 0, actual label: 0, predicted: 1
iter: 23, sample_no: 19, actual label: 0, predicted: 1
iter: 24, sample_no: 40, actual label: 1, predicted: 1
number of samples: 45
AUC 0.5
pos_get 12
total recall stop_at 1.0
@@@ C - Repeat number: 7
@@@ D - common_header:  {'F71-kmarsden@apache.org', 'F71-rhillegas@apache.org', 'F3-long', 'category', 'F71-bakksjo@apache.org', 'F65', 'F105', 'F3-TransactionController', 'F115', 'F71-dag@apache.org', 'F68', 'F71-djd@apache.org', 'F71-oysteing@apache.org', 'F101', 'F71-bpendleton@apache.org', 'F71-myrnavl@apache.org', 'F3-boolean', 'F3-ResultSet', 'F71-kristwaa@apache.org', 'F15-NA', 'F71-mikem@apache.org', 'F41', 'F120', 'F110', 'F71-mamta@apache.org', 'F71-davidvc@apache.org', 'F22', 'F3-null', 'F71-kahatlen@apache.org', 'F3-int[]', 'F123', 'F3-PrintWriter', 'F25', 'F116', 'F3-Connection', 'F15-public', 'F3-int', 'F71-coar@apache.org', 'F15-private', 'F126', 'F3-byte[]', 'F104', 'F3-NA', 'F15-protected', 'F3-InputStream', 'F71-suresht@apache.org', 'F71-fuzzylogic@apache.org', 'F3-QualifiedIdentifier', 'F77', 'F72', 'F3-ExecRow', 'F3-SQLException', 'F3-String', 'F117', 'F71-bernt@apache.org', 'F71-bandaram@apache.org'}
    F72   F25  ... F71-bpendleton@apache.org F71-coar@apache.org
1  8134  3064  ...                         0                   0
2  8134  3064  ...                         0                   1
3  8134  3064  ...                         0                   1

[3 rows x 55 columns]
;.;
   F72  F25  ...  F71-bpendleton@apache.org  F71-coar@apache.org
0  1.0  1.0  ...                        0.0                  0.0
1  1.0  1.0  ...                        0.0                  1.0
2  1.0  1.0  ...                        0.0                  1.0

[3 rows x 55 columns]
training_x: (413, 55)
training_y: 413
testset_x: (45, 55)
testset_y: 45
              precision    recall  f1-score   support

           0       0.00      0.00      0.00        33
           1       0.27      1.00      0.42        12

    accuracy                           0.27        45
   macro avg       0.13      0.50      0.21        45
weighted avg       0.07      0.27      0.11        45

accuracy: 0.26666666666666666
0.42105263157894735
@@@ tn: 0, fp: 33, fn: 0, tp: 12
@@@ LIME - Creating explainer
@@@ LIME - Random Sampling of Instances
iter: 0, sample_no: 42, actual label: 0, predicted: 1
iter: 1, sample_no: 44, actual label: 0, predicted: 1
iter: 2, sample_no: 34, actual label: 1, predicted: 1
iter: 3, sample_no: 21, actual label: 0, predicted: 1
iter: 4, sample_no: 33, actual label: 0, predicted: 1
iter: 5, sample_no: 29, actual label: 1, predicted: 1
iter: 6, sample_no: 25, actual label: 1, predicted: 1
iter: 7, sample_no: 21, actual label: 0, predicted: 1
iter: 8, sample_no: 10, actual label: 0, predicted: 1
iter: 9, sample_no: 30, actual label: 1, predicted: 1
iter: 10, sample_no: 30, actual label: 1, predicted: 1
iter: 11, sample_no: 29, actual label: 1, predicted: 1
iter: 12, sample_no: 24, actual label: 1, predicted: 1
iter: 13, sample_no: 6, actual label: 0, predicted: 1
iter: 14, sample_no: 11, actual label: 0, predicted: 1
iter: 15, sample_no: 18, actual label: 1, predicted: 1
iter: 16, sample_no: 5, actual label: 0, predicted: 1
iter: 17, sample_no: 18, actual label: 1, predicted: 1
iter: 18, sample_no: 20, actual label: 1, predicted: 1
iter: 19, sample_no: 14, actual label: 0, predicted: 1
iter: 20, sample_no: 38, actual label: 0, predicted: 1
iter: 21, sample_no: 11, actual label: 0, predicted: 1
iter: 22, sample_no: 16, actual label: 0, predicted: 1
iter: 23, sample_no: 35, actual label: 1, predicted: 1
iter: 24, sample_no: 8, actual label: 0, predicted: 1
number of samples: 45
AUC 0.5
pos_get 12
total recall stop_at 1.0
@@@ C - Repeat number: 8
@@@ D - common_header:  {'F71-kmarsden@apache.org', 'F71-rhillegas@apache.org', 'F3-long', 'category', 'F71-bakksjo@apache.org', 'F65', 'F105', 'F3-TransactionController', 'F115', 'F71-dag@apache.org', 'F68', 'F71-djd@apache.org', 'F71-oysteing@apache.org', 'F101', 'F71-bpendleton@apache.org', 'F71-myrnavl@apache.org', 'F3-boolean', 'F3-ResultSet', 'F71-kristwaa@apache.org', 'F15-NA', 'F71-mikem@apache.org', 'F41', 'F120', 'F110', 'F71-mamta@apache.org', 'F71-davidvc@apache.org', 'F22', 'F3-null', 'F71-kahatlen@apache.org', 'F3-int[]', 'F123', 'F3-PrintWriter', 'F25', 'F116', 'F3-Connection', 'F15-public', 'F3-int', 'F71-coar@apache.org', 'F15-private', 'F126', 'F3-byte[]', 'F104', 'F3-NA', 'F15-protected', 'F3-InputStream', 'F71-suresht@apache.org', 'F71-fuzzylogic@apache.org', 'F3-QualifiedIdentifier', 'F77', 'F72', 'F3-ExecRow', 'F3-SQLException', 'F3-String', 'F117', 'F71-bernt@apache.org', 'F71-bandaram@apache.org'}
    F72   F25  ... F71-bpendleton@apache.org F71-coar@apache.org
1  8134  3064  ...                         0                   0
2  8134  3064  ...                         0                   1
3  8134  3064  ...                         0                   1

[3 rows x 55 columns]
;.;
   F72  F25  ...  F71-bpendleton@apache.org  F71-coar@apache.org
0  1.0  1.0  ...                        0.0                  0.0
1  1.0  1.0  ...                        0.0                  1.0
2  1.0  1.0  ...                        0.0                  1.0

[3 rows x 55 columns]
training_x: (413, 55)
training_y: 413
testset_x: (45, 55)
testset_y: 45
              precision    recall  f1-score   support

           0       0.00      0.00      0.00        33
           1       0.27      1.00      0.42        12

    accuracy                           0.27        45
   macro avg       0.13      0.50      0.21        45
weighted avg       0.07      0.27      0.11        45

accuracy: 0.26666666666666666
0.42105263157894735
@@@ tn: 0, fp: 33, fn: 0, tp: 12
@@@ LIME - Creating explainer
@@@ LIME - Random Sampling of Instances
iter: 0, sample_no: 32, actual label: 0, predicted: 1
iter: 1, sample_no: 1, actual label: 0, predicted: 1
iter: 2, sample_no: 5, actual label: 0, predicted: 1
iter: 3, sample_no: 40, actual label: 1, predicted: 1
iter: 4, sample_no: 21, actual label: 0, predicted: 1
iter: 5, sample_no: 4, actual label: 0, predicted: 1
iter: 6, sample_no: 43, actual label: 0, predicted: 1
iter: 7, sample_no: 41, actual label: 0, predicted: 1
iter: 8, sample_no: 32, actual label: 0, predicted: 1
iter: 9, sample_no: 20, actual label: 1, predicted: 1
iter: 10, sample_no: 3, actual label: 0, predicted: 1
iter: 11, sample_no: 38, actual label: 0, predicted: 1
iter: 12, sample_no: 18, actual label: 1, predicted: 1
iter: 13, sample_no: 8, actual label: 0, predicted: 1
iter: 14, sample_no: 18, actual label: 1, predicted: 1
iter: 15, sample_no: 6, actual label: 0, predicted: 1
iter: 16, sample_no: 25, actual label: 1, predicted: 1
iter: 17, sample_no: 7, actual label: 0, predicted: 1
iter: 18, sample_no: 17, actual label: 0, predicted: 1
iter: 19, sample_no: 4, actual label: 0, predicted: 1
iter: 20, sample_no: 23, actual label: 0, predicted: 1
iter: 21, sample_no: 42, actual label: 0, predicted: 1
iter: 22, sample_no: 10, actual label: 0, predicted: 1
iter: 23, sample_no: 3, actual label: 0, predicted: 1
iter: 24, sample_no: 7, actual label: 0, predicted: 1
number of samples: 45
AUC 0.5
pos_get 12
total recall stop_at 1.0
@@@ C - Repeat number: 9
@@@ D - common_header:  {'F71-kmarsden@apache.org', 'F71-rhillegas@apache.org', 'F3-long', 'category', 'F71-bakksjo@apache.org', 'F65', 'F105', 'F3-TransactionController', 'F115', 'F71-dag@apache.org', 'F68', 'F71-djd@apache.org', 'F71-oysteing@apache.org', 'F101', 'F71-bpendleton@apache.org', 'F71-myrnavl@apache.org', 'F3-boolean', 'F3-ResultSet', 'F71-kristwaa@apache.org', 'F15-NA', 'F71-mikem@apache.org', 'F41', 'F120', 'F110', 'F71-mamta@apache.org', 'F71-davidvc@apache.org', 'F22', 'F3-null', 'F71-kahatlen@apache.org', 'F3-int[]', 'F123', 'F3-PrintWriter', 'F25', 'F116', 'F3-Connection', 'F15-public', 'F3-int', 'F71-coar@apache.org', 'F15-private', 'F126', 'F3-byte[]', 'F104', 'F3-NA', 'F15-protected', 'F3-InputStream', 'F71-suresht@apache.org', 'F71-fuzzylogic@apache.org', 'F3-QualifiedIdentifier', 'F77', 'F72', 'F3-ExecRow', 'F3-SQLException', 'F3-String', 'F117', 'F71-bernt@apache.org', 'F71-bandaram@apache.org'}
    F72   F25  ... F71-bpendleton@apache.org F71-coar@apache.org
1  8134  3064  ...                         0                   0
2  8134  3064  ...                         0                   1
3  8134  3064  ...                         0                   1

[3 rows x 55 columns]
;.;
   F72  F25  ...  F71-bpendleton@apache.org  F71-coar@apache.org
0  1.0  1.0  ...                        0.0                  0.0
1  1.0  1.0  ...                        0.0                  1.0
2  1.0  1.0  ...                        0.0                  1.0

[3 rows x 55 columns]
training_x: (413, 55)
training_y: 413
testset_x: (45, 55)
testset_y: 45
              precision    recall  f1-score   support

           0       0.00      0.00      0.00        33
           1       0.27      1.00      0.42        12

    accuracy                           0.27        45
   macro avg       0.13      0.50      0.21        45
weighted avg       0.07      0.27      0.11        45

accuracy: 0.26666666666666666
0.42105263157894735
@@@ tn: 0, fp: 33, fn: 0, tp: 12
@@@ LIME - Creating explainer
@@@ LIME - Random Sampling of Instances
iter: 0, sample_no: 37, actual label: 0, predicted: 1
iter: 1, sample_no: 19, actual label: 0, predicted: 1
iter: 2, sample_no: 40, actual label: 1, predicted: 1
iter: 3, sample_no: 1, actual label: 0, predicted: 1
iter: 4, sample_no: 4, actual label: 0, predicted: 1
iter: 5, sample_no: 37, actual label: 0, predicted: 1
iter: 6, sample_no: 3, actual label: 0, predicted: 1
iter: 7, sample_no: 41, actual label: 0, predicted: 1
iter: 8, sample_no: 20, actual label: 1, predicted: 1
iter: 9, sample_no: 37, actual label: 0, predicted: 1
iter: 10, sample_no: 29, actual label: 1, predicted: 1
iter: 11, sample_no: 10, actual label: 0, predicted: 1
iter: 12, sample_no: 37, actual label: 0, predicted: 1
iter: 13, sample_no: 15, actual label: 1, predicted: 1
iter: 14, sample_no: 36, actual label: 0, predicted: 1
iter: 15, sample_no: 19, actual label: 0, predicted: 1
iter: 16, sample_no: 43, actual label: 0, predicted: 1
iter: 17, sample_no: 25, actual label: 1, predicted: 1
iter: 18, sample_no: 29, actual label: 1, predicted: 1
iter: 19, sample_no: 10, actual label: 0, predicted: 1
iter: 20, sample_no: 10, actual label: 0, predicted: 1
iter: 21, sample_no: 25, actual label: 1, predicted: 1
iter: 22, sample_no: 19, actual label: 0, predicted: 1
iter: 23, sample_no: 22, actual label: 0, predicted: 1
iter: 24, sample_no: 3, actual label: 0, predicted: 1
number of samples: 45
AUC 0.5
pos_get 12
total recall stop_at 1.0
@@@ C - Repeat number: 10
@@@ D - common_header:  {'F71-kmarsden@apache.org', 'F71-rhillegas@apache.org', 'F3-long', 'category', 'F71-bakksjo@apache.org', 'F65', 'F105', 'F3-TransactionController', 'F115', 'F71-dag@apache.org', 'F68', 'F71-djd@apache.org', 'F71-oysteing@apache.org', 'F101', 'F71-bpendleton@apache.org', 'F71-myrnavl@apache.org', 'F3-boolean', 'F3-ResultSet', 'F71-kristwaa@apache.org', 'F15-NA', 'F71-mikem@apache.org', 'F41', 'F120', 'F110', 'F71-mamta@apache.org', 'F71-davidvc@apache.org', 'F22', 'F3-null', 'F71-kahatlen@apache.org', 'F3-int[]', 'F123', 'F3-PrintWriter', 'F25', 'F116', 'F3-Connection', 'F15-public', 'F3-int', 'F71-coar@apache.org', 'F15-private', 'F126', 'F3-byte[]', 'F104', 'F3-NA', 'F15-protected', 'F3-InputStream', 'F71-suresht@apache.org', 'F71-fuzzylogic@apache.org', 'F3-QualifiedIdentifier', 'F77', 'F72', 'F3-ExecRow', 'F3-SQLException', 'F3-String', 'F117', 'F71-bernt@apache.org', 'F71-bandaram@apache.org'}
    F72   F25  ... F71-bpendleton@apache.org F71-coar@apache.org
1  8134  3064  ...                         0                   0
2  8134  3064  ...                         0                   1
3  8134  3064  ...                         0                   1

[3 rows x 55 columns]
;.;
   F72  F25  ...  F71-bpendleton@apache.org  F71-coar@apache.org
0  1.0  1.0  ...                        0.0                  0.0
1  1.0  1.0  ...                        0.0                  1.0
2  1.0  1.0  ...                        0.0                  1.0

[3 rows x 55 columns]
training_x: (413, 55)
training_y: 413
testset_x: (45, 55)
testset_y: 45
              precision    recall  f1-score   support

           0       0.00      0.00      0.00        33
           1       0.27      1.00      0.42        12

    accuracy                           0.27        45
   macro avg       0.13      0.50      0.21        45
weighted avg       0.07      0.27      0.11        45

accuracy: 0.26666666666666666
0.42105263157894735
@@@ tn: 0, fp: 33, fn: 0, tp: 12
@@@ LIME - Creating explainer
@@@ LIME - Random Sampling of Instances
iter: 0, sample_no: 28, actual label: 0, predicted: 1
iter: 1, sample_no: 31, actual label: 1, predicted: 1
iter: 2, sample_no: 41, actual label: 0, predicted: 1
iter: 3, sample_no: 39, actual label: 0, predicted: 1
iter: 4, sample_no: 9, actual label: 0, predicted: 1
iter: 5, sample_no: 27, actual label: 0, predicted: 1
iter: 6, sample_no: 42, actual label: 0, predicted: 1
iter: 7, sample_no: 33, actual label: 0, predicted: 1
iter: 8, sample_no: 17, actual label: 0, predicted: 1
iter: 9, sample_no: 15, actual label: 1, predicted: 1
iter: 10, sample_no: 43, actual label: 0, predicted: 1
iter: 11, sample_no: 19, actual label: 0, predicted: 1
iter: 12, sample_no: 12, actual label: 0, predicted: 1
iter: 13, sample_no: 12, actual label: 0, predicted: 1
iter: 14, sample_no: 32, actual label: 0, predicted: 1
iter: 15, sample_no: 5, actual label: 0, predicted: 1
iter: 16, sample_no: 8, actual label: 0, predicted: 1
iter: 17, sample_no: 16, actual label: 0, predicted: 1
iter: 18, sample_no: 21, actual label: 0, predicted: 1
iter: 19, sample_no: 38, actual label: 0, predicted: 1
iter: 20, sample_no: 32, actual label: 0, predicted: 1
iter: 21, sample_no: 41, actual label: 0, predicted: 1
iter: 22, sample_no: 43, actual label: 0, predicted: 1
iter: 23, sample_no: 19, actual label: 0, predicted: 1
iter: 24, sample_no: 30, actual label: 1, predicted: 1
number of samples: 45
AUC 0.5
pos_get 12
total recall stop_at 1.0
----------threshold stop at----------: 1
AUC [0.5, 0.5, 0.5, 0.5, 0.5, 0.5, 0.5, 0.5, 0.5, 0.5]
AUC_median 0.5
AUC_iqr 0.0
cost [0.9111111111111111, 0.9111111111111111, 0.9111111111111111, 0.9111111111111111, 0.9111111111111111, 0.9111111111111111, 0.9111111111111111, 0.9111111111111111, 0.9111111111111111, 0.9111111111111111]
COST_med 0.9111111111111111
COST_iqr 0.0
f1_pos_list [np.float64(0.42105263157894735), np.float64(0.42105263157894735), np.float64(0.42105263157894735), np.float64(0.42105263157894735), np.float64(0.42105263157894735), np.float64(0.42105263157894735), np.float64(0.42105263157894735), np.float64(0.42105263157894735), np.float64(0.42105263157894735), np.float64(0.42105263157894735)]
f1_pos_med 0.42105263157894735
total_tn 0
total_fp 330
total_fn 0
total_tp 120
p= 0.26666666666666666
r= 1.0
f= 0.4210526315789474
