@@@ A - classifier: DummyClassifier(constant=1, strategy='constant')
@@@ B - threshold stop at: 1
@@@ C - Repeat number: 1
@@@ D - common_header:  {'F71-nicolas.deloof@gmail.com', 'F71-daniel-beck@github.com', 'F15-protected', 'F71-kohsuke@71c3de6d-444a-0410-be80-ed276b4c234a', 'F3-Level', 'F3-File', 'F123', 'F3-Class', 'F22', 'F72', 'F115', 'F3-byte[]', 'F116', 'F68', 'F3-InputStream', 'F71-jglick@cloudbees.com', 'F71-ogondza@redhat.com', 'F3-NA', 'category', 'F71-jglick@71c3de6d-444a-0410-be80-ed276b4c234a', 'F25', 'F71-dhoover@google.com', 'F3-ANTLRHashString', 'F15-private', 'F110', 'F3-String', 'F71-kutzi@gmx.de', 'F3-TaskListener', 'F117', 'F71-stephen.alan.connolly@gmail.com', 'F71-o.v.nenashev@gmail.com', 'F3-Integer', 'F104', 'F71-kk@kohsuke.org', 'F71-nigel.magnay@gmail.com', 'F126', 'F41', 'F15-NA', 'F71-s.sogabe@gmail.com', 'F3-null', 'F71-mindless@71c3de6d-444a-0410-be80-ed276b4c234a', 'F101', 'F15-public', 'F65', 'F3-long', 'F77', 'F120', 'F3-Object[]', 'F3-int', 'F105'}
     F72   F25  ... F71-kk@kohsuke.org F71-nigel.magnay@gmail.com
1  25951  3191  ...                  1                          1
2  25951  3191  ...                  1                          1
3  25951  3191  ...                  1                          1

[3 rows x 49 columns]
;.;
   F72  F25  ...  F71-kk@kohsuke.org  F71-nigel.magnay@gmail.com
0  1.0  1.0  ...                 1.0                         1.0
1  1.0  1.0  ...                 1.0                         1.0
2  1.0  1.0  ...                 1.0                         1.0

[3 rows x 49 columns]
training_x: (822, 49)
training_y: 822
testset_x: (375, 49)
testset_y: 375
              precision    recall  f1-score   support

           0       0.00      0.00      0.00       234
           1       0.38      1.00      0.55       141

    accuracy                           0.38       375
   macro avg       0.19      0.50      0.27       375
weighted avg       0.14      0.38      0.21       375

accuracy: 0.376
0.5465116279069767
@@@ tn: 0, fp: 234, fn: 0, tp: 141
@@@ LIME - Creating explainer
@@@ LIME - Random Sampling of Instances
iter: 0, sample_no: 324, actual label: 1, predicted: 1
iter: 1, sample_no: 359, actual label: 1, predicted: 1
iter: 2, sample_no: 340, actual label: 0, predicted: 1
iter: 3, sample_no: 349, actual label: 1, predicted: 1
iter: 4, sample_no: 178, actual label: 0, predicted: 1
iter: 5, sample_no: 331, actual label: 0, predicted: 1
iter: 6, sample_no: 137, actual label: 0, predicted: 1
iter: 7, sample_no: 226, actual label: 0, predicted: 1
iter: 8, sample_no: 221, actual label: 0, predicted: 1
iter: 9, sample_no: 131, actual label: 1, predicted: 1
iter: 10, sample_no: 199, actual label: 0, predicted: 1
iter: 11, sample_no: 358, actual label: 1, predicted: 1
iter: 12, sample_no: 356, actual label: 1, predicted: 1
iter: 13, sample_no: 275, actual label: 0, predicted: 1
iter: 14, sample_no: 126, actual label: 0, predicted: 1
iter: 15, sample_no: 206, actual label: 0, predicted: 1
iter: 16, sample_no: 217, actual label: 0, predicted: 1
iter: 17, sample_no: 102, actual label: 1, predicted: 1
iter: 18, sample_no: 194, actual label: 0, predicted: 1
iter: 19, sample_no: 350, actual label: 1, predicted: 1
iter: 20, sample_no: 154, actual label: 0, predicted: 1
iter: 21, sample_no: 54, actual label: 0, predicted: 1
iter: 22, sample_no: 195, actual label: 0, predicted: 1
iter: 23, sample_no: 83, actual label: 0, predicted: 1
iter: 24, sample_no: 179, actual label: 0, predicted: 1
number of samples: 375
AUC 0.5
pos_get 141
total recall stop_at 1
@@@ C - Repeat number: 2
@@@ D - common_header:  {'F71-nicolas.deloof@gmail.com', 'F71-daniel-beck@github.com', 'F15-protected', 'F71-kohsuke@71c3de6d-444a-0410-be80-ed276b4c234a', 'F3-Level', 'F3-File', 'F123', 'F3-Class', 'F22', 'F72', 'F115', 'F3-byte[]', 'F116', 'F68', 'F3-InputStream', 'F71-jglick@cloudbees.com', 'F71-ogondza@redhat.com', 'F3-NA', 'category', 'F71-jglick@71c3de6d-444a-0410-be80-ed276b4c234a', 'F25', 'F71-dhoover@google.com', 'F3-ANTLRHashString', 'F15-private', 'F110', 'F3-String', 'F71-kutzi@gmx.de', 'F3-TaskListener', 'F117', 'F71-stephen.alan.connolly@gmail.com', 'F71-o.v.nenashev@gmail.com', 'F3-Integer', 'F104', 'F71-kk@kohsuke.org', 'F71-nigel.magnay@gmail.com', 'F126', 'F41', 'F15-NA', 'F71-s.sogabe@gmail.com', 'F3-null', 'F71-mindless@71c3de6d-444a-0410-be80-ed276b4c234a', 'F101', 'F15-public', 'F65', 'F3-long', 'F77', 'F120', 'F3-Object[]', 'F3-int', 'F105'}
     F72   F25  ... F71-kk@kohsuke.org F71-nigel.magnay@gmail.com
1  25951  3191  ...                  1                          1
2  25951  3191  ...                  1                          1
3  25951  3191  ...                  1                          1

[3 rows x 49 columns]
;.;
   F72  F25  ...  F71-kk@kohsuke.org  F71-nigel.magnay@gmail.com
0  1.0  1.0  ...                 1.0                         1.0
1  1.0  1.0  ...                 1.0                         1.0
2  1.0  1.0  ...                 1.0                         1.0

[3 rows x 49 columns]
training_x: (822, 49)
training_y: 822
testset_x: (375, 49)
testset_y: 375
              precision    recall  f1-score   support

           0       0.00      0.00      0.00       234
           1       0.38      1.00      0.55       141

    accuracy                           0.38       375
   macro avg       0.19      0.50      0.27       375
weighted avg       0.14      0.38      0.21       375

accuracy: 0.376
0.5465116279069767
@@@ tn: 0, fp: 234, fn: 0, tp: 141
@@@ LIME - Creating explainer
@@@ LIME - Random Sampling of Instances
iter: 0, sample_no: 276, actual label: 1, predicted: 1
iter: 1, sample_no: 0, actual label: 0, predicted: 1
iter: 2, sample_no: 0, actual label: 0, predicted: 1
iter: 3, sample_no: 222, actual label: 0, predicted: 1
iter: 4, sample_no: 230, actual label: 1, predicted: 1
iter: 5, sample_no: 114, actual label: 1, predicted: 1
iter: 6, sample_no: 77, actual label: 0, predicted: 1
iter: 7, sample_no: 296, actual label: 1, predicted: 1
iter: 8, sample_no: 237, actual label: 0, predicted: 1
iter: 9, sample_no: 344, actual label: 0, predicted: 1
iter: 10, sample_no: 182, actual label: 1, predicted: 1
iter: 11, sample_no: 43, actual label: 0, predicted: 1
iter: 12, sample_no: 61, actual label: 0, predicted: 1
iter: 13, sample_no: 210, actual label: 1, predicted: 1
iter: 14, sample_no: 89, actual label: 1, predicted: 1
iter: 15, sample_no: 342, actual label: 1, predicted: 1
iter: 16, sample_no: 164, actual label: 0, predicted: 1
iter: 17, sample_no: 239, actual label: 0, predicted: 1
iter: 18, sample_no: 26, actual label: 1, predicted: 1
iter: 19, sample_no: 226, actual label: 0, predicted: 1
iter: 20, sample_no: 372, actual label: 1, predicted: 1
iter: 21, sample_no: 140, actual label: 0, predicted: 1
iter: 22, sample_no: 67, actual label: 0, predicted: 1
iter: 23, sample_no: 189, actual label: 0, predicted: 1
iter: 24, sample_no: 115, actual label: 1, predicted: 1
number of samples: 375
AUC 0.5
pos_get 141
total recall stop_at 1
@@@ C - Repeat number: 3
@@@ D - common_header:  {'F71-nicolas.deloof@gmail.com', 'F71-daniel-beck@github.com', 'F15-protected', 'F71-kohsuke@71c3de6d-444a-0410-be80-ed276b4c234a', 'F3-Level', 'F3-File', 'F123', 'F3-Class', 'F22', 'F72', 'F115', 'F3-byte[]', 'F116', 'F68', 'F3-InputStream', 'F71-jglick@cloudbees.com', 'F71-ogondza@redhat.com', 'F3-NA', 'category', 'F71-jglick@71c3de6d-444a-0410-be80-ed276b4c234a', 'F25', 'F71-dhoover@google.com', 'F3-ANTLRHashString', 'F15-private', 'F110', 'F3-String', 'F71-kutzi@gmx.de', 'F3-TaskListener', 'F117', 'F71-stephen.alan.connolly@gmail.com', 'F71-o.v.nenashev@gmail.com', 'F3-Integer', 'F104', 'F71-kk@kohsuke.org', 'F71-nigel.magnay@gmail.com', 'F126', 'F41', 'F15-NA', 'F71-s.sogabe@gmail.com', 'F3-null', 'F71-mindless@71c3de6d-444a-0410-be80-ed276b4c234a', 'F101', 'F15-public', 'F65', 'F3-long', 'F77', 'F120', 'F3-Object[]', 'F3-int', 'F105'}
     F72   F25  ... F71-kk@kohsuke.org F71-nigel.magnay@gmail.com
1  25951  3191  ...                  1                          1
2  25951  3191  ...                  1                          1
3  25951  3191  ...                  1                          1

[3 rows x 49 columns]
;.;
   F72  F25  ...  F71-kk@kohsuke.org  F71-nigel.magnay@gmail.com
0  1.0  1.0  ...                 1.0                         1.0
1  1.0  1.0  ...                 1.0                         1.0
2  1.0  1.0  ...                 1.0                         1.0

[3 rows x 49 columns]
training_x: (822, 49)
training_y: 822
testset_x: (375, 49)
testset_y: 375
              precision    recall  f1-score   support

           0       0.00      0.00      0.00       234
           1       0.38      1.00      0.55       141

    accuracy                           0.38       375
   macro avg       0.19      0.50      0.27       375
weighted avg       0.14      0.38      0.21       375

accuracy: 0.376
0.5465116279069767
@@@ tn: 0, fp: 234, fn: 0, tp: 141
@@@ LIME - Creating explainer
@@@ LIME - Random Sampling of Instances
iter: 0, sample_no: 131, actual label: 1, predicted: 1
iter: 1, sample_no: 234, actual label: 0, predicted: 1
iter: 2, sample_no: 77, actual label: 0, predicted: 1
iter: 3, sample_no: 370, actual label: 1, predicted: 1
iter: 4, sample_no: 43, actual label: 0, predicted: 1
iter: 5, sample_no: 330, actual label: 1, predicted: 1
iter: 6, sample_no: 116, actual label: 1, predicted: 1
iter: 7, sample_no: 176, actual label: 0, predicted: 1
iter: 8, sample_no: 121, actual label: 0, predicted: 1
iter: 9, sample_no: 301, actual label: 1, predicted: 1
iter: 10, sample_no: 19, actual label: 0, predicted: 1
iter: 11, sample_no: 248, actual label: 1, predicted: 1
iter: 12, sample_no: 75, actual label: 0, predicted: 1
iter: 13, sample_no: 38, actual label: 1, predicted: 1
iter: 14, sample_no: 110, actual label: 0, predicted: 1
iter: 15, sample_no: 43, actual label: 0, predicted: 1
iter: 16, sample_no: 163, actual label: 0, predicted: 1
iter: 17, sample_no: 220, actual label: 0, predicted: 1
iter: 18, sample_no: 374, actual label: 1, predicted: 1
iter: 19, sample_no: 181, actual label: 0, predicted: 1
iter: 20, sample_no: 169, actual label: 0, predicted: 1
iter: 21, sample_no: 205, actual label: 0, predicted: 1
iter: 22, sample_no: 255, actual label: 1, predicted: 1
iter: 23, sample_no: 39, actual label: 1, predicted: 1
iter: 24, sample_no: 361, actual label: 1, predicted: 1
number of samples: 375
AUC 0.5
pos_get 141
total recall stop_at 1
@@@ C - Repeat number: 4
@@@ D - common_header:  {'F71-nicolas.deloof@gmail.com', 'F71-daniel-beck@github.com', 'F15-protected', 'F71-kohsuke@71c3de6d-444a-0410-be80-ed276b4c234a', 'F3-Level', 'F3-File', 'F123', 'F3-Class', 'F22', 'F72', 'F115', 'F3-byte[]', 'F116', 'F68', 'F3-InputStream', 'F71-jglick@cloudbees.com', 'F71-ogondza@redhat.com', 'F3-NA', 'category', 'F71-jglick@71c3de6d-444a-0410-be80-ed276b4c234a', 'F25', 'F71-dhoover@google.com', 'F3-ANTLRHashString', 'F15-private', 'F110', 'F3-String', 'F71-kutzi@gmx.de', 'F3-TaskListener', 'F117', 'F71-stephen.alan.connolly@gmail.com', 'F71-o.v.nenashev@gmail.com', 'F3-Integer', 'F104', 'F71-kk@kohsuke.org', 'F71-nigel.magnay@gmail.com', 'F126', 'F41', 'F15-NA', 'F71-s.sogabe@gmail.com', 'F3-null', 'F71-mindless@71c3de6d-444a-0410-be80-ed276b4c234a', 'F101', 'F15-public', 'F65', 'F3-long', 'F77', 'F120', 'F3-Object[]', 'F3-int', 'F105'}
     F72   F25  ... F71-kk@kohsuke.org F71-nigel.magnay@gmail.com
1  25951  3191  ...                  1                          1
2  25951  3191  ...                  1                          1
3  25951  3191  ...                  1                          1

[3 rows x 49 columns]
;.;
   F72  F25  ...  F71-kk@kohsuke.org  F71-nigel.magnay@gmail.com
0  1.0  1.0  ...                 1.0                         1.0
1  1.0  1.0  ...                 1.0                         1.0
2  1.0  1.0  ...                 1.0                         1.0

[3 rows x 49 columns]
training_x: (822, 49)
training_y: 822
testset_x: (375, 49)
testset_y: 375
              precision    recall  f1-score   support

           0       0.00      0.00      0.00       234
           1       0.38      1.00      0.55       141

    accuracy                           0.38       375
   macro avg       0.19      0.50      0.27       375
weighted avg       0.14      0.38      0.21       375

accuracy: 0.376
0.5465116279069767
@@@ tn: 0, fp: 234, fn: 0, tp: 141
@@@ LIME - Creating explainer
@@@ LIME - Random Sampling of Instances
iter: 0, sample_no: 189, actual label: 0, predicted: 1
iter: 1, sample_no: 325, actual label: 1, predicted: 1
iter: 2, sample_no: 72, actual label: 0, predicted: 1
iter: 3, sample_no: 342, actual label: 1, predicted: 1
iter: 4, sample_no: 119, actual label: 0, predicted: 1
iter: 5, sample_no: 371, actual label: 0, predicted: 1
iter: 6, sample_no: 303, actual label: 1, predicted: 1
iter: 7, sample_no: 30, actual label: 0, predicted: 1
iter: 8, sample_no: 184, actual label: 1, predicted: 1
iter: 9, sample_no: 5, actual label: 0, predicted: 1
iter: 10, sample_no: 126, actual label: 0, predicted: 1
iter: 11, sample_no: 175, actual label: 1, predicted: 1
iter: 12, sample_no: 265, actual label: 0, predicted: 1
iter: 13, sample_no: 339, actual label: 1, predicted: 1
iter: 14, sample_no: 54, actual label: 0, predicted: 1
iter: 15, sample_no: 335, actual label: 1, predicted: 1
iter: 16, sample_no: 315, actual label: 1, predicted: 1
iter: 17, sample_no: 359, actual label: 1, predicted: 1
iter: 18, sample_no: 261, actual label: 0, predicted: 1
iter: 19, sample_no: 344, actual label: 0, predicted: 1
iter: 20, sample_no: 353, actual label: 1, predicted: 1
iter: 21, sample_no: 72, actual label: 0, predicted: 1
iter: 22, sample_no: 246, actual label: 1, predicted: 1
iter: 23, sample_no: 344, actual label: 0, predicted: 1
iter: 24, sample_no: 3, actual label: 1, predicted: 1
number of samples: 375
AUC 0.5
pos_get 141
total recall stop_at 1
@@@ C - Repeat number: 5
@@@ D - common_header:  {'F71-nicolas.deloof@gmail.com', 'F71-daniel-beck@github.com', 'F15-protected', 'F71-kohsuke@71c3de6d-444a-0410-be80-ed276b4c234a', 'F3-Level', 'F3-File', 'F123', 'F3-Class', 'F22', 'F72', 'F115', 'F3-byte[]', 'F116', 'F68', 'F3-InputStream', 'F71-jglick@cloudbees.com', 'F71-ogondza@redhat.com', 'F3-NA', 'category', 'F71-jglick@71c3de6d-444a-0410-be80-ed276b4c234a', 'F25', 'F71-dhoover@google.com', 'F3-ANTLRHashString', 'F15-private', 'F110', 'F3-String', 'F71-kutzi@gmx.de', 'F3-TaskListener', 'F117', 'F71-stephen.alan.connolly@gmail.com', 'F71-o.v.nenashev@gmail.com', 'F3-Integer', 'F104', 'F71-kk@kohsuke.org', 'F71-nigel.magnay@gmail.com', 'F126', 'F41', 'F15-NA', 'F71-s.sogabe@gmail.com', 'F3-null', 'F71-mindless@71c3de6d-444a-0410-be80-ed276b4c234a', 'F101', 'F15-public', 'F65', 'F3-long', 'F77', 'F120', 'F3-Object[]', 'F3-int', 'F105'}
     F72   F25  ... F71-kk@kohsuke.org F71-nigel.magnay@gmail.com
1  25951  3191  ...                  1                          1
2  25951  3191  ...                  1                          1
3  25951  3191  ...                  1                          1

[3 rows x 49 columns]
;.;
   F72  F25  ...  F71-kk@kohsuke.org  F71-nigel.magnay@gmail.com
0  1.0  1.0  ...                 1.0                         1.0
1  1.0  1.0  ...                 1.0                         1.0
2  1.0  1.0  ...                 1.0                         1.0

[3 rows x 49 columns]
training_x: (822, 49)
training_y: 822
testset_x: (375, 49)
testset_y: 375
              precision    recall  f1-score   support

           0       0.00      0.00      0.00       234
           1       0.38      1.00      0.55       141

    accuracy                           0.38       375
   macro avg       0.19      0.50      0.27       375
weighted avg       0.14      0.38      0.21       375

accuracy: 0.376
0.5465116279069767
@@@ tn: 0, fp: 234, fn: 0, tp: 141
@@@ LIME - Creating explainer
@@@ LIME - Random Sampling of Instances
iter: 0, sample_no: 135, actual label: 1, predicted: 1
iter: 1, sample_no: 67, actual label: 0, predicted: 1
iter: 2, sample_no: 135, actual label: 1, predicted: 1
iter: 3, sample_no: 31, actual label: 0, predicted: 1
iter: 4, sample_no: 144, actual label: 0, predicted: 1
iter: 5, sample_no: 10, actual label: 1, predicted: 1
iter: 6, sample_no: 251, actual label: 0, predicted: 1
iter: 7, sample_no: 52, actual label: 0, predicted: 1
iter: 8, sample_no: 170, actual label: 0, predicted: 1
iter: 9, sample_no: 5, actual label: 0, predicted: 1
iter: 10, sample_no: 169, actual label: 0, predicted: 1
iter: 11, sample_no: 251, actual label: 0, predicted: 1
iter: 12, sample_no: 314, actual label: 0, predicted: 1
iter: 13, sample_no: 184, actual label: 1, predicted: 1
iter: 14, sample_no: 5, actual label: 0, predicted: 1
iter: 15, sample_no: 278, actual label: 0, predicted: 1
iter: 16, sample_no: 124, actual label: 1, predicted: 1
iter: 17, sample_no: 314, actual label: 0, predicted: 1
iter: 18, sample_no: 120, actual label: 0, predicted: 1
iter: 19, sample_no: 318, actual label: 0, predicted: 1
iter: 20, sample_no: 372, actual label: 1, predicted: 1
iter: 21, sample_no: 290, actual label: 0, predicted: 1
iter: 22, sample_no: 323, actual label: 0, predicted: 1
iter: 23, sample_no: 181, actual label: 0, predicted: 1
iter: 24, sample_no: 145, actual label: 1, predicted: 1
number of samples: 375
AUC 0.5
pos_get 141
total recall stop_at 1
@@@ C - Repeat number: 6
@@@ D - common_header:  {'F71-nicolas.deloof@gmail.com', 'F71-daniel-beck@github.com', 'F15-protected', 'F71-kohsuke@71c3de6d-444a-0410-be80-ed276b4c234a', 'F3-Level', 'F3-File', 'F123', 'F3-Class', 'F22', 'F72', 'F115', 'F3-byte[]', 'F116', 'F68', 'F3-InputStream', 'F71-jglick@cloudbees.com', 'F71-ogondza@redhat.com', 'F3-NA', 'category', 'F71-jglick@71c3de6d-444a-0410-be80-ed276b4c234a', 'F25', 'F71-dhoover@google.com', 'F3-ANTLRHashString', 'F15-private', 'F110', 'F3-String', 'F71-kutzi@gmx.de', 'F3-TaskListener', 'F117', 'F71-stephen.alan.connolly@gmail.com', 'F71-o.v.nenashev@gmail.com', 'F3-Integer', 'F104', 'F71-kk@kohsuke.org', 'F71-nigel.magnay@gmail.com', 'F126', 'F41', 'F15-NA', 'F71-s.sogabe@gmail.com', 'F3-null', 'F71-mindless@71c3de6d-444a-0410-be80-ed276b4c234a', 'F101', 'F15-public', 'F65', 'F3-long', 'F77', 'F120', 'F3-Object[]', 'F3-int', 'F105'}
     F72   F25  ... F71-kk@kohsuke.org F71-nigel.magnay@gmail.com
1  25951  3191  ...                  1                          1
2  25951  3191  ...                  1                          1
3  25951  3191  ...                  1                          1

[3 rows x 49 columns]
;.;
   F72  F25  ...  F71-kk@kohsuke.org  F71-nigel.magnay@gmail.com
0  1.0  1.0  ...                 1.0                         1.0
1  1.0  1.0  ...                 1.0                         1.0
2  1.0  1.0  ...                 1.0                         1.0

[3 rows x 49 columns]
training_x: (822, 49)
training_y: 822
testset_x: (375, 49)
testset_y: 375
              precision    recall  f1-score   support

           0       0.00      0.00      0.00       234
           1       0.38      1.00      0.55       141

    accuracy                           0.38       375
   macro avg       0.19      0.50      0.27       375
weighted avg       0.14      0.38      0.21       375

accuracy: 0.376
0.5465116279069767
@@@ tn: 0, fp: 234, fn: 0, tp: 141
@@@ LIME - Creating explainer
@@@ LIME - Random Sampling of Instances
iter: 0, sample_no: 0, actual label: 0, predicted: 1
iter: 1, sample_no: 0, actual label: 0, predicted: 1
iter: 2, sample_no: 285, actual label: 0, predicted: 1
iter: 3, sample_no: 174, actual label: 1, predicted: 1
iter: 4, sample_no: 165, actual label: 0, predicted: 1
iter: 5, sample_no: 354, actual label: 0, predicted: 1
iter: 6, sample_no: 88, actual label: 0, predicted: 1
iter: 7, sample_no: 96, actual label: 1, predicted: 1
iter: 8, sample_no: 314, actual label: 0, predicted: 1
iter: 9, sample_no: 70, actual label: 1, predicted: 1
iter: 10, sample_no: 145, actual label: 1, predicted: 1
iter: 11, sample_no: 149, actual label: 0, predicted: 1
iter: 12, sample_no: 164, actual label: 0, predicted: 1
iter: 13, sample_no: 219, actual label: 0, predicted: 1
iter: 14, sample_no: 369, actual label: 0, predicted: 1
iter: 15, sample_no: 374, actual label: 1, predicted: 1
iter: 16, sample_no: 57, actual label: 1, predicted: 1
iter: 17, sample_no: 143, actual label: 1, predicted: 1
iter: 18, sample_no: 315, actual label: 1, predicted: 1
iter: 19, sample_no: 339, actual label: 1, predicted: 1
iter: 20, sample_no: 368, actual label: 1, predicted: 1
iter: 21, sample_no: 227, actual label: 0, predicted: 1
iter: 22, sample_no: 212, actual label: 0, predicted: 1
iter: 23, sample_no: 105, actual label: 1, predicted: 1
iter: 24, sample_no: 242, actual label: 0, predicted: 1
number of samples: 375
AUC 0.5
pos_get 141
total recall stop_at 1
@@@ C - Repeat number: 7
@@@ D - common_header:  {'F71-nicolas.deloof@gmail.com', 'F71-daniel-beck@github.com', 'F15-protected', 'F71-kohsuke@71c3de6d-444a-0410-be80-ed276b4c234a', 'F3-Level', 'F3-File', 'F123', 'F3-Class', 'F22', 'F72', 'F115', 'F3-byte[]', 'F116', 'F68', 'F3-InputStream', 'F71-jglick@cloudbees.com', 'F71-ogondza@redhat.com', 'F3-NA', 'category', 'F71-jglick@71c3de6d-444a-0410-be80-ed276b4c234a', 'F25', 'F71-dhoover@google.com', 'F3-ANTLRHashString', 'F15-private', 'F110', 'F3-String', 'F71-kutzi@gmx.de', 'F3-TaskListener', 'F117', 'F71-stephen.alan.connolly@gmail.com', 'F71-o.v.nenashev@gmail.com', 'F3-Integer', 'F104', 'F71-kk@kohsuke.org', 'F71-nigel.magnay@gmail.com', 'F126', 'F41', 'F15-NA', 'F71-s.sogabe@gmail.com', 'F3-null', 'F71-mindless@71c3de6d-444a-0410-be80-ed276b4c234a', 'F101', 'F15-public', 'F65', 'F3-long', 'F77', 'F120', 'F3-Object[]', 'F3-int', 'F105'}
     F72   F25  ... F71-kk@kohsuke.org F71-nigel.magnay@gmail.com
1  25951  3191  ...                  1                          1
2  25951  3191  ...                  1                          1
3  25951  3191  ...                  1                          1

[3 rows x 49 columns]
;.;
   F72  F25  ...  F71-kk@kohsuke.org  F71-nigel.magnay@gmail.com
0  1.0  1.0  ...                 1.0                         1.0
1  1.0  1.0  ...                 1.0                         1.0
2  1.0  1.0  ...                 1.0                         1.0

[3 rows x 49 columns]
training_x: (822, 49)
training_y: 822
testset_x: (375, 49)
testset_y: 375
              precision    recall  f1-score   support

           0       0.00      0.00      0.00       234
           1       0.38      1.00      0.55       141

    accuracy                           0.38       375
   macro avg       0.19      0.50      0.27       375
weighted avg       0.14      0.38      0.21       375

accuracy: 0.376
0.5465116279069767
@@@ tn: 0, fp: 234, fn: 0, tp: 141
@@@ LIME - Creating explainer
@@@ LIME - Random Sampling of Instances
iter: 0, sample_no: 173, actual label: 1, predicted: 1
iter: 1, sample_no: 0, actual label: 0, predicted: 1
iter: 2, sample_no: 29, actual label: 0, predicted: 1
iter: 3, sample_no: 113, actual label: 1, predicted: 1
iter: 4, sample_no: 181, actual label: 0, predicted: 1
iter: 5, sample_no: 65, actual label: 0, predicted: 1
iter: 6, sample_no: 227, actual label: 0, predicted: 1
iter: 7, sample_no: 230, actual label: 1, predicted: 1
iter: 8, sample_no: 233, actual label: 1, predicted: 1
iter: 9, sample_no: 346, actual label: 0, predicted: 1
iter: 10, sample_no: 148, actual label: 0, predicted: 1
iter: 11, sample_no: 21, actual label: 1, predicted: 1
iter: 12, sample_no: 302, actual label: 1, predicted: 1
iter: 13, sample_no: 7, actual label: 0, predicted: 1
iter: 14, sample_no: 111, actual label: 0, predicted: 1
iter: 15, sample_no: 156, actual label: 0, predicted: 1
iter: 16, sample_no: 324, actual label: 1, predicted: 1
iter: 17, sample_no: 22, actual label: 1, predicted: 1
iter: 18, sample_no: 151, actual label: 1, predicted: 1
iter: 19, sample_no: 215, actual label: 0, predicted: 1
iter: 20, sample_no: 100, actual label: 1, predicted: 1
iter: 21, sample_no: 338, actual label: 1, predicted: 1
iter: 22, sample_no: 125, actual label: 1, predicted: 1
iter: 23, sample_no: 105, actual label: 1, predicted: 1
iter: 24, sample_no: 13, actual label: 0, predicted: 1
number of samples: 375
AUC 0.5
pos_get 141
total recall stop_at 1
@@@ C - Repeat number: 8
@@@ D - common_header:  {'F71-nicolas.deloof@gmail.com', 'F71-daniel-beck@github.com', 'F15-protected', 'F71-kohsuke@71c3de6d-444a-0410-be80-ed276b4c234a', 'F3-Level', 'F3-File', 'F123', 'F3-Class', 'F22', 'F72', 'F115', 'F3-byte[]', 'F116', 'F68', 'F3-InputStream', 'F71-jglick@cloudbees.com', 'F71-ogondza@redhat.com', 'F3-NA', 'category', 'F71-jglick@71c3de6d-444a-0410-be80-ed276b4c234a', 'F25', 'F71-dhoover@google.com', 'F3-ANTLRHashString', 'F15-private', 'F110', 'F3-String', 'F71-kutzi@gmx.de', 'F3-TaskListener', 'F117', 'F71-stephen.alan.connolly@gmail.com', 'F71-o.v.nenashev@gmail.com', 'F3-Integer', 'F104', 'F71-kk@kohsuke.org', 'F71-nigel.magnay@gmail.com', 'F126', 'F41', 'F15-NA', 'F71-s.sogabe@gmail.com', 'F3-null', 'F71-mindless@71c3de6d-444a-0410-be80-ed276b4c234a', 'F101', 'F15-public', 'F65', 'F3-long', 'F77', 'F120', 'F3-Object[]', 'F3-int', 'F105'}
     F72   F25  ... F71-kk@kohsuke.org F71-nigel.magnay@gmail.com
1  25951  3191  ...                  1                          1
2  25951  3191  ...                  1                          1
3  25951  3191  ...                  1                          1

[3 rows x 49 columns]
;.;
   F72  F25  ...  F71-kk@kohsuke.org  F71-nigel.magnay@gmail.com
0  1.0  1.0  ...                 1.0                         1.0
1  1.0  1.0  ...                 1.0                         1.0
2  1.0  1.0  ...                 1.0                         1.0

[3 rows x 49 columns]
training_x: (822, 49)
training_y: 822
testset_x: (375, 49)
testset_y: 375
              precision    recall  f1-score   support

           0       0.00      0.00      0.00       234
           1       0.38      1.00      0.55       141

    accuracy                           0.38       375
   macro avg       0.19      0.50      0.27       375
weighted avg       0.14      0.38      0.21       375

accuracy: 0.376
0.5465116279069767
@@@ tn: 0, fp: 234, fn: 0, tp: 141
@@@ LIME - Creating explainer
@@@ LIME - Random Sampling of Instances
iter: 0, sample_no: 176, actual label: 0, predicted: 1
iter: 1, sample_no: 139, actual label: 0, predicted: 1
iter: 2, sample_no: 275, actual label: 0, predicted: 1
iter: 3, sample_no: 188, actual label: 1, predicted: 1
iter: 4, sample_no: 209, actual label: 0, predicted: 1
iter: 5, sample_no: 243, actual label: 0, predicted: 1
iter: 6, sample_no: 139, actual label: 0, predicted: 1
iter: 7, sample_no: 61, actual label: 0, predicted: 1
iter: 8, sample_no: 147, actual label: 0, predicted: 1
iter: 9, sample_no: 246, actual label: 1, predicted: 1
iter: 10, sample_no: 253, actual label: 0, predicted: 1
iter: 11, sample_no: 22, actual label: 1, predicted: 1
iter: 12, sample_no: 152, actual label: 0, predicted: 1
iter: 13, sample_no: 85, actual label: 1, predicted: 1
iter: 14, sample_no: 216, actual label: 0, predicted: 1
iter: 15, sample_no: 320, actual label: 0, predicted: 1
iter: 16, sample_no: 10, actual label: 1, predicted: 1
iter: 17, sample_no: 268, actual label: 0, predicted: 1
iter: 18, sample_no: 189, actual label: 0, predicted: 1
iter: 19, sample_no: 207, actual label: 0, predicted: 1
iter: 20, sample_no: 123, actual label: 0, predicted: 1
iter: 21, sample_no: 317, actual label: 0, predicted: 1
iter: 22, sample_no: 144, actual label: 0, predicted: 1
iter: 23, sample_no: 336, actual label: 0, predicted: 1
iter: 24, sample_no: 126, actual label: 0, predicted: 1
number of samples: 375
AUC 0.5
pos_get 141
total recall stop_at 1
@@@ C - Repeat number: 9
@@@ D - common_header:  {'F71-nicolas.deloof@gmail.com', 'F71-daniel-beck@github.com', 'F15-protected', 'F71-kohsuke@71c3de6d-444a-0410-be80-ed276b4c234a', 'F3-Level', 'F3-File', 'F123', 'F3-Class', 'F22', 'F72', 'F115', 'F3-byte[]', 'F116', 'F68', 'F3-InputStream', 'F71-jglick@cloudbees.com', 'F71-ogondza@redhat.com', 'F3-NA', 'category', 'F71-jglick@71c3de6d-444a-0410-be80-ed276b4c234a', 'F25', 'F71-dhoover@google.com', 'F3-ANTLRHashString', 'F15-private', 'F110', 'F3-String', 'F71-kutzi@gmx.de', 'F3-TaskListener', 'F117', 'F71-stephen.alan.connolly@gmail.com', 'F71-o.v.nenashev@gmail.com', 'F3-Integer', 'F104', 'F71-kk@kohsuke.org', 'F71-nigel.magnay@gmail.com', 'F126', 'F41', 'F15-NA', 'F71-s.sogabe@gmail.com', 'F3-null', 'F71-mindless@71c3de6d-444a-0410-be80-ed276b4c234a', 'F101', 'F15-public', 'F65', 'F3-long', 'F77', 'F120', 'F3-Object[]', 'F3-int', 'F105'}
     F72   F25  ... F71-kk@kohsuke.org F71-nigel.magnay@gmail.com
1  25951  3191  ...                  1                          1
2  25951  3191  ...                  1                          1
3  25951  3191  ...                  1                          1

[3 rows x 49 columns]
;.;
   F72  F25  ...  F71-kk@kohsuke.org  F71-nigel.magnay@gmail.com
0  1.0  1.0  ...                 1.0                         1.0
1  1.0  1.0  ...                 1.0                         1.0
2  1.0  1.0  ...                 1.0                         1.0

[3 rows x 49 columns]
training_x: (822, 49)
training_y: 822
testset_x: (375, 49)
testset_y: 375
              precision    recall  f1-score   support

           0       0.00      0.00      0.00       234
           1       0.38      1.00      0.55       141

    accuracy                           0.38       375
   macro avg       0.19      0.50      0.27       375
weighted avg       0.14      0.38      0.21       375

accuracy: 0.376
0.5465116279069767
@@@ tn: 0, fp: 234, fn: 0, tp: 141
@@@ LIME - Creating explainer
@@@ LIME - Random Sampling of Instances
iter: 0, sample_no: 57, actual label: 1, predicted: 1
iter: 1, sample_no: 329, actual label: 0, predicted: 1
iter: 2, sample_no: 334, actual label: 1, predicted: 1
iter: 3, sample_no: 230, actual label: 1, predicted: 1
iter: 4, sample_no: 140, actual label: 0, predicted: 1
iter: 5, sample_no: 36, actual label: 0, predicted: 1
iter: 6, sample_no: 288, actual label: 0, predicted: 1
iter: 7, sample_no: 121, actual label: 0, predicted: 1
iter: 8, sample_no: 146, actual label: 0, predicted: 1
iter: 9, sample_no: 64, actual label: 0, predicted: 1
iter: 10, sample_no: 308, actual label: 0, predicted: 1
iter: 11, sample_no: 33, actual label: 0, predicted: 1
iter: 12, sample_no: 110, actual label: 0, predicted: 1
iter: 13, sample_no: 270, actual label: 0, predicted: 1
iter: 14, sample_no: 154, actual label: 0, predicted: 1
iter: 15, sample_no: 17, actual label: 1, predicted: 1
iter: 16, sample_no: 15, actual label: 0, predicted: 1
iter: 17, sample_no: 216, actual label: 0, predicted: 1
iter: 18, sample_no: 154, actual label: 0, predicted: 1
iter: 19, sample_no: 216, actual label: 0, predicted: 1
iter: 20, sample_no: 155, actual label: 0, predicted: 1
iter: 21, sample_no: 242, actual label: 0, predicted: 1
iter: 22, sample_no: 367, actual label: 1, predicted: 1
iter: 23, sample_no: 274, actual label: 0, predicted: 1
iter: 24, sample_no: 93, actual label: 1, predicted: 1
number of samples: 375
AUC 0.5
pos_get 141
total recall stop_at 1
@@@ C - Repeat number: 10
@@@ D - common_header:  {'F71-nicolas.deloof@gmail.com', 'F71-daniel-beck@github.com', 'F15-protected', 'F71-kohsuke@71c3de6d-444a-0410-be80-ed276b4c234a', 'F3-Level', 'F3-File', 'F123', 'F3-Class', 'F22', 'F72', 'F115', 'F3-byte[]', 'F116', 'F68', 'F3-InputStream', 'F71-jglick@cloudbees.com', 'F71-ogondza@redhat.com', 'F3-NA', 'category', 'F71-jglick@71c3de6d-444a-0410-be80-ed276b4c234a', 'F25', 'F71-dhoover@google.com', 'F3-ANTLRHashString', 'F15-private', 'F110', 'F3-String', 'F71-kutzi@gmx.de', 'F3-TaskListener', 'F117', 'F71-stephen.alan.connolly@gmail.com', 'F71-o.v.nenashev@gmail.com', 'F3-Integer', 'F104', 'F71-kk@kohsuke.org', 'F71-nigel.magnay@gmail.com', 'F126', 'F41', 'F15-NA', 'F71-s.sogabe@gmail.com', 'F3-null', 'F71-mindless@71c3de6d-444a-0410-be80-ed276b4c234a', 'F101', 'F15-public', 'F65', 'F3-long', 'F77', 'F120', 'F3-Object[]', 'F3-int', 'F105'}
     F72   F25  ... F71-kk@kohsuke.org F71-nigel.magnay@gmail.com
1  25951  3191  ...                  1                          1
2  25951  3191  ...                  1                          1
3  25951  3191  ...                  1                          1

[3 rows x 49 columns]
;.;
   F72  F25  ...  F71-kk@kohsuke.org  F71-nigel.magnay@gmail.com
0  1.0  1.0  ...                 1.0                         1.0
1  1.0  1.0  ...                 1.0                         1.0
2  1.0  1.0  ...                 1.0                         1.0

[3 rows x 49 columns]
training_x: (822, 49)
training_y: 822
testset_x: (375, 49)
testset_y: 375
              precision    recall  f1-score   support

           0       0.00      0.00      0.00       234
           1       0.38      1.00      0.55       141

    accuracy                           0.38       375
   macro avg       0.19      0.50      0.27       375
weighted avg       0.14      0.38      0.21       375

accuracy: 0.376
0.5465116279069767
@@@ tn: 0, fp: 234, fn: 0, tp: 141
@@@ LIME - Creating explainer
@@@ LIME - Random Sampling of Instances
iter: 0, sample_no: 156, actual label: 0, predicted: 1
iter: 1, sample_no: 101, actual label: 1, predicted: 1
iter: 2, sample_no: 262, actual label: 0, predicted: 1
iter: 3, sample_no: 91, actual label: 1, predicted: 1
iter: 4, sample_no: 6, actual label: 0, predicted: 1
iter: 5, sample_no: 44, actual label: 0, predicted: 1
iter: 6, sample_no: 295, actual label: 1, predicted: 1
iter: 7, sample_no: 39, actual label: 1, predicted: 1
iter: 8, sample_no: 66, actual label: 0, predicted: 1
iter: 9, sample_no: 69, actual label: 0, predicted: 1
iter: 10, sample_no: 316, actual label: 0, predicted: 1
iter: 11, sample_no: 42, actual label: 0, predicted: 1
iter: 12, sample_no: 49, actual label: 0, predicted: 1
iter: 13, sample_no: 167, actual label: 0, predicted: 1
iter: 14, sample_no: 174, actual label: 1, predicted: 1
iter: 15, sample_no: 249, actual label: 1, predicted: 1
iter: 16, sample_no: 75, actual label: 0, predicted: 1
iter: 17, sample_no: 348, actual label: 1, predicted: 1
iter: 18, sample_no: 270, actual label: 0, predicted: 1
iter: 19, sample_no: 73, actual label: 0, predicted: 1
iter: 20, sample_no: 185, actual label: 1, predicted: 1
iter: 21, sample_no: 150, actual label: 0, predicted: 1
iter: 22, sample_no: 307, actual label: 1, predicted: 1
iter: 23, sample_no: 77, actual label: 0, predicted: 1
iter: 24, sample_no: 205, actual label: 0, predicted: 1
number of samples: 375
AUC 0.5
pos_get 141
total recall stop_at 1
----------threshold stop at----------: 1
AUC [0.5, 0.5, 0.5, 0.5, 0.5, 0.5, 0.5, 0.5, 0.5, 0.5]
AUC_median 0.5
AUC_iqr 0.0
cost [1, 1, 1, 1, 1, 1, 1, 1, 1, 1]
COST_med 1.0
COST_iqr 0.0
f1_pos_list [np.float64(0.5465116279069767), np.float64(0.5465116279069767), np.float64(0.5465116279069767), np.float64(0.5465116279069767), np.float64(0.5465116279069767), np.float64(0.5465116279069767), np.float64(0.5465116279069767), np.float64(0.5465116279069767), np.float64(0.5465116279069767), np.float64(0.5465116279069767)]
f1_pos_med 0.5465116279069767
total_tn 0
total_fp 2340
total_fn 0
total_tp 1410
p= 0.376
r= 1.0
f= 0.5465116279069768
