@@@ A - classifier: SVC(class_weight='balanced', kernel='linear', probability=True)
@@@ B - threshold stop at: 1
@@@ C - Repeat number: 1
@@@ D - common_header:  {'F117', 'F116', 'category', 'F110', 'F115', 'F120'}
   F116 F117                 F120  F110  F115
1  -0.5  0.0  0.15591308057414213  -1.0  -1.0
2  -0.5  0.0  0.15591308057414213  -1.0  -1.0
3  -0.5  0.0  0.15591308057414213  -1.0  -1.0
;.;
   F116  F117  F120  F110  F115
0  0.25   0.0   1.0   0.0   0.0
1  0.25   0.0   1.0   0.0   0.0
2  0.25   0.0   1.0   0.0   0.0
training_x: (2479, 5)
training_y: 2479
testset_x: (2507, 5)
testset_y: 2507
              precision    recall  f1-score   support

           0       1.00      0.99      0.99      2386
           1       0.81      0.95      0.87       121

    accuracy                           0.99      2507
   macro avg       0.90      0.97      0.93      2507
weighted avg       0.99      0.99      0.99      2507

accuracy: 0.9868368568009573
0.8745247148288974
@@@ tn: 2359, fp: 27, fn: 6, tp: 115
@@@ LIME - Creating explainer
@@@ LIME - Random Sampling of Instances
iter: 0, sample_no: 2303, actual label: 0, predicted: 0
iter: 1, sample_no: 569, actual label: 0, predicted: 0
iter: 2, sample_no: 2159, actual label: 0, predicted: 0
iter: 3, sample_no: 2183, actual label: 0, predicted: 0
iter: 4, sample_no: 967, actual label: 0, predicted: 0
iter: 5, sample_no: 594, actual label: 0, predicted: 0
iter: 6, sample_no: 129, actual label: 0, predicted: 0
iter: 7, sample_no: 708, actual label: 0, predicted: 0
iter: 8, sample_no: 868, actual label: 0, predicted: 0
iter: 9, sample_no: 1244, actual label: 0, predicted: 0
iter: 10, sample_no: 388, actual label: 0, predicted: 0
iter: 11, sample_no: 846, actual label: 0, predicted: 0
iter: 12, sample_no: 1136, actual label: 0, predicted: 0
iter: 13, sample_no: 341, actual label: 0, predicted: 0
iter: 14, sample_no: 1150, actual label: 0, predicted: 0
iter: 15, sample_no: 1538, actual label: 0, predicted: 0
iter: 16, sample_no: 178, actual label: 0, predicted: 0
iter: 17, sample_no: 1180, actual label: 0, predicted: 0
iter: 18, sample_no: 1975, actual label: 0, predicted: 0
iter: 19, sample_no: 1841, actual label: 0, predicted: 0
iter: 20, sample_no: 907, actual label: 0, predicted: 0
iter: 21, sample_no: 248, actual label: 0, predicted: 0
iter: 22, sample_no: 2041, actual label: 0, predicted: 0
iter: 23, sample_no: 159, actual label: 0, predicted: 0
iter: 24, sample_no: 1453, actual label: 0, predicted: 0
number of samples: 2507
AUC 0.9975113090825962
pos_get 121
total recall stop_at 1.0
@@@ C - Repeat number: 2
@@@ D - common_header:  {'F117', 'F116', 'category', 'F110', 'F115', 'F120'}
   F116 F117                 F120  F110  F115
1  -0.5  0.0  0.15591308057414213  -1.0  -1.0
2  -0.5  0.0  0.15591308057414213  -1.0  -1.0
3  -0.5  0.0  0.15591308057414213  -1.0  -1.0
;.;
   F116  F117  F120  F110  F115
0  0.25   0.0   1.0   0.0   0.0
1  0.25   0.0   1.0   0.0   0.0
2  0.25   0.0   1.0   0.0   0.0
training_x: (2479, 5)
training_y: 2479
testset_x: (2507, 5)
testset_y: 2507
              precision    recall  f1-score   support

           0       1.00      0.99      0.99      2386
           1       0.81      0.95      0.87       121

    accuracy                           0.99      2507
   macro avg       0.90      0.97      0.93      2507
weighted avg       0.99      0.99      0.99      2507

accuracy: 0.9868368568009573
0.8745247148288974
@@@ tn: 2359, fp: 27, fn: 6, tp: 115
@@@ LIME - Creating explainer
@@@ LIME - Random Sampling of Instances
iter: 0, sample_no: 1197, actual label: 0, predicted: 0
iter: 1, sample_no: 858, actual label: 0, predicted: 0
iter: 2, sample_no: 1314, actual label: 1, predicted: 1
iter: 3, sample_no: 998, actual label: 0, predicted: 0
iter: 4, sample_no: 1696, actual label: 0, predicted: 0
iter: 5, sample_no: 1362, actual label: 0, predicted: 0
iter: 6, sample_no: 1647, actual label: 0, predicted: 0
iter: 7, sample_no: 334, actual label: 0, predicted: 0
iter: 8, sample_no: 1165, actual label: 0, predicted: 0
iter: 9, sample_no: 1116, actual label: 0, predicted: 0
iter: 10, sample_no: 2342, actual label: 0, predicted: 0
iter: 11, sample_no: 1104, actual label: 0, predicted: 0
iter: 12, sample_no: 1801, actual label: 0, predicted: 0
iter: 13, sample_no: 1499, actual label: 0, predicted: 0
iter: 14, sample_no: 2175, actual label: 0, predicted: 0
iter: 15, sample_no: 1011, actual label: 0, predicted: 0
iter: 16, sample_no: 1896, actual label: 0, predicted: 0
iter: 17, sample_no: 802, actual label: 0, predicted: 0
iter: 18, sample_no: 272, actual label: 0, predicted: 0
iter: 19, sample_no: 370, actual label: 0, predicted: 0
iter: 20, sample_no: 641, actual label: 0, predicted: 0
iter: 21, sample_no: 1626, actual label: 1, predicted: 1
iter: 22, sample_no: 134, actual label: 0, predicted: 0
iter: 23, sample_no: 2229, actual label: 0, predicted: 0
iter: 24, sample_no: 1720, actual label: 0, predicted: 0
number of samples: 2507
AUC 0.9975113090825962
pos_get 121
total recall stop_at 1.0
@@@ C - Repeat number: 3
@@@ D - common_header:  {'F117', 'F116', 'category', 'F110', 'F115', 'F120'}
   F116 F117                 F120  F110  F115
1  -0.5  0.0  0.15591308057414213  -1.0  -1.0
2  -0.5  0.0  0.15591308057414213  -1.0  -1.0
3  -0.5  0.0  0.15591308057414213  -1.0  -1.0
;.;
   F116  F117  F120  F110  F115
0  0.25   0.0   1.0   0.0   0.0
1  0.25   0.0   1.0   0.0   0.0
2  0.25   0.0   1.0   0.0   0.0
training_x: (2479, 5)
training_y: 2479
testset_x: (2507, 5)
testset_y: 2507
              precision    recall  f1-score   support

           0       1.00      0.99      0.99      2386
           1       0.81      0.95      0.87       121

    accuracy                           0.99      2507
   macro avg       0.90      0.97      0.93      2507
weighted avg       0.99      0.99      0.99      2507

accuracy: 0.9868368568009573
0.8745247148288974
@@@ tn: 2359, fp: 27, fn: 6, tp: 115
@@@ LIME - Creating explainer
@@@ LIME - Random Sampling of Instances
iter: 0, sample_no: 2462, actual label: 0, predicted: 0
iter: 1, sample_no: 478, actual label: 0, predicted: 0
iter: 2, sample_no: 540, actual label: 0, predicted: 0
iter: 3, sample_no: 1324, actual label: 0, predicted: 0
iter: 4, sample_no: 1211, actual label: 0, predicted: 0
iter: 5, sample_no: 1635, actual label: 1, predicted: 1
iter: 6, sample_no: 1385, actual label: 0, predicted: 0
iter: 7, sample_no: 1346, actual label: 0, predicted: 0
iter: 8, sample_no: 2029, actual label: 0, predicted: 0
iter: 9, sample_no: 2379, actual label: 0, predicted: 0
iter: 10, sample_no: 556, actual label: 0, predicted: 0
iter: 11, sample_no: 1411, actual label: 0, predicted: 0
iter: 12, sample_no: 107, actual label: 0, predicted: 0
iter: 13, sample_no: 1178, actual label: 0, predicted: 0
iter: 14, sample_no: 129, actual label: 0, predicted: 0
iter: 15, sample_no: 2394, actual label: 1, predicted: 1
iter: 16, sample_no: 997, actual label: 0, predicted: 0
iter: 17, sample_no: 2347, actual label: 0, predicted: 0
iter: 18, sample_no: 1459, actual label: 0, predicted: 0
iter: 19, sample_no: 1769, actual label: 0, predicted: 0
iter: 20, sample_no: 1714, actual label: 0, predicted: 0
iter: 21, sample_no: 2463, actual label: 0, predicted: 0
iter: 22, sample_no: 1355, actual label: 0, predicted: 0
iter: 23, sample_no: 1374, actual label: 0, predicted: 0
iter: 24, sample_no: 298, actual label: 0, predicted: 0
number of samples: 2507
AUC 0.9975113090825962
pos_get 121
total recall stop_at 1.0
@@@ C - Repeat number: 4
@@@ D - common_header:  {'F117', 'F116', 'category', 'F110', 'F115', 'F120'}
   F116 F117                 F120  F110  F115
1  -0.5  0.0  0.15591308057414213  -1.0  -1.0
2  -0.5  0.0  0.15591308057414213  -1.0  -1.0
3  -0.5  0.0  0.15591308057414213  -1.0  -1.0
;.;
   F116  F117  F120  F110  F115
0  0.25   0.0   1.0   0.0   0.0
1  0.25   0.0   1.0   0.0   0.0
2  0.25   0.0   1.0   0.0   0.0
training_x: (2479, 5)
training_y: 2479
testset_x: (2507, 5)
testset_y: 2507
              precision    recall  f1-score   support

           0       1.00      0.99      0.99      2386
           1       0.81      0.95      0.87       121

    accuracy                           0.99      2507
   macro avg       0.90      0.97      0.93      2507
weighted avg       0.99      0.99      0.99      2507

accuracy: 0.9868368568009573
0.8745247148288974
@@@ tn: 2359, fp: 27, fn: 6, tp: 115
@@@ LIME - Creating explainer
@@@ LIME - Random Sampling of Instances
iter: 0, sample_no: 1576, actual label: 0, predicted: 0
iter: 1, sample_no: 1126, actual label: 0, predicted: 0
iter: 2, sample_no: 959, actual label: 0, predicted: 0
iter: 3, sample_no: 1746, actual label: 0, predicted: 0
iter: 4, sample_no: 1696, actual label: 0, predicted: 0
iter: 5, sample_no: 471, actual label: 0, predicted: 0
iter: 6, sample_no: 1377, actual label: 0, predicted: 0
iter: 7, sample_no: 1698, actual label: 0, predicted: 0
iter: 8, sample_no: 1483, actual label: 0, predicted: 0
iter: 9, sample_no: 1149, actual label: 0, predicted: 0
iter: 10, sample_no: 368, actual label: 0, predicted: 0
iter: 11, sample_no: 1526, actual label: 0, predicted: 0
iter: 12, sample_no: 2040, actual label: 0, predicted: 0
iter: 13, sample_no: 254, actual label: 1, predicted: 1
iter: 14, sample_no: 347, actual label: 0, predicted: 0
iter: 15, sample_no: 2279, actual label: 1, predicted: 1
iter: 16, sample_no: 623, actual label: 0, predicted: 0
iter: 17, sample_no: 2199, actual label: 0, predicted: 0
iter: 18, sample_no: 316, actual label: 0, predicted: 0
iter: 19, sample_no: 2032, actual label: 0, predicted: 0
iter: 20, sample_no: 2384, actual label: 0, predicted: 0
iter: 21, sample_no: 2201, actual label: 0, predicted: 0
iter: 22, sample_no: 2123, actual label: 0, predicted: 0
iter: 23, sample_no: 280, actual label: 0, predicted: 0
iter: 24, sample_no: 2344, actual label: 0, predicted: 0
number of samples: 2507
AUC 0.9975113090825961
pos_get 121
total recall stop_at 1.0
@@@ C - Repeat number: 5
@@@ D - common_header:  {'F117', 'F116', 'category', 'F110', 'F115', 'F120'}
   F116 F117                 F120  F110  F115
1  -0.5  0.0  0.15591308057414213  -1.0  -1.0
2  -0.5  0.0  0.15591308057414213  -1.0  -1.0
3  -0.5  0.0  0.15591308057414213  -1.0  -1.0
;.;
   F116  F117  F120  F110  F115
0  0.25   0.0   1.0   0.0   0.0
1  0.25   0.0   1.0   0.0   0.0
2  0.25   0.0   1.0   0.0   0.0
training_x: (2479, 5)
training_y: 2479
testset_x: (2507, 5)
testset_y: 2507
              precision    recall  f1-score   support

           0       1.00      0.99      0.99      2386
           1       0.81      0.95      0.87       121

    accuracy                           0.99      2507
   macro avg       0.90      0.97      0.93      2507
weighted avg       0.99      0.99      0.99      2507

accuracy: 0.9868368568009573
0.8745247148288974
@@@ tn: 2359, fp: 27, fn: 6, tp: 115
@@@ LIME - Creating explainer
@@@ LIME - Random Sampling of Instances
iter: 0, sample_no: 1926, actual label: 0, predicted: 0
iter: 1, sample_no: 1140, actual label: 0, predicted: 0
iter: 2, sample_no: 2022, actual label: 0, predicted: 0
iter: 3, sample_no: 143, actual label: 0, predicted: 0
iter: 4, sample_no: 139, actual label: 0, predicted: 0
iter: 5, sample_no: 349, actual label: 0, predicted: 0
iter: 6, sample_no: 613, actual label: 0, predicted: 0
iter: 7, sample_no: 835, actual label: 0, predicted: 0
iter: 8, sample_no: 1290, actual label: 0, predicted: 0
iter: 9, sample_no: 1202, actual label: 0, predicted: 0
iter: 10, sample_no: 2250, actual label: 0, predicted: 0
iter: 11, sample_no: 602, actual label: 0, predicted: 0
iter: 12, sample_no: 1144, actual label: 0, predicted: 0
iter: 13, sample_no: 869, actual label: 0, predicted: 0
iter: 14, sample_no: 1968, actual label: 0, predicted: 0
iter: 15, sample_no: 2139, actual label: 0, predicted: 0
iter: 16, sample_no: 409, actual label: 0, predicted: 0
iter: 17, sample_no: 1878, actual label: 0, predicted: 0
iter: 18, sample_no: 1436, actual label: 0, predicted: 0
iter: 19, sample_no: 2270, actual label: 0, predicted: 0
iter: 20, sample_no: 540, actual label: 0, predicted: 0
iter: 21, sample_no: 534, actual label: 0, predicted: 0
iter: 22, sample_no: 2147, actual label: 0, predicted: 0
iter: 23, sample_no: 1493, actual label: 0, predicted: 0
iter: 24, sample_no: 703, actual label: 0, predicted: 0
number of samples: 2507
AUC 0.9975113090825961
pos_get 121
total recall stop_at 1.0
@@@ C - Repeat number: 6
@@@ D - common_header:  {'F117', 'F116', 'category', 'F110', 'F115', 'F120'}
   F116 F117                 F120  F110  F115
1  -0.5  0.0  0.15591308057414213  -1.0  -1.0
2  -0.5  0.0  0.15591308057414213  -1.0  -1.0
3  -0.5  0.0  0.15591308057414213  -1.0  -1.0
;.;
   F116  F117  F120  F110  F115
0  0.25   0.0   1.0   0.0   0.0
1  0.25   0.0   1.0   0.0   0.0
2  0.25   0.0   1.0   0.0   0.0
training_x: (2479, 5)
training_y: 2479
testset_x: (2507, 5)
testset_y: 2507
              precision    recall  f1-score   support

           0       1.00      0.99      0.99      2386
           1       0.81      0.95      0.87       121

    accuracy                           0.99      2507
   macro avg       0.90      0.97      0.93      2507
weighted avg       0.99      0.99      0.99      2507

accuracy: 0.9868368568009573
0.8745247148288974
@@@ tn: 2359, fp: 27, fn: 6, tp: 115
@@@ LIME - Creating explainer
@@@ LIME - Random Sampling of Instances
iter: 0, sample_no: 1361, actual label: 0, predicted: 0
iter: 1, sample_no: 30, actual label: 0, predicted: 0
iter: 2, sample_no: 1469, actual label: 0, predicted: 0
iter: 3, sample_no: 613, actual label: 0, predicted: 0
iter: 4, sample_no: 667, actual label: 0, predicted: 0
iter: 5, sample_no: 77, actual label: 0, predicted: 0
iter: 6, sample_no: 1086, actual label: 0, predicted: 0
iter: 7, sample_no: 1999, actual label: 0, predicted: 0
iter: 8, sample_no: 171, actual label: 0, predicted: 0
iter: 9, sample_no: 1908, actual label: 0, predicted: 0
iter: 10, sample_no: 1579, actual label: 0, predicted: 0
iter: 11, sample_no: 1455, actual label: 1, predicted: 1
iter: 12, sample_no: 1812, actual label: 0, predicted: 0
iter: 13, sample_no: 945, actual label: 0, predicted: 0
iter: 14, sample_no: 1971, actual label: 0, predicted: 0
iter: 15, sample_no: 207, actual label: 0, predicted: 0
iter: 16, sample_no: 2283, actual label: 0, predicted: 0
iter: 17, sample_no: 513, actual label: 0, predicted: 0
iter: 18, sample_no: 1960, actual label: 0, predicted: 0
iter: 19, sample_no: 1215, actual label: 0, predicted: 0
iter: 20, sample_no: 1956, actual label: 0, predicted: 0
iter: 21, sample_no: 856, actual label: 0, predicted: 0
iter: 22, sample_no: 2360, actual label: 0, predicted: 0
iter: 23, sample_no: 20, actual label: 0, predicted: 0
iter: 24, sample_no: 2106, actual label: 0, predicted: 0
number of samples: 2507
AUC 0.9975113090825962
pos_get 121
total recall stop_at 1.0
@@@ C - Repeat number: 7
@@@ D - common_header:  {'F117', 'F116', 'category', 'F110', 'F115', 'F120'}
   F116 F117                 F120  F110  F115
1  -0.5  0.0  0.15591308057414213  -1.0  -1.0
2  -0.5  0.0  0.15591308057414213  -1.0  -1.0
3  -0.5  0.0  0.15591308057414213  -1.0  -1.0
;.;
   F116  F117  F120  F110  F115
0  0.25   0.0   1.0   0.0   0.0
1  0.25   0.0   1.0   0.0   0.0
2  0.25   0.0   1.0   0.0   0.0
training_x: (2479, 5)
training_y: 2479
testset_x: (2507, 5)
testset_y: 2507
              precision    recall  f1-score   support

           0       1.00      0.99      0.99      2386
           1       0.81      0.95      0.87       121

    accuracy                           0.99      2507
   macro avg       0.90      0.97      0.93      2507
weighted avg       0.99      0.99      0.99      2507

accuracy: 0.9868368568009573
0.8745247148288974
@@@ tn: 2359, fp: 27, fn: 6, tp: 115
@@@ LIME - Creating explainer
@@@ LIME - Random Sampling of Instances
iter: 0, sample_no: 1709, actual label: 0, predicted: 0
iter: 1, sample_no: 1847, actual label: 0, predicted: 0
iter: 2, sample_no: 1533, actual label: 0, predicted: 0
iter: 3, sample_no: 431, actual label: 0, predicted: 0
iter: 4, sample_no: 584, actual label: 0, predicted: 0
iter: 5, sample_no: 2031, actual label: 0, predicted: 0
iter: 6, sample_no: 893, actual label: 0, predicted: 0
iter: 7, sample_no: 92, actual label: 0, predicted: 0
iter: 8, sample_no: 2442, actual label: 0, predicted: 0
iter: 9, sample_no: 1418, actual label: 0, predicted: 0
iter: 10, sample_no: 748, actual label: 0, predicted: 0
iter: 11, sample_no: 813, actual label: 0, predicted: 0
iter: 12, sample_no: 695, actual label: 0, predicted: 0
iter: 13, sample_no: 1552, actual label: 0, predicted: 0
iter: 14, sample_no: 106, actual label: 0, predicted: 0
iter: 15, sample_no: 2168, actual label: 0, predicted: 0
iter: 16, sample_no: 1911, actual label: 0, predicted: 0
iter: 17, sample_no: 432, actual label: 0, predicted: 0
iter: 18, sample_no: 1572, actual label: 0, predicted: 0
iter: 19, sample_no: 1330, actual label: 0, predicted: 0
iter: 20, sample_no: 433, actual label: 1, predicted: 1
iter: 21, sample_no: 2295, actual label: 0, predicted: 0
iter: 22, sample_no: 605, actual label: 0, predicted: 0
iter: 23, sample_no: 2021, actual label: 0, predicted: 0
iter: 24, sample_no: 2054, actual label: 0, predicted: 0
number of samples: 2507
AUC 0.9975113090825962
pos_get 121
total recall stop_at 1.0
@@@ C - Repeat number: 8
@@@ D - common_header:  {'F117', 'F116', 'category', 'F110', 'F115', 'F120'}
   F116 F117                 F120  F110  F115
1  -0.5  0.0  0.15591308057414213  -1.0  -1.0
2  -0.5  0.0  0.15591308057414213  -1.0  -1.0
3  -0.5  0.0  0.15591308057414213  -1.0  -1.0
;.;
   F116  F117  F120  F110  F115
0  0.25   0.0   1.0   0.0   0.0
1  0.25   0.0   1.0   0.0   0.0
2  0.25   0.0   1.0   0.0   0.0
training_x: (2479, 5)
training_y: 2479
testset_x: (2507, 5)
testset_y: 2507
              precision    recall  f1-score   support

           0       1.00      0.99      0.99      2386
           1       0.81      0.95      0.87       121

    accuracy                           0.99      2507
   macro avg       0.90      0.97      0.93      2507
weighted avg       0.99      0.99      0.99      2507

accuracy: 0.9868368568009573
0.8745247148288974
@@@ tn: 2359, fp: 27, fn: 6, tp: 115
@@@ LIME - Creating explainer
@@@ LIME - Random Sampling of Instances
iter: 0, sample_no: 1504, actual label: 0, predicted: 0
iter: 1, sample_no: 2035, actual label: 0, predicted: 0
iter: 2, sample_no: 1063, actual label: 0, predicted: 0
iter: 3, sample_no: 632, actual label: 0, predicted: 0
iter: 4, sample_no: 1251, actual label: 0, predicted: 0
iter: 5, sample_no: 899, actual label: 0, predicted: 0
iter: 6, sample_no: 50, actual label: 0, predicted: 0
iter: 7, sample_no: 391, actual label: 0, predicted: 0
iter: 8, sample_no: 616, actual label: 0, predicted: 0
iter: 9, sample_no: 1834, actual label: 0, predicted: 0
iter: 10, sample_no: 1635, actual label: 1, predicted: 1
iter: 11, sample_no: 362, actual label: 0, predicted: 0
iter: 12, sample_no: 1156, actual label: 0, predicted: 0
iter: 13, sample_no: 1950, actual label: 0, predicted: 0
iter: 14, sample_no: 2330, actual label: 0, predicted: 0
iter: 15, sample_no: 2434, actual label: 0, predicted: 0
iter: 16, sample_no: 1742, actual label: 0, predicted: 0
iter: 17, sample_no: 1062, actual label: 0, predicted: 0
iter: 18, sample_no: 1108, actual label: 0, predicted: 0
iter: 19, sample_no: 24, actual label: 0, predicted: 0
iter: 20, sample_no: 2248, actual label: 0, predicted: 0
iter: 21, sample_no: 1905, actual label: 0, predicted: 0
iter: 22, sample_no: 4, actual label: 0, predicted: 0
iter: 23, sample_no: 1790, actual label: 0, predicted: 0
iter: 24, sample_no: 413, actual label: 1, predicted: 1
number of samples: 2507
AUC 0.9975113090825961
pos_get 121
total recall stop_at 1.0
@@@ C - Repeat number: 9
@@@ D - common_header:  {'F117', 'F116', 'category', 'F110', 'F115', 'F120'}
   F116 F117                 F120  F110  F115
1  -0.5  0.0  0.15591308057414213  -1.0  -1.0
2  -0.5  0.0  0.15591308057414213  -1.0  -1.0
3  -0.5  0.0  0.15591308057414213  -1.0  -1.0
;.;
   F116  F117  F120  F110  F115
0  0.25   0.0   1.0   0.0   0.0
1  0.25   0.0   1.0   0.0   0.0
2  0.25   0.0   1.0   0.0   0.0
training_x: (2479, 5)
training_y: 2479
testset_x: (2507, 5)
testset_y: 2507
              precision    recall  f1-score   support

           0       1.00      0.99      0.99      2386
           1       0.81      0.95      0.87       121

    accuracy                           0.99      2507
   macro avg       0.90      0.97      0.93      2507
weighted avg       0.99      0.99      0.99      2507

accuracy: 0.9868368568009573
0.8745247148288974
@@@ tn: 2359, fp: 27, fn: 6, tp: 115
@@@ LIME - Creating explainer
@@@ LIME - Random Sampling of Instances
iter: 0, sample_no: 2105, actual label: 0, predicted: 0
iter: 1, sample_no: 1797, actual label: 0, predicted: 0
iter: 2, sample_no: 1579, actual label: 0, predicted: 0
iter: 3, sample_no: 1462, actual label: 0, predicted: 0
iter: 4, sample_no: 1766, actual label: 0, predicted: 0
iter: 5, sample_no: 2335, actual label: 0, predicted: 0
iter: 6, sample_no: 2062, actual label: 0, predicted: 0
iter: 7, sample_no: 104, actual label: 0, predicted: 0
iter: 8, sample_no: 19, actual label: 0, predicted: 0
iter: 9, sample_no: 1624, actual label: 1, predicted: 1
iter: 10, sample_no: 911, actual label: 0, predicted: 1
iter: 11, sample_no: 2063, actual label: 0, predicted: 0
iter: 12, sample_no: 2318, actual label: 0, predicted: 0
iter: 13, sample_no: 2114, actual label: 0, predicted: 0
iter: 14, sample_no: 2164, actual label: 0, predicted: 0
iter: 15, sample_no: 842, actual label: 0, predicted: 0
iter: 16, sample_no: 759, actual label: 0, predicted: 0
iter: 17, sample_no: 1132, actual label: 0, predicted: 0
iter: 18, sample_no: 1426, actual label: 1, predicted: 1
iter: 19, sample_no: 1065, actual label: 0, predicted: 0
iter: 20, sample_no: 1385, actual label: 0, predicted: 0
iter: 21, sample_no: 2042, actual label: 0, predicted: 0
iter: 22, sample_no: 156, actual label: 0, predicted: 0
iter: 23, sample_no: 1081, actual label: 0, predicted: 0
iter: 24, sample_no: 2464, actual label: 0, predicted: 0
number of samples: 2507
AUC 0.9975113090825961
pos_get 121
total recall stop_at 1.0
@@@ C - Repeat number: 10
@@@ D - common_header:  {'F117', 'F116', 'category', 'F110', 'F115', 'F120'}
   F116 F117                 F120  F110  F115
1  -0.5  0.0  0.15591308057414213  -1.0  -1.0
2  -0.5  0.0  0.15591308057414213  -1.0  -1.0
3  -0.5  0.0  0.15591308057414213  -1.0  -1.0
;.;
   F116  F117  F120  F110  F115
0  0.25   0.0   1.0   0.0   0.0
1  0.25   0.0   1.0   0.0   0.0
2  0.25   0.0   1.0   0.0   0.0
training_x: (2479, 5)
training_y: 2479
testset_x: (2507, 5)
testset_y: 2507
              precision    recall  f1-score   support

           0       1.00      0.99      0.99      2386
           1       0.81      0.95      0.87       121

    accuracy                           0.99      2507
   macro avg       0.90      0.97      0.93      2507
weighted avg       0.99      0.99      0.99      2507

accuracy: 0.9868368568009573
0.8745247148288974
@@@ tn: 2359, fp: 27, fn: 6, tp: 115
@@@ LIME - Creating explainer
@@@ LIME - Random Sampling of Instances
iter: 0, sample_no: 1692, actual label: 0, predicted: 0
iter: 1, sample_no: 2285, actual label: 1, predicted: 1
iter: 2, sample_no: 1926, actual label: 0, predicted: 0
iter: 3, sample_no: 1482, actual label: 0, predicted: 0
iter: 4, sample_no: 1083, actual label: 0, predicted: 0
iter: 5, sample_no: 1512, actual label: 0, predicted: 0
iter: 6, sample_no: 1281, actual label: 0, predicted: 0
iter: 7, sample_no: 240, actual label: 0, predicted: 0
iter: 8, sample_no: 145, actual label: 0, predicted: 0
iter: 9, sample_no: 1180, actual label: 0, predicted: 0
iter: 10, sample_no: 1944, actual label: 0, predicted: 0
iter: 11, sample_no: 699, actual label: 0, predicted: 0
iter: 12, sample_no: 1116, actual label: 0, predicted: 0
iter: 13, sample_no: 2422, actual label: 0, predicted: 0
iter: 14, sample_no: 27, actual label: 0, predicted: 0
iter: 15, sample_no: 1842, actual label: 0, predicted: 0
iter: 16, sample_no: 204, actual label: 0, predicted: 0
iter: 17, sample_no: 693, actual label: 0, predicted: 0
iter: 18, sample_no: 186, actual label: 0, predicted: 0
iter: 19, sample_no: 2458, actual label: 0, predicted: 0
iter: 20, sample_no: 1513, actual label: 0, predicted: 0
iter: 21, sample_no: 443, actual label: 0, predicted: 0
iter: 22, sample_no: 870, actual label: 0, predicted: 0
iter: 23, sample_no: 627, actual label: 0, predicted: 0
iter: 24, sample_no: 2400, actual label: 0, predicted: 0
number of samples: 2507
AUC 0.9975113090825962
pos_get 121
total recall stop_at 1.0
----------threshold stop at----------: 1
AUC [0.9975113090825962, 0.9975113090825962, 0.9975113090825962, 0.9975113090825961, 0.9975113090825961, 0.9975113090825962, 0.9975113090825962, 0.9975113090825961, 0.9975113090825961, 0.9975113090825962]
AUC_median 0.9975113090825962
AUC_iqr 1.1102230246251565e-16
cost [0.1559633027522936, 0.1559633027522936, 0.1559633027522936, 0.1559633027522936, 0.1559633027522936, 0.1559633027522936, 0.1559633027522936, 0.1559633027522936, 0.1559633027522936, 0.1559633027522936]
COST_med 0.1559633027522936
COST_iqr 0.0
f1_pos_list [np.float64(0.8745247148288974), np.float64(0.8745247148288974), np.float64(0.8745247148288974), np.float64(0.8745247148288974), np.float64(0.8745247148288974), np.float64(0.8745247148288974), np.float64(0.8745247148288974), np.float64(0.8745247148288974), np.float64(0.8745247148288974), np.float64(0.8745247148288974)]
f1_pos_med 0.8745247148288974
total_tn 23590
total_fp 270
total_fn 60
total_tp 1150
p= 0.8098591549295775
r= 0.9504132231404959
f= 0.8745247148288974
